[2025-06-25T21:38:56.485+0000] {taskinstance.py:1956} INFO - Dependencies all met for dep_context=non-requeueable deps ti=<TaskInstance: northwind.carregamento_postgres manual__2025-06-25T21:38:00.528216+00:00 [queued]>
[2025-06-25T21:38:56.498+0000] {taskinstance.py:1956} INFO - Dependencies all met for dep_context=requeueable deps ti=<TaskInstance: northwind.carregamento_postgres manual__2025-06-25T21:38:00.528216+00:00 [queued]>
[2025-06-25T21:38:56.499+0000] {taskinstance.py:2170} INFO - Starting attempt 1 of 2
[2025-06-25T21:38:56.517+0000] {taskinstance.py:2191} INFO - Executing <Task(DockerOperator): carregamento_postgres> on 2025-06-25 21:38:00.528216+00:00
[2025-06-25T21:38:56.522+0000] {standard_task_runner.py:60} INFO - Started process 218 to run task
[2025-06-25T21:38:56.527+0000] {standard_task_runner.py:87} INFO - Running: ['***', 'tasks', 'run', 'northwind', 'carregamento_postgres', 'manual__2025-06-25T21:38:00.528216+00:00', '--job-id', '214', '--raw', '--subdir', 'DAGS_FOLDER/dag.py', '--cfg-path', '/tmp/tmp6rrrield']
[2025-06-25T21:38:56.529+0000] {standard_task_runner.py:88} INFO - Job 214: Subtask carregamento_postgres
[2025-06-25T21:38:56.581+0000] {task_command.py:423} INFO - Running <TaskInstance: northwind.carregamento_postgres manual__2025-06-25T21:38:00.528216+00:00 [running]> on host 6afc1f3750fb
[2025-06-25T21:38:56.710+0000] {taskinstance.py:2480} INFO - Exporting env vars: AIRFLOW_CTX_DAG_EMAIL='lrbf@cin.ufpe.br' AIRFLOW_CTX_DAG_OWNER='***' AIRFLOW_CTX_DAG_ID='northwind' AIRFLOW_CTX_TASK_ID='carregamento_postgres' AIRFLOW_CTX_EXECUTION_DATE='2025-06-25T21:38:00.528216+00:00' AIRFLOW_CTX_TRY_NUMBER='1' AIRFLOW_CTX_DAG_RUN_ID='manual__2025-06-25T21:38:00.528216+00:00'
[2025-06-25T21:38:56.888+0000] {docker.py:359} INFO - Starting docker container from image meltano:latest
[2025-06-25T21:38:57.203+0000] {docker.py:429} INFO - Running meltano install...
[2025-06-25T21:38:58.833+0000] {docker.py:429} INFO - [2m2025-06-25T21:38:58.832531Z[0m [[32m[1minfo     [0m] [1mInstalling 7 plugins          [0m
[2025-06-25T21:38:58.855+0000] {docker.py:429} INFO - [2m2025-06-25T21:38:58.855000Z[0m [[32m[1minfo     [0m] [1mInstalling extractor 'tap-postgres'[0m
[2025-06-25T21:38:58.885+0000] {docker.py:429} INFO - [2m2025-06-25T21:38:58.884741Z[0m [[32m[1minfo     [0m] [1mInstalling extractor 'tap-csv'[0m
[2025-06-25T21:38:58.917+0000] {docker.py:429} INFO - [2m2025-06-25T21:38:58.916235Z[0m [[32m[1minfo     [0m] [1mInstalling extractor 'tap-csv-latest'[0m
[2025-06-25T21:38:58.953+0000] {docker.py:429} INFO - [2m2025-06-25T21:38:58.952647Z[0m [[32m[1minfo     [0m] [1mInstalling loader 'target-postgres'[0m
[2025-06-25T21:38:58.991+0000] {docker.py:429} INFO - [2m2025-06-25T21:38:58.990632Z[0m [[32m[1minfo     [0m] [1mInstalling loader 'target-csv'[0m
[2025-06-25T21:38:59.039+0000] {docker.py:429} INFO - [2m2025-06-25T21:38:59.038324Z[0m [[32m[1minfo     [0m] [1mInstalling loader 'target-csv-postgres'[0m
[2025-06-25T21:38:59.083+0000] {docker.py:429} INFO - [2m2025-06-25T21:38:59.081766Z[0m [[32m[1minfo     [0m] [1mInstalling loader 'target-csv-csv'[0m
[2025-06-25T21:39:01.061+0000] {docker.py:429} INFO - [2m2025-06-25T21:39:01.060429Z[0m [[32m[1minfo     [0m] [1mInstalled loader 'target-postgres'[0m
[2025-06-25T21:39:01.064+0000] {docker.py:429} INFO - [2m2025-06-25T21:39:01.062961Z[0m [[32m[1minfo     [0m] [1mInstalled extractor 'tap-postgres'[0m
[2025-06-25T21:39:07.015+0000] {docker.py:429} INFO - [2m2025-06-25T21:39:07.014237Z[0m [[32m[1minfo     [0m] [1mInstalled extractor 'tap-csv' [0m
[2025-06-25T21:39:07.072+0000] {docker.py:429} INFO - [2m2025-06-25T21:39:07.071265Z[0m [[32m[1minfo     [0m] [1mInstalled extractor 'tap-csv-latest'[0m
[2025-06-25T21:39:07.603+0000] {docker.py:429} INFO - [2m2025-06-25T21:39:07.602843Z[0m [[32m[1minfo     [0m] [1mInstalled loader 'target-csv-csv'[0m
[2025-06-25T21:39:07.751+0000] {docker.py:429} INFO - [2m2025-06-25T21:39:07.750979Z[0m [[32m[1minfo     [0m] [1mInstalled loader 'target-csv-postgres'[0m
[2025-06-25T21:39:07.801+0000] {docker.py:429} INFO - [2m2025-06-25T21:39:07.799681Z[0m [[32m[1minfo     [0m] [1mInstalled loader 'target-csv' [0m
[2025-06-25T21:39:07.801+0000] {docker.py:429} INFO - [2m2025-06-25T21:39:07.800269Z[0m [[32m[1minfo     [0m] [1mInstalled 7/7 plugins         [0m
[2025-06-25T21:39:06.274+0000] {docker.py:429} INFO - Meltano install completed. Executing command: echo "{"""f"i"l"e"s""":" "["]"}" > /tmp/tap_csv_latest_config.json && echo "{"""h"o"s"t""":" """d"b"_"t"a"r"g"e"t"""," """p"o"r"t""":" "5"4"3"2"," """u"s"e"r""":" """p"o"s"t"g"r"e"s"""," """p"a"s"s"w"o"r"d""":" """B"&"t"0"3"4"6"8"5"9"7"0"""," """d"a"t"a"b"a"s"e""":" """n"o"r"t"h"w"i"n"d"_"f"i"n"a"l"""," """d"e"f"a"u"l"t"_"t"a"r"g"e"t"_"s"c"h"e"m"a""":" """p"u"b"l"i"c"""," """d"i"a"l"e"c"t"+"d"r"i"v"e"r""":" """p"o"s"t"g"r"e"s"q"l"+"p"s"y"c"o"p"g"2"""}" > /tmp/target_postgres_config.json && meltano el tap-csv-latest --config-file /tmp/tap_csv_latest_config.json target-postgres --config-file /tmp/target_postgres_config.json
[2025-06-25T21:39:06.289+0000] {docker.py:429} INFO - "{"""f"i"l"e"s""":" "["]"}" > /tmp/tap_csv_latest_config.json && echo "{"""h"o"s"t""":" """d"b"_"t"a"r"g"e"t"""," """p"o"r"t""":" "5"4"3"2"," """u"s"e"r""":" """p"o"s"t"g"r"e"s"""," """p"a"s"s"w"o"r"d""":" """B"&"t"0"3"4"6"8"5"9"7"0"""," """d"a"t"a"b"a"s"e""":" """n"o"r"t"h"w"i"n"d"_"f"i"n"a"l"""," """d"e"f"a"u"l"t"_"t"a"r"g"e"t"_"s"c"h"e"m"a""":" """p"u"b"l"i"c"""," """d"i"a"l"e"c"t"+"d"r"i"v"e"r""":" """p"o"s"t"g"r"e"s"q"l"+"p"s"y"c"o"p"g"2"""}" > /tmp/target_postgres_config.json && meltano el tap-csv-latest --config-file /tmp/tap_csv_latest_config.json target-postgres --config-file /tmp/target_postgres_config.json
[2025-06-25T21:39:06.537+0000] {taskinstance.py:1138} INFO - Marking task as SUCCESS. dag_id=northwind, task_id=carregamento_postgres, execution_date=20250625T213800, start_date=20250625T213856, end_date=20250625T213906
[2025-06-25T21:39:06.574+0000] {local_task_job_runner.py:234} INFO - Task exited with return code 0
[2025-06-25T21:39:06.588+0000] {taskinstance.py:3280} INFO - 0 downstream tasks scheduled from follow-on schedule check
