[2025-07-09T20:26:06.371+0000] {taskinstance.py:1956} INFO - Dependencies all met for dep_context=non-requeueable deps ti=<TaskInstance: northwind.extração_csv manual__2025-07-09T20:23:30.276400+00:00 [queued]>
[2025-07-09T20:26:06.441+0000] {taskinstance.py:1956} INFO - Dependencies all met for dep_context=requeueable deps ti=<TaskInstance: northwind.extração_csv manual__2025-07-09T20:23:30.276400+00:00 [queued]>
[2025-07-09T20:26:06.443+0000] {taskinstance.py:2170} INFO - Starting attempt 1 of 2
[2025-07-09T20:26:06.562+0000] {taskinstance.py:2191} INFO - Executing <Task(DockerOperator): extração_csv> on 2025-07-09 20:23:30.276400+00:00
[2025-07-09T20:26:06.613+0000] {standard_task_runner.py:60} INFO - Started process 207 to run task
[2025-07-09T20:26:06.650+0000] {standard_task_runner.py:87} INFO - Running: ['***', 'tasks', 'run', 'northwind', 'extração_csv', 'manual__2025-07-09T20:23:30.276400+00:00', '--job-id', '84', '--raw', '--subdir', 'DAGS_FOLDER/northwind.py', '--cfg-path', '/tmp/tmp2im1tsnf']
[2025-07-09T20:26:06.668+0000] {standard_task_runner.py:88} INFO - Job 84: Subtask extração_csv
[2025-07-09T20:26:07.050+0000] {task_command.py:423} INFO - Running <TaskInstance: northwind.extração_csv manual__2025-07-09T20:23:30.276400+00:00 [running]> on host 9d65785a077b
[2025-07-09T20:26:07.715+0000] {taskinstance.py:2480} INFO - Exporting env vars: AIRFLOW_CTX_DAG_EMAIL='lrbf@cin.ufpe.br' AIRFLOW_CTX_DAG_OWNER='***' AIRFLOW_CTX_DAG_ID='northwind' AIRFLOW_CTX_TASK_ID='extração_csv' AIRFLOW_CTX_EXECUTION_DATE='2025-07-09T20:23:30.276400+00:00' AIRFLOW_CTX_TRY_NUMBER='1' AIRFLOW_CTX_DAG_RUN_ID='manual__2025-07-09T20:23:30.276400+00:00'
[2025-07-09T20:26:08.325+0000] {docker.py:359} INFO - Starting docker container from image meltano:latest
[2025-07-09T20:26:10.621+0000] {docker.py:429} INFO - Running meltano install...
[2025-07-09T20:26:25.507+0000] {docker.py:429} INFO - [2m2025-07-09T20:26:25.501757Z[0m [[32m[1minfo     [0m] [1mInstalling 7 plugins          [0m
[2025-07-09T20:26:25.689+0000] {docker.py:429} INFO - [2m2025-07-09T20:26:25.684604Z[0m [[32m[1minfo     [0m] [1mInstalling extractor 'tap-postgres'[0m
[2025-07-09T20:26:25.936+0000] {docker.py:429} INFO - [2m2025-07-09T20:26:25.931205Z[0m [[32m[1minfo     [0m] [1mInstalling extractor 'tap-csv'[0m
[2025-07-09T20:26:26.637+0000] {docker.py:429} INFO - [2m2025-07-09T20:26:26.599717Z[0m [[32m[1minfo     [0m] [1mInstalling extractor 'tap-csv-latest'[0m
[2025-07-09T20:26:27.234+0000] {docker.py:429} INFO - [2m2025-07-09T20:26:27.213009Z[0m [[32m[1minfo     [0m] [1mInstalling loader 'target-postgres'[0m
[2025-07-09T20:26:27.851+0000] {docker.py:429} INFO - [2m2025-07-09T20:26:27.835878Z[0m [[32m[1minfo     [0m] [1mInstalling loader 'target-csv'[0m
[2025-07-09T20:26:28.442+0000] {docker.py:429} INFO - [2m2025-07-09T20:26:28.437576Z[0m [[32m[1minfo     [0m] [1mInstalling loader 'target-csv-postgres'[0m
[2025-07-09T20:26:29.033+0000] {docker.py:429} INFO - [2m2025-07-09T20:26:29.021711Z[0m [[32m[1minfo     [0m] [1mInstalling loader 'target-csv-csv'[0m
[2025-07-09T20:26:41.678+0000] {docker.py:429} INFO - [2m2025-07-09T20:26:41.669581Z[0m [[32m[1minfo     [0m] [1mInstalled extractor 'tap-postgres'[0m
[2025-07-09T20:26:39.771+0000] {docker.py:429} INFO - [2m2025-07-09T20:26:39.766148Z[0m [[32m[1minfo     [0m] [1mInstalled loader 'target-postgres'[0m
[2025-07-09T20:27:10.543+0000] {docker.py:429} INFO - [2m2025-07-09T20:27:10.536849Z[0m [[32m[1minfo     [0m] [1mInstalled extractor 'tap-csv' [0m
[2025-07-09T20:27:10.566+0000] {docker.py:429} INFO - [2m2025-07-09T20:27:10.558657Z[0m [[32m[1minfo     [0m] [1mInstalled extractor 'tap-csv-latest'[0m
[2025-07-09T20:27:16.496+0000] {docker.py:429} INFO - [2m2025-07-09T20:27:16.492212Z[0m [[32m[1minfo     [0m] [1mInstalled loader 'target-csv' [0m
[2025-07-09T20:27:18.356+0000] {docker.py:429} INFO - [2m2025-07-09T20:27:18.352600Z[0m [[32m[1minfo     [0m] [1mInstalled loader 'target-csv-csv'[0m
[2025-07-09T20:27:19.300+0000] {docker.py:429} INFO - [2m2025-07-09T20:27:19.296277Z[0m [[32m[1minfo     [0m] [1mInstalled loader 'target-csv-postgres'[0m
[2025-07-09T20:27:19.305+0000] {docker.py:429} INFO - [2m2025-07-09T20:27:19.300072Z[0m [[32m[1minfo     [0m] [1mInstalled 7/7 plugins         [0m
[2025-07-09T20:27:21.853+0000] {docker.py:429} INFO - Meltano install completed. Executing command: meltano el tap-csv target-csv-csv
[2025-07-09T20:27:35.596+0000] {docker.py:429} INFO - [2m2025-07-09T20:27:35.590129Z[0m [[32m[1minfo     [0m] [1mEnvironment 'dev' is active   [0m
[2025-07-09T20:27:39.892+0000] {docker.py:429} INFO - [2m2025-07-09T20:27:39.885730Z[0m [[32m[1minfo     [0m] [1mRunning extract & load...     [0m [36mname[0m=[35mmeltano[0m [36mrun_id[0m=[35m13bcf034-d373-4d78-8490-588174a15ac0[0m [36mstate_id[0m=[35m2025-07-09T202737--tap-csv--target-csv-csv[0m
[2025-07-09T20:27:48.778+0000] {docker.py:429} INFO - [2m2025-07-09T20:27:48.771618Z[0m [[32m[1minfo     [0m] [1mINFO Sending version information to singer.io. To disable sending anonymous usage data, set the config parameter "disable_collection" to true[0m [36mcmd_type[0m=[35mloader[0m [36mname[0m=[35mtarget-csv-csv[0m [36mrun_id[0m=[35m13bcf034-d373-4d78-8490-588174a15ac0[0m [36mstate_id[0m=[35m2025-07-09T202737--tap-csv--target-csv-csv[0m [36mstdio[0m=[35mstderr[0m
[2025-07-09T20:27:51.977+0000] {docker.py:429} INFO - [2m2025-07-09T20:27:51.972730Z[0m [[32m[1minfo     [0m] [1m/opt/meltano/.meltano/extractors/tap-csv/venv/lib/python3.9/site-packages/singer_sdk/tap_base.py:516: SingerSDKDeprecationWarning: Passing a catalog file path is deprecated. Please pass the catalog as a dictionary or Catalog object instead.[0m [36mcmd_type[0m=[35mextractor[0m [36mname[0m=[35mtap-csv[0m [36mrun_id[0m=[35m13bcf034-d373-4d78-8490-588174a15ac0[0m [36mstate_id[0m=[35m2025-07-09T202737--tap-csv--target-csv-csv[0m [36mstdio[0m=[35mstderr[0m
[2025-07-09T20:27:51.980+0000] {docker.py:429} INFO - [2m2025-07-09T20:27:51.975890Z[0m [[32m[1minfo     [0m] [1m  tap = cls(                  [0m [36mcmd_type[0m=[35mextractor[0m [36mname[0m=[35mtap-csv[0m [36mrun_id[0m=[35m13bcf034-d373-4d78-8490-588174a15ac0[0m [36mstate_id[0m=[35m2025-07-09T202737--tap-csv--target-csv-csv[0m [36mstdio[0m=[35mstderr[0m
[2025-07-09T20:27:51.983+0000] {docker.py:429} INFO - [2m2025-07-09T20:27:51.978442Z[0m [[32m[1minfo     [0m] [1m                              [0m [36mcmd_type[0m=[35mextractor[0m [36mname[0m=[35mtap-csv[0m [36mrun_id[0m=[35m13bcf034-d373-4d78-8490-588174a15ac0[0m [36mstate_id[0m=[35m2025-07-09T202737--tap-csv--target-csv-csv[0m [36mstdio[0m=[35mstderr[0m
[2025-07-09T20:27:51.985+0000] {docker.py:429} INFO - [2m2025-07-09T20:27:51.982242Z[0m [[32m[1minfo     [0m] [1mBeginning full_table sync of 'order_details'...[0m [36mcmd_type[0m=[35mextractor[0m [36mname[0m=[35mtap-csv[0m [36mrun_id[0m=[35m13bcf034-d373-4d78-8490-588174a15ac0[0m [36mstate_id[0m=[35m2025-07-09T202737--tap-csv--target-csv-csv[0m [36mstdio[0m=[35mstderr[0m
[2025-07-09T20:27:51.990+0000] {docker.py:429} INFO - [2m2025-07-09T20:27:51.986034Z[0m [[32m[1minfo     [0m] [1mTap has custom mapper. Using 1 provided map(s).[0m [36mcmd_type[0m=[35mextractor[0m [36mname[0m=[35mtap-csv[0m [36mrun_id[0m=[35m13bcf034-d373-4d78-8490-588174a15ac0[0m [36mstate_id[0m=[35m2025-07-09T202737--tap-csv--target-csv-csv[0m [36mstdio[0m=[35mstderr[0m
[2025-07-09T20:27:54.244+0000] {docker.py:429} INFO - [2m2025-07-09T20:27:54.239826Z[0m [[32m[1minfo     [0m] [1mMETRIC: {"type": "timer", "metric": "sync_duration", "value": 2.2073371410369873, "tags": {"stream": "order_details", "pid": 176, "context": {}, "status": "succeeded"}}[0m [36mcmd_type[0m=[35mextractor[0m [36mname[0m=[35mtap-csv[0m [36mrun_id[0m=[35m13bcf034-d373-4d78-8490-588174a15ac0[0m [36mstate_id[0m=[35m2025-07-09T202737--tap-csv--target-csv-csv[0m [36mstdio[0m=[35mstderr[0m
[2025-07-09T20:27:54.248+0000] {docker.py:429} INFO - [2m2025-07-09T20:27:54.242905Z[0m [[32m[1minfo     [0m] [1mMETRIC: {"type": "counter", "metric": "record_count", "value": 2155, "tags": {"stream": "order_details", "pid": 176, "context": {}}}[0m [36mcmd_type[0m=[35mextractor[0m [36mname[0m=[35mtap-csv[0m [36mrun_id[0m=[35m13bcf034-d373-4d78-8490-588174a15ac0[0m [36mstate_id[0m=[35m2025-07-09T202737--tap-csv--target-csv-csv[0m [36mstdio[0m=[35mstderr[0m
[2025-07-09T20:27:55.170+0000] {docker.py:429} INFO - [2m2025-07-09T20:27:55.166038Z[0m [[32m[1minfo     [0m] [1mUsing systemdb state backend  [0m
[2025-07-09T20:27:55.244+0000] {docker.py:429} INFO - [2m2025-07-09T20:27:55.240446Z[0m [[32m[1minfo     [0m] [1mIncremental state has been updated at 2025-07-09 20:27:55.240244+00:00.[0m
[2025-07-09T20:27:55.302+0000] {docker.py:429} INFO - [2m2025-07-09T20:27:55.297710Z[0m [[32m[1minfo     [0m] [1mExtract & load complete!      [0m [36mname[0m=[35mmeltano[0m [36mrun_id[0m=[35m13bcf034-d373-4d78-8490-588174a15ac0[0m [36mstate_id[0m=[35m2025-07-09T202737--tap-csv--target-csv-csv[0m
[2025-07-09T20:27:55.308+0000] {docker.py:429} INFO - [2m2025-07-09T20:27:55.299902Z[0m [[32m[1minfo     [0m] [1mTransformation skipped.       [0m [36mname[0m=[35mmeltano[0m [36mrun_id[0m=[35m13bcf034-d373-4d78-8490-588174a15ac0[0m [36mstate_id[0m=[35m2025-07-09T202737--tap-csv--target-csv-csv[0m
[2025-07-09T20:27:58.646+0000] {taskinstance.py:1138} INFO - Marking task as SUCCESS. dag_id=northwind, task_id=extração_csv, execution_date=20250709T202330, start_date=20250709T202606, end_date=20250709T202758
[2025-07-09T20:27:58.819+0000] {local_task_job_runner.py:234} INFO - Task exited with return code 0
[2025-07-09T20:27:59.090+0000] {taskinstance.py:3280} INFO - 1 downstream tasks scheduled from follow-on schedule check
