[2025-07-01T14:24:36.568+0000] {taskinstance.py:1956} INFO - Dependencies all met for dep_context=non-requeueable deps ti=<TaskInstance: northwind.extração_postgres manual__2025-07-01T14:04:56.539714+00:00 [queued]>
[2025-07-01T14:24:36.756+0000] {taskinstance.py:1956} INFO - Dependencies all met for dep_context=requeueable deps ti=<TaskInstance: northwind.extração_postgres manual__2025-07-01T14:04:56.539714+00:00 [queued]>
[2025-07-01T14:24:36.767+0000] {taskinstance.py:2170} INFO - Starting attempt 2 of 2
[2025-07-01T14:24:37.099+0000] {taskinstance.py:2191} INFO - Executing <Task(DockerOperator): extração_postgres> on 2025-07-01 14:04:56.539714+00:00
[2025-07-01T14:24:37.178+0000] {standard_task_runner.py:60} INFO - Started process 172 to run task
[2025-07-01T14:24:37.256+0000] {standard_task_runner.py:87} INFO - Running: ['***', 'tasks', 'run', 'northwind', 'extração_postgres', 'manual__2025-07-01T14:04:56.539714+00:00', '--job-id', '5', '--raw', '--subdir', 'DAGS_FOLDER/dag.py', '--cfg-path', '/tmp/tmpdhyelj66']
[2025-07-01T14:24:37.287+0000] {standard_task_runner.py:88} INFO - Job 5: Subtask extração_postgres
[2025-07-01T14:24:38.401+0000] {task_command.py:423} INFO - Running <TaskInstance: northwind.extração_postgres manual__2025-07-01T14:04:56.539714+00:00 [running]> on host 77dce4ddb2c8
[2025-07-01T14:24:44.759+0000] {taskinstance.py:2480} INFO - Exporting env vars: AIRFLOW_CTX_DAG_EMAIL='lrbf@cin.ufpe.br' AIRFLOW_CTX_DAG_OWNER='***' AIRFLOW_CTX_DAG_ID='northwind' AIRFLOW_CTX_TASK_ID='extração_postgres' AIRFLOW_CTX_EXECUTION_DATE='2025-07-01T14:04:56.539714+00:00' AIRFLOW_CTX_TRY_NUMBER='2' AIRFLOW_CTX_DAG_RUN_ID='manual__2025-07-01T14:04:56.539714+00:00'
[2025-07-01T14:24:49.387+0000] {docker.py:359} INFO - Starting docker container from image meltano:latest
[2025-07-01T14:24:58.502+0000] {docker.py:429} INFO - Running meltano install...
[2025-07-01T14:25:35.155+0000] {docker.py:429} INFO - [2m2025-07-01T14:25:35.147108Z[0m [[32m[1minfo     [0m] [1mInstalling 7 plugins          [0m
[2025-07-01T14:25:35.432+0000] {docker.py:429} INFO - [2m2025-07-01T14:25:35.426919Z[0m [[32m[1minfo     [0m] [1mInstalling extractor 'tap-postgres'[0m
[2025-07-01T14:25:35.786+0000] {docker.py:429} INFO - [2m2025-07-01T14:25:35.781396Z[0m [[32m[1minfo     [0m] [1mInstalling extractor 'tap-csv'[0m
[2025-07-01T14:25:36.663+0000] {docker.py:429} INFO - [2m2025-07-01T14:25:36.654517Z[0m [[32m[1minfo     [0m] [1mInstalling extractor 'tap-csv-latest'[0m
[2025-07-01T14:25:37.441+0000] {docker.py:429} INFO - [2m2025-07-01T14:25:37.428311Z[0m [[32m[1minfo     [0m] [1mInstalling loader 'target-postgres'[0m
[2025-07-01T14:25:38.049+0000] {docker.py:429} INFO - [2m2025-07-01T14:25:38.035219Z[0m [[32m[1minfo     [0m] [1mInstalling loader 'target-csv'[0m
[2025-07-01T14:25:40.308+0000] {docker.py:429} INFO - [2m2025-07-01T14:25:40.274813Z[0m [[32m[1minfo     [0m] [1mInstalling loader 'target-csv-postgres'[0m
[2025-07-01T14:25:42.671+0000] {docker.py:429} INFO - [2m2025-07-01T14:25:42.575080Z[0m [[32m[1minfo     [0m] [1mInstalling loader 'target-csv-csv'[0m
[2025-07-01T14:26:42.213+0000] {local_task_job_runner.py:121} ERROR - Received SIGTERM. Terminating subprocesses
[2025-07-01T14:26:43.982+0000] {process_utils.py:131} INFO - Sending 15 to group 172. PIDs of all processes in the group: [172]
[2025-07-01T14:26:44.439+0000] {process_utils.py:86} INFO - Sending the signal 15 to group 172
[2025-07-01T14:26:44.510+0000] {taskinstance.py:2450} ERROR - Received SIGTERM. Terminating subprocesses.
[2025-07-01T14:26:45.432+0000] {docker.py:521} INFO - Stopping docker container
