[2025-06-23T21:58:09.593+0000] {taskinstance.py:1956} INFO - Dependencies all met for dep_context=non-requeueable deps ti=<TaskInstance: northwind.extração_csv manual__2025-06-23T21:57:37.967108+00:00 [queued]>
[2025-06-23T21:58:09.605+0000] {taskinstance.py:1956} INFO - Dependencies all met for dep_context=requeueable deps ti=<TaskInstance: northwind.extração_csv manual__2025-06-23T21:57:37.967108+00:00 [queued]>
[2025-06-23T21:58:09.605+0000] {taskinstance.py:2170} INFO - Starting attempt 1 of 2
[2025-06-23T21:58:09.623+0000] {taskinstance.py:2191} INFO - Executing <Task(DockerOperator): extração_csv> on 2025-06-23 21:57:37.967108+00:00
[2025-06-23T21:58:09.629+0000] {standard_task_runner.py:60} INFO - Started process 202 to run task
[2025-06-23T21:58:09.633+0000] {standard_task_runner.py:87} INFO - Running: ['***', 'tasks', 'run', 'northwind', 'extração_csv', 'manual__2025-06-23T21:57:37.967108+00:00', '--job-id', '20', '--raw', '--subdir', 'DAGS_FOLDER/dag.py', '--cfg-path', '/tmp/tmp346i75pv']
[2025-06-23T21:58:09.635+0000] {standard_task_runner.py:88} INFO - Job 20: Subtask extração_csv
[2025-06-23T21:58:09.692+0000] {task_command.py:423} INFO - Running <TaskInstance: northwind.extração_csv manual__2025-06-23T21:57:37.967108+00:00 [running]> on host a06304be4538
[2025-06-23T21:58:09.780+0000] {taskinstance.py:2480} INFO - Exporting env vars: AIRFLOW_CTX_DAG_EMAIL='lrbf@cin.ufpe.br' AIRFLOW_CTX_DAG_OWNER='***' AIRFLOW_CTX_DAG_ID='northwind' AIRFLOW_CTX_TASK_ID='extração_csv' AIRFLOW_CTX_EXECUTION_DATE='2025-06-23T21:57:37.967108+00:00' AIRFLOW_CTX_TRY_NUMBER='1' AIRFLOW_CTX_DAG_RUN_ID='manual__2025-06-23T21:57:37.967108+00:00'
[2025-06-23T21:58:09.873+0000] {docker.py:359} INFO - Starting docker container from image indicium_pipeline-meltano:latest
[2025-06-23T21:58:10.245+0000] {docker.py:429} INFO - Running meltano install...
[2025-06-23T21:58:11.462+0000] {docker.py:429} INFO - [2m2025-06-23T21:58:11.461966Z[0m [[32m[1minfo     [0m] [1mInstalling 7 plugins          [0m
[2025-06-23T21:58:11.472+0000] {docker.py:429} INFO - [2m2025-06-23T21:58:11.471185Z[0m [[32m[1minfo     [0m] [1mInstalling extractor 'tap-postgres'[0m
[2025-06-23T21:58:11.483+0000] {docker.py:429} INFO - [2m2025-06-23T21:58:11.482371Z[0m [[32m[1minfo     [0m] [1mInstalling extractor 'tap-csv'[0m
[2025-06-23T21:58:11.501+0000] {docker.py:429} INFO - [2m2025-06-23T21:58:11.500246Z[0m [[32m[1minfo     [0m] [1mInstalling extractor 'tap-csv-latest'[0m
[2025-06-23T21:58:11.533+0000] {docker.py:429} INFO - [2m2025-06-23T21:58:11.532354Z[0m [[32m[1minfo     [0m] [1mInstalling loader 'target-postgres'[0m
[2025-06-23T21:58:11.563+0000] {docker.py:429} INFO - [2m2025-06-23T21:58:11.563173Z[0m [[32m[1minfo     [0m] [1mInstalling loader 'target-csv'[0m
[2025-06-23T21:58:11.596+0000] {docker.py:429} INFO - [2m2025-06-23T21:58:11.595230Z[0m [[32m[1minfo     [0m] [1mInstalling loader 'target-csv-postgres'[0m
[2025-06-23T21:58:11.621+0000] {docker.py:429} INFO - [2m2025-06-23T21:58:11.620770Z[0m [[32m[1minfo     [0m] [1mInstalling loader 'target-csv-csv'[0m
[2025-06-23T21:58:13.114+0000] {docker.py:429} INFO - [2m2025-06-23T21:58:13.113289Z[0m [[32m[1minfo     [0m] [1mInstalled extractor 'tap-postgres'[0m
[2025-06-23T21:58:13.239+0000] {docker.py:429} INFO - [2m2025-06-23T21:58:13.238586Z[0m [[32m[1minfo     [0m] [1mInstalled loader 'target-postgres'[0m
[2025-06-23T21:58:19.491+0000] {docker.py:429} INFO - [2m2025-06-23T21:58:19.489439Z[0m [[32m[1minfo     [0m] [1mInstalled extractor 'tap-csv-latest'[0m
[2025-06-23T21:58:19.494+0000] {docker.py:429} INFO - [2m2025-06-23T21:58:19.494237Z[0m [[32m[1minfo     [0m] [1mInstalled extractor 'tap-csv' [0m
[2025-06-23T21:58:19.878+0000] {docker.py:429} INFO - [2m2025-06-23T21:58:19.877922Z[0m [[32m[1minfo     [0m] [1mInstalled loader 'target-csv-csv'[0m
[2025-06-23T21:58:20.108+0000] {docker.py:429} INFO - [2m2025-06-23T21:58:20.107791Z[0m [[32m[1minfo     [0m] [1mInstalled loader 'target-csv-postgres'[0m
[2025-06-23T21:58:20.900+0000] {docker.py:429} INFO - [2m2025-06-23T21:58:20.899765Z[0m [[32m[1minfo     [0m] [1mInstalled loader 'target-csv' [0m
[2m2025-06-23T21:58:20.900068Z[0m [[32m[1minfo     [0m] [1mInstalled 7/7 plugins         [0m
[2025-06-23T21:58:21.931+0000] {docker.py:429} INFO - Meltano install completed. Executing command: meltano el tap-csv target-csv-csv
[2025-06-23T21:58:23.333+0000] {docker.py:429} INFO - [2m2025-06-23T21:58:23.332263Z[0m [[32m[1minfo     [0m] [1mEnvironment 'dev' is active   [0m
[2025-06-23T21:58:23.731+0000] {docker.py:429} INFO - [2m2025-06-23T21:58:23.730597Z[0m [[32m[1minfo     [0m] [1mRunning extract & load...     [0m [36mname[0m=[35mmeltano[0m [36mrun_id[0m=[35mf0b4fae4-aceb-40d1-b549-d2228227a4de[0m [36mstate_id[0m=[35m2025-06-23T215823--tap-csv--target-csv-csv[0m
[2025-06-23T21:58:25.401+0000] {docker.py:429} INFO - [2m2025-06-23T21:58:25.400213Z[0m [[32m[1minfo     [0m] [1mINFO Sending version information to singer.io. To disable sending anonymous usage data, set the config parameter "disable_collection" to true[0m [36mcmd_type[0m=[35mloader[0m [36mname[0m=[35mtarget-csv-csv[0m [36mrun_id[0m=[35mf0b4fae4-aceb-40d1-b549-d2228227a4de[0m [36mstate_id[0m=[35m2025-06-23T215823--tap-csv--target-csv-csv[0m [36mstdio[0m=[35mstderr[0m
[2025-06-23T21:58:25.615+0000] {docker.py:429} INFO - [2m2025-06-23T21:58:25.614796Z[0m [[32m[1minfo     [0m] [1mBeginning full_table sync of 'order_details'...[0m [36mcmd_type[0m=[35mextractor[0m [36mname[0m=[35mtap-csv[0m [36mrun_id[0m=[35mf0b4fae4-aceb-40d1-b549-d2228227a4de[0m [36mstate_id[0m=[35m2025-06-23T215823--tap-csv--target-csv-csv[0m [36mstdio[0m=[35mstderr[0m
[2m2025-06-23T21:58:25.615170Z[0m [[32m[1minfo     [0m] [1mTap has custom mapper. Using 1 provided map(s).[0m [36mcmd_type[0m=[35mextractor[0m [36mname[0m=[35mtap-csv[0m [36mrun_id[0m=[35mf0b4fae4-aceb-40d1-b549-d2228227a4de[0m [36mstate_id[0m=[35m2025-06-23T215823--tap-csv--target-csv-csv[0m [36mstdio[0m=[35mstderr[0m
[2025-06-23T21:58:25.794+0000] {docker.py:429} INFO - [2m2025-06-23T21:58:25.793506Z[0m [[32m[1minfo     [0m] [1mMETRIC: {"type": "timer", "metric": "sync_duration", "value": 0.1781318187713623, "tags": {"stream": "order_details", "pid": 171, "context": {}, "status": "succeeded"}}[0m [36mcmd_type[0m=[35mextractor[0m [36mname[0m=[35mtap-csv[0m [36mrun_id[0m=[35mf0b4fae4-aceb-40d1-b549-d2228227a4de[0m [36mstate_id[0m=[35m2025-06-23T215823--tap-csv--target-csv-csv[0m [36mstdio[0m=[35mstderr[0m
[2025-06-23T21:58:25.794+0000] {docker.py:429} INFO - [2m2025-06-23T21:58:25.793921Z[0m [[32m[1minfo     [0m] [1mMETRIC: {"type": "counter", "metric": "record_count", "value": 2155, "tags": {"stream": "order_details", "pid": 171, "context": {}}}[0m [36mcmd_type[0m=[35mextractor[0m [36mname[0m=[35mtap-csv[0m [36mrun_id[0m=[35mf0b4fae4-aceb-40d1-b549-d2228227a4de[0m [36mstate_id[0m=[35m2025-06-23T215823--tap-csv--target-csv-csv[0m [36mstdio[0m=[35mstderr[0m
[2025-06-23T21:58:25.914+0000] {docker.py:429} INFO - [2m2025-06-23T21:58:25.914066Z[0m [[32m[1minfo     [0m] [1mUsing systemdb state backend  [0m
[2025-06-23T21:58:25.923+0000] {docker.py:429} INFO - [2m2025-06-23T21:58:25.922666Z[0m [[32m[1minfo     [0m] [1mIncremental state has been updated at 2025-06-23 21:58:25.922626+00:00.[0m
[2025-06-23T21:58:25.927+0000] {docker.py:429} INFO - [2m2025-06-23T21:58:25.926299Z[0m [[32m[1minfo     [0m] [1mExtract & load complete!      [0m [36mname[0m=[35mmeltano[0m [36mrun_id[0m=[35mf0b4fae4-aceb-40d1-b549-d2228227a4de[0m [36mstate_id[0m=[35m2025-06-23T215823--tap-csv--target-csv-csv[0m
[2025-06-23T21:58:25.928+0000] {docker.py:429} INFO - [2m2025-06-23T21:58:25.926653Z[0m [[32m[1minfo     [0m] [1mTransformation skipped.       [0m [36mname[0m=[35mmeltano[0m [36mrun_id[0m=[35mf0b4fae4-aceb-40d1-b549-d2228227a4de[0m [36mstate_id[0m=[35m2025-06-23T215823--tap-csv--target-csv-csv[0m
[2025-06-23T21:58:27.113+0000] {taskinstance.py:1138} INFO - Marking task as SUCCESS. dag_id=northwind, task_id=extração_csv, execution_date=20250623T215737, start_date=20250623T215809, end_date=20250623T215827
[2025-06-23T21:58:27.158+0000] {local_task_job_runner.py:234} INFO - Task exited with return code 0
[2025-06-23T21:58:27.180+0000] {taskinstance.py:3280} INFO - 1 downstream tasks scheduled from follow-on schedule check
