[2025-07-10T15:10:21.809+0000] {taskinstance.py:1956} INFO - Dependencies all met for dep_context=non-requeueable deps ti=<TaskInstance: northwind.gerar_config_csv_dinamica manual__2025-07-10T15:09:46.566851+00:00 [queued]>
[2025-07-10T15:10:21.818+0000] {taskinstance.py:1956} INFO - Dependencies all met for dep_context=requeueable deps ti=<TaskInstance: northwind.gerar_config_csv_dinamica manual__2025-07-10T15:09:46.566851+00:00 [queued]>
[2025-07-10T15:10:21.819+0000] {taskinstance.py:2170} INFO - Starting attempt 1 of 2
[2025-07-10T15:10:21.832+0000] {taskinstance.py:2191} INFO - Executing <Task(DockerOperator): gerar_config_csv_dinamica> on 2025-07-10 15:09:46.566851+00:00
[2025-07-10T15:10:21.838+0000] {standard_task_runner.py:60} INFO - Started process 181 to run task
[2025-07-10T15:10:21.842+0000] {standard_task_runner.py:87} INFO - Running: ['***', 'tasks', 'run', 'northwind', 'gerar_config_csv_dinamica', 'manual__2025-07-10T15:09:46.566851+00:00', '--job-id', '99', '--raw', '--subdir', 'DAGS_FOLDER/northwind.py', '--cfg-path', '/tmp/tmpk4xm6cnv']
[2025-07-10T15:10:21.845+0000] {standard_task_runner.py:88} INFO - Job 99: Subtask gerar_config_csv_dinamica
[2025-07-10T15:10:21.899+0000] {task_command.py:423} INFO - Running <TaskInstance: northwind.gerar_config_csv_dinamica manual__2025-07-10T15:09:46.566851+00:00 [running]> on host 8ddbac0a6dc1
[2025-07-10T15:10:21.993+0000] {taskinstance.py:2480} INFO - Exporting env vars: AIRFLOW_CTX_DAG_EMAIL='lrbf@cin.ufpe.br' AIRFLOW_CTX_DAG_OWNER='***' AIRFLOW_CTX_DAG_ID='northwind' AIRFLOW_CTX_TASK_ID='gerar_config_csv_dinamica' AIRFLOW_CTX_EXECUTION_DATE='2025-07-10T15:09:46.566851+00:00' AIRFLOW_CTX_TRY_NUMBER='1' AIRFLOW_CTX_DAG_RUN_ID='manual__2025-07-10T15:09:46.566851+00:00'
[2025-07-10T15:10:22.060+0000] {docker.py:359} INFO - Starting docker container from image meltano:latest
[2025-07-10T15:10:22.413+0000] {docker.py:429} INFO - Running meltano install...
[2025-07-10T15:10:23.723+0000] {docker.py:429} INFO - [2m2025-07-10T15:10:23.722630Z[0m [[32m[1minfo     [0m] [1mInstalling 7 plugins          [0m
[2025-07-10T15:10:23.740+0000] {docker.py:429} INFO - [2m2025-07-10T15:10:23.739946Z[0m [[32m[1minfo     [0m] [1mInstalling extractor 'tap-postgres'[0m
[2025-07-10T15:10:23.764+0000] {docker.py:429} INFO - [2m2025-07-10T15:10:23.763113Z[0m [[32m[1minfo     [0m] [1mInstalling extractor 'tap-csv'[0m
[2025-07-10T15:10:23.787+0000] {docker.py:429} INFO - [2m2025-07-10T15:10:23.786203Z[0m [[32m[1minfo     [0m] [1mInstalling extractor 'tap-csv-latest'[0m
[2025-07-10T15:10:23.815+0000] {docker.py:429} INFO - [2m2025-07-10T15:10:23.814365Z[0m [[32m[1minfo     [0m] [1mInstalling loader 'target-postgres'[0m
[2025-07-10T15:10:23.850+0000] {docker.py:429} INFO - [2m2025-07-10T15:10:23.849370Z[0m [[32m[1minfo     [0m] [1mInstalling loader 'target-csv'[0m
[2025-07-10T15:10:23.896+0000] {docker.py:429} INFO - [2m2025-07-10T15:10:23.895123Z[0m [[32m[1minfo     [0m] [1mInstalling loader 'target-csv-postgres'[0m
[2025-07-10T15:10:23.941+0000] {docker.py:429} INFO - [2m2025-07-10T15:10:23.940150Z[0m [[32m[1minfo     [0m] [1mInstalling loader 'target-csv-csv'[0m
[2025-07-10T15:10:25.208+0000] {docker.py:429} INFO - [2m2025-07-10T15:10:25.207439Z[0m [[32m[1minfo     [0m] [1mInstalled extractor 'tap-postgres'[0m
[2025-07-10T15:10:25.232+0000] {docker.py:429} INFO - [2m2025-07-10T15:10:25.232218Z[0m [[32m[1minfo     [0m] [1mInstalled loader 'target-postgres'[0m
[2025-07-10T15:10:29.221+0000] {docker.py:429} INFO - [2m2025-07-10T15:10:29.220093Z[0m [[32m[1minfo     [0m] [1mInstalled extractor 'tap-csv' [0m
[2025-07-10T15:10:29.393+0000] {docker.py:429} INFO - [2m2025-07-10T15:10:29.392983Z[0m [[32m[1minfo     [0m] [1mInstalled extractor 'tap-csv-latest'[0m
[2025-07-10T15:10:29.775+0000] {docker.py:429} INFO - [2m2025-07-10T15:10:29.774604Z[0m [[32m[1minfo     [0m] [1mInstalled loader 'target-csv' [0m
[2025-07-10T15:10:30.058+0000] {docker.py:429} INFO - [2m2025-07-10T15:10:30.057215Z[0m [[32m[1minfo     [0m] [1mInstalled loader 'target-csv-csv'[0m
[2025-07-10T15:10:30.952+0000] {docker.py:429} INFO - [2m2025-07-10T15:10:30.952168Z[0m [[32m[1minfo     [0m] [1mInstalled loader 'target-csv-postgres'[0m
[2025-07-10T15:10:30.953+0000] {docker.py:429} INFO - [2m2025-07-10T15:10:30.952584Z[0m [[32m[1minfo     [0m] [1mInstalled 7/7 plugins         [0m
[2025-07-10T15:10:31.790+0000] {docker.py:429} INFO - Meltano install completed. Executing command: python /opt/meltano/scripts/generate_csv_config.py
[2025-07-10T15:10:31.830+0000] {docker.py:429} INFO - [{"entity": "order_details", "path": "/opt/output_data/csv/order_details/2025-07-10/file.csv", "keys": ["order_id", "product_id"], "delimiter": ",", "encoding": "utf-8"}, {"entity": "public-categories", "path": "/opt/output_data/postgres/public-categories/2025-07-10/file.csv", "keys": ["category_id"], "delimiter": ",", "encoding": "utf-8"}, {"entity": "public-products", "path": "/opt/output_data/postgres/public-products/2025-07-10/file.csv", "keys": ["product_id"], "delimiter": ",", "encoding": "utf-8"}, {"entity": "public-suppliers", "path": "/opt/output_data/postgres/public-suppliers/2025-07-10/file.csv", "keys": ["supplier_id"], "delimiter": ",", "encoding": "utf-8"}, {"entity": "public-orders", "path": "/opt/output_data/postgres/public-orders/2025-07-10/file.csv", "keys": ["order_id"], "delimiter": ",", "encoding": "utf-8"}, {"entity": "public-customers", "path": "/opt/output_data/postgres/public-customers/2025-07-10/file.csv", "keys": ["customer_id"], "delimiter": ",", "encoding": "utf-8"}, {"entity": "public-employees", "path": "/opt/output_data/postgres/public-employees/2025-07-10/file.csv", "keys": ["employee_id"], "delimiter": ",", "encoding": "utf-8"}, {"entity": "public-employee_territories", "path": "/opt/output_data/postgres/public-employee_territories/2025-07-10/file.csv", "keys": ["employee_id", "territory_id"], "delimiter": ",", "encoding": "utf-8"}, {"entity": "public-territories", "path": "/opt/output_data/postgres/public-territories/2025-07-10/file.csv", "keys": ["territory_id"], "delimiter": ",", "encoding": "utf-8"}, {"entity": "public-region", "path": "/opt/output_data/postgres/public-region/2025-07-10/file.csv", "keys": ["region_id"], "delimiter": ",", "encoding": "utf-8"}, {"entity": "public-shippers", "path": "/opt/output_data/postgres/public-shippers/2025-07-10/file.csv", "keys": ["shipper_id"], "delimiter": ",", "encoding": "utf-8"}, {"entity": "public-us_states", "path": "/opt/output_data/postgres/public-us_states/2025-07-10/file.csv", "keys": ["state_id"], "delimiter": ",", "encoding": "utf-8"}]
[2025-07-10T15:10:32.062+0000] {taskinstance.py:1138} INFO - Marking task as SUCCESS. dag_id=northwind, task_id=gerar_config_csv_dinamica, execution_date=20250710T150946, start_date=20250710T151021, end_date=20250710T151032
[2025-07-10T15:10:32.097+0000] {local_task_job_runner.py:234} INFO - Task exited with return code 0
[2025-07-10T15:10:32.234+0000] {taskinstance.py:3280} INFO - 1 downstream tasks scheduled from follow-on schedule check
