[2025-06-26T17:49:24.699+0000] {taskinstance.py:1956} INFO - Dependencies all met for dep_context=non-requeueable deps ti=<TaskInstance: northwind.extração_csv manual__2025-06-26T17:48:49.323327+00:00 [queued]>
[2025-06-26T17:49:24.720+0000] {taskinstance.py:1956} INFO - Dependencies all met for dep_context=requeueable deps ti=<TaskInstance: northwind.extração_csv manual__2025-06-26T17:48:49.323327+00:00 [queued]>
[2025-06-26T17:49:24.720+0000] {taskinstance.py:2170} INFO - Starting attempt 1 of 2
[2025-06-26T17:49:24.739+0000] {taskinstance.py:2191} INFO - Executing <Task(DockerOperator): extração_csv> on 2025-06-26 17:48:49.323327+00:00
[2025-06-26T17:49:24.745+0000] {standard_task_runner.py:60} INFO - Started process 240 to run task
[2025-06-26T17:49:24.749+0000] {standard_task_runner.py:87} INFO - Running: ['***', 'tasks', 'run', 'northwind', 'extração_csv', 'manual__2025-06-26T17:48:49.323327+00:00', '--job-id', '312', '--raw', '--subdir', 'DAGS_FOLDER/dag.py', '--cfg-path', '/tmp/tmpdsi5g0p8']
[2025-06-26T17:49:24.752+0000] {standard_task_runner.py:88} INFO - Job 312: Subtask extração_csv
[2025-06-26T17:49:24.819+0000] {task_command.py:423} INFO - Running <TaskInstance: northwind.extração_csv manual__2025-06-26T17:48:49.323327+00:00 [running]> on host 6afc1f3750fb
[2025-06-26T17:49:24.910+0000] {taskinstance.py:2480} INFO - Exporting env vars: AIRFLOW_CTX_DAG_EMAIL='lrbf@cin.ufpe.br' AIRFLOW_CTX_DAG_OWNER='***' AIRFLOW_CTX_DAG_ID='northwind' AIRFLOW_CTX_TASK_ID='extração_csv' AIRFLOW_CTX_EXECUTION_DATE='2025-06-26T17:48:49.323327+00:00' AIRFLOW_CTX_TRY_NUMBER='1' AIRFLOW_CTX_DAG_RUN_ID='manual__2025-06-26T17:48:49.323327+00:00'
[2025-06-26T17:49:25.085+0000] {docker.py:359} INFO - Starting docker container from image meltano:latest
[2025-06-26T17:49:25.093+0000] {docker.py:367} WARNING - Using remote engine or docker-in-docker and mounting temporary volume from host is not supported. Falling back to `mount_tmp_dir=False` mode. You can set `mount_tmp_dir` parameter to False to disable mounting and remove the warning
[2025-06-26T17:49:25.604+0000] {docker.py:429} INFO - Running meltano install...
[2025-06-26T17:49:26.821+0000] {docker.py:429} INFO - [2m2025-06-26T17:49:26.820997Z[0m [[32m[1minfo     [0m] [1mInstalling 7 plugins          [0m
[2025-06-26T17:49:26.835+0000] {docker.py:429} INFO - [2m2025-06-26T17:49:26.834538Z[0m [[32m[1minfo     [0m] [1mInstalling extractor 'tap-postgres'[0m
[2025-06-26T17:49:26.851+0000] {docker.py:429} INFO - [2m2025-06-26T17:49:26.850768Z[0m [[32m[1minfo     [0m] [1mInstalling extractor 'tap-csv'[0m
[2025-06-26T17:49:26.867+0000] {docker.py:429} INFO - [2m2025-06-26T17:49:26.866740Z[0m [[32m[1minfo     [0m] [1mInstalling extractor 'tap-csv-latest'[0m
[2025-06-26T17:49:26.893+0000] {docker.py:429} INFO - [2m2025-06-26T17:49:26.892855Z[0m [[32m[1minfo     [0m] [1mInstalling loader 'target-postgres'[0m
[2025-06-26T17:49:26.916+0000] {docker.py:429} INFO - [2m2025-06-26T17:49:26.915655Z[0m [[32m[1minfo     [0m] [1mInstalling loader 'target-csv'[0m
[2025-06-26T17:49:26.947+0000] {docker.py:429} INFO - [2m2025-06-26T17:49:26.946378Z[0m [[32m[1minfo     [0m] [1mInstalling loader 'target-csv-postgres'[0m
[2025-06-26T17:49:26.981+0000] {docker.py:429} INFO - [2m2025-06-26T17:49:26.979939Z[0m [[32m[1minfo     [0m] [1mInstalling loader 'target-csv-csv'[0m
[2025-06-26T17:49:28.835+0000] {docker.py:429} INFO - [2m2025-06-26T17:49:28.834691Z[0m [[32m[1minfo     [0m] [1mInstalled loader 'target-postgres'[0m
[2025-06-26T17:49:28.846+0000] {docker.py:429} INFO - [2m2025-06-26T17:49:28.846099Z[0m [[32m[1minfo     [0m] [1mInstalled extractor 'tap-postgres'[0m
[2025-06-26T17:49:34.048+0000] {docker.py:429} INFO - [2m2025-06-26T17:49:34.047394Z[0m [[32m[1minfo     [0m] [1mInstalled extractor 'tap-csv-latest'[0m
[2025-06-26T17:49:34.148+0000] {docker.py:429} INFO - [2m2025-06-26T17:49:34.147817Z[0m [[32m[1minfo     [0m] [1mInstalled extractor 'tap-csv' [0m
[2025-06-26T17:49:34.720+0000] {docker.py:429} INFO - [2m2025-06-26T17:49:34.719629Z[0m [[32m[1minfo     [0m] [1mInstalled loader 'target-csv' [0m
[2025-06-26T17:49:35.094+0000] {docker.py:429} INFO - [2m2025-06-26T17:49:35.093407Z[0m [[32m[1minfo     [0m] [1mInstalled loader 'target-csv-csv'[0m
[2025-06-26T17:49:35.164+0000] {docker.py:429} INFO - [2m2025-06-26T17:49:35.163772Z[0m [[32m[1minfo     [0m] [1mInstalled loader 'target-csv-postgres'[0m
[2025-06-26T17:49:35.164+0000] {docker.py:429} INFO - [2m2025-06-26T17:49:35.164083Z[0m [[32m[1minfo     [0m] [1mInstalled 7/7 plugins         [0m
[2025-06-26T17:49:36.279+0000] {docker.py:429} INFO - Meltano install completed. Executing command: meltano el tap-csv target-csv-csv
[2025-06-26T17:49:34.975+0000] {docker.py:429} INFO - [2m2025-06-26T17:49:34.974591Z[0m [[32m[1minfo     [0m] [1mEnvironment 'dev' is active   [0m
[2025-06-26T17:49:35.417+0000] {docker.py:429} INFO - [2m2025-06-26T17:49:35.416663Z[0m [[32m[1minfo     [0m] [1mRunning extract & load...     [0m [36mname[0m=[35mmeltano[0m [36mrun_id[0m=[35m26616757-1a88-47c7-bd94-5f636567098f[0m [36mstate_id[0m=[35m2025-06-26T174935--tap-csv--target-csv-csv[0m
[2025-06-26T17:49:36.637+0000] {docker.py:429} INFO - [2m2025-06-26T17:49:36.636524Z[0m [[32m[1minfo     [0m] [1mINFO Sending version information to singer.io. To disable sending anonymous usage data, set the config parameter "disable_collection" to true[0m [36mcmd_type[0m=[35mloader[0m [36mname[0m=[35mtarget-csv-csv[0m [36mrun_id[0m=[35m26616757-1a88-47c7-bd94-5f636567098f[0m [36mstate_id[0m=[35m2025-06-26T174935--tap-csv--target-csv-csv[0m [36mstdio[0m=[35mstderr[0m
[2025-06-26T17:49:36.880+0000] {docker.py:429} INFO - [2m2025-06-26T17:49:36.879881Z[0m [[32m[1minfo     [0m] [1mBeginning full_table sync of 'order_details'...[0m [36mcmd_type[0m=[35mextractor[0m [36mname[0m=[35mtap-csv[0m [36mrun_id[0m=[35m26616757-1a88-47c7-bd94-5f636567098f[0m [36mstate_id[0m=[35m2025-06-26T174935--tap-csv--target-csv-csv[0m [36mstdio[0m=[35mstderr[0m
[2025-06-26T17:49:36.881+0000] {docker.py:429} INFO - [2m2025-06-26T17:49:36.880265Z[0m [[32m[1minfo     [0m] [1mTap has custom mapper. Using 1 provided map(s).[0m [36mcmd_type[0m=[35mextractor[0m [36mname[0m=[35mtap-csv[0m [36mrun_id[0m=[35m26616757-1a88-47c7-bd94-5f636567098f[0m [36mstate_id[0m=[35m2025-06-26T174935--tap-csv--target-csv-csv[0m [36mstdio[0m=[35mstderr[0m
[2025-06-26T17:49:37.049+0000] {docker.py:429} INFO - [2m2025-06-26T17:49:37.048355Z[0m [[32m[1minfo     [0m] [1mMETRIC: {"type": "timer", "metric": "sync_duration", "value": 0.16800403594970703, "tags": {"stream": "order_details", "pid": 176, "context": {}, "status": "succeeded"}}[0m [36mcmd_type[0m=[35mextractor[0m [36mname[0m=[35mtap-csv[0m [36mrun_id[0m=[35m26616757-1a88-47c7-bd94-5f636567098f[0m [36mstate_id[0m=[35m2025-06-26T174935--tap-csv--target-csv-csv[0m [36mstdio[0m=[35mstderr[0m
[2025-06-26T17:49:37.049+0000] {docker.py:429} INFO - [2m2025-06-26T17:49:37.048846Z[0m [[32m[1minfo     [0m] [1mMETRIC: {"type": "counter", "metric": "record_count", "value": 2155, "tags": {"stream": "order_details", "pid": 176, "context": {}}}[0m [36mcmd_type[0m=[35mextractor[0m [36mname[0m=[35mtap-csv[0m [36mrun_id[0m=[35m26616757-1a88-47c7-bd94-5f636567098f[0m [36mstate_id[0m=[35m2025-06-26T174935--tap-csv--target-csv-csv[0m [36mstdio[0m=[35mstderr[0m
[2025-06-26T17:49:37.153+0000] {docker.py:429} INFO - [2m2025-06-26T17:49:37.152502Z[0m [[32m[1minfo     [0m] [1mUsing systemdb state backend  [0m
[2025-06-26T17:49:37.164+0000] {docker.py:429} INFO - [2m2025-06-26T17:49:37.163754Z[0m [[32m[1minfo     [0m] [1mIncremental state has been updated at 2025-06-26 17:49:37.163711+00:00.[0m
[2025-06-26T17:49:37.172+0000] {docker.py:429} INFO - [2m2025-06-26T17:49:37.171342Z[0m [[32m[1minfo     [0m] [1mExtract & load complete!      [0m [36mname[0m=[35mmeltano[0m [36mrun_id[0m=[35m26616757-1a88-47c7-bd94-5f636567098f[0m [36mstate_id[0m=[35m2025-06-26T174935--tap-csv--target-csv-csv[0m
[2m2025-06-26T17:49:37.171662Z[0m [[32m[1minfo     [0m] [1mTransformation skipped.       [0m [36mname[0m=[35mmeltano[0m [36mrun_id[0m=[35m26616757-1a88-47c7-bd94-5f636567098f[0m [36mstate_id[0m=[35m2025-06-26T174935--tap-csv--target-csv-csv[0m
[2025-06-26T17:49:38.433+0000] {taskinstance.py:1138} INFO - Marking task as SUCCESS. dag_id=northwind, task_id=extração_csv, execution_date=20250626T174849, start_date=20250626T174924, end_date=20250626T174938
[2025-06-26T17:49:39.914+0000] {local_task_job_runner.py:234} INFO - Task exited with return code 0
[2025-06-26T17:49:39.933+0000] {taskinstance.py:3280} INFO - 0 downstream tasks scheduled from follow-on schedule check
