[2025-07-09T22:04:46.842+0000] {taskinstance.py:1956} INFO - Dependencies all met for dep_context=non-requeueable deps ti=<TaskInstance: northwind.gerar_config_csv_dinamica manual__2025-07-09T22:04:06.468901+00:00 [queued]>
[2025-07-09T22:04:46.865+0000] {taskinstance.py:1956} INFO - Dependencies all met for dep_context=requeueable deps ti=<TaskInstance: northwind.gerar_config_csv_dinamica manual__2025-07-09T22:04:06.468901+00:00 [queued]>
[2025-07-09T22:04:46.866+0000] {taskinstance.py:2170} INFO - Starting attempt 1 of 2
[2025-07-09T22:04:46.899+0000] {taskinstance.py:2191} INFO - Executing <Task(DockerOperator): gerar_config_csv_dinamica> on 2025-07-09 22:04:06.468901+00:00
[2025-07-09T22:04:46.909+0000] {standard_task_runner.py:60} INFO - Started process 216 to run task
[2025-07-09T22:04:46.919+0000] {standard_task_runner.py:87} INFO - Running: ['***', 'tasks', 'run', 'northwind', 'gerar_config_csv_dinamica', 'manual__2025-07-09T22:04:06.468901+00:00', '--job-id', '129', '--raw', '--subdir', 'DAGS_FOLDER/northwind.py', '--cfg-path', '/tmp/tmpktk51tfq']
[2025-07-09T22:04:46.924+0000] {standard_task_runner.py:88} INFO - Job 129: Subtask gerar_config_csv_dinamica
[2025-07-09T22:04:47.036+0000] {task_command.py:423} INFO - Running <TaskInstance: northwind.gerar_config_csv_dinamica manual__2025-07-09T22:04:06.468901+00:00 [running]> on host ae92b363b970
[2025-07-09T22:04:47.244+0000] {taskinstance.py:2480} INFO - Exporting env vars: AIRFLOW_CTX_DAG_EMAIL='lrbf@cin.ufpe.br' AIRFLOW_CTX_DAG_OWNER='***' AIRFLOW_CTX_DAG_ID='northwind' AIRFLOW_CTX_TASK_ID='gerar_config_csv_dinamica' AIRFLOW_CTX_EXECUTION_DATE='2025-07-09T22:04:06.468901+00:00' AIRFLOW_CTX_TRY_NUMBER='1' AIRFLOW_CTX_DAG_RUN_ID='manual__2025-07-09T22:04:06.468901+00:00'
[2025-07-09T22:04:47.399+0000] {docker.py:359} INFO - Starting docker container from image meltano:latest
[2025-07-09T22:04:47.925+0000] {docker.py:429} INFO - Running meltano install...
[2025-07-09T22:04:49.980+0000] {docker.py:429} INFO - [2m2025-07-09T22:04:49.979635Z[0m [[32m[1minfo     [0m] [1mInstalling 7 plugins          [0m
[2025-07-09T22:04:49.996+0000] {docker.py:429} INFO - [2m2025-07-09T22:04:49.995749Z[0m [[32m[1minfo     [0m] [1mInstalling extractor 'tap-postgres'[0m
[2025-07-09T22:04:50.029+0000] {docker.py:429} INFO - [2m2025-07-09T22:04:50.028773Z[0m [[32m[1minfo     [0m] [1mInstalling extractor 'tap-csv'[0m
[2025-07-09T22:04:50.059+0000] {docker.py:429} INFO - [2m2025-07-09T22:04:50.058718Z[0m [[32m[1minfo     [0m] [1mInstalling extractor 'tap-csv-latest'[0m
[2025-07-09T22:04:50.090+0000] {docker.py:429} INFO - [2m2025-07-09T22:04:50.089726Z[0m [[32m[1minfo     [0m] [1mInstalling loader 'target-postgres'[0m
[2025-07-09T22:04:50.124+0000] {docker.py:429} INFO - [2m2025-07-09T22:04:50.123337Z[0m [[32m[1minfo     [0m] [1mInstalling loader 'target-csv'[0m
[2025-07-09T22:04:50.164+0000] {docker.py:429} INFO - [2m2025-07-09T22:04:50.160739Z[0m [[32m[1minfo     [0m] [1mInstalling loader 'target-csv-postgres'[0m
[2025-07-09T22:04:50.209+0000] {docker.py:429} INFO - [2m2025-07-09T22:04:50.208515Z[0m [[32m[1minfo     [0m] [1mInstalling loader 'target-csv-csv'[0m
[2025-07-09T22:04:51.669+0000] {docker.py:429} INFO - [2m2025-07-09T22:04:51.667528Z[0m [[32m[1minfo     [0m] [1mInstalled extractor 'tap-postgres'[0m
[2025-07-09T22:04:51.824+0000] {docker.py:429} INFO - [2m2025-07-09T22:04:51.823560Z[0m [[32m[1minfo     [0m] [1mInstalled loader 'target-postgres'[0m
[2025-07-09T22:04:56.544+0000] {docker.py:429} INFO - [2m2025-07-09T22:04:56.543824Z[0m [[32m[1minfo     [0m] [1mInstalled extractor 'tap-csv-latest'[0m
[2025-07-09T22:04:56.560+0000] {docker.py:429} INFO - [2m2025-07-09T22:04:56.559258Z[0m [[32m[1minfo     [0m] [1mInstalled extractor 'tap-csv' [0m
[2025-07-09T22:04:56.878+0000] {docker.py:429} INFO - [2m2025-07-09T22:04:56.877115Z[0m [[32m[1minfo     [0m] [1mInstalled loader 'target-csv' [0m
[2025-07-09T22:04:56.950+0000] {docker.py:429} INFO - [2m2025-07-09T22:04:56.949678Z[0m [[32m[1minfo     [0m] [1mInstalled loader 'target-csv-postgres'[0m
[2025-07-09T22:04:56.969+0000] {docker.py:429} INFO - [2m2025-07-09T22:04:56.968101Z[0m [[32m[1minfo     [0m] [1mInstalled loader 'target-csv-csv'[0m
[2m2025-07-09T22:04:56.968655Z[0m [[32m[1minfo     [0m] [1mInstalled 7/7 plugins         [0m
[2025-07-09T22:04:58.022+0000] {docker.py:429} INFO - Meltano install completed. Executing command: python /opt/meltano/scripts/generate_csv_config.py
[2025-07-09T22:04:58.087+0000] {docker.py:429} INFO - [{"entity": "order_details", "path": "/opt/output_data/csv/order_details/2025-07-09/file.csv", "keys": ["order_id", "product_id"], "delimiter": ",", "encoding": "utf-8"}, {"entity": "public-categories", "path": "/opt/output_data/postgres/public-categories/2025-07-09/file.csv", "keys": ["category_id"], "delimiter": ",", "encoding": "utf-8"}, {"entity": "public-products", "path": "/opt/output_data/postgres/public-products/2025-07-09/file.csv", "keys": ["product_id"], "delimiter": ",", "encoding": "utf-8"}, {"entity": "public-suppliers", "path": "/opt/output_data/postgres/public-suppliers/2025-07-09/file.csv", "keys": ["supplier_id"], "delimiter": ",", "encoding": "utf-8"}, {"entity": "public-orders", "path": "/opt/output_data/postgres/public-orders/2025-07-09/file.csv", "keys": ["order_id"], "delimiter": ",", "encoding": "utf-8"}, {"entity": "public-customers", "path": "/opt/output_data/postgres/public-customers/2025-07-09/file.csv", "keys": ["customer_id"], "delimiter": ",", "encoding": "utf-8"}, {"entity": "public-employees", "path": "/opt/output_data/postgres/public-employees/2025-07-09/file.csv", "keys": ["employee_id"], "delimiter": ",", "encoding": "utf-8"}, {"entity": "public-employee_territories", "path": "/opt/output_data/postgres/public-employee_territories/2025-07-09/file.csv", "keys": ["employee_id", "territory_id"], "delimiter": ",", "encoding": "utf-8"}, {"entity": "public-territories", "path": "/opt/output_data/postgres/public-territories/2025-07-09/file.csv", "keys": ["territory_id"], "delimiter": ",", "encoding": "utf-8"}, {"entity": "public-region", "path": "/opt/output_data/postgres/public-region/2025-07-09/file.csv", "keys": ["region_id"], "delimiter": ",", "encoding": "utf-8"}, {"entity": "public-shippers", "path": "/opt/output_data/postgres/public-shippers/2025-07-09/file.csv", "keys": ["shipper_id"], "delimiter": ",", "encoding": "utf-8"}, {"entity": "public-us_states", "path": "/opt/output_data/postgres/public-us_states/2025-07-09/file.csv", "keys": ["state_id"], "delimiter": ",", "encoding": "utf-8"}]
[2025-07-09T22:04:58.385+0000] {taskinstance.py:1138} INFO - Marking task as SUCCESS. dag_id=northwind, task_id=gerar_config_csv_dinamica, execution_date=20250709T220406, start_date=20250709T220446, end_date=20250709T220458
[2025-07-09T22:04:58.453+0000] {local_task_job_runner.py:234} INFO - Task exited with return code 0
[2025-07-09T22:04:58.494+0000] {taskinstance.py:3280} INFO - 1 downstream tasks scheduled from follow-on schedule check
