[2025-06-26T18:02:00.182+0000] {taskinstance.py:1956} INFO - Dependencies all met for dep_context=non-requeueable deps ti=<TaskInstance: northwind.extração_csv manual__2025-06-26T18:01:27.215496+00:00 [queued]>
[2025-06-26T18:02:00.193+0000] {taskinstance.py:1956} INFO - Dependencies all met for dep_context=requeueable deps ti=<TaskInstance: northwind.extração_csv manual__2025-06-26T18:01:27.215496+00:00 [queued]>
[2025-06-26T18:02:00.193+0000] {taskinstance.py:2170} INFO - Starting attempt 1 of 2
[2025-06-26T18:02:00.209+0000] {taskinstance.py:2191} INFO - Executing <Task(DockerOperator): extração_csv> on 2025-06-26 18:01:27.215496+00:00
[2025-06-26T18:02:00.218+0000] {standard_task_runner.py:60} INFO - Started process 232 to run task
[2025-06-26T18:02:00.225+0000] {standard_task_runner.py:87} INFO - Running: ['***', 'tasks', 'run', 'northwind', 'extração_csv', 'manual__2025-06-26T18:01:27.215496+00:00', '--job-id', '323', '--raw', '--subdir', 'DAGS_FOLDER/dag.py', '--cfg-path', '/tmp/tmpjuaonoku']
[2025-06-26T18:02:00.228+0000] {standard_task_runner.py:88} INFO - Job 323: Subtask extração_csv
[2025-06-26T18:02:00.321+0000] {task_command.py:423} INFO - Running <TaskInstance: northwind.extração_csv manual__2025-06-26T18:01:27.215496+00:00 [running]> on host 6afc1f3750fb
[2025-06-26T18:02:00.457+0000] {taskinstance.py:2480} INFO - Exporting env vars: AIRFLOW_CTX_DAG_EMAIL='lrbf@cin.ufpe.br' AIRFLOW_CTX_DAG_OWNER='***' AIRFLOW_CTX_DAG_ID='northwind' AIRFLOW_CTX_TASK_ID='extração_csv' AIRFLOW_CTX_EXECUTION_DATE='2025-06-26T18:01:27.215496+00:00' AIRFLOW_CTX_TRY_NUMBER='1' AIRFLOW_CTX_DAG_RUN_ID='manual__2025-06-26T18:01:27.215496+00:00'
[2025-06-26T18:02:00.579+0000] {docker.py:359} INFO - Starting docker container from image meltano:latest
[2025-06-26T18:02:00.583+0000] {docker.py:367} WARNING - Using remote engine or docker-in-docker and mounting temporary volume from host is not supported. Falling back to `mount_tmp_dir=False` mode. You can set `mount_tmp_dir` parameter to False to disable mounting and remove the warning
[2025-06-26T18:02:01.074+0000] {docker.py:429} INFO - Running meltano install...
[2025-06-26T18:02:03.009+0000] {docker.py:429} INFO - [2m2025-06-26T18:02:03.008208Z[0m [[32m[1minfo     [0m] [1mInstalling 7 plugins          [0m
[2025-06-26T18:02:03.044+0000] {docker.py:429} INFO - [2m2025-06-26T18:02:03.043516Z[0m [[32m[1minfo     [0m] [1mInstalling extractor 'tap-postgres'[0m
[2025-06-26T18:02:03.087+0000] {docker.py:429} INFO - [2m2025-06-26T18:02:03.086400Z[0m [[32m[1minfo     [0m] [1mInstalling extractor 'tap-csv'[0m
[2025-06-26T18:02:03.133+0000] {docker.py:429} INFO - [2m2025-06-26T18:02:03.130633Z[0m [[32m[1minfo     [0m] [1mInstalling extractor 'tap-csv-latest'[0m
[2025-06-26T18:02:03.209+0000] {docker.py:429} INFO - [2m2025-06-26T18:02:03.206985Z[0m [[32m[1minfo     [0m] [1mInstalling loader 'target-postgres'[0m
[2025-06-26T18:02:03.304+0000] {docker.py:429} INFO - [2m2025-06-26T18:02:03.303616Z[0m [[32m[1minfo     [0m] [1mInstalling loader 'target-csv'[0m
[2025-06-26T18:02:03.401+0000] {docker.py:429} INFO - [2m2025-06-26T18:02:03.400581Z[0m [[32m[1minfo     [0m] [1mInstalling loader 'target-csv-postgres'[0m
[2025-06-26T18:02:03.593+0000] {docker.py:429} INFO - [2m2025-06-26T18:02:03.588660Z[0m [[32m[1minfo     [0m] [1mInstalling loader 'target-csv-csv'[0m
[2025-06-26T18:02:07.118+0000] {docker.py:429} INFO - [2m2025-06-26T18:02:07.117695Z[0m [[32m[1minfo     [0m] [1mInstalled loader 'target-postgres'[0m
[2025-06-26T18:02:07.119+0000] {docker.py:429} INFO - [2m2025-06-26T18:02:07.118791Z[0m [[32m[1minfo     [0m] [1mInstalled extractor 'tap-postgres'[0m
[2025-06-26T18:02:14.922+0000] {docker.py:429} INFO - [2m2025-06-26T18:02:14.921315Z[0m [[32m[1minfo     [0m] [1mInstalled extractor 'tap-csv' [0m
[2025-06-26T18:02:14.924+0000] {docker.py:429} INFO - [2m2025-06-26T18:02:14.923150Z[0m [[32m[1minfo     [0m] [1mInstalled extractor 'tap-csv-latest'[0m
[2025-06-26T18:02:15.817+0000] {docker.py:429} INFO - [2m2025-06-26T18:02:15.816759Z[0m [[32m[1minfo     [0m] [1mInstalled loader 'target-csv' [0m
[2025-06-26T18:02:16.463+0000] {docker.py:429} INFO - [2m2025-06-26T18:02:16.462910Z[0m [[32m[1minfo     [0m] [1mInstalled loader 'target-csv-csv'[0m
[2025-06-26T18:02:16.481+0000] {docker.py:429} INFO - [2m2025-06-26T18:02:16.480941Z[0m [[32m[1minfo     [0m] [1mInstalled loader 'target-csv-postgres'[0m
[2m2025-06-26T18:02:16.481282Z[0m [[32m[1minfo     [0m] [1mInstalled 7/7 plugins         [0m
[2025-06-26T18:02:17.414+0000] {docker.py:429} INFO - Meltano install completed. Executing command: meltano el tap-csv target-csv-csv
[2025-06-26T18:02:18.467+0000] {docker.py:429} INFO - [2m2025-06-26T18:02:18.466796Z[0m [[32m[1minfo     [0m] [1mEnvironment 'dev' is active   [0m
[2025-06-26T18:02:18.871+0000] {docker.py:429} INFO - [2m2025-06-26T18:02:18.870372Z[0m [[32m[1minfo     [0m] [1mRunning extract & load...     [0m [36mname[0m=[35mmeltano[0m [36mrun_id[0m=[35me364c4ee-4a5e-43d8-86c7-e9947c693fe2[0m [36mstate_id[0m=[35m2025-06-26T180218--tap-csv--target-csv-csv[0m
[2025-06-26T18:02:20.073+0000] {docker.py:429} INFO - [2m2025-06-26T18:02:20.073190Z[0m [[32m[1minfo     [0m] [1mINFO Sending version information to singer.io. To disable sending anonymous usage data, set the config parameter "disable_collection" to true[0m [36mcmd_type[0m=[35mloader[0m [36mname[0m=[35mtarget-csv-csv[0m [36mrun_id[0m=[35me364c4ee-4a5e-43d8-86c7-e9947c693fe2[0m [36mstate_id[0m=[35m2025-06-26T180218--tap-csv--target-csv-csv[0m [36mstdio[0m=[35mstderr[0m
[2025-06-26T18:02:20.385+0000] {docker.py:429} INFO - [2m2025-06-26T18:02:20.384687Z[0m [[32m[1minfo     [0m] [1mBeginning full_table sync of 'order_details'...[0m [36mcmd_type[0m=[35mextractor[0m [36mname[0m=[35mtap-csv[0m [36mrun_id[0m=[35me364c4ee-4a5e-43d8-86c7-e9947c693fe2[0m [36mstate_id[0m=[35m2025-06-26T180218--tap-csv--target-csv-csv[0m [36mstdio[0m=[35mstderr[0m
[2m2025-06-26T18:02:20.385045Z[0m [[32m[1minfo     [0m] [1mTap has custom mapper. Using 1 provided map(s).[0m [36mcmd_type[0m=[35mextractor[0m [36mname[0m=[35mtap-csv[0m [36mrun_id[0m=[35me364c4ee-4a5e-43d8-86c7-e9947c693fe2[0m [36mstate_id[0m=[35m2025-06-26T180218--tap-csv--target-csv-csv[0m [36mstdio[0m=[35mstderr[0m
[2025-06-26T18:02:20.569+0000] {docker.py:429} INFO - [2m2025-06-26T18:02:20.568399Z[0m [[32m[1minfo     [0m] [1mMETRIC: {"type": "timer", "metric": "sync_duration", "value": 0.18306231498718262, "tags": {"stream": "order_details", "pid": 176, "context": {}, "status": "succeeded"}}[0m [36mcmd_type[0m=[35mextractor[0m [36mname[0m=[35mtap-csv[0m [36mrun_id[0m=[35me364c4ee-4a5e-43d8-86c7-e9947c693fe2[0m [36mstate_id[0m=[35m2025-06-26T180218--tap-csv--target-csv-csv[0m [36mstdio[0m=[35mstderr[0m
[2025-06-26T18:02:20.569+0000] {docker.py:429} INFO - [2m2025-06-26T18:02:20.568895Z[0m [[32m[1minfo     [0m] [1mMETRIC: {"type": "counter", "metric": "record_count", "value": 2155, "tags": {"stream": "order_details", "pid": 176, "context": {}}}[0m [36mcmd_type[0m=[35mextractor[0m [36mname[0m=[35mtap-csv[0m [36mrun_id[0m=[35me364c4ee-4a5e-43d8-86c7-e9947c693fe2[0m [36mstate_id[0m=[35m2025-06-26T180218--tap-csv--target-csv-csv[0m [36mstdio[0m=[35mstderr[0m
[2025-06-26T18:02:20.691+0000] {docker.py:429} INFO - [2m2025-06-26T18:02:20.690208Z[0m [[32m[1minfo     [0m] [1mUsing systemdb state backend  [0m
[2025-06-26T18:02:20.703+0000] {docker.py:429} INFO - [2m2025-06-26T18:02:20.702967Z[0m [[32m[1minfo     [0m] [1mIncremental state has been updated at 2025-06-26 18:02:20.702930+00:00.[0m
[2025-06-26T18:02:20.705+0000] {docker.py:429} INFO - [2m2025-06-26T18:02:20.704761Z[0m [[32m[1minfo     [0m] [1mExtract & load complete!      [0m [36mname[0m=[35mmeltano[0m [36mrun_id[0m=[35me364c4ee-4a5e-43d8-86c7-e9947c693fe2[0m [36mstate_id[0m=[35m2025-06-26T180218--tap-csv--target-csv-csv[0m
[2025-06-26T18:02:20.706+0000] {docker.py:429} INFO - [2m2025-06-26T18:02:20.705288Z[0m [[32m[1minfo     [0m] [1mTransformation skipped.       [0m [36mname[0m=[35mmeltano[0m [36mrun_id[0m=[35me364c4ee-4a5e-43d8-86c7-e9947c693fe2[0m [36mstate_id[0m=[35m2025-06-26T180218--tap-csv--target-csv-csv[0m
[2025-06-26T18:02:22.118+0000] {taskinstance.py:1138} INFO - Marking task as SUCCESS. dag_id=northwind, task_id=extração_csv, execution_date=20250626T180127, start_date=20250626T180200, end_date=20250626T180222
[2025-06-26T18:02:22.165+0000] {local_task_job_runner.py:234} INFO - Task exited with return code 0
[2025-06-26T18:02:22.187+0000] {taskinstance.py:3280} INFO - 2 downstream tasks scheduled from follow-on schedule check
