[2025-06-24T17:53:35.253+0000] {taskinstance.py:1956} INFO - Dependencies all met for dep_context=non-requeueable deps ti=<TaskInstance: northwind.extração_csv manual__2025-06-24T17:53:09.378068+00:00 [queued]>
[2025-06-24T17:53:35.266+0000] {taskinstance.py:1956} INFO - Dependencies all met for dep_context=requeueable deps ti=<TaskInstance: northwind.extração_csv manual__2025-06-24T17:53:09.378068+00:00 [queued]>
[2025-06-24T17:53:35.266+0000] {taskinstance.py:2170} INFO - Starting attempt 1 of 2
[2025-06-24T17:53:35.281+0000] {taskinstance.py:2191} INFO - Executing <Task(DockerOperator): extração_csv> on 2025-06-24 17:53:09.378068+00:00
[2025-06-24T17:53:35.287+0000] {standard_task_runner.py:60} INFO - Started process 563 to run task
[2025-06-24T17:53:35.291+0000] {standard_task_runner.py:87} INFO - Running: ['***', 'tasks', 'run', 'northwind', 'extração_csv', 'manual__2025-06-24T17:53:09.378068+00:00', '--job-id', '48', '--raw', '--subdir', 'DAGS_FOLDER/dag.py', '--cfg-path', '/tmp/tmp_575ywpx']
[2025-06-24T17:53:35.294+0000] {standard_task_runner.py:88} INFO - Job 48: Subtask extração_csv
[2025-06-24T17:53:35.355+0000] {task_command.py:423} INFO - Running <TaskInstance: northwind.extração_csv manual__2025-06-24T17:53:09.378068+00:00 [running]> on host a06304be4538
[2025-06-24T17:53:35.448+0000] {taskinstance.py:2480} INFO - Exporting env vars: AIRFLOW_CTX_DAG_EMAIL='lrbf@cin.ufpe.br' AIRFLOW_CTX_DAG_OWNER='***' AIRFLOW_CTX_DAG_ID='northwind' AIRFLOW_CTX_TASK_ID='extração_csv' AIRFLOW_CTX_EXECUTION_DATE='2025-06-24T17:53:09.378068+00:00' AIRFLOW_CTX_TRY_NUMBER='1' AIRFLOW_CTX_DAG_RUN_ID='manual__2025-06-24T17:53:09.378068+00:00'
[2025-06-24T17:53:35.729+0000] {docker.py:359} INFO - Starting docker container from image indicium_pipeline-meltano:latest
[2025-06-24T17:53:36.223+0000] {docker.py:429} INFO - Running meltano install...
[2025-06-24T17:53:37.534+0000] {docker.py:429} INFO - [2m2025-06-24T17:53:37.533572Z[0m [[32m[1minfo     [0m] [1mInstalling 7 plugins          [0m
[2025-06-24T17:53:37.546+0000] {docker.py:429} INFO - [2m2025-06-24T17:53:37.545513Z[0m [[32m[1minfo     [0m] [1mInstalling extractor 'tap-postgres'[0m
[2025-06-24T17:53:37.565+0000] {docker.py:429} INFO - [2m2025-06-24T17:53:37.564829Z[0m [[32m[1minfo     [0m] [1mInstalling extractor 'tap-csv'[0m
[2025-06-24T17:53:37.581+0000] {docker.py:429} INFO - [2m2025-06-24T17:53:37.581084Z[0m [[32m[1minfo     [0m] [1mInstalling extractor 'tap-csv-latest'[0m
[2025-06-24T17:53:37.597+0000] {docker.py:429} INFO - [2m2025-06-24T17:53:37.596520Z[0m [[32m[1minfo     [0m] [1mInstalling loader 'target-postgres'[0m
[2025-06-24T17:53:37.612+0000] {docker.py:429} INFO - [2m2025-06-24T17:53:37.611421Z[0m [[32m[1minfo     [0m] [1mInstalling loader 'target-csv'[0m
[2025-06-24T17:53:37.633+0000] {docker.py:429} INFO - [2m2025-06-24T17:53:37.632418Z[0m [[32m[1minfo     [0m] [1mInstalling loader 'target-csv-postgres'[0m
[2025-06-24T17:53:37.659+0000] {docker.py:429} INFO - [2m2025-06-24T17:53:37.658245Z[0m [[32m[1minfo     [0m] [1mInstalling loader 'target-csv-csv'[0m
[2025-06-24T17:53:38.895+0000] {docker.py:429} INFO - [2m2025-06-24T17:53:38.895144Z[0m [[32m[1minfo     [0m] [1mInstalled extractor 'tap-postgres'[0m
[2025-06-24T17:53:38.916+0000] {docker.py:429} INFO - [2m2025-06-24T17:53:38.915362Z[0m [[32m[1minfo     [0m] [1mInstalled loader 'target-postgres'[0m
[2025-06-24T17:53:43.119+0000] {docker.py:429} INFO - [2m2025-06-24T17:53:43.119239Z[0m [[32m[1minfo     [0m] [1mInstalled extractor 'tap-csv-latest'[0m
[2025-06-24T17:53:43.132+0000] {docker.py:429} INFO - [2m2025-06-24T17:53:43.131986Z[0m [[32m[1minfo     [0m] [1mInstalled extractor 'tap-csv' [0m
[2025-06-24T17:53:43.901+0000] {docker.py:429} INFO - [2m2025-06-24T17:53:43.900617Z[0m [[32m[1minfo     [0m] [1mInstalled loader 'target-csv' [0m
[2025-06-24T17:53:44.733+0000] {docker.py:429} INFO - [2m2025-06-24T17:53:44.732806Z[0m [[32m[1minfo     [0m] [1mInstalled loader 'target-csv-csv'[0m
[2025-06-24T17:53:44.823+0000] {docker.py:429} INFO - [2m2025-06-24T17:53:44.822154Z[0m [[32m[1minfo     [0m] [1mInstalled loader 'target-csv-postgres'[0m
[2m2025-06-24T17:53:44.822421Z[0m [[32m[1minfo     [0m] [1mInstalled 7/7 plugins         [0m
[2025-06-24T17:53:45.745+0000] {docker.py:429} INFO - Meltano install completed. Executing command: meltano el tap-csv target-csv-csv
[2025-06-24T17:53:46.751+0000] {docker.py:429} INFO - [2m2025-06-24T17:53:46.750923Z[0m [[32m[1minfo     [0m] [1mEnvironment 'dev' is active   [0m
[2025-06-24T17:53:47.069+0000] {docker.py:429} INFO - [2m2025-06-24T17:53:47.068643Z[0m [[32m[1minfo     [0m] [1mRunning extract & load...     [0m [36mname[0m=[35mmeltano[0m [36mrun_id[0m=[35mc30eae0b-9875-4752-af3f-35f6d7723203[0m [36mstate_id[0m=[35m2025-06-24T175346--tap-csv--target-csv-csv[0m
[2025-06-24T17:53:48.355+0000] {docker.py:429} INFO - [2m2025-06-24T17:53:48.354716Z[0m [[32m[1minfo     [0m] [1mINFO Sending version information to singer.io. To disable sending anonymous usage data, set the config parameter "disable_collection" to true[0m [36mcmd_type[0m=[35mloader[0m [36mname[0m=[35mtarget-csv-csv[0m [36mrun_id[0m=[35mc30eae0b-9875-4752-af3f-35f6d7723203[0m [36mstate_id[0m=[35m2025-06-24T175346--tap-csv--target-csv-csv[0m [36mstdio[0m=[35mstderr[0m
[2025-06-24T17:53:48.579+0000] {docker.py:429} INFO - [2m2025-06-24T17:53:48.578947Z[0m [[32m[1minfo     [0m] [1mBeginning full_table sync of 'order_details'...[0m [36mcmd_type[0m=[35mextractor[0m [36mname[0m=[35mtap-csv[0m [36mrun_id[0m=[35mc30eae0b-9875-4752-af3f-35f6d7723203[0m [36mstate_id[0m=[35m2025-06-24T175346--tap-csv--target-csv-csv[0m [36mstdio[0m=[35mstderr[0m
[2m2025-06-24T17:53:48.579249Z[0m [[32m[1minfo     [0m] [1mTap has custom mapper. Using 1 provided map(s).[0m [36mcmd_type[0m=[35mextractor[0m [36mname[0m=[35mtap-csv[0m [36mrun_id[0m=[35mc30eae0b-9875-4752-af3f-35f6d7723203[0m [36mstate_id[0m=[35m2025-06-24T175346--tap-csv--target-csv-csv[0m [36mstdio[0m=[35mstderr[0m
[2025-06-24T17:53:48.724+0000] {docker.py:429} INFO - [2m2025-06-24T17:53:48.723451Z[0m [[32m[1minfo     [0m] [1mMETRIC: {"type": "timer", "metric": "sync_duration", "value": 0.14420676231384277, "tags": {"stream": "order_details", "pid": 176, "context": {}, "status": "succeeded"}}[0m [36mcmd_type[0m=[35mextractor[0m [36mname[0m=[35mtap-csv[0m [36mrun_id[0m=[35mc30eae0b-9875-4752-af3f-35f6d7723203[0m [36mstate_id[0m=[35m2025-06-24T175346--tap-csv--target-csv-csv[0m [36mstdio[0m=[35mstderr[0m
[2025-06-24T17:53:48.724+0000] {docker.py:429} INFO - [2m2025-06-24T17:53:48.723855Z[0m [[32m[1minfo     [0m] [1mMETRIC: {"type": "counter", "metric": "record_count", "value": 2155, "tags": {"stream": "order_details", "pid": 176, "context": {}}}[0m [36mcmd_type[0m=[35mextractor[0m [36mname[0m=[35mtap-csv[0m [36mrun_id[0m=[35mc30eae0b-9875-4752-af3f-35f6d7723203[0m [36mstate_id[0m=[35m2025-06-24T175346--tap-csv--target-csv-csv[0m [36mstdio[0m=[35mstderr[0m
[2025-06-24T17:53:48.830+0000] {docker.py:429} INFO - [2m2025-06-24T17:53:48.830130Z[0m [[32m[1minfo     [0m] [1mUsing systemdb state backend  [0m
[2025-06-24T17:53:48.844+0000] {docker.py:429} INFO - [2m2025-06-24T17:53:48.843948Z[0m [[32m[1minfo     [0m] [1mIncremental state has been updated at 2025-06-24 17:53:48.843914+00:00.[0m
[2025-06-24T17:53:48.845+0000] {docker.py:429} INFO - [2m2025-06-24T17:53:48.844857Z[0m [[32m[1minfo     [0m] [1mExtract & load complete!      [0m [36mname[0m=[35mmeltano[0m [36mrun_id[0m=[35mc30eae0b-9875-4752-af3f-35f6d7723203[0m [36mstate_id[0m=[35m2025-06-24T175346--tap-csv--target-csv-csv[0m
[2025-06-24T17:53:48.845+0000] {docker.py:429} INFO - [2m2025-06-24T17:53:48.845094Z[0m [[32m[1minfo     [0m] [1mTransformation skipped.       [0m [36mname[0m=[35mmeltano[0m [36mrun_id[0m=[35mc30eae0b-9875-4752-af3f-35f6d7723203[0m [36mstate_id[0m=[35m2025-06-24T175346--tap-csv--target-csv-csv[0m
[2025-06-24T17:53:49.990+0000] {taskinstance.py:1138} INFO - Marking task as SUCCESS. dag_id=northwind, task_id=extração_csv, execution_date=20250624T175309, start_date=20250624T175335, end_date=20250624T175349
[2025-06-24T17:53:50.031+0000] {local_task_job_runner.py:234} INFO - Task exited with return code 0
[2025-06-24T17:53:50.056+0000] {taskinstance.py:3280} INFO - 1 downstream tasks scheduled from follow-on schedule check
