[2025-07-01T13:18:18.940+0000] {taskinstance.py:1956} INFO - Dependencies all met for dep_context=non-requeueable deps ti=<TaskInstance: northwind.carregamento_postgres manual__2025-07-01T13:17:27.016808+00:00 [queued]>
[2025-07-01T13:18:18.948+0000] {taskinstance.py:1956} INFO - Dependencies all met for dep_context=requeueable deps ti=<TaskInstance: northwind.carregamento_postgres manual__2025-07-01T13:17:27.016808+00:00 [queued]>
[2025-07-01T13:18:18.949+0000] {taskinstance.py:2170} INFO - Starting attempt 1 of 2
[2025-07-01T13:18:18.961+0000] {taskinstance.py:2191} INFO - Executing <Task(DockerOperator): carregamento_postgres> on 2025-07-01 13:17:27.016808+00:00
[2025-07-01T13:18:18.965+0000] {standard_task_runner.py:60} INFO - Started process 193 to run task
[2025-07-01T13:18:18.969+0000] {standard_task_runner.py:87} INFO - Running: ['***', 'tasks', 'run', 'northwind', 'carregamento_postgres', 'manual__2025-07-01T13:17:27.016808+00:00', '--job-id', '40', '--raw', '--subdir', 'DAGS_FOLDER/dag.py', '--cfg-path', '/tmp/tmp47vvs8v4']
[2025-07-01T13:18:18.971+0000] {standard_task_runner.py:88} INFO - Job 40: Subtask carregamento_postgres
[2025-07-01T13:18:19.015+0000] {task_command.py:423} INFO - Running <TaskInstance: northwind.carregamento_postgres manual__2025-07-01T13:17:27.016808+00:00 [running]> on host a0138d8cef03
[2025-07-01T13:18:19.085+0000] {taskinstance.py:2480} INFO - Exporting env vars: AIRFLOW_CTX_DAG_EMAIL='lrbf@cin.ufpe.br' AIRFLOW_CTX_DAG_OWNER='***' AIRFLOW_CTX_DAG_ID='northwind' AIRFLOW_CTX_TASK_ID='carregamento_postgres' AIRFLOW_CTX_EXECUTION_DATE='2025-07-01T13:17:27.016808+00:00' AIRFLOW_CTX_TRY_NUMBER='1' AIRFLOW_CTX_DAG_RUN_ID='manual__2025-07-01T13:17:27.016808+00:00'
[2025-07-01T13:18:19.146+0000] {docker.py:359} INFO - Starting docker container from image meltano:latest
[2025-07-01T13:18:19.456+0000] {docker.py:429} INFO - Running meltano install...
[2025-07-01T13:18:20.157+0000] {docker.py:429} INFO - [2m2025-07-01T13:18:20.157007Z[0m [[32m[1minfo     [0m] [1mInstalling 7 plugins          [0m
[2025-07-01T13:18:20.169+0000] {docker.py:429} INFO - [2m2025-07-01T13:18:20.168354Z[0m [[32m[1minfo     [0m] [1mInstalling extractor 'tap-postgres'[0m
[2025-07-01T13:18:20.188+0000] {docker.py:429} INFO - [2m2025-07-01T13:18:20.187487Z[0m [[32m[1minfo     [0m] [1mInstalling extractor 'tap-csv'[0m
[2025-07-01T13:18:20.210+0000] {docker.py:429} INFO - [2m2025-07-01T13:18:20.209887Z[0m [[32m[1minfo     [0m] [1mInstalling extractor 'tap-csv-latest'[0m
[2025-07-01T13:18:20.240+0000] {docker.py:429} INFO - [2m2025-07-01T13:18:20.238936Z[0m [[32m[1minfo     [0m] [1mInstalling loader 'target-postgres'[0m
[2025-07-01T13:18:20.273+0000] {docker.py:429} INFO - [2m2025-07-01T13:18:20.272304Z[0m [[32m[1minfo     [0m] [1mInstalling loader 'target-csv'[0m
[2025-07-01T13:18:20.318+0000] {docker.py:429} INFO - [2m2025-07-01T13:18:20.317822Z[0m [[32m[1minfo     [0m] [1mInstalling loader 'target-csv-postgres'[0m
[2025-07-01T13:18:20.369+0000] {docker.py:429} INFO - [2m2025-07-01T13:18:20.368649Z[0m [[32m[1minfo     [0m] [1mInstalling loader 'target-csv-csv'[0m
[2025-07-01T13:18:21.796+0000] {docker.py:429} INFO - [2m2025-07-01T13:18:21.795419Z[0m [[32m[1minfo     [0m] [1mInstalled extractor 'tap-postgres'[0m
[2025-07-01T13:18:21.867+0000] {docker.py:429} INFO - [2m2025-07-01T13:18:21.866743Z[0m [[32m[1minfo     [0m] [1mInstalled loader 'target-postgres'[0m
[2025-07-01T13:18:26.474+0000] {docker.py:429} INFO - [2m2025-07-01T13:18:26.472811Z[0m [[32m[1minfo     [0m] [1mInstalled extractor 'tap-csv-latest'[0m
[2025-07-01T13:18:26.507+0000] {docker.py:429} INFO - [2m2025-07-01T13:18:26.506770Z[0m [[32m[1minfo     [0m] [1mInstalled extractor 'tap-csv' [0m
[2025-07-01T13:18:27.478+0000] {docker.py:429} INFO - [2m2025-07-01T13:18:27.477122Z[0m [[32m[1minfo     [0m] [1mInstalled loader 'target-csv' [0m
[2025-07-01T13:18:27.666+0000] {docker.py:429} INFO - [2m2025-07-01T13:18:27.665221Z[0m [[32m[1minfo     [0m] [1mInstalled loader 'target-csv-csv'[0m
[2025-07-01T13:18:27.694+0000] {docker.py:429} INFO - [2m2025-07-01T13:18:27.693866Z[0m [[32m[1minfo     [0m] [1mInstalled loader 'target-csv-postgres'[0m
[2025-07-01T13:18:27.694+0000] {docker.py:429} INFO - [2m2025-07-01T13:18:27.694186Z[0m [[32m[1minfo     [0m] [1mInstalled 7/7 plugins         [0m
[2025-07-01T13:18:28.549+0000] {docker.py:429} INFO - Meltano install completed. Executing command: meltano el tap-csv-latest target-postgres
[2025-07-01T13:18:29.753+0000] {docker.py:429} INFO - [2m2025-07-01T13:18:29.752881Z[0m [[32m[1minfo     [0m] [1mEnvironment 'dev' is active   [0m
[2025-07-01T13:18:29.643+0000] {docker.py:429} INFO - [2m2025-07-01T13:18:29.643093Z[0m [[32m[1minfo     [0m] [1mRunning extract & load...     [0m [36mname[0m=[35mmeltano[0m [36mrun_id[0m=[35m00383e9f-ab5e-491a-abdb-bcac6d33863e[0m [36mstate_id[0m=[35m2025-07-01T131836--tap-csv-latest--target-postgres[0m
[2025-07-01T13:18:30.606+0000] {docker.py:429} INFO - [2m2025-07-01T13:18:30.605603Z[0m [[32m[1minfo     [0m] [1mNo CSV file definitions found.[0m [36mcmd_type[0m=[35mextractor[0m [36mname[0m=[35mtap-csv-latest[0m [36mrun_id[0m=[35m00383e9f-ab5e-491a-abdb-bcac6d33863e[0m [36mstate_id[0m=[35m2025-07-01T131836--tap-csv-latest--target-postgres[0m [36mstdio[0m=[35mstderr[0m
[2025-07-01T13:18:30.768+0000] {docker.py:429} INFO - [2m2025-07-01T13:18:30.767174Z[0m [[32m[1minfo     [0m] [1mtarget-postgres v0.4.3, Meltano SDK v0.47.4[0m [36mcmd_type[0m=[35mloader[0m [36mname[0m=[35mtarget-postgres[0m [36mrun_id[0m=[35m00383e9f-ab5e-491a-abdb-bcac6d33863e[0m [36mstate_id[0m=[35m2025-07-01T131836--tap-csv-latest--target-postgres[0m [36mstdio[0m=[35mstderr[0m
[2025-07-01T13:18:30.769+0000] {docker.py:429} INFO - [2m2025-07-01T13:18:30.769208Z[0m [[32m[1minfo     [0m] [1m/opt/meltano/.meltano/loaders/target-postgres/venv/lib/python3.9/site-packages/singer_sdk/plugin_base.py:715: SingerSDKDeprecationWarning: Passing a list of config file paths is deprecated. Please pass the config as a dictionary instead.[0m [36mcmd_type[0m=[35mloader[0m [36mname[0m=[35mtarget-postgres[0m [36mrun_id[0m=[35m00383e9f-ab5e-491a-abdb-bcac6d33863e[0m [36mstate_id[0m=[35m2025-07-01T131836--tap-csv-latest--target-postgres[0m [36mstdio[0m=[35mstderr[0m
[2m2025-07-01T13:18:30.769500Z[0m [[32m[1minfo     [0m] [1m  super().__init__(           [0m [36mcmd_type[0m=[35mloader[0m [36mname[0m=[35mtarget-postgres[0m [36mrun_id[0m=[35m00383e9f-ab5e-491a-abdb-bcac6d33863e[0m [36mstate_id[0m=[35m2025-07-01T131836--tap-csv-latest--target-postgres[0m [36mstdio[0m=[35mstderr[0m
[2025-07-01T13:18:30.770+0000] {docker.py:429} INFO - [2m2025-07-01T13:18:30.769666Z[0m [[32m[1minfo     [0m] [1m                              [0m [36mcmd_type[0m=[35mloader[0m [36mname[0m=[35mtarget-postgres[0m [36mrun_id[0m=[35m00383e9f-ab5e-491a-abdb-bcac6d33863e[0m [36mstate_id[0m=[35m2025-07-01T131836--tap-csv-latest--target-postgres[0m [36mstdio[0m=[35mstderr[0m
[2025-07-01T13:18:30.770+0000] {docker.py:429} INFO - [2m2025-07-01T13:18:30.769819Z[0m [[32m[1minfo     [0m] [1mSkipping parse of env var settings...[0m [36mcmd_type[0m=[35mloader[0m [36mname[0m=[35mtarget-postgres[0m [36mrun_id[0m=[35m00383e9f-ab5e-491a-abdb-bcac6d33863e[0m [36mstate_id[0m=[35m2025-07-01T131836--tap-csv-latest--target-postgres[0m [36mstdio[0m=[35mstderr[0m
[2025-07-01T13:18:30.770+0000] {docker.py:429} INFO - [2m2025-07-01T13:18:30.770057Z[0m [[32m[1minfo     [0m] [1mThe `dialect+driver` configuration option is deprecated. Please set it to `postgresql+psycopg`, as this will be the hard-coded value in the future.[0m [36mcmd_type[0m=[35mloader[0m [36mname[0m=[35mtarget-postgres[0m [36mrun_id[0m=[35m00383e9f-ab5e-491a-abdb-bcac6d33863e[0m [36mstate_id[0m=[35m2025-07-01T131836--tap-csv-latest--target-postgres[0m [36mstdio[0m=[35mstderr[0m
[2025-07-01T13:18:30.770+0000] {docker.py:429} INFO - [2m2025-07-01T13:18:30.770296Z[0m [[32m[1minfo     [0m] [1mReader 'target-postgres' completed processing 0 lines of input (0 schemas, 0 records, 0 batch manifests, 0 state messages, 0 activate version messages).[0m [36mcmd_type[0m=[35mloader[0m [36mname[0m=[35mtarget-postgres[0m [36mrun_id[0m=[35m00383e9f-ab5e-491a-abdb-bcac6d33863e[0m [36mstate_id[0m=[35m2025-07-01T131836--tap-csv-latest--target-postgres[0m [36mstdio[0m=[35mstderr[0m
[2025-07-01T13:18:30.852+0000] {docker.py:429} INFO - [2m2025-07-01T13:18:30.851318Z[0m [[31m[1merror    [0m] [1mExtraction failed             [0m [36mcode[0m=[35m1[0m [36mmessage[0m=[35m'No CSV file definitions found.'[0m [36mname[0m=[35mmeltano[0m [36mrun_id[0m=[35m00383e9f-ab5e-491a-abdb-bcac6d33863e[0m [36mstate_id[0m=[35m2025-07-01T131836--tap-csv-latest--target-postgres[0m
[2025-07-01T13:18:30.852+0000] {docker.py:429} INFO - [2m2025-07-01T13:18:30.851909Z[0m [[32m[1minfo     [0m] [1mELT could not be completed: Extractor failed.[0m [36mcmd_type[0m=[35melt[0m [36mname[0m=[35mmeltano[0m [36mrun_id[0m=[35m00383e9f-ab5e-491a-abdb-bcac6d33863e[0m [36mstate_id[0m=[35m2025-07-01T131836--tap-csv-latest--target-postgres[0m [36mstdio[0m=[35mstderr[0m
[2025-07-01T13:18:30.852+0000] {docker.py:429} INFO - [2m2025-07-01T13:18:30.852118Z[0m [[32m[1minfo     [0m] [1mFor more detailed log messages re-run the command using 'meltano --log-level=debug ...' CLI flag.[0m [36mcmd_type[0m=[35melt[0m [36mname[0m=[35mmeltano[0m [36mrun_id[0m=[35m00383e9f-ab5e-491a-abdb-bcac6d33863e[0m [36mstate_id[0m=[35m2025-07-01T131836--tap-csv-latest--target-postgres[0m [36mstdio[0m=[35mstderr[0m
[2025-07-01T13:18:30.852+0000] {docker.py:429} INFO - [2m2025-07-01T13:18:30.852307Z[0m [[32m[1minfo     [0m] [1mNote that you can also check the generated log file at '/opt/meltano/.meltano/logs/elt/2025-07-01T131836--tap-csv-latest--target-postgres/00383e9f-ab5e-491a-abdb-bcac6d33863e/elt.log'.[0m [36mcmd_type[0m=[35melt[0m [36mname[0m=[35mmeltano[0m [36mrun_id[0m=[35m00383e9f-ab5e-491a-abdb-bcac6d33863e[0m [36mstate_id[0m=[35m2025-07-01T131836--tap-csv-latest--target-postgres[0m [36mstdio[0m=[35mstderr[0m
[2025-07-01T13:18:30.853+0000] {docker.py:429} INFO - [2m2025-07-01T13:18:30.852506Z[0m [[32m[1minfo     [0m] [1mFor more information on debugging and logging: https://docs.meltano.com/reference/command-line-interface#debugging[0m [36mcmd_type[0m=[35melt[0m [36mname[0m=[35mmeltano[0m [36mrun_id[0m=[35m00383e9f-ab5e-491a-abdb-bcac6d33863e[0m [36mstate_id[0m=[35m2025-07-01T131836--tap-csv-latest--target-postgres[0m [36mstdio[0m=[35mstderr[0m
[2025-07-01T13:18:30.863+0000] {docker.py:429} INFO - Need help fixing this problem? Visit http://melta.no/ for troubleshooting steps, or to
join our friendly Slack community.

ELT could not be completed: Extractor failed.
For more detailed log messages re-run the command using 'meltano --log-level=debug ...' CLI flag.
Note that you can also check the generated log file at '/opt/meltano/.meltano/logs/elt/2025-07-01T131836--tap-csv-latest--target-postgres/00383e9f-ab5e-491a-abdb-bcac6d33863e/elt.log'.
For more information on debugging and logging: https://docs.meltano.com/reference/command-line-interface#debugging
[2025-07-01T13:18:31.957+0000] {taskinstance.py:2698} ERROR - Task failed with exception
Traceback (most recent call last):
  File "/home/airflow/.local/lib/python3.10/site-packages/airflow/models/taskinstance.py", line 433, in _execute_task
    result = execute_callable(context=context, **execute_callable_kwargs)
  File "/home/airflow/.local/lib/python3.10/site-packages/airflow/providers/docker/operators/docker.py", line 502, in execute
    return self._run_image()
  File "/home/airflow/.local/lib/python3.10/site-packages/airflow/providers/docker/operators/docker.py", line 376, in _run_image
    return self._run_image_with_mounts(self.mounts, add_tmp_variable=False)
  File "/home/airflow/.local/lib/python3.10/site-packages/airflow/providers/docker/operators/docker.py", line 437, in _run_image_with_mounts
    raise DockerContainerFailedException(f"Docker container failed: {result!r}", logs=log_lines)
airflow.providers.docker.exceptions.DockerContainerFailedException: Docker container failed: {'StatusCode': 1}
[2025-07-01T13:18:31.964+0000] {taskinstance.py:1138} INFO - Marking task as UP_FOR_RETRY. dag_id=northwind, task_id=carregamento_postgres, execution_date=20250701T131727, start_date=20250701T131818, end_date=20250701T131831
[2025-07-01T13:18:31.983+0000] {standard_task_runner.py:107} ERROR - Failed to execute job 40 for task carregamento_postgres (Docker container failed: {'StatusCode': 1}; 193)
[2025-07-01T13:18:31.992+0000] {local_task_job_runner.py:234} INFO - Task exited with return code 1
[2025-07-01T13:18:32.005+0000] {taskinstance.py:3280} INFO - 0 downstream tasks scheduled from follow-on schedule check
