[2025-06-30T21:17:20.866+0000] {taskinstance.py:1956} INFO - Dependencies all met for dep_context=non-requeueable deps ti=<TaskInstance: northwind.carregamento_postgres manual__2025-06-30T21:15:48.004028+00:00 [queued]>
[2025-06-30T21:17:20.890+0000] {taskinstance.py:1956} INFO - Dependencies all met for dep_context=requeueable deps ti=<TaskInstance: northwind.carregamento_postgres manual__2025-06-30T21:15:48.004028+00:00 [queued]>
[2025-06-30T21:17:20.891+0000] {taskinstance.py:2170} INFO - Starting attempt 1 of 2
[2025-06-30T21:17:20.923+0000] {taskinstance.py:2191} INFO - Executing <Task(DockerOperator): carregamento_postgres> on 2025-06-30 21:15:48.004028+00:00
[2025-06-30T21:17:20.935+0000] {standard_task_runner.py:60} INFO - Started process 330 to run task
[2025-06-30T21:17:20.946+0000] {standard_task_runner.py:87} INFO - Running: ['***', 'tasks', 'run', 'northwind', 'carregamento_postgres', 'manual__2025-06-30T21:15:48.004028+00:00', '--job-id', '7', '--raw', '--subdir', 'DAGS_FOLDER/dag.py', '--cfg-path', '/tmp/tmpbroqrxqm']
[2025-06-30T21:17:20.952+0000] {standard_task_runner.py:88} INFO - Job 7: Subtask carregamento_postgres
[2025-06-30T21:17:21.129+0000] {task_command.py:423} INFO - Running <TaskInstance: northwind.carregamento_postgres manual__2025-06-30T21:15:48.004028+00:00 [running]> on host 91939db6f4b6
[2025-06-30T21:17:21.385+0000] {taskinstance.py:2480} INFO - Exporting env vars: AIRFLOW_CTX_DAG_EMAIL='lrbf@cin.ufpe.br' AIRFLOW_CTX_DAG_OWNER='***' AIRFLOW_CTX_DAG_ID='northwind' AIRFLOW_CTX_TASK_ID='carregamento_postgres' AIRFLOW_CTX_EXECUTION_DATE='2025-06-30T21:15:48.004028+00:00' AIRFLOW_CTX_TRY_NUM***ER='1' AIRFLOW_CTX_DAG_RUN_ID='manual__2025-06-30T21:15:48.004028+00:00'
[2025-06-30T21:17:21.508+0000] {docker.py:359} INFO - Starting docker container from image meltano:latest
[2025-06-30T21:17:21.905+0000] {docker.py:429} INFO - Running meltano install...
[2025-06-30T21:17:24.632+0000] {docker.py:429} INFO - [2m2025-06-30T21:17:24.630937Z[0m [[32m[1minfo     [0m] [1mInstalling 7 plugins          [0m
[2025-06-30T21:17:24.652+0000] {docker.py:429} INFO - [2m2025-06-30T21:17:24.651893Z[0m [[32m[1minfo     [0m] [1mInstalling extractor 'tap-postgres'[0m
[2025-06-30T21:17:24.683+0000] {docker.py:429} INFO - [2m2025-06-30T21:17:24.682121Z[0m [[32m[1minfo     [0m] [1mInstalling extractor 'tap-csv'[0m
[2025-06-30T21:17:24.730+0000] {docker.py:429} INFO - [2m2025-06-30T21:17:24.728924Z[0m [[32m[1minfo     [0m] [1mInstalling extractor 'tap-csv-latest'[0m
[2025-06-30T21:17:24.770+0000] {docker.py:429} INFO - [2m2025-06-30T21:17:24.768944Z[0m [[32m[1minfo     [0m] [1mInstalling loader 'target-postgres'[0m
[2025-06-30T21:17:24.827+0000] {docker.py:429} INFO - [2m2025-06-30T21:17:24.826837Z[0m [[32m[1minfo     [0m] [1mInstalling loader 'target-csv'[0m
[2025-06-30T21:17:24.935+0000] {docker.py:429} INFO - [2m2025-06-30T21:17:24.934840Z[0m [[32m[1minfo     [0m] [1mInstalling loader 'target-csv-postgres'[0m
[2025-06-30T21:17:25.015+0000] {docker.py:429} INFO - [2m2025-06-30T21:17:25.012561Z[0m [[32m[1minfo     [0m] [1mInstalling loader 'target-csv-csv'[0m
[2025-06-30T21:17:27.688+0000] {docker.py:429} INFO - [2m2025-06-30T21:17:27.687505Z[0m [[32m[1minfo     [0m] [1mInstalled loader 'target-postgres'[0m
[2025-06-30T21:17:28.234+0000] {docker.py:429} INFO - [2m2025-06-30T21:17:28.233201Z[0m [[32m[1minfo     [0m] [1mInstalled extractor 'tap-postgres'[0m
[2025-06-30T21:17:33.032+0000] {docker.py:429} INFO - [2m2025-06-30T21:17:33.031383Z[0m [[32m[1minfo     [0m] [1mInstalled extractor 'tap-csv' [0m
[2025-06-30T21:17:34.788+0000] {docker.py:429} INFO - [2m2025-06-30T21:17:34.787482Z[0m [[32m[1minfo     [0m] [1mInstalled extractor 'tap-csv-latest'[0m
[2025-06-30T21:17:35.121+0000] {docker.py:429} INFO - [2m2025-06-30T21:17:35.120401Z[0m [[32m[1minfo     [0m] [1mInstalled loader 'target-csv-postgres'[0m
[2025-06-30T21:17:35.247+0000] {docker.py:429} INFO - [2m2025-06-30T21:17:35.245286Z[0m [[32m[1minfo     [0m] [1mInstalled loader 'target-csv' [0m
[2025-06-30T21:17:35.510+0000] {docker.py:429} INFO - [2m2025-06-30T21:17:35.509735Z[0m [[32m[1minfo     [0m] [1mInstalled loader 'target-csv-csv'[0m
[2025-06-30T21:17:35.511+0000] {docker.py:429} INFO - [2m2025-06-30T21:17:35.510557Z[0m [[32m[1minfo     [0m] [1mInstalled 7/7 plugins         [0m
[2025-06-30T21:17:36.767+0000] {docker.py:429} INFO - Meltano install completed. Executing command: meltano el tap-csv-latest target-postgres
[2025-06-30T21:17:39.238+0000] {docker.py:429} INFO - [2m2025-06-30T21:17:39.236442Z[0m [[32m[1minfo     [0m] [1mEnvironment 'dev' is active   [0m
[2025-06-30T21:17:39.813+0000] {docker.py:429} INFO - [2m2025-06-30T21:17:39.811899Z[0m [[32m[1minfo     [0m] [1mRunning extract & load...     [0m [36mname[0m=[35mmeltano[0m [36mrun_id[0m=[35mc3a42bae-05d0-4d8d-9622-f05ec6204000[0m [36mstate_id[0m=[35m2025-06-30T211746--tap-csv-latest--target-postgres[0m
[2025-06-30T21:17:41.816+0000] {docker.py:429} INFO - [2m2025-06-30T21:17:41.815310Z[0m [[32m[1minfo     [0m] [1mtap-csv: './meltano/config/tap-csv-latest.json' file not found[0m [36mcmd_type[0m=[35mextractor[0m [36mname[0m=[35mtap-csv-latest[0m [36mrun_id[0m=[35mc3a42bae-05d0-4d8d-9622-f05ec6204000[0m [36mstate_id[0m=[35m2025-06-30T211746--tap-csv-latest--target-postgres[0m [36mstdio[0m=[35mstderr[0m
[2025-06-30T21:17:42.086+0000] {docker.py:429} INFO - [2m2025-06-30T21:17:42.084441Z[0m [[32m[1minfo     [0m] [1mtarget-postgres v0.4.3, Meltano SDK v0.47.4[0m [36mcmd_type[0m=[35mloader[0m [36mname[0m=[35mtarget-postgres[0m [36mrun_id[0m=[35mc3a42bae-05d0-4d8d-9622-f05ec6204000[0m [36mstate_id[0m=[35m2025-06-30T211746--tap-csv-latest--target-postgres[0m [36mstdio[0m=[35mstderr[0m
[2025-06-30T21:17:42.088+0000] {docker.py:429} INFO - [2m2025-06-30T21:17:42.087093Z[0m [[32m[1minfo     [0m] [1m/opt/meltano/.meltano/loaders/target-postgres/venv/lib/python3.9/site-packages/singer_sdk/plugin_base.py:715: SingerSDKDeprecationWarning: Passing a list of config file paths is deprecated. Please pass the config as a dictionary instead.[0m [36mcmd_type[0m=[35mloader[0m [36mname[0m=[35mtarget-postgres[0m [36mrun_id[0m=[35mc3a42bae-05d0-4d8d-9622-f05ec6204000[0m [36mstate_id[0m=[35m2025-06-30T211746--tap-csv-latest--target-postgres[0m [36mstdio[0m=[35mstderr[0m
[2025-06-30T21:17:42.089+0000] {docker.py:429} INFO - [2m2025-06-30T21:17:42.087777Z[0m [[32m[1minfo     [0m] [1m  super().__init__(           [0m [36mcmd_type[0m=[35mloader[0m [36mname[0m=[35mtarget-postgres[0m [36mrun_id[0m=[35mc3a42bae-05d0-4d8d-9622-f05ec6204000[0m [36mstate_id[0m=[35m2025-06-30T211746--tap-csv-latest--target-postgres[0m [36mstdio[0m=[35mstderr[0m
[2025-06-30T21:17:42.090+0000] {docker.py:429} INFO - [2m2025-06-30T21:17:42.088514Z[0m [[32m[1minfo     [0m] [1m                              [0m [36mcmd_type[0m=[35mloader[0m [36mname[0m=[35mtarget-postgres[0m [36mrun_id[0m=[35mc3a42bae-05d0-4d8d-9622-f05ec6204000[0m [36mstate_id[0m=[35m2025-06-30T211746--tap-csv-latest--target-postgres[0m [36mstdio[0m=[35mstderr[0m
[2025-06-30T21:17:42.091+0000] {docker.py:429} INFO - [2m2025-06-30T21:17:42.089310Z[0m [[32m[1minfo     [0m] [1mSkipping parse of env var settings...[0m [36mcmd_type[0m=[35mloader[0m [36mname[0m=[35mtarget-postgres[0m [36mrun_id[0m=[35mc3a42bae-05d0-4d8d-9622-f05ec6204000[0m [36mstate_id[0m=[35m2025-06-30T211746--tap-csv-latest--target-postgres[0m [36mstdio[0m=[35mstderr[0m
[2025-06-30T21:17:42.092+0000] {docker.py:429} INFO - [2m2025-06-30T21:17:42.090260Z[0m [[32m[1minfo     [0m] [1mTraceback (most recent call last):[0m [36mcmd_type[0m=[35mloader[0m [36mname[0m=[35mtarget-postgres[0m [36mrun_id[0m=[35mc3a42bae-05d0-4d8d-9622-f05ec6204000[0m [36mstate_id[0m=[35m2025-06-30T211746--tap-csv-latest--target-postgres[0m [36mstdio[0m=[35mstderr[0m
[2025-06-30T21:17:42.092+0000] {docker.py:429} INFO - [2m2025-06-30T21:17:42.090962Z[0m [[32m[1minfo     [0m] [1m  File "/opt/meltano/.meltano/loaders/target-postgres/venv/bin/target-postgres", line 8, in <module>[0m [36mcmd_type[0m=[35mloader[0m [36mname[0m=[35mtarget-postgres[0m [36mrun_id[0m=[35mc3a42bae-05d0-4d8d-9622-f05ec6204000[0m [36mstate_id[0m=[35m2025-06-30T211746--tap-csv-latest--target-postgres[0m [36mstdio[0m=[35mstderr[0m
[2025-06-30T21:17:42.093+0000] {docker.py:429} INFO - [2m2025-06-30T21:17:42.091624Z[0m [[32m[1minfo     [0m] [1m    sys.exit(TargetPostgres.cli())[0m [36mcmd_type[0m=[35mloader[0m [36mname[0m=[35mtarget-postgres[0m [36mrun_id[0m=[35mc3a42bae-05d0-4d8d-9622-f05ec6204000[0m [36mstate_id[0m=[35m2025-06-30T211746--tap-csv-latest--target-postgres[0m [36mstdio[0m=[35mstderr[0m
[2025-06-30T21:17:42.094+0000] {docker.py:429} INFO - [2m2025-06-30T21:17:42.092223Z[0m [[32m[1minfo     [0m] [1m  File "/opt/meltano/.meltano/loaders/target-postgres/venv/lib/python3.9/site-packages/click/core.py", line 1161, in __call__[0m [36mcmd_type[0m=[35mloader[0m [36mname[0m=[35mtarget-postgres[0m [36mrun_id[0m=[35mc3a42bae-05d0-4d8d-9622-f05ec6204000[0m [36mstate_id[0m=[35m2025-06-30T211746--tap-csv-latest--target-postgres[0m [36mstdio[0m=[35mstderr[0m
[2025-06-30T21:17:42.094+0000] {docker.py:429} INFO - [2m2025-06-30T21:17:42.093190Z[0m [[32m[1minfo     [0m] [1m    return self.main(*args, **kwargs)[0m [36mcmd_type[0m=[35mloader[0m [36mname[0m=[35mtarget-postgres[0m [36mrun_id[0m=[35mc3a42bae-05d0-4d8d-9622-f05ec6204000[0m [36mstate_id[0m=[35m2025-06-30T211746--tap-csv-latest--target-postgres[0m [36mstdio[0m=[35mstderr[0m
[2025-06-30T21:17:42.095+0000] {docker.py:429} INFO - [2m2025-06-30T21:17:42.093837Z[0m [[32m[1minfo     [0m] [1m  File "/opt/meltano/.meltano/loaders/target-postgres/venv/lib/python3.9/site-packages/click/core.py", line 1082, in main[0m [36mcmd_type[0m=[35mloader[0m [36mname[0m=[35mtarget-postgres[0m [36mrun_id[0m=[35mc3a42bae-05d0-4d8d-9622-f05ec6204000[0m [36mstate_id[0m=[35m2025-06-30T211746--tap-csv-latest--target-postgres[0m [36mstdio[0m=[35mstderr[0m
[2025-06-30T21:17:42.096+0000] {docker.py:429} INFO - [2m2025-06-30T21:17:42.094535Z[0m [[32m[1minfo     [0m] [1m    rv = self.invoke(ctx)     [0m [36mcmd_type[0m=[35mloader[0m [36mname[0m=[35mtarget-postgres[0m [36mrun_id[0m=[35mc3a42bae-05d0-4d8d-9622-f05ec6204000[0m [36mstate_id[0m=[35m2025-06-30T211746--tap-csv-latest--target-postgres[0m [36mstdio[0m=[35mstderr[0m
[2025-06-30T21:17:42.096+0000] {docker.py:429} INFO - [2m2025-06-30T21:17:42.095234Z[0m [[32m[1minfo     [0m] [1m  File "/opt/meltano/.meltano/loaders/target-postgres/venv/lib/python3.9/site-packages/singer_sdk/plugin_base.py", line 98, in invoke[0m [36mcmd_type[0m=[35mloader[0m [36mname[0m=[35mtarget-postgres[0m [36mrun_id[0m=[35mc3a42bae-05d0-4d8d-9622-f05ec6204000[0m [36mstate_id[0m=[35m2025-06-30T211746--tap-csv-latest--target-postgres[0m [36mstdio[0m=[35mstderr[0m
[2025-06-30T21:17:42.097+0000] {docker.py:429} INFO - [2m2025-06-30T21:17:42.095940Z[0m [[32m[1minfo     [0m] [1m    return super().invoke(ctx)[0m [36mcmd_type[0m=[35mloader[0m [36mname[0m=[35mtarget-postgres[0m [36mrun_id[0m=[35mc3a42bae-05d0-4d8d-9622-f05ec6204000[0m [36mstate_id[0m=[35m2025-06-30T211746--tap-csv-latest--target-postgres[0m [36mstdio[0m=[35mstderr[0m
[2025-06-30T21:17:42.098+0000] {docker.py:429} INFO - [2m2025-06-30T21:17:42.096634Z[0m [[32m[1minfo     [0m] [1m  File "/opt/meltano/.meltano/loaders/target-postgres/venv/lib/python3.9/site-packages/click/core.py", line 1443, in invoke[0m [36mcmd_type[0m=[35mloader[0m [36mname[0m=[35mtarget-postgres[0m [36mrun_id[0m=[35mc3a42bae-05d0-4d8d-9622-f05ec6204000[0m [36mstate_id[0m=[35m2025-06-30T211746--tap-csv-latest--target-postgres[0m [36mstdio[0m=[35mstderr[0m
[2025-06-30T21:17:42.098+0000] {docker.py:429} INFO - [2m2025-06-30T21:17:42.097507Z[0m [[32m[1minfo     [0m] [1m    return ctx.invoke(self.callback, **ctx.params)[0m [36mcmd_type[0m=[35mloader[0m [36mname[0m=[35mtarget-postgres[0m [36mrun_id[0m=[35mc3a42bae-05d0-4d8d-9622-f05ec6204000[0m [36mstate_id[0m=[35m2025-06-30T211746--tap-csv-latest--target-postgres[0m [36mstdio[0m=[35mstderr[0m
[2025-06-30T21:17:42.099+0000] {docker.py:429} INFO - [2m2025-06-30T21:17:42.098185Z[0m [[32m[1minfo     [0m] [1m  File "/opt/meltano/.meltano/loaders/target-postgres/venv/lib/python3.9/site-packages/click/core.py", line 788, in invoke[0m [36mcmd_type[0m=[35mloader[0m [36mname[0m=[35mtarget-postgres[0m [36mrun_id[0m=[35mc3a42bae-05d0-4d8d-9622-f05ec6204000[0m [36mstate_id[0m=[35m2025-06-30T211746--tap-csv-latest--target-postgres[0m [36mstdio[0m=[35mstderr[0m
[2025-06-30T21:17:42.100+0000] {docker.py:429} INFO - [2m2025-06-30T21:17:42.099421Z[0m [[32m[1minfo     [0m] [1m    return __callback(*args, **kwargs)[0m [36mcmd_type[0m=[35mloader[0m [36mname[0m=[35mtarget-postgres[0m [36mrun_id[0m=[35mc3a42bae-05d0-4d8d-9622-f05ec6204000[0m [36mstate_id[0m=[35m2025-06-30T211746--tap-csv-latest--target-postgres[0m [36mstdio[0m=[35mstderr[0m
[2025-06-30T21:17:42.101+0000] {docker.py:429} INFO - [2m2025-06-30T21:17:42.100233Z[0m [[32m[1minfo     [0m] [1m  File "/opt/meltano/.meltano/loaders/target-postgres/venv/lib/python3.9/site-packages/singer_sdk/target_base.py", line 583, in invoke[0m [36mcmd_type[0m=[35mloader[0m [36mname[0m=[35mtarget-postgres[0m [36mrun_id[0m=[35mc3a42bae-05d0-4d8d-9622-f05ec6204000[0m [36mstate_id[0m=[35m2025-06-30T211746--tap-csv-latest--target-postgres[0m [36mstdio[0m=[35mstderr[0m
[2025-06-30T21:17:42.102+0000] {docker.py:429} INFO - [2m2025-06-30T21:17:42.101238Z[0m [[32m[1minfo     [0m] [1m    target = cls(             [0m [36mcmd_type[0m=[35mloader[0m [36mname[0m=[35mtarget-postgres[0m [36mrun_id[0m=[35mc3a42bae-05d0-4d8d-9622-f05ec6204000[0m [36mstate_id[0m=[35m2025-06-30T211746--tap-csv-latest--target-postgres[0m [36mstdio[0m=[35mstderr[0m
[2025-06-30T21:17:42.103+0000] {docker.py:429} INFO - [2m2025-06-30T21:17:42.102191Z[0m [[32m[1minfo     [0m] [1m  File "/opt/meltano/.meltano/loaders/target-postgres/venv/lib/python3.9/site-packages/target_postgres/target.py", line 62, in __init__[0m [36mcmd_type[0m=[35mloader[0m [36mname[0m=[35mtarget-postgres[0m [36mrun_id[0m=[35mc3a42bae-05d0-4d8d-9622-f05ec6204000[0m [36mstate_id[0m=[35m2025-06-30T211746--tap-csv-latest--target-postgres[0m [36mstdio[0m=[35mstderr[0m
[2025-06-30T21:17:42.104+0000] {docker.py:429} INFO - [2m2025-06-30T21:17:42.102992Z[0m [[32m[1minfo     [0m] [1m    assert (self.config.get("sqlalchemy_url") is not None) or ([0m [36mcmd_type[0m=[35mloader[0m [36mname[0m=[35mtarget-postgres[0m [36mrun_id[0m=[35mc3a42bae-05d0-4d8d-9622-f05ec6204000[0m [36mstate_id[0m=[35m2025-06-30T211746--tap-csv-latest--target-postgres[0m [36mstdio[0m=[35mstderr[0m
[2025-06-30T21:17:42.105+0000] {docker.py:429} INFO - [2m2025-06-30T21:17:42.104086Z[0m [[32m[1minfo     [0m] [1mAssertionError: Need either the sqlalchemy_url to be set or host, port, user, password, and dialect+driver to be set[0m [36mcmd_type[0m=[35mloader[0m [36mname[0m=[35mtarget-postgres[0m [36mrun_id[0m=[35mc3a42bae-05d0-4d8d-9622-f05ec6204000[0m [36mstate_id[0m=[35m2025-06-30T211746--tap-csv-latest--target-postgres[0m [36mstdio[0m=[35mstderr[0m
[2025-06-30T21:17:42.246+0000] {docker.py:429} INFO - [2m2025-06-30T21:17:42.245825Z[0m [[31m[1merror    [0m] [1mExtraction failed             [0m [36mcode[0m=[35m1[0m [36mmessage[0m=[35m"tap-csv: './meltano/config/tap-csv-latest.json' file not found"[0m [36mname[0m=[35mmeltano[0m [36mrun_id[0m=[35mc3a42bae-05d0-4d8d-9622-f05ec6204000[0m [36mstate_id[0m=[35m2025-06-30T211746--tap-csv-latest--target-postgres[0m
[2025-06-30T21:17:42.247+0000] {docker.py:429} INFO - [2m2025-06-30T21:17:42.246413Z[0m [[31m[1merror    [0m] [1mLoading failed                [0m [36mcode[0m=[35m1[0m [36mmessage[0m=[35m'AssertionError: Need either the sqlalchemy_url to be set or host, port, user, password, and dialect+driver to be set'[0m [36mname[0m=[35mmeltano[0m [36mrun_id[0m=[35mc3a42bae-05d0-4d8d-9622-f05ec6204000[0m [36mstate_id[0m=[35m2025-06-30T211746--tap-csv-latest--target-postgres[0m
[2025-06-30T21:17:42.247+0000] {docker.py:429} INFO - [2m2025-06-30T21:17:42.247401Z[0m [[32m[1minfo     [0m] [1mELT could not be completed: Extractor and loader failed.[0m [36mcmd_type[0m=[35melt[0m [36mname[0m=[35mmeltano[0m [36mrun_id[0m=[35mc3a42bae-05d0-4d8d-9622-f05ec6204000[0m [36mstate_id[0m=[35m2025-06-30T211746--tap-csv-latest--target-postgres[0m [36mstdio[0m=[35mstderr[0m
[2025-06-30T21:17:42.248+0000] {docker.py:429} INFO - [2m2025-06-30T21:17:42.247794Z[0m [[32m[1minfo     [0m] [1mFor more detailed log messages re-run the command using 'meltano --log-level=debug ...' CLI flag.[0m [36mcmd_type[0m=[35melt[0m [36mname[0m=[35mmeltano[0m [36mrun_id[0m=[35mc3a42bae-05d0-4d8d-9622-f05ec6204000[0m [36mstate_id[0m=[35m2025-06-30T211746--tap-csv-latest--target-postgres[0m [36mstdio[0m=[35mstderr[0m
[2025-06-30T21:17:42.248+0000] {docker.py:429} INFO - [2m2025-06-30T21:17:42.248122Z[0m [[32m[1minfo     [0m] [1mNote that you can also check the generated log file at '/opt/meltano/.meltano/logs/elt/2025-06-30T211746--tap-csv-latest--target-postgres/c3a42bae-05d0-4d8d-9622-f05ec6204000/elt.log'.[0m [36mcmd_type[0m=[35melt[0m [36mname[0m=[35mmeltano[0m [36mrun_id[0m=[35mc3a42bae-05d0-4d8d-9622-f05ec6204000[0m [36mstate_id[0m=[35m2025-06-30T211746--tap-csv-latest--target-postgres[0m [36mstdio[0m=[35mstderr[0m
[2025-06-30T21:17:42.249+0000] {docker.py:429} INFO - [2m2025-06-30T21:17:42.248475Z[0m [[32m[1minfo     [0m] [1mFor more information on debugging and logging: https://docs.meltano.com/reference/command-line-interface#debugging[0m [36mcmd_type[0m=[35melt[0m [36mname[0m=[35mmeltano[0m [36mrun_id[0m=[35mc3a42bae-05d0-4d8d-9622-f05ec6204000[0m [36mstate_id[0m=[35m2025-06-30T211746--tap-csv-latest--target-postgres[0m [36mstdio[0m=[35mstderr[0m
[2025-06-30T21:17:42.296+0000] {docker.py:429} INFO - Need help fixing this problem? Visit http://melta.no/ for troubleshooting steps, or to
join our friendly Slack community.

ELT could not be completed: Extractor and loader failed.
For more detailed log messages re-run the command using 'meltano --log-level=debug ...' CLI flag.
Note that you can also check the generated log file at '/opt/meltano/.meltano/logs/elt/2025-06-30T211746--tap-csv-latest--target-postgres/c3a42bae-05d0-4d8d-9622-f05ec6204000/elt.log'.
For more information on debugging and logging: https://docs.meltano.com/reference/command-line-interface#debugging
[2025-06-30T21:17:44.040+0000] {taskinstance.py:2698} ERROR - Task failed with exception
Traceback (most recent call last):
  File "/home/airflow/.local/lib/python3.10/site-packages/airflow/models/taskinstance.py", line 433, in _execute_task
    result = execute_callable(context=context, **execute_callable_kwargs)
  File "/home/airflow/.local/lib/python3.10/site-packages/airflow/providers/docker/operators/docker.py", line 502, in execute
    return self._run_image()
  File "/home/airflow/.local/lib/python3.10/site-packages/airflow/providers/docker/operators/docker.py", line 376, in _run_image
    return self._run_image_with_mounts(self.mounts, add_tmp_variable=False)
  File "/home/airflow/.local/lib/python3.10/site-packages/airflow/providers/docker/operators/docker.py", line 437, in _run_image_with_mounts
    raise DockerContainerFailedException(f"Docker container failed: {result!r}", logs=log_lines)
airflow.providers.docker.exceptions.DockerContainerFailedException: Docker container failed: {'StatusCode': 1}
[2025-06-30T21:17:44.053+0000] {taskinstance.py:1138} INFO - Marking task as UP_FOR_RETRY. dag_id=northwind, task_id=carregamento_postgres, execution_date=20250630T211548, start_date=20250630T211720, end_date=20250630T211744
[2025-06-30T21:17:44.114+0000] {standard_task_runner.py:107} ERROR - Failed to execute job 7 for task carregamento_postgres (Docker container failed: {'StatusCode': 1}; 330)
[2025-06-30T21:17:44.172+0000] {local_task_job_runner.py:234} INFO - Task exited with return code 1
[2025-06-30T21:17:44.208+0000] {taskinstance.py:3280} INFO - 0 downstream tasks scheduled from follow-on schedule check
