[2025-06-24T18:56:48.363+0000] {taskinstance.py:1956} INFO - Dependencies all met for dep_context=non-requeueable deps ti=<TaskInstance: northwind.extração_csv manual__2025-06-24T18:51:11.931614+00:00 [queued]>
[2025-06-24T18:56:48.380+0000] {taskinstance.py:1956} INFO - Dependencies all met for dep_context=requeueable deps ti=<TaskInstance: northwind.extração_csv manual__2025-06-24T18:51:11.931614+00:00 [queued]>
[2025-06-24T18:56:48.380+0000] {taskinstance.py:2170} INFO - Starting attempt 1 of 2
[2025-06-24T18:56:48.398+0000] {taskinstance.py:2191} INFO - Executing <Task(DockerOperator): extração_csv> on 2025-06-24 18:51:11.931614+00:00
[2025-06-24T18:56:48.404+0000] {standard_task_runner.py:60} INFO - Started process 187 to run task
[2025-06-24T18:56:48.409+0000] {standard_task_runner.py:87} INFO - Running: ['***', 'tasks', 'run', 'northwind', 'extração_csv', 'manual__2025-06-24T18:51:11.931614+00:00', '--job-id', '66', '--raw', '--subdir', 'DAGS_FOLDER/dag.py', '--cfg-path', '/tmp/tmpc3z121u_']
[2025-06-24T18:56:48.412+0000] {standard_task_runner.py:88} INFO - Job 66: Subtask extração_csv
[2025-06-24T18:56:48.464+0000] {task_command.py:423} INFO - Running <TaskInstance: northwind.extração_csv manual__2025-06-24T18:51:11.931614+00:00 [running]> on host a06304be4538
[2025-06-24T18:56:48.543+0000] {taskinstance.py:2480} INFO - Exporting env vars: AIRFLOW_CTX_DAG_EMAIL='lrbf@cin.ufpe.br' AIRFLOW_CTX_DAG_OWNER='***' AIRFLOW_CTX_DAG_ID='northwind' AIRFLOW_CTX_TASK_ID='extração_csv' AIRFLOW_CTX_EXECUTION_DATE='2025-06-24T18:51:11.931614+00:00' AIRFLOW_CTX_TRY_NUMBER='1' AIRFLOW_CTX_DAG_RUN_ID='manual__2025-06-24T18:51:11.931614+00:00'
[2025-06-24T18:56:48.851+0000] {docker.py:359} INFO - Starting docker container from image meltano:latest
[2025-06-24T18:56:48.856+0000] {docker.py:367} WARNING - Using remote engine or docker-in-docker and mounting temporary volume from host is not supported. Falling back to `mount_tmp_dir=False` mode. You can set `mount_tmp_dir` parameter to False to disable mounting and remove the warning
[2025-06-24T18:56:49.376+0000] {docker.py:429} INFO - Running meltano install...
[2025-06-24T18:56:50.771+0000] {docker.py:429} INFO - [2m2025-06-24T18:56:50.770261Z[0m [[32m[1minfo     [0m] [1mInstalling 7 plugins          [0m
[2025-06-24T18:56:50.784+0000] {docker.py:429} INFO - [2m2025-06-24T18:56:50.784052Z[0m [[32m[1minfo     [0m] [1mInstalling extractor 'tap-postgres'[0m
[2025-06-24T18:56:50.805+0000] {docker.py:429} INFO - [2m2025-06-24T18:56:50.804448Z[0m [[32m[1minfo     [0m] [1mInstalling extractor 'tap-csv'[0m
[2025-06-24T18:56:50.828+0000] {docker.py:429} INFO - [2m2025-06-24T18:56:50.827985Z[0m [[32m[1minfo     [0m] [1mInstalling extractor 'tap-csv-latest'[0m
[2025-06-24T18:56:50.852+0000] {docker.py:429} INFO - [2m2025-06-24T18:56:50.851343Z[0m [[32m[1minfo     [0m] [1mInstalling loader 'target-postgres'[0m
[2025-06-24T18:56:50.875+0000] {docker.py:429} INFO - [2m2025-06-24T18:56:50.874236Z[0m [[32m[1minfo     [0m] [1mInstalling loader 'target-csv'[0m
[2025-06-24T18:56:50.909+0000] {docker.py:429} INFO - [2m2025-06-24T18:56:50.909030Z[0m [[32m[1minfo     [0m] [1mInstalling loader 'target-csv-postgres'[0m
[2025-06-24T18:56:50.946+0000] {docker.py:429} INFO - [2m2025-06-24T18:56:50.945497Z[0m [[32m[1minfo     [0m] [1mInstalling loader 'target-csv-csv'[0m
[2025-06-24T18:56:52.707+0000] {docker.py:429} INFO - [2m2025-06-24T18:56:52.706388Z[0m [[32m[1minfo     [0m] [1mInstalled loader 'target-postgres'[0m
[2025-06-24T18:56:52.711+0000] {docker.py:429} INFO - [2m2025-06-24T18:56:52.710173Z[0m [[32m[1minfo     [0m] [1mInstalled extractor 'tap-postgres'[0m
[2025-06-24T18:57:00.282+0000] {docker.py:429} INFO - [2m2025-06-24T18:57:00.281465Z[0m [[32m[1minfo     [0m] [1mInstalled extractor 'tap-csv-latest'[0m
[2025-06-24T18:57:00.335+0000] {docker.py:429} INFO - [2m2025-06-24T18:57:00.334847Z[0m [[32m[1minfo     [0m] [1mInstalled extractor 'tap-csv' [0m
[2025-06-24T18:57:01.364+0000] {docker.py:429} INFO - [2m2025-06-24T18:57:01.363557Z[0m [[32m[1minfo     [0m] [1mInstalled loader 'target-csv-csv'[0m
[2025-06-24T18:57:01.788+0000] {docker.py:429} INFO - [2m2025-06-24T18:57:01.787226Z[0m [[32m[1minfo     [0m] [1mInstalled loader 'target-csv-postgres'[0m
[2025-06-24T18:57:02.202+0000] {docker.py:429} INFO - [2m2025-06-24T18:57:02.200852Z[0m [[32m[1minfo     [0m] [1mInstalled loader 'target-csv' [0m
[2025-06-24T18:57:02.202+0000] {docker.py:429} INFO - [2m2025-06-24T18:57:02.201790Z[0m [[32m[1minfo     [0m] [1mInstalled 7/7 plugins         [0m
[2025-06-24T18:57:03.174+0000] {docker.py:429} INFO - Meltano install completed. Executing command: meltano el tap-csv target-csv-csv
[2025-06-24T18:57:04.144+0000] {docker.py:429} INFO - [2m2025-06-24T18:57:04.144101Z[0m [[32m[1minfo     [0m] [1mEnvironment 'dev' is active   [0m
[2025-06-24T18:57:04.495+0000] {docker.py:429} INFO - [2m2025-06-24T18:57:04.494561Z[0m [[32m[1minfo     [0m] [1mRunning extract & load...     [0m [36mname[0m=[35mmeltano[0m [36mrun_id[0m=[35mc0512fff-c408-47cd-b4df-6d80f5515e00[0m [36mstate_id[0m=[35m2025-06-24T185704--tap-csv--target-csv-csv[0m
[2025-06-24T18:57:05.724+0000] {docker.py:429} INFO - [2m2025-06-24T18:57:05.723239Z[0m [[32m[1minfo     [0m] [1mINFO Sending version information to singer.io. To disable sending anonymous usage data, set the config parameter "disable_collection" to true[0m [36mcmd_type[0m=[35mloader[0m [36mname[0m=[35mtarget-csv-csv[0m [36mrun_id[0m=[35mc0512fff-c408-47cd-b4df-6d80f5515e00[0m [36mstate_id[0m=[35m2025-06-24T185704--tap-csv--target-csv-csv[0m [36mstdio[0m=[35mstderr[0m
[2025-06-24T18:57:05.929+0000] {docker.py:429} INFO - [2m2025-06-24T18:57:05.924744Z[0m [[32m[1minfo     [0m] [1mBeginning full_table sync of 'order_details'...[0m [36mcmd_type[0m=[35mextractor[0m [36mname[0m=[35mtap-csv[0m [36mrun_id[0m=[35mc0512fff-c408-47cd-b4df-6d80f5515e00[0m [36mstate_id[0m=[35m2025-06-24T185704--tap-csv--target-csv-csv[0m [36mstdio[0m=[35mstderr[0m
[2m2025-06-24T18:57:05.925077Z[0m [[32m[1minfo     [0m] [1mTap has custom mapper. Using 1 provided map(s).[0m [36mcmd_type[0m=[35mextractor[0m [36mname[0m=[35mtap-csv[0m [36mrun_id[0m=[35mc0512fff-c408-47cd-b4df-6d80f5515e00[0m [36mstate_id[0m=[35m2025-06-24T185704--tap-csv--target-csv-csv[0m [36mstdio[0m=[35mstderr[0m
[2025-06-24T18:57:06.061+0000] {docker.py:429} INFO - [2m2025-06-24T18:57:06.060464Z[0m [[32m[1minfo     [0m] [1mMETRIC: {"type": "timer", "metric": "sync_duration", "value": 0.13522648811340332, "tags": {"stream": "order_details", "pid": 175, "context": {}, "status": "succeeded"}}[0m [36mcmd_type[0m=[35mextractor[0m [36mname[0m=[35mtap-csv[0m [36mrun_id[0m=[35mc0512fff-c408-47cd-b4df-6d80f5515e00[0m [36mstate_id[0m=[35m2025-06-24T185704--tap-csv--target-csv-csv[0m [36mstdio[0m=[35mstderr[0m
[2m2025-06-24T18:57:06.060769Z[0m [[32m[1minfo     [0m] [1mMETRIC: {"type": "counter", "metric": "record_count", "value": 2155, "tags": {"stream": "order_details", "pid": 175, "context": {}}}[0m [36mcmd_type[0m=[35mextractor[0m [36mname[0m=[35mtap-csv[0m [36mrun_id[0m=[35mc0512fff-c408-47cd-b4df-6d80f5515e00[0m [36mstate_id[0m=[35m2025-06-24T185704--tap-csv--target-csv-csv[0m [36mstdio[0m=[35mstderr[0m
[2025-06-24T18:57:06.181+0000] {docker.py:429} INFO - [2m2025-06-24T18:57:06.180714Z[0m [[32m[1minfo     [0m] [1mUsing systemdb state backend  [0m
[2025-06-24T18:57:06.194+0000] {docker.py:429} INFO - [2m2025-06-24T18:57:06.193305Z[0m [[32m[1minfo     [0m] [1mIncremental state has been updated at 2025-06-24 18:57:06.193271+00:00.[0m
[2025-06-24T18:57:06.194+0000] {docker.py:429} INFO - [2m2025-06-24T18:57:06.194320Z[0m [[32m[1minfo     [0m] [1mExtract & load complete!      [0m [36mname[0m=[35mmeltano[0m [36mrun_id[0m=[35mc0512fff-c408-47cd-b4df-6d80f5515e00[0m [36mstate_id[0m=[35m2025-06-24T185704--tap-csv--target-csv-csv[0m
[2m2025-06-24T18:57:06.194530Z[0m [[32m[1minfo     [0m] [1mTransformation skipped.       [0m [36mname[0m=[35mmeltano[0m [36mrun_id[0m=[35mc0512fff-c408-47cd-b4df-6d80f5515e00[0m [36mstate_id[0m=[35m2025-06-24T185704--tap-csv--target-csv-csv[0m
[2025-06-24T18:57:07.417+0000] {taskinstance.py:1138} INFO - Marking task as SUCCESS. dag_id=northwind, task_id=extração_csv, execution_date=20250624T185111, start_date=20250624T185648, end_date=20250624T185707
[2025-06-24T18:57:07.445+0000] {local_task_job_runner.py:234} INFO - Task exited with return code 0
[2025-06-24T18:57:07.465+0000] {taskinstance.py:3280} INFO - 1 downstream tasks scheduled from follow-on schedule check
