[2025-06-27T18:52:17.306+0000] {taskinstance.py:1956} INFO - Dependencies all met for dep_context=non-requeueable deps ti=<TaskInstance: northwind.gerar_config_csv_dinamica manual__2025-06-27T18:51:23.050309+00:00 [queued]>
[2025-06-27T18:52:17.319+0000] {taskinstance.py:1956} INFO - Dependencies all met for dep_context=requeueable deps ti=<TaskInstance: northwind.gerar_config_csv_dinamica manual__2025-06-27T18:51:23.050309+00:00 [queued]>
[2025-06-27T18:52:17.319+0000] {taskinstance.py:2170} INFO - Starting attempt 1 of 2
[2025-06-27T18:52:17.336+0000] {taskinstance.py:2191} INFO - Executing <Task(DockerOperator): gerar_config_csv_dinamica> on 2025-06-27 18:51:23.050309+00:00
[2025-06-27T18:52:17.343+0000] {standard_task_runner.py:60} INFO - Started process 236 to run task
[2025-06-27T18:52:17.348+0000] {standard_task_runner.py:87} INFO - Running: ['***', 'tasks', 'run', 'northwind', 'gerar_config_csv_dinamica', 'manual__2025-06-27T18:51:23.050309+00:00', '--job-id', '333', '--raw', '--subdir', 'DAGS_FOLDER/northwind.py', '--cfg-path', '/tmp/tmplmj_j0us']
[2025-06-27T18:52:17.351+0000] {standard_task_runner.py:88} INFO - Job 333: Subtask gerar_config_csv_dinamica
[2025-06-27T18:52:17.414+0000] {task_command.py:423} INFO - Running <TaskInstance: northwind.gerar_config_csv_dinamica manual__2025-06-27T18:51:23.050309+00:00 [running]> on host 6afc1f3750fb
[2025-06-27T18:52:17.548+0000] {taskinstance.py:2480} INFO - Exporting env vars: AIRFLOW_CTX_DAG_EMAIL='lrbf@cin.ufpe.br' AIRFLOW_CTX_DAG_OWNER='***' AIRFLOW_CTX_DAG_ID='northwind' AIRFLOW_CTX_TASK_ID='gerar_config_csv_dinamica' AIRFLOW_CTX_EXECUTION_DATE='2025-06-27T18:51:23.050309+00:00' AIRFLOW_CTX_TRY_NUMBER='1' AIRFLOW_CTX_DAG_RUN_ID='manual__2025-06-27T18:51:23.050309+00:00'
[2025-06-27T18:52:17.868+0000] {docker.py:359} INFO - Starting docker container from image meltano:latest
[2025-06-27T18:52:23.876+0000] {docker.py:429} INFO - Running meltano install...
[2025-06-27T18:52:20.875+0000] {docker.py:429} INFO - [2m2025-06-27T18:52:20.874496Z[0m [[32m[1minfo     [0m] [1mInstalling 7 plugins          [0m
[2025-06-27T18:52:20.890+0000] {docker.py:429} INFO - [2m2025-06-27T18:52:20.889974Z[0m [[32m[1minfo     [0m] [1mInstalling extractor 'tap-postgres'[0m
[2025-06-27T18:52:20.911+0000] {docker.py:429} INFO - [2m2025-06-27T18:52:20.911017Z[0m [[32m[1minfo     [0m] [1mInstalling extractor 'tap-csv'[0m
[2025-06-27T18:52:20.944+0000] {docker.py:429} INFO - [2m2025-06-27T18:52:20.943864Z[0m [[32m[1minfo     [0m] [1mInstalling extractor 'tap-csv-latest'[0m
[2025-06-27T18:52:20.973+0000] {docker.py:429} INFO - [2m2025-06-27T18:52:20.971988Z[0m [[32m[1minfo     [0m] [1mInstalling loader 'target-postgres'[0m
[2025-06-27T18:52:21.014+0000] {docker.py:429} INFO - [2m2025-06-27T18:52:21.012945Z[0m [[32m[1minfo     [0m] [1mInstalling loader 'target-csv'[0m
[2025-06-27T18:52:21.062+0000] {docker.py:429} INFO - [2m2025-06-27T18:52:21.061728Z[0m [[32m[1minfo     [0m] [1mInstalling loader 'target-csv-postgres'[0m
[2025-06-27T18:52:21.110+0000] {docker.py:429} INFO - [2m2025-06-27T18:52:21.109225Z[0m [[32m[1minfo     [0m] [1mInstalling loader 'target-csv-csv'[0m
[2025-06-27T18:52:28.757+0000] {docker.py:429} INFO - [2m2025-06-27T18:52:28.756176Z[0m [[32m[1minfo     [0m] [1mInstalled extractor 'tap-postgres'[0m
[2025-06-27T18:52:28.804+0000] {docker.py:429} INFO - [2m2025-06-27T18:52:28.803450Z[0m [[32m[1minfo     [0m] [1mInstalled loader 'target-postgres'[0m
[2025-06-27T18:52:30.320+0000] {docker.py:429} INFO - [2m2025-06-27T18:52:30.319389Z[0m [[32m[1minfo     [0m] [1mInstalled extractor 'tap-csv-latest'[0m
[2025-06-27T18:52:30.343+0000] {docker.py:429} INFO - [2m2025-06-27T18:52:30.342201Z[0m [[32m[1minfo     [0m] [1mInstalled extractor 'tap-csv' [0m
[2025-06-27T18:52:30.883+0000] {docker.py:429} INFO - [2m2025-06-27T18:52:30.883185Z[0m [[32m[1minfo     [0m] [1mInstalled loader 'target-csv' [0m
[2025-06-27T18:52:30.902+0000] {docker.py:429} INFO - [2m2025-06-27T18:52:30.901839Z[0m [[32m[1minfo     [0m] [1mInstalled loader 'target-csv-csv'[0m
[2025-06-27T18:52:31.774+0000] {docker.py:429} INFO - [2m2025-06-27T18:52:31.772424Z[0m [[32m[1minfo     [0m] [1mInstalled loader 'target-csv-postgres'[0m
[2025-06-27T18:52:31.775+0000] {docker.py:429} INFO - [2m2025-06-27T18:52:31.773256Z[0m [[32m[1minfo     [0m] [1mInstalled 7/7 plugins         [0m
[2025-06-27T18:52:32.650+0000] {docker.py:429} INFO - Meltano install completed. Executing command: python /opt/meltano/scripts/generate_tap_csv_config.py
[2025-06-27T18:52:32.715+0000] {docker.py:429} INFO - {"files": [{"entity": "order_details", "path": "/opt/output_data/csv/order_details/2025-06-27/file.csv", "keys": ["order_id", "product_id"], "delimiter": ",", "encoding": "utf-8"}, {"entity": "public-categories", "path": "/opt/output_data/postgres/public-categories/2025-06-27/file.csv", "keys": ["category_id"], "delimiter": ",", "encoding": "utf-8"}, {"entity": "public-products", "path": "/opt/output_data/postgres/public-products/2025-06-27/file.csv", "keys": ["product_id"], "delimiter": ",", "encoding": "utf-8"}, {"entity": "public-suppliers", "path": "/opt/output_data/postgres/public-suppliers/2025-06-27/file.csv", "keys": ["supplier_id"], "delimiter": ",", "encoding": "utf-8"}, {"entity": "public-orders", "path": "/opt/output_data/postgres/public-orders/2025-06-27/file.csv", "keys": ["order_id"], "delimiter": ",", "encoding": "utf-8"}, {"entity": "public-customers", "path": "/opt/output_data/postgres/public-customers/2025-06-27/file.csv", "keys": ["customer_id"], "delimiter": ",", "encoding": "utf-8"}, {"entity": "public-employees", "path": "/opt/output_data/postgres/public-employees/2025-06-27/file.csv", "keys": ["employee_id"], "delimiter": ",", "encoding": "utf-8"}, {"entity": "public-employee_territories", "path": "/opt/output_data/postgres/public-employee_territories/2025-06-27/file.csv", "keys": ["employee_id", "territory_id"], "delimiter": ",", "encoding": "utf-8"}, {"entity": "public-territories", "path": "/opt/output_data/postgres/public-territories/2025-06-27/file.csv", "keys": ["territory_id"], "delimiter": ",", "encoding": "utf-8"}, {"entity": "public-region", "path": "/opt/output_data/postgres/public-region/2025-06-27/file.csv", "keys": ["region_id"], "delimiter": ",", "encoding": "utf-8"}, {"entity": "public-shippers", "path": "/opt/output_data/postgres/public-shippers/2025-06-27/file.csv", "keys": ["shipper_id"], "delimiter": ",", "encoding": "utf-8"}, {"entity": "public-us_states", "path": "/opt/output_data/postgres/public-us_states/2025-06-27/file.csv", "keys": ["state_id"], "delimiter": ",", "encoding": "utf-8"}]}
[2025-06-27T18:52:33.053+0000] {taskinstance.py:1138} INFO - Marking task as SUCCESS. dag_id=northwind, task_id=gerar_config_csv_dinamica, execution_date=20250627T185123, start_date=20250627T185217, end_date=20250627T185233
[2025-06-27T18:52:33.133+0000] {local_task_job_runner.py:234} INFO - Task exited with return code 0
[2025-06-27T18:52:33.219+0000] {taskinstance.py:3280} INFO - 1 downstream tasks scheduled from follow-on schedule check
