[2025-06-23T22:51:54.760+0000] {taskinstance.py:1956} INFO - Dependencies all met for dep_context=non-requeueable deps ti=<TaskInstance: northwind.extração_csv manual__2025-06-23T22:51:28.664619+00:00 [queued]>
[2025-06-23T22:51:54.768+0000] {taskinstance.py:1956} INFO - Dependencies all met for dep_context=requeueable deps ti=<TaskInstance: northwind.extração_csv manual__2025-06-23T22:51:28.664619+00:00 [queued]>
[2025-06-23T22:51:54.769+0000] {taskinstance.py:2170} INFO - Starting attempt 1 of 2
[2025-06-23T22:51:54.785+0000] {taskinstance.py:2191} INFO - Executing <Task(DockerOperator): extração_csv> on 2025-06-23 22:51:28.664619+00:00
[2025-06-23T22:51:54.793+0000] {standard_task_runner.py:60} INFO - Started process 228 to run task
[2025-06-23T22:51:54.796+0000] {standard_task_runner.py:87} INFO - Running: ['***', 'tasks', 'run', 'northwind', 'extração_csv', 'manual__2025-06-23T22:51:28.664619+00:00', '--job-id', '34', '--raw', '--subdir', 'DAGS_FOLDER/dag.py', '--cfg-path', '/tmp/tmp5wmj0ryf']
[2025-06-23T22:51:54.798+0000] {standard_task_runner.py:88} INFO - Job 34: Subtask extração_csv
[2025-06-23T22:51:54.863+0000] {task_command.py:423} INFO - Running <TaskInstance: northwind.extração_csv manual__2025-06-23T22:51:28.664619+00:00 [running]> on host a06304be4538
[2025-06-23T22:51:54.956+0000] {taskinstance.py:2480} INFO - Exporting env vars: AIRFLOW_CTX_DAG_EMAIL='lrbf@cin.ufpe.br' AIRFLOW_CTX_DAG_OWNER='***' AIRFLOW_CTX_DAG_ID='northwind' AIRFLOW_CTX_TASK_ID='extração_csv' AIRFLOW_CTX_EXECUTION_DATE='2025-06-23T22:51:28.664619+00:00' AIRFLOW_CTX_TRY_NUMBER='1' AIRFLOW_CTX_DAG_RUN_ID='manual__2025-06-23T22:51:28.664619+00:00'
[2025-06-23T22:51:55.150+0000] {docker.py:359} INFO - Starting docker container from image indicium_pipeline-meltano:latest
[2025-06-23T22:51:55.559+0000] {docker.py:429} INFO - Running meltano install...
[2025-06-23T22:51:57.309+0000] {docker.py:429} INFO - [2m2025-06-23T22:51:57.308482Z[0m [[32m[1minfo     [0m] [1mInstalling 7 plugins          [0m
[2025-06-23T22:51:57.328+0000] {docker.py:429} INFO - [2m2025-06-23T22:51:57.327383Z[0m [[32m[1minfo     [0m] [1mInstalling extractor 'tap-postgres'[0m
[2025-06-23T22:51:57.350+0000] {docker.py:429} INFO - [2m2025-06-23T22:51:57.349050Z[0m [[32m[1minfo     [0m] [1mInstalling extractor 'tap-csv'[0m
[2025-06-23T22:51:57.377+0000] {docker.py:429} INFO - [2m2025-06-23T22:51:57.376203Z[0m [[32m[1minfo     [0m] [1mInstalling extractor 'tap-csv-latest'[0m
[2025-06-23T22:51:57.414+0000] {docker.py:429} INFO - [2m2025-06-23T22:51:57.413115Z[0m [[32m[1minfo     [0m] [1mInstalling loader 'target-postgres'[0m
[2025-06-23T22:51:57.445+0000] {docker.py:429} INFO - [2m2025-06-23T22:51:57.443899Z[0m [[32m[1minfo     [0m] [1mInstalling loader 'target-csv'[0m
[2025-06-23T22:51:57.476+0000] {docker.py:429} INFO - [2m2025-06-23T22:51:57.475162Z[0m [[32m[1minfo     [0m] [1mInstalling loader 'target-csv-postgres'[0m
[2025-06-23T22:51:57.518+0000] {docker.py:429} INFO - [2m2025-06-23T22:51:57.517394Z[0m [[32m[1minfo     [0m] [1mInstalling loader 'target-csv-csv'[0m
[2025-06-23T22:52:00.238+0000] {docker.py:429} INFO - [2m2025-06-23T22:52:00.236751Z[0m [[32m[1minfo     [0m] [1mInstalled extractor 'tap-postgres'[0m
[2025-06-23T22:52:00.433+0000] {docker.py:429} INFO - [2m2025-06-23T22:52:00.432877Z[0m [[32m[1minfo     [0m] [1mInstalled loader 'target-postgres'[0m
[2025-06-23T22:52:07.214+0000] {docker.py:429} INFO - [2m2025-06-23T22:52:07.209802Z[0m [[32m[1minfo     [0m] [1mInstalled extractor 'tap-csv-latest'[0m
[2025-06-23T22:52:07.230+0000] {docker.py:429} INFO - [2m2025-06-23T22:52:07.229727Z[0m [[32m[1minfo     [0m] [1mInstalled extractor 'tap-csv' [0m
[2025-06-23T22:52:07.494+0000] {docker.py:429} INFO - [2m2025-06-23T22:52:07.493345Z[0m [[32m[1minfo     [0m] [1mInstalled loader 'target-csv' [0m
[2025-06-23T22:52:07.743+0000] {docker.py:429} INFO - [2m2025-06-23T22:52:07.742979Z[0m [[32m[1minfo     [0m] [1mInstalled loader 'target-csv-csv'[0m
[2025-06-23T22:52:07.762+0000] {docker.py:429} INFO - [2m2025-06-23T22:52:07.761610Z[0m [[32m[1minfo     [0m] [1mInstalled loader 'target-csv-postgres'[0m
[2025-06-23T22:52:07.767+0000] {docker.py:429} INFO - [2m2025-06-23T22:52:07.765578Z[0m [[32m[1minfo     [0m] [1mInstalled 7/7 plugins         [0m
[2025-06-23T22:52:08.785+0000] {docker.py:429} INFO - Meltano install completed. Executing command: meltano el tap-csv target-csv-csv
[2025-06-23T22:52:07.657+0000] {docker.py:429} INFO - [2m2025-06-23T22:52:07.656370Z[0m [[32m[1minfo     [0m] [1mEnvironment 'dev' is active   [0m
[2025-06-23T22:52:08.133+0000] {docker.py:429} INFO - [2m2025-06-23T22:52:08.133035Z[0m [[32m[1minfo     [0m] [1mRunning extract & load...     [0m [36mname[0m=[35mmeltano[0m [36mrun_id[0m=[35mca613851-9d50-4a60-b1e3-d3f265091319[0m [36mstate_id[0m=[35m2025-06-23T225207--tap-csv--target-csv-csv[0m
[2025-06-23T22:52:09.374+0000] {docker.py:429} INFO - [2m2025-06-23T22:52:09.373457Z[0m [[32m[1minfo     [0m] [1mINFO Sending version information to singer.io. To disable sending anonymous usage data, set the config parameter "disable_collection" to true[0m [36mcmd_type[0m=[35mloader[0m [36mname[0m=[35mtarget-csv-csv[0m [36mrun_id[0m=[35mca613851-9d50-4a60-b1e3-d3f265091319[0m [36mstate_id[0m=[35m2025-06-23T225207--tap-csv--target-csv-csv[0m [36mstdio[0m=[35mstderr[0m
[2025-06-23T22:52:09.699+0000] {docker.py:429} INFO - [2m2025-06-23T22:52:09.698488Z[0m [[32m[1minfo     [0m] [1mBeginning full_table sync of 'order_details'...[0m [36mcmd_type[0m=[35mextractor[0m [36mname[0m=[35mtap-csv[0m [36mrun_id[0m=[35mca613851-9d50-4a60-b1e3-d3f265091319[0m [36mstate_id[0m=[35m2025-06-23T225207--tap-csv--target-csv-csv[0m [36mstdio[0m=[35mstderr[0m
[2025-06-23T22:52:09.700+0000] {docker.py:429} INFO - [2m2025-06-23T22:52:09.698972Z[0m [[32m[1minfo     [0m] [1mTap has custom mapper. Using 1 provided map(s).[0m [36mcmd_type[0m=[35mextractor[0m [36mname[0m=[35mtap-csv[0m [36mrun_id[0m=[35mca613851-9d50-4a60-b1e3-d3f265091319[0m [36mstate_id[0m=[35m2025-06-23T225207--tap-csv--target-csv-csv[0m [36mstdio[0m=[35mstderr[0m
[2025-06-23T22:52:09.895+0000] {docker.py:429} INFO - [2m2025-06-23T22:52:09.894645Z[0m [[32m[1minfo     [0m] [1mMETRIC: {"type": "timer", "metric": "sync_duration", "value": 0.19561147689819336, "tags": {"stream": "order_details", "pid": 176, "context": {}, "status": "succeeded"}}[0m [36mcmd_type[0m=[35mextractor[0m [36mname[0m=[35mtap-csv[0m [36mrun_id[0m=[35mca613851-9d50-4a60-b1e3-d3f265091319[0m [36mstate_id[0m=[35m2025-06-23T225207--tap-csv--target-csv-csv[0m [36mstdio[0m=[35mstderr[0m
[2025-06-23T22:52:09.896+0000] {docker.py:429} INFO - [2m2025-06-23T22:52:09.895162Z[0m [[32m[1minfo     [0m] [1mMETRIC: {"type": "counter", "metric": "record_count", "value": 2155, "tags": {"stream": "order_details", "pid": 176, "context": {}}}[0m [36mcmd_type[0m=[35mextractor[0m [36mname[0m=[35mtap-csv[0m [36mrun_id[0m=[35mca613851-9d50-4a60-b1e3-d3f265091319[0m [36mstate_id[0m=[35m2025-06-23T225207--tap-csv--target-csv-csv[0m [36mstdio[0m=[35mstderr[0m
[2025-06-23T22:52:09.999+0000] {docker.py:429} INFO - [2m2025-06-23T22:52:09.998299Z[0m [[32m[1minfo     [0m] [1mUsing systemdb state backend  [0m
[2025-06-23T22:52:10.009+0000] {docker.py:429} INFO - [2m2025-06-23T22:52:10.009103Z[0m [[32m[1minfo     [0m] [1mIncremental state has been updated at 2025-06-23 22:52:10.009067+00:00.[0m
[2025-06-23T22:52:10.016+0000] {docker.py:429} INFO - [2m2025-06-23T22:52:10.015888Z[0m [[32m[1minfo     [0m] [1mExtract & load complete!      [0m [36mname[0m=[35mmeltano[0m [36mrun_id[0m=[35mca613851-9d50-4a60-b1e3-d3f265091319[0m [36mstate_id[0m=[35m2025-06-23T225207--tap-csv--target-csv-csv[0m
[2025-06-23T22:52:10.017+0000] {docker.py:429} INFO - [2m2025-06-23T22:52:10.016240Z[0m [[32m[1minfo     [0m] [1mTransformation skipped.       [0m [36mname[0m=[35mmeltano[0m [36mrun_id[0m=[35mca613851-9d50-4a60-b1e3-d3f265091319[0m [36mstate_id[0m=[35m2025-06-23T225207--tap-csv--target-csv-csv[0m
[2025-06-23T22:52:11.208+0000] {taskinstance.py:1138} INFO - Marking task as SUCCESS. dag_id=northwind, task_id=extração_csv, execution_date=20250623T225128, start_date=20250623T225154, end_date=20250623T225211
[2025-06-23T22:52:11.249+0000] {local_task_job_runner.py:234} INFO - Task exited with return code 0
[2025-06-23T22:52:11.271+0000] {taskinstance.py:3280} INFO - 1 downstream tasks scheduled from follow-on schedule check
