[2025-07-01T22:00:57.549+0000] {taskinstance.py:1956} INFO - Dependencies all met for dep_context=non-requeueable deps ti=<TaskInstance: northwind.gerar_config_csv_dinamica manual__2025-07-01T22:00:09.160190+00:00 [queued]>
[2025-07-01T22:00:57.562+0000] {taskinstance.py:1956} INFO - Dependencies all met for dep_context=requeueable deps ti=<TaskInstance: northwind.gerar_config_csv_dinamica manual__2025-07-01T22:00:09.160190+00:00 [queued]>
[2025-07-01T22:00:57.562+0000] {taskinstance.py:2170} INFO - Starting attempt 1 of 2
[2025-07-01T22:00:57.576+0000] {taskinstance.py:2191} INFO - Executing <Task(DockerOperator): gerar_config_csv_dinamica> on 2025-07-01 22:00:09.160190+00:00
[2025-07-01T22:00:57.582+0000] {standard_task_runner.py:60} INFO - Started process 191 to run task
[2025-07-01T22:00:57.587+0000] {standard_task_runner.py:87} INFO - Running: ['***', 'tasks', 'run', 'northwind', 'gerar_config_csv_dinamica', 'manual__2025-07-01T22:00:09.160190+00:00', '--job-id', '16', '--raw', '--subdir', 'DAGS_FOLDER/northwind.py', '--cfg-path', '/tmp/tmp624r6lhi']
[2025-07-01T22:00:57.590+0000] {standard_task_runner.py:88} INFO - Job 16: Subtask gerar_config_csv_dinamica
[2025-07-01T22:00:57.650+0000] {task_command.py:423} INFO - Running <TaskInstance: northwind.gerar_config_csv_dinamica manual__2025-07-01T22:00:09.160190+00:00 [running]> on host e62fc41f1c39
[2025-07-01T22:00:57.733+0000] {taskinstance.py:2480} INFO - Exporting env vars: AIRFLOW_CTX_DAG_EMAIL='lrbf@cin.ufpe.br' AIRFLOW_CTX_DAG_OWNER='***' AIRFLOW_CTX_DAG_ID='northwind' AIRFLOW_CTX_TASK_ID='gerar_config_csv_dinamica' AIRFLOW_CTX_EXECUTION_DATE='2025-07-01T22:00:09.160190+00:00' AIRFLOW_CTX_TRY_NUMBER='1' AIRFLOW_CTX_DAG_RUN_ID='manual__2025-07-01T22:00:09.160190+00:00'
[2025-07-01T22:00:57.800+0000] {docker.py:359} INFO - Starting docker container from image meltano:latest
[2025-07-01T22:00:58.161+0000] {docker.py:429} INFO - Running meltano install...
[2025-07-01T22:01:00.878+0000] {docker.py:429} INFO - [2m2025-07-01T22:01:00.877198Z[0m [[32m[1minfo     [0m] [1mInstalling 7 plugins          [0m
[2025-07-01T22:01:00.917+0000] {docker.py:429} INFO - [2m2025-07-01T22:01:00.916053Z[0m [[32m[1minfo     [0m] [1mInstalling extractor 'tap-postgres'[0m
[2025-07-01T22:01:00.987+0000] {docker.py:429} INFO - [2m2025-07-01T22:01:00.986330Z[0m [[32m[1minfo     [0m] [1mInstalling extractor 'tap-csv'[0m
[2025-07-01T22:01:01.039+0000] {docker.py:429} INFO - [2m2025-07-01T22:01:01.037925Z[0m [[32m[1minfo     [0m] [1mInstalling extractor 'tap-csv-latest'[0m
[2025-07-01T22:01:01.077+0000] {docker.py:429} INFO - [2m2025-07-01T22:01:01.076124Z[0m [[32m[1minfo     [0m] [1mInstalling loader 'target-postgres'[0m
[2025-07-01T22:01:01.112+0000] {docker.py:429} INFO - [2m2025-07-01T22:01:01.111805Z[0m [[32m[1minfo     [0m] [1mInstalling loader 'target-csv'[0m
[2025-07-01T22:01:01.148+0000] {docker.py:429} INFO - [2m2025-07-01T22:01:01.147111Z[0m [[32m[1minfo     [0m] [1mInstalling loader 'target-csv-postgres'[0m
[2025-07-01T22:01:01.199+0000] {docker.py:429} INFO - [2m2025-07-01T22:01:01.192035Z[0m [[32m[1minfo     [0m] [1mInstalling loader 'target-csv-csv'[0m
[2025-07-01T22:01:02.492+0000] {docker.py:429} INFO - [2m2025-07-01T22:01:02.492088Z[0m [[32m[1minfo     [0m] [1mInstalled extractor 'tap-postgres'[0m
[2025-07-01T22:01:02.573+0000] {docker.py:429} INFO - [2m2025-07-01T22:01:02.573021Z[0m [[32m[1minfo     [0m] [1mInstalled loader 'target-postgres'[0m
[2025-07-01T22:01:07.526+0000] {docker.py:429} INFO - [2m2025-07-01T22:01:07.525837Z[0m [[32m[1minfo     [0m] [1mInstalled extractor 'tap-csv' [0m
[2025-07-01T22:01:07.529+0000] {docker.py:429} INFO - [2m2025-07-01T22:01:07.528557Z[0m [[32m[1minfo     [0m] [1mInstalled extractor 'tap-csv-latest'[0m
[2025-07-01T22:01:08.210+0000] {docker.py:429} INFO - [2m2025-07-01T22:01:08.209633Z[0m [[32m[1minfo     [0m] [1mInstalled loader 'target-csv' [0m
[2025-07-01T22:01:08.985+0000] {docker.py:429} INFO - [2m2025-07-01T22:01:08.984788Z[0m [[32m[1minfo     [0m] [1mInstalled loader 'target-csv-csv'[0m
[2025-07-01T22:01:08.986+0000] {docker.py:429} INFO - [2m2025-07-01T22:01:08.985842Z[0m [[32m[1minfo     [0m] [1mInstalled loader 'target-csv-postgres'[0m
[2025-07-01T22:01:08.986+0000] {docker.py:429} INFO - [2m2025-07-01T22:01:08.986211Z[0m [[32m[1minfo     [0m] [1mInstalled 7/7 plugins         [0m
[2025-07-01T22:01:09.998+0000] {docker.py:429} INFO - Meltano install completed. Executing command: python /opt/meltano/scripts/generate_csv_config.py
[2025-07-01T22:01:10.081+0000] {docker.py:429} INFO - {"files": [{"entity": "order_details", "path": "/opt/output_data/csv/order_details/2025-07-01/file.csv", "keys": ["order_id", "product_id"], "delimiter": ",", "encoding": "utf-8"}, {"entity": "public-categories", "path": "/opt/output_data/postgres/public-categories/2025-07-01/file.csv", "keys": ["category_id"], "delimiter": ",", "encoding": "utf-8"}, {"entity": "public-products", "path": "/opt/output_data/postgres/public-products/2025-07-01/file.csv", "keys": ["product_id"], "delimiter": ",", "encoding": "utf-8"}, {"entity": "public-suppliers", "path": "/opt/output_data/postgres/public-suppliers/2025-07-01/file.csv", "keys": ["supplier_id"], "delimiter": ",", "encoding": "utf-8"}, {"entity": "public-orders", "path": "/opt/output_data/postgres/public-orders/2025-07-01/file.csv", "keys": ["order_id"], "delimiter": ",", "encoding": "utf-8"}, {"entity": "public-customers", "path": "/opt/output_data/postgres/public-customers/2025-07-01/file.csv", "keys": ["customer_id"], "delimiter": ",", "encoding": "utf-8"}, {"entity": "public-employees", "path": "/opt/output_data/postgres/public-employees/2025-07-01/file.csv", "keys": ["employee_id"], "delimiter": ",", "encoding": "utf-8"}, {"entity": "public-employee_territories", "path": "/opt/output_data/postgres/public-employee_territories/2025-07-01/file.csv", "keys": ["employee_id", "territory_id"], "delimiter": ",", "encoding": "utf-8"}, {"entity": "public-territories", "path": "/opt/output_data/postgres/public-territories/2025-07-01/file.csv", "keys": ["territory_id"], "delimiter": ",", "encoding": "utf-8"}, {"entity": "public-region", "path": "/opt/output_data/postgres/public-region/2025-07-01/file.csv", "keys": ["region_id"], "delimiter": ",", "encoding": "utf-8"}, {"entity": "public-shippers", "path": "/opt/output_data/postgres/public-shippers/2025-07-01/file.csv", "keys": ["shipper_id"], "delimiter": ",", "encoding": "utf-8"}, {"entity": "public-us_states", "path": "/opt/output_data/postgres/public-us_states/2025-07-01/file.csv", "keys": ["state_id"], "delimiter": ",", "encoding": "utf-8"}]}
[2025-07-01T22:01:10.414+0000] {taskinstance.py:1138} INFO - Marking task as SUCCESS. dag_id=northwind, task_id=gerar_config_csv_dinamica, execution_date=20250701T220009, start_date=20250701T220057, end_date=20250701T220110
[2025-07-01T22:01:10.486+0000] {local_task_job_runner.py:234} INFO - Task exited with return code 0
[2025-07-01T22:01:10.528+0000] {taskinstance.py:3280} INFO - 1 downstream tasks scheduled from follow-on schedule check
