[2025-07-01T20:05:25.344+0000] {taskinstance.py:1956} INFO - Dependencies all met for dep_context=non-requeueable deps ti=<TaskInstance: northwind.gerar_config_csv_dinamica manual__2025-07-01T19:59:27.292636+00:00 [queued]>
[2025-07-01T20:05:25.354+0000] {taskinstance.py:1956} INFO - Dependencies all met for dep_context=requeueable deps ti=<TaskInstance: northwind.gerar_config_csv_dinamica manual__2025-07-01T19:59:27.292636+00:00 [queued]>
[2025-07-01T20:05:25.355+0000] {taskinstance.py:2170} INFO - Starting attempt 1 of 2
[2025-07-01T20:05:25.368+0000] {taskinstance.py:2191} INFO - Executing <Task(DockerOperator): gerar_config_csv_dinamica> on 2025-07-01 19:59:27.292636+00:00
[2025-07-01T20:05:25.372+0000] {standard_task_runner.py:60} INFO - Started process 249 to run task
[2025-07-01T20:05:25.375+0000] {standard_task_runner.py:87} INFO - Running: ['***', 'tasks', 'run', 'northwind', 'gerar_config_csv_dinamica', 'manual__2025-07-01T19:59:27.292636+00:00', '--job-id', '9', '--raw', '--subdir', 'DAGS_FOLDER/northwind.py', '--cfg-path', '/tmp/tmph7pmei3r']
[2025-07-01T20:05:25.377+0000] {standard_task_runner.py:88} INFO - Job 9: Subtask gerar_config_csv_dinamica
[2025-07-01T20:05:25.423+0000] {task_command.py:423} INFO - Running <TaskInstance: northwind.gerar_config_csv_dinamica manual__2025-07-01T19:59:27.292636+00:00 [running]> on host 75ef599f9042
[2025-07-01T20:05:25.493+0000] {taskinstance.py:2480} INFO - Exporting env vars: AIRFLOW_CTX_DAG_EMAIL='lrbf@cin.ufpe.br' AIRFLOW_CTX_DAG_OWNER='***' AIRFLOW_CTX_DAG_ID='northwind' AIRFLOW_CTX_TASK_ID='gerar_config_csv_dinamica' AIRFLOW_CTX_EXECUTION_DATE='2025-07-01T19:59:27.292636+00:00' AIRFLOW_CTX_TRY_NUMBER='1' AIRFLOW_CTX_DAG_RUN_ID='manual__2025-07-01T19:59:27.292636+00:00'
[2025-07-01T20:05:25.556+0000] {docker.py:359} INFO - Starting docker container from image meltano:latest
[2025-07-01T20:05:25.861+0000] {docker.py:429} INFO - Running meltano install...
[2025-07-01T20:05:27.109+0000] {docker.py:429} INFO - [2m2025-07-01T20:05:27.108543Z[0m [[32m[1minfo     [0m] [1mInstalling 7 plugins          [0m
[2025-07-01T20:05:27.120+0000] {docker.py:429} INFO - [2m2025-07-01T20:05:27.119394Z[0m [[32m[1minfo     [0m] [1mInstalling extractor 'tap-postgres'[0m
[2025-07-01T20:05:27.135+0000] {docker.py:429} INFO - [2m2025-07-01T20:05:27.135025Z[0m [[32m[1minfo     [0m] [1mInstalling extractor 'tap-csv'[0m
[2025-07-01T20:05:27.150+0000] {docker.py:429} INFO - [2m2025-07-01T20:05:27.150160Z[0m [[32m[1minfo     [0m] [1mInstalling extractor 'tap-csv-latest'[0m
[2025-07-01T20:05:27.168+0000] {docker.py:429} INFO - [2m2025-07-01T20:05:27.167382Z[0m [[32m[1minfo     [0m] [1mInstalling loader 'target-postgres'[0m
[2025-07-01T20:05:27.193+0000] {docker.py:429} INFO - [2m2025-07-01T20:05:27.192478Z[0m [[32m[1minfo     [0m] [1mInstalling loader 'target-csv'[0m
[2025-07-01T20:05:27.220+0000] {docker.py:429} INFO - [2m2025-07-01T20:05:27.219369Z[0m [[32m[1minfo     [0m] [1mInstalling loader 'target-csv-postgres'[0m
[2025-07-01T20:05:27.250+0000] {docker.py:429} INFO - [2m2025-07-01T20:05:27.249766Z[0m [[32m[1minfo     [0m] [1mInstalling loader 'target-csv-csv'[0m
[2025-07-01T20:05:28.310+0000] {docker.py:429} INFO - [2m2025-07-01T20:05:28.309228Z[0m [[32m[1minfo     [0m] [1mInstalled extractor 'tap-postgres'[0m
[2025-07-01T20:05:28.359+0000] {docker.py:429} INFO - [2m2025-07-01T20:05:28.358432Z[0m [[32m[1minfo     [0m] [1mInstalled loader 'target-postgres'[0m
[2025-07-01T20:05:33.020+0000] {docker.py:429} INFO - [2m2025-07-01T20:05:33.019755Z[0m [[32m[1minfo     [0m] [1mInstalled extractor 'tap-csv' [0m
[2025-07-01T20:05:33.835+0000] {docker.py:429} INFO - [2m2025-07-01T20:05:33.834787Z[0m [[32m[1minfo     [0m] [1mInstalled extractor 'tap-csv-latest'[0m
[2025-07-01T20:05:34.931+0000] {docker.py:429} INFO - [2m2025-07-01T20:05:34.930561Z[0m [[32m[1minfo     [0m] [1mInstalled loader 'target-csv-csv'[0m
[2025-07-01T20:05:35.369+0000] {docker.py:429} INFO - [2m2025-07-01T20:05:35.368762Z[0m [[32m[1minfo     [0m] [1mInstalled loader 'target-csv' [0m
[2025-07-01T20:05:35.589+0000] {docker.py:429} INFO - [2m2025-07-01T20:05:35.588489Z[0m [[32m[1minfo     [0m] [1mInstalled loader 'target-csv-postgres'[0m
[2m2025-07-01T20:05:35.588758Z[0m [[32m[1minfo     [0m] [1mInstalled 7/7 plugins         [0m
[2025-07-01T20:05:36.381+0000] {docker.py:429} INFO - Meltano install completed. Executing command: python /opt/meltano/scripts/generate_csv_config.py
[2025-07-01T20:05:36.423+0000] {docker.py:429} INFO - {"files": [{"entity": "order_details", "path": "/opt/output_data/csv/order_details/2025-07-01/file.csv", "keys": ["order_id", "product_id"], "delimiter": ",", "encoding": "utf-8"}, {"entity": "public-categories", "path": "/opt/output_data/postgres/public-categories/2025-07-01/file.csv", "keys": ["category_id"], "delimiter": ",", "encoding": "utf-8"}, {"entity": "public-products", "path": "/opt/output_data/postgres/public-products/2025-07-01/file.csv", "keys": ["product_id"], "delimiter": ",", "encoding": "utf-8"}, {"entity": "public-suppliers", "path": "/opt/output_data/postgres/public-suppliers/2025-07-01/file.csv", "keys": ["supplier_id"], "delimiter": ",", "encoding": "utf-8"}, {"entity": "public-orders", "path": "/opt/output_data/postgres/public-orders/2025-07-01/file.csv", "keys": ["order_id"], "delimiter": ",", "encoding": "utf-8"}, {"entity": "public-customers", "path": "/opt/output_data/postgres/public-customers/2025-07-01/file.csv", "keys": ["customer_id"], "delimiter": ",", "encoding": "utf-8"}, {"entity": "public-employees", "path": "/opt/output_data/postgres/public-employees/2025-07-01/file.csv", "keys": ["employee_id"], "delimiter": ",", "encoding": "utf-8"}, {"entity": "public-employee_territories", "path": "/opt/output_data/postgres/public-employee_territories/2025-07-01/file.csv", "keys": ["employee_id", "territory_id"], "delimiter": ",", "encoding": "utf-8"}, {"entity": "public-territories", "path": "/opt/output_data/postgres/public-territories/2025-07-01/file.csv", "keys": ["territory_id"], "delimiter": ",", "encoding": "utf-8"}, {"entity": "public-region", "path": "/opt/output_data/postgres/public-region/2025-07-01/file.csv", "keys": ["region_id"], "delimiter": ",", "encoding": "utf-8"}, {"entity": "public-shippers", "path": "/opt/output_data/postgres/public-shippers/2025-07-01/file.csv", "keys": ["shipper_id"], "delimiter": ",", "encoding": "utf-8"}, {"entity": "public-us_states", "path": "/opt/output_data/postgres/public-us_states/2025-07-01/file.csv", "keys": ["state_id"], "delimiter": ",", "encoding": "utf-8"}]}
[2025-07-01T20:05:36.621+0000] {taskinstance.py:1138} INFO - Marking task as SUCCESS. dag_id=northwind, task_id=gerar_config_csv_dinamica, execution_date=20250701T195927, start_date=20250701T200525, end_date=20250701T200536
[2025-07-01T20:05:36.636+0000] {local_task_job_runner.py:234} INFO - Task exited with return code 0
[2025-07-01T20:05:36.653+0000] {taskinstance.py:3280} INFO - 1 downstream tasks scheduled from follow-on schedule check
