[2025-06-26T14:41:53.211+0000] {taskinstance.py:1956} INFO - Dependencies all met for dep_context=non-requeueable deps ti=<TaskInstance: northwind.carregamento_postgres manual__2025-06-26T14:40:31.847033+00:00 [queued]>
[2025-06-26T14:41:53.221+0000] {taskinstance.py:1956} INFO - Dependencies all met for dep_context=requeueable deps ti=<TaskInstance: northwind.carregamento_postgres manual__2025-06-26T14:40:31.847033+00:00 [queued]>
[2025-06-26T14:41:53.221+0000] {taskinstance.py:2170} INFO - Starting attempt 1 of 2
[2025-06-26T14:41:53.235+0000] {taskinstance.py:2191} INFO - Executing <Task(DockerOperator): carregamento_postgres> on 2025-06-26 14:40:31.847033+00:00
[2025-06-26T14:41:53.240+0000] {standard_task_runner.py:60} INFO - Started process 213 to run task
[2025-06-26T14:41:53.243+0000] {standard_task_runner.py:87} INFO - Running: ['***', 'tasks', 'run', 'northwind', 'carregamento_postgres', 'manual__2025-06-26T14:40:31.847033+00:00', '--job-id', '258', '--raw', '--subdir', 'DAGS_FOLDER/dag.py', '--cfg-path', '/tmp/tmpp8drml57']
[2025-06-26T14:41:53.246+0000] {standard_task_runner.py:88} INFO - Job 258: Subtask carregamento_postgres
[2025-06-26T14:41:53.302+0000] {task_command.py:423} INFO - Running <TaskInstance: northwind.carregamento_postgres manual__2025-06-26T14:40:31.847033+00:00 [running]> on host 6afc1f3750fb
[2025-06-26T14:41:53.393+0000] {taskinstance.py:2480} INFO - Exporting env vars: AIRFLOW_CTX_DAG_EMAIL='lrbf@cin.ufpe.br' AIRFLOW_CTX_DAG_OWNER='***' AIRFLOW_CTX_DAG_ID='northwind' AIRFLOW_CTX_TASK_ID='carregamento_postgres' AIRFLOW_CTX_EXECUTION_DATE='2025-06-26T14:40:31.847033+00:00' AIRFLOW_CTX_TRY_NUMBER='1' AIRFLOW_CTX_DAG_RUN_ID='manual__2025-06-26T14:40:31.847033+00:00'
[2025-06-26T14:41:53.684+0000] {docker.py:359} INFO - Starting docker container from image meltano:latest
[2025-06-26T14:41:54.056+0000] {docker.py:429} INFO - Running meltano install...
[2025-06-26T14:41:55.582+0000] {docker.py:429} INFO - [2m2025-06-26T14:41:55.581763Z[0m [[32m[1minfo     [0m] [1mInstalling 7 plugins          [0m
[2025-06-26T14:41:55.594+0000] {docker.py:429} INFO - [2m2025-06-26T14:41:55.594063Z[0m [[32m[1minfo     [0m] [1mInstalling extractor 'tap-postgres'[0m
[2025-06-26T14:41:55.615+0000] {docker.py:429} INFO - [2m2025-06-26T14:41:55.614197Z[0m [[32m[1minfo     [0m] [1mInstalling extractor 'tap-csv'[0m
[2025-06-26T14:41:55.638+0000] {docker.py:429} INFO - [2m2025-06-26T14:41:55.637873Z[0m [[32m[1minfo     [0m] [1mInstalling extractor 'tap-csv-latest'[0m
[2025-06-26T14:41:55.667+0000] {docker.py:429} INFO - [2m2025-06-26T14:41:55.666525Z[0m [[32m[1minfo     [0m] [1mInstalling loader 'target-postgres'[0m
[2025-06-26T14:41:55.704+0000] {docker.py:429} INFO - [2m2025-06-26T14:41:55.703386Z[0m [[32m[1minfo     [0m] [1mInstalling loader 'target-csv'[0m
[2025-06-26T14:41:55.749+0000] {docker.py:429} INFO - [2m2025-06-26T14:41:55.748793Z[0m [[32m[1minfo     [0m] [1mInstalling loader 'target-csv-postgres'[0m
[2025-06-26T14:41:55.800+0000] {docker.py:429} INFO - [2m2025-06-26T14:41:55.798781Z[0m [[32m[1minfo     [0m] [1mInstalling loader 'target-csv-csv'[0m
[2025-06-26T14:41:57.740+0000] {docker.py:429} INFO - [2m2025-06-26T14:41:57.739349Z[0m [[32m[1minfo     [0m] [1mInstalled extractor 'tap-postgres'[0m
[2025-06-26T14:41:57.749+0000] {docker.py:429} INFO - [2m2025-06-26T14:41:57.749185Z[0m [[32m[1minfo     [0m] [1mInstalled loader 'target-postgres'[0m
[2025-06-26T14:42:04.939+0000] {docker.py:429} INFO - [2m2025-06-26T14:42:04.938176Z[0m [[32m[1minfo     [0m] [1mInstalled extractor 'tap-csv-latest'[0m
[2025-06-26T14:42:05.356+0000] {docker.py:429} INFO - [2m2025-06-26T14:42:05.355755Z[0m [[32m[1minfo     [0m] [1mInstalled extractor 'tap-csv' [0m
[2025-06-26T14:42:06.243+0000] {docker.py:429} INFO - [2m2025-06-26T14:42:06.243073Z[0m [[32m[1minfo     [0m] [1mInstalled loader 'target-csv-csv'[0m
[2025-06-26T14:42:06.314+0000] {docker.py:429} INFO - [2m2025-06-26T14:42:06.313673Z[0m [[32m[1minfo     [0m] [1mInstalled loader 'target-csv-postgres'[0m
[2025-06-26T14:42:06.679+0000] {docker.py:429} INFO - [2m2025-06-26T14:42:06.678704Z[0m [[32m[1minfo     [0m] [1mInstalled loader 'target-csv' [0m
[2025-06-26T14:42:06.679+0000] {docker.py:429} INFO - [2m2025-06-26T14:42:06.679038Z[0m [[32m[1minfo     [0m] [1mInstalled 7/7 plugins         [0m
[2025-06-26T14:42:07.720+0000] {docker.py:429} INFO - Meltano install completed. Executing command: meltano el tap-csv-latest target-postgres
[2025-06-26T14:42:09.130+0000] {docker.py:429} INFO - [2m2025-06-26T14:42:09.129557Z[0m [[32m[1minfo     [0m] [1mEnvironment 'dev' is active   [0m
[2025-06-26T14:42:09.570+0000] {docker.py:429} INFO - [2m2025-06-26T14:42:09.569003Z[0m [[32m[1minfo     [0m] [1mRunning extract & load...     [0m [36mname[0m=[35mmeltano[0m [36mrun_id[0m=[35mbbc340a1-25eb-4e95-ada7-db31bb11b81c[0m [36mstate_id[0m=[35m2025-06-26T144209--tap-csv-latest--target-postgres[0m
[2025-06-26T14:42:10.702+0000] {docker.py:429} INFO - [2m2025-06-26T14:42:10.701356Z[0m [[32m[1minfo     [0m] [1mNo CSV file definitions found.[0m [36mcmd_type[0m=[35mextractor[0m [36mname[0m=[35mtap-csv-latest[0m [36mrun_id[0m=[35mbbc340a1-25eb-4e95-ada7-db31bb11b81c[0m [36mstate_id[0m=[35m2025-06-26T144209--tap-csv-latest--target-postgres[0m [36mstdio[0m=[35mstderr[0m
[2025-06-26T14:42:10.894+0000] {docker.py:429} INFO - [2m2025-06-26T14:42:10.893947Z[0m [[32m[1minfo     [0m] [1mtarget-postgres v0.4.3, Meltano SDK v0.47.2[0m [36mcmd_type[0m=[35mloader[0m [36mname[0m=[35mtarget-postgres[0m [36mrun_id[0m=[35mbbc340a1-25eb-4e95-ada7-db31bb11b81c[0m [36mstate_id[0m=[35m2025-06-26T144209--tap-csv-latest--target-postgres[0m [36mstdio[0m=[35mstderr[0m
[2m2025-06-26T14:42:10.894305Z[0m [[32m[1minfo     [0m] [1mSkipping parse of env var settings...[0m [36mcmd_type[0m=[35mloader[0m [36mname[0m=[35mtarget-postgres[0m [36mrun_id[0m=[35mbbc340a1-25eb-4e95-ada7-db31bb11b81c[0m [36mstate_id[0m=[35m2025-06-26T144209--tap-csv-latest--target-postgres[0m [36mstdio[0m=[35mstderr[0m
[2025-06-26T14:42:10.895+0000] {docker.py:429} INFO - [2m2025-06-26T14:42:10.894506Z[0m [[32m[1minfo     [0m] [1mTraceback (most recent call last):[0m [36mcmd_type[0m=[35mloader[0m [36mname[0m=[35mtarget-postgres[0m [36mrun_id[0m=[35mbbc340a1-25eb-4e95-ada7-db31bb11b81c[0m [36mstate_id[0m=[35m2025-06-26T144209--tap-csv-latest--target-postgres[0m [36mstdio[0m=[35mstderr[0m
[2025-06-26T14:42:10.895+0000] {docker.py:429} INFO - [2m2025-06-26T14:42:10.894727Z[0m [[32m[1minfo     [0m] [1m  File "/opt/meltano/.meltano/loaders/target-postgres/venv/bin/target-postgres", line 8, in <module>[0m [36mcmd_type[0m=[35mloader[0m [36mname[0m=[35mtarget-postgres[0m [36mrun_id[0m=[35mbbc340a1-25eb-4e95-ada7-db31bb11b81c[0m [36mstate_id[0m=[35m2025-06-26T144209--tap-csv-latest--target-postgres[0m [36mstdio[0m=[35mstderr[0m
[2025-06-26T14:42:10.895+0000] {docker.py:429} INFO - [2m2025-06-26T14:42:10.894956Z[0m [[32m[1minfo     [0m] [1m    sys.exit(TargetPostgres.cli())[0m [36mcmd_type[0m=[35mloader[0m [36mname[0m=[35mtarget-postgres[0m [36mrun_id[0m=[35mbbc340a1-25eb-4e95-ada7-db31bb11b81c[0m [36mstate_id[0m=[35m2025-06-26T144209--tap-csv-latest--target-postgres[0m [36mstdio[0m=[35mstderr[0m
[2025-06-26T14:42:10.896+0000] {docker.py:429} INFO - [2m2025-06-26T14:42:10.895189Z[0m [[32m[1minfo     [0m] [1m  File "/opt/meltano/.meltano/loaders/target-postgres/venv/lib/python3.10/site-packages/click/core.py", line 1442, in __call__[0m [36mcmd_type[0m=[35mloader[0m [36mname[0m=[35mtarget-postgres[0m [36mrun_id[0m=[35mbbc340a1-25eb-4e95-ada7-db31bb11b81c[0m [36mstate_id[0m=[35m2025-06-26T144209--tap-csv-latest--target-postgres[0m [36mstdio[0m=[35mstderr[0m
[2025-06-26T14:42:10.896+0000] {docker.py:429} INFO - [2m2025-06-26T14:42:10.896052Z[0m [[32m[1minfo     [0m] [1m    return self.main(*args, **kwargs)[0m [36mcmd_type[0m=[35mloader[0m [36mname[0m=[35mtarget-postgres[0m [36mrun_id[0m=[35mbbc340a1-25eb-4e95-ada7-db31bb11b81c[0m [36mstate_id[0m=[35m2025-06-26T144209--tap-csv-latest--target-postgres[0m [36mstdio[0m=[35mstderr[0m
[2025-06-26T14:42:10.898+0000] {docker.py:429} INFO - [2m2025-06-26T14:42:10.896372Z[0m [[32m[1minfo     [0m] [1m  File "/opt/meltano/.meltano/loaders/target-postgres/venv/lib/python3.10/site-packages/click/core.py", line 1363, in main[0m [36mcmd_type[0m=[35mloader[0m [36mname[0m=[35mtarget-postgres[0m [36mrun_id[0m=[35mbbc340a1-25eb-4e95-ada7-db31bb11b81c[0m [36mstate_id[0m=[35m2025-06-26T144209--tap-csv-latest--target-postgres[0m [36mstdio[0m=[35mstderr[0m
[2025-06-26T14:42:10.899+0000] {docker.py:429} INFO - [2m2025-06-26T14:42:10.896786Z[0m [[32m[1minfo     [0m] [1m    rv = self.invoke(ctx)     [0m [36mcmd_type[0m=[35mloader[0m [36mname[0m=[35mtarget-postgres[0m [36mrun_id[0m=[35mbbc340a1-25eb-4e95-ada7-db31bb11b81c[0m [36mstate_id[0m=[35m2025-06-26T144209--tap-csv-latest--target-postgres[0m [36mstdio[0m=[35mstderr[0m
[2025-06-26T14:42:10.900+0000] {docker.py:429} INFO - [2m2025-06-26T14:42:10.897336Z[0m [[32m[1minfo     [0m] [1m  File "/opt/meltano/.meltano/loaders/target-postgres/venv/lib/python3.10/site-packages/singer_sdk/plugin_base.py", line 97, in invoke[0m [36mcmd_type[0m=[35mloader[0m [36mname[0m=[35mtarget-postgres[0m [36mrun_id[0m=[35mbbc340a1-25eb-4e95-ada7-db31bb11b81c[0m [36mstate_id[0m=[35m2025-06-26T144209--tap-csv-latest--target-postgres[0m [36mstdio[0m=[35mstderr[0m
[2m2025-06-26T14:42:10.898385Z[0m [[32m[1minfo     [0m] [1m    return super().invoke(ctx)[0m [36mcmd_type[0m=[35mloader[0m [36mname[0m=[35mtarget-postgres[0m [36mrun_id[0m=[35mbbc340a1-25eb-4e95-ada7-db31bb11b81c[0m [36mstate_id[0m=[35m2025-06-26T144209--tap-csv-latest--target-postgres[0m [36mstdio[0m=[35mstderr[0m
[2025-06-26T14:42:10.900+0000] {docker.py:429} INFO - [2m2025-06-26T14:42:10.899136Z[0m [[32m[1minfo     [0m] [1m  File "/opt/meltano/.meltano/loaders/target-postgres/venv/lib/python3.10/site-packages/click/core.py", line 1226, in invoke[0m [36mcmd_type[0m=[35mloader[0m [36mname[0m=[35mtarget-postgres[0m [36mrun_id[0m=[35mbbc340a1-25eb-4e95-ada7-db31bb11b81c[0m [36mstate_id[0m=[35m2025-06-26T144209--tap-csv-latest--target-postgres[0m [36mstdio[0m=[35mstderr[0m
[2025-06-26T14:42:10.900+0000] {docker.py:429} INFO - [2m2025-06-26T14:42:10.899717Z[0m [[32m[1minfo     [0m] [1m    return ctx.invoke(self.callback, **ctx.params)[0m [36mcmd_type[0m=[35mloader[0m [36mname[0m=[35mtarget-postgres[0m [36mrun_id[0m=[35mbbc340a1-25eb-4e95-ada7-db31bb11b81c[0m [36mstate_id[0m=[35m2025-06-26T144209--tap-csv-latest--target-postgres[0m [36mstdio[0m=[35mstderr[0m
[2025-06-26T14:42:10.901+0000] {docker.py:429} INFO - [2m2025-06-26T14:42:10.900264Z[0m [[32m[1minfo     [0m] [1m  File "/opt/meltano/.meltano/loaders/target-postgres/venv/lib/python3.10/site-packages/click/core.py", line 794, in invoke[0m [36mcmd_type[0m=[35mloader[0m [36mname[0m=[35mtarget-postgres[0m [36mrun_id[0m=[35mbbc340a1-25eb-4e95-ada7-db31bb11b81c[0m [36mstate_id[0m=[35m2025-06-26T144209--tap-csv-latest--target-postgres[0m [36mstdio[0m=[35mstderr[0m
[2025-06-26T14:42:10.901+0000] {docker.py:429} INFO - [2m2025-06-26T14:42:10.901002Z[0m [[32m[1minfo     [0m] [1m    return callback(*args, **kwargs)[0m [36mcmd_type[0m=[35mloader[0m [36mname[0m=[35mtarget-postgres[0m [36mrun_id[0m=[35mbbc340a1-25eb-4e95-ada7-db31bb11b81c[0m [36mstate_id[0m=[35m2025-06-26T144209--tap-csv-latest--target-postgres[0m [36mstdio[0m=[35mstderr[0m
[2025-06-26T14:42:10.902+0000] {docker.py:429} INFO - [2m2025-06-26T14:42:10.901557Z[0m [[32m[1minfo     [0m] [1m  File "/opt/meltano/.meltano/loaders/target-postgres/venv/lib/python3.10/site-packages/singer_sdk/target_base.py", line 583, in invoke[0m [36mcmd_type[0m=[35mloader[0m [36mname[0m=[35mtarget-postgres[0m [36mrun_id[0m=[35mbbc340a1-25eb-4e95-ada7-db31bb11b81c[0m [36mstate_id[0m=[35m2025-06-26T144209--tap-csv-latest--target-postgres[0m [36mstdio[0m=[35mstderr[0m
[2025-06-26T14:42:10.902+0000] {docker.py:429} INFO - [2m2025-06-26T14:42:10.902071Z[0m [[32m[1minfo     [0m] [1m    target = cls(             [0m [36mcmd_type[0m=[35mloader[0m [36mname[0m=[35mtarget-postgres[0m [36mrun_id[0m=[35mbbc340a1-25eb-4e95-ada7-db31bb11b81c[0m [36mstate_id[0m=[35m2025-06-26T144209--tap-csv-latest--target-postgres[0m [36mstdio[0m=[35mstderr[0m
[2025-06-26T14:42:10.903+0000] {docker.py:429} INFO - [2m2025-06-26T14:42:10.902643Z[0m [[32m[1minfo     [0m] [1m  File "/opt/meltano/.meltano/loaders/target-postgres/venv/lib/python3.10/site-packages/target_postgres/target.py", line 67, in __init__[0m [36mcmd_type[0m=[35mloader[0m [36mname[0m=[35mtarget-postgres[0m [36mrun_id[0m=[35mbbc340a1-25eb-4e95-ada7-db31bb11b81c[0m [36mstate_id[0m=[35m2025-06-26T144209--tap-csv-latest--target-postgres[0m [36mstdio[0m=[35mstderr[0m
[2025-06-26T14:42:10.904+0000] {docker.py:429} INFO - [2m2025-06-26T14:42:10.903266Z[0m [[32m[1minfo     [0m] [1m    and self.config.get("dialect+driver") is not None[0m [36mcmd_type[0m=[35mloader[0m [36mname[0m=[35mtarget-postgres[0m [36mrun_id[0m=[35mbbc340a1-25eb-4e95-ada7-db31bb11b81c[0m [36mstate_id[0m=[35m2025-06-26T144209--tap-csv-latest--target-postgres[0m [36mstdio[0m=[35mstderr[0m
[2025-06-26T14:42:10.904+0000] {docker.py:429} INFO - [2m2025-06-26T14:42:10.903874Z[0m [[32m[1minfo     [0m] [1mAssertionError: Need either the sqlalchemy_url to be set or host, port, user, password, and dialect+driver to be set[0m [36mcmd_type[0m=[35mloader[0m [36mname[0m=[35mtarget-postgres[0m [36mrun_id[0m=[35mbbc340a1-25eb-4e95-ada7-db31bb11b81c[0m [36mstate_id[0m=[35m2025-06-26T144209--tap-csv-latest--target-postgres[0m [36mstdio[0m=[35mstderr[0m
[2025-06-26T14:42:11.000+0000] {docker.py:429} INFO - [2m2025-06-26T14:42:10.999845Z[0m [[31m[1merror    [0m] [1mExtraction failed             [0m [36mcode[0m=[35m1[0m [36mmessage[0m=[35m'No CSV file definitions found.'[0m [36mname[0m=[35mmeltano[0m [36mrun_id[0m=[35mbbc340a1-25eb-4e95-ada7-db31bb11b81c[0m [36mstate_id[0m=[35m2025-06-26T144209--tap-csv-latest--target-postgres[0m
[2m2025-06-26T14:42:11.000138Z[0m [[31m[1merror    [0m] [1mLoading failed                [0m [36mcode[0m=[35m1[0m [36mmessage[0m=[35m'AssertionError: Need either the sqlalchemy_url to be set or host, port, user, password, and dialect+driver to be set'[0m [36mname[0m=[35mmeltano[0m [36mrun_id[0m=[35mbbc340a1-25eb-4e95-ada7-db31bb11b81c[0m [36mstate_id[0m=[35m2025-06-26T144209--tap-csv-latest--target-postgres[0m
[2025-06-26T14:42:11.001+0000] {docker.py:429} INFO - [2m2025-06-26T14:42:11.000482Z[0m [[32m[1minfo     [0m] [1mELT could not be completed: Extractor and loader failed.[0m [36mcmd_type[0m=[35melt[0m [36mname[0m=[35mmeltano[0m [36mrun_id[0m=[35mbbc340a1-25eb-4e95-ada7-db31bb11b81c[0m [36mstate_id[0m=[35m2025-06-26T144209--tap-csv-latest--target-postgres[0m [36mstdio[0m=[35mstderr[0m
[2025-06-26T14:42:11.001+0000] {docker.py:429} INFO - [2m2025-06-26T14:42:11.000761Z[0m [[32m[1minfo     [0m] [1mFor more detailed log messages re-run the command using 'meltano --log-level=debug ...' CLI flag.[0m [36mcmd_type[0m=[35melt[0m [36mname[0m=[35mmeltano[0m [36mrun_id[0m=[35mbbc340a1-25eb-4e95-ada7-db31bb11b81c[0m [36mstate_id[0m=[35m2025-06-26T144209--tap-csv-latest--target-postgres[0m [36mstdio[0m=[35mstderr[0m
[2025-06-26T14:42:11.001+0000] {docker.py:429} INFO - [2m2025-06-26T14:42:11.000997Z[0m [[32m[1minfo     [0m] [1mNote that you can also check the generated log file at '/opt/meltano/.meltano/logs/elt/2025-06-26T144209--tap-csv-latest--target-postgres/bbc340a1-25eb-4e95-ada7-db31bb11b81c/elt.log'.[0m [36mcmd_type[0m=[35melt[0m [36mname[0m=[35mmeltano[0m [36mrun_id[0m=[35mbbc340a1-25eb-4e95-ada7-db31bb11b81c[0m [36mstate_id[0m=[35m2025-06-26T144209--tap-csv-latest--target-postgres[0m [36mstdio[0m=[35mstderr[0m
[2025-06-26T14:42:11.002+0000] {docker.py:429} INFO - [2m2025-06-26T14:42:11.001229Z[0m [[32m[1minfo     [0m] [1mFor more information on debugging and logging: https://docs.meltano.com/reference/command-line-interface#debugging[0m [36mcmd_type[0m=[35melt[0m [36mname[0m=[35mmeltano[0m [36mrun_id[0m=[35mbbc340a1-25eb-4e95-ada7-db31bb11b81c[0m [36mstate_id[0m=[35m2025-06-26T144209--tap-csv-latest--target-postgres[0m [36mstdio[0m=[35mstderr[0m
[2025-06-26T14:42:11.018+0000] {docker.py:429} INFO - Need help fixing this problem? Visit http://melta.no/ for troubleshooting steps, or to
join our friendly Slack community.

ELT could not be completed: Extractor and loader failed.
For more detailed log messages re-run the command using 'meltano --log-level=debug ...' CLI flag.
Note that you can also check the generated log file at '/opt/meltano/.meltano/logs/elt/2025-06-26T144209--tap-csv-latest--target-postgres/bbc340a1-25eb-4e95-ada7-db31bb11b81c/elt.log'.
For more information on debugging and logging: https://docs.meltano.com/reference/command-line-interface#debugging
[2025-06-26T14:42:09.764+0000] {taskinstance.py:2698} ERROR - Task failed with exception
Traceback (most recent call last):
  File "/home/airflow/.local/lib/python3.10/site-packages/airflow/models/taskinstance.py", line 433, in _execute_task
    result = execute_callable(context=context, **execute_callable_kwargs)
  File "/home/airflow/.local/lib/python3.10/site-packages/airflow/providers/docker/operators/docker.py", line 502, in execute
    return self._run_image()
  File "/home/airflow/.local/lib/python3.10/site-packages/airflow/providers/docker/operators/docker.py", line 376, in _run_image
    return self._run_image_with_mounts(self.mounts, add_tmp_variable=False)
  File "/home/airflow/.local/lib/python3.10/site-packages/airflow/providers/docker/operators/docker.py", line 437, in _run_image_with_mounts
    raise DockerContainerFailedException(f"Docker container failed: {result!r}", logs=log_lines)
airflow.providers.docker.exceptions.DockerContainerFailedException: Docker container failed: {'StatusCode': 1}
[2025-06-26T14:42:09.774+0000] {taskinstance.py:1138} INFO - Marking task as UP_FOR_RETRY. dag_id=northwind, task_id=carregamento_postgres, execution_date=20250626T144031, start_date=20250626T144153, end_date=20250626T144209
[2025-06-26T14:42:09.797+0000] {standard_task_runner.py:107} ERROR - Failed to execute job 258 for task carregamento_postgres (Docker container failed: {'StatusCode': 1}; 213)
[2025-06-26T14:42:09.814+0000] {local_task_job_runner.py:234} INFO - Task exited with return code 1
[2025-06-26T14:42:09.845+0000] {taskinstance.py:3280} INFO - 0 downstream tasks scheduled from follow-on schedule check
