[2025-07-01T14:57:43.753+0000] {taskinstance.py:1956} INFO - Dependencies all met for dep_context=non-requeueable deps ti=<TaskInstance: northwind.extração_csv manual__2025-07-01T14:57:27.657423+00:00 [queued]>
[2025-07-01T14:57:43.761+0000] {taskinstance.py:1956} INFO - Dependencies all met for dep_context=requeueable deps ti=<TaskInstance: northwind.extração_csv manual__2025-07-01T14:57:27.657423+00:00 [queued]>
[2025-07-01T14:57:43.761+0000] {taskinstance.py:2170} INFO - Starting attempt 1 of 2
[2025-07-01T14:57:43.773+0000] {taskinstance.py:2191} INFO - Executing <Task(DockerOperator): extração_csv> on 2025-07-01 14:57:27.657423+00:00
[2025-07-01T14:57:43.778+0000] {standard_task_runner.py:60} INFO - Started process 214 to run task
[2025-07-01T14:57:43.781+0000] {standard_task_runner.py:87} INFO - Running: ['***', 'tasks', 'run', 'northwind', 'extração_csv', 'manual__2025-07-01T14:57:27.657423+00:00', '--job-id', '4', '--raw', '--subdir', 'DAGS_FOLDER/northwind.py', '--cfg-path', '/tmp/tmpszgh76sh']
[2025-07-01T14:57:43.783+0000] {standard_task_runner.py:88} INFO - Job 4: Subtask extração_csv
[2025-07-01T14:57:43.829+0000] {task_command.py:423} INFO - Running <TaskInstance: northwind.extração_csv manual__2025-07-01T14:57:27.657423+00:00 [running]> on host 64e5e3bd5aa6
[2025-07-01T14:57:43.905+0000] {taskinstance.py:2480} INFO - Exporting env vars: AIRFLOW_CTX_DAG_EMAIL='lrbf@cin.ufpe.br' AIRFLOW_CTX_DAG_OWNER='***' AIRFLOW_CTX_DAG_ID='northwind' AIRFLOW_CTX_TASK_ID='extração_csv' AIRFLOW_CTX_EXECUTION_DATE='2025-07-01T14:57:27.657423+00:00' AIRFLOW_CTX_TRY_NUMBER='1' AIRFLOW_CTX_DAG_RUN_ID='manual__2025-07-01T14:57:27.657423+00:00'
[2025-07-01T14:57:43.962+0000] {docker.py:359} INFO - Starting docker container from image meltano:latest
[2025-07-01T14:57:44.246+0000] {docker.py:429} INFO - Running meltano install...
[2025-07-01T14:57:45.394+0000] {docker.py:429} INFO - [2m2025-07-01T14:57:45.393505Z[0m [[32m[1minfo     [0m] [1mInstalling 7 plugins          [0m
[2025-07-01T14:57:45.405+0000] {docker.py:429} INFO - [2m2025-07-01T14:57:45.405110Z[0m [[32m[1minfo     [0m] [1mInstalling extractor 'tap-postgres'[0m
[2025-07-01T14:57:45.422+0000] {docker.py:429} INFO - [2m2025-07-01T14:57:45.421976Z[0m [[32m[1minfo     [0m] [1mInstalling extractor 'tap-csv'[0m
[2025-07-01T14:57:45.440+0000] {docker.py:429} INFO - [2m2025-07-01T14:57:45.439505Z[0m [[32m[1minfo     [0m] [1mInstalling extractor 'tap-csv-latest'[0m
[2025-07-01T14:57:45.462+0000] {docker.py:429} INFO - [2m2025-07-01T14:57:45.461143Z[0m [[32m[1minfo     [0m] [1mInstalling loader 'target-postgres'[0m
[2025-07-01T14:57:45.491+0000] {docker.py:429} INFO - [2m2025-07-01T14:57:45.490544Z[0m [[32m[1minfo     [0m] [1mInstalling loader 'target-csv'[0m
[2025-07-01T14:57:45.517+0000] {docker.py:429} INFO - [2m2025-07-01T14:57:45.516173Z[0m [[32m[1minfo     [0m] [1mInstalling loader 'target-csv-postgres'[0m
[2025-07-01T14:57:45.551+0000] {docker.py:429} INFO - [2m2025-07-01T14:57:45.547552Z[0m [[32m[1minfo     [0m] [1mInstalling loader 'target-csv-csv'[0m
[2025-07-01T14:57:46.461+0000] {docker.py:429} INFO - [2m2025-07-01T14:57:46.460573Z[0m [[32m[1minfo     [0m] [1mInstalled extractor 'tap-postgres'[0m
[2025-07-01T14:57:46.543+0000] {docker.py:429} INFO - [2m2025-07-01T14:57:46.542403Z[0m [[32m[1minfo     [0m] [1mInstalled loader 'target-postgres'[0m
[2025-07-01T14:57:50.486+0000] {docker.py:429} INFO - [2m2025-07-01T14:57:50.485646Z[0m [[32m[1minfo     [0m] [1mInstalled extractor 'tap-csv-latest'[0m
[2025-07-01T14:57:50.604+0000] {docker.py:429} INFO - [2m2025-07-01T14:57:50.604067Z[0m [[32m[1minfo     [0m] [1mInstalled extractor 'tap-csv' [0m
[2025-07-01T14:57:50.986+0000] {docker.py:429} INFO - [2m2025-07-01T14:57:50.985553Z[0m [[32m[1minfo     [0m] [1mInstalled loader 'target-csv-csv'[0m
[2025-07-01T14:57:51.047+0000] {docker.py:429} INFO - [2m2025-07-01T14:57:51.046577Z[0m [[32m[1minfo     [0m] [1mInstalled loader 'target-csv' [0m
[2025-07-01T14:57:51.085+0000] {docker.py:429} INFO - [2m2025-07-01T14:57:51.084270Z[0m [[32m[1minfo     [0m] [1mInstalled loader 'target-csv-postgres'[0m
[2025-07-01T14:57:51.085+0000] {docker.py:429} INFO - [2m2025-07-01T14:57:51.084583Z[0m [[32m[1minfo     [0m] [1mInstalled 7/7 plugins         [0m
[2025-07-01T14:57:51.880+0000] {docker.py:429} INFO - Meltano install completed. Executing command: meltano el tap-csv target-csv-csv
[2025-07-01T14:57:52.427+0000] {docker.py:429} INFO - [2m2025-07-01T14:57:52.426998Z[0m [[32m[1minfo     [0m] [1mEnvironment 'dev' is active   [0m
[2025-07-01T14:57:52.798+0000] {docker.py:429} INFO - [2m2025-07-01T14:57:52.797017Z[0m [[32m[1minfo     [0m] [1mRunning extract & load...     [0m [36mname[0m=[35mmeltano[0m [36mrun_id[0m=[35m32160ce9-4126-4f81-99d0-d61c52646bf5[0m [36mstate_id[0m=[35m2025-07-01T145752--tap-csv--target-csv-csv[0m
[2025-07-01T14:57:53.978+0000] {docker.py:429} INFO - [2m2025-07-01T14:57:53.977280Z[0m [[32m[1minfo     [0m] [1mINFO Sending version information to singer.io. To disable sending anonymous usage data, set the config parameter "disable_collection" to true[0m [36mcmd_type[0m=[35mloader[0m [36mname[0m=[35mtarget-csv-csv[0m [36mrun_id[0m=[35m32160ce9-4126-4f81-99d0-d61c52646bf5[0m [36mstate_id[0m=[35m2025-07-01T145752--tap-csv--target-csv-csv[0m [36mstdio[0m=[35mstderr[0m
[2025-07-01T14:57:54.233+0000] {docker.py:429} INFO - [2m2025-07-01T14:57:54.233103Z[0m [[32m[1minfo     [0m] [1m/opt/meltano/.meltano/extractors/tap-csv/venv/lib/python3.9/site-packages/singer_sdk/tap_base.py:516: SingerSDKDeprecationWarning: Passing a catalog file path is deprecated. Please pass the catalog as a dictionary or Catalog object instead.[0m [36mcmd_type[0m=[35mextractor[0m [36mname[0m=[35mtap-csv[0m [36mrun_id[0m=[35m32160ce9-4126-4f81-99d0-d61c52646bf5[0m [36mstate_id[0m=[35m2025-07-01T145752--tap-csv--target-csv-csv[0m [36mstdio[0m=[35mstderr[0m
[2m2025-07-01T14:57:54.233423Z[0m [[32m[1minfo     [0m] [1m  tap = cls(                  [0m [36mcmd_type[0m=[35mextractor[0m [36mname[0m=[35mtap-csv[0m [36mrun_id[0m=[35m32160ce9-4126-4f81-99d0-d61c52646bf5[0m [36mstate_id[0m=[35m2025-07-01T145752--tap-csv--target-csv-csv[0m [36mstdio[0m=[35mstderr[0m
[2025-07-01T14:57:54.234+0000] {docker.py:429} INFO - [2m2025-07-01T14:57:54.233558Z[0m [[32m[1minfo     [0m] [1m                              [0m [36mcmd_type[0m=[35mextractor[0m [36mname[0m=[35mtap-csv[0m [36mrun_id[0m=[35m32160ce9-4126-4f81-99d0-d61c52646bf5[0m [36mstate_id[0m=[35m2025-07-01T145752--tap-csv--target-csv-csv[0m [36mstdio[0m=[35mstderr[0m
[2025-07-01T14:57:54.234+0000] {docker.py:429} INFO - [2m2025-07-01T14:57:54.233831Z[0m [[32m[1minfo     [0m] [1mBeginning full_table sync of 'order_details'...[0m [36mcmd_type[0m=[35mextractor[0m [36mname[0m=[35mtap-csv[0m [36mrun_id[0m=[35m32160ce9-4126-4f81-99d0-d61c52646bf5[0m [36mstate_id[0m=[35m2025-07-01T145752--tap-csv--target-csv-csv[0m [36mstdio[0m=[35mstderr[0m
[2025-07-01T14:57:54.235+0000] {docker.py:429} INFO - [2m2025-07-01T14:57:54.234020Z[0m [[32m[1minfo     [0m] [1mTap has custom mapper. Using 1 provided map(s).[0m [36mcmd_type[0m=[35mextractor[0m [36mname[0m=[35mtap-csv[0m [36mrun_id[0m=[35m32160ce9-4126-4f81-99d0-d61c52646bf5[0m [36mstate_id[0m=[35m2025-07-01T145752--tap-csv--target-csv-csv[0m [36mstdio[0m=[35mstderr[0m
[2025-07-01T14:57:54.362+0000] {docker.py:429} INFO - [2m2025-07-01T14:57:54.361257Z[0m [[32m[1minfo     [0m] [1mMETRIC: {"type": "timer", "metric": "sync_duration", "value": 0.12739849090576172, "tags": {"stream": "order_details", "pid": 176, "context": {}, "status": "succeeded"}}[0m [36mcmd_type[0m=[35mextractor[0m [36mname[0m=[35mtap-csv[0m [36mrun_id[0m=[35m32160ce9-4126-4f81-99d0-d61c52646bf5[0m [36mstate_id[0m=[35m2025-07-01T145752--tap-csv--target-csv-csv[0m [36mstdio[0m=[35mstderr[0m
[2m2025-07-01T14:57:54.361565Z[0m [[32m[1minfo     [0m] [1mMETRIC: {"type": "counter", "metric": "record_count", "value": 2155, "tags": {"stream": "order_details", "pid": 176, "context": {}}}[0m [36mcmd_type[0m=[35mextractor[0m [36mname[0m=[35mtap-csv[0m [36mrun_id[0m=[35m32160ce9-4126-4f81-99d0-d61c52646bf5[0m [36mstate_id[0m=[35m2025-07-01T145752--tap-csv--target-csv-csv[0m [36mstdio[0m=[35mstderr[0m
[2025-07-01T14:57:54.457+0000] {docker.py:429} INFO - [2m2025-07-01T14:57:54.456268Z[0m [[32m[1minfo     [0m] [1mUsing systemdb state backend  [0m
[2025-07-01T14:57:54.466+0000] {docker.py:429} INFO - [2m2025-07-01T14:57:54.466330Z[0m [[32m[1minfo     [0m] [1mIncremental state has been updated at 2025-07-01 14:57:54.466290+00:00.[0m
[2025-07-01T14:57:54.468+0000] {docker.py:429} INFO - [2m2025-07-01T14:57:54.467641Z[0m [[32m[1minfo     [0m] [1mExtract & load complete!      [0m [36mname[0m=[35mmeltano[0m [36mrun_id[0m=[35m32160ce9-4126-4f81-99d0-d61c52646bf5[0m [36mstate_id[0m=[35m2025-07-01T145752--tap-csv--target-csv-csv[0m
[2m2025-07-01T14:57:54.467869Z[0m [[32m[1minfo     [0m] [1mTransformation skipped.       [0m [36mname[0m=[35mmeltano[0m [36mrun_id[0m=[35m32160ce9-4126-4f81-99d0-d61c52646bf5[0m [36mstate_id[0m=[35m2025-07-01T145752--tap-csv--target-csv-csv[0m
[2025-07-01T14:57:55.487+0000] {taskinstance.py:1138} INFO - Marking task as SUCCESS. dag_id=northwind, task_id=extração_csv, execution_date=20250701T145727, start_date=20250701T145743, end_date=20250701T145755
[2025-07-01T14:57:55.511+0000] {local_task_job_runner.py:234} INFO - Task exited with return code 0
[2025-07-01T14:57:55.535+0000] {taskinstance.py:3280} INFO - 1 downstream tasks scheduled from follow-on schedule check
