[2025-06-24T19:28:52.081+0000] {taskinstance.py:1956} INFO - Dependencies all met for dep_context=non-requeueable deps ti=<TaskInstance: northwind.extração_csv manual__2025-06-24T19:28:30.411078+00:00 [queued]>
[2025-06-24T19:28:52.106+0000] {taskinstance.py:1956} INFO - Dependencies all met for dep_context=requeueable deps ti=<TaskInstance: northwind.extração_csv manual__2025-06-24T19:28:30.411078+00:00 [queued]>
[2025-06-24T19:28:52.107+0000] {taskinstance.py:2170} INFO - Starting attempt 1 of 2
[2025-06-24T19:28:52.135+0000] {taskinstance.py:2191} INFO - Executing <Task(DockerOperator): extração_csv> on 2025-06-24 19:28:30.411078+00:00
[2025-06-24T19:28:52.145+0000] {standard_task_runner.py:87} INFO - Running: ['***', 'tasks', 'run', 'northwind', 'extração_csv', 'manual__2025-06-24T19:28:30.411078+00:00', '--job-id', '77', '--raw', '--subdir', 'DAGS_FOLDER/dag.py', '--cfg-path', '/tmp/tmpnoems8n4']
[2025-06-24T19:28:52.144+0000] {standard_task_runner.py:60} INFO - Started process 182 to run task
[2025-06-24T19:28:52.148+0000] {standard_task_runner.py:88} INFO - Job 77: Subtask extração_csv
[2025-06-24T19:28:52.200+0000] {task_command.py:423} INFO - Running <TaskInstance: northwind.extração_csv manual__2025-06-24T19:28:30.411078+00:00 [running]> on host a06304be4538
[2025-06-24T19:28:52.287+0000] {taskinstance.py:2480} INFO - Exporting env vars: AIRFLOW_CTX_DAG_EMAIL='lrbf@cin.ufpe.br' AIRFLOW_CTX_DAG_OWNER='***' AIRFLOW_CTX_DAG_ID='northwind' AIRFLOW_CTX_TASK_ID='extração_csv' AIRFLOW_CTX_EXECUTION_DATE='2025-06-24T19:28:30.411078+00:00' AIRFLOW_CTX_TRY_NUMBER='1' AIRFLOW_CTX_DAG_RUN_ID='manual__2025-06-24T19:28:30.411078+00:00'
[2025-06-24T19:28:52.424+0000] {docker.py:359} INFO - Starting docker container from image meltano:latest
[2025-06-24T19:28:52.427+0000] {docker.py:367} WARNING - Using remote engine or docker-in-docker and mounting temporary volume from host is not supported. Falling back to `mount_tmp_dir=False` mode. You can set `mount_tmp_dir` parameter to False to disable mounting and remove the warning
[2025-06-24T19:28:52.711+0000] {docker.py:429} INFO - Running meltano install...
[2025-06-24T19:28:54.073+0000] {docker.py:429} INFO - [2m2025-06-24T19:28:54.072272Z[0m [[32m[1minfo     [0m] [1mInstalling 7 plugins          [0m
[2025-06-24T19:28:54.084+0000] {docker.py:429} INFO - [2m2025-06-24T19:28:54.083721Z[0m [[32m[1minfo     [0m] [1mInstalling extractor 'tap-postgres'[0m
[2025-06-24T19:28:54.097+0000] {docker.py:429} INFO - [2m2025-06-24T19:28:54.097061Z[0m [[32m[1minfo     [0m] [1mInstalling extractor 'tap-csv'[0m
[2025-06-24T19:28:54.117+0000] {docker.py:429} INFO - [2m2025-06-24T19:28:54.116685Z[0m [[32m[1minfo     [0m] [1mInstalling extractor 'tap-csv-latest'[0m
[2025-06-24T19:28:54.147+0000] {docker.py:429} INFO - [2m2025-06-24T19:28:54.146569Z[0m [[32m[1minfo     [0m] [1mInstalling loader 'target-postgres'[0m
[2025-06-24T19:28:54.176+0000] {docker.py:429} INFO - [2m2025-06-24T19:28:54.175934Z[0m [[32m[1minfo     [0m] [1mInstalling loader 'target-csv'[0m
[2025-06-24T19:28:54.202+0000] {docker.py:429} INFO - [2m2025-06-24T19:28:54.202250Z[0m [[32m[1minfo     [0m] [1mInstalling loader 'target-csv-postgres'[0m
[2025-06-24T19:28:54.239+0000] {docker.py:429} INFO - [2m2025-06-24T19:28:54.234788Z[0m [[32m[1minfo     [0m] [1mInstalling loader 'target-csv-csv'[0m
[2025-06-24T19:28:56.037+0000] {docker.py:429} INFO - [2m2025-06-24T19:28:56.036614Z[0m [[32m[1minfo     [0m] [1mInstalled extractor 'tap-postgres'[0m
[2025-06-24T19:28:56.045+0000] {docker.py:429} INFO - [2m2025-06-24T19:28:56.044747Z[0m [[32m[1minfo     [0m] [1mInstalled loader 'target-postgres'[0m
[2025-06-24T19:29:01.602+0000] {docker.py:429} INFO - [2m2025-06-24T19:29:01.601813Z[0m [[32m[1minfo     [0m] [1mInstalled extractor 'tap-csv' [0m
[2025-06-24T19:29:01.688+0000] {docker.py:429} INFO - [2m2025-06-24T19:29:01.688199Z[0m [[32m[1minfo     [0m] [1mInstalled extractor 'tap-csv-latest'[0m
[2025-06-24T19:29:02.885+0000] {docker.py:429} INFO - [2m2025-06-24T19:29:02.884491Z[0m [[32m[1minfo     [0m] [1mInstalled loader 'target-csv' [0m
[2025-06-24T19:29:03.409+0000] {docker.py:429} INFO - [2m2025-06-24T19:29:03.408715Z[0m [[32m[1minfo     [0m] [1mInstalled loader 'target-csv-postgres'[0m
[2025-06-24T19:29:03.514+0000] {docker.py:429} INFO - [2m2025-06-24T19:29:03.513880Z[0m [[32m[1minfo     [0m] [1mInstalled loader 'target-csv-csv'[0m
[2m2025-06-24T19:29:03.514230Z[0m [[32m[1minfo     [0m] [1mInstalled 7/7 plugins         [0m
[2025-06-24T19:29:04.514+0000] {docker.py:429} INFO - Meltano install completed. Executing command: meltano el tap-csv target-csv-csv
[2025-06-24T19:29:02.979+0000] {docker.py:429} INFO - [2m2025-06-24T19:29:02.979067Z[0m [[32m[1minfo     [0m] [1mEnvironment 'dev' is active   [0m
[2025-06-24T19:29:03.263+0000] {docker.py:429} INFO - [2m2025-06-24T19:29:03.262147Z[0m [[32m[1minfo     [0m] [1mRunning extract & load...     [0m [36mname[0m=[35mmeltano[0m [36mrun_id[0m=[35md4007c7d-0ee4-4f4c-8569-7360a44ff186[0m [36mstate_id[0m=[35m2025-06-24T192903--tap-csv--target-csv-csv[0m
[2025-06-24T19:29:04.428+0000] {docker.py:429} INFO - [2m2025-06-24T19:29:04.427400Z[0m [[32m[1minfo     [0m] [1mINFO Sending version information to singer.io. To disable sending anonymous usage data, set the config parameter "disable_collection" to true[0m [36mcmd_type[0m=[35mloader[0m [36mname[0m=[35mtarget-csv-csv[0m [36mrun_id[0m=[35md4007c7d-0ee4-4f4c-8569-7360a44ff186[0m [36mstate_id[0m=[35m2025-06-24T192903--tap-csv--target-csv-csv[0m [36mstdio[0m=[35mstderr[0m
[2025-06-24T19:29:04.604+0000] {docker.py:429} INFO - [2m2025-06-24T19:29:04.604144Z[0m [[32m[1minfo     [0m] [1mBeginning full_table sync of 'order_details'...[0m [36mcmd_type[0m=[35mextractor[0m [36mname[0m=[35mtap-csv[0m [36mrun_id[0m=[35md4007c7d-0ee4-4f4c-8569-7360a44ff186[0m [36mstate_id[0m=[35m2025-06-24T192903--tap-csv--target-csv-csv[0m [36mstdio[0m=[35mstderr[0m
[2025-06-24T19:29:04.605+0000] {docker.py:429} INFO - [2m2025-06-24T19:29:04.604505Z[0m [[32m[1minfo     [0m] [1mTap has custom mapper. Using 1 provided map(s).[0m [36mcmd_type[0m=[35mextractor[0m [36mname[0m=[35mtap-csv[0m [36mrun_id[0m=[35md4007c7d-0ee4-4f4c-8569-7360a44ff186[0m [36mstate_id[0m=[35m2025-06-24T192903--tap-csv--target-csv-csv[0m [36mstdio[0m=[35mstderr[0m
[2025-06-24T19:29:04.737+0000] {docker.py:429} INFO - [2m2025-06-24T19:29:04.736860Z[0m [[32m[1minfo     [0m] [1mMETRIC: {"type": "timer", "metric": "sync_duration", "value": 0.13225317001342773, "tags": {"stream": "order_details", "pid": 176, "context": {}, "status": "succeeded"}}[0m [36mcmd_type[0m=[35mextractor[0m [36mname[0m=[35mtap-csv[0m [36mrun_id[0m=[35md4007c7d-0ee4-4f4c-8569-7360a44ff186[0m [36mstate_id[0m=[35m2025-06-24T192903--tap-csv--target-csv-csv[0m [36mstdio[0m=[35mstderr[0m
[2m2025-06-24T19:29:04.737242Z[0m [[32m[1minfo     [0m] [1mMETRIC: {"type": "counter", "metric": "record_count", "value": 2155, "tags": {"stream": "order_details", "pid": 176, "context": {}}}[0m [36mcmd_type[0m=[35mextractor[0m [36mname[0m=[35mtap-csv[0m [36mrun_id[0m=[35md4007c7d-0ee4-4f4c-8569-7360a44ff186[0m [36mstate_id[0m=[35m2025-06-24T192903--tap-csv--target-csv-csv[0m [36mstdio[0m=[35mstderr[0m
[2025-06-24T19:29:04.851+0000] {docker.py:429} INFO - [2m2025-06-24T19:29:04.850443Z[0m [[32m[1minfo     [0m] [1mUsing systemdb state backend  [0m
[2025-06-24T19:29:04.864+0000] {docker.py:429} INFO - [2m2025-06-24T19:29:04.864197Z[0m [[32m[1minfo     [0m] [1mIncremental state has been updated at 2025-06-24 19:29:04.864164+00:00.[0m
[2025-06-24T19:29:04.866+0000] {docker.py:429} INFO - [2m2025-06-24T19:29:04.865625Z[0m [[32m[1minfo     [0m] [1mExtract & load complete!      [0m [36mname[0m=[35mmeltano[0m [36mrun_id[0m=[35md4007c7d-0ee4-4f4c-8569-7360a44ff186[0m [36mstate_id[0m=[35m2025-06-24T192903--tap-csv--target-csv-csv[0m
[2m2025-06-24T19:29:04.865906Z[0m [[32m[1minfo     [0m] [1mTransformation skipped.       [0m [36mname[0m=[35mmeltano[0m [36mrun_id[0m=[35md4007c7d-0ee4-4f4c-8569-7360a44ff186[0m [36mstate_id[0m=[35m2025-06-24T192903--tap-csv--target-csv-csv[0m
[2025-06-24T19:29:06.007+0000] {taskinstance.py:1138} INFO - Marking task as SUCCESS. dag_id=northwind, task_id=extração_csv, execution_date=20250624T192830, start_date=20250624T192852, end_date=20250624T192906
[2025-06-24T19:29:07.304+0000] {local_task_job_runner.py:234} INFO - Task exited with return code 0
[2025-06-24T19:29:07.324+0000] {taskinstance.py:3280} INFO - 0 downstream tasks scheduled from follow-on schedule check
