[2025-06-30T20:47:20.877+0000] {taskinstance.py:1956} INFO - Dependencies all met for dep_context=non-requeueable deps ti=<TaskInstance: northwind.extração_postgres manual__2025-06-30T20:47:18.640363+00:00 [queued]>
[2025-06-30T20:47:20.889+0000] {taskinstance.py:1956} INFO - Dependencies all met for dep_context=requeueable deps ti=<TaskInstance: northwind.extração_postgres manual__2025-06-30T20:47:18.640363+00:00 [queued]>
[2025-06-30T20:47:20.889+0000] {taskinstance.py:2170} INFO - Starting attempt 1 of 2
[2025-06-30T20:47:20.904+0000] {taskinstance.py:2191} INFO - Executing <Task(DockerOperator): extração_postgres> on 2025-06-30 20:47:18.640363+00:00
[2025-06-30T20:47:20.916+0000] {standard_task_runner.py:60} INFO - Started process 180 to run task
[2025-06-30T20:47:20.927+0000] {standard_task_runner.py:87} INFO - Running: ['***', 'tasks', 'run', 'northwind', 'extração_postgres', 'manual__2025-06-30T20:47:18.640363+00:00', '--job-id', '2', '--raw', '--subdir', 'DAGS_FOLDER/dag.py', '--cfg-path', '/tmp/tmpqx9kx0iu']
[2025-06-30T20:47:20.938+0000] {standard_task_runner.py:88} INFO - Job 2: Subtask extração_postgres
[2025-06-30T20:47:21.061+0000] {task_command.py:423} INFO - Running <TaskInstance: northwind.extração_postgres manual__2025-06-30T20:47:18.640363+00:00 [running]> on host ab35b4b34c6d
[2025-06-30T20:47:27.985+0000] {taskinstance.py:2480} INFO - Exporting env vars: AIRFLOW_CTX_DAG_EMAIL='lrbf@cin.ufpe.br' AIRFLOW_CTX_DAG_OWNER='***' AIRFLOW_CTX_DAG_ID='northwind' AIRFLOW_CTX_TASK_ID='extração_postgres' AIRFLOW_CTX_EXECUTION_DATE='2025-06-30T20:47:18.640363+00:00' AIRFLOW_CTX_TRY_NUMBER='1' AIRFLOW_CTX_DAG_RUN_ID='manual__2025-06-30T20:47:18.640363+00:00'
[2025-06-30T20:47:21.131+0000] {docker.py:359} INFO - Starting docker container from image meltano:latest
[2025-06-30T20:47:21.229+0000] {taskinstance.py:2698} ERROR - Task failed with exception
Traceback (most recent call last):
  File "/home/airflow/.local/lib/python3.10/site-packages/docker/api/client.py", line 265, in _raise_for_status
    response.raise_for_status()
  File "/home/airflow/.local/lib/python3.10/site-packages/requests/models.py", line 1021, in raise_for_status
    raise HTTPError(http_error_msg, response=self)
requests.exceptions.HTTPError: 404 Client Error: Not Found for url: http+docker://localhost/v1.47/containers/1063616195ab72147f889e0da89b8adb36bc5580a01b919f2934b5be04cd3fb5/start

The above exception was the direct cause of the following exception:

Traceback (most recent call last):
  File "/home/airflow/.local/lib/python3.10/site-packages/airflow/models/taskinstance.py", line 433, in _execute_task
    result = execute_callable(context=context, **execute_callable_kwargs)
  File "/home/airflow/.local/lib/python3.10/site-packages/airflow/providers/docker/operators/docker.py", line 502, in execute
    return self._run_image()
  File "/home/airflow/.local/lib/python3.10/site-packages/airflow/providers/docker/operators/docker.py", line 376, in _run_image
    return self._run_image_with_mounts(self.mounts, add_tmp_variable=False)
  File "/home/airflow/.local/lib/python3.10/site-packages/airflow/providers/docker/operators/docker.py", line 423, in _run_image_with_mounts
    self.cli.start(self.container["Id"])
  File "/home/airflow/.local/lib/python3.10/site-packages/docker/utils/decorators.py", line 19, in wrapped
    return f(self, resource_id, *args, **kwargs)
  File "/home/airflow/.local/lib/python3.10/site-packages/docker/api/container.py", line 1135, in start
    self._raise_for_status(res)
  File "/home/airflow/.local/lib/python3.10/site-packages/docker/api/client.py", line 267, in _raise_for_status
    raise create_api_error_from_http_exception(e) from e
  File "/home/airflow/.local/lib/python3.10/site-packages/docker/errors.py", line 39, in create_api_error_from_http_exception
    raise cls(e, response=response, explanation=explanation) from e
docker.errors.NotFound: 404 Client Error for http+docker://localhost/v1.47/containers/1063616195ab72147f889e0da89b8adb36bc5580a01b919f2934b5be04cd3fb5/start: Not Found ("network airflow_meltano_network not found")
[2025-06-30T20:47:21.275+0000] {taskinstance.py:1138} INFO - Marking task as UP_FOR_RETRY. dag_id=northwind, task_id=extração_postgres, execution_date=20250630T204718, start_date=20250630T204720, end_date=20250630T204721
[2025-06-30T20:47:21.312+0000] {standard_task_runner.py:107} ERROR - Failed to execute job 2 for task extração_postgres (404 Client Error for http+docker://localhost/v1.47/containers/1063616195ab72147f889e0da89b8adb36bc5580a01b919f2934b5be04cd3fb5/start: Not Found ("network airflow_meltano_network not found"); 180)
[2025-06-30T20:47:21.338+0000] {local_task_job_runner.py:234} INFO - Task exited with return code 1
[2025-06-30T20:47:21.391+0000] {taskinstance.py:3280} INFO - 0 downstream tasks scheduled from follow-on schedule check
