[2025-06-25T21:23:51.203+0000] {taskinstance.py:1956} INFO - Dependencies all met for dep_context=non-requeueable deps ti=<TaskInstance: northwind.extração_csv manual__2025-06-25T21:23:32.326827+00:00 [queued]>
[2025-06-25T21:23:51.213+0000] {taskinstance.py:1956} INFO - Dependencies all met for dep_context=requeueable deps ti=<TaskInstance: northwind.extração_csv manual__2025-06-25T21:23:32.326827+00:00 [queued]>
[2025-06-25T21:23:51.214+0000] {taskinstance.py:2170} INFO - Starting attempt 1 of 2
[2025-06-25T21:23:51.230+0000] {taskinstance.py:2191} INFO - Executing <Task(DockerOperator): extração_csv> on 2025-06-25 21:23:32.326827+00:00
[2025-06-25T21:23:51.235+0000] {standard_task_runner.py:60} INFO - Started process 224 to run task
[2025-06-25T21:23:51.240+0000] {standard_task_runner.py:87} INFO - Running: ['***', 'tasks', 'run', 'northwind', 'extração_csv', 'manual__2025-06-25T21:23:32.326827+00:00', '--job-id', '205', '--raw', '--subdir', 'DAGS_FOLDER/dag.py', '--cfg-path', '/tmp/tmpthcvmmcw']
[2025-06-25T21:23:51.242+0000] {standard_task_runner.py:88} INFO - Job 205: Subtask extração_csv
[2025-06-25T21:23:51.301+0000] {task_command.py:423} INFO - Running <TaskInstance: northwind.extração_csv manual__2025-06-25T21:23:32.326827+00:00 [running]> on host 6afc1f3750fb
[2025-06-25T21:23:51.391+0000] {taskinstance.py:2480} INFO - Exporting env vars: AIRFLOW_CTX_DAG_EMAIL='lrbf@cin.ufpe.br' AIRFLOW_CTX_DAG_OWNER='***' AIRFLOW_CTX_DAG_ID='northwind' AIRFLOW_CTX_TASK_ID='extração_csv' AIRFLOW_CTX_EXECUTION_DATE='2025-06-25T21:23:32.326827+00:00' AIRFLOW_CTX_TRY_NUMBER='1' AIRFLOW_CTX_DAG_RUN_ID='manual__2025-06-25T21:23:32.326827+00:00'
[2025-06-25T21:23:51.468+0000] {docker.py:359} INFO - Starting docker container from image meltano:latest
[2025-06-25T21:23:51.473+0000] {docker.py:367} WARNING - Using remote engine or docker-in-docker and mounting temporary volume from host is not supported. Falling back to `mount_tmp_dir=False` mode. You can set `mount_tmp_dir` parameter to False to disable mounting and remove the warning
[2025-06-25T21:23:51.813+0000] {docker.py:429} INFO - Running meltano install...
[2025-06-25T21:23:53.238+0000] {docker.py:429} INFO - [2m2025-06-25T21:23:53.237730Z[0m [[32m[1minfo     [0m] [1mInstalling 7 plugins          [0m
[2025-06-25T21:23:53.254+0000] {docker.py:429} INFO - [2m2025-06-25T21:23:53.253562Z[0m [[32m[1minfo     [0m] [1mInstalling extractor 'tap-postgres'[0m
[2025-06-25T21:23:53.273+0000] {docker.py:429} INFO - [2m2025-06-25T21:23:53.272613Z[0m [[32m[1minfo     [0m] [1mInstalling extractor 'tap-csv'[0m
[2025-06-25T21:23:53.297+0000] {docker.py:429} INFO - [2m2025-06-25T21:23:53.295331Z[0m [[32m[1minfo     [0m] [1mInstalling extractor 'tap-csv-latest'[0m
[2025-06-25T21:23:53.336+0000] {docker.py:429} INFO - [2m2025-06-25T21:23:53.334941Z[0m [[32m[1minfo     [0m] [1mInstalling loader 'target-postgres'[0m
[2025-06-25T21:23:53.375+0000] {docker.py:429} INFO - [2m2025-06-25T21:23:53.374110Z[0m [[32m[1minfo     [0m] [1mInstalling loader 'target-csv'[0m
[2025-06-25T21:23:53.415+0000] {docker.py:429} INFO - [2m2025-06-25T21:23:53.414742Z[0m [[32m[1minfo     [0m] [1mInstalling loader 'target-csv-postgres'[0m
[2025-06-25T21:23:53.465+0000] {docker.py:429} INFO - [2m2025-06-25T21:23:53.462267Z[0m [[32m[1minfo     [0m] [1mInstalling loader 'target-csv-csv'[0m
[2025-06-25T21:23:55.505+0000] {docker.py:429} INFO - [2m2025-06-25T21:23:55.504253Z[0m [[32m[1minfo     [0m] [1mInstalled extractor 'tap-postgres'[0m
[2025-06-25T21:23:55.541+0000] {docker.py:429} INFO - [2m2025-06-25T21:23:55.540673Z[0m [[32m[1minfo     [0m] [1mInstalled loader 'target-postgres'[0m
[2025-06-25T21:24:01.101+0000] {docker.py:429} INFO - [2m2025-06-25T21:24:01.100800Z[0m [[32m[1minfo     [0m] [1mInstalled extractor 'tap-csv-latest'[0m
[2025-06-25T21:24:01.496+0000] {docker.py:429} INFO - [2m2025-06-25T21:24:01.495193Z[0m [[32m[1minfo     [0m] [1mInstalled extractor 'tap-csv' [0m
[2025-06-25T21:24:02.193+0000] {docker.py:429} INFO - [2m2025-06-25T21:24:02.192477Z[0m [[32m[1minfo     [0m] [1mInstalled loader 'target-csv' [0m
[2025-06-25T21:24:04.522+0000] {docker.py:429} INFO - [2m2025-06-25T21:24:04.521690Z[0m [[32m[1minfo     [0m] [1mInstalled loader 'target-csv-csv'[0m
[2025-06-25T21:24:04.733+0000] {docker.py:429} INFO - [2m2025-06-25T21:24:04.732433Z[0m [[32m[1minfo     [0m] [1mInstalled loader 'target-csv-postgres'[0m
[2025-06-25T21:24:04.733+0000] {docker.py:429} INFO - [2m2025-06-25T21:24:04.732743Z[0m [[32m[1minfo     [0m] [1mInstalled 7/7 plugins         [0m
[2025-06-25T21:24:05.657+0000] {docker.py:429} INFO - Meltano install completed. Executing command: meltano el tap-csv target-csv-csv
[2025-06-25T21:24:06.872+0000] {docker.py:429} INFO - [2m2025-06-25T21:24:06.871328Z[0m [[32m[1minfo     [0m] [1mEnvironment 'dev' is active   [0m
[2025-06-25T21:24:07.223+0000] {docker.py:429} INFO - [2m2025-06-25T21:24:07.223050Z[0m [[32m[1minfo     [0m] [1mRunning extract & load...     [0m [36mname[0m=[35mmeltano[0m [36mrun_id[0m=[35m943137ce-2780-45e4-82c0-799802926423[0m [36mstate_id[0m=[35m2025-06-25T212407--tap-csv--target-csv-csv[0m
[2025-06-25T21:24:08.293+0000] {docker.py:429} INFO - [2m2025-06-25T21:24:08.292563Z[0m [[32m[1minfo     [0m] [1mINFO Sending version information to singer.io. To disable sending anonymous usage data, set the config parameter "disable_collection" to true[0m [36mcmd_type[0m=[35mloader[0m [36mname[0m=[35mtarget-csv-csv[0m [36mrun_id[0m=[35m943137ce-2780-45e4-82c0-799802926423[0m [36mstate_id[0m=[35m2025-06-25T212407--tap-csv--target-csv-csv[0m [36mstdio[0m=[35mstderr[0m
[2025-06-25T21:24:08.610+0000] {docker.py:429} INFO - [2m2025-06-25T21:24:08.609425Z[0m [[32m[1minfo     [0m] [1mBeginning full_table sync of 'order_details'...[0m [36mcmd_type[0m=[35mextractor[0m [36mname[0m=[35mtap-csv[0m [36mrun_id[0m=[35m943137ce-2780-45e4-82c0-799802926423[0m [36mstate_id[0m=[35m2025-06-25T212407--tap-csv--target-csv-csv[0m [36mstdio[0m=[35mstderr[0m
[2025-06-25T21:24:08.610+0000] {docker.py:429} INFO - [2m2025-06-25T21:24:08.609850Z[0m [[32m[1minfo     [0m] [1mTap has custom mapper. Using 1 provided map(s).[0m [36mcmd_type[0m=[35mextractor[0m [36mname[0m=[35mtap-csv[0m [36mrun_id[0m=[35m943137ce-2780-45e4-82c0-799802926423[0m [36mstate_id[0m=[35m2025-06-25T212407--tap-csv--target-csv-csv[0m [36mstdio[0m=[35mstderr[0m
[2025-06-25T21:24:08.817+0000] {docker.py:429} INFO - [2m2025-06-25T21:24:08.816231Z[0m [[32m[1minfo     [0m] [1mMETRIC: {"type": "timer", "metric": "sync_duration", "value": 0.20609593391418457, "tags": {"stream": "order_details", "pid": 176, "context": {}, "status": "succeeded"}}[0m [36mcmd_type[0m=[35mextractor[0m [36mname[0m=[35mtap-csv[0m [36mrun_id[0m=[35m943137ce-2780-45e4-82c0-799802926423[0m [36mstate_id[0m=[35m2025-06-25T212407--tap-csv--target-csv-csv[0m [36mstdio[0m=[35mstderr[0m
[2025-06-25T21:24:08.817+0000] {docker.py:429} INFO - [2m2025-06-25T21:24:08.816615Z[0m [[32m[1minfo     [0m] [1mMETRIC: {"type": "counter", "metric": "record_count", "value": 2155, "tags": {"stream": "order_details", "pid": 176, "context": {}}}[0m [36mcmd_type[0m=[35mextractor[0m [36mname[0m=[35mtap-csv[0m [36mrun_id[0m=[35m943137ce-2780-45e4-82c0-799802926423[0m [36mstate_id[0m=[35m2025-06-25T212407--tap-csv--target-csv-csv[0m [36mstdio[0m=[35mstderr[0m
[2025-06-25T21:24:08.935+0000] {docker.py:429} INFO - [2m2025-06-25T21:24:08.934370Z[0m [[32m[1minfo     [0m] [1mUsing systemdb state backend  [0m
[2025-06-25T21:24:08.948+0000] {docker.py:429} INFO - [2m2025-06-25T21:24:08.947267Z[0m [[32m[1minfo     [0m] [1mIncremental state has been updated at 2025-06-25 21:24:08.947186+00:00.[0m
[2025-06-25T21:24:08.951+0000] {docker.py:429} INFO - [2m2025-06-25T21:24:08.950756Z[0m [[32m[1minfo     [0m] [1mExtract & load complete!      [0m [36mname[0m=[35mmeltano[0m [36mrun_id[0m=[35m943137ce-2780-45e4-82c0-799802926423[0m [36mstate_id[0m=[35m2025-06-25T212407--tap-csv--target-csv-csv[0m
[2025-06-25T21:24:08.952+0000] {docker.py:429} INFO - [2m2025-06-25T21:24:08.951286Z[0m [[32m[1minfo     [0m] [1mTransformation skipped.       [0m [36mname[0m=[35mmeltano[0m [36mrun_id[0m=[35m943137ce-2780-45e4-82c0-799802926423[0m [36mstate_id[0m=[35m2025-06-25T212407--tap-csv--target-csv-csv[0m
[2025-06-25T21:24:10.240+0000] {taskinstance.py:1138} INFO - Marking task as SUCCESS. dag_id=northwind, task_id=extração_csv, execution_date=20250625T212332, start_date=20250625T212351, end_date=20250625T212410
[2025-06-25T21:24:10.305+0000] {local_task_job_runner.py:234} INFO - Task exited with return code 0
[2025-06-25T21:24:10.327+0000] {taskinstance.py:3280} INFO - 1 downstream tasks scheduled from follow-on schedule check
