[2025-07-09T21:38:36.619+0000] {taskinstance.py:1956} INFO - Dependencies all met for dep_context=non-requeueable deps ti=<TaskInstance: northwind.extração_csv manual__2025-07-09T21:38:19.942544+00:00 [queued]>
[2025-07-09T21:38:36.627+0000] {taskinstance.py:1956} INFO - Dependencies all met for dep_context=requeueable deps ti=<TaskInstance: northwind.extração_csv manual__2025-07-09T21:38:19.942544+00:00 [queued]>
[2025-07-09T21:38:36.627+0000] {taskinstance.py:2170} INFO - Starting attempt 1 of 2
[2025-07-09T21:38:36.638+0000] {taskinstance.py:2191} INFO - Executing <Task(DockerOperator): extração_csv> on 2025-07-09 21:38:19.942544+00:00
[2025-07-09T21:38:36.642+0000] {standard_task_runner.py:60} INFO - Started process 184 to run task
[2025-07-09T21:38:36.645+0000] {standard_task_runner.py:87} INFO - Running: ['***', 'tasks', 'run', 'northwind', 'extração_csv', 'manual__2025-07-09T21:38:19.942544+00:00', '--job-id', '116', '--raw', '--subdir', 'DAGS_FOLDER/northwind.py', '--cfg-path', '/tmp/tmp7_hbdqd5']
[2025-07-09T21:38:36.647+0000] {standard_task_runner.py:88} INFO - Job 116: Subtask extração_csv
[2025-07-09T21:38:36.694+0000] {task_command.py:423} INFO - Running <TaskInstance: northwind.extração_csv manual__2025-07-09T21:38:19.942544+00:00 [running]> on host 9d65785a077b
[2025-07-09T21:38:36.771+0000] {taskinstance.py:2480} INFO - Exporting env vars: AIRFLOW_CTX_DAG_EMAIL='lrbf@cin.ufpe.br' AIRFLOW_CTX_DAG_OWNER='***' AIRFLOW_CTX_DAG_ID='northwind' AIRFLOW_CTX_TASK_ID='extração_csv' AIRFLOW_CTX_EXECUTION_DATE='2025-07-09T21:38:19.942544+00:00' AIRFLOW_CTX_TRY_NUMBER='1' AIRFLOW_CTX_DAG_RUN_ID='manual__2025-07-09T21:38:19.942544+00:00'
[2025-07-09T21:38:36.829+0000] {docker.py:359} INFO - Starting docker container from image meltano:latest
[2025-07-09T21:38:37.102+0000] {docker.py:429} INFO - Running meltano install...
[2025-07-09T21:38:38.339+0000] {docker.py:429} INFO - [2m2025-07-09T21:38:38.338807Z[0m [[32m[1minfo     [0m] [1mInstalling 7 plugins          [0m
[2025-07-09T21:38:38.352+0000] {docker.py:429} INFO - [2m2025-07-09T21:38:38.351759Z[0m [[32m[1minfo     [0m] [1mInstalling extractor 'tap-postgres'[0m
[2025-07-09T21:38:38.373+0000] {docker.py:429} INFO - [2m2025-07-09T21:38:38.372353Z[0m [[32m[1minfo     [0m] [1mInstalling extractor 'tap-csv'[0m
[2025-07-09T21:38:38.396+0000] {docker.py:429} INFO - [2m2025-07-09T21:38:38.395077Z[0m [[32m[1minfo     [0m] [1mInstalling extractor 'tap-csv-latest'[0m
[2025-07-09T21:38:38.422+0000] {docker.py:429} INFO - [2m2025-07-09T21:38:38.421111Z[0m [[32m[1minfo     [0m] [1mInstalling loader 'target-postgres'[0m
[2025-07-09T21:38:38.462+0000] {docker.py:429} INFO - [2m2025-07-09T21:38:38.461446Z[0m [[32m[1minfo     [0m] [1mInstalling loader 'target-csv'[0m
[2025-07-09T21:38:38.504+0000] {docker.py:429} INFO - [2m2025-07-09T21:38:38.502951Z[0m [[32m[1minfo     [0m] [1mInstalling loader 'target-csv-postgres'[0m
[2025-07-09T21:38:38.544+0000] {docker.py:429} INFO - [2m2025-07-09T21:38:38.543405Z[0m [[32m[1minfo     [0m] [1mInstalling loader 'target-csv-csv'[0m
[2025-07-09T21:38:39.784+0000] {docker.py:429} INFO - [2m2025-07-09T21:38:39.783861Z[0m [[32m[1minfo     [0m] [1mInstalled extractor 'tap-postgres'[0m
[2025-07-09T21:38:39.850+0000] {docker.py:429} INFO - [2m2025-07-09T21:38:39.850199Z[0m [[32m[1minfo     [0m] [1mInstalled loader 'target-postgres'[0m
[2025-07-09T21:38:44.633+0000] {docker.py:429} INFO - [2m2025-07-09T21:38:44.632159Z[0m [[32m[1minfo     [0m] [1mInstalled extractor 'tap-csv' [0m
[2025-07-09T21:38:44.719+0000] {docker.py:429} INFO - [2m2025-07-09T21:38:44.718124Z[0m [[32m[1minfo     [0m] [1mInstalled extractor 'tap-csv-latest'[0m
[2025-07-09T21:38:45.487+0000] {docker.py:429} INFO - [2m2025-07-09T21:38:45.486366Z[0m [[32m[1minfo     [0m] [1mInstalled loader 'target-csv' [0m
[2025-07-09T21:38:45.628+0000] {docker.py:429} INFO - [2m2025-07-09T21:38:45.628203Z[0m [[32m[1minfo     [0m] [1mInstalled loader 'target-csv-csv'[0m
[2025-07-09T21:38:45.879+0000] {docker.py:429} INFO - [2m2025-07-09T21:38:45.878612Z[0m [[32m[1minfo     [0m] [1mInstalled loader 'target-csv-postgres'[0m
[2025-07-09T21:38:45.879+0000] {docker.py:429} INFO - [2m2025-07-09T21:38:45.878948Z[0m [[32m[1minfo     [0m] [1mInstalled 7/7 plugins         [0m
[2025-07-09T21:38:46.762+0000] {docker.py:429} INFO - Meltano install completed. Executing command: meltano el tap-csv target-csv-csv
[2025-07-09T21:38:47.987+0000] {docker.py:429} INFO - [2m2025-07-09T21:38:47.986797Z[0m [[32m[1minfo     [0m] [1mEnvironment 'dev' is active   [0m
[2025-07-09T21:38:48.291+0000] {docker.py:429} INFO - [2m2025-07-09T21:38:48.290783Z[0m [[32m[1minfo     [0m] [1mRunning extract & load...     [0m [36mname[0m=[35mmeltano[0m [36mrun_id[0m=[35mef091113-5536-498f-b5e0-10fd1f6dcb0d[0m [36mstate_id[0m=[35m2025-07-09T213848--tap-csv--target-csv-csv[0m
[2025-07-09T21:38:50.805+0000] {docker.py:429} INFO - [2m2025-07-09T21:38:50.803989Z[0m [[32m[1minfo     [0m] [1mINFO Sending version information to singer.io. To disable sending anonymous usage data, set the config parameter "disable_collection" to true[0m [36mcmd_type[0m=[35mloader[0m [36mname[0m=[35mtarget-csv-csv[0m [36mrun_id[0m=[35mef091113-5536-498f-b5e0-10fd1f6dcb0d[0m [36mstate_id[0m=[35m2025-07-09T213848--tap-csv--target-csv-csv[0m [36mstdio[0m=[35mstderr[0m
[2025-07-09T21:38:51.333+0000] {docker.py:429} INFO - [2m2025-07-09T21:38:51.332567Z[0m [[32m[1minfo     [0m] [1m/opt/meltano/.meltano/extractors/tap-csv/venv/lib/python3.9/site-packages/singer_sdk/tap_base.py:516: SingerSDKDeprecationWarning: Passing a catalog file path is deprecated. Please pass the catalog as a dictionary or Catalog object instead.[0m [36mcmd_type[0m=[35mextractor[0m [36mname[0m=[35mtap-csv[0m [36mrun_id[0m=[35mef091113-5536-498f-b5e0-10fd1f6dcb0d[0m [36mstate_id[0m=[35m2025-07-09T213848--tap-csv--target-csv-csv[0m [36mstdio[0m=[35mstderr[0m
[2025-07-09T21:38:51.334+0000] {docker.py:429} INFO - [2m2025-07-09T21:38:51.333197Z[0m [[32m[1minfo     [0m] [1m  tap = cls(                  [0m [36mcmd_type[0m=[35mextractor[0m [36mname[0m=[35mtap-csv[0m [36mrun_id[0m=[35mef091113-5536-498f-b5e0-10fd1f6dcb0d[0m [36mstate_id[0m=[35m2025-07-09T213848--tap-csv--target-csv-csv[0m [36mstdio[0m=[35mstderr[0m
[2m2025-07-09T21:38:51.333658Z[0m [[32m[1minfo     [0m] [1m                              [0m [36mcmd_type[0m=[35mextractor[0m [36mname[0m=[35mtap-csv[0m [36mrun_id[0m=[35mef091113-5536-498f-b5e0-10fd1f6dcb0d[0m [36mstate_id[0m=[35m2025-07-09T213848--tap-csv--target-csv-csv[0m [36mstdio[0m=[35mstderr[0m
[2025-07-09T21:38:51.334+0000] {docker.py:429} INFO - [2m2025-07-09T21:38:51.334235Z[0m [[32m[1minfo     [0m] [1mBeginning full_table sync of 'order_details'...[0m [36mcmd_type[0m=[35mextractor[0m [36mname[0m=[35mtap-csv[0m [36mrun_id[0m=[35mef091113-5536-498f-b5e0-10fd1f6dcb0d[0m [36mstate_id[0m=[35m2025-07-09T213848--tap-csv--target-csv-csv[0m [36mstdio[0m=[35mstderr[0m
[2025-07-09T21:38:51.335+0000] {docker.py:429} INFO - [2m2025-07-09T21:38:51.334737Z[0m [[32m[1minfo     [0m] [1mTap has custom mapper. Using 1 provided map(s).[0m [36mcmd_type[0m=[35mextractor[0m [36mname[0m=[35mtap-csv[0m [36mrun_id[0m=[35mef091113-5536-498f-b5e0-10fd1f6dcb0d[0m [36mstate_id[0m=[35m2025-07-09T213848--tap-csv--target-csv-csv[0m [36mstdio[0m=[35mstderr[0m
[2025-07-09T21:38:48.985+0000] {docker.py:429} INFO - [2m2025-07-09T21:38:48.984804Z[0m [[32m[1minfo     [0m] [1mMETRIC: {"type": "timer", "metric": "sync_duration", "value": -2.3492677211761475, "tags": {"stream": "order_details", "pid": 176, "context": {}, "status": "succeeded"}}[0m [36mcmd_type[0m=[35mextractor[0m [36mname[0m=[35mtap-csv[0m [36mrun_id[0m=[35mef091113-5536-498f-b5e0-10fd1f6dcb0d[0m [36mstate_id[0m=[35m2025-07-09T213848--tap-csv--target-csv-csv[0m [36mstdio[0m=[35mstderr[0m
[2025-07-09T21:38:48.986+0000] {docker.py:429} INFO - [2m2025-07-09T21:38:48.985364Z[0m [[32m[1minfo     [0m] [1mMETRIC: {"type": "counter", "metric": "record_count", "value": 2155, "tags": {"stream": "order_details", "pid": 176, "context": {}}}[0m [36mcmd_type[0m=[35mextractor[0m [36mname[0m=[35mtap-csv[0m [36mrun_id[0m=[35mef091113-5536-498f-b5e0-10fd1f6dcb0d[0m [36mstate_id[0m=[35m2025-07-09T213848--tap-csv--target-csv-csv[0m [36mstdio[0m=[35mstderr[0m
[2025-07-09T21:38:49.247+0000] {docker.py:429} INFO - [2m2025-07-09T21:38:49.246648Z[0m [[32m[1minfo     [0m] [1mUsing systemdb state backend  [0m
[2025-07-09T21:38:49.261+0000] {docker.py:429} INFO - [2m2025-07-09T21:38:49.260084Z[0m [[32m[1minfo     [0m] [1mIncremental state has been updated at 2025-07-09 21:38:49.260035+00:00.[0m
[2025-07-09T21:38:49.262+0000] {docker.py:429} INFO - [2m2025-07-09T21:38:49.261767Z[0m [[32m[1minfo     [0m] [1mExtract & load complete!      [0m [36mname[0m=[35mmeltano[0m [36mrun_id[0m=[35mef091113-5536-498f-b5e0-10fd1f6dcb0d[0m [36mstate_id[0m=[35m2025-07-09T213848--tap-csv--target-csv-csv[0m
[2025-07-09T21:38:49.263+0000] {docker.py:429} INFO - [2m2025-07-09T21:38:49.262144Z[0m [[32m[1minfo     [0m] [1mTransformation skipped.       [0m [36mname[0m=[35mmeltano[0m [36mrun_id[0m=[35mef091113-5536-498f-b5e0-10fd1f6dcb0d[0m [36mstate_id[0m=[35m2025-07-09T213848--tap-csv--target-csv-csv[0m
[2025-07-09T21:38:50.587+0000] {taskinstance.py:1138} INFO - Marking task as SUCCESS. dag_id=northwind, task_id=extração_csv, execution_date=20250709T213819, start_date=20250709T213836, end_date=20250709T213850
[2025-07-09T21:38:51.738+0000] {local_task_job_runner.py:234} INFO - Task exited with return code 0
[2025-07-09T21:38:51.757+0000] {taskinstance.py:3280} INFO - 0 downstream tasks scheduled from follow-on schedule check
