[2025-07-10T13:25:02.118+0000] {taskinstance.py:1956} INFO - Dependencies all met for dep_context=non-requeueable deps ti=<TaskInstance: northwind.extração_csv manual__2025-07-10T13:24:31.228630+00:00 [queued]>
[2025-07-10T13:25:02.128+0000] {taskinstance.py:1956} INFO - Dependencies all met for dep_context=requeueable deps ti=<TaskInstance: northwind.extração_csv manual__2025-07-10T13:24:31.228630+00:00 [queued]>
[2025-07-10T13:25:02.128+0000] {taskinstance.py:2170} INFO - Starting attempt 1 of 2
[2025-07-10T13:25:02.146+0000] {taskinstance.py:2191} INFO - Executing <Task(DockerOperator): extração_csv> on 2025-07-10 13:24:31.228630+00:00
[2025-07-10T13:25:02.157+0000] {standard_task_runner.py:60} INFO - Started process 177 to run task
[2025-07-10T13:25:02.161+0000] {standard_task_runner.py:87} INFO - Running: ['***', 'tasks', 'run', 'northwind', 'extração_csv', 'manual__2025-07-10T13:24:31.228630+00:00', '--job-id', '58', '--raw', '--subdir', 'DAGS_FOLDER/northwind.py', '--cfg-path', '/tmp/tmp1pkyns30']
[2025-07-10T13:25:02.164+0000] {standard_task_runner.py:88} INFO - Job 58: Subtask extração_csv
[2025-07-10T13:25:02.267+0000] {task_command.py:423} INFO - Running <TaskInstance: northwind.extração_csv manual__2025-07-10T13:24:31.228630+00:00 [running]> on host 73583f3edd4d
[2025-07-10T13:25:02.482+0000] {taskinstance.py:2480} INFO - Exporting env vars: AIRFLOW_CTX_DAG_EMAIL='lrbf@cin.ufpe.br' AIRFLOW_CTX_DAG_OWNER='***' AIRFLOW_CTX_DAG_ID='northwind' AIRFLOW_CTX_TASK_ID='extração_csv' AIRFLOW_CTX_EXECUTION_DATE='2025-07-10T13:24:31.228630+00:00' AIRFLOW_CTX_TRY_NUMBER='1' AIRFLOW_CTX_DAG_RUN_ID='manual__2025-07-10T13:24:31.228630+00:00'
[2025-07-10T13:25:02.714+0000] {docker.py:359} INFO - Starting docker container from image meltano:latest
[2025-07-10T13:25:03.669+0000] {docker.py:429} INFO - Running meltano install...
[2025-07-10T13:25:06.654+0000] {docker.py:429} INFO - [2m2025-07-10T13:25:06.652704Z[0m [[32m[1minfo     [0m] [1mInstalling 7 plugins          [0m
[2025-07-10T13:25:06.693+0000] {docker.py:429} INFO - [2m2025-07-10T13:25:06.691767Z[0m [[32m[1minfo     [0m] [1mInstalling extractor 'tap-postgres'[0m
[2025-07-10T13:25:06.853+0000] {docker.py:429} INFO - [2m2025-07-10T13:25:06.852057Z[0m [[32m[1minfo     [0m] [1mInstalling extractor 'tap-csv'[0m
[2025-07-10T13:25:07.004+0000] {docker.py:429} INFO - [2m2025-07-10T13:25:07.003737Z[0m [[32m[1minfo     [0m] [1mInstalling extractor 'tap-csv-latest'[0m
[2025-07-10T13:25:07.027+0000] {docker.py:429} INFO - [2m2025-07-10T13:25:07.026247Z[0m [[32m[1minfo     [0m] [1mInstalling loader 'target-postgres'[0m
[2025-07-10T13:25:07.052+0000] {docker.py:429} INFO - [2m2025-07-10T13:25:07.051377Z[0m [[32m[1minfo     [0m] [1mInstalling loader 'target-csv'[0m
[2025-07-10T13:25:07.125+0000] {docker.py:429} INFO - [2m2025-07-10T13:25:07.123853Z[0m [[32m[1minfo     [0m] [1mInstalling loader 'target-csv-postgres'[0m
[2025-07-10T13:25:07.207+0000] {docker.py:429} INFO - [2m2025-07-10T13:25:07.202343Z[0m [[32m[1minfo     [0m] [1mInstalling loader 'target-csv-csv'[0m
[2025-07-10T13:25:10.268+0000] {docker.py:429} INFO - [2m2025-07-10T13:25:10.264863Z[0m [[32m[1minfo     [0m] [1mInstalled extractor 'tap-postgres'[0m
[2025-07-10T13:25:10.359+0000] {docker.py:429} INFO - [2m2025-07-10T13:25:10.357842Z[0m [[32m[1minfo     [0m] [1mInstalled loader 'target-postgres'[0m
[2025-07-10T13:25:16.683+0000] {docker.py:429} INFO - [2m2025-07-10T13:25:16.680871Z[0m [[32m[1minfo     [0m] [1mInstalled extractor 'tap-csv' [0m
[2025-07-10T13:25:16.767+0000] {docker.py:429} INFO - [2m2025-07-10T13:25:16.766149Z[0m [[32m[1minfo     [0m] [1mInstalled extractor 'tap-csv-latest'[0m
[2025-07-10T13:25:18.371+0000] {docker.py:429} INFO - [2m2025-07-10T13:25:18.370001Z[0m [[32m[1minfo     [0m] [1mInstalled loader 'target-csv' [0m
[2025-07-10T13:25:18.926+0000] {docker.py:429} INFO - [2m2025-07-10T13:25:18.925397Z[0m [[32m[1minfo     [0m] [1mInstalled loader 'target-csv-csv'[0m
[2025-07-10T13:25:19.134+0000] {docker.py:429} INFO - [2m2025-07-10T13:25:19.132224Z[0m [[32m[1minfo     [0m] [1mInstalled loader 'target-csv-postgres'[0m
[2m2025-07-10T13:25:19.133079Z[0m [[32m[1minfo     [0m] [1mInstalled 7/7 plugins         [0m
[2025-07-10T13:25:20.319+0000] {docker.py:429} INFO - Meltano install completed. Executing command: meltano el tap-csv target-csv-csv
[2025-07-10T13:25:22.945+0000] {docker.py:429} INFO - [2m2025-07-10T13:25:22.943626Z[0m [[32m[1minfo     [0m] [1mEnvironment 'dev' is active   [0m
[2025-07-10T13:25:23.753+0000] {docker.py:429} INFO - [2m2025-07-10T13:25:23.752196Z[0m [[32m[1minfo     [0m] [1mRunning extract & load...     [0m [36mname[0m=[35mmeltano[0m [36mrun_id[0m=[35m7b526907-c193-409d-b4ee-6c4c88149a06[0m [36mstate_id[0m=[35m2025-07-10T132523--tap-csv--target-csv-csv[0m
[2025-07-10T13:25:26.162+0000] {docker.py:429} INFO - [2m2025-07-10T13:25:26.161350Z[0m [[32m[1minfo     [0m] [1mINFO Sending version information to singer.io. To disable sending anonymous usage data, set the config parameter "disable_collection" to true[0m [36mcmd_type[0m=[35mloader[0m [36mname[0m=[35mtarget-csv-csv[0m [36mrun_id[0m=[35m7b526907-c193-409d-b4ee-6c4c88149a06[0m [36mstate_id[0m=[35m2025-07-10T132523--tap-csv--target-csv-csv[0m [36mstdio[0m=[35mstderr[0m
[2025-07-10T13:25:26.560+0000] {docker.py:429} INFO - [2m2025-07-10T13:25:26.559461Z[0m [[32m[1minfo     [0m] [1m/opt/meltano/.meltano/extractors/tap-csv/venv/lib/python3.9/site-packages/singer_sdk/tap_base.py:516: SingerSDKDeprecationWarning: Passing a catalog file path is deprecated. Please pass the catalog as a dictionary or Catalog object instead.[0m [36mcmd_type[0m=[35mextractor[0m [36mname[0m=[35mtap-csv[0m [36mrun_id[0m=[35m7b526907-c193-409d-b4ee-6c4c88149a06[0m [36mstate_id[0m=[35m2025-07-10T132523--tap-csv--target-csv-csv[0m [36mstdio[0m=[35mstderr[0m
[2025-07-10T13:25:26.561+0000] {docker.py:429} INFO - [2m2025-07-10T13:25:26.559963Z[0m [[32m[1minfo     [0m] [1m  tap = cls(                  [0m [36mcmd_type[0m=[35mextractor[0m [36mname[0m=[35mtap-csv[0m [36mrun_id[0m=[35m7b526907-c193-409d-b4ee-6c4c88149a06[0m [36mstate_id[0m=[35m2025-07-10T132523--tap-csv--target-csv-csv[0m [36mstdio[0m=[35mstderr[0m
[2m2025-07-10T13:25:26.560310Z[0m [[32m[1minfo     [0m] [1m                              [0m [36mcmd_type[0m=[35mextractor[0m [36mname[0m=[35mtap-csv[0m [36mrun_id[0m=[35m7b526907-c193-409d-b4ee-6c4c88149a06[0m [36mstate_id[0m=[35m2025-07-10T132523--tap-csv--target-csv-csv[0m [36mstdio[0m=[35mstderr[0m
[2025-07-10T13:25:26.562+0000] {docker.py:429} INFO - [2m2025-07-10T13:25:26.561240Z[0m [[32m[1minfo     [0m] [1mBeginning full_table sync of 'order_details'...[0m [36mcmd_type[0m=[35mextractor[0m [36mname[0m=[35mtap-csv[0m [36mrun_id[0m=[35m7b526907-c193-409d-b4ee-6c4c88149a06[0m [36mstate_id[0m=[35m2025-07-10T132523--tap-csv--target-csv-csv[0m [36mstdio[0m=[35mstderr[0m
[2025-07-10T13:25:26.562+0000] {docker.py:429} INFO - [2m2025-07-10T13:25:26.561885Z[0m [[32m[1minfo     [0m] [1mTap has custom mapper. Using 1 provided map(s).[0m [36mcmd_type[0m=[35mextractor[0m [36mname[0m=[35mtap-csv[0m [36mrun_id[0m=[35m7b526907-c193-409d-b4ee-6c4c88149a06[0m [36mstate_id[0m=[35m2025-07-10T132523--tap-csv--target-csv-csv[0m [36mstdio[0m=[35mstderr[0m
[2025-07-10T13:25:26.846+0000] {docker.py:429} INFO - [2m2025-07-10T13:25:26.845038Z[0m [[32m[1minfo     [0m] [1mMETRIC: {"type": "timer", "metric": "sync_duration", "value": 0.2787437438964844, "tags": {"stream": "order_details", "pid": 176, "context": {}, "status": "succeeded"}}[0m [36mcmd_type[0m=[35mextractor[0m [36mname[0m=[35mtap-csv[0m [36mrun_id[0m=[35m7b526907-c193-409d-b4ee-6c4c88149a06[0m [36mstate_id[0m=[35m2025-07-10T132523--tap-csv--target-csv-csv[0m [36mstdio[0m=[35mstderr[0m
[2025-07-10T13:25:26.847+0000] {docker.py:429} INFO - [2m2025-07-10T13:25:26.845714Z[0m [[32m[1minfo     [0m] [1mMETRIC: {"type": "counter", "metric": "record_count", "value": 2155, "tags": {"stream": "order_details", "pid": 176, "context": {}}}[0m [36mcmd_type[0m=[35mextractor[0m [36mname[0m=[35mtap-csv[0m [36mrun_id[0m=[35m7b526907-c193-409d-b4ee-6c4c88149a06[0m [36mstate_id[0m=[35m2025-07-10T132523--tap-csv--target-csv-csv[0m [36mstdio[0m=[35mstderr[0m
[2025-07-10T13:25:27.106+0000] {docker.py:429} INFO - [2m2025-07-10T13:25:27.105838Z[0m [[32m[1minfo     [0m] [1mUsing systemdb state backend  [0m
[2025-07-10T13:25:27.127+0000] {docker.py:429} INFO - [2m2025-07-10T13:25:27.125787Z[0m [[32m[1minfo     [0m] [1mIncremental state has been updated at 2025-07-10 13:25:27.125732+00:00.[0m
[2025-07-10T13:25:27.129+0000] {docker.py:429} INFO - [2m2025-07-10T13:25:27.128332Z[0m [[32m[1minfo     [0m] [1mExtract & load complete!      [0m [36mname[0m=[35mmeltano[0m [36mrun_id[0m=[35m7b526907-c193-409d-b4ee-6c4c88149a06[0m [36mstate_id[0m=[35m2025-07-10T132523--tap-csv--target-csv-csv[0m
[2025-07-10T13:25:27.131+0000] {docker.py:429} INFO - [2m2025-07-10T13:25:27.128972Z[0m [[32m[1minfo     [0m] [1mTransformation skipped.       [0m [36mname[0m=[35mmeltano[0m [36mrun_id[0m=[35m7b526907-c193-409d-b4ee-6c4c88149a06[0m [36mstate_id[0m=[35m2025-07-10T132523--tap-csv--target-csv-csv[0m
[2025-07-10T13:25:28.836+0000] {taskinstance.py:1138} INFO - Marking task as SUCCESS. dag_id=northwind, task_id=extração_csv, execution_date=20250710T132431, start_date=20250710T132502, end_date=20250710T132528
[2025-07-10T13:25:28.899+0000] {local_task_job_runner.py:234} INFO - Task exited with return code 0
[2025-07-10T13:25:28.970+0000] {taskinstance.py:3280} INFO - 1 downstream tasks scheduled from follow-on schedule check
