[2025-07-08T14:13:52.486+0000] {taskinstance.py:1956} INFO - Dependencies all met for dep_context=non-requeueable deps ti=<TaskInstance: northwind.gerar_config_csv_dinamica manual__2025-07-08T14:12:59.803766+00:00 [queued]>
[2025-07-08T14:13:52.500+0000] {taskinstance.py:1956} INFO - Dependencies all met for dep_context=requeueable deps ti=<TaskInstance: northwind.gerar_config_csv_dinamica manual__2025-07-08T14:12:59.803766+00:00 [queued]>
[2025-07-08T14:13:52.501+0000] {taskinstance.py:2170} INFO - Starting attempt 1 of 2
[2025-07-08T14:13:52.532+0000] {taskinstance.py:2191} INFO - Executing <Task(DockerOperator): gerar_config_csv_dinamica> on 2025-07-08 14:12:59.803766+00:00
[2025-07-08T14:13:52.540+0000] {standard_task_runner.py:60} INFO - Started process 184 to run task
[2025-07-08T14:13:52.545+0000] {standard_task_runner.py:87} INFO - Running: ['***', 'tasks', 'run', 'northwind', 'gerar_config_csv_dinamica', 'manual__2025-07-08T14:12:59.803766+00:00', '--job-id', '47', '--raw', '--subdir', 'DAGS_FOLDER/northwind.py', '--cfg-path', '/tmp/tmpkqmj_yxb']
[2025-07-08T14:13:52.547+0000] {standard_task_runner.py:88} INFO - Job 47: Subtask gerar_config_csv_dinamica
[2025-07-08T14:13:52.611+0000] {task_command.py:423} INFO - Running <TaskInstance: northwind.gerar_config_csv_dinamica manual__2025-07-08T14:12:59.803766+00:00 [running]> on host eee4e987cd13
[2025-07-08T14:13:52.704+0000] {taskinstance.py:2480} INFO - Exporting env vars: AIRFLOW_CTX_DAG_EMAIL='lrbf@cin.ufpe.br' AIRFLOW_CTX_DAG_OWNER='***' AIRFLOW_CTX_DAG_ID='northwind' AIRFLOW_CTX_TASK_ID='gerar_config_csv_dinamica' AIRFLOW_CTX_EXECUTION_DATE='2025-07-08T14:12:59.803766+00:00' AIRFLOW_CTX_TRY_NUMBER='1' AIRFLOW_CTX_DAG_RUN_ID='manual__2025-07-08T14:12:59.803766+00:00'
[2025-07-08T14:13:52.780+0000] {docker.py:359} INFO - Starting docker container from image meltano:latest
[2025-07-08T14:13:53.110+0000] {docker.py:429} INFO - Running meltano install...
[2025-07-08T14:13:54.848+0000] {docker.py:429} INFO - [2m2025-07-08T14:13:54.847920Z[0m [[32m[1minfo     [0m] [1mInstalling 7 plugins          [0m
[2025-07-08T14:13:54.866+0000] {docker.py:429} INFO - [2m2025-07-08T14:13:54.865865Z[0m [[32m[1minfo     [0m] [1mInstalling extractor 'tap-postgres'[0m
[2025-07-08T14:13:54.912+0000] {docker.py:429} INFO - [2m2025-07-08T14:13:54.910060Z[0m [[32m[1minfo     [0m] [1mInstalling extractor 'tap-csv'[0m
[2025-07-08T14:13:54.957+0000] {docker.py:429} INFO - [2m2025-07-08T14:13:54.956266Z[0m [[32m[1minfo     [0m] [1mInstalling extractor 'tap-csv-latest'[0m
[2025-07-08T14:13:55.009+0000] {docker.py:429} INFO - [2m2025-07-08T14:13:55.008356Z[0m [[32m[1minfo     [0m] [1mInstalling loader 'target-postgres'[0m
[2025-07-08T14:13:55.046+0000] {docker.py:429} INFO - [2m2025-07-08T14:13:55.045122Z[0m [[32m[1minfo     [0m] [1mInstalling loader 'target-csv'[0m
[2025-07-08T14:13:55.089+0000] {docker.py:429} INFO - [2m2025-07-08T14:13:55.088478Z[0m [[32m[1minfo     [0m] [1mInstalling loader 'target-csv-postgres'[0m
[2025-07-08T14:13:55.151+0000] {docker.py:429} INFO - [2m2025-07-08T14:13:55.150093Z[0m [[32m[1minfo     [0m] [1mInstalling loader 'target-csv-csv'[0m
[2025-07-08T14:13:56.539+0000] {docker.py:429} INFO - [2m2025-07-08T14:13:56.537418Z[0m [[32m[1minfo     [0m] [1mInstalled extractor 'tap-postgres'[0m
[2025-07-08T14:13:56.710+0000] {docker.py:429} INFO - [2m2025-07-08T14:13:56.710135Z[0m [[32m[1minfo     [0m] [1mInstalled loader 'target-postgres'[0m
[2025-07-08T14:14:04.314+0000] {docker.py:429} INFO - [2m2025-07-08T14:14:04.313703Z[0m [[32m[1minfo     [0m] [1mInstalled extractor 'tap-csv' [0m
[2025-07-08T14:14:04.325+0000] {docker.py:429} INFO - [2m2025-07-08T14:14:04.324374Z[0m [[32m[1minfo     [0m] [1mInstalled extractor 'tap-csv-latest'[0m
[2025-07-08T14:14:08.101+0000] {docker.py:429} INFO - [2m2025-07-08T14:14:08.100758Z[0m [[32m[1minfo     [0m] [1mInstalled loader 'target-csv-csv'[0m
[2025-07-08T14:14:08.110+0000] {docker.py:429} INFO - [2m2025-07-08T14:14:08.109123Z[0m [[32m[1minfo     [0m] [1mInstalled loader 'target-csv-postgres'[0m
[2025-07-08T14:14:08.124+0000] {docker.py:429} INFO - [2m2025-07-08T14:14:08.123442Z[0m [[32m[1minfo     [0m] [1mInstalled loader 'target-csv' [0m
[2025-07-08T14:14:08.125+0000] {docker.py:429} INFO - [2m2025-07-08T14:14:08.124681Z[0m [[32m[1minfo     [0m] [1mInstalled 7/7 plugins         [0m
[2025-07-08T14:14:09.099+0000] {docker.py:429} INFO - Meltano install completed. Executing command: python /opt/meltano/scripts/generate_csv_config.py
[2025-07-08T14:14:09.154+0000] {docker.py:429} INFO - [{"entity": "order_details", "path": "/opt/output_data/csv/order_details/2025-07-08/file.csv", "keys": ["order_id", "product_id"], "delimiter": ",", "encoding": "utf-8"}, {"entity": "public-categories", "path": "/opt/output_data/postgres/public-categories/2025-07-08/file.csv", "keys": ["category_id"], "delimiter": ",", "encoding": "utf-8"}, {"entity": "public-products", "path": "/opt/output_data/postgres/public-products/2025-07-08/file.csv", "keys": ["product_id"], "delimiter": ",", "encoding": "utf-8"}, {"entity": "public-suppliers", "path": "/opt/output_data/postgres/public-suppliers/2025-07-08/file.csv", "keys": ["supplier_id"], "delimiter": ",", "encoding": "utf-8"}, {"entity": "public-orders", "path": "/opt/output_data/postgres/public-orders/2025-07-08/file.csv", "keys": ["order_id"], "delimiter": ",", "encoding": "utf-8"}, {"entity": "public-customers", "path": "/opt/output_data/postgres/public-customers/2025-07-08/file.csv", "keys": ["customer_id"], "delimiter": ",", "encoding": "utf-8"}, {"entity": "public-employees", "path": "/opt/output_data/postgres/public-employees/2025-07-08/file.csv", "keys": ["employee_id"], "delimiter": ",", "encoding": "utf-8"}, {"entity": "public-employee_territories", "path": "/opt/output_data/postgres/public-employee_territories/2025-07-08/file.csv", "keys": ["employee_id", "territory_id"], "delimiter": ",", "encoding": "utf-8"}, {"entity": "public-territories", "path": "/opt/output_data/postgres/public-territories/2025-07-08/file.csv", "keys": ["territory_id"], "delimiter": ",", "encoding": "utf-8"}, {"entity": "public-region", "path": "/opt/output_data/postgres/public-region/2025-07-08/file.csv", "keys": ["region_id"], "delimiter": ",", "encoding": "utf-8"}, {"entity": "public-shippers", "path": "/opt/output_data/postgres/public-shippers/2025-07-08/file.csv", "keys": ["shipper_id"], "delimiter": ",", "encoding": "utf-8"}, {"entity": "public-us_states", "path": "/opt/output_data/postgres/public-us_states/2025-07-08/file.csv", "keys": ["state_id"], "delimiter": ",", "encoding": "utf-8"}]
[2025-07-08T14:14:09.477+0000] {taskinstance.py:1138} INFO - Marking task as SUCCESS. dag_id=northwind, task_id=gerar_config_csv_dinamica, execution_date=20250708T141259, start_date=20250708T141352, end_date=20250708T141409
[2025-07-08T14:14:09.513+0000] {local_task_job_runner.py:234} INFO - Task exited with return code 0
[2025-07-08T14:14:09.556+0000] {taskinstance.py:3280} INFO - 1 downstream tasks scheduled from follow-on schedule check
