[2025-07-01T12:24:51.305+0000] {taskinstance.py:1956} INFO - Dependencies all met for dep_context=non-requeueable deps ti=<TaskInstance: northwind.carregamento_postgres manual__2025-07-01T12:23:51.035112+00:00 [queued]>
[2025-07-01T12:24:51.314+0000] {taskinstance.py:1956} INFO - Dependencies all met for dep_context=requeueable deps ti=<TaskInstance: northwind.carregamento_postgres manual__2025-07-01T12:23:51.035112+00:00 [queued]>
[2025-07-01T12:24:51.314+0000] {taskinstance.py:2170} INFO - Starting attempt 1 of 2
[2025-07-01T12:24:43.801+0000] {taskinstance.py:2191} INFO - Executing <Task(DockerOperator): carregamento_postgres> on 2025-07-01 12:23:51.035112+00:00
[2025-07-01T12:24:43.807+0000] {standard_task_runner.py:60} INFO - Started process 191 to run task
[2025-07-01T12:24:43.811+0000] {standard_task_runner.py:87} INFO - Running: ['***', 'tasks', 'run', 'northwind', 'carregamento_postgres', 'manual__2025-07-01T12:23:51.035112+00:00', '--job-id', '25', '--raw', '--subdir', 'DAGS_FOLDER/dag.py', '--cfg-path', '/tmp/tmp7na_fley']
[2025-07-01T12:24:43.813+0000] {standard_task_runner.py:88} INFO - Job 25: Subtask carregamento_postgres
[2025-07-01T12:24:43.865+0000] {task_command.py:423} INFO - Running <TaskInstance: northwind.carregamento_postgres manual__2025-07-01T12:23:51.035112+00:00 [running]> on host 9dc97b55674e
[2025-07-01T12:24:43.996+0000] {taskinstance.py:2480} INFO - Exporting env vars: AIRFLOW_CTX_DAG_EMAIL='lrbf@cin.ufpe.br' AIRFLOW_CTX_DAG_OWNER='***' AIRFLOW_CTX_DAG_ID='northwind' AIRFLOW_CTX_TASK_ID='carregamento_postgres' AIRFLOW_CTX_EXECUTION_DATE='2025-07-01T12:23:51.035112+00:00' AIRFLOW_CTX_TRY_NUM***ER='1' AIRFLOW_CTX_DAG_RUN_ID='manual__2025-07-01T12:23:51.035112+00:00'
[2025-07-01T12:24:44.060+0000] {docker.py:359} INFO - Starting docker container from image meltano:latest
[2025-07-01T12:24:44.362+0000] {docker.py:429} INFO - Running meltano install...
[2025-07-01T12:24:45.728+0000] {docker.py:429} INFO - [2m2025-07-01T12:24:45.727792Z[0m [[32m[1minfo     [0m] [1mInstalling 7 plugins          [0m
[2025-07-01T12:24:45.740+0000] {docker.py:429} INFO - [2m2025-07-01T12:24:45.739940Z[0m [[32m[1minfo     [0m] [1mInstalling extractor 'tap-postgres'[0m
[2025-07-01T12:24:45.758+0000] {docker.py:429} INFO - [2m2025-07-01T12:24:45.757485Z[0m [[32m[1minfo     [0m] [1mInstalling extractor 'tap-csv'[0m
[2025-07-01T12:24:45.780+0000] {docker.py:429} INFO - [2m2025-07-01T12:24:45.779445Z[0m [[32m[1minfo     [0m] [1mInstalling extractor 'tap-csv-latest'[0m
[2025-07-01T12:24:45.808+0000] {docker.py:429} INFO - [2m2025-07-01T12:24:45.807854Z[0m [[32m[1minfo     [0m] [1mInstalling loader 'target-postgres'[0m
[2025-07-01T12:24:45.849+0000] {docker.py:429} INFO - [2m2025-07-01T12:24:45.848400Z[0m [[32m[1minfo     [0m] [1mInstalling loader 'target-csv'[0m
[2025-07-01T12:24:45.894+0000] {docker.py:429} INFO - [2m2025-07-01T12:24:45.893249Z[0m [[32m[1minfo     [0m] [1mInstalling loader 'target-csv-postgres'[0m
[2025-07-01T12:24:45.958+0000] {docker.py:429} INFO - [2m2025-07-01T12:24:45.956088Z[0m [[32m[1minfo     [0m] [1mInstalling loader 'target-csv-csv'[0m
[2025-07-01T12:24:47.403+0000] {docker.py:429} INFO - [2m2025-07-01T12:24:47.402543Z[0m [[32m[1minfo     [0m] [1mInstalled extractor 'tap-postgres'[0m
[2025-07-01T12:24:47.434+0000] {docker.py:429} INFO - [2m2025-07-01T12:24:47.434018Z[0m [[32m[1minfo     [0m] [1mInstalled loader 'target-postgres'[0m
[2025-07-01T12:24:51.486+0000] {docker.py:429} INFO - [2m2025-07-01T12:24:51.485771Z[0m [[32m[1minfo     [0m] [1mInstalled extractor 'tap-csv' [0m
[2025-07-01T12:24:51.531+0000] {docker.py:429} INFO - [2m2025-07-01T12:24:51.531019Z[0m [[32m[1minfo     [0m] [1mInstalled extractor 'tap-csv-latest'[0m
[2025-07-01T12:24:52.334+0000] {docker.py:429} INFO - [2m2025-07-01T12:24:52.333418Z[0m [[32m[1minfo     [0m] [1mInstalled loader 'target-csv-postgres'[0m
[2025-07-01T12:24:52.334+0000] {docker.py:429} INFO - [2m2025-07-01T12:24:52.334051Z[0m [[32m[1minfo     [0m] [1mInstalled loader 'target-csv-csv'[0m
[2025-07-01T12:24:52.980+0000] {docker.py:429} INFO - [2m2025-07-01T12:24:52.979996Z[0m [[32m[1minfo     [0m] [1mInstalled loader 'target-csv' [0m
[2m2025-07-01T12:24:52.980301Z[0m [[32m[1minfo     [0m] [1mInstalled 7/7 plugins         [0m
[2025-07-01T12:24:54.017+0000] {docker.py:429} INFO - Meltano install completed. Executing command: meltano el tap-csv-latest target-postgres
[2025-07-01T12:24:54.908+0000] {docker.py:429} INFO - [2m2025-07-01T12:24:54.907623Z[0m [[32m[1minfo     [0m] [1mEnvironment 'dev' is active   [0m
[2025-07-01T12:24:55.268+0000] {docker.py:429} INFO - [2m2025-07-01T12:24:55.267225Z[0m [[32m[1minfo     [0m] [1mRunning extract & load...     [0m [36mname[0m=[35mmeltano[0m [36mrun_id[0m=[35m0c363054-424d-4432-bb99-a5c0a1eefa72[0m [36mstate_id[0m=[35m2025-07-01T122455--tap-csv-latest--target-postgres[0m
[2025-07-01T12:24:56.162+0000] {docker.py:429} INFO - [2m2025-07-01T12:24:56.161380Z[0m [[32m[1minfo     [0m] [1mTraceback (most recent call last):[0m [36mcmd_type[0m=[35mextractor[0m [36mname[0m=[35mtap-csv-latest[0m [36mrun_id[0m=[35m0c363054-424d-4432-bb99-a5c0a1eefa72[0m [36mstate_id[0m=[35m2025-07-01T122455--tap-csv-latest--target-postgres[0m [36mstdio[0m=[35mstderr[0m
[2025-07-01T12:24:56.162+0000] {docker.py:429} INFO - [2m2025-07-01T12:24:56.161933Z[0m [[32m[1minfo     [0m] [1m  File "/opt/meltano/.meltano/extractors/tap-csv-latest/venv/bin/tap-csv", line 8, in <module>[0m [36mcmd_type[0m=[35mextractor[0m [36mname[0m=[35mtap-csv-latest[0m [36mrun_id[0m=[35m0c363054-424d-4432-bb99-a5c0a1eefa72[0m [36mstate_id[0m=[35m2025-07-01T122455--tap-csv-latest--target-postgres[0m [36mstdio[0m=[35mstderr[0m
[2025-07-01T12:24:56.163+0000] {docker.py:429} INFO - [2m2025-07-01T12:24:56.162181Z[0m [[32m[1minfo     [0m] [1m    sys.exit(TapCSV.cli())    [0m [36mcmd_type[0m=[35mextractor[0m [36mname[0m=[35mtap-csv-latest[0m [36mrun_id[0m=[35m0c363054-424d-4432-bb99-a5c0a1eefa72[0m [36mstate_id[0m=[35m2025-07-01T122455--tap-csv-latest--target-postgres[0m [36mstdio[0m=[35mstderr[0m
[2025-07-01T12:24:56.163+0000] {docker.py:429} INFO - [2m2025-07-01T12:24:56.162410Z[0m [[32m[1minfo     [0m] [1m  File "/opt/meltano/.meltano/extractors/tap-csv-latest/venv/lib/python3.9/site-packages/click/core.py", line 1161, in __call__[0m [36mcmd_type[0m=[35mextractor[0m [36mname[0m=[35mtap-csv-latest[0m [36mrun_id[0m=[35m0c363054-424d-4432-bb99-a5c0a1eefa72[0m [36mstate_id[0m=[35m2025-07-01T122455--tap-csv-latest--target-postgres[0m [36mstdio[0m=[35mstderr[0m
[2025-07-01T12:24:56.164+0000] {docker.py:429} INFO - [2m2025-07-01T12:24:56.162701Z[0m [[32m[1minfo     [0m] [1m    return self.main(*args, **kwargs)[0m [36mcmd_type[0m=[35mextractor[0m [36mname[0m=[35mtap-csv-latest[0m [36mrun_id[0m=[35m0c363054-424d-4432-bb99-a5c0a1eefa72[0m [36mstate_id[0m=[35m2025-07-01T122455--tap-csv-latest--target-postgres[0m [36mstdio[0m=[35mstderr[0m
[2025-07-01T12:24:56.164+0000] {docker.py:429} INFO - [2m2025-07-01T12:24:56.162961Z[0m [[32m[1minfo     [0m] [1m  File "/opt/meltano/.meltano/extractors/tap-csv-latest/venv/lib/python3.9/site-packages/click/core.py", line 1082, in main[0m [36mcmd_type[0m=[35mextractor[0m [36mname[0m=[35mtap-csv-latest[0m [36mrun_id[0m=[35m0c363054-424d-4432-bb99-a5c0a1eefa72[0m [36mstate_id[0m=[35m2025-07-01T122455--tap-csv-latest--target-postgres[0m [36mstdio[0m=[35mstderr[0m
[2025-07-01T12:24:56.164+0000] {docker.py:429} INFO - [2m2025-07-01T12:24:56.163241Z[0m [[32m[1minfo     [0m] [1m    rv = self.invoke(ctx)     [0m [36mcmd_type[0m=[35mextractor[0m [36mname[0m=[35mtap-csv-latest[0m [36mrun_id[0m=[35m0c363054-424d-4432-bb99-a5c0a1eefa72[0m [36mstate_id[0m=[35m2025-07-01T122455--tap-csv-latest--target-postgres[0m [36mstdio[0m=[35mstderr[0m
[2025-07-01T12:24:56.164+0000] {docker.py:429} INFO - [2m2025-07-01T12:24:56.163545Z[0m [[32m[1minfo     [0m] [1m  File "/opt/meltano/.meltano/extractors/tap-csv-latest/venv/lib/python3.9/site-packages/singer_sdk/plugin_base.py", line 93, in invoke[0m [36mcmd_type[0m=[35mextractor[0m [36mname[0m=[35mtap-csv-latest[0m [36mrun_id[0m=[35m0c363054-424d-4432-bb99-a5c0a1eefa72[0m [36mstate_id[0m=[35m2025-07-01T122455--tap-csv-latest--target-postgres[0m [36mstdio[0m=[35mstderr[0m
[2025-07-01T12:24:56.164+0000] {docker.py:429} INFO - [2m2025-07-01T12:24:56.163850Z[0m [[32m[1minfo     [0m] [1m    return super().invoke(ctx)[0m [36mcmd_type[0m=[35mextractor[0m [36mname[0m=[35mtap-csv-latest[0m [36mrun_id[0m=[35m0c363054-424d-4432-bb99-a5c0a1eefa72[0m [36mstate_id[0m=[35m2025-07-01T122455--tap-csv-latest--target-postgres[0m [36mstdio[0m=[35mstderr[0m
[2025-07-01T12:24:56.165+0000] {docker.py:429} INFO - [2m2025-07-01T12:24:56.164181Z[0m [[32m[1minfo     [0m] [1m  File "/opt/meltano/.meltano/extractors/tap-csv-latest/venv/lib/python3.9/site-packages/click/core.py", line 1443, in invoke[0m [36mcmd_type[0m=[35mextractor[0m [36mname[0m=[35mtap-csv-latest[0m [36mrun_id[0m=[35m0c363054-424d-4432-bb99-a5c0a1eefa72[0m [36mstate_id[0m=[35m2025-07-01T122455--tap-csv-latest--target-postgres[0m [36mstdio[0m=[35mstderr[0m
[2025-07-01T12:24:56.165+0000] {docker.py:429} INFO - [2m2025-07-01T12:24:56.164419Z[0m [[32m[1minfo     [0m] [1m    return ctx.invoke(self.callback, **ctx.params)[0m [36mcmd_type[0m=[35mextractor[0m [36mname[0m=[35mtap-csv-latest[0m [36mrun_id[0m=[35m0c363054-424d-4432-bb99-a5c0a1eefa72[0m [36mstate_id[0m=[35m2025-07-01T122455--tap-csv-latest--target-postgres[0m [36mstdio[0m=[35mstderr[0m
[2025-07-01T12:24:56.165+0000] {docker.py:429} INFO - [2m2025-07-01T12:24:56.164682Z[0m [[32m[1minfo     [0m] [1m  File "/opt/meltano/.meltano/extractors/tap-csv-latest/venv/lib/python3.9/site-packages/click/core.py", line 788, in invoke[0m [36mcmd_type[0m=[35mextractor[0m [36mname[0m=[35mtap-csv-latest[0m [36mrun_id[0m=[35m0c363054-424d-4432-bb99-a5c0a1eefa72[0m [36mstate_id[0m=[35m2025-07-01T122455--tap-csv-latest--target-postgres[0m [36mstdio[0m=[35mstderr[0m
[2025-07-01T12:24:56.166+0000] {docker.py:429} INFO - [2m2025-07-01T12:24:56.164945Z[0m [[32m[1minfo     [0m] [1m    return __callback(*args, **kwargs)[0m [36mcmd_type[0m=[35mextractor[0m [36mname[0m=[35mtap-csv-latest[0m [36mrun_id[0m=[35m0c363054-424d-4432-bb99-a5c0a1eefa72[0m [36mstate_id[0m=[35m2025-07-01T122455--tap-csv-latest--target-postgres[0m [36mstdio[0m=[35mstderr[0m
[2025-07-01T12:24:56.166+0000] {docker.py:429} INFO - [2m2025-07-01T12:24:56.165223Z[0m [[32m[1minfo     [0m] [1m  File "/opt/meltano/.meltano/extractors/tap-csv-latest/venv/lib/python3.9/site-packages/singer_sdk/tap_base.py", line 516, in invoke[0m [36mcmd_type[0m=[35mextractor[0m [36mname[0m=[35mtap-csv-latest[0m [36mrun_id[0m=[35m0c363054-424d-4432-bb99-a5c0a1eefa72[0m [36mstate_id[0m=[35m2025-07-01T122455--tap-csv-latest--target-postgres[0m [36mstdio[0m=[35mstderr[0m
[2025-07-01T12:24:56.166+0000] {docker.py:429} INFO - [2m2025-07-01T12:24:56.165515Z[0m [[32m[1minfo     [0m] [1m    tap = cls(                [0m [36mcmd_type[0m=[35mextractor[0m [36mname[0m=[35mtap-csv-latest[0m [36mrun_id[0m=[35m0c363054-424d-4432-bb99-a5c0a1eefa72[0m [36mstate_id[0m=[35m2025-07-01T122455--tap-csv-latest--target-postgres[0m [36mstdio[0m=[35mstderr[0m
[2025-07-01T12:24:56.166+0000] {docker.py:429} INFO - [2m2025-07-01T12:24:56.165828Z[0m [[32m[1minfo     [0m] [1m  File "/opt/meltano/.meltano/extractors/tap-csv-latest/venv/lib/python3.9/site-packages/singer_sdk/tap_base.py", line 118, in __init__[0m [36mcmd_type[0m=[35mextractor[0m [36mname[0m=[35mtap-csv-latest[0m [36mrun_id[0m=[35m0c363054-424d-4432-bb99-a5c0a1eefa72[0m [36mstate_id[0m=[35m2025-07-01T122455--tap-csv-latest--target-postgres[0m [36mstdio[0m=[35mstderr[0m
[2025-07-01T12:24:56.167+0000] {docker.py:429} INFO - [2m2025-07-01T12:24:56.166136Z[0m [[32m[1minfo     [0m] [1m    self.setup_mapper()       [0m [36mcmd_type[0m=[35mextractor[0m [36mname[0m=[35mtap-csv-latest[0m [36mrun_id[0m=[35m0c363054-424d-4432-bb99-a5c0a1eefa72[0m [36mstate_id[0m=[35m2025-07-01T122455--tap-csv-latest--target-postgres[0m [36mstdio[0m=[35mstderr[0m
[2025-07-01T12:24:56.167+0000] {docker.py:429} INFO - [2m2025-07-01T12:24:56.166454Z[0m [[32m[1minfo     [0m] [1m  File "/opt/meltano/.meltano/extractors/tap-csv-latest/venv/lib/python3.9/site-packages/singer_sdk/tap_base.py", line 194, in setup_mapper[0m [36mcmd_type[0m=[35mextractor[0m [36mname[0m=[35mtap-csv-latest[0m [36mrun_id[0m=[35m0c363054-424d-4432-bb99-a5c0a1eefa72[0m [36mstate_id[0m=[35m2025-07-01T122455--tap-csv-latest--target-postgres[0m [36mstdio[0m=[35mstderr[0m
[2025-07-01T12:24:56.167+0000] {docker.py:429} INFO - [2m2025-07-01T12:24:56.166740Z[0m [[32m[1minfo     [0m] [1m    self.mapper.register_raw_streams_from_catalog(self.catalog)[0m [36mcmd_type[0m=[35mextractor[0m [36mname[0m=[35mtap-csv-latest[0m [36mrun_id[0m=[35m0c363054-424d-4432-bb99-a5c0a1eefa72[0m [36mstate_id[0m=[35m2025-07-01T122455--tap-csv-latest--target-postgres[0m [36mstdio[0m=[35mstderr[0m
[2025-07-01T12:24:56.167+0000] {docker.py:429} INFO - [2m2025-07-01T12:24:56.167033Z[0m [[32m[1minfo     [0m] [1m  File "/opt/meltano/.meltano/extractors/tap-csv-latest/venv/lib/python3.9/site-packages/singer_sdk/tap_base.py", line 187, in catalog[0m [36mcmd_type[0m=[35mextractor[0m [36mname[0m=[35mtap-csv-latest[0m [36mrun_id[0m=[35m0c363054-424d-4432-bb99-a5c0a1eefa72[0m [36mstate_id[0m=[35m2025-07-01T122455--tap-csv-latest--target-postgres[0m [36mstdio[0m=[35mstderr[0m
[2025-07-01T12:24:56.168+0000] {docker.py:429} INFO - [2m2025-07-01T12:24:56.167320Z[0m [[32m[1minfo     [0m] [1m    self._catalog = self.input_catalog or self._singer_catalog[0m [36mcmd_type[0m=[35mextractor[0m [36mname[0m=[35mtap-csv-latest[0m [36mrun_id[0m=[35m0c363054-424d-4432-bb99-a5c0a1eefa72[0m [36mstate_id[0m=[35m2025-07-01T122455--tap-csv-latest--target-postgres[0m [36mstdio[0m=[35mstderr[0m
[2025-07-01T12:24:56.168+0000] {docker.py:429} INFO - [2m2025-07-01T12:24:56.167615Z[0m [[32m[1minfo     [0m] [1m  File "/opt/meltano/.meltano/extractors/tap-csv-latest/venv/lib/python3.9/site-packages/singer_sdk/tap_base.py", line 340, in _singer_catalog[0m [36mcmd_type[0m=[35mextractor[0m [36mname[0m=[35mtap-csv-latest[0m [36mrun_id[0m=[35m0c363054-424d-4432-bb99-a5c0a1eefa72[0m [36mstate_id[0m=[35m2025-07-01T122455--tap-csv-latest--target-postgres[0m [36mstdio[0m=[35mstderr[0m
[2025-07-01T12:24:56.168+0000] {docker.py:429} INFO - [2m2025-07-01T12:24:56.167875Z[0m [[32m[1minfo     [0m] [1m    for stream in self.streams.values()[0m [36mcmd_type[0m=[35mextractor[0m [36mname[0m=[35mtap-csv-latest[0m [36mrun_id[0m=[35m0c363054-424d-4432-bb99-a5c0a1eefa72[0m [36mstate_id[0m=[35m2025-07-01T122455--tap-csv-latest--target-postgres[0m [36mstdio[0m=[35mstderr[0m
[2025-07-01T12:24:56.168+0000] {docker.py:429} INFO - [2m2025-07-01T12:24:56.168134Z[0m [[32m[1minfo     [0m] [1m  File "/opt/meltano/.meltano/extractors/tap-csv-latest/venv/lib/python3.9/site-packages/singer_sdk/tap_base.py", line 149, in streams[0m [36mcmd_type[0m=[35mextractor[0m [36mname[0m=[35mtap-csv-latest[0m [36mrun_id[0m=[35m0c363054-424d-4432-bb99-a5c0a1eefa72[0m [36mstate_id[0m=[35m2025-07-01T122455--tap-csv-latest--target-postgres[0m [36mstdio[0m=[35mstderr[0m
[2025-07-01T12:24:56.169+0000] {docker.py:429} INFO - [2m2025-07-01T12:24:56.168428Z[0m [[32m[1minfo     [0m] [1m    for stream in self.load_streams():[0m [36mcmd_type[0m=[35mextractor[0m [36mname[0m=[35mtap-csv-latest[0m [36mrun_id[0m=[35m0c363054-424d-4432-bb99-a5c0a1eefa72[0m [36mstate_id[0m=[35m2025-07-01T122455--tap-csv-latest--target-postgres[0m [36mstdio[0m=[35mstderr[0m
[2025-07-01T12:24:56.169+0000] {docker.py:429} INFO - [2m2025-07-01T12:24:56.168762Z[0m [[32m[1minfo     [0m] [1m  File "/opt/meltano/.meltano/extractors/tap-csv-latest/venv/lib/python3.9/site-packages/singer_sdk/tap_base.py", line 373, in load_streams[0m [36mcmd_type[0m=[35mextractor[0m [36mname[0m=[35mtap-csv-latest[0m [36mrun_id[0m=[35m0c363054-424d-4432-bb99-a5c0a1eefa72[0m [36mstate_id[0m=[35m2025-07-01T122455--tap-csv-latest--target-postgres[0m [36mstdio[0m=[35mstderr[0m
[2025-07-01T12:24:56.169+0000] {docker.py:429} INFO - [2m2025-07-01T12:24:56.169077Z[0m [[32m[1minfo     [0m] [1m    for stream in self.discover_streams():[0m [36mcmd_type[0m=[35mextractor[0m [36mname[0m=[35mtap-csv-latest[0m [36mrun_id[0m=[35m0c363054-424d-4432-bb99-a5c0a1eefa72[0m [36mstate_id[0m=[35m2025-07-01T122455--tap-csv-latest--target-postgres[0m [36mstdio[0m=[35mstderr[0m
[2025-07-01T12:24:56.169+0000] {docker.py:429} INFO - [2m2025-07-01T12:24:56.169403Z[0m [[32m[1minfo     [0m] [1m  File "/opt/meltano/.meltano/extractors/tap-csv-latest/venv/lib/python3.9/site-packages/tap_csv/tap.py", line 89, in discover_streams[0m [36mcmd_type[0m=[35mextractor[0m [36mname[0m=[35mtap-csv-latest[0m [36mrun_id[0m=[35m0c363054-424d-4432-bb99-a5c0a1eefa72[0m [36mstate_id[0m=[35m2025-07-01T122455--tap-csv-latest--target-postgres[0m [36mstdio[0m=[35mstderr[0m
[2025-07-01T12:24:56.170+0000] {docker.py:429} INFO - [2m2025-07-01T12:24:56.169731Z[0m [[32m[1minfo     [0m] [1m    return [                  [0m [36mcmd_type[0m=[35mextractor[0m [36mname[0m=[35mtap-csv-latest[0m [36mrun_id[0m=[35m0c363054-424d-4432-bb99-a5c0a1eefa72[0m [36mstate_id[0m=[35m2025-07-01T122455--tap-csv-latest--target-postgres[0m [36mstdio[0m=[35mstderr[0m
[2025-07-01T12:24:56.170+0000] {docker.py:429} INFO - [2m2025-07-01T12:24:56.170072Z[0m [[32m[1minfo     [0m] [1m  File "/opt/meltano/.meltano/extractors/tap-csv-latest/venv/lib/python3.9/site-packages/tap_csv/tap.py", line 92, in <listcomp>[0m [36mcmd_type[0m=[35mextractor[0m [36mname[0m=[35mtap-csv-latest[0m [36mrun_id[0m=[35m0c363054-424d-4432-bb99-a5c0a1eefa72[0m [36mstate_id[0m=[35m2025-07-01T122455--tap-csv-latest--target-postgres[0m [36mstdio[0m=[35mstderr[0m
[2025-07-01T12:24:56.170+0000] {docker.py:429} INFO - [2m2025-07-01T12:24:56.170409Z[0m [[32m[1minfo     [0m] [1m    name=file_config.get("entity"),[0m [36mcmd_type[0m=[35mextractor[0m [36mname[0m=[35mtap-csv-latest[0m [36mrun_id[0m=[35m0c363054-424d-4432-bb99-a5c0a1eefa72[0m [36mstate_id[0m=[35m2025-07-01T122455--tap-csv-latest--target-postgres[0m [36mstdio[0m=[35mstderr[0m
[2025-07-01T12:24:56.171+0000] {docker.py:429} INFO - [2m2025-07-01T12:24:56.170749Z[0m [[32m[1minfo     [0m] [1mAttributeError: 'str' object has no attribute 'get'[0m [36mcmd_type[0m=[35mextractor[0m [36mname[0m=[35mtap-csv-latest[0m [36mrun_id[0m=[35m0c363054-424d-4432-bb99-a5c0a1eefa72[0m [36mstate_id[0m=[35m2025-07-01T122455--tap-csv-latest--target-postgres[0m [36mstdio[0m=[35mstderr[0m
[2025-07-01T12:24:56.299+0000] {docker.py:429} INFO - [2m2025-07-01T12:24:56.298250Z[0m [[32m[1minfo     [0m] [1mtarget-postgres v0.4.3, Meltano SDK v0.47.4[0m [36mcmd_type[0m=[35mloader[0m [36mname[0m=[35mtarget-postgres[0m [36mrun_id[0m=[35m0c363054-424d-4432-bb99-a5c0a1eefa72[0m [36mstate_id[0m=[35m2025-07-01T122455--tap-csv-latest--target-postgres[0m [36mstdio[0m=[35mstderr[0m
[2025-07-01T12:24:56.300+0000] {docker.py:429} INFO - [2m2025-07-01T12:24:56.299515Z[0m [[32m[1minfo     [0m] [1m/opt/meltano/.meltano/loaders/target-postgres/venv/lib/python3.9/site-packages/singer_sdk/plugin_base.py:715: SingerSDKDeprecationWarning: Passing a list of config file paths is deprecated. Please pass the config as a dictionary instead.[0m [36mcmd_type[0m=[35mloader[0m [36mname[0m=[35mtarget-postgres[0m [36mrun_id[0m=[35m0c363054-424d-4432-bb99-a5c0a1eefa72[0m [36mstate_id[0m=[35m2025-07-01T122455--tap-csv-latest--target-postgres[0m [36mstdio[0m=[35mstderr[0m
[2025-07-01T12:24:56.300+0000] {docker.py:429} INFO - [2m2025-07-01T12:24:56.299823Z[0m [[32m[1minfo     [0m] [1m  super().__init__(           [0m [36mcmd_type[0m=[35mloader[0m [36mname[0m=[35mtarget-postgres[0m [36mrun_id[0m=[35m0c363054-424d-4432-bb99-a5c0a1eefa72[0m [36mstate_id[0m=[35m2025-07-01T122455--tap-csv-latest--target-postgres[0m [36mstdio[0m=[35mstderr[0m
[2025-07-01T12:24:56.300+0000] {docker.py:429} INFO - [2m2025-07-01T12:24:56.300049Z[0m [[32m[1minfo     [0m] [1m                              [0m [36mcmd_type[0m=[35mloader[0m [36mname[0m=[35mtarget-postgres[0m [36mrun_id[0m=[35m0c363054-424d-4432-bb99-a5c0a1eefa72[0m [36mstate_id[0m=[35m2025-07-01T122455--tap-csv-latest--target-postgres[0m [36mstdio[0m=[35mstderr[0m
[2025-07-01T12:24:56.301+0000] {docker.py:429} INFO - [2m2025-07-01T12:24:56.300231Z[0m [[32m[1minfo     [0m] [1mSkipping parse of env var settings...[0m [36mcmd_type[0m=[35mloader[0m [36mname[0m=[35mtarget-postgres[0m [36mrun_id[0m=[35m0c363054-424d-4432-bb99-a5c0a1eefa72[0m [36mstate_id[0m=[35m2025-07-01T122455--tap-csv-latest--target-postgres[0m [36mstdio[0m=[35mstderr[0m
[2025-07-01T12:24:56.301+0000] {docker.py:429} INFO - [2m2025-07-01T12:24:56.300476Z[0m [[32m[1minfo     [0m] [1mThe `dialect+driver` configuration option is deprecated. Please set it to `postgresql+psycopg`, as this will be the hard-coded value in the future.[0m [36mcmd_type[0m=[35mloader[0m [36mname[0m=[35mtarget-postgres[0m [36mrun_id[0m=[35m0c363054-424d-4432-bb99-a5c0a1eefa72[0m [36mstate_id[0m=[35m2025-07-01T122455--tap-csv-latest--target-postgres[0m [36mstdio[0m=[35mstderr[0m
[2025-07-01T12:24:56.301+0000] {docker.py:429} INFO - [2m2025-07-01T12:24:56.300672Z[0m [[32m[1minfo     [0m] [1mReader 'target-postgres' completed processing 0 lines of input (0 schemas, 0 records, 0 batch manifests, 0 state messages, 0 activate version messages).[0m [36mcmd_type[0m=[35mloader[0m [36mname[0m=[35mtarget-postgres[0m [36mrun_id[0m=[35m0c363054-424d-4432-bb99-a5c0a1eefa72[0m [36mstate_id[0m=[35m2025-07-01T122455--tap-csv-latest--target-postgres[0m [36mstdio[0m=[35mstderr[0m
[2025-07-01T12:24:56.374+0000] {docker.py:429} INFO - [2m2025-07-01T12:24:56.373907Z[0m [[31m[1merror    [0m] [1mExtraction failed             [0m [36mcode[0m=[35m1[0m [36mmessage[0m=[35m"AttributeError: 'str' object has no attribute 'get'"[0m [36mname[0m=[35mmeltano[0m [36mrun_id[0m=[35m0c363054-424d-4432-bb99-a5c0a1eefa72[0m [36mstate_id[0m=[35m2025-07-01T122455--tap-csv-latest--target-postgres[0m
[2025-07-01T12:24:56.375+0000] {docker.py:429} INFO - [2m2025-07-01T12:24:56.374585Z[0m [[32m[1minfo     [0m] [1mELT could not be completed: Extractor failed.[0m [36mcmd_type[0m=[35melt[0m [36mname[0m=[35mmeltano[0m [36mrun_id[0m=[35m0c363054-424d-4432-bb99-a5c0a1eefa72[0m [36mstate_id[0m=[35m2025-07-01T122455--tap-csv-latest--target-postgres[0m [36mstdio[0m=[35mstderr[0m
[2025-07-01T12:24:56.375+0000] {docker.py:429} INFO - [2m2025-07-01T12:24:56.374808Z[0m [[32m[1minfo     [0m] [1mFor more detailed log messages re-run the command using 'meltano --log-level=debug ...' CLI flag.[0m [36mcmd_type[0m=[35melt[0m [36mname[0m=[35mmeltano[0m [36mrun_id[0m=[35m0c363054-424d-4432-bb99-a5c0a1eefa72[0m [36mstate_id[0m=[35m2025-07-01T122455--tap-csv-latest--target-postgres[0m [36mstdio[0m=[35mstderr[0m
[2025-07-01T12:24:56.375+0000] {docker.py:429} INFO - [2m2025-07-01T12:24:56.374994Z[0m [[32m[1minfo     [0m] [1mNote that you can also check the generated log file at '/opt/meltano/.meltano/logs/elt/2025-07-01T122455--tap-csv-latest--target-postgres/0c363054-424d-4432-bb99-a5c0a1eefa72/elt.log'.[0m [36mcmd_type[0m=[35melt[0m [36mname[0m=[35mmeltano[0m [36mrun_id[0m=[35m0c363054-424d-4432-bb99-a5c0a1eefa72[0m [36mstate_id[0m=[35m2025-07-01T122455--tap-csv-latest--target-postgres[0m [36mstdio[0m=[35mstderr[0m
[2025-07-01T12:24:56.375+0000] {docker.py:429} INFO - [2m2025-07-01T12:24:56.375158Z[0m [[32m[1minfo     [0m] [1mFor more information on debugging and logging: https://docs.meltano.com/reference/command-line-interface#debugging[0m [36mcmd_type[0m=[35melt[0m [36mname[0m=[35mmeltano[0m [36mrun_id[0m=[35m0c363054-424d-4432-bb99-a5c0a1eefa72[0m [36mstate_id[0m=[35m2025-07-01T122455--tap-csv-latest--target-postgres[0m [36mstdio[0m=[35mstderr[0m
[2025-07-01T12:24:56.385+0000] {docker.py:429} INFO - Need help fixing this problem? Visit http://melta.no/ for troubleshooting steps, or to
join our friendly Slack community.

ELT could not be completed: Extractor failed.
For more detailed log messages re-run the command using 'meltano --log-level=debug ...' CLI flag.
Note that you can also check the generated log file at '/opt/meltano/.meltano/logs/elt/2025-07-01T122455--tap-csv-latest--target-postgres/0c363054-424d-4432-bb99-a5c0a1eefa72/elt.log'.
For more information on debugging and logging: https://docs.meltano.com/reference/command-line-interface#debugging
[2025-07-01T12:24:57.438+0000] {taskinstance.py:2698} ERROR - Task failed with exception
Traceback (most recent call last):
  File "/home/airflow/.local/lib/python3.10/site-packages/airflow/models/taskinstance.py", line 433, in _execute_task
    result = execute_callable(context=context, **execute_callable_kwargs)
  File "/home/airflow/.local/lib/python3.10/site-packages/airflow/providers/docker/operators/docker.py", line 502, in execute
    return self._run_image()
  File "/home/airflow/.local/lib/python3.10/site-packages/airflow/providers/docker/operators/docker.py", line 376, in _run_image
    return self._run_image_with_mounts(self.mounts, add_tmp_variable=False)
  File "/home/airflow/.local/lib/python3.10/site-packages/airflow/providers/docker/operators/docker.py", line 437, in _run_image_with_mounts
    raise DockerContainerFailedException(f"Docker container failed: {result!r}", logs=log_lines)
airflow.providers.docker.exceptions.DockerContainerFailedException: Docker container failed: {'StatusCode': 1}
[2025-07-01T12:24:57.442+0000] {taskinstance.py:1138} INFO - Marking task as UP_FOR_RETRY. dag_id=northwind, task_id=carregamento_postgres, execution_date=20250701T122351, start_date=20250701T122451, end_date=20250701T122457
[2025-07-01T12:24:57.456+0000] {standard_task_runner.py:107} ERROR - Failed to execute job 25 for task carregamento_postgres (Docker container failed: {'StatusCode': 1}; 191)
[2025-07-01T12:24:57.465+0000] {local_task_job_runner.py:234} INFO - Task exited with return code 1
[2025-07-01T12:24:57.478+0000] {taskinstance.py:3280} INFO - 0 downstream tasks scheduled from follow-on schedule check
