[2025-06-26T16:42:46.345+0000] {taskinstance.py:1956} INFO - Dependencies all met for dep_context=non-requeueable deps ti=<TaskInstance: northwind.gerar_config_csv_dinamica manual__2025-06-26T16:41:56.595275+00:00 [queued]>
[2025-06-26T16:42:46.364+0000] {taskinstance.py:1956} INFO - Dependencies all met for dep_context=requeueable deps ti=<TaskInstance: northwind.gerar_config_csv_dinamica manual__2025-06-26T16:41:56.595275+00:00 [queued]>
[2025-06-26T16:42:46.364+0000] {taskinstance.py:2170} INFO - Starting attempt 1 of 2
[2025-06-26T16:42:46.389+0000] {taskinstance.py:2191} INFO - Executing <Task(DockerOperator): gerar_config_csv_dinamica> on 2025-06-26 16:41:56.595275+00:00
[2025-06-26T16:42:46.401+0000] {standard_task_runner.py:60} INFO - Started process 232 to run task
[2025-06-26T16:42:46.409+0000] {standard_task_runner.py:87} INFO - Running: ['***', 'tasks', 'run', 'northwind', 'gerar_config_csv_dinamica', 'manual__2025-06-26T16:41:56.595275+00:00', '--job-id', '292', '--raw', '--subdir', 'DAGS_FOLDER/dag.py', '--cfg-path', '/tmp/tmpze2nr4ut']
[2025-06-26T16:42:46.415+0000] {standard_task_runner.py:88} INFO - Job 292: Subtask gerar_config_csv_dinamica
[2025-06-26T16:42:46.524+0000] {task_command.py:423} INFO - Running <TaskInstance: northwind.gerar_config_csv_dinamica manual__2025-06-26T16:41:56.595275+00:00 [running]> on host 6afc1f3750fb
[2025-06-26T16:42:46.798+0000] {taskinstance.py:2480} INFO - Exporting env vars: AIRFLOW_CTX_DAG_EMAIL='lrbf@cin.ufpe.br' AIRFLOW_CTX_DAG_OWNER='***' AIRFLOW_CTX_DAG_ID='northwind' AIRFLOW_CTX_TASK_ID='gerar_config_csv_dinamica' AIRFLOW_CTX_EXECUTION_DATE='2025-06-26T16:41:56.595275+00:00' AIRFLOW_CTX_TRY_NUMBER='1' AIRFLOW_CTX_DAG_RUN_ID='manual__2025-06-26T16:41:56.595275+00:00'
[2025-06-26T16:42:47.178+0000] {docker.py:359} INFO - Starting docker container from image meltano:latest
[2025-06-26T16:42:47.787+0000] {docker.py:429} INFO - Running meltano install...
[2025-06-26T16:42:49.966+0000] {docker.py:429} INFO - [2m2025-06-26T16:42:49.964914Z[0m [[32m[1minfo     [0m] [1mInstalling 7 plugins          [0m
[2025-06-26T16:42:49.983+0000] {docker.py:429} INFO - [2m2025-06-26T16:42:49.983029Z[0m [[32m[1minfo     [0m] [1mInstalling extractor 'tap-postgres'[0m
[2025-06-26T16:42:50.002+0000] {docker.py:429} INFO - [2m2025-06-26T16:42:50.001415Z[0m [[32m[1minfo     [0m] [1mInstalling extractor 'tap-csv'[0m
[2025-06-26T16:42:50.042+0000] {docker.py:429} INFO - [2m2025-06-26T16:42:50.041560Z[0m [[32m[1minfo     [0m] [1mInstalling extractor 'tap-csv-latest'[0m
[2025-06-26T16:42:50.073+0000] {docker.py:429} INFO - [2m2025-06-26T16:42:50.072902Z[0m [[32m[1minfo     [0m] [1mInstalling loader 'target-postgres'[0m
[2025-06-26T16:42:50.111+0000] {docker.py:429} INFO - [2m2025-06-26T16:42:50.108863Z[0m [[32m[1minfo     [0m] [1mInstalling loader 'target-csv'[0m
[2025-06-26T16:42:50.168+0000] {docker.py:429} INFO - [2m2025-06-26T16:42:50.167231Z[0m [[32m[1minfo     [0m] [1mInstalling loader 'target-csv-postgres'[0m
[2025-06-26T16:42:50.226+0000] {docker.py:429} INFO - [2m2025-06-26T16:42:50.224030Z[0m [[32m[1minfo     [0m] [1mInstalling loader 'target-csv-csv'[0m
[2025-06-26T16:42:52.724+0000] {docker.py:429} INFO - [2m2025-06-26T16:42:52.723288Z[0m [[32m[1minfo     [0m] [1mInstalled loader 'target-postgres'[0m
[2025-06-26T16:42:52.731+0000] {docker.py:429} INFO - [2m2025-06-26T16:42:52.730075Z[0m [[32m[1minfo     [0m] [1mInstalled extractor 'tap-postgres'[0m
[2025-06-26T16:42:57.840+0000] {docker.py:429} INFO - [2m2025-06-26T16:42:57.839154Z[0m [[32m[1minfo     [0m] [1mInstalled extractor 'tap-csv-latest'[0m
[2025-06-26T16:42:58.265+0000] {docker.py:429} INFO - [2m2025-06-26T16:42:58.264726Z[0m [[32m[1minfo     [0m] [1mInstalled extractor 'tap-csv' [0m
[2025-06-26T16:42:59.386+0000] {docker.py:429} INFO - [2m2025-06-26T16:42:59.386014Z[0m [[32m[1minfo     [0m] [1mInstalled loader 'target-csv' [0m
[2025-06-26T16:42:59.747+0000] {docker.py:429} INFO - [2m2025-06-26T16:42:59.746603Z[0m [[32m[1minfo     [0m] [1mInstalled loader 'target-csv-csv'[0m
[2025-06-26T16:42:59.852+0000] {docker.py:429} INFO - [2m2025-06-26T16:42:59.851363Z[0m [[32m[1minfo     [0m] [1mInstalled loader 'target-csv-postgres'[0m
[2025-06-26T16:42:59.852+0000] {docker.py:429} INFO - [2m2025-06-26T16:42:59.851800Z[0m [[32m[1minfo     [0m] [1mInstalled 7/7 plugins         [0m
[2025-06-26T16:43:00.841+0000] {docker.py:429} INFO - Meltano install completed. Executing command: python /opt/meltano/scripts/generate_tap_csv_config.py
[2025-06-26T16:43:00.884+0000] {docker.py:429} INFO - {"files": [{"entity": "order_details", "path": "/opt/output_data/csv/order_details/2025-06-26/file.csv", "keys": ["order_id", "product_id"], "delimiter": ",", "encoding": "utf-8"}, {"entity": "public-categories", "path": "/opt/output_data/postgres/public-categories/2025-06-26/file.csv", "keys": ["category_id"], "delimiter": ",", "encoding": "utf-8"}, {"entity": "public-products", "path": "/opt/output_data/postgres/public-products/2025-06-26/file.csv", "keys": ["product_id"], "delimiter": ",", "encoding": "utf-8"}, {"entity": "public-suppliers", "path": "/opt/output_data/postgres/public-suppliers/2025-06-26/file.csv", "keys": ["supplier_id"], "delimiter": ",", "encoding": "utf-8"}, {"entity": "public-orders", "path": "/opt/output_data/postgres/public-orders/2025-06-26/file.csv", "keys": ["order_id"], "delimiter": ",", "encoding": "utf-8"}, {"entity": "public-customers", "path": "/opt/output_data/postgres/public-customers/2025-06-26/file.csv", "keys": ["customer_id"], "delimiter": ",", "encoding": "utf-8"}, {"entity": "public-employees", "path": "/opt/output_data/postgres/public-employees/2025-06-26/file.csv", "keys": ["employee_id"], "delimiter": ",", "encoding": "utf-8"}, {"entity": "public-employee_territories", "path": "/opt/output_data/postgres/public-employee_territories/2025-06-26/file.csv", "keys": ["employee_id", "territory_id"], "delimiter": ",", "encoding": "utf-8"}, {"entity": "public-territories", "path": "/opt/output_data/postgres/public-territories/2025-06-26/file.csv", "keys": ["territory_id"], "delimiter": ",", "encoding": "utf-8"}, {"entity": "public-region", "path": "/opt/output_data/postgres/public-region/2025-06-26/file.csv", "keys": ["region_id"], "delimiter": ",", "encoding": "utf-8"}, {"entity": "public-shippers", "path": "/opt/output_data/postgres/public-shippers/2025-06-26/file.csv", "keys": ["shipper_id"], "delimiter": ",", "encoding": "utf-8"}, {"entity": "public-us_states", "path": "/opt/output_data/postgres/public-us_states/2025-06-26/file.csv", "keys": ["state_id"], "delimiter": ",", "encoding": "utf-8"}]}
[2025-06-26T16:43:01.155+0000] {taskinstance.py:1138} INFO - Marking task as SUCCESS. dag_id=northwind, task_id=gerar_config_csv_dinamica, execution_date=20250626T164156, start_date=20250626T164246, end_date=20250626T164301
[2025-06-26T16:43:01.200+0000] {local_task_job_runner.py:234} INFO - Task exited with return code 0
[2025-06-26T16:43:01.223+0000] {taskinstance.py:3280} INFO - 1 downstream tasks scheduled from follow-on schedule check
