[2025-07-09T21:14:37.813+0000] {taskinstance.py:1956} INFO - Dependencies all met for dep_context=non-requeueable deps ti=<TaskInstance: northwind.gerar_config_csv_dinamica manual__2025-07-09T21:14:05.861123+00:00 [queued]>
[2025-07-09T21:14:37.821+0000] {taskinstance.py:1956} INFO - Dependencies all met for dep_context=requeueable deps ti=<TaskInstance: northwind.gerar_config_csv_dinamica manual__2025-07-09T21:14:05.861123+00:00 [queued]>
[2025-07-09T21:14:37.821+0000] {taskinstance.py:2170} INFO - Starting attempt 1 of 2
[2025-07-09T21:14:37.833+0000] {taskinstance.py:2191} INFO - Executing <Task(DockerOperator): gerar_config_csv_dinamica> on 2025-07-09 21:14:05.861123+00:00
[2025-07-09T21:14:37.838+0000] {standard_task_runner.py:60} INFO - Started process 179 to run task
[2025-07-09T21:14:37.841+0000] {standard_task_runner.py:87} INFO - Running: ['***', 'tasks', 'run', 'northwind', 'gerar_config_csv_dinamica', 'manual__2025-07-09T21:14:05.861123+00:00', '--job-id', '102', '--raw', '--subdir', 'DAGS_FOLDER/northwind.py', '--cfg-path', '/tmp/tmpafits0m5']
[2025-07-09T21:14:37.843+0000] {standard_task_runner.py:88} INFO - Job 102: Subtask gerar_config_csv_dinamica
[2025-07-09T21:14:37.893+0000] {task_command.py:423} INFO - Running <TaskInstance: northwind.gerar_config_csv_dinamica manual__2025-07-09T21:14:05.861123+00:00 [running]> on host 9d65785a077b
[2025-07-09T21:14:37.974+0000] {taskinstance.py:2480} INFO - Exporting env vars: AIRFLOW_CTX_DAG_EMAIL='lrbf@cin.ufpe.br' AIRFLOW_CTX_DAG_OWNER='***' AIRFLOW_CTX_DAG_ID='northwind' AIRFLOW_CTX_TASK_ID='gerar_config_csv_dinamica' AIRFLOW_CTX_EXECUTION_DATE='2025-07-09T21:14:05.861123+00:00' AIRFLOW_CTX_TRY_NUMBER='1' AIRFLOW_CTX_DAG_RUN_ID='manual__2025-07-09T21:14:05.861123+00:00'
[2025-07-09T21:14:38.033+0000] {docker.py:359} INFO - Starting docker container from image meltano:latest
[2025-07-09T21:14:38.361+0000] {docker.py:429} INFO - Running meltano install...
[2025-07-09T21:14:39.774+0000] {docker.py:429} INFO - [2m2025-07-09T21:14:39.773190Z[0m [[32m[1minfo     [0m] [1mInstalling 7 plugins          [0m
[2025-07-09T21:14:39.792+0000] {docker.py:429} INFO - [2m2025-07-09T21:14:39.791226Z[0m [[32m[1minfo     [0m] [1mInstalling extractor 'tap-postgres'[0m
[2025-07-09T21:14:39.815+0000] {docker.py:429} INFO - [2m2025-07-09T21:14:39.814097Z[0m [[32m[1minfo     [0m] [1mInstalling extractor 'tap-csv'[0m
[2025-07-09T21:14:39.839+0000] {docker.py:429} INFO - [2m2025-07-09T21:14:39.838788Z[0m [[32m[1minfo     [0m] [1mInstalling extractor 'tap-csv-latest'[0m
[2025-07-09T21:14:39.866+0000] {docker.py:429} INFO - [2m2025-07-09T21:14:39.865945Z[0m [[32m[1minfo     [0m] [1mInstalling loader 'target-postgres'[0m
[2025-07-09T21:14:39.921+0000] {docker.py:429} INFO - [2m2025-07-09T21:14:39.919965Z[0m [[32m[1minfo     [0m] [1mInstalling loader 'target-csv'[0m
[2025-07-09T21:14:39.972+0000] {docker.py:429} INFO - [2m2025-07-09T21:14:39.971630Z[0m [[32m[1minfo     [0m] [1mInstalling loader 'target-csv-postgres'[0m
[2025-07-09T21:14:40.037+0000] {docker.py:429} INFO - [2m2025-07-09T21:14:40.033402Z[0m [[32m[1minfo     [0m] [1mInstalling loader 'target-csv-csv'[0m
[2025-07-09T21:14:41.769+0000] {docker.py:429} INFO - [2m2025-07-09T21:14:41.768488Z[0m [[32m[1minfo     [0m] [1mInstalled extractor 'tap-postgres'[0m
[2025-07-09T21:14:41.951+0000] {docker.py:429} INFO - [2m2025-07-09T21:14:41.950404Z[0m [[32m[1minfo     [0m] [1mInstalled loader 'target-postgres'[0m
[2025-07-09T21:14:46.470+0000] {docker.py:429} INFO - [2m2025-07-09T21:14:46.469785Z[0m [[32m[1minfo     [0m] [1mInstalled extractor 'tap-csv' [0m
[2025-07-09T21:14:47.135+0000] {docker.py:429} INFO - [2m2025-07-09T21:14:47.134238Z[0m [[32m[1minfo     [0m] [1mInstalled extractor 'tap-csv-latest'[0m
[2025-07-09T21:14:47.159+0000] {docker.py:429} INFO - [2m2025-07-09T21:14:47.158589Z[0m [[32m[1minfo     [0m] [1mInstalled loader 'target-csv' [0m
[2025-07-09T21:14:47.429+0000] {docker.py:429} INFO - [2m2025-07-09T21:14:47.428775Z[0m [[32m[1minfo     [0m] [1mInstalled loader 'target-csv-csv'[0m
[2025-07-09T21:14:47.517+0000] {docker.py:429} INFO - [2m2025-07-09T21:14:47.516417Z[0m [[32m[1minfo     [0m] [1mInstalled loader 'target-csv-postgres'[0m
[2m2025-07-09T21:14:47.516730Z[0m [[32m[1minfo     [0m] [1mInstalled 7/7 plugins         [0m
[2025-07-09T21:14:48.340+0000] {docker.py:429} INFO - Meltano install completed. Executing command: python /opt/meltano/scripts/generate_csv_config.py
[2025-07-09T21:14:48.385+0000] {docker.py:429} INFO - [{"entity": "order_details", "path": "/opt/output_data/csv/order_details/2025-07-09/file.csv", "keys": ["order_id", "product_id"], "delimiter": ",", "encoding": "utf-8"}, {"entity": "public-categories", "path": "/opt/output_data/postgres/public-categories/2025-07-09/file.csv", "keys": ["category_id"], "delimiter": ",", "encoding": "utf-8"}, {"entity": "public-products", "path": "/opt/output_data/postgres/public-products/2025-07-09/file.csv", "keys": ["product_id"], "delimiter": ",", "encoding": "utf-8"}, {"entity": "public-suppliers", "path": "/opt/output_data/postgres/public-suppliers/2025-07-09/file.csv", "keys": ["supplier_id"], "delimiter": ",", "encoding": "utf-8"}, {"entity": "public-orders", "path": "/opt/output_data/postgres/public-orders/2025-07-09/file.csv", "keys": ["order_id"], "delimiter": ",", "encoding": "utf-8"}, {"entity": "public-customers", "path": "/opt/output_data/postgres/public-customers/2025-07-09/file.csv", "keys": ["customer_id"], "delimiter": ",", "encoding": "utf-8"}, {"entity": "public-employees", "path": "/opt/output_data/postgres/public-employees/2025-07-09/file.csv", "keys": ["employee_id"], "delimiter": ",", "encoding": "utf-8"}, {"entity": "public-employee_territories", "path": "/opt/output_data/postgres/public-employee_territories/2025-07-09/file.csv", "keys": ["employee_id", "territory_id"], "delimiter": ",", "encoding": "utf-8"}, {"entity": "public-territories", "path": "/opt/output_data/postgres/public-territories/2025-07-09/file.csv", "keys": ["territory_id"], "delimiter": ",", "encoding": "utf-8"}, {"entity": "public-region", "path": "/opt/output_data/postgres/public-region/2025-07-09/file.csv", "keys": ["region_id"], "delimiter": ",", "encoding": "utf-8"}, {"entity": "public-shippers", "path": "/opt/output_data/postgres/public-shippers/2025-07-09/file.csv", "keys": ["shipper_id"], "delimiter": ",", "encoding": "utf-8"}, {"entity": "public-us_states", "path": "/opt/output_data/postgres/public-us_states/2025-07-09/file.csv", "keys": ["state_id"], "delimiter": ",", "encoding": "utf-8"}]
[2025-07-09T21:14:48.607+0000] {taskinstance.py:1138} INFO - Marking task as SUCCESS. dag_id=northwind, task_id=gerar_config_csv_dinamica, execution_date=20250709T211405, start_date=20250709T211437, end_date=20250709T211448
[2025-07-09T21:14:48.646+0000] {local_task_job_runner.py:234} INFO - Task exited with return code 0
[2025-07-09T21:14:48.668+0000] {taskinstance.py:3280} INFO - 1 downstream tasks scheduled from follow-on schedule check
