[2025-06-25T21:55:45.471+0000] {taskinstance.py:1956} INFO - Dependencies all met for dep_context=non-requeueable deps ti=<TaskInstance: northwind.carregamento_postgres manual__2025-06-25T21:54:53.610406+00:00 [queued]>
[2025-06-25T21:55:45.484+0000] {taskinstance.py:1956} INFO - Dependencies all met for dep_context=requeueable deps ti=<TaskInstance: northwind.carregamento_postgres manual__2025-06-25T21:54:53.610406+00:00 [queued]>
[2025-06-25T21:55:45.484+0000] {taskinstance.py:2170} INFO - Starting attempt 1 of 2
[2025-06-25T21:55:45.525+0000] {taskinstance.py:2191} INFO - Executing <Task(DockerOperator): carregamento_postgres> on 2025-06-25 21:54:53.610406+00:00
[2025-06-25T21:55:45.530+0000] {standard_task_runner.py:60} INFO - Started process 188 to run task
[2025-06-25T21:55:45.535+0000] {standard_task_runner.py:87} INFO - Running: ['***', 'tasks', 'run', 'northwind', 'carregamento_postgres', 'manual__2025-06-25T21:54:53.610406+00:00', '--job-id', '220', '--raw', '--subdir', 'DAGS_FOLDER/dag.py', '--cfg-path', '/tmp/tmp_3wbk2jx']
[2025-06-25T21:55:45.547+0000] {standard_task_runner.py:88} INFO - Job 220: Subtask carregamento_postgres
[2025-06-25T21:55:45.606+0000] {task_command.py:423} INFO - Running <TaskInstance: northwind.carregamento_postgres manual__2025-06-25T21:54:53.610406+00:00 [running]> on host 6afc1f3750fb
[2025-06-25T21:55:45.760+0000] {taskinstance.py:2480} INFO - Exporting env vars: AIRFLOW_CTX_DAG_EMAIL='lrbf@cin.ufpe.br' AIRFLOW_CTX_DAG_OWNER='***' AIRFLOW_CTX_DAG_ID='northwind' AIRFLOW_CTX_TASK_ID='carregamento_postgres' AIRFLOW_CTX_EXECUTION_DATE='2025-06-25T21:54:53.610406+00:00' AIRFLOW_CTX_TRY_NUMBER='1' AIRFLOW_CTX_DAG_RUN_ID='manual__2025-06-25T21:54:53.610406+00:00'
[2025-06-25T21:55:46.007+0000] {docker.py:359} INFO - Starting docker container from image meltano:latest
[2025-06-25T21:55:46.365+0000] {docker.py:429} INFO - Running meltano install...
[2025-06-25T21:55:48.084+0000] {docker.py:429} INFO - [2m2025-06-25T21:55:48.083852Z[0m [[32m[1minfo     [0m] [1mInstalling 7 plugins          [0m
[2025-06-25T21:55:48.098+0000] {docker.py:429} INFO - [2m2025-06-25T21:55:48.097689Z[0m [[32m[1minfo     [0m] [1mInstalling extractor 'tap-postgres'[0m
[2025-06-25T21:55:48.117+0000] {docker.py:429} INFO - [2m2025-06-25T21:55:48.116659Z[0m [[32m[1minfo     [0m] [1mInstalling extractor 'tap-csv'[0m
[2025-06-25T21:55:48.139+0000] {docker.py:429} INFO - [2m2025-06-25T21:55:48.138564Z[0m [[32m[1minfo     [0m] [1mInstalling extractor 'tap-csv-latest'[0m
[2025-06-25T21:55:48.169+0000] {docker.py:429} INFO - [2m2025-06-25T21:55:48.168640Z[0m [[32m[1minfo     [0m] [1mInstalling loader 'target-postgres'[0m
[2025-06-25T21:55:48.213+0000] {docker.py:429} INFO - [2m2025-06-25T21:55:48.212636Z[0m [[32m[1minfo     [0m] [1mInstalling loader 'target-csv'[0m
[2025-06-25T21:55:48.278+0000] {docker.py:429} INFO - [2m2025-06-25T21:55:48.277114Z[0m [[32m[1minfo     [0m] [1mInstalling loader 'target-csv-postgres'[0m
[2025-06-25T21:55:48.355+0000] {docker.py:429} INFO - [2m2025-06-25T21:55:48.343733Z[0m [[32m[1minfo     [0m] [1mInstalling loader 'target-csv-csv'[0m
[2025-06-25T21:55:51.116+0000] {docker.py:429} INFO - [2m2025-06-25T21:55:51.115841Z[0m [[32m[1minfo     [0m] [1mInstalled extractor 'tap-postgres'[0m
[2025-06-25T21:55:51.128+0000] {docker.py:429} INFO - [2m2025-06-25T21:55:51.127805Z[0m [[32m[1minfo     [0m] [1mInstalled loader 'target-postgres'[0m
[2025-06-25T21:55:57.780+0000] {docker.py:429} INFO - [2m2025-06-25T21:55:57.779029Z[0m [[32m[1minfo     [0m] [1mInstalled extractor 'tap-csv' [0m
[2025-06-25T21:55:58.419+0000] {docker.py:429} INFO - [2m2025-06-25T21:55:58.418928Z[0m [[32m[1minfo     [0m] [1mInstalled loader 'target-csv-csv'[0m
[2025-06-25T21:55:58.497+0000] {docker.py:429} INFO - [2m2025-06-25T21:55:58.496728Z[0m [[32m[1minfo     [0m] [1mInstalled loader 'target-csv-postgres'[0m
[2025-06-25T21:55:58.553+0000] {docker.py:429} INFO - [2m2025-06-25T21:55:58.552536Z[0m [[32m[1minfo     [0m] [1mInstalled loader 'target-csv' [0m
[2025-06-25T21:55:58.645+0000] {docker.py:429} INFO - [2m2025-06-25T21:55:58.645194Z[0m [[32m[1minfo     [0m] [1mInstalled extractor 'tap-csv-latest'[0m
[2025-06-25T21:55:58.646+0000] {docker.py:429} INFO - [2m2025-06-25T21:55:58.645527Z[0m [[32m[1minfo     [0m] [1mInstalled 7/7 plugins         [0m
[2025-06-25T21:55:59.664+0000] {docker.py:429} INFO - Meltano install completed. Executing command: echo "{"""f"i"l"e"s""":" "["]"}" > /tmp/tap_csv_latest_config.json && echo "{"""h"o"s"t""":" """d"b"_"t"a"r"g"e"t"""," """p"o"r"t""":" "5"4"3"2"," """u"s"e"r""":" """p"o"s"t"g"r"e"s"""," """p"a"s"s"w"o"r"d""":" """B"&"t"0"3"4"6"8"5"9"7"0"""," """d"a"t"a"b"a"s"e""":" """n"o"r"t"h"w"i"n"d"_"f"i"n"a"l"""," """d"e"f"a"u"l"t"_"t"a"r"g"e"t"_"s"c"h"e"m"a""":" """p"u"b"l"i"c"""," """d"i"a"l"e"c"t"+"d"r"i"v"e"r""":" """p"o"s"t"g"r"e"s"q"l"+"p"s"y"c"o"p"g"2"""}" > /tmp/target_postgres_config.json && meltano el tap-csv-latest --config-file /tmp/tap_csv_latest_config.json target-postgres --config-file /tmp/target_postgres_config.json
[2025-06-25T21:55:59.681+0000] {docker.py:429} INFO - "{"""f"i"l"e"s""":" "["]"}" > /tmp/tap_csv_latest_config.json && echo "{"""h"o"s"t""":" """d"b"_"t"a"r"g"e"t"""," """p"o"r"t""":" "5"4"3"2"," """u"s"e"r""":" """p"o"s"t"g"r"e"s"""," """p"a"s"s"w"o"r"d""":" """B"&"t"0"3"4"6"8"5"9"7"0"""," """d"a"t"a"b"a"s"e""":" """n"o"r"t"h"w"i"n"d"_"f"i"n"a"l"""," """d"e"f"a"u"l"t"_"t"a"r"g"e"t"_"s"c"h"e"m"a""":" """p"u"b"l"i"c"""," """d"i"a"l"e"c"t"+"d"r"i"v"e"r""":" """p"o"s"t"g"r"e"s"q"l"+"p"s"y"c"o"p"g"2"""}" > /tmp/target_postgres_config.json && meltano el tap-csv-latest --config-file /tmp/tap_csv_latest_config.json target-postgres --config-file /tmp/target_postgres_config.json
[2025-06-25T21:55:59.941+0000] {taskinstance.py:1138} INFO - Marking task as SUCCESS. dag_id=northwind, task_id=carregamento_postgres, execution_date=20250625T215453, start_date=20250625T215545, end_date=20250625T215559
[2025-06-25T21:55:59.997+0000] {local_task_job_runner.py:234} INFO - Task exited with return code 0
[2025-06-25T21:56:00.025+0000] {taskinstance.py:3280} INFO - 0 downstream tasks scheduled from follow-on schedule check
