[2025-07-10T14:15:25.193+0000] {taskinstance.py:1956} INFO - Dependencies all met for dep_context=non-requeueable deps ti=<TaskInstance: northwind.extração_csv manual__2025-07-10T14:14:29.712934+00:00 [queued]>
[2025-07-10T14:15:25.224+0000] {taskinstance.py:1956} INFO - Dependencies all met for dep_context=requeueable deps ti=<TaskInstance: northwind.extração_csv manual__2025-07-10T14:14:29.712934+00:00 [queued]>
[2025-07-10T14:15:25.225+0000] {taskinstance.py:2170} INFO - Starting attempt 1 of 2
[2025-07-10T14:15:25.288+0000] {taskinstance.py:2191} INFO - Executing <Task(DockerOperator): extração_csv> on 2025-07-10 14:14:29.712934+00:00
[2025-07-10T14:15:25.300+0000] {standard_task_runner.py:60} INFO - Started process 217 to run task
[2025-07-10T14:15:25.314+0000] {standard_task_runner.py:87} INFO - Running: ['***', 'tasks', 'run', 'northwind', 'extração_csv', 'manual__2025-07-10T14:14:29.712934+00:00', '--job-id', '65', '--raw', '--subdir', 'DAGS_FOLDER/northwind.py', '--cfg-path', '/tmp/tmpk325nwuv']
[2025-07-10T14:15:25.322+0000] {standard_task_runner.py:88} INFO - Job 65: Subtask extração_csv
[2025-07-10T14:15:25.504+0000] {task_command.py:423} INFO - Running <TaskInstance: northwind.extração_csv manual__2025-07-10T14:14:29.712934+00:00 [running]> on host 914f2848bf48
[2025-07-10T14:15:25.793+0000] {taskinstance.py:2480} INFO - Exporting env vars: AIRFLOW_CTX_DAG_EMAIL='lrbf@cin.ufpe.br' AIRFLOW_CTX_DAG_OWNER='***' AIRFLOW_CTX_DAG_ID='northwind' AIRFLOW_CTX_TASK_ID='extração_csv' AIRFLOW_CTX_EXECUTION_DATE='2025-07-10T14:14:29.712934+00:00' AIRFLOW_CTX_TRY_NUMBER='1' AIRFLOW_CTX_DAG_RUN_ID='manual__2025-07-10T14:14:29.712934+00:00'
[2025-07-10T14:15:25.995+0000] {docker.py:359} INFO - Starting docker container from image meltano:latest
[2025-07-10T14:15:26.766+0000] {docker.py:429} INFO - Running meltano install...
[2025-07-10T14:15:32.332+0000] {docker.py:429} INFO - [2m2025-07-10T14:15:32.330745Z[0m [[32m[1minfo     [0m] [1mInstalling 7 plugins          [0m
[2025-07-10T14:15:32.369+0000] {docker.py:429} INFO - [2m2025-07-10T14:15:32.367739Z[0m [[32m[1minfo     [0m] [1mInstalling extractor 'tap-postgres'[0m
[2025-07-10T14:15:32.433+0000] {docker.py:429} INFO - [2m2025-07-10T14:15:32.431173Z[0m [[32m[1minfo     [0m] [1mInstalling extractor 'tap-csv'[0m
[2025-07-10T14:15:32.495+0000] {docker.py:429} INFO - [2m2025-07-10T14:15:32.493428Z[0m [[32m[1minfo     [0m] [1mInstalling extractor 'tap-csv-latest'[0m
[2025-07-10T14:15:32.555+0000] {docker.py:429} INFO - [2m2025-07-10T14:15:32.553441Z[0m [[32m[1minfo     [0m] [1mInstalling loader 'target-postgres'[0m
[2025-07-10T14:15:32.623+0000] {docker.py:429} INFO - [2m2025-07-10T14:15:32.621245Z[0m [[32m[1minfo     [0m] [1mInstalling loader 'target-csv'[0m
[2025-07-10T14:15:32.731+0000] {docker.py:429} INFO - [2m2025-07-10T14:15:32.728508Z[0m [[32m[1minfo     [0m] [1mInstalling loader 'target-csv-postgres'[0m
[2025-07-10T14:15:32.882+0000] {docker.py:429} INFO - [2m2025-07-10T14:15:32.880639Z[0m [[32m[1minfo     [0m] [1mInstalling loader 'target-csv-csv'[0m
[2025-07-10T14:15:36.879+0000] {docker.py:429} INFO - [2m2025-07-10T14:15:36.877799Z[0m [[32m[1minfo     [0m] [1mInstalled extractor 'tap-postgres'[0m
[2025-07-10T14:15:36.997+0000] {docker.py:429} INFO - [2m2025-07-10T14:15:36.995618Z[0m [[32m[1minfo     [0m] [1mInstalled loader 'target-postgres'[0m
[2025-07-10T14:15:42.568+0000] {docker.py:429} INFO - [2m2025-07-10T14:15:42.567237Z[0m [[32m[1minfo     [0m] [1mInstalled extractor 'tap-csv' [0m
[2025-07-10T14:15:42.715+0000] {docker.py:429} INFO - [2m2025-07-10T14:15:42.714081Z[0m [[32m[1minfo     [0m] [1mInstalled extractor 'tap-csv-latest'[0m
[2025-07-10T14:15:44.832+0000] {docker.py:429} INFO - [2m2025-07-10T14:15:44.830575Z[0m [[32m[1minfo     [0m] [1mInstalled loader 'target-csv' [0m
[2025-07-10T14:15:46.098+0000] {docker.py:429} INFO - [2m2025-07-10T14:15:46.096262Z[0m [[32m[1minfo     [0m] [1mInstalled loader 'target-csv-postgres'[0m
[2025-07-10T14:15:46.607+0000] {docker.py:429} INFO - [2m2025-07-10T14:15:46.605286Z[0m [[32m[1minfo     [0m] [1mInstalled loader 'target-csv-csv'[0m
[2025-07-10T14:15:46.610+0000] {docker.py:429} INFO - [2m2025-07-10T14:15:46.606642Z[0m [[32m[1minfo     [0m] [1mInstalled 7/7 plugins         [0m
[2025-07-10T14:15:48.304+0000] {docker.py:429} INFO - Meltano install completed. Executing command: meltano el tap-csv target-csv-csv
[2025-07-10T14:15:52.513+0000] {docker.py:429} INFO - [2m2025-07-10T14:15:52.511461Z[0m [[32m[1minfo     [0m] [1mEnvironment 'dev' is active   [0m
[2025-07-10T14:15:54.137+0000] {docker.py:429} INFO - [2m2025-07-10T14:15:54.135493Z[0m [[32m[1minfo     [0m] [1mRunning extract & load...     [0m [36mname[0m=[35mmeltano[0m [36mrun_id[0m=[35mb0b29316-cdc4-4426-bd1f-1de7bb0a707b[0m [36mstate_id[0m=[35m2025-07-10T141553--tap-csv--target-csv-csv[0m
[2025-07-10T14:15:58.280+0000] {docker.py:429} INFO - [2m2025-07-10T14:15:58.277922Z[0m [[32m[1minfo     [0m] [1mINFO Sending version information to singer.io. To disable sending anonymous usage data, set the config parameter "disable_collection" to true[0m [36mcmd_type[0m=[35mloader[0m [36mname[0m=[35mtarget-csv-csv[0m [36mrun_id[0m=[35mb0b29316-cdc4-4426-bd1f-1de7bb0a707b[0m [36mstate_id[0m=[35m2025-07-10T141553--tap-csv--target-csv-csv[0m [36mstdio[0m=[35mstderr[0m
[2025-07-10T14:15:59.779+0000] {docker.py:429} INFO - [2m2025-07-10T14:15:59.777709Z[0m [[32m[1minfo     [0m] [1m/opt/meltano/.meltano/extractors/tap-csv/venv/lib/python3.9/site-packages/singer_sdk/tap_base.py:516: SingerSDKDeprecationWarning: Passing a catalog file path is deprecated. Please pass the catalog as a dictionary or Catalog object instead.[0m [36mcmd_type[0m=[35mextractor[0m [36mname[0m=[35mtap-csv[0m [36mrun_id[0m=[35mb0b29316-cdc4-4426-bd1f-1de7bb0a707b[0m [36mstate_id[0m=[35m2025-07-10T141553--tap-csv--target-csv-csv[0m [36mstdio[0m=[35mstderr[0m
[2025-07-10T14:15:59.781+0000] {docker.py:429} INFO - [2m2025-07-10T14:15:59.778998Z[0m [[32m[1minfo     [0m] [1m  tap = cls(                  [0m [36mcmd_type[0m=[35mextractor[0m [36mname[0m=[35mtap-csv[0m [36mrun_id[0m=[35mb0b29316-cdc4-4426-bd1f-1de7bb0a707b[0m [36mstate_id[0m=[35m2025-07-10T141553--tap-csv--target-csv-csv[0m [36mstdio[0m=[35mstderr[0m
[2025-07-10T14:15:59.782+0000] {docker.py:429} INFO - [2m2025-07-10T14:15:59.780312Z[0m [[32m[1minfo     [0m] [1m                              [0m [36mcmd_type[0m=[35mextractor[0m [36mname[0m=[35mtap-csv[0m [36mrun_id[0m=[35mb0b29316-cdc4-4426-bd1f-1de7bb0a707b[0m [36mstate_id[0m=[35m2025-07-10T141553--tap-csv--target-csv-csv[0m [36mstdio[0m=[35mstderr[0m
[2025-07-10T14:15:59.783+0000] {docker.py:429} INFO - [2m2025-07-10T14:15:59.781860Z[0m [[32m[1minfo     [0m] [1mBeginning full_table sync of 'order_details'...[0m [36mcmd_type[0m=[35mextractor[0m [36mname[0m=[35mtap-csv[0m [36mrun_id[0m=[35mb0b29316-cdc4-4426-bd1f-1de7bb0a707b[0m [36mstate_id[0m=[35m2025-07-10T141553--tap-csv--target-csv-csv[0m [36mstdio[0m=[35mstderr[0m
[2025-07-10T14:15:59.784+0000] {docker.py:429} INFO - [2m2025-07-10T14:15:59.783150Z[0m [[32m[1minfo     [0m] [1mTap has custom mapper. Using 1 provided map(s).[0m [36mcmd_type[0m=[35mextractor[0m [36mname[0m=[35mtap-csv[0m [36mrun_id[0m=[35mb0b29316-cdc4-4426-bd1f-1de7bb0a707b[0m [36mstate_id[0m=[35m2025-07-10T141553--tap-csv--target-csv-csv[0m [36mstdio[0m=[35mstderr[0m
[2025-07-10T14:16:00.385+0000] {docker.py:429} INFO - [2m2025-07-10T14:16:00.384015Z[0m [[32m[1minfo     [0m] [1mMETRIC: {"type": "timer", "metric": "sync_duration", "value": 0.6021442413330078, "tags": {"stream": "order_details", "pid": 176, "context": {}, "status": "succeeded"}}[0m [36mcmd_type[0m=[35mextractor[0m [36mname[0m=[35mtap-csv[0m [36mrun_id[0m=[35mb0b29316-cdc4-4426-bd1f-1de7bb0a707b[0m [36mstate_id[0m=[35m2025-07-10T141553--tap-csv--target-csv-csv[0m [36mstdio[0m=[35mstderr[0m
[2025-07-10T14:16:00.387+0000] {docker.py:429} INFO - [2m2025-07-10T14:16:00.385602Z[0m [[32m[1minfo     [0m] [1mMETRIC: {"type": "counter", "metric": "record_count", "value": 2155, "tags": {"stream": "order_details", "pid": 176, "context": {}}}[0m [36mcmd_type[0m=[35mextractor[0m [36mname[0m=[35mtap-csv[0m [36mrun_id[0m=[35mb0b29316-cdc4-4426-bd1f-1de7bb0a707b[0m [36mstate_id[0m=[35m2025-07-10T141553--tap-csv--target-csv-csv[0m [36mstdio[0m=[35mstderr[0m
[2025-07-10T14:16:00.808+0000] {docker.py:429} INFO - [2m2025-07-10T14:16:00.806359Z[0m [[32m[1minfo     [0m] [1mUsing systemdb state backend  [0m
[2025-07-10T14:16:00.843+0000] {docker.py:429} INFO - [2m2025-07-10T14:16:00.842231Z[0m [[32m[1minfo     [0m] [1mIncremental state has been updated at 2025-07-10 14:16:00.842146+00:00.[0m
[2025-07-10T14:16:00.849+0000] {docker.py:429} INFO - [2m2025-07-10T14:16:00.847244Z[0m [[32m[1minfo     [0m] [1mExtract & load complete!      [0m [36mname[0m=[35mmeltano[0m [36mrun_id[0m=[35mb0b29316-cdc4-4426-bd1f-1de7bb0a707b[0m [36mstate_id[0m=[35m2025-07-10T141553--tap-csv--target-csv-csv[0m
[2025-07-10T14:16:00.850+0000] {docker.py:429} INFO - [2m2025-07-10T14:16:00.848847Z[0m [[32m[1minfo     [0m] [1mTransformation skipped.       [0m [36mname[0m=[35mmeltano[0m [36mrun_id[0m=[35mb0b29316-cdc4-4426-bd1f-1de7bb0a707b[0m [36mstate_id[0m=[35m2025-07-10T141553--tap-csv--target-csv-csv[0m
[2025-07-10T14:16:02.933+0000] {taskinstance.py:1138} INFO - Marking task as SUCCESS. dag_id=northwind, task_id=extração_csv, execution_date=20250710T141429, start_date=20250710T141525, end_date=20250710T141602
[2025-07-10T14:16:02.995+0000] {local_task_job_runner.py:234} INFO - Task exited with return code 0
[2025-07-10T14:16:03.068+0000] {taskinstance.py:3280} INFO - 1 downstream tasks scheduled from follow-on schedule check
