[2025-06-30T21:50:15.254+0000] {taskinstance.py:1956} INFO - Dependencies all met for dep_context=non-requeueable deps ti=<TaskInstance: northwind.carregamento_postgres manual__2025-06-30T21:48:53.220969+00:00 [queued]>
[2025-06-30T21:50:15.275+0000] {taskinstance.py:1956} INFO - Dependencies all met for dep_context=requeueable deps ti=<TaskInstance: northwind.carregamento_postgres manual__2025-06-30T21:48:53.220969+00:00 [queued]>
[2025-06-30T21:50:15.276+0000] {taskinstance.py:2170} INFO - Starting attempt 1 of 2
[2025-06-30T21:50:15.307+0000] {taskinstance.py:2191} INFO - Executing <Task(DockerOperator): carregamento_postgres> on 2025-06-30 21:48:53.220969+00:00
[2025-06-30T21:50:15.314+0000] {standard_task_runner.py:60} INFO - Started process 203 to run task
[2025-06-30T21:50:15.324+0000] {standard_task_runner.py:87} INFO - Running: ['***', 'tasks', 'run', 'northwind', 'carregamento_postgres', 'manual__2025-06-30T21:48:53.220969+00:00', '--job-id', '19', '--raw', '--subdir', 'DAGS_FOLDER/dag.py', '--cfg-path', '/tmp/tmpmlt0za0f']
[2025-06-30T21:50:15.331+0000] {standard_task_runner.py:88} INFO - Job 19: Subtask carregamento_postgres
[2025-06-30T21:50:15.469+0000] {task_command.py:423} INFO - Running <TaskInstance: northwind.carregamento_postgres manual__2025-06-30T21:48:53.220969+00:00 [running]> on host b647631a2a81
[2025-06-30T21:50:15.830+0000] {taskinstance.py:2480} INFO - Exporting env vars: AIRFLOW_CTX_DAG_EMAIL='lrbf@cin.ufpe.br' AIRFLOW_CTX_DAG_OWNER='***' AIRFLOW_CTX_DAG_ID='northwind' AIRFLOW_CTX_TASK_ID='carregamento_postgres' AIRFLOW_CTX_EXECUTION_DATE='2025-06-30T21:48:53.220969+00:00' AIRFLOW_CTX_TRY_NUM***ER='1' AIRFLOW_CTX_DAG_RUN_ID='manual__2025-06-30T21:48:53.220969+00:00'
[2025-06-30T21:50:16.022+0000] {docker.py:359} INFO - Starting docker container from image meltano:latest
[2025-06-30T21:50:16.606+0000] {docker.py:429} INFO - Running meltano install...
[2025-06-30T21:50:19.976+0000] {docker.py:429} INFO - [2m2025-06-30T21:50:19.974837Z[0m [[32m[1minfo     [0m] [1mInstalling 7 plugins          [0m
[2025-06-30T21:50:20.030+0000] {docker.py:429} INFO - [2m2025-06-30T21:50:20.028566Z[0m [[32m[1minfo     [0m] [1mInstalling extractor 'tap-postgres'[0m
[2025-06-30T21:50:20.129+0000] {docker.py:429} INFO - [2m2025-06-30T21:50:20.122559Z[0m [[32m[1minfo     [0m] [1mInstalling extractor 'tap-csv'[0m
[2025-06-30T21:50:20.222+0000] {docker.py:429} INFO - [2m2025-06-30T21:50:20.219294Z[0m [[32m[1minfo     [0m] [1mInstalling extractor 'tap-csv-latest'[0m
[2025-06-30T21:50:20.284+0000] {docker.py:429} INFO - [2m2025-06-30T21:50:20.283458Z[0m [[32m[1minfo     [0m] [1mInstalling loader 'target-postgres'[0m
[2025-06-30T21:50:20.323+0000] {docker.py:429} INFO - [2m2025-06-30T21:50:20.322670Z[0m [[32m[1minfo     [0m] [1mInstalling loader 'target-csv'[0m
[2025-06-30T21:50:20.364+0000] {docker.py:429} INFO - [2m2025-06-30T21:50:20.360961Z[0m [[32m[1minfo     [0m] [1mInstalling loader 'target-csv-postgres'[0m
[2025-06-30T21:50:20.413+0000] {docker.py:429} INFO - [2m2025-06-30T21:50:20.412629Z[0m [[32m[1minfo     [0m] [1mInstalling loader 'target-csv-csv'[0m
[2025-06-30T21:50:21.984+0000] {docker.py:429} INFO - [2m2025-06-30T21:50:21.983687Z[0m [[32m[1minfo     [0m] [1mInstalled extractor 'tap-postgres'[0m
[2025-06-30T21:50:22.158+0000] {docker.py:429} INFO - [2m2025-06-30T21:50:22.157319Z[0m [[32m[1minfo     [0m] [1mInstalled loader 'target-postgres'[0m
[2025-06-30T21:50:29.959+0000] {docker.py:429} INFO - [2m2025-06-30T21:50:29.958203Z[0m [[32m[1minfo     [0m] [1mInstalled extractor 'tap-csv' [0m
[2025-06-30T21:50:30.015+0000] {docker.py:429} INFO - [2m2025-06-30T21:50:30.013609Z[0m [[32m[1minfo     [0m] [1mInstalled extractor 'tap-csv-latest'[0m
[2025-06-30T21:50:30.511+0000] {docker.py:429} INFO - [2m2025-06-30T21:50:30.510394Z[0m [[32m[1minfo     [0m] [1mInstalled loader 'target-csv-postgres'[0m
[2025-06-30T21:50:30.956+0000] {docker.py:429} INFO - [2m2025-06-30T21:50:30.956111Z[0m [[32m[1minfo     [0m] [1mInstalled loader 'target-csv-csv'[0m
[2025-06-30T21:50:31.064+0000] {docker.py:429} INFO - [2m2025-06-30T21:50:31.063448Z[0m [[32m[1minfo     [0m] [1mInstalled loader 'target-csv' [0m
[2025-06-30T21:50:31.065+0000] {docker.py:429} INFO - [2m2025-06-30T21:50:31.064234Z[0m [[32m[1minfo     [0m] [1mInstalled 7/7 plugins         [0m
[2025-06-30T21:50:32.405+0000] {docker.py:429} INFO - Meltano install completed. Executing command: meltano el tap-csv-latest target-postgres
[2025-06-30T21:50:34.167+0000] {docker.py:429} INFO - [2m2025-06-30T21:50:34.166983Z[0m [[32m[1minfo     [0m] [1mEnvironment 'dev' is active   [0m
[2025-06-30T21:50:35.107+0000] {docker.py:429} INFO - [2m2025-06-30T21:50:35.105576Z[0m [[32m[1minfo     [0m] [1mRunning extract & load...     [0m [36mname[0m=[35mmeltano[0m [36mrun_id[0m=[35mb4ac7cfb-33f5-4527-ae56-7a0b87b201a6[0m [36mstate_id[0m=[35m2025-06-30T215034--tap-csv-latest--target-postgres[0m
[2025-06-30T21:50:37.198+0000] {docker.py:429} INFO - [2m2025-06-30T21:50:37.196180Z[0m [[32m[1minfo     [0m] [1mNo CSV file definitions found.[0m [36mcmd_type[0m=[35mextractor[0m [36mname[0m=[35mtap-csv-latest[0m [36mrun_id[0m=[35mb4ac7cfb-33f5-4527-ae56-7a0b87b201a6[0m [36mstate_id[0m=[35m2025-06-30T215034--tap-csv-latest--target-postgres[0m [36mstdio[0m=[35mstderr[0m
[2025-06-30T21:50:37.627+0000] {docker.py:429} INFO - [2m2025-06-30T21:50:37.624063Z[0m [[32m[1minfo     [0m] [1mtarget-postgres v0.4.3, Meltano SDK v0.47.4[0m [36mcmd_type[0m=[35mloader[0m [36mname[0m=[35mtarget-postgres[0m [36mrun_id[0m=[35mb4ac7cfb-33f5-4527-ae56-7a0b87b201a6[0m [36mstate_id[0m=[35m2025-06-30T215034--tap-csv-latest--target-postgres[0m [36mstdio[0m=[35mstderr[0m
[2025-06-30T21:50:37.630+0000] {docker.py:429} INFO - [2m2025-06-30T21:50:37.629010Z[0m [[32m[1minfo     [0m] [1m/opt/meltano/.meltano/loaders/target-postgres/venv/lib/python3.9/site-packages/singer_sdk/plugin_base.py:715: SingerSDKDeprecationWarning: Passing a list of config file paths is deprecated. Please pass the config as a dictionary instead.[0m [36mcmd_type[0m=[35mloader[0m [36mname[0m=[35mtarget-postgres[0m [36mrun_id[0m=[35mb4ac7cfb-33f5-4527-ae56-7a0b87b201a6[0m [36mstate_id[0m=[35m2025-06-30T215034--tap-csv-latest--target-postgres[0m [36mstdio[0m=[35mstderr[0m
[2025-06-30T21:50:37.631+0000] {docker.py:429} INFO - [2m2025-06-30T21:50:37.629878Z[0m [[32m[1minfo     [0m] [1m  super().__init__(           [0m [36mcmd_type[0m=[35mloader[0m [36mname[0m=[35mtarget-postgres[0m [36mrun_id[0m=[35mb4ac7cfb-33f5-4527-ae56-7a0b87b201a6[0m [36mstate_id[0m=[35m2025-06-30T215034--tap-csv-latest--target-postgres[0m [36mstdio[0m=[35mstderr[0m
[2025-06-30T21:50:37.631+0000] {docker.py:429} INFO - [2m2025-06-30T21:50:37.630796Z[0m [[32m[1minfo     [0m] [1m                              [0m [36mcmd_type[0m=[35mloader[0m [36mname[0m=[35mtarget-postgres[0m [36mrun_id[0m=[35mb4ac7cfb-33f5-4527-ae56-7a0b87b201a6[0m [36mstate_id[0m=[35m2025-06-30T215034--tap-csv-latest--target-postgres[0m [36mstdio[0m=[35mstderr[0m
[2025-06-30T21:50:37.632+0000] {docker.py:429} INFO - [2m2025-06-30T21:50:37.631487Z[0m [[32m[1minfo     [0m] [1mSkipping parse of env var settings...[0m [36mcmd_type[0m=[35mloader[0m [36mname[0m=[35mtarget-postgres[0m [36mrun_id[0m=[35mb4ac7cfb-33f5-4527-ae56-7a0b87b201a6[0m [36mstate_id[0m=[35m2025-06-30T215034--tap-csv-latest--target-postgres[0m [36mstdio[0m=[35mstderr[0m
[2025-06-30T21:50:37.633+0000] {docker.py:429} INFO - [2m2025-06-30T21:50:37.632131Z[0m [[32m[1minfo     [0m] [1mThe `dialect+driver` configuration option is deprecated. Please set it to `postgresql+psycopg`, as this will be the hard-coded value in the future.[0m [36mcmd_type[0m=[35mloader[0m [36mname[0m=[35mtarget-postgres[0m [36mrun_id[0m=[35mb4ac7cfb-33f5-4527-ae56-7a0b87b201a6[0m [36mstate_id[0m=[35m2025-06-30T215034--tap-csv-latest--target-postgres[0m [36mstdio[0m=[35mstderr[0m
[2025-06-30T21:50:37.633+0000] {docker.py:429} INFO - [2m2025-06-30T21:50:37.632700Z[0m [[32m[1minfo     [0m] [1mReader 'target-postgres' completed processing 0 lines of input (0 schemas, 0 records, 0 batch manifests, 0 state messages, 0 activate version messages).[0m [36mcmd_type[0m=[35mloader[0m [36mname[0m=[35mtarget-postgres[0m [36mrun_id[0m=[35mb4ac7cfb-33f5-4527-ae56-7a0b87b201a6[0m [36mstate_id[0m=[35m2025-06-30T215034--tap-csv-latest--target-postgres[0m [36mstdio[0m=[35mstderr[0m
[2025-06-30T21:50:37.913+0000] {docker.py:429} INFO - [2m2025-06-30T21:50:37.912163Z[0m [[31m[1merror    [0m] [1mExtraction failed             [0m [36mcode[0m=[35m1[0m [36mmessage[0m=[35m'No CSV file definitions found.'[0m [36mname[0m=[35mmeltano[0m [36mrun_id[0m=[35mb4ac7cfb-33f5-4527-ae56-7a0b87b201a6[0m [36mstate_id[0m=[35m2025-06-30T215034--tap-csv-latest--target-postgres[0m
[2025-06-30T21:50:37.917+0000] {docker.py:429} INFO - [2m2025-06-30T21:50:37.914603Z[0m [[32m[1minfo     [0m] [1mELT could not be completed: Extractor failed.[0m [36mcmd_type[0m=[35melt[0m [36mname[0m=[35mmeltano[0m [36mrun_id[0m=[35mb4ac7cfb-33f5-4527-ae56-7a0b87b201a6[0m [36mstate_id[0m=[35m2025-06-30T215034--tap-csv-latest--target-postgres[0m [36mstdio[0m=[35mstderr[0m
[2025-06-30T21:50:37.918+0000] {docker.py:429} INFO - [2m2025-06-30T21:50:37.915675Z[0m [[32m[1minfo     [0m] [1mFor more detailed log messages re-run the command using 'meltano --log-level=debug ...' CLI flag.[0m [36mcmd_type[0m=[35melt[0m [36mname[0m=[35mmeltano[0m [36mrun_id[0m=[35mb4ac7cfb-33f5-4527-ae56-7a0b87b201a6[0m [36mstate_id[0m=[35m2025-06-30T215034--tap-csv-latest--target-postgres[0m [36mstdio[0m=[35mstderr[0m
[2025-06-30T21:50:37.918+0000] {docker.py:429} INFO - [2m2025-06-30T21:50:37.916944Z[0m [[32m[1minfo     [0m] [1mNote that you can also check the generated log file at '/opt/meltano/.meltano/logs/elt/2025-06-30T215034--tap-csv-latest--target-postgres/b4ac7cfb-33f5-4527-ae56-7a0b87b201a6/elt.log'.[0m [36mcmd_type[0m=[35melt[0m [36mname[0m=[35mmeltano[0m [36mrun_id[0m=[35mb4ac7cfb-33f5-4527-ae56-7a0b87b201a6[0m [36mstate_id[0m=[35m2025-06-30T215034--tap-csv-latest--target-postgres[0m [36mstdio[0m=[35mstderr[0m
[2025-06-30T21:50:37.919+0000] {docker.py:429} INFO - [2m2025-06-30T21:50:37.917639Z[0m [[32m[1minfo     [0m] [1mFor more information on debugging and logging: https://docs.meltano.com/reference/command-line-interface#debugging[0m [36mcmd_type[0m=[35melt[0m [36mname[0m=[35mmeltano[0m [36mrun_id[0m=[35mb4ac7cfb-33f5-4527-ae56-7a0b87b201a6[0m [36mstate_id[0m=[35m2025-06-30T215034--tap-csv-latest--target-postgres[0m [36mstdio[0m=[35mstderr[0m
[2025-06-30T21:50:37.947+0000] {docker.py:429} INFO - Need help fixing this problem? Visit http://melta.no/ for troubleshooting steps, or to
join our friendly Slack community.

ELT could not be completed: Extractor failed.
For more detailed log messages re-run the command using 'meltano --log-level=debug ...' CLI flag.
Note that you can also check the generated log file at '/opt/meltano/.meltano/logs/elt/2025-06-30T215034--tap-csv-latest--target-postgres/b4ac7cfb-33f5-4527-ae56-7a0b87b201a6/elt.log'.
For more information on debugging and logging: https://docs.meltano.com/reference/command-line-interface#debugging
[2025-06-30T21:50:39.156+0000] {taskinstance.py:2698} ERROR - Task failed with exception
Traceback (most recent call last):
  File "/home/airflow/.local/lib/python3.10/site-packages/airflow/models/taskinstance.py", line 433, in _execute_task
    result = execute_callable(context=context, **execute_callable_kwargs)
  File "/home/airflow/.local/lib/python3.10/site-packages/airflow/providers/docker/operators/docker.py", line 502, in execute
    return self._run_image()
  File "/home/airflow/.local/lib/python3.10/site-packages/airflow/providers/docker/operators/docker.py", line 376, in _run_image
    return self._run_image_with_mounts(self.mounts, add_tmp_variable=False)
  File "/home/airflow/.local/lib/python3.10/site-packages/airflow/providers/docker/operators/docker.py", line 437, in _run_image_with_mounts
    raise DockerContainerFailedException(f"Docker container failed: {result!r}", logs=log_lines)
airflow.providers.docker.exceptions.DockerContainerFailedException: Docker container failed: {'StatusCode': 1}
[2025-06-30T21:50:39.167+0000] {taskinstance.py:1138} INFO - Marking task as UP_FOR_RETRY. dag_id=northwind, task_id=carregamento_postgres, execution_date=20250630T214853, start_date=20250630T215015, end_date=20250630T215039
[2025-06-30T21:50:39.213+0000] {standard_task_runner.py:107} ERROR - Failed to execute job 19 for task carregamento_postgres (Docker container failed: {'StatusCode': 1}; 203)
[2025-06-30T21:50:39.256+0000] {local_task_job_runner.py:234} INFO - Task exited with return code 1
[2025-06-30T21:50:39.293+0000] {taskinstance.py:3280} INFO - 0 downstream tasks scheduled from follow-on schedule check
