[2025-07-10T12:46:17.764+0000] {taskinstance.py:1956} INFO - Dependencies all met for dep_context=non-requeueable deps ti=<TaskInstance: northwind.gerar_config_csv_dinamica manual__2025-07-10T12:45:39.379262+00:00 [queued]>
[2025-07-10T12:46:17.783+0000] {taskinstance.py:1956} INFO - Dependencies all met for dep_context=requeueable deps ti=<TaskInstance: northwind.gerar_config_csv_dinamica manual__2025-07-10T12:45:39.379262+00:00 [queued]>
[2025-07-10T12:46:17.784+0000] {taskinstance.py:2170} INFO - Starting attempt 1 of 2
[2025-07-10T12:46:17.802+0000] {taskinstance.py:2191} INFO - Executing <Task(DockerOperator): gerar_config_csv_dinamica> on 2025-07-10 12:45:39.379262+00:00
[2025-07-10T12:46:17.809+0000] {standard_task_runner.py:60} INFO - Started process 179 to run task
[2025-07-10T12:46:17.813+0000] {standard_task_runner.py:87} INFO - Running: ['***', 'tasks', 'run', 'northwind', 'gerar_config_csv_dinamica', 'manual__2025-07-10T12:45:39.379262+00:00', '--job-id', '31', '--raw', '--subdir', 'DAGS_FOLDER/northwind.py', '--cfg-path', '/tmp/tmptm2vu2ll']
[2025-07-10T12:46:17.817+0000] {standard_task_runner.py:88} INFO - Job 31: Subtask gerar_config_csv_dinamica
[2025-07-10T12:46:17.891+0000] {task_command.py:423} INFO - Running <TaskInstance: northwind.gerar_config_csv_dinamica manual__2025-07-10T12:45:39.379262+00:00 [running]> on host 7ad2b0e001d7
[2025-07-10T12:46:17.994+0000] {taskinstance.py:2480} INFO - Exporting env vars: AIRFLOW_CTX_DAG_EMAIL='lrbf@cin.ufpe.br' AIRFLOW_CTX_DAG_OWNER='***' AIRFLOW_CTX_DAG_ID='northwind' AIRFLOW_CTX_TASK_ID='gerar_config_csv_dinamica' AIRFLOW_CTX_EXECUTION_DATE='2025-07-10T12:45:39.379262+00:00' AIRFLOW_CTX_TRY_NUMBER='1' AIRFLOW_CTX_DAG_RUN_ID='manual__2025-07-10T12:45:39.379262+00:00'
[2025-07-10T12:46:18.066+0000] {docker.py:359} INFO - Starting docker container from image meltano:latest
[2025-07-10T12:46:18.408+0000] {docker.py:429} INFO - Running meltano install...
[2025-07-10T12:46:20.764+0000] {docker.py:429} INFO - [2m2025-07-10T12:46:20.762819Z[0m [[32m[1minfo     [0m] [1mInstalling 7 plugins          [0m
[2025-07-10T12:46:20.793+0000] {docker.py:429} INFO - [2m2025-07-10T12:46:20.792358Z[0m [[32m[1minfo     [0m] [1mInstalling extractor 'tap-postgres'[0m
[2025-07-10T12:46:20.844+0000] {docker.py:429} INFO - [2m2025-07-10T12:46:20.843400Z[0m [[32m[1minfo     [0m] [1mInstalling extractor 'tap-csv'[0m
[2025-07-10T12:46:20.873+0000] {docker.py:429} INFO - [2m2025-07-10T12:46:20.872448Z[0m [[32m[1minfo     [0m] [1mInstalling extractor 'tap-csv-latest'[0m
[2025-07-10T12:46:20.935+0000] {docker.py:429} INFO - [2m2025-07-10T12:46:20.933463Z[0m [[32m[1minfo     [0m] [1mInstalling loader 'target-postgres'[0m
[2025-07-10T12:46:20.967+0000] {docker.py:429} INFO - [2m2025-07-10T12:46:20.966352Z[0m [[32m[1minfo     [0m] [1mInstalling loader 'target-csv'[0m
[2025-07-10T12:46:21.008+0000] {docker.py:429} INFO - [2m2025-07-10T12:46:21.007459Z[0m [[32m[1minfo     [0m] [1mInstalling loader 'target-csv-postgres'[0m
[2025-07-10T12:46:21.073+0000] {docker.py:429} INFO - [2m2025-07-10T12:46:21.067963Z[0m [[32m[1minfo     [0m] [1mInstalling loader 'target-csv-csv'[0m
[2025-07-10T12:46:22.706+0000] {docker.py:429} INFO - [2m2025-07-10T12:46:22.705850Z[0m [[32m[1minfo     [0m] [1mInstalled extractor 'tap-postgres'[0m
[2025-07-10T12:46:22.788+0000] {docker.py:429} INFO - [2m2025-07-10T12:46:22.787332Z[0m [[32m[1minfo     [0m] [1mInstalled loader 'target-postgres'[0m
[2025-07-10T12:46:24.082+0000] {docker.py:429} INFO - [2m2025-07-10T12:46:24.082038Z[0m [[32m[1minfo     [0m] [1mInstalled extractor 'tap-csv' [0m
[2025-07-10T12:46:24.285+0000] {docker.py:429} INFO - [2m2025-07-10T12:46:24.284468Z[0m [[32m[1minfo     [0m] [1mInstalled extractor 'tap-csv-latest'[0m
[2025-07-10T12:46:24.946+0000] {docker.py:429} INFO - [2m2025-07-10T12:46:24.946036Z[0m [[32m[1minfo     [0m] [1mInstalled loader 'target-csv' [0m
[2025-07-10T12:46:25.182+0000] {docker.py:429} INFO - [2m2025-07-10T12:46:25.182083Z[0m [[32m[1minfo     [0m] [1mInstalled loader 'target-csv-csv'[0m
[2025-07-10T12:46:25.968+0000] {docker.py:429} INFO - [2m2025-07-10T12:46:25.967264Z[0m [[32m[1minfo     [0m] [1mInstalled loader 'target-csv-postgres'[0m
[2025-07-10T12:46:25.968+0000] {docker.py:429} INFO - [2m2025-07-10T12:46:25.967722Z[0m [[32m[1minfo     [0m] [1mInstalled 7/7 plugins         [0m
[2025-07-10T12:46:26.972+0000] {docker.py:429} INFO - Meltano install completed. Executing command: python /opt/meltano/scripts/generate_csv_config.py
[2025-07-10T12:46:27.019+0000] {docker.py:429} INFO - [{"entity": "order_details", "path": "/opt/output_data/csv/order_details/2025-07-10/file.csv", "keys": ["order_id", "product_id"], "delimiter": ",", "encoding": "utf-8"}, {"entity": "public-categories", "path": "/opt/output_data/postgres/public-categories/2025-07-10/file.csv", "keys": ["category_id"], "delimiter": ",", "encoding": "utf-8"}, {"entity": "public-products", "path": "/opt/output_data/postgres/public-products/2025-07-10/file.csv", "keys": ["product_id"], "delimiter": ",", "encoding": "utf-8"}, {"entity": "public-suppliers", "path": "/opt/output_data/postgres/public-suppliers/2025-07-10/file.csv", "keys": ["supplier_id"], "delimiter": ",", "encoding": "utf-8"}, {"entity": "public-orders", "path": "/opt/output_data/postgres/public-orders/2025-07-10/file.csv", "keys": ["order_id"], "delimiter": ",", "encoding": "utf-8"}, {"entity": "public-customers", "path": "/opt/output_data/postgres/public-customers/2025-07-10/file.csv", "keys": ["customer_id"], "delimiter": ",", "encoding": "utf-8"}, {"entity": "public-employees", "path": "/opt/output_data/postgres/public-employees/2025-07-10/file.csv", "keys": ["employee_id"], "delimiter": ",", "encoding": "utf-8"}, {"entity": "public-employee_territories", "path": "/opt/output_data/postgres/public-employee_territories/2025-07-10/file.csv", "keys": ["employee_id", "territory_id"], "delimiter": ",", "encoding": "utf-8"}, {"entity": "public-territories", "path": "/opt/output_data/postgres/public-territories/2025-07-10/file.csv", "keys": ["territory_id"], "delimiter": ",", "encoding": "utf-8"}, {"entity": "public-region", "path": "/opt/output_data/postgres/public-region/2025-07-10/file.csv", "keys": ["region_id"], "delimiter": ",", "encoding": "utf-8"}, {"entity": "public-shippers", "path": "/opt/output_data/postgres/public-shippers/2025-07-10/file.csv", "keys": ["shipper_id"], "delimiter": ",", "encoding": "utf-8"}, {"entity": "public-us_states", "path": "/opt/output_data/postgres/public-us_states/2025-07-10/file.csv", "keys": ["state_id"], "delimiter": ",", "encoding": "utf-8"}]
[2025-07-10T12:46:27.244+0000] {taskinstance.py:1138} INFO - Marking task as SUCCESS. dag_id=northwind, task_id=gerar_config_csv_dinamica, execution_date=20250710T124539, start_date=20250710T124617, end_date=20250710T124627
[2025-07-10T12:46:27.900+0000] {local_task_job_runner.py:234} INFO - Task exited with return code 0
[2025-07-10T12:46:27.956+0000] {taskinstance.py:3280} INFO - 0 downstream tasks scheduled from follow-on schedule check
