[2025-06-30T21:41:00.240+0000] {taskinstance.py:1956} INFO - Dependencies all met for dep_context=non-requeueable deps ti=<TaskInstance: northwind.gerar_config_csv_dinamica manual__2025-06-30T21:40:11.196630+00:00 [queued]>
[2025-06-30T21:41:00.253+0000] {taskinstance.py:1956} INFO - Dependencies all met for dep_context=requeueable deps ti=<TaskInstance: northwind.gerar_config_csv_dinamica manual__2025-06-30T21:40:11.196630+00:00 [queued]>
[2025-06-30T21:41:00.253+0000] {taskinstance.py:2170} INFO - Starting attempt 1 of 2
[2025-06-30T21:41:00.269+0000] {taskinstance.py:2191} INFO - Executing <Task(DockerOperator): gerar_config_csv_dinamica> on 2025-06-30 21:40:11.196630+00:00
[2025-06-30T21:41:00.274+0000] {standard_task_runner.py:60} INFO - Started process 189 to run task
[2025-06-30T21:41:00.279+0000] {standard_task_runner.py:87} INFO - Running: ['***', 'tasks', 'run', 'northwind', 'gerar_config_csv_dinamica', 'manual__2025-06-30T21:40:11.196630+00:00', '--job-id', '12', '--raw', '--subdir', 'DAGS_FOLDER/dag.py', '--cfg-path', '/tmp/tmpgz2_72qk']
[2025-06-30T21:41:00.284+0000] {standard_task_runner.py:88} INFO - Job 12: Subtask gerar_config_csv_dinamica
[2025-06-30T21:41:00.361+0000] {task_command.py:423} INFO - Running <TaskInstance: northwind.gerar_config_csv_dinamica manual__2025-06-30T21:40:11.196630+00:00 [running]> on host c85abd80cdc4
[2025-06-30T21:41:00.506+0000] {taskinstance.py:2480} INFO - Exporting env vars: AIRFLOW_CTX_DAG_EMAIL='lrbf@cin.ufpe.br' AIRFLOW_CTX_DAG_OWNER='***' AIRFLOW_CTX_DAG_ID='northwind' AIRFLOW_CTX_TASK_ID='gerar_config_csv_dinamica' AIRFLOW_CTX_EXECUTION_DATE='2025-06-30T21:40:11.196630+00:00' AIRFLOW_CTX_TRY_NUMBER='1' AIRFLOW_CTX_DAG_RUN_ID='manual__2025-06-30T21:40:11.196630+00:00'
[2025-06-30T21:41:00.592+0000] {docker.py:359} INFO - Starting docker container from image meltano:latest
[2025-06-30T21:41:00.989+0000] {docker.py:429} INFO - Running meltano install...
[2025-06-30T21:41:02.534+0000] {docker.py:429} INFO - [2m2025-06-30T21:41:02.533520Z[0m [[32m[1minfo     [0m] [1mInstalling 7 plugins          [0m
[2025-06-30T21:41:02.550+0000] {docker.py:429} INFO - [2m2025-06-30T21:41:02.549785Z[0m [[32m[1minfo     [0m] [1mInstalling extractor 'tap-postgres'[0m
[2025-06-30T21:41:02.579+0000] {docker.py:429} INFO - [2m2025-06-30T21:41:02.578198Z[0m [[32m[1minfo     [0m] [1mInstalling extractor 'tap-csv'[0m
[2025-06-30T21:41:02.615+0000] {docker.py:429} INFO - [2m2025-06-30T21:41:02.614045Z[0m [[32m[1minfo     [0m] [1mInstalling extractor 'tap-csv-latest'[0m
[2025-06-30T21:41:02.645+0000] {docker.py:429} INFO - [2m2025-06-30T21:41:02.644225Z[0m [[32m[1minfo     [0m] [1mInstalling loader 'target-postgres'[0m
[2025-06-30T21:41:02.674+0000] {docker.py:429} INFO - [2m2025-06-30T21:41:02.673697Z[0m [[32m[1minfo     [0m] [1mInstalling loader 'target-csv'[0m
[2025-06-30T21:41:02.710+0000] {docker.py:429} INFO - [2m2025-06-30T21:41:02.709451Z[0m [[32m[1minfo     [0m] [1mInstalling loader 'target-csv-postgres'[0m
[2025-06-30T21:41:02.744+0000] {docker.py:429} INFO - [2m2025-06-30T21:41:02.743904Z[0m [[32m[1minfo     [0m] [1mInstalling loader 'target-csv-csv'[0m
[2025-06-30T21:41:05.181+0000] {docker.py:429} INFO - [2m2025-06-30T21:41:05.179672Z[0m [[32m[1minfo     [0m] [1mInstalled loader 'target-postgres'[0m
[2025-06-30T21:41:05.183+0000] {docker.py:429} INFO - [2m2025-06-30T21:41:05.181747Z[0m [[32m[1minfo     [0m] [1mInstalled extractor 'tap-postgres'[0m
[2025-06-30T21:41:10.422+0000] {docker.py:429} INFO - [2m2025-06-30T21:41:10.421382Z[0m [[32m[1minfo     [0m] [1mInstalled extractor 'tap-csv' [0m
[2025-06-30T21:41:10.435+0000] {docker.py:429} INFO - [2m2025-06-30T21:41:10.434640Z[0m [[32m[1minfo     [0m] [1mInstalled extractor 'tap-csv-latest'[0m
[2025-06-30T21:41:10.695+0000] {docker.py:429} INFO - [2m2025-06-30T21:41:10.694425Z[0m [[32m[1minfo     [0m] [1mInstalled loader 'target-csv' [0m
[2025-06-30T21:41:10.887+0000] {docker.py:429} INFO - [2m2025-06-30T21:41:10.886623Z[0m [[32m[1minfo     [0m] [1mInstalled loader 'target-csv-csv'[0m
[2025-06-30T21:41:12.100+0000] {docker.py:429} INFO - [2m2025-06-30T21:41:12.099202Z[0m [[32m[1minfo     [0m] [1mInstalled loader 'target-csv-postgres'[0m
[2025-06-30T21:41:12.100+0000] {docker.py:429} INFO - [2m2025-06-30T21:41:12.099672Z[0m [[32m[1minfo     [0m] [1mInstalled 7/7 plugins         [0m
[2025-06-30T21:41:12.689+0000] {docker.py:429} INFO - Meltano install completed. Executing command: python /opt/meltano/scripts/generate_csv_config.py
[2025-06-30T21:41:12.745+0000] {docker.py:429} INFO - ✔️ Configuração para tap-csv-latest gerada com sucesso em: /opt/meltano/config/tap-csv-latest.json
[2025-06-30T21:41:13.049+0000] {taskinstance.py:1138} INFO - Marking task as SUCCESS. dag_id=northwind, task_id=gerar_config_csv_dinamica, execution_date=20250630T214011, start_date=20250630T214100, end_date=20250630T214113
[2025-06-30T21:41:13.098+0000] {local_task_job_runner.py:234} INFO - Task exited with return code 0
[2025-06-30T21:41:13.146+0000] {taskinstance.py:3280} INFO - 1 downstream tasks scheduled from follow-on schedule check
