[2025-06-23T21:45:35.341+0000] {taskinstance.py:1956} INFO - Dependencies all met for dep_context=non-requeueable deps ti=<TaskInstance: northwind.extração_csv manual__2025-06-23T21:45:15.293595+00:00 [queued]>
[2025-06-23T21:45:35.352+0000] {taskinstance.py:1956} INFO - Dependencies all met for dep_context=requeueable deps ti=<TaskInstance: northwind.extração_csv manual__2025-06-23T21:45:15.293595+00:00 [queued]>
[2025-06-23T21:45:35.352+0000] {taskinstance.py:2170} INFO - Starting attempt 1 of 2
[2025-06-23T21:45:35.364+0000] {taskinstance.py:2191} INFO - Executing <Task(DockerOperator): extração_csv> on 2025-06-23 21:45:15.293595+00:00
[2025-06-23T21:45:35.369+0000] {standard_task_runner.py:60} INFO - Started process 201 to run task
[2025-06-23T21:45:35.372+0000] {standard_task_runner.py:87} INFO - Running: ['***', 'tasks', 'run', 'northwind', 'extração_csv', 'manual__2025-06-23T21:45:15.293595+00:00', '--job-id', '15', '--raw', '--subdir', 'DAGS_FOLDER/dag.py', '--cfg-path', '/tmp/tmpmakqy9vl']
[2025-06-23T21:45:35.374+0000] {standard_task_runner.py:88} INFO - Job 15: Subtask extração_csv
[2025-06-23T21:45:35.421+0000] {task_command.py:423} INFO - Running <TaskInstance: northwind.extração_csv manual__2025-06-23T21:45:15.293595+00:00 [running]> on host a06304be4538
[2025-06-23T21:45:35.490+0000] {taskinstance.py:2480} INFO - Exporting env vars: AIRFLOW_CTX_DAG_EMAIL='lrbf@cin.ufpe.br' AIRFLOW_CTX_DAG_OWNER='***' AIRFLOW_CTX_DAG_ID='northwind' AIRFLOW_CTX_TASK_ID='extração_csv' AIRFLOW_CTX_EXECUTION_DATE='2025-06-23T21:45:15.293595+00:00' AIRFLOW_CTX_TRY_NUMBER='1' AIRFLOW_CTX_DAG_RUN_ID='manual__2025-06-23T21:45:15.293595+00:00'
[2025-06-23T21:45:35.642+0000] {docker.py:359} INFO - Starting docker container from image indicium_pipeline-meltano:latest
[2025-06-23T21:45:35.990+0000] {docker.py:429} INFO - Running meltano install...
[2025-06-23T21:45:37.337+0000] {docker.py:429} INFO - [2m2025-06-23T21:45:37.336474Z[0m [[32m[1minfo     [0m] [1mInstalling 7 plugins          [0m
[2025-06-23T21:45:37.359+0000] {docker.py:429} INFO - [2m2025-06-23T21:45:37.358635Z[0m [[32m[1minfo     [0m] [1mInstalling extractor 'tap-postgres'[0m
[2025-06-23T21:45:37.386+0000] {docker.py:429} INFO - [2m2025-06-23T21:45:37.385502Z[0m [[32m[1minfo     [0m] [1mInstalling extractor 'tap-csv'[0m
[2025-06-23T21:45:37.421+0000] {docker.py:429} INFO - [2m2025-06-23T21:45:37.420665Z[0m [[32m[1minfo     [0m] [1mInstalling extractor 'tap-csv-latest'[0m
[2025-06-23T21:45:37.453+0000] {docker.py:429} INFO - [2m2025-06-23T21:45:37.452182Z[0m [[32m[1minfo     [0m] [1mInstalling loader 'target-postgres'[0m
[2025-06-23T21:45:37.492+0000] {docker.py:429} INFO - [2m2025-06-23T21:45:37.491450Z[0m [[32m[1minfo     [0m] [1mInstalling loader 'target-csv'[0m
[2025-06-23T21:45:37.539+0000] {docker.py:429} INFO - [2m2025-06-23T21:45:37.538100Z[0m [[32m[1minfo     [0m] [1mInstalling loader 'target-csv-postgres'[0m
[2025-06-23T21:45:37.580+0000] {docker.py:429} INFO - [2m2025-06-23T21:45:37.578642Z[0m [[32m[1minfo     [0m] [1mInstalling loader 'target-csv-csv'[0m
[2025-06-23T21:45:39.432+0000] {docker.py:429} INFO - [2m2025-06-23T21:45:39.431032Z[0m [[32m[1minfo     [0m] [1mInstalled extractor 'tap-postgres'[0m
[2025-06-23T21:45:39.578+0000] {docker.py:429} INFO - [2m2025-06-23T21:45:39.577667Z[0m [[32m[1minfo     [0m] [1mInstalled loader 'target-postgres'[0m
[2025-06-23T21:45:43.686+0000] {docker.py:429} INFO - [2m2025-06-23T21:45:43.684786Z[0m [[32m[1minfo     [0m] [1mInstalled extractor 'tap-csv-latest'[0m
[2025-06-23T21:45:43.782+0000] {docker.py:429} INFO - [2m2025-06-23T21:45:43.781585Z[0m [[32m[1minfo     [0m] [1mInstalled extractor 'tap-csv' [0m
[2025-06-23T21:45:44.427+0000] {docker.py:429} INFO - [2m2025-06-23T21:45:44.426891Z[0m [[32m[1minfo     [0m] [1mInstalled loader 'target-csv' [0m
[2025-06-23T21:45:44.681+0000] {docker.py:429} INFO - [2m2025-06-23T21:45:44.680755Z[0m [[32m[1minfo     [0m] [1mInstalled loader 'target-csv-csv'[0m
[2025-06-23T21:45:44.879+0000] {docker.py:429} INFO - [2m2025-06-23T21:45:44.878148Z[0m [[32m[1minfo     [0m] [1mInstalled loader 'target-csv-postgres'[0m
[2025-06-23T21:45:44.879+0000] {docker.py:429} INFO - [2m2025-06-23T21:45:44.878594Z[0m [[32m[1minfo     [0m] [1mInstalled 7/7 plugins         [0m
[2025-06-23T21:45:45.798+0000] {docker.py:429} INFO - Meltano install completed. Executing command: meltano el tap-csv target-csv-csv
[2025-06-23T21:45:47.141+0000] {docker.py:429} INFO - [2m2025-06-23T21:45:47.141081Z[0m [[32m[1minfo     [0m] [1mEnvironment 'dev' is active   [0m
[2025-06-23T21:45:47.517+0000] {docker.py:429} INFO - [2m2025-06-23T21:45:47.516811Z[0m [[32m[1minfo     [0m] [1mRunning extract & load...     [0m [36mname[0m=[35mmeltano[0m [36mrun_id[0m=[35m1faf1406-48d4-4e66-8e2d-3cef54850144[0m [36mstate_id[0m=[35m2025-06-23T214547--tap-csv--target-csv-csv[0m
[2025-06-23T21:45:48.186+0000] {docker.py:429} INFO - [2m2025-06-23T21:45:48.185673Z[0m [[32m[1minfo     [0m] [1mELT could not be completed: Cannot start extractor: Catalog discovery failed: command ['/opt/meltano/.meltano/extractors/tap-csv/venv/bin/tap-csv', '--config', '/opt/meltano/.meltano/run/elt/2025-06-23T214547--tap-csv--target-csv-csv/1faf1406-48d4-4e66-8e2d-3cef54850144/tap.4e9d1854-35f6-49f5-a393-55971747455d.config.json', '--discover'] returned 1 with stderr:[0m [36mcmd_type[0m=[35melt[0m [36mname[0m=[35mmeltano[0m [36mrun_id[0m=[35m1faf1406-48d4-4e66-8e2d-3cef54850144[0m [36mstate_id[0m=[35m2025-06-23T214547--tap-csv--target-csv-csv[0m [36mstdio[0m=[35mstderr[0m
[2m2025-06-23T21:45:48.186051Z[0m [[32m[1minfo     [0m] [1m Traceback (most recent call last):[0m [36mcmd_type[0m=[35melt[0m [36mname[0m=[35mmeltano[0m [36mrun_id[0m=[35m1faf1406-48d4-4e66-8e2d-3cef54850144[0m [36mstate_id[0m=[35m2025-06-23T214547--tap-csv--target-csv-csv[0m [36mstdio[0m=[35mstderr[0m
[2025-06-23T21:45:48.187+0000] {docker.py:429} INFO - [2m2025-06-23T21:45:48.186344Z[0m [[32m[1minfo     [0m] [1m  File "/opt/meltano/.meltano/extractors/tap-csv/venv/bin/tap-csv", line 8, in <module>[0m [36mcmd_type[0m=[35melt[0m [36mname[0m=[35mmeltano[0m [36mrun_id[0m=[35m1faf1406-48d4-4e66-8e2d-3cef54850144[0m [36mstate_id[0m=[35m2025-06-23T214547--tap-csv--target-csv-csv[0m [36mstdio[0m=[35mstderr[0m
[2025-06-23T21:45:48.187+0000] {docker.py:429} INFO - [2m2025-06-23T21:45:48.186577Z[0m [[32m[1minfo     [0m] [1m    sys.exit(TapCSV.cli())    [0m [36mcmd_type[0m=[35melt[0m [36mname[0m=[35mmeltano[0m [36mrun_id[0m=[35m1faf1406-48d4-4e66-8e2d-3cef54850144[0m [36mstate_id[0m=[35m2025-06-23T214547--tap-csv--target-csv-csv[0m [36mstdio[0m=[35mstderr[0m
[2025-06-23T21:45:48.187+0000] {docker.py:429} INFO - [2m2025-06-23T21:45:48.186847Z[0m [[32m[1minfo     [0m] [1m  File "/opt/meltano/.meltano/extractors/tap-csv/venv/lib/python3.10/site-packages/click/core.py", line 1442, in __call__[0m [36mcmd_type[0m=[35melt[0m [36mname[0m=[35mmeltano[0m [36mrun_id[0m=[35m1faf1406-48d4-4e66-8e2d-3cef54850144[0m [36mstate_id[0m=[35m2025-06-23T214547--tap-csv--target-csv-csv[0m [36mstdio[0m=[35mstderr[0m
[2025-06-23T21:45:48.188+0000] {docker.py:429} INFO - [2m2025-06-23T21:45:48.187153Z[0m [[32m[1minfo     [0m] [1m    return self.main(*args, **kwargs)[0m [36mcmd_type[0m=[35melt[0m [36mname[0m=[35mmeltano[0m [36mrun_id[0m=[35m1faf1406-48d4-4e66-8e2d-3cef54850144[0m [36mstate_id[0m=[35m2025-06-23T214547--tap-csv--target-csv-csv[0m [36mstdio[0m=[35mstderr[0m
[2025-06-23T21:45:48.188+0000] {docker.py:429} INFO - [2m2025-06-23T21:45:48.187399Z[0m [[32m[1minfo     [0m] [1m  File "/opt/meltano/.meltano/extractors/tap-csv/venv/lib/python3.10/site-packages/click/core.py", line 1362, in main[0m [36mcmd_type[0m=[35melt[0m [36mname[0m=[35mmeltano[0m [36mrun_id[0m=[35m1faf1406-48d4-4e66-8e2d-3cef54850144[0m [36mstate_id[0m=[35m2025-06-23T214547--tap-csv--target-csv-csv[0m [36mstdio[0m=[35mstderr[0m
[2025-06-23T21:45:48.188+0000] {docker.py:429} INFO - [2m2025-06-23T21:45:48.187693Z[0m [[32m[1minfo     [0m] [1m    with self.make_context(prog_name, args, **extra) as ctx:[0m [36mcmd_type[0m=[35melt[0m [36mname[0m=[35mmeltano[0m [36mrun_id[0m=[35m1faf1406-48d4-4e66-8e2d-3cef54850144[0m [36mstate_id[0m=[35m2025-06-23T214547--tap-csv--target-csv-csv[0m [36mstdio[0m=[35mstderr[0m
[2025-06-23T21:45:48.189+0000] {docker.py:429} INFO - [2m2025-06-23T21:45:48.188025Z[0m [[32m[1minfo     [0m] [1m  File "/opt/meltano/.meltano/extractors/tap-csv/venv/lib/python3.10/site-packages/click/core.py", line 1186, in make_context[0m [36mcmd_type[0m=[35melt[0m [36mname[0m=[35mmeltano[0m [36mrun_id[0m=[35m1faf1406-48d4-4e66-8e2d-3cef54850144[0m [36mstate_id[0m=[35m2025-06-23T214547--tap-csv--target-csv-csv[0m [36mstdio[0m=[35mstderr[0m
[2025-06-23T21:45:48.189+0000] {docker.py:429} INFO - [2m2025-06-23T21:45:48.188355Z[0m [[32m[1minfo     [0m] [1m    self.parse_args(ctx, args)[0m [36mcmd_type[0m=[35melt[0m [36mname[0m=[35mmeltano[0m [36mrun_id[0m=[35m1faf1406-48d4-4e66-8e2d-3cef54850144[0m [36mstate_id[0m=[35m2025-06-23T214547--tap-csv--target-csv-csv[0m [36mstdio[0m=[35mstderr[0m
[2025-06-23T21:45:48.189+0000] {docker.py:429} INFO - [2m2025-06-23T21:45:48.188673Z[0m [[32m[1minfo     [0m] [1m  File "/opt/meltano/.meltano/extractors/tap-csv/venv/lib/python3.10/site-packages/click/core.py", line 1197, in parse_args[0m [36mcmd_type[0m=[35melt[0m [36mname[0m=[35mmeltano[0m [36mrun_id[0m=[35m1faf1406-48d4-4e66-8e2d-3cef54850144[0m [36mstate_id[0m=[35m2025-06-23T214547--tap-csv--target-csv-csv[0m [36mstdio[0m=[35mstderr[0m
[2025-06-23T21:45:48.190+0000] {docker.py:429} INFO - [2m2025-06-23T21:45:48.188941Z[0m [[32m[1minfo     [0m] [1m    value, args = param.handle_parse_result(ctx, opts, args)[0m [36mcmd_type[0m=[35melt[0m [36mname[0m=[35mmeltano[0m [36mrun_id[0m=[35m1faf1406-48d4-4e66-8e2d-3cef54850144[0m [36mstate_id[0m=[35m2025-06-23T214547--tap-csv--target-csv-csv[0m [36mstdio[0m=[35mstderr[0m
[2025-06-23T21:45:48.190+0000] {docker.py:429} INFO - [2m2025-06-23T21:45:48.189248Z[0m [[32m[1minfo     [0m] [1m  File "/opt/meltano/.meltano/extractors/tap-csv/venv/lib/python3.10/site-packages/click/core.py", line 2416, in handle_parse_result[0m [36mcmd_type[0m=[35melt[0m [36mname[0m=[35mmeltano[0m [36mrun_id[0m=[35m1faf1406-48d4-4e66-8e2d-3cef54850144[0m [36mstate_id[0m=[35m2025-06-23T214547--tap-csv--target-csv-csv[0m [36mstdio[0m=[35mstderr[0m
[2025-06-23T21:45:48.190+0000] {docker.py:429} INFO - [2m2025-06-23T21:45:48.189642Z[0m [[32m[1minfo     [0m] [1m    value = self.process_value(ctx, value)[0m [36mcmd_type[0m=[35melt[0m [36mname[0m=[35mmeltano[0m [36mrun_id[0m=[35m1faf1406-48d4-4e66-8e2d-3cef54850144[0m [36mstate_id[0m=[35m2025-06-23T214547--tap-csv--target-csv-csv[0m [36mstdio[0m=[35mstderr[0m
[2025-06-23T21:45:48.191+0000] {docker.py:429} INFO - [2m2025-06-23T21:45:48.189898Z[0m [[32m[1minfo     [0m] [1m  File "/opt/meltano/.meltano/extractors/tap-csv/venv/lib/python3.10/site-packages/click/core.py", line 2355, in process_value[0m [36mcmd_type[0m=[35melt[0m [36mname[0m=[35mmeltano[0m [36mrun_id[0m=[35m1faf1406-48d4-4e66-8e2d-3cef54850144[0m [36mstate_id[0m=[35m2025-06-23T214547--tap-csv--target-csv-csv[0m [36mstdio[0m=[35mstderr[0m
[2025-06-23T21:45:48.191+0000] {docker.py:429} INFO - [2m2025-06-23T21:45:48.190412Z[0m [[32m[1minfo     [0m] [1m    value = self.callback(ctx, self, value)[0m [36mcmd_type[0m=[35melt[0m [36mname[0m=[35mmeltano[0m [36mrun_id[0m=[35m1faf1406-48d4-4e66-8e2d-3cef54850144[0m [36mstate_id[0m=[35m2025-06-23T214547--tap-csv--target-csv-csv[0m [36mstdio[0m=[35mstderr[0m
[2025-06-23T21:45:48.191+0000] {docker.py:429} INFO - [2m2025-06-23T21:45:48.190761Z[0m [[32m[1minfo     [0m] [1m  File "/opt/meltano/.meltano/extractors/tap-csv/venv/lib/python3.10/site-packages/singer_sdk/tap_base.py", line 555, in cb_discover[0m [36mcmd_type[0m=[35melt[0m [36mname[0m=[35mmeltano[0m [36mrun_id[0m=[35m1faf1406-48d4-4e66-8e2d-3cef54850144[0m [36mstate_id[0m=[35m2025-06-23T214547--tap-csv--target-csv-csv[0m [36mstdio[0m=[35mstderr[0m
[2025-06-23T21:45:48.192+0000] {docker.py:429} INFO - [2m2025-06-23T21:45:48.191055Z[0m [[32m[1minfo     [0m] [1m    tap.run_discovery()       [0m [36mcmd_type[0m=[35melt[0m [36mname[0m=[35mmeltano[0m [36mrun_id[0m=[35m1faf1406-48d4-4e66-8e2d-3cef54850144[0m [36mstate_id[0m=[35m2025-06-23T214547--tap-csv--target-csv-csv[0m [36mstdio[0m=[35mstderr[0m
[2025-06-23T21:45:48.192+0000] {docker.py:429} INFO - [2m2025-06-23T21:45:48.191364Z[0m [[32m[1minfo     [0m] [1m  File "/opt/meltano/.meltano/extractors/tap-csv/venv/lib/python3.10/site-packages/singer_sdk/tap_base.py", line 309, in run_discovery[0m [36mcmd_type[0m=[35melt[0m [36mname[0m=[35mmeltano[0m [36mrun_id[0m=[35m1faf1406-48d4-4e66-8e2d-3cef54850144[0m [36mstate_id[0m=[35m2025-06-23T214547--tap-csv--target-csv-csv[0m [36mstdio[0m=[35mstderr[0m
[2025-06-23T21:45:48.192+0000] {docker.py:429} INFO - [2m2025-06-23T21:45:48.191776Z[0m [[32m[1minfo     [0m] [1m    catalog_text = self.catalog_json_text[0m [36mcmd_type[0m=[35melt[0m [36mname[0m=[35mmeltano[0m [36mrun_id[0m=[35m1faf1406-48d4-4e66-8e2d-3cef54850144[0m [36mstate_id[0m=[35m2025-06-23T214547--tap-csv--target-csv-csv[0m [36mstdio[0m=[35mstderr[0m
[2025-06-23T21:45:48.193+0000] {docker.py:429} INFO - [2m2025-06-23T21:45:48.192137Z[0m [[32m[1minfo     [0m] [1m  File "/opt/meltano/.meltano/extractors/tap-csv/venv/lib/python3.10/site-packages/singer_sdk/tap_base.py", line 329, in catalog_json_text[0m [36mcmd_type[0m=[35melt[0m [36mname[0m=[35mmeltano[0m [36mrun_id[0m=[35m1faf1406-48d4-4e66-8e2d-3cef54850144[0m [36mstate_id[0m=[35m2025-06-23T214547--tap-csv--target-csv-csv[0m [36mstdio[0m=[35mstderr[0m
[2025-06-23T21:45:48.193+0000] {docker.py:429} INFO - [2m2025-06-23T21:45:48.192493Z[0m [[32m[1minfo     [0m] [1m    return dump_json(self.catalog_dict, indent=2)[0m [36mcmd_type[0m=[35melt[0m [36mname[0m=[35mmeltano[0m [36mrun_id[0m=[35m1faf1406-48d4-4e66-8e2d-3cef54850144[0m [36mstate_id[0m=[35m2025-06-23T214547--tap-csv--target-csv-csv[0m [36mstdio[0m=[35mstderr[0m
[2025-06-23T21:45:48.193+0000] {docker.py:429} INFO - [2m2025-06-23T21:45:48.192822Z[0m [[32m[1minfo     [0m] [1m  File "/opt/meltano/.meltano/extractors/tap-csv/venv/lib/python3.10/site-packages/singer_sdk/tap_base.py", line 320, in catalog_dict[0m [36mcmd_type[0m=[35melt[0m [36mname[0m=[35mmeltano[0m [36mrun_id[0m=[35m1faf1406-48d4-4e66-8e2d-3cef54850144[0m [36mstate_id[0m=[35m2025-06-23T214547--tap-csv--target-csv-csv[0m [36mstdio[0m=[35mstderr[0m
[2025-06-23T21:45:48.194+0000] {docker.py:429} INFO - [2m2025-06-23T21:45:48.193148Z[0m [[32m[1minfo     [0m] [1m    return t.cast("dict", self._singer_catalog.to_dict())[0m [36mcmd_type[0m=[35melt[0m [36mname[0m=[35mmeltano[0m [36mrun_id[0m=[35m1faf1406-48d4-4e66-8e2d-3cef54850144[0m [36mstate_id[0m=[35m2025-06-23T214547--tap-csv--target-csv-csv[0m [36mstdio[0m=[35mstderr[0m
[2025-06-23T21:45:48.194+0000] {docker.py:429} INFO - [2m2025-06-23T21:45:48.193677Z[0m [[32m[1minfo     [0m] [1m  File "/opt/meltano/.meltano/extractors/tap-csv/venv/lib/python3.10/site-packages/singer_sdk/tap_base.py", line 340, in _singer_catalog[0m [36mcmd_type[0m=[35melt[0m [36mname[0m=[35mmeltano[0m [36mrun_id[0m=[35m1faf1406-48d4-4e66-8e2d-3cef54850144[0m [36mstate_id[0m=[35m2025-06-23T214547--tap-csv--target-csv-csv[0m [36mstdio[0m=[35mstderr[0m
[2025-06-23T21:45:48.195+0000] {docker.py:429} INFO - [2m2025-06-23T21:45:48.194031Z[0m [[32m[1minfo     [0m] [1m    for stream in self.streams.values()[0m [36mcmd_type[0m=[35melt[0m [36mname[0m=[35mmeltano[0m [36mrun_id[0m=[35m1faf1406-48d4-4e66-8e2d-3cef54850144[0m [36mstate_id[0m=[35m2025-06-23T214547--tap-csv--target-csv-csv[0m [36mstdio[0m=[35mstderr[0m
[2025-06-23T21:45:48.195+0000] {docker.py:429} INFO - [2m2025-06-23T21:45:48.194602Z[0m [[32m[1minfo     [0m] [1m  File "/opt/meltano/.meltano/extractors/tap-csv/venv/lib/python3.10/site-packages/singer_sdk/tap_base.py", line 149, in streams[0m [36mcmd_type[0m=[35melt[0m [36mname[0m=[35mmeltano[0m [36mrun_id[0m=[35m1faf1406-48d4-4e66-8e2d-3cef54850144[0m [36mstate_id[0m=[35m2025-06-23T214547--tap-csv--target-csv-csv[0m [36mstdio[0m=[35mstderr[0m
[2m2025-06-23T21:45:48.194961Z[0m [[32m[1minfo     [0m] [1m    for stream in self.load_streams():[0m [36mcmd_type[0m=[35melt[0m [36mname[0m=[35mmeltano[0m [36mrun_id[0m=[35m1faf1406-48d4-4e66-8e2d-3cef54850144[0m [36mstate_id[0m=[35m2025-06-23T214547--tap-csv--target-csv-csv[0m [36mstdio[0m=[35mstderr[0m
[2025-06-23T21:45:48.196+0000] {docker.py:429} INFO - [2m2025-06-23T21:45:48.195354Z[0m [[32m[1minfo     [0m] [1m  File "/opt/meltano/.meltano/extractors/tap-csv/venv/lib/python3.10/site-packages/singer_sdk/tap_base.py", line 373, in load_streams[0m [36mcmd_type[0m=[35melt[0m [36mname[0m=[35mmeltano[0m [36mrun_id[0m=[35m1faf1406-48d4-4e66-8e2d-3cef54850144[0m [36mstate_id[0m=[35m2025-06-23T214547--tap-csv--target-csv-csv[0m [36mstdio[0m=[35mstderr[0m
[2025-06-23T21:45:48.197+0000] {docker.py:429} INFO - [2m2025-06-23T21:45:48.196326Z[0m [[32m[1minfo     [0m] [1m    for stream in self.discover_streams():[0m [36mcmd_type[0m=[35melt[0m [36mname[0m=[35mmeltano[0m [36mrun_id[0m=[35m1faf1406-48d4-4e66-8e2d-3cef54850144[0m [36mstate_id[0m=[35m2025-06-23T214547--tap-csv--target-csv-csv[0m [36mstdio[0m=[35mstderr[0m
[2025-06-23T21:45:48.197+0000] {docker.py:429} INFO - [2m2025-06-23T21:45:48.196844Z[0m [[32m[1minfo     [0m] [1m  File "/opt/meltano/.meltano/extractors/tap-csv/venv/lib/python3.10/site-packages/tap_csv/tap.py", line 89, in discover_streams[0m [36mcmd_type[0m=[35melt[0m [36mname[0m=[35mmeltano[0m [36mrun_id[0m=[35m1faf1406-48d4-4e66-8e2d-3cef54850144[0m [36mstate_id[0m=[35m2025-06-23T214547--tap-csv--target-csv-csv[0m [36mstdio[0m=[35mstderr[0m
[2025-06-23T21:45:48.198+0000] {docker.py:429} INFO - [2m2025-06-23T21:45:48.197619Z[0m [[32m[1minfo     [0m] [1m    return [                  [0m [36mcmd_type[0m=[35melt[0m [36mname[0m=[35mmeltano[0m [36mrun_id[0m=[35m1faf1406-48d4-4e66-8e2d-3cef54850144[0m [36mstate_id[0m=[35m2025-06-23T214547--tap-csv--target-csv-csv[0m [36mstdio[0m=[35mstderr[0m
[2025-06-23T21:45:48.199+0000] {docker.py:429} INFO - [2m2025-06-23T21:45:48.198276Z[0m [[32m[1minfo     [0m] [1m  File "/opt/meltano/.meltano/extractors/tap-csv/venv/lib/python3.10/site-packages/tap_csv/tap.py", line 90, in <listcomp>[0m [36mcmd_type[0m=[35melt[0m [36mname[0m=[35mmeltano[0m [36mrun_id[0m=[35m1faf1406-48d4-4e66-8e2d-3cef54850144[0m [36mstate_id[0m=[35m2025-06-23T214547--tap-csv--target-csv-csv[0m [36mstdio[0m=[35mstderr[0m
[2025-06-23T21:45:48.199+0000] {docker.py:429} INFO - [2m2025-06-23T21:45:48.198807Z[0m [[32m[1minfo     [0m] [1m    CSVStream(                [0m [36mcmd_type[0m=[35melt[0m [36mname[0m=[35mmeltano[0m [36mrun_id[0m=[35m1faf1406-48d4-4e66-8e2d-3cef54850144[0m [36mstate_id[0m=[35m2025-06-23T214547--tap-csv--target-csv-csv[0m [36mstdio[0m=[35mstderr[0m
[2025-06-23T21:45:48.200+0000] {docker.py:429} INFO - [2m2025-06-23T21:45:48.199279Z[0m [[32m[1minfo     [0m] [1m  File "/opt/meltano/.meltano/extractors/tap-csv/venv/lib/python3.10/site-packages/tap_csv/client.py", line 32, in __init__[0m [36mcmd_type[0m=[35melt[0m [36mname[0m=[35mmeltano[0m [36mrun_id[0m=[35m1faf1406-48d4-4e66-8e2d-3cef54850144[0m [36mstate_id[0m=[35m2025-06-23T214547--tap-csv--target-csv-csv[0m [36mstdio[0m=[35mstderr[0m
[2025-06-23T21:45:48.200+0000] {docker.py:429} INFO - [2m2025-06-23T21:45:48.199779Z[0m [[32m[1minfo     [0m] [1m    super().__init__(*args, **kwargs)[0m [36mcmd_type[0m=[35melt[0m [36mname[0m=[35mmeltano[0m [36mrun_id[0m=[35m1faf1406-48d4-4e66-8e2d-3cef54850144[0m [36mstate_id[0m=[35m2025-06-23T214547--tap-csv--target-csv-csv[0m [36mstdio[0m=[35mstderr[0m
[2025-06-23T21:45:48.200+0000] {docker.py:429} INFO - [2m2025-06-23T21:45:48.200142Z[0m [[32m[1minfo     [0m] [1m  File "/opt/meltano/.meltano/extractors/tap-csv/venv/lib/python3.10/site-packages/singer_sdk/streams/core.py", line 182, in __init__[0m [36mcmd_type[0m=[35melt[0m [36mname[0m=[35mmeltano[0m [36mrun_id[0m=[35m1faf1406-48d4-4e66-8e2d-3cef54850144[0m [36mstate_id[0m=[35m2025-06-23T214547--tap-csv--target-csv-csv[0m [36mstdio[0m=[35mstderr[0m
[2025-06-23T21:45:48.201+0000] {docker.py:429} INFO - [2m2025-06-23T21:45:48.200718Z[0m [[32m[1minfo     [0m] [1m    if not self.schema:       [0m [36mcmd_type[0m=[35melt[0m [36mname[0m=[35mmeltano[0m [36mrun_id[0m=[35m1faf1406-48d4-4e66-8e2d-3cef54850144[0m [36mstate_id[0m=[35m2025-06-23T214547--tap-csv--target-csv-csv[0m [36mstdio[0m=[35mstderr[0m
[2025-06-23T21:45:48.201+0000] {docker.py:429} INFO - [2m2025-06-23T21:45:48.201068Z[0m [[32m[1minfo     [0m] [1m  File "/usr/local/lib/python3.10/functools.py", line 981, in __get__[0m [36mcmd_type[0m=[35melt[0m [36mname[0m=[35mmeltano[0m [36mrun_id[0m=[35m1faf1406-48d4-4e66-8e2d-3cef54850144[0m [36mstate_id[0m=[35m2025-06-23T214547--tap-csv--target-csv-csv[0m [36mstdio[0m=[35mstderr[0m
[2025-06-23T21:45:48.202+0000] {docker.py:429} INFO - [2m2025-06-23T21:45:48.201528Z[0m [[32m[1minfo     [0m] [1m    val = self.func(instance) [0m [36mcmd_type[0m=[35melt[0m [36mname[0m=[35mmeltano[0m [36mrun_id[0m=[35m1faf1406-48d4-4e66-8e2d-3cef54850144[0m [36mstate_id[0m=[35m2025-06-23T214547--tap-csv--target-csv-csv[0m [36mstdio[0m=[35mstderr[0m
[2025-06-23T21:45:48.202+0000] {docker.py:429} INFO - [2m2025-06-23T21:45:48.201871Z[0m [[32m[1minfo     [0m] [1m  File "/opt/meltano/.meltano/extractors/tap-csv/venv/lib/python3.10/site-packages/tap_csv/client.py", line 137, in schema[0m [36mcmd_type[0m=[35melt[0m [36mname[0m=[35mmeltano[0m [36mrun_id[0m=[35m1faf1406-48d4-4e66-8e2d-3cef54850144[0m [36mstate_id[0m=[35m2025-06-23T214547--tap-csv--target-csv-csv[0m [36mstdio[0m=[35mstderr[0m
[2025-06-23T21:45:48.203+0000] {docker.py:429} INFO - [2m2025-06-23T21:45:48.202456Z[0m [[32m[1minfo     [0m] [1m    for file_path in self.get_file_paths():[0m [36mcmd_type[0m=[35melt[0m [36mname[0m=[35mmeltano[0m [36mrun_id[0m=[35m1faf1406-48d4-4e66-8e2d-3cef54850144[0m [36mstate_id[0m=[35m2025-06-23T214547--tap-csv--target-csv-csv[0m [36mstdio[0m=[35mstderr[0m
[2025-06-23T21:45:48.203+0000] {docker.py:429} INFO - [2m2025-06-23T21:45:48.202861Z[0m [[32m[1minfo     [0m] [1m  File "/opt/meltano/.meltano/extractors/tap-csv/venv/lib/python3.10/site-packages/tap_csv/client.py", line 82, in get_file_paths[0m [36mcmd_type[0m=[35melt[0m [36mname[0m=[35mmeltano[0m [36mrun_id[0m=[35m1faf1406-48d4-4e66-8e2d-3cef54850144[0m [36mstate_id[0m=[35m2025-06-23T214547--tap-csv--target-csv-csv[0m [36mstdio[0m=[35mstderr[0m
[2025-06-23T21:45:48.204+0000] {docker.py:429} INFO - [2m2025-06-23T21:45:48.203365Z[0m [[32m[1minfo     [0m] [1m    raise Exception(f"File path does not exist {file_path}")[0m [36mcmd_type[0m=[35melt[0m [36mname[0m=[35mmeltano[0m [36mrun_id[0m=[35m1faf1406-48d4-4e66-8e2d-3cef54850144[0m [36mstate_id[0m=[35m2025-06-23T214547--tap-csv--target-csv-csv[0m [36mstdio[0m=[35mstderr[0m
[2025-06-23T21:45:48.204+0000] {docker.py:429} INFO - [2m2025-06-23T21:45:48.203820Z[0m [[32m[1minfo     [0m] [1mException: File path does not exist /mnt/d/Downloads/order_details.csv[0m [36mcmd_type[0m=[35melt[0m [36mname[0m=[35mmeltano[0m [36mrun_id[0m=[35m1faf1406-48d4-4e66-8e2d-3cef54850144[0m [36mstate_id[0m=[35m2025-06-23T214547--tap-csv--target-csv-csv[0m [36mstdio[0m=[35mstderr[0m
[2025-06-23T21:45:48.205+0000] {docker.py:429} INFO - [2m2025-06-23T21:45:48.204574Z[0m [[32m[1minfo     [0m] [1m.                             [0m [36mcmd_type[0m=[35melt[0m [36mname[0m=[35mmeltano[0m [36mrun_id[0m=[35m1faf1406-48d4-4e66-8e2d-3cef54850144[0m [36mstate_id[0m=[35m2025-06-23T214547--tap-csv--target-csv-csv[0m [36mstdio[0m=[35mstderr[0m
[2025-06-23T21:45:48.205+0000] {docker.py:429} INFO - [2m2025-06-23T21:45:48.204968Z[0m [[32m[1minfo     [0m] [1mFor more detailed log messages re-run the command using 'meltano --log-level=debug ...' CLI flag.[0m [36mcmd_type[0m=[35melt[0m [36mname[0m=[35mmeltano[0m [36mrun_id[0m=[35m1faf1406-48d4-4e66-8e2d-3cef54850144[0m [36mstate_id[0m=[35m2025-06-23T214547--tap-csv--target-csv-csv[0m [36mstdio[0m=[35mstderr[0m
[2025-06-23T21:45:48.206+0000] {docker.py:429} INFO - [2m2025-06-23T21:45:48.205458Z[0m [[32m[1minfo     [0m] [1mNote that you can also check the generated log file at '/opt/meltano/.meltano/logs/elt/2025-06-23T214547--tap-csv--target-csv-csv/1faf1406-48d4-4e66-8e2d-3cef54850144/elt.log'.[0m [36mcmd_type[0m=[35melt[0m [36mname[0m=[35mmeltano[0m [36mrun_id[0m=[35m1faf1406-48d4-4e66-8e2d-3cef54850144[0m [36mstate_id[0m=[35m2025-06-23T214547--tap-csv--target-csv-csv[0m [36mstdio[0m=[35mstderr[0m
[2025-06-23T21:45:48.207+0000] {docker.py:429} INFO - [2m2025-06-23T21:45:48.206246Z[0m [[32m[1minfo     [0m] [1mFor more information on debugging and logging: https://docs.meltano.com/reference/command-line-interface#debugging[0m [36mcmd_type[0m=[35melt[0m [36mname[0m=[35mmeltano[0m [36mrun_id[0m=[35m1faf1406-48d4-4e66-8e2d-3cef54850144[0m [36mstate_id[0m=[35m2025-06-23T214547--tap-csv--target-csv-csv[0m [36mstdio[0m=[35mstderr[0m
[2025-06-23T21:45:48.221+0000] {docker.py:429} INFO - Need help fixing this problem? Visit http://melta.no/ for troubleshooting steps, or to
join our friendly Slack community.

ELT could not be completed: Cannot start extractor: Catalog discovery failed: command ['/opt/meltano/.meltano/extractors/tap-csv/venv/bin/tap-csv', '--config', '/opt/meltano/.meltano/run/elt/2025-06-23T214547--tap-csv--target-csv-csv/1faf1406-48d4-4e66-8e2d-3cef54850144/tap.4e9d1854-35f6-49f5-a393-55971747455d.config.json', '--discover'] returned 1 with stderr:
 Traceback (most recent call last):
  File "/opt/meltano/.meltano/extractors/tap-csv/venv/bin/tap-csv", line 8, in <module>
    sys.exit(TapCSV.cli())
  File "/opt/meltano/.meltano/extractors/tap-csv/venv/lib/python3.10/site-packages/click/core.py", line 1442, in __call__
    return self.main(*args, **kwargs)
  File "/opt/meltano/.meltano/extractors/tap-csv/venv/lib/python3.10/site-packages/click/core.py", line 1362, in main
    with self.make_context(prog_name, args, **extra) as ctx:
  File "/opt/meltano/.meltano/extractors/tap-csv/venv/lib/python3.10/site-packages/click/core.py", line 1186, in make_context
    self.parse_args(ctx, args)
  File "/opt/meltano/.meltano/extractors/tap-csv/venv/lib/python3.10/site-packages/click/core.py", line 1197, in parse_args
    value, args = param.handle_parse_result(ctx, opts, args)
  File "/opt/meltano/.meltano/extractors/tap-csv/venv/lib/python3.10/site-packages/click/core.py", line 2416, in handle_parse_result
    value = self.process_value(ctx, value)
  File "/opt/meltano/.meltano/extractors/tap-csv/venv/lib/python3.10/site-packages/click/core.py", line 2355, in process_value
    value = self.callback(ctx, self, value)
  File "/opt/meltano/.meltano/extractors/tap-csv/venv/lib/python3.10/site-packages/singer_sdk/tap_base.py", line 555, in cb_discover
    tap.run_discovery()
  File "/opt/meltano/.meltano/extractors/tap-csv/venv/lib/python3.10/site-packages/singer_sdk/tap_base.py", line 309, in run_discovery
    catalog_text = self.catalog_json_text
  File "/opt/meltano/.meltano/extractors/tap-csv/venv/lib/python3.10/site-packages/singer_sdk/tap_base.py", line 329, in catalog_json_text
    return dump_json(self.catalog_dict, indent=2)
  File "/opt/meltano/.meltano/extractors/tap-csv/venv/lib/python3.10/site-packages/singer_sdk/tap_base.py", line 320, in catalog_dict
    return t.cast("dict", self._singer_catalog.to_dict())
  File "/opt/meltano/.meltano/extractors/tap-csv/venv/lib/python3.10/site-packages/singer_sdk/tap_base.py", line 340, in _singer_catalog
    for stream in self.streams.values()
  File "/opt/meltano/.meltano/extractors/tap-csv/venv/lib/python3.10/site-packages/singer_sdk/tap_base.py", line 149, in streams
    for stream in self.load_streams():
  File "/opt/meltano/.meltano/extractors/tap-csv/venv/lib/python3.10/site-packages/singer_sdk/tap_base.py", line 373, in load_streams
    for stream in self.discover_streams():
  File "/opt/meltano/.meltano/extractors/tap-csv/venv/lib/python3.10/site-packages/tap_csv/tap.py", line 89, in discover_streams
    return [
  File "/opt/meltano/.meltano/extractors/tap-csv/venv/lib/python3.10/site-packages/tap_csv/tap.py", line 90, in <listcomp>
    CSVStream(
  File "/opt/meltano/.meltano/extractors/tap-csv/venv/lib/python3.10/site-packages/tap_csv/client.py", line 32, in __init__
    super().__init__(*args, **kwargs)
  File "/opt/meltano/.meltano/extractors/tap-csv/venv/lib/python3.10/site-packages/singer_sdk/streams/core.py", line 182, in __init__
    if not self.schema:
  File "/usr/local/lib/python3.10/functools.py", line 981, in __get__
    val = self.func(instance)
  File "/opt/meltano/.meltano/extractors/tap-csv/venv/lib/python3.10/site-packages/tap_csv/client.py", line 137, in schema
    for file_path in self.get_file_paths():
  File "/opt/meltano/.meltano/extractors/tap-csv/venv/lib/python3.10/site-packages/tap_csv/client.py", line 82, in get_file_paths
    raise Exception(f"File path does not exist {file_path}")
Exception: File path does not exist /mnt/d/Downloads/order_details.csv
.
For more detailed log messages re-run the command using 'meltano --log-level=debug ...' CLI flag.
Note that you can also check the generated log file at '/opt/meltano/.meltano/logs/elt/2025-06-23T214547--tap-csv--target-csv-csv/1faf1406-48d4-4e66-8e2d-3cef54850144/elt.log'.
For more information on debugging and logging: https://docs.meltano.com/reference/command-line-interface#debugging
[2025-06-23T21:45:49.336+0000] {taskinstance.py:2698} ERROR - Task failed with exception
Traceback (most recent call last):
  File "/home/airflow/.local/lib/python3.10/site-packages/airflow/models/taskinstance.py", line 433, in _execute_task
    result = execute_callable(context=context, **execute_callable_kwargs)
  File "/home/airflow/.local/lib/python3.10/site-packages/airflow/providers/docker/operators/docker.py", line 502, in execute
    return self._run_image()
  File "/home/airflow/.local/lib/python3.10/site-packages/airflow/providers/docker/operators/docker.py", line 376, in _run_image
    return self._run_image_with_mounts(self.mounts, add_tmp_variable=False)
  File "/home/airflow/.local/lib/python3.10/site-packages/airflow/providers/docker/operators/docker.py", line 437, in _run_image_with_mounts
    raise DockerContainerFailedException(f"Docker container failed: {result!r}", logs=log_lines)
airflow.providers.docker.exceptions.DockerContainerFailedException: Docker container failed: {'StatusCode': 1}
[2025-06-23T21:45:49.339+0000] {taskinstance.py:1138} INFO - Marking task as UP_FOR_RETRY. dag_id=northwind, task_id=extração_csv, execution_date=20250623T214515, start_date=20250623T214535, end_date=20250623T214549
[2025-06-23T21:45:49.350+0000] {standard_task_runner.py:107} ERROR - Failed to execute job 15 for task extração_csv (Docker container failed: {'StatusCode': 1}; 201)
[2025-06-23T21:45:49.365+0000] {local_task_job_runner.py:234} INFO - Task exited with return code 1
[2025-06-23T21:45:49.384+0000] {taskinstance.py:3280} INFO - 0 downstream tasks scheduled from follow-on schedule check
