[2025-07-10T14:42:37.309+0000] {taskinstance.py:1956} INFO - Dependencies all met for dep_context=non-requeueable deps ti=<TaskInstance: northwind.extração_csv manual__2025-07-10T14:42:06.250765+00:00 [queued]>
[2025-07-10T14:42:37.325+0000] {taskinstance.py:1956} INFO - Dependencies all met for dep_context=requeueable deps ti=<TaskInstance: northwind.extração_csv manual__2025-07-10T14:42:06.250765+00:00 [queued]>
[2025-07-10T14:42:37.326+0000] {taskinstance.py:2170} INFO - Starting attempt 1 of 2
[2025-07-10T14:42:37.352+0000] {taskinstance.py:2191} INFO - Executing <Task(DockerOperator): extração_csv> on 2025-07-10 14:42:06.250765+00:00
[2025-07-10T14:42:37.360+0000] {standard_task_runner.py:60} INFO - Started process 177 to run task
[2025-07-10T14:42:37.367+0000] {standard_task_runner.py:87} INFO - Running: ['***', 'tasks', 'run', 'northwind', 'extração_csv', 'manual__2025-07-10T14:42:06.250765+00:00', '--job-id', '78', '--raw', '--subdir', 'DAGS_FOLDER/northwind.py', '--cfg-path', '/tmp/tmpczpipl5s']
[2025-07-10T14:42:37.371+0000] {standard_task_runner.py:88} INFO - Job 78: Subtask extração_csv
[2025-07-10T14:42:37.443+0000] {task_command.py:423} INFO - Running <TaskInstance: northwind.extração_csv manual__2025-07-10T14:42:06.250765+00:00 [running]> on host 667b9929e01b
[2025-07-10T14:42:37.551+0000] {taskinstance.py:2480} INFO - Exporting env vars: AIRFLOW_CTX_DAG_EMAIL='lrbf@cin.ufpe.br' AIRFLOW_CTX_DAG_OWNER='***' AIRFLOW_CTX_DAG_ID='northwind' AIRFLOW_CTX_TASK_ID='extração_csv' AIRFLOW_CTX_EXECUTION_DATE='2025-07-10T14:42:06.250765+00:00' AIRFLOW_CTX_TRY_NUMBER='1' AIRFLOW_CTX_DAG_RUN_ID='manual__2025-07-10T14:42:06.250765+00:00'
[2025-07-10T14:42:37.626+0000] {docker.py:359} INFO - Starting docker container from image meltano:latest
[2025-07-10T14:42:38.196+0000] {docker.py:429} INFO - Running meltano install...
[2025-07-10T14:42:41.257+0000] {docker.py:429} INFO - [2m2025-07-10T14:42:41.256114Z[0m [[32m[1minfo     [0m] [1mInstalling 7 plugins          [0m
[2025-07-10T14:42:41.271+0000] {docker.py:429} INFO - [2m2025-07-10T14:42:41.271114Z[0m [[32m[1minfo     [0m] [1mInstalling extractor 'tap-postgres'[0m
[2025-07-10T14:42:41.308+0000] {docker.py:429} INFO - [2m2025-07-10T14:42:41.307665Z[0m [[32m[1minfo     [0m] [1mInstalling extractor 'tap-csv'[0m
[2025-07-10T14:42:41.339+0000] {docker.py:429} INFO - [2m2025-07-10T14:42:41.338655Z[0m [[32m[1minfo     [0m] [1mInstalling extractor 'tap-csv-latest'[0m
[2025-07-10T14:42:41.387+0000] {docker.py:429} INFO - [2m2025-07-10T14:42:41.386432Z[0m [[32m[1minfo     [0m] [1mInstalling loader 'target-postgres'[0m
[2025-07-10T14:42:41.441+0000] {docker.py:429} INFO - [2m2025-07-10T14:42:41.440744Z[0m [[32m[1minfo     [0m] [1mInstalling loader 'target-csv'[0m
[2025-07-10T14:42:41.502+0000] {docker.py:429} INFO - [2m2025-07-10T14:42:41.500971Z[0m [[32m[1minfo     [0m] [1mInstalling loader 'target-csv-postgres'[0m
[2025-07-10T14:42:41.597+0000] {docker.py:429} INFO - [2m2025-07-10T14:42:41.595053Z[0m [[32m[1minfo     [0m] [1mInstalling loader 'target-csv-csv'[0m
[2025-07-10T14:42:43.398+0000] {docker.py:429} INFO - [2m2025-07-10T14:42:43.398119Z[0m [[32m[1minfo     [0m] [1mInstalled extractor 'tap-postgres'[0m
[2025-07-10T14:42:43.518+0000] {docker.py:429} INFO - [2m2025-07-10T14:42:43.517511Z[0m [[32m[1minfo     [0m] [1mInstalled loader 'target-postgres'[0m
[2025-07-10T14:42:49.175+0000] {docker.py:429} INFO - [2m2025-07-10T14:42:49.174690Z[0m [[32m[1minfo     [0m] [1mInstalled extractor 'tap-csv-latest'[0m
[2025-07-10T14:42:49.271+0000] {docker.py:429} INFO - [2m2025-07-10T14:42:49.270068Z[0m [[32m[1minfo     [0m] [1mInstalled extractor 'tap-csv' [0m
[2025-07-10T14:42:50.682+0000] {docker.py:429} INFO - [2m2025-07-10T14:42:50.681435Z[0m [[32m[1minfo     [0m] [1mInstalled loader 'target-csv' [0m
[2025-07-10T14:42:50.999+0000] {docker.py:429} INFO - [2m2025-07-10T14:42:50.996754Z[0m [[32m[1minfo     [0m] [1mInstalled loader 'target-csv-csv'[0m
[2025-07-10T14:42:51.383+0000] {docker.py:429} INFO - [2m2025-07-10T14:42:51.381248Z[0m [[32m[1minfo     [0m] [1mInstalled loader 'target-csv-postgres'[0m
[2025-07-10T14:42:51.387+0000] {docker.py:429} INFO - [2m2025-07-10T14:42:51.382539Z[0m [[32m[1minfo     [0m] [1mInstalled 7/7 plugins         [0m
[2025-07-10T14:42:52.493+0000] {docker.py:429} INFO - Meltano install completed. Executing command: meltano el tap-csv target-csv-csv
[2025-07-10T14:42:54.586+0000] {docker.py:429} INFO - [2m2025-07-10T14:42:54.585912Z[0m [[32m[1minfo     [0m] [1mEnvironment 'dev' is active   [0m
[2025-07-10T14:42:55.210+0000] {docker.py:429} INFO - [2m2025-07-10T14:42:55.209151Z[0m [[32m[1minfo     [0m] [1mRunning extract & load...     [0m [36mname[0m=[35mmeltano[0m [36mrun_id[0m=[35me9f3a81d-75e0-4f8e-8914-3793c3c8de05[0m [36mstate_id[0m=[35m2025-07-10T144254--tap-csv--target-csv-csv[0m
[2025-07-10T14:42:57.347+0000] {docker.py:429} INFO - [2m2025-07-10T14:42:57.346217Z[0m [[32m[1minfo     [0m] [1mINFO Sending version information to singer.io. To disable sending anonymous usage data, set the config parameter "disable_collection" to true[0m [36mcmd_type[0m=[35mloader[0m [36mname[0m=[35mtarget-csv-csv[0m [36mrun_id[0m=[35me9f3a81d-75e0-4f8e-8914-3793c3c8de05[0m [36mstate_id[0m=[35m2025-07-10T144254--tap-csv--target-csv-csv[0m [36mstdio[0m=[35mstderr[0m
[2025-07-10T14:42:57.799+0000] {docker.py:429} INFO - [2m2025-07-10T14:42:57.797924Z[0m [[32m[1minfo     [0m] [1m/opt/meltano/.meltano/extractors/tap-csv/venv/lib/python3.9/site-packages/singer_sdk/tap_base.py:516: SingerSDKDeprecationWarning: Passing a catalog file path is deprecated. Please pass the catalog as a dictionary or Catalog object instead.[0m [36mcmd_type[0m=[35mextractor[0m [36mname[0m=[35mtap-csv[0m [36mrun_id[0m=[35me9f3a81d-75e0-4f8e-8914-3793c3c8de05[0m [36mstate_id[0m=[35m2025-07-10T144254--tap-csv--target-csv-csv[0m [36mstdio[0m=[35mstderr[0m
[2025-07-10T14:42:57.800+0000] {docker.py:429} INFO - [2m2025-07-10T14:42:57.798993Z[0m [[32m[1minfo     [0m] [1m  tap = cls(                  [0m [36mcmd_type[0m=[35mextractor[0m [36mname[0m=[35mtap-csv[0m [36mrun_id[0m=[35me9f3a81d-75e0-4f8e-8914-3793c3c8de05[0m [36mstate_id[0m=[35m2025-07-10T144254--tap-csv--target-csv-csv[0m [36mstdio[0m=[35mstderr[0m
[2025-07-10T14:42:57.800+0000] {docker.py:429} INFO - [2m2025-07-10T14:42:57.799439Z[0m [[32m[1minfo     [0m] [1m                              [0m [36mcmd_type[0m=[35mextractor[0m [36mname[0m=[35mtap-csv[0m [36mrun_id[0m=[35me9f3a81d-75e0-4f8e-8914-3793c3c8de05[0m [36mstate_id[0m=[35m2025-07-10T144254--tap-csv--target-csv-csv[0m [36mstdio[0m=[35mstderr[0m
[2025-07-10T14:42:57.800+0000] {docker.py:429} INFO - [2m2025-07-10T14:42:57.799819Z[0m [[32m[1minfo     [0m] [1mBeginning full_table sync of 'order_details'...[0m [36mcmd_type[0m=[35mextractor[0m [36mname[0m=[35mtap-csv[0m [36mrun_id[0m=[35me9f3a81d-75e0-4f8e-8914-3793c3c8de05[0m [36mstate_id[0m=[35m2025-07-10T144254--tap-csv--target-csv-csv[0m [36mstdio[0m=[35mstderr[0m
[2025-07-10T14:42:57.801+0000] {docker.py:429} INFO - [2m2025-07-10T14:42:57.800095Z[0m [[32m[1minfo     [0m] [1mTap has custom mapper. Using 1 provided map(s).[0m [36mcmd_type[0m=[35mextractor[0m [36mname[0m=[35mtap-csv[0m [36mrun_id[0m=[35me9f3a81d-75e0-4f8e-8914-3793c3c8de05[0m [36mstate_id[0m=[35m2025-07-10T144254--tap-csv--target-csv-csv[0m [36mstdio[0m=[35mstderr[0m
[2025-07-10T14:42:58.094+0000] {docker.py:429} INFO - [2m2025-07-10T14:42:58.093217Z[0m [[32m[1minfo     [0m] [1mMETRIC: {"type": "timer", "metric": "sync_duration", "value": 0.29325199127197266, "tags": {"stream": "order_details", "pid": 176, "context": {}, "status": "succeeded"}}[0m [36mcmd_type[0m=[35mextractor[0m [36mname[0m=[35mtap-csv[0m [36mrun_id[0m=[35me9f3a81d-75e0-4f8e-8914-3793c3c8de05[0m [36mstate_id[0m=[35m2025-07-10T144254--tap-csv--target-csv-csv[0m [36mstdio[0m=[35mstderr[0m
[2025-07-10T14:42:58.095+0000] {docker.py:429} INFO - [2m2025-07-10T14:42:58.093874Z[0m [[32m[1minfo     [0m] [1mMETRIC: {"type": "counter", "metric": "record_count", "value": 2155, "tags": {"stream": "order_details", "pid": 176, "context": {}}}[0m [36mcmd_type[0m=[35mextractor[0m [36mname[0m=[35mtap-csv[0m [36mrun_id[0m=[35me9f3a81d-75e0-4f8e-8914-3793c3c8de05[0m [36mstate_id[0m=[35m2025-07-10T144254--tap-csv--target-csv-csv[0m [36mstdio[0m=[35mstderr[0m
[2025-07-10T14:42:58.255+0000] {docker.py:429} INFO - [2m2025-07-10T14:42:58.254199Z[0m [[32m[1minfo     [0m] [1mUsing systemdb state backend  [0m
[2025-07-10T14:42:58.271+0000] {docker.py:429} INFO - [2m2025-07-10T14:42:58.270621Z[0m [[32m[1minfo     [0m] [1mIncremental state has been updated at 2025-07-10 14:42:58.270569+00:00.[0m
[2025-07-10T14:42:58.274+0000] {docker.py:429} INFO - [2m2025-07-10T14:42:58.273245Z[0m [[32m[1minfo     [0m] [1mExtract & load complete!      [0m [36mname[0m=[35mmeltano[0m [36mrun_id[0m=[35me9f3a81d-75e0-4f8e-8914-3793c3c8de05[0m [36mstate_id[0m=[35m2025-07-10T144254--tap-csv--target-csv-csv[0m
[2025-07-10T14:42:58.276+0000] {docker.py:429} INFO - [2m2025-07-10T14:42:58.273931Z[0m [[32m[1minfo     [0m] [1mTransformation skipped.       [0m [36mname[0m=[35mmeltano[0m [36mrun_id[0m=[35me9f3a81d-75e0-4f8e-8914-3793c3c8de05[0m [36mstate_id[0m=[35m2025-07-10T144254--tap-csv--target-csv-csv[0m
[2025-07-10T14:42:59.906+0000] {taskinstance.py:1138} INFO - Marking task as SUCCESS. dag_id=northwind, task_id=extração_csv, execution_date=20250710T144206, start_date=20250710T144237, end_date=20250710T144259
[2025-07-10T14:42:59.967+0000] {local_task_job_runner.py:234} INFO - Task exited with return code 0
[2025-07-10T14:43:00.022+0000] {taskinstance.py:3280} INFO - 1 downstream tasks scheduled from follow-on schedule check
