[2025-06-25T22:52:37.313+0000] {taskinstance.py:1956} INFO - Dependencies all met for dep_context=non-requeueable deps ti=<TaskInstance: northwind.gerar_config_csv_dinamica manual__2025-06-25T22:44:12.258671+00:00 [queued]>
[2025-06-25T22:52:37.347+0000] {taskinstance.py:1956} INFO - Dependencies all met for dep_context=requeueable deps ti=<TaskInstance: northwind.gerar_config_csv_dinamica manual__2025-06-25T22:44:12.258671+00:00 [queued]>
[2025-06-25T22:52:37.348+0000] {taskinstance.py:2170} INFO - Starting attempt 2 of 2
[2025-06-25T22:52:37.383+0000] {taskinstance.py:2191} INFO - Executing <Task(DockerOperator): gerar_config_csv_dinamica> on 2025-06-25 22:44:12.258671+00:00
[2025-06-25T22:52:37.402+0000] {standard_task_runner.py:60} INFO - Started process 288 to run task
[2025-06-25T22:52:37.436+0000] {standard_task_runner.py:87} INFO - Running: ['***', 'tasks', 'run', 'northwind', 'gerar_config_csv_dinamica', 'manual__2025-06-25T22:44:12.258671+00:00', '--job-id', '235', '--raw', '--subdir', 'DAGS_FOLDER/dag.py', '--cfg-path', '/tmp/tmpk0wueeuq']
[2025-06-25T22:52:37.457+0000] {standard_task_runner.py:88} INFO - Job 235: Subtask gerar_config_csv_dinamica
[2025-06-25T22:52:37.686+0000] {task_command.py:423} INFO - Running <TaskInstance: northwind.gerar_config_csv_dinamica manual__2025-06-25T22:44:12.258671+00:00 [running]> on host 6afc1f3750fb
[2025-06-25T22:52:37.939+0000] {taskinstance.py:2480} INFO - Exporting env vars: AIRFLOW_CTX_DAG_EMAIL='lrbf@cin.ufpe.br' AIRFLOW_CTX_DAG_OWNER='***' AIRFLOW_CTX_DAG_ID='northwind' AIRFLOW_CTX_TASK_ID='gerar_config_csv_dinamica' AIRFLOW_CTX_EXECUTION_DATE='2025-06-25T22:44:12.258671+00:00' AIRFLOW_CTX_TRY_NUMBER='2' AIRFLOW_CTX_DAG_RUN_ID='manual__2025-06-25T22:44:12.258671+00:00'
[2025-06-25T22:52:38.887+0000] {docker.py:359} INFO - Starting docker container from image meltano:latest
[2025-06-25T22:52:38.244+0000] {docker.py:429} INFO - Running meltano install...
[2025-06-25T22:52:43.997+0000] {docker.py:429} INFO - [2m2025-06-25T22:52:43.995571Z[0m [[32m[1minfo     [0m] [1mInstalling 7 plugins          [0m
[2025-06-25T22:52:44.031+0000] {docker.py:429} INFO - [2m2025-06-25T22:52:44.029852Z[0m [[32m[1minfo     [0m] [1mInstalling extractor 'tap-postgres'[0m
[2025-06-25T22:52:44.069+0000] {docker.py:429} INFO - [2m2025-06-25T22:52:44.068155Z[0m [[32m[1minfo     [0m] [1mInstalling extractor 'tap-csv'[0m
[2025-06-25T22:52:44.102+0000] {docker.py:429} INFO - [2m2025-06-25T22:52:44.101825Z[0m [[32m[1minfo     [0m] [1mInstalling extractor 'tap-csv-latest'[0m
[2025-06-25T22:52:44.130+0000] {docker.py:429} INFO - [2m2025-06-25T22:52:44.129460Z[0m [[32m[1minfo     [0m] [1mInstalling loader 'target-postgres'[0m
[2025-06-25T22:52:44.165+0000] {docker.py:429} INFO - [2m2025-06-25T22:52:44.164293Z[0m [[32m[1minfo     [0m] [1mInstalling loader 'target-csv'[0m
[2025-06-25T22:52:44.195+0000] {docker.py:429} INFO - [2m2025-06-25T22:52:44.194837Z[0m [[32m[1minfo     [0m] [1mInstalling loader 'target-csv-postgres'[0m
[2025-06-25T22:52:44.226+0000] {docker.py:429} INFO - [2m2025-06-25T22:52:44.224930Z[0m [[32m[1minfo     [0m] [1mInstalling loader 'target-csv-csv'[0m
[2025-06-25T22:52:46.725+0000] {docker.py:429} INFO - [2m2025-06-25T22:52:46.723803Z[0m [[32m[1minfo     [0m] [1mInstalled extractor 'tap-postgres'[0m
[2025-06-25T22:52:46.726+0000] {docker.py:429} INFO - [2m2025-06-25T22:52:46.725142Z[0m [[32m[1minfo     [0m] [1mInstalled loader 'target-postgres'[0m
[2025-06-25T22:52:59.798+0000] {docker.py:429} INFO - [2m2025-06-25T22:52:59.797530Z[0m [[32m[1minfo     [0m] [1mInstalled extractor 'tap-csv' [0m
[2025-06-25T22:53:00.486+0000] {docker.py:429} INFO - [2m2025-06-25T22:53:00.485190Z[0m [[32m[1minfo     [0m] [1mInstalled extractor 'tap-csv-latest'[0m
[2025-06-25T22:53:00.774+0000] {docker.py:429} INFO - [2m2025-06-25T22:53:00.772682Z[0m [[32m[1minfo     [0m] [1mInstalled loader 'target-csv-postgres'[0m
[2025-06-25T22:53:02.195+0000] {docker.py:429} INFO - [2m2025-06-25T22:53:02.194575Z[0m [[32m[1minfo     [0m] [1mInstalled loader 'target-csv' [0m
[2025-06-25T22:53:03.433+0000] {docker.py:429} INFO - [2m2025-06-25T22:53:03.431485Z[0m [[32m[1minfo     [0m] [1mInstalled loader 'target-csv-csv'[0m
[2025-06-25T22:53:03.433+0000] {docker.py:429} INFO - [2m2025-06-25T22:53:03.432343Z[0m [[32m[1minfo     [0m] [1mInstalled 7/7 plugins         [0m
[2025-06-25T22:53:04.969+0000] {docker.py:429} INFO - Meltano install completed. Executing command: python /opt/meltano/scripts/generate_tap_csv_config.py { ds }
[2025-06-25T22:54:25.966+0000] {docker.py:429} INFO - DEBUG (Tentativa 1/5): Arquivo não encontrado para 'order_details' em '/opt/output_data/csv/order_details/{ ds }/file.csv'. Aguardando 2s...
DEBUG (Tentativa 2/5): Arquivo não encontrado para 'order_details' em '/opt/output_data/csv/order_details/{ ds }/file.csv'. Aguardando 2s...
DEBUG (Tentativa 3/5): Arquivo não encontrado para 'order_details' em '/opt/output_data/csv/order_details/{ ds }/file.csv'. Aguardando 2s...
DEBUG (Tentativa 4/5): Arquivo não encontrado para 'order_details' em '/opt/output_data/csv/order_details/{ ds }/file.csv'. Aguardando 2s...
DEBUG (Tentativa 5/5): Arquivo não encontrado para 'order_details' em '/opt/output_data/csv/order_details/{ ds }/file.csv'. Aguardando 2s...
AVISO: Após 5 tentativas, arquivo 'file.csv' NÃO ENCONTRADO em '/opt/output_data/csv/order_details/{ ds }/file.csv' para 'order_details'. Pulando esta entidade.
DEBUG (Tentativa 1/5): Arquivo não encontrado para 'public-categories' em '/opt/output_data/postgres/public-categories/{ ds }/file.csv'. Aguardando 2s...
DEBUG (Tentativa 2/5): Arquivo não encontrado para 'public-categories' em '/opt/output_data/postgres/public-categories/{ ds }/file.csv'. Aguardando 2s...
DEBUG (Tentativa 3/5): Arquivo não encontrado para 'public-categories' em '/opt/output_data/postgres/public-categories/{ ds }/file.csv'. Aguardando 2s...
DEBUG (Tentativa 4/5): Arquivo não encontrado para 'public-categories' em '/opt/output_data/postgres/public-categories/{ ds }/file.csv'. Aguardando 2s...
DEBUG (Tentativa 5/5): Arquivo não encontrado para 'public-categories' em '/opt/output_data/postgres/public-categories/{ ds }/file.csv'. Aguardando 2s...
AVISO: Após 5 tentativas, arquivo 'file.csv' NÃO ENCONTRADO em '/opt/output_data/postgres/public-categories/{ ds }/file.csv' para 'public-categories'. Pulando esta entidade.
DEBUG (Tentativa 1/5): Arquivo não encontrado para 'public-products' em '/opt/output_data/postgres/public-products/{ ds }/file.csv'. Aguardando 2s...
DEBUG (Tentativa 2/5): Arquivo não encontrado para 'public-products' em '/opt/output_data/postgres/public-products/{ ds }/file.csv'. Aguardando 2s...
DEBUG (Tentativa 3/5): Arquivo não encontrado para 'public-products' em '/opt/output_data/postgres/public-products/{ ds }/file.csv'. Aguardando 2s...
DEBUG (Tentativa 4/5): Arquivo não encontrado para 'public-products' em '/opt/output_data/postgres/public-products/{ ds }/file.csv'. Aguardando 2s...
DEBUG (Tentativa 5/5): Arquivo não encontrado para 'public-products' em '/opt/output_data/postgres/public-products/{ ds }/file.csv'. Aguardando 2s...
AVISO: Após 5 tentativas, arquivo 'file.csv' NÃO ENCONTRADO em '/opt/output_data/postgres/public-products/{ ds }/file.csv' para 'public-products'. Pulando esta entidade.
DEBUG (Tentativa 1/5): Arquivo não encontrado para 'public-suppliers' em '/opt/output_data/postgres/public-suppliers/{ ds }/file.csv'. Aguardando 2s...
DEBUG (Tentativa 2/5): Arquivo não encontrado para 'public-suppliers' em '/opt/output_data/postgres/public-suppliers/{ ds }/file.csv'. Aguardando 2s...
DEBUG (Tentativa 3/5): Arquivo não encontrado para 'public-suppliers' em '/opt/output_data/postgres/public-suppliers/{ ds }/file.csv'. Aguardando 2s...
DEBUG (Tentativa 4/5): Arquivo não encontrado para 'public-suppliers' em '/opt/output_data/postgres/public-suppliers/{ ds }/file.csv'. Aguardando 2s...
DEBUG (Tentativa 5/5): Arquivo não encontrado para 'public-suppliers' em '/opt/output_data/postgres/public-suppliers/{ ds }/file.csv'. Aguardando 2s...
AVISO: Após 5 tentativas, arquivo 'file.csv' NÃO ENCONTRADO em '/opt/output_data/postgres/public-suppliers/{ ds }/file.csv' para 'public-suppliers'. Pulando esta entidade.
DEBUG (Tentativa 1/5): Arquivo não encontrado para 'public-orders' em '/opt/output_data/postgres/public-orders/{ ds }/file.csv'. Aguardando 2s...
DEBUG (Tentativa 2/5): Arquivo não encontrado para 'public-orders' em '/opt/output_data/postgres/public-orders/{ ds }/file.csv'. Aguardando 2s...
DEBUG (Tentativa 3/5): Arquivo não encontrado para 'public-orders' em '/opt/output_data/postgres/public-orders/{ ds }/file.csv'. Aguardando 2s...
DEBUG (Tentativa 4/5): Arquivo não encontrado para 'public-orders' em '/opt/output_data/postgres/public-orders/{ ds }/file.csv'. Aguardando 2s...
DEBUG (Tentativa 5/5): Arquivo não encontrado para 'public-orders' em '/opt/output_data/postgres/public-orders/{ ds }/file.csv'. Aguardando 2s...
AVISO: Após 5 tentativas, arquivo 'file.csv' NÃO ENCONTRADO em '/opt/output_data/postgres/public-orders/{ ds }/file.csv' para 'public-orders'. Pulando esta entidade.
DEBUG (Tentativa 1/5): Arquivo não encontrado para 'public-customers' em '/opt/output_data/postgres/public-customers/{ ds }/file.csv'. Aguardando 2s...
DEBUG (Tentativa 2/5): Arquivo não encontrado para 'public-customers' em '/opt/output_data/postgres/public-customers/{ ds }/file.csv'. Aguardando 2s...
DEBUG (Tentativa 3/5): Arquivo não encontrado para 'public-customers' em '/opt/output_data/postgres/public-customers/{ ds }/file.csv'. Aguardando 2s...
DEBUG (Tentativa 4/5): Arquivo não encontrado para 'public-customers' em '/opt/output_data/postgres/public-customers/{ ds }/file.csv'. Aguardando 2s...
DEBUG (Tentativa 5/5): Arquivo não encontrado para 'public-customers' em '/opt/output_data/postgres/public-customers/{ ds }/file.csv'. Aguardando 2s...
AVISO: Após 5 tentativas, arquivo 'file.csv' NÃO ENCONTRADO em '/opt/output_data/postgres/public-customers/{ ds }/file.csv' para 'public-customers'. Pulando esta entidade.
DEBUG (Tentativa 1/5): Arquivo não encontrado para 'public-employees' em '/opt/output_data/postgres/public-employees/{ ds }/file.csv'. Aguardando 2s...
DEBUG (Tentativa 2/5): Arquivo não encontrado para 'public-employees' em '/opt/output_data/postgres/public-employees/{ ds }/file.csv'. Aguardando 2s...
DEBUG (Tentativa 3/5): Arquivo não encontrado para 'public-employees' em '/opt/output_data/postgres/public-employees/{ ds }/file.csv'. Aguardando 2s...
DEBUG (Tentativa 4/5): Arquivo não encontrado para 'public-employees' em '/opt/output_data/postgres/public-employees/{ ds }/file.csv'. Aguardando 2s...
DEBUG (Tentativa 5/5): Arquivo não encontrado para 'public-employees' em '/opt/output_data/postgres/public-employees/{ ds }/file.csv'. Aguardando 2s...
AVISO: Após 5 tentativas, arquivo 'file.csv' NÃO ENCONTRADO em '/opt/output_data/postgres/public-employees/{ ds }/file.csv' para 'public-employees'. Pulando esta entidade.
DEBUG (Tentativa 1/5): Arquivo não encontrado para 'public-employee_territories' em '/opt/output_data/postgres/public-employee_territories/{ ds }/file.csv'. Aguardando 2s...
DEBUG (Tentativa 2/5): Arquivo não encontrado para 'public-employee_territories' em '/opt/output_data/postgres/public-employee_territories/{ ds }/file.csv'. Aguardando 2s...
DEBUG (Tentativa 3/5): Arquivo não encontrado para 'public-employee_territories' em '/opt/output_data/postgres/public-employee_territories/{ ds }/file.csv'. Aguardando 2s...
DEBUG (Tentativa 4/5): Arquivo não encontrado para 'public-employee_territories' em '/opt/output_data/postgres/public-employee_territories/{ ds }/file.csv'. Aguardando 2s...
DEBUG (Tentativa 5/5): Arquivo não encontrado para 'public-employee_territories' em '/opt/output_data/postgres/public-employee_territories/{ ds }/file.csv'. Aguardando 2s...
AVISO: Após 5 tentativas, arquivo 'file.csv' NÃO ENCONTRADO em '/opt/output_data/postgres/public-employee_territories/{ ds }/file.csv' para 'public-employee_territories'. Pulando esta entidade.
DEBUG (Tentativa 1/5): Arquivo não encontrado para 'public-territories' em '/opt/output_data/postgres/public-territories/{ ds }/file.csv'. Aguardando 2s...
DEBUG (Tentativa 2/5): Arquivo não encontrado para 'public-territories' em '/opt/output_data/postgres/public-territories/{ ds }/file.csv'. Aguardando 2s...
DEBUG (Tentativa 3/5): Arquivo não encontrado para 'public-territories' em '/opt/output_data/postgres/public-territories/{ ds }/file.csv'. Aguardando 2s...
DEBUG (Tentativa 4/5): Arquivo não encontrado para 'public-territories' em '/opt/output_data/postgres/public-territories/{ ds }/file.csv'. Aguardando 2s...
[2025-06-25T22:54:55.562+0000] {docker.py:429} INFO - AVISO (Stdout): A lista de arquivos CSV gerada para carga está vazia. Nenhuma tabela será carregada.
[2025-06-25T22:54:55.563+0000] {docker.py:429} INFO - DEBUG (Tentativa 5/5): Arquivo não encontrado para 'public-territories' em '/opt/output_data/postgres/public-territories/{ ds }/file.csv'. Aguardando 2s...
AVISO: Após 5 tentativas, arquivo 'file.csv' NÃO ENCONTRADO em '/opt/output_data/postgres/public-territories/{ ds }/file.csv' para 'public-territories'. Pulando esta entidade.
DEBUG (Tentativa 1/5): Arquivo não encontrado para 'public-region' em '/opt/output_data/postgres/public-region/{ ds }/file.csv'. Aguardando 2s...
DEBUG (Tentativa 2/5): Arquivo não encontrado para 'public-region' em '/opt/output_data/postgres/public-region/{ ds }/file.csv'. Aguardando 2s...
DEBUG (Tentativa 3/5): Arquivo não encontrado para 'public-region' em '/opt/output_data/postgres/public-region/{ ds }/file.csv'. Aguardando 2s...
DEBUG (Tentativa 4/5): Arquivo não encontrado para 'public-region' em '/opt/output_data/postgres/public-region/{ ds }/file.csv'. Aguardando 2s...
DEBUG (Tentativa 5/5): Arquivo não encontrado para 'public-region' em '/opt/output_data/postgres/public-region/{ ds }/file.csv'. Aguardando 2s...
AVISO: Após 5 tentativas, arquivo 'file.csv' NÃO ENCONTRADO em '/opt/output_data/postgres/public-region/{ ds }/file.csv' para 'public-region'. Pulando esta entidade.
DEBUG (Tentativa 1/5): Arquivo não encontrado para 'public-shippers' em '/opt/output_data/postgres/public-shippers/{ ds }/file.csv'. Aguardando 2s...
DEBUG (Tentativa 2/5): Arquivo não encontrado para 'public-shippers' em '/opt/output_data/postgres/public-shippers/{ ds }/file.csv'. Aguardando 2s...
DEBUG (Tentativa 3/5): Arquivo não encontrado para 'public-shippers' em '/opt/output_data/postgres/public-shippers/{ ds }/file.csv'. Aguardando 2s...
DEBUG (Tentativa 4/5): Arquivo não encontrado para 'public-shippers' em '/opt/output_data/postgres/public-shippers/{ ds }/file.csv'. Aguardando 2s...
DEBUG (Tentativa 5/5): Arquivo não encontrado para 'public-shippers' em '/opt/output_data/postgres/public-shippers/{ ds }/file.csv'. Aguardando 2s...
AVISO: Após 5 tentativas, arquivo 'file.csv' NÃO ENCONTRADO em '/opt/output_data/postgres/public-shippers/{ ds }/file.csv' para 'public-shippers'. Pulando esta entidade.
DEBUG (Tentativa 1/5): Arquivo não encontrado para 'public-us_states' em '/opt/output_data/postgres/public-us_states/{ ds }/file.csv'. Aguardando 2s...
DEBUG (Tentativa 2/5): Arquivo não encontrado para 'public-us_states' em '/opt/output_data/postgres/public-us_states/{ ds }/file.csv'. Aguardando 2s...
DEBUG (Tentativa 3/5): Arquivo não encontrado para 'public-us_states' em '/opt/output_data/postgres/public-us_states/{ ds }/file.csv'. Aguardando 2s...
DEBUG (Tentativa 4/5): Arquivo não encontrado para 'public-us_states' em '/opt/output_data/postgres/public-us_states/{ ds }/file.csv'. Aguardando 2s...
DEBUG (Tentativa 5/5): Arquivo não encontrado para 'public-us_states' em '/opt/output_data/postgres/public-us_states/{ ds }/file.csv'. Aguardando 2s...
AVISO: Após 5 tentativas, arquivo 'file.csv' NÃO ENCONTRADO em '/opt/output_data/postgres/public-us_states/{ ds }/file.csv' para 'public-us_states'. Pulando esta entidade.
{"files": []}
[2025-06-25T22:54:56.356+0000] {taskinstance.py:2698} ERROR - Task failed with exception
Traceback (most recent call last):
  File "/home/airflow/.local/lib/python3.10/site-packages/airflow/models/taskinstance.py", line 433, in _execute_task
    result = execute_callable(context=context, **execute_callable_kwargs)
  File "/home/airflow/.local/lib/python3.10/site-packages/airflow/providers/docker/operators/docker.py", line 502, in execute
    return self._run_image()
  File "/home/airflow/.local/lib/python3.10/site-packages/airflow/providers/docker/operators/docker.py", line 376, in _run_image
    return self._run_image_with_mounts(self.mounts, add_tmp_variable=False)
  File "/home/airflow/.local/lib/python3.10/site-packages/airflow/providers/docker/operators/docker.py", line 437, in _run_image_with_mounts
    raise DockerContainerFailedException(f"Docker container failed: {result!r}", logs=log_lines)
airflow.providers.docker.exceptions.DockerContainerFailedException: Docker container failed: {'StatusCode': 1}
[2025-06-25T22:54:56.375+0000] {taskinstance.py:1138} INFO - Marking task as FAILED. dag_id=northwind, task_id=gerar_config_csv_dinamica, execution_date=20250625T224412, start_date=20250625T225237, end_date=20250625T225456
[2025-06-25T22:54:56.549+0000] {logging_mixin.py:188} WARNING - /home/***/.local/lib/python3.10/site-packages/***/utils/email.py:154 RemovedInAirflow3Warning: Fetching SMTP credentials from configuration variables will be deprecated in a future release. Please set credentials using a connection instead.
[2025-06-25T22:54:56.550+0000] {configuration.py:1046} WARNING - section/key [smtp/smtp_user] not found in config
[2025-06-25T22:54:56.550+0000] {email.py:270} INFO - Email alerting: attempt 1
[2025-06-25T22:54:56.577+0000] {configuration.py:1046} WARNING - section/key [smtp/smtp_user] not found in config
[2025-06-25T22:54:56.578+0000] {email.py:270} INFO - Email alerting: attempt 1
[2025-06-25T22:54:56.579+0000] {taskinstance.py:826} ERROR - Failed to send email to: ['lrbf@cin.ufpe.br']
Traceback (most recent call last):
  File "/home/airflow/.local/lib/python3.10/site-packages/airflow/models/taskinstance.py", line 2334, in _run_raw_task
    self._execute_task_with_callbacks(context, test_mode, session=session)
  File "/home/airflow/.local/lib/python3.10/site-packages/airflow/models/taskinstance.py", line 2499, in _execute_task_with_callbacks
    result = self._execute_task(context, task_orig)
  File "/home/airflow/.local/lib/python3.10/site-packages/airflow/models/taskinstance.py", line 2516, in _execute_task
    return _execute_task(self, context, task_orig)
  File "/home/airflow/.local/lib/python3.10/site-packages/airflow/models/taskinstance.py", line 433, in _execute_task
    result = execute_callable(context=context, **execute_callable_kwargs)
  File "/home/airflow/.local/lib/python3.10/site-packages/airflow/providers/docker/operators/docker.py", line 502, in execute
    return self._run_image()
  File "/home/airflow/.local/lib/python3.10/site-packages/airflow/providers/docker/operators/docker.py", line 376, in _run_image
    return self._run_image_with_mounts(self.mounts, add_tmp_variable=False)
  File "/home/airflow/.local/lib/python3.10/site-packages/airflow/providers/docker/operators/docker.py", line 437, in _run_image_with_mounts
    raise DockerContainerFailedException(f"Docker container failed: {result!r}", logs=log_lines)
airflow.providers.docker.exceptions.DockerContainerFailedException: Docker container failed: {'StatusCode': 1}

During handling of the above exception, another exception occurred:

Traceback (most recent call last):
  File "/home/airflow/.local/lib/python3.10/site-packages/airflow/models/taskinstance.py", line 1000, in _email_alert
    send_email(task.email, subject, html_content)
  File "/home/airflow/.local/lib/python3.10/site-packages/airflow/utils/email.py", line 80, in send_email
    return backend(
  File "/home/airflow/.local/lib/python3.10/site-packages/airflow/utils/email.py", line 154, in send_email_smtp
    send_mime_email(e_from=mail_from, e_to=recipients, mime_msg=msg, conn_id=conn_id, dryrun=dryrun)
  File "/home/airflow/.local/lib/python3.10/site-packages/airflow/utils/email.py", line 272, in send_mime_email
    smtp_conn = _get_smtp_connection(smtp_host, smtp_port, smtp_timeout, smtp_ssl)
  File "/home/airflow/.local/lib/python3.10/site-packages/airflow/utils/email.py", line 316, in _get_smtp_connection
    return smtplib.SMTP(host=host, port=port, timeout=timeout)
  File "/usr/local/lib/python3.10/smtplib.py", line 255, in __init__
    (code, msg) = self.connect(host, port)
  File "/usr/local/lib/python3.10/smtplib.py", line 341, in connect
    self.sock = self._get_socket(host, port, self.timeout)
  File "/usr/local/lib/python3.10/smtplib.py", line 312, in _get_socket
    return socket.create_connection((host, port), timeout,
  File "/usr/local/lib/python3.10/socket.py", line 845, in create_connection
    raise err
  File "/usr/local/lib/python3.10/socket.py", line 833, in create_connection
    sock.connect(sa)
ConnectionRefusedError: [Errno 111] Connection refused

During handling of the above exception, another exception occurred:

Traceback (most recent call last):
  File "/home/airflow/.local/lib/python3.10/site-packages/airflow/models/taskinstance.py", line 824, in _handle_failure
    task_instance.email_alert(error, failure_context["task"])
  File "/home/airflow/.local/lib/python3.10/site-packages/airflow/models/taskinstance.py", line 2946, in email_alert
    _email_alert(task_instance=self, exception=exception, task=task)
  File "/home/airflow/.local/lib/python3.10/site-packages/airflow/models/taskinstance.py", line 1002, in _email_alert
    send_email(task.email, subject, html_content_err)
  File "/home/airflow/.local/lib/python3.10/site-packages/airflow/utils/email.py", line 80, in send_email
    return backend(
  File "/home/airflow/.local/lib/python3.10/site-packages/airflow/utils/email.py", line 154, in send_email_smtp
    send_mime_email(e_from=mail_from, e_to=recipients, mime_msg=msg, conn_id=conn_id, dryrun=dryrun)
  File "/home/airflow/.local/lib/python3.10/site-packages/airflow/utils/email.py", line 272, in send_mime_email
    smtp_conn = _get_smtp_connection(smtp_host, smtp_port, smtp_timeout, smtp_ssl)
  File "/home/airflow/.local/lib/python3.10/site-packages/airflow/utils/email.py", line 316, in _get_smtp_connection
    return smtplib.SMTP(host=host, port=port, timeout=timeout)
  File "/usr/local/lib/python3.10/smtplib.py", line 255, in __init__
    (code, msg) = self.connect(host, port)
  File "/usr/local/lib/python3.10/smtplib.py", line 341, in connect
    self.sock = self._get_socket(host, port, self.timeout)
  File "/usr/local/lib/python3.10/smtplib.py", line 312, in _get_socket
    return socket.create_connection((host, port), timeout,
  File "/usr/local/lib/python3.10/socket.py", line 845, in create_connection
    raise err
  File "/usr/local/lib/python3.10/socket.py", line 833, in create_connection
    sock.connect(sa)
ConnectionRefusedError: [Errno 111] Connection refused
[2025-06-25T22:54:56.619+0000] {standard_task_runner.py:107} ERROR - Failed to execute job 235 for task gerar_config_csv_dinamica (Docker container failed: {'StatusCode': 1}; 288)
[2025-06-25T22:54:56.682+0000] {local_task_job_runner.py:234} INFO - Task exited with return code 1
[2025-06-25T22:54:56.715+0000] {taskinstance.py:3280} INFO - 0 downstream tasks scheduled from follow-on schedule check
