[2025-06-25T22:45:25.248+0000] {taskinstance.py:1956} INFO - Dependencies all met for dep_context=non-requeueable deps ti=<TaskInstance: northwind.gerar_config_csv_dinamica manual__2025-06-25T22:44:12.258671+00:00 [queued]>
[2025-06-25T22:45:25.273+0000] {taskinstance.py:1956} INFO - Dependencies all met for dep_context=requeueable deps ti=<TaskInstance: northwind.gerar_config_csv_dinamica manual__2025-06-25T22:44:12.258671+00:00 [queued]>
[2025-06-25T22:45:25.274+0000] {taskinstance.py:2170} INFO - Starting attempt 1 of 2
[2025-06-25T22:45:25.311+0000] {taskinstance.py:2191} INFO - Executing <Task(DockerOperator): gerar_config_csv_dinamica> on 2025-06-25 22:44:12.258671+00:00
[2025-06-25T22:45:25.320+0000] {standard_task_runner.py:60} INFO - Started process 215 to run task
[2025-06-25T22:45:25.334+0000] {standard_task_runner.py:87} INFO - Running: ['***', 'tasks', 'run', 'northwind', 'gerar_config_csv_dinamica', 'manual__2025-06-25T22:44:12.258671+00:00', '--job-id', '234', '--raw', '--subdir', 'DAGS_FOLDER/dag.py', '--cfg-path', '/tmp/tmplf299ykx']
[2025-06-25T22:45:25.343+0000] {standard_task_runner.py:88} INFO - Job 234: Subtask gerar_config_csv_dinamica
[2025-06-25T22:45:25.477+0000] {task_command.py:423} INFO - Running <TaskInstance: northwind.gerar_config_csv_dinamica manual__2025-06-25T22:44:12.258671+00:00 [running]> on host 6afc1f3750fb
[2025-06-25T22:45:25.716+0000] {taskinstance.py:2480} INFO - Exporting env vars: AIRFLOW_CTX_DAG_EMAIL='lrbf@cin.ufpe.br' AIRFLOW_CTX_DAG_OWNER='***' AIRFLOW_CTX_DAG_ID='northwind' AIRFLOW_CTX_TASK_ID='gerar_config_csv_dinamica' AIRFLOW_CTX_EXECUTION_DATE='2025-06-25T22:44:12.258671+00:00' AIRFLOW_CTX_TRY_NUMBER='1' AIRFLOW_CTX_DAG_RUN_ID='manual__2025-06-25T22:44:12.258671+00:00'
[2025-06-25T22:45:25.891+0000] {docker.py:359} INFO - Starting docker container from image meltano:latest
[2025-06-25T22:45:26.541+0000] {docker.py:429} INFO - Running meltano install...
[2025-06-25T22:45:28.928+0000] {docker.py:429} INFO - [2m2025-06-25T22:45:28.927941Z[0m [[32m[1minfo     [0m] [1mInstalling 7 plugins          [0m
[2025-06-25T22:45:28.949+0000] {docker.py:429} INFO - [2m2025-06-25T22:45:28.948731Z[0m [[32m[1minfo     [0m] [1mInstalling extractor 'tap-postgres'[0m
[2025-06-25T22:45:28.976+0000] {docker.py:429} INFO - [2m2025-06-25T22:45:28.975298Z[0m [[32m[1minfo     [0m] [1mInstalling extractor 'tap-csv'[0m
[2025-06-25T22:45:28.996+0000] {docker.py:429} INFO - [2m2025-06-25T22:45:28.994826Z[0m [[32m[1minfo     [0m] [1mInstalling extractor 'tap-csv-latest'[0m
[2025-06-25T22:45:29.017+0000] {docker.py:429} INFO - [2m2025-06-25T22:45:29.016297Z[0m [[32m[1minfo     [0m] [1mInstalling loader 'target-postgres'[0m
[2025-06-25T22:45:29.038+0000] {docker.py:429} INFO - [2m2025-06-25T22:45:29.037841Z[0m [[32m[1minfo     [0m] [1mInstalling loader 'target-csv'[0m
[2025-06-25T22:45:29.074+0000] {docker.py:429} INFO - [2m2025-06-25T22:45:29.073667Z[0m [[32m[1minfo     [0m] [1mInstalling loader 'target-csv-postgres'[0m
[2025-06-25T22:45:29.105+0000] {docker.py:429} INFO - [2m2025-06-25T22:45:29.104570Z[0m [[32m[1minfo     [0m] [1mInstalling loader 'target-csv-csv'[0m
[2025-06-25T22:45:30.827+0000] {docker.py:429} INFO - [2m2025-06-25T22:45:30.825414Z[0m [[32m[1minfo     [0m] [1mInstalled extractor 'tap-postgres'[0m
[2025-06-25T22:45:30.921+0000] {docker.py:429} INFO - [2m2025-06-25T22:45:30.919900Z[0m [[32m[1minfo     [0m] [1mInstalled loader 'target-postgres'[0m
[2025-06-25T22:45:38.973+0000] {docker.py:429} INFO - [2m2025-06-25T22:45:38.971603Z[0m [[32m[1minfo     [0m] [1mInstalled extractor 'tap-csv-latest'[0m
[2025-06-25T22:45:38.990+0000] {docker.py:429} INFO - [2m2025-06-25T22:45:38.989259Z[0m [[32m[1minfo     [0m] [1mInstalled extractor 'tap-csv' [0m
[2025-06-25T22:45:40.952+0000] {docker.py:429} INFO - [2m2025-06-25T22:45:40.951743Z[0m [[32m[1minfo     [0m] [1mInstalled loader 'target-csv' [0m
[2025-06-25T22:45:41.055+0000] {docker.py:429} INFO - [2m2025-06-25T22:45:41.054664Z[0m [[32m[1minfo     [0m] [1mInstalled loader 'target-csv-csv'[0m
[2025-06-25T22:45:41.609+0000] {docker.py:429} INFO - [2m2025-06-25T22:45:41.607245Z[0m [[32m[1minfo     [0m] [1mInstalled loader 'target-csv-postgres'[0m
[2025-06-25T22:45:41.611+0000] {docker.py:429} INFO - [2m2025-06-25T22:45:41.608402Z[0m [[32m[1minfo     [0m] [1mInstalled 7/7 plugins         [0m
[2025-06-25T22:45:42.831+0000] {docker.py:429} INFO - Meltano install completed. Executing command: python /opt/meltano/scripts/generate_tap_csv_config.py { ds }
[2025-06-25T22:47:03.789+0000] {docker.py:429} INFO - DEBUG (Tentativa 1/5): Arquivo não encontrado para 'order_details' em '/opt/output_data/csv/order_details/{ ds }/file.csv'. Aguardando 2s...
DEBUG (Tentativa 2/5): Arquivo não encontrado para 'order_details' em '/opt/output_data/csv/order_details/{ ds }/file.csv'. Aguardando 2s...
DEBUG (Tentativa 3/5): Arquivo não encontrado para 'order_details' em '/opt/output_data/csv/order_details/{ ds }/file.csv'. Aguardando 2s...
DEBUG (Tentativa 4/5): Arquivo não encontrado para 'order_details' em '/opt/output_data/csv/order_details/{ ds }/file.csv'. Aguardando 2s...
DEBUG (Tentativa 5/5): Arquivo não encontrado para 'order_details' em '/opt/output_data/csv/order_details/{ ds }/file.csv'. Aguardando 2s...
AVISO: Após 5 tentativas, arquivo 'file.csv' NÃO ENCONTRADO em '/opt/output_data/csv/order_details/{ ds }/file.csv' para 'order_details'. Pulando esta entidade.
DEBUG (Tentativa 1/5): Arquivo não encontrado para 'public-categories' em '/opt/output_data/postgres/public-categories/{ ds }/file.csv'. Aguardando 2s...
DEBUG (Tentativa 2/5): Arquivo não encontrado para 'public-categories' em '/opt/output_data/postgres/public-categories/{ ds }/file.csv'. Aguardando 2s...
DEBUG (Tentativa 3/5): Arquivo não encontrado para 'public-categories' em '/opt/output_data/postgres/public-categories/{ ds }/file.csv'. Aguardando 2s...
DEBUG (Tentativa 4/5): Arquivo não encontrado para 'public-categories' em '/opt/output_data/postgres/public-categories/{ ds }/file.csv'. Aguardando 2s...
DEBUG (Tentativa 5/5): Arquivo não encontrado para 'public-categories' em '/opt/output_data/postgres/public-categories/{ ds }/file.csv'. Aguardando 2s...
AVISO: Após 5 tentativas, arquivo 'file.csv' NÃO ENCONTRADO em '/opt/output_data/postgres/public-categories/{ ds }/file.csv' para 'public-categories'. Pulando esta entidade.
DEBUG (Tentativa 1/5): Arquivo não encontrado para 'public-products' em '/opt/output_data/postgres/public-products/{ ds }/file.csv'. Aguardando 2s...
DEBUG (Tentativa 2/5): Arquivo não encontrado para 'public-products' em '/opt/output_data/postgres/public-products/{ ds }/file.csv'. Aguardando 2s...
DEBUG (Tentativa 3/5): Arquivo não encontrado para 'public-products' em '/opt/output_data/postgres/public-products/{ ds }/file.csv'. Aguardando 2s...
DEBUG (Tentativa 4/5): Arquivo não encontrado para 'public-products' em '/opt/output_data/postgres/public-products/{ ds }/file.csv'. Aguardando 2s...
DEBUG (Tentativa 5/5): Arquivo não encontrado para 'public-products' em '/opt/output_data/postgres/public-products/{ ds }/file.csv'. Aguardando 2s...
AVISO: Após 5 tentativas, arquivo 'file.csv' NÃO ENCONTRADO em '/opt/output_data/postgres/public-products/{ ds }/file.csv' para 'public-products'. Pulando esta entidade.
DEBUG (Tentativa 1/5): Arquivo não encontrado para 'public-suppliers' em '/opt/output_data/postgres/public-suppliers/{ ds }/file.csv'. Aguardando 2s...
DEBUG (Tentativa 2/5): Arquivo não encontrado para 'public-suppliers' em '/opt/output_data/postgres/public-suppliers/{ ds }/file.csv'. Aguardando 2s...
DEBUG (Tentativa 3/5): Arquivo não encontrado para 'public-suppliers' em '/opt/output_data/postgres/public-suppliers/{ ds }/file.csv'. Aguardando 2s...
DEBUG (Tentativa 4/5): Arquivo não encontrado para 'public-suppliers' em '/opt/output_data/postgres/public-suppliers/{ ds }/file.csv'. Aguardando 2s...
DEBUG (Tentativa 5/5): Arquivo não encontrado para 'public-suppliers' em '/opt/output_data/postgres/public-suppliers/{ ds }/file.csv'. Aguardando 2s...
AVISO: Após 5 tentativas, arquivo 'file.csv' NÃO ENCONTRADO em '/opt/output_data/postgres/public-suppliers/{ ds }/file.csv' para 'public-suppliers'. Pulando esta entidade.
DEBUG (Tentativa 1/5): Arquivo não encontrado para 'public-orders' em '/opt/output_data/postgres/public-orders/{ ds }/file.csv'. Aguardando 2s...
DEBUG (Tentativa 2/5): Arquivo não encontrado para 'public-orders' em '/opt/output_data/postgres/public-orders/{ ds }/file.csv'. Aguardando 2s...
DEBUG (Tentativa 3/5): Arquivo não encontrado para 'public-orders' em '/opt/output_data/postgres/public-orders/{ ds }/file.csv'. Aguardando 2s...
DEBUG (Tentativa 4/5): Arquivo não encontrado para 'public-orders' em '/opt/output_data/postgres/public-orders/{ ds }/file.csv'. Aguardando 2s...
DEBUG (Tentativa 5/5): Arquivo não encontrado para 'public-orders' em '/opt/output_data/postgres/public-orders/{ ds }/file.csv'. Aguardando 2s...
AVISO: Após 5 tentativas, arquivo 'file.csv' NÃO ENCONTRADO em '/opt/output_data/postgres/public-orders/{ ds }/file.csv' para 'public-orders'. Pulando esta entidade.
DEBUG (Tentativa 1/5): Arquivo não encontrado para 'public-customers' em '/opt/output_data/postgres/public-customers/{ ds }/file.csv'. Aguardando 2s...
DEBUG (Tentativa 2/5): Arquivo não encontrado para 'public-customers' em '/opt/output_data/postgres/public-customers/{ ds }/file.csv'. Aguardando 2s...
DEBUG (Tentativa 3/5): Arquivo não encontrado para 'public-customers' em '/opt/output_data/postgres/public-customers/{ ds }/file.csv'. Aguardando 2s...
DEBUG (Tentativa 4/5): Arquivo não encontrado para 'public-customers' em '/opt/output_data/postgres/public-customers/{ ds }/file.csv'. Aguardando 2s...
DEBUG (Tentativa 5/5): Arquivo não encontrado para 'public-customers' em '/opt/output_data/postgres/public-customers/{ ds }/file.csv'. Aguardando 2s...
AVISO: Após 5 tentativas, arquivo 'file.csv' NÃO ENCONTRADO em '/opt/output_data/postgres/public-customers/{ ds }/file.csv' para 'public-customers'. Pulando esta entidade.
DEBUG (Tentativa 1/5): Arquivo não encontrado para 'public-employees' em '/opt/output_data/postgres/public-employees/{ ds }/file.csv'. Aguardando 2s...
DEBUG (Tentativa 2/5): Arquivo não encontrado para 'public-employees' em '/opt/output_data/postgres/public-employees/{ ds }/file.csv'. Aguardando 2s...
DEBUG (Tentativa 3/5): Arquivo não encontrado para 'public-employees' em '/opt/output_data/postgres/public-employees/{ ds }/file.csv'. Aguardando 2s...
DEBUG (Tentativa 4/5): Arquivo não encontrado para 'public-employees' em '/opt/output_data/postgres/public-employees/{ ds }/file.csv'. Aguardando 2s...
DEBUG (Tentativa 5/5): Arquivo não encontrado para 'public-employees' em '/opt/output_data/postgres/public-employees/{ ds }/file.csv'. Aguardando 2s...
AVISO: Após 5 tentativas, arquivo 'file.csv' NÃO ENCONTRADO em '/opt/output_data/postgres/public-employees/{ ds }/file.csv' para 'public-employees'. Pulando esta entidade.
DEBUG (Tentativa 1/5): Arquivo não encontrado para 'public-employee_territories' em '/opt/output_data/postgres/public-employee_territories/{ ds }/file.csv'. Aguardando 2s...
DEBUG (Tentativa 2/5): Arquivo não encontrado para 'public-employee_territories' em '/opt/output_data/postgres/public-employee_territories/{ ds }/file.csv'. Aguardando 2s...
DEBUG (Tentativa 3/5): Arquivo não encontrado para 'public-employee_territories' em '/opt/output_data/postgres/public-employee_territories/{ ds }/file.csv'. Aguardando 2s...
DEBUG (Tentativa 4/5): Arquivo não encontrado para 'public-employee_territories' em '/opt/output_data/postgres/public-employee_territories/{ ds }/file.csv'. Aguardando 2s...
DEBUG (Tentativa 5/5): Arquivo não encontrado para 'public-employee_territories' em '/opt/output_data/postgres/public-employee_territories/{ ds }/file.csv'. Aguardando 2s...
AVISO: Após 5 tentativas, arquivo 'file.csv' NÃO ENCONTRADO em '/opt/output_data/postgres/public-employee_territories/{ ds }/file.csv' para 'public-employee_territories'. Pulando esta entidade.
DEBUG (Tentativa 1/5): Arquivo não encontrado para 'public-territories' em '/opt/output_data/postgres/public-territories/{ ds }/file.csv'. Aguardando 2s...
DEBUG (Tentativa 2/5): Arquivo não encontrado para 'public-territories' em '/opt/output_data/postgres/public-territories/{ ds }/file.csv'. Aguardando 2s...
DEBUG (Tentativa 3/5): Arquivo não encontrado para 'public-territories' em '/opt/output_data/postgres/public-territories/{ ds }/file.csv'. Aguardando 2s...
DEBUG (Tentativa 4/5): Arquivo não encontrado para 'public-territories' em '/opt/output_data/postgres/public-territories/{ ds }/file.csv'. Aguardando 2s...
[2025-06-25T22:47:33.434+0000] {docker.py:429} INFO - AVISO (Stdout): A lista de arquivos CSV gerada para carga está vazia. Nenhuma tabela será carregada.
[2025-06-25T22:47:33.439+0000] {docker.py:429} INFO - DEBUG (Tentativa 5/5): Arquivo não encontrado para 'public-territories' em '/opt/output_data/postgres/public-territories/{ ds }/file.csv'. Aguardando 2s...
AVISO: Após 5 tentativas, arquivo 'file.csv' NÃO ENCONTRADO em '/opt/output_data/postgres/public-territories/{ ds }/file.csv' para 'public-territories'. Pulando esta entidade.
DEBUG (Tentativa 1/5): Arquivo não encontrado para 'public-region' em '/opt/output_data/postgres/public-region/{ ds }/file.csv'. Aguardando 2s...
DEBUG (Tentativa 2/5): Arquivo não encontrado para 'public-region' em '/opt/output_data/postgres/public-region/{ ds }/file.csv'. Aguardando 2s...
DEBUG (Tentativa 3/5): Arquivo não encontrado para 'public-region' em '/opt/output_data/postgres/public-region/{ ds }/file.csv'. Aguardando 2s...
DEBUG (Tentativa 4/5): Arquivo não encontrado para 'public-region' em '/opt/output_data/postgres/public-region/{ ds }/file.csv'. Aguardando 2s...
DEBUG (Tentativa 5/5): Arquivo não encontrado para 'public-region' em '/opt/output_data/postgres/public-region/{ ds }/file.csv'. Aguardando 2s...
AVISO: Após 5 tentativas, arquivo 'file.csv' NÃO ENCONTRADO em '/opt/output_data/postgres/public-region/{ ds }/file.csv' para 'public-region'. Pulando esta entidade.
DEBUG (Tentativa 1/5): Arquivo não encontrado para 'public-shippers' em '/opt/output_data/postgres/public-shippers/{ ds }/file.csv'. Aguardando 2s...
DEBUG (Tentativa 2/5): Arquivo não encontrado para 'public-shippers' em '/opt/output_data/postgres/public-shippers/{ ds }/file.csv'. Aguardando 2s...
DEBUG (Tentativa 3/5): Arquivo não encontrado para 'public-shippers' em '/opt/output_data/postgres/public-shippers/{ ds }/file.csv'. Aguardando 2s...
DEBUG (Tentativa 4/5): Arquivo não encontrado para 'public-shippers' em '/opt/output_data/postgres/public-shippers/{ ds }/file.csv'. Aguardando 2s...
DEBUG (Tentativa 5/5): Arquivo não encontrado para 'public-shippers' em '/opt/output_data/postgres/public-shippers/{ ds }/file.csv'. Aguardando 2s...
AVISO: Após 5 tentativas, arquivo 'file.csv' NÃO ENCONTRADO em '/opt/output_data/postgres/public-shippers/{ ds }/file.csv' para 'public-shippers'. Pulando esta entidade.
DEBUG (Tentativa 1/5): Arquivo não encontrado para 'public-us_states' em '/opt/output_data/postgres/public-us_states/{ ds }/file.csv'. Aguardando 2s...
DEBUG (Tentativa 2/5): Arquivo não encontrado para 'public-us_states' em '/opt/output_data/postgres/public-us_states/{ ds }/file.csv'. Aguardando 2s...
DEBUG (Tentativa 3/5): Arquivo não encontrado para 'public-us_states' em '/opt/output_data/postgres/public-us_states/{ ds }/file.csv'. Aguardando 2s...
DEBUG (Tentativa 4/5): Arquivo não encontrado para 'public-us_states' em '/opt/output_data/postgres/public-us_states/{ ds }/file.csv'. Aguardando 2s...
DEBUG (Tentativa 5/5): Arquivo não encontrado para 'public-us_states' em '/opt/output_data/postgres/public-us_states/{ ds }/file.csv'. Aguardando 2s...
AVISO: Após 5 tentativas, arquivo 'file.csv' NÃO ENCONTRADO em '/opt/output_data/postgres/public-us_states/{ ds }/file.csv' para 'public-us_states'. Pulando esta entidade.
{"files": []}
[2025-06-25T22:47:33.914+0000] {taskinstance.py:2698} ERROR - Task failed with exception
Traceback (most recent call last):
  File "/home/airflow/.local/lib/python3.10/site-packages/airflow/models/taskinstance.py", line 433, in _execute_task
    result = execute_callable(context=context, **execute_callable_kwargs)
  File "/home/airflow/.local/lib/python3.10/site-packages/airflow/providers/docker/operators/docker.py", line 502, in execute
    return self._run_image()
  File "/home/airflow/.local/lib/python3.10/site-packages/airflow/providers/docker/operators/docker.py", line 376, in _run_image
    return self._run_image_with_mounts(self.mounts, add_tmp_variable=False)
  File "/home/airflow/.local/lib/python3.10/site-packages/airflow/providers/docker/operators/docker.py", line 437, in _run_image_with_mounts
    raise DockerContainerFailedException(f"Docker container failed: {result!r}", logs=log_lines)
airflow.providers.docker.exceptions.DockerContainerFailedException: Docker container failed: {'StatusCode': 1}
[2025-06-25T22:47:33.928+0000] {taskinstance.py:1138} INFO - Marking task as UP_FOR_RETRY. dag_id=northwind, task_id=gerar_config_csv_dinamica, execution_date=20250625T224412, start_date=20250625T224525, end_date=20250625T224733
[2025-06-25T22:47:33.989+0000] {standard_task_runner.py:107} ERROR - Failed to execute job 234 for task gerar_config_csv_dinamica (Docker container failed: {'StatusCode': 1}; 215)
[2025-06-25T22:47:34.041+0000] {local_task_job_runner.py:234} INFO - Task exited with return code 1
[2025-06-25T22:47:34.104+0000] {taskinstance.py:3280} INFO - 0 downstream tasks scheduled from follow-on schedule check
