[2025-07-10T14:43:01.554+0000] {taskinstance.py:1956} INFO - Dependencies all met for dep_context=non-requeueable deps ti=<TaskInstance: northwind.gerar_config_csv_dinamica manual__2025-07-10T14:42:06.250765+00:00 [queued]>
[2025-07-10T14:43:01.587+0000] {taskinstance.py:1956} INFO - Dependencies all met for dep_context=requeueable deps ti=<TaskInstance: northwind.gerar_config_csv_dinamica manual__2025-07-10T14:42:06.250765+00:00 [queued]>
[2025-07-10T14:43:01.588+0000] {taskinstance.py:2170} INFO - Starting attempt 1 of 2
[2025-07-10T14:43:01.616+0000] {taskinstance.py:2191} INFO - Executing <Task(DockerOperator): gerar_config_csv_dinamica> on 2025-07-10 14:42:06.250765+00:00
[2025-07-10T14:43:01.627+0000] {standard_task_runner.py:60} INFO - Started process 184 to run task
[2025-07-10T14:43:01.639+0000] {standard_task_runner.py:87} INFO - Running: ['***', 'tasks', 'run', 'northwind', 'gerar_config_csv_dinamica', 'manual__2025-07-10T14:42:06.250765+00:00', '--job-id', '79', '--raw', '--subdir', 'DAGS_FOLDER/northwind.py', '--cfg-path', '/tmp/tmplr0od834']
[2025-07-10T14:43:01.645+0000] {standard_task_runner.py:88} INFO - Job 79: Subtask gerar_config_csv_dinamica
[2025-07-10T14:43:01.766+0000] {task_command.py:423} INFO - Running <TaskInstance: northwind.gerar_config_csv_dinamica manual__2025-07-10T14:42:06.250765+00:00 [running]> on host 667b9929e01b
[2025-07-10T14:43:01.935+0000] {taskinstance.py:2480} INFO - Exporting env vars: AIRFLOW_CTX_DAG_EMAIL='lrbf@cin.ufpe.br' AIRFLOW_CTX_DAG_OWNER='***' AIRFLOW_CTX_DAG_ID='northwind' AIRFLOW_CTX_TASK_ID='gerar_config_csv_dinamica' AIRFLOW_CTX_EXECUTION_DATE='2025-07-10T14:42:06.250765+00:00' AIRFLOW_CTX_TRY_NUMBER='1' AIRFLOW_CTX_DAG_RUN_ID='manual__2025-07-10T14:42:06.250765+00:00'
[2025-07-10T14:43:02.058+0000] {docker.py:359} INFO - Starting docker container from image meltano:latest
[2025-07-10T14:43:02.508+0000] {docker.py:429} INFO - Running meltano install...
[2025-07-10T14:43:02.112+0000] {docker.py:429} INFO - [2m2025-07-10T14:43:02.111153Z[0m [[32m[1minfo     [0m] [1mInstalling 7 plugins          [0m
[2025-07-10T14:43:02.130+0000] {docker.py:429} INFO - [2m2025-07-10T14:43:02.129670Z[0m [[32m[1minfo     [0m] [1mInstalling extractor 'tap-postgres'[0m
[2025-07-10T14:43:02.155+0000] {docker.py:429} INFO - [2m2025-07-10T14:43:02.154031Z[0m [[32m[1minfo     [0m] [1mInstalling extractor 'tap-csv'[0m
[2025-07-10T14:43:02.187+0000] {docker.py:429} INFO - [2m2025-07-10T14:43:02.186299Z[0m [[32m[1minfo     [0m] [1mInstalling extractor 'tap-csv-latest'[0m
[2025-07-10T14:43:02.218+0000] {docker.py:429} INFO - [2m2025-07-10T14:43:02.217237Z[0m [[32m[1minfo     [0m] [1mInstalling loader 'target-postgres'[0m
[2025-07-10T14:43:02.280+0000] {docker.py:429} INFO - [2m2025-07-10T14:43:02.278164Z[0m [[32m[1minfo     [0m] [1mInstalling loader 'target-csv'[0m
[2025-07-10T14:43:02.359+0000] {docker.py:429} INFO - [2m2025-07-10T14:43:02.358219Z[0m [[32m[1minfo     [0m] [1mInstalling loader 'target-csv-postgres'[0m
[2025-07-10T14:43:02.432+0000] {docker.py:429} INFO - [2m2025-07-10T14:43:02.430660Z[0m [[32m[1minfo     [0m] [1mInstalling loader 'target-csv-csv'[0m
[2025-07-10T14:43:04.682+0000] {docker.py:429} INFO - [2m2025-07-10T14:43:04.680115Z[0m [[32m[1minfo     [0m] [1mInstalled loader 'target-postgres'[0m
[2025-07-10T14:43:04.880+0000] {docker.py:429} INFO - [2m2025-07-10T14:43:04.879711Z[0m [[32m[1minfo     [0m] [1mInstalled extractor 'tap-postgres'[0m
[2025-07-10T14:43:10.756+0000] {docker.py:429} INFO - [2m2025-07-10T14:43:10.754182Z[0m [[32m[1minfo     [0m] [1mInstalled extractor 'tap-csv' [0m
[2025-07-10T14:43:10.933+0000] {docker.py:429} INFO - [2m2025-07-10T14:43:10.932225Z[0m [[32m[1minfo     [0m] [1mInstalled extractor 'tap-csv-latest'[0m
[2025-07-10T14:43:11.816+0000] {docker.py:429} INFO - [2m2025-07-10T14:43:11.815189Z[0m [[32m[1minfo     [0m] [1mInstalled loader 'target-csv' [0m
[2025-07-10T14:43:12.125+0000] {docker.py:429} INFO - [2m2025-07-10T14:43:12.124532Z[0m [[32m[1minfo     [0m] [1mInstalled loader 'target-csv-postgres'[0m
[2025-07-10T14:43:13.034+0000] {docker.py:429} INFO - [2m2025-07-10T14:43:13.033508Z[0m [[32m[1minfo     [0m] [1mInstalled loader 'target-csv-csv'[0m
[2025-07-10T14:43:13.034+0000] {docker.py:429} INFO - [2m2025-07-10T14:43:13.033915Z[0m [[32m[1minfo     [0m] [1mInstalled 7/7 plugins         [0m
[2025-07-10T14:43:14.326+0000] {docker.py:429} INFO - Meltano install completed. Executing command: python /opt/meltano/scripts/generate_csv_config.py
[2025-07-10T14:43:14.385+0000] {docker.py:429} INFO - [{"entity": "order_details", "path": "/opt/output_data/csv/order_details/2025-07-10/file.csv", "keys": ["order_id", "product_id"], "delimiter": ",", "encoding": "utf-8"}, {"entity": "public-categories", "path": "/opt/output_data/postgres/public-categories/2025-07-10/file.csv", "keys": ["category_id"], "delimiter": ",", "encoding": "utf-8"}, {"entity": "public-products", "path": "/opt/output_data/postgres/public-products/2025-07-10/file.csv", "keys": ["product_id"], "delimiter": ",", "encoding": "utf-8"}, {"entity": "public-suppliers", "path": "/opt/output_data/postgres/public-suppliers/2025-07-10/file.csv", "keys": ["supplier_id"], "delimiter": ",", "encoding": "utf-8"}, {"entity": "public-orders", "path": "/opt/output_data/postgres/public-orders/2025-07-10/file.csv", "keys": ["order_id"], "delimiter": ",", "encoding": "utf-8"}, {"entity": "public-customers", "path": "/opt/output_data/postgres/public-customers/2025-07-10/file.csv", "keys": ["customer_id"], "delimiter": ",", "encoding": "utf-8"}, {"entity": "public-employees", "path": "/opt/output_data/postgres/public-employees/2025-07-10/file.csv", "keys": ["employee_id"], "delimiter": ",", "encoding": "utf-8"}, {"entity": "public-employee_territories", "path": "/opt/output_data/postgres/public-employee_territories/2025-07-10/file.csv", "keys": ["employee_id", "territory_id"], "delimiter": ",", "encoding": "utf-8"}, {"entity": "public-territories", "path": "/opt/output_data/postgres/public-territories/2025-07-10/file.csv", "keys": ["territory_id"], "delimiter": ",", "encoding": "utf-8"}, {"entity": "public-region", "path": "/opt/output_data/postgres/public-region/2025-07-10/file.csv", "keys": ["region_id"], "delimiter": ",", "encoding": "utf-8"}, {"entity": "public-shippers", "path": "/opt/output_data/postgres/public-shippers/2025-07-10/file.csv", "keys": ["shipper_id"], "delimiter": ",", "encoding": "utf-8"}, {"entity": "public-us_states", "path": "/opt/output_data/postgres/public-us_states/2025-07-10/file.csv", "keys": ["state_id"], "delimiter": ",", "encoding": "utf-8"}]
[2025-07-10T14:43:14.787+0000] {taskinstance.py:1138} INFO - Marking task as SUCCESS. dag_id=northwind, task_id=gerar_config_csv_dinamica, execution_date=20250710T144206, start_date=20250710T144301, end_date=20250710T144314
[2025-07-10T14:43:14.840+0000] {local_task_job_runner.py:234} INFO - Task exited with return code 0
[2025-07-10T14:43:14.946+0000] {taskinstance.py:3280} INFO - 1 downstream tasks scheduled from follow-on schedule check
