[2025-06-26T15:47:16.575+0000] {taskinstance.py:1956} INFO - Dependencies all met for dep_context=non-requeueable deps ti=<TaskInstance: northwind.gerar_config_csv_dinamica manual__2025-06-26T15:46:36.563044+00:00 [queued]>
[2025-06-26T15:47:16.583+0000] {taskinstance.py:1956} INFO - Dependencies all met for dep_context=requeueable deps ti=<TaskInstance: northwind.gerar_config_csv_dinamica manual__2025-06-26T15:46:36.563044+00:00 [queued]>
[2025-06-26T15:47:16.583+0000] {taskinstance.py:2170} INFO - Starting attempt 1 of 2
[2025-06-26T15:47:16.599+0000] {taskinstance.py:2191} INFO - Executing <Task(DockerOperator): gerar_config_csv_dinamica> on 2025-06-26 15:46:36.563044+00:00
[2025-06-26T15:47:16.608+0000] {standard_task_runner.py:60} INFO - Started process 425 to run task
[2025-06-26T15:47:16.614+0000] {standard_task_runner.py:87} INFO - Running: ['***', 'tasks', 'run', 'northwind', 'gerar_config_csv_dinamica', 'manual__2025-06-26T15:46:36.563044+00:00', '--job-id', '272', '--raw', '--subdir', 'DAGS_FOLDER/dag.py', '--cfg-path', '/tmp/tmpv57caw96']
[2025-06-26T15:47:16.618+0000] {standard_task_runner.py:88} INFO - Job 272: Subtask gerar_config_csv_dinamica
[2025-06-26T15:47:16.681+0000] {task_command.py:423} INFO - Running <TaskInstance: northwind.gerar_config_csv_dinamica manual__2025-06-26T15:46:36.563044+00:00 [running]> on host 6afc1f3750fb
[2025-06-26T15:47:16.770+0000] {taskinstance.py:2480} INFO - Exporting env vars: AIRFLOW_CTX_DAG_EMAIL='lrbf@cin.ufpe.br' AIRFLOW_CTX_DAG_OWNER='***' AIRFLOW_CTX_DAG_ID='northwind' AIRFLOW_CTX_TASK_ID='gerar_config_csv_dinamica' AIRFLOW_CTX_EXECUTION_DATE='2025-06-26T15:46:36.563044+00:00' AIRFLOW_CTX_TRY_NUMBER='1' AIRFLOW_CTX_DAG_RUN_ID='manual__2025-06-26T15:46:36.563044+00:00'
[2025-06-26T15:47:17.014+0000] {docker.py:359} INFO - Starting docker container from image meltano:latest
[2025-06-26T15:47:17.340+0000] {docker.py:429} INFO - Running meltano install...
[2025-06-26T15:47:18.575+0000] {docker.py:429} INFO - [2m2025-06-26T15:47:18.574809Z[0m [[32m[1minfo     [0m] [1mInstalling 7 plugins          [0m
[2025-06-26T15:47:18.588+0000] {docker.py:429} INFO - [2m2025-06-26T15:47:18.587589Z[0m [[32m[1minfo     [0m] [1mInstalling extractor 'tap-postgres'[0m
[2025-06-26T15:47:18.605+0000] {docker.py:429} INFO - [2m2025-06-26T15:47:18.604671Z[0m [[32m[1minfo     [0m] [1mInstalling extractor 'tap-csv'[0m
[2025-06-26T15:47:18.624+0000] {docker.py:429} INFO - [2m2025-06-26T15:47:18.623450Z[0m [[32m[1minfo     [0m] [1mInstalling extractor 'tap-csv-latest'[0m
[2025-06-26T15:47:18.643+0000] {docker.py:429} INFO - [2m2025-06-26T15:47:18.642714Z[0m [[32m[1minfo     [0m] [1mInstalling loader 'target-postgres'[0m
[2025-06-26T15:47:18.672+0000] {docker.py:429} INFO - [2m2025-06-26T15:47:18.670051Z[0m [[32m[1minfo     [0m] [1mInstalling loader 'target-csv'[0m
[2025-06-26T15:47:18.703+0000] {docker.py:429} INFO - [2m2025-06-26T15:47:18.703104Z[0m [[32m[1minfo     [0m] [1mInstalling loader 'target-csv-postgres'[0m
[2025-06-26T15:47:18.742+0000] {docker.py:429} INFO - [2m2025-06-26T15:47:18.736506Z[0m [[32m[1minfo     [0m] [1mInstalling loader 'target-csv-csv'[0m
[2025-06-26T15:47:20.311+0000] {docker.py:429} INFO - [2m2025-06-26T15:47:20.310803Z[0m [[32m[1minfo     [0m] [1mInstalled extractor 'tap-postgres'[0m
[2025-06-26T15:47:20.376+0000] {docker.py:429} INFO - [2m2025-06-26T15:47:20.375961Z[0m [[32m[1minfo     [0m] [1mInstalled loader 'target-postgres'[0m
[2025-06-26T15:47:25.592+0000] {docker.py:429} INFO - [2m2025-06-26T15:47:25.591713Z[0m [[32m[1minfo     [0m] [1mInstalled extractor 'tap-csv-latest'[0m
[2025-06-26T15:47:25.593+0000] {docker.py:429} INFO - [2m2025-06-26T15:47:25.592159Z[0m [[32m[1minfo     [0m] [1mInstalled extractor 'tap-csv' [0m
[2025-06-26T15:47:27.609+0000] {docker.py:429} INFO - [2m2025-06-26T15:47:27.608786Z[0m [[32m[1minfo     [0m] [1mInstalled loader 'target-csv-csv'[0m
[2025-06-26T15:47:27.621+0000] {docker.py:429} INFO - [2m2025-06-26T15:47:27.620383Z[0m [[32m[1minfo     [0m] [1mInstalled loader 'target-csv' [0m
[2025-06-26T15:47:29.654+0000] {docker.py:429} INFO - [2m2025-06-26T15:47:29.654169Z[0m [[32m[1minfo     [0m] [1mInstalled loader 'target-csv-postgres'[0m
[2m2025-06-26T15:47:29.654448Z[0m [[32m[1minfo     [0m] [1mInstalled 7/7 plugins         [0m
[2025-06-26T15:47:30.549+0000] {docker.py:429} INFO - Meltano install completed. Executing command: python /opt/meltano/scripts/generate_tap_csv_config.py
[2025-06-26T15:47:30.588+0000] {docker.py:429} INFO - {"files": [{"entity": "order_details", "path": "/opt/output_data/csv/order_details/2025-06-26/file.csv", "keys": ["order_id", "product_id"], "delimiter": ",", "encoding": "utf-8"}, {"entity": "public-categories", "path": "/opt/output_data/postgres/public-categories/2025-06-26/file.csv", "keys": ["category_id"], "delimiter": ",", "encoding": "utf-8"}, {"entity": "public-products", "path": "/opt/output_data/postgres/public-products/2025-06-26/file.csv", "keys": ["product_id"], "delimiter": ",", "encoding": "utf-8"}, {"entity": "public-suppliers", "path": "/opt/output_data/postgres/public-suppliers/2025-06-26/file.csv", "keys": ["supplier_id"], "delimiter": ",", "encoding": "utf-8"}, {"entity": "public-orders", "path": "/opt/output_data/postgres/public-orders/2025-06-26/file.csv", "keys": ["order_id"], "delimiter": ",", "encoding": "utf-8"}, {"entity": "public-customers", "path": "/opt/output_data/postgres/public-customers/2025-06-26/file.csv", "keys": ["customer_id"], "delimiter": ",", "encoding": "utf-8"}, {"entity": "public-employees", "path": "/opt/output_data/postgres/public-employees/2025-06-26/file.csv", "keys": ["employee_id"], "delimiter": ",", "encoding": "utf-8"}, {"entity": "public-employee_territories", "path": "/opt/output_data/postgres/public-employee_territories/2025-06-26/file.csv", "keys": ["employee_id", "territory_id"], "delimiter": ",", "encoding": "utf-8"}, {"entity": "public-territories", "path": "/opt/output_data/postgres/public-territories/2025-06-26/file.csv", "keys": ["territory_id"], "delimiter": ",", "encoding": "utf-8"}, {"entity": "public-region", "path": "/opt/output_data/postgres/public-region/2025-06-26/file.csv", "keys": ["region_id"], "delimiter": ",", "encoding": "utf-8"}, {"entity": "public-shippers", "path": "/opt/output_data/postgres/public-shippers/2025-06-26/file.csv", "keys": ["shipper_id"], "delimiter": ",", "encoding": "utf-8"}, {"entity": "public-us_states", "path": "/opt/output_data/postgres/public-us_states/2025-06-26/file.csv", "keys": ["state_id"], "delimiter": ",", "encoding": "utf-8"}]}
[2025-06-26T15:47:30.814+0000] {taskinstance.py:1138} INFO - Marking task as SUCCESS. dag_id=northwind, task_id=gerar_config_csv_dinamica, execution_date=20250626T154636, start_date=20250626T154716, end_date=20250626T154730
[2025-06-26T15:47:30.849+0000] {local_task_job_runner.py:234} INFO - Task exited with return code 0
[2025-06-26T15:47:30.888+0000] {taskinstance.py:3280} INFO - 1 downstream tasks scheduled from follow-on schedule check
