[2025-07-10T15:22:39.521+0000] {taskinstance.py:1956} INFO - Dependencies all met for dep_context=non-requeueable deps ti=<TaskInstance: northwind.extração_csv manual__2025-07-10T15:22:25.351332+00:00 [queued]>
[2025-07-10T15:22:39.528+0000] {taskinstance.py:1956} INFO - Dependencies all met for dep_context=requeueable deps ti=<TaskInstance: northwind.extração_csv manual__2025-07-10T15:22:25.351332+00:00 [queued]>
[2025-07-10T15:22:39.529+0000] {taskinstance.py:2170} INFO - Starting attempt 1 of 2
[2025-07-10T15:22:39.540+0000] {taskinstance.py:2191} INFO - Executing <Task(DockerOperator): extração_csv> on 2025-07-10 15:22:25.351332+00:00
[2025-07-10T15:22:39.544+0000] {standard_task_runner.py:60} INFO - Started process 177 to run task
[2025-07-10T15:22:39.547+0000] {standard_task_runner.py:87} INFO - Running: ['***', 'tasks', 'run', 'northwind', 'extração_csv', 'manual__2025-07-10T15:22:25.351332+00:00', '--job-id', '111', '--raw', '--subdir', 'DAGS_FOLDER/northwind.py', '--cfg-path', '/tmp/tmprayzhwx5']
[2025-07-10T15:22:39.549+0000] {standard_task_runner.py:88} INFO - Job 111: Subtask extração_csv
[2025-07-10T15:22:39.591+0000] {task_command.py:423} INFO - Running <TaskInstance: northwind.extração_csv manual__2025-07-10T15:22:25.351332+00:00 [running]> on host 8ddbac0a6dc1
[2025-07-10T15:22:39.659+0000] {taskinstance.py:2480} INFO - Exporting env vars: AIRFLOW_CTX_DAG_EMAIL='lrbf@cin.ufpe.br' AIRFLOW_CTX_DAG_OWNER='***' AIRFLOW_CTX_DAG_ID='northwind' AIRFLOW_CTX_TASK_ID='extração_csv' AIRFLOW_CTX_EXECUTION_DATE='2025-07-10T15:22:25.351332+00:00' AIRFLOW_CTX_TRY_NUMBER='1' AIRFLOW_CTX_DAG_RUN_ID='manual__2025-07-10T15:22:25.351332+00:00'
[2025-07-10T15:22:39.711+0000] {docker.py:359} INFO - Starting docker container from image meltano:latest
[2025-07-10T15:22:39.986+0000] {docker.py:429} INFO - Running meltano install...
[2025-07-10T15:22:41.192+0000] {docker.py:429} INFO - [2m2025-07-10T15:22:41.192128Z[0m [[32m[1minfo     [0m] [1mInstalling 7 plugins          [0m
[2025-07-10T15:22:41.208+0000] {docker.py:429} INFO - [2m2025-07-10T15:22:41.207341Z[0m [[32m[1minfo     [0m] [1mInstalling extractor 'tap-postgres'[0m
[2025-07-10T15:22:41.226+0000] {docker.py:429} INFO - [2m2025-07-10T15:22:41.225886Z[0m [[32m[1minfo     [0m] [1mInstalling extractor 'tap-csv'[0m
[2025-07-10T15:22:41.249+0000] {docker.py:429} INFO - [2m2025-07-10T15:22:41.248838Z[0m [[32m[1minfo     [0m] [1mInstalling extractor 'tap-csv-latest'[0m
[2025-07-10T15:22:41.285+0000] {docker.py:429} INFO - [2m2025-07-10T15:22:41.283952Z[0m [[32m[1minfo     [0m] [1mInstalling loader 'target-postgres'[0m
[2025-07-10T15:22:41.321+0000] {docker.py:429} INFO - [2m2025-07-10T15:22:41.320795Z[0m [[32m[1minfo     [0m] [1mInstalling loader 'target-csv'[0m
[2025-07-10T15:22:41.354+0000] {docker.py:429} INFO - [2m2025-07-10T15:22:41.352868Z[0m [[32m[1minfo     [0m] [1mInstalling loader 'target-csv-postgres'[0m
[2025-07-10T15:22:41.394+0000] {docker.py:429} INFO - [2m2025-07-10T15:22:41.393371Z[0m [[32m[1minfo     [0m] [1mInstalling loader 'target-csv-csv'[0m
[2025-07-10T15:22:42.559+0000] {docker.py:429} INFO - [2m2025-07-10T15:22:42.558149Z[0m [[32m[1minfo     [0m] [1mInstalled extractor 'tap-postgres'[0m
[2025-07-10T15:22:42.604+0000] {docker.py:429} INFO - [2m2025-07-10T15:22:42.604366Z[0m [[32m[1minfo     [0m] [1mInstalled loader 'target-postgres'[0m
[2025-07-10T15:22:46.953+0000] {docker.py:429} INFO - [2m2025-07-10T15:22:46.951657Z[0m [[32m[1minfo     [0m] [1mInstalled extractor 'tap-csv' [0m
[2025-07-10T15:22:46.976+0000] {docker.py:429} INFO - [2m2025-07-10T15:22:46.975589Z[0m [[32m[1minfo     [0m] [1mInstalled extractor 'tap-csv-latest'[0m
[2025-07-10T15:22:47.655+0000] {docker.py:429} INFO - [2m2025-07-10T15:22:47.654618Z[0m [[32m[1minfo     [0m] [1mInstalled loader 'target-csv' [0m
[2025-07-10T15:22:48.004+0000] {docker.py:429} INFO - [2m2025-07-10T15:22:48.003479Z[0m [[32m[1minfo     [0m] [1mInstalled loader 'target-csv-csv'[0m
[2025-07-10T15:22:48.033+0000] {docker.py:429} INFO - [2m2025-07-10T15:22:48.032565Z[0m [[32m[1minfo     [0m] [1mInstalled loader 'target-csv-postgres'[0m
[2025-07-10T15:22:48.033+0000] {docker.py:429} INFO - [2m2025-07-10T15:22:48.033095Z[0m [[32m[1minfo     [0m] [1mInstalled 7/7 plugins         [0m
[2025-07-10T15:22:48.922+0000] {docker.py:429} INFO - Meltano install completed. Executing command: meltano el tap-csv target-csv-csv
[2025-07-10T15:22:49.968+0000] {docker.py:429} INFO - [2m2025-07-10T15:22:49.967841Z[0m [[32m[1minfo     [0m] [1mEnvironment 'dev' is active   [0m
[2025-07-10T15:22:50.345+0000] {docker.py:429} INFO - [2m2025-07-10T15:22:50.345035Z[0m [[32m[1minfo     [0m] [1mRunning extract & load...     [0m [36mname[0m=[35mmeltano[0m [36mrun_id[0m=[35m815f53e2-db51-404b-81d4-b0b8634ec7a0[0m [36mstate_id[0m=[35m2025-07-10T152250--tap-csv--target-csv-csv[0m
[2025-07-10T15:22:51.311+0000] {docker.py:429} INFO - [2m2025-07-10T15:22:51.311030Z[0m [[32m[1minfo     [0m] [1mINFO Sending version information to singer.io. To disable sending anonymous usage data, set the config parameter "disable_collection" to true[0m [36mcmd_type[0m=[35mloader[0m [36mname[0m=[35mtarget-csv-csv[0m [36mrun_id[0m=[35m815f53e2-db51-404b-81d4-b0b8634ec7a0[0m [36mstate_id[0m=[35m2025-07-10T152250--tap-csv--target-csv-csv[0m [36mstdio[0m=[35mstderr[0m
[2025-07-10T15:22:51.616+0000] {docker.py:429} INFO - [2m2025-07-10T15:22:51.615739Z[0m [[32m[1minfo     [0m] [1m/opt/meltano/.meltano/extractors/tap-csv/venv/lib/python3.9/site-packages/singer_sdk/tap_base.py:516: SingerSDKDeprecationWarning: Passing a catalog file path is deprecated. Please pass the catalog as a dictionary or Catalog object instead.[0m [36mcmd_type[0m=[35mextractor[0m [36mname[0m=[35mtap-csv[0m [36mrun_id[0m=[35m815f53e2-db51-404b-81d4-b0b8634ec7a0[0m [36mstate_id[0m=[35m2025-07-10T152250--tap-csv--target-csv-csv[0m [36mstdio[0m=[35mstderr[0m
[2m2025-07-10T15:22:51.616061Z[0m [[32m[1minfo     [0m] [1m  tap = cls(                  [0m [36mcmd_type[0m=[35mextractor[0m [36mname[0m=[35mtap-csv[0m [36mrun_id[0m=[35m815f53e2-db51-404b-81d4-b0b8634ec7a0[0m [36mstate_id[0m=[35m2025-07-10T152250--tap-csv--target-csv-csv[0m [36mstdio[0m=[35mstderr[0m
[2025-07-10T15:22:51.617+0000] {docker.py:429} INFO - [2m2025-07-10T15:22:51.616327Z[0m [[32m[1minfo     [0m] [1m                              [0m [36mcmd_type[0m=[35mextractor[0m [36mname[0m=[35mtap-csv[0m [36mrun_id[0m=[35m815f53e2-db51-404b-81d4-b0b8634ec7a0[0m [36mstate_id[0m=[35m2025-07-10T152250--tap-csv--target-csv-csv[0m [36mstdio[0m=[35mstderr[0m
[2025-07-10T15:22:51.617+0000] {docker.py:429} INFO - [2m2025-07-10T15:22:51.616687Z[0m [[32m[1minfo     [0m] [1mBeginning full_table sync of 'order_details'...[0m [36mcmd_type[0m=[35mextractor[0m [36mname[0m=[35mtap-csv[0m [36mrun_id[0m=[35m815f53e2-db51-404b-81d4-b0b8634ec7a0[0m [36mstate_id[0m=[35m2025-07-10T152250--tap-csv--target-csv-csv[0m [36mstdio[0m=[35mstderr[0m
[2025-07-10T15:22:51.617+0000] {docker.py:429} INFO - [2m2025-07-10T15:22:51.616893Z[0m [[32m[1minfo     [0m] [1mTap has custom mapper. Using 1 provided map(s).[0m [36mcmd_type[0m=[35mextractor[0m [36mname[0m=[35mtap-csv[0m [36mrun_id[0m=[35m815f53e2-db51-404b-81d4-b0b8634ec7a0[0m [36mstate_id[0m=[35m2025-07-10T152250--tap-csv--target-csv-csv[0m [36mstdio[0m=[35mstderr[0m
[2025-07-10T15:22:51.781+0000] {docker.py:429} INFO - [2m2025-07-10T15:22:51.780136Z[0m [[32m[1minfo     [0m] [1mMETRIC: {"type": "timer", "metric": "sync_duration", "value": 0.16337251663208008, "tags": {"stream": "order_details", "pid": 176, "context": {}, "status": "succeeded"}}[0m [36mcmd_type[0m=[35mextractor[0m [36mname[0m=[35mtap-csv[0m [36mrun_id[0m=[35m815f53e2-db51-404b-81d4-b0b8634ec7a0[0m [36mstate_id[0m=[35m2025-07-10T152250--tap-csv--target-csv-csv[0m [36mstdio[0m=[35mstderr[0m
[2025-07-10T15:22:51.781+0000] {docker.py:429} INFO - [2m2025-07-10T15:22:51.780972Z[0m [[32m[1minfo     [0m] [1mMETRIC: {"type": "counter", "metric": "record_count", "value": 2155, "tags": {"stream": "order_details", "pid": 176, "context": {}}}[0m [36mcmd_type[0m=[35mextractor[0m [36mname[0m=[35mtap-csv[0m [36mrun_id[0m=[35m815f53e2-db51-404b-81d4-b0b8634ec7a0[0m [36mstate_id[0m=[35m2025-07-10T152250--tap-csv--target-csv-csv[0m [36mstdio[0m=[35mstderr[0m
[2025-07-10T15:22:51.896+0000] {docker.py:429} INFO - [2m2025-07-10T15:22:51.895361Z[0m [[32m[1minfo     [0m] [1mUsing systemdb state backend  [0m
[2025-07-10T15:22:51.907+0000] {docker.py:429} INFO - [2m2025-07-10T15:22:51.906751Z[0m [[32m[1minfo     [0m] [1mIncremental state has been updated at 2025-07-10 15:22:51.906712+00:00.[0m
[2025-07-10T15:22:51.908+0000] {docker.py:429} INFO - [2m2025-07-10T15:22:51.907914Z[0m [[32m[1minfo     [0m] [1mExtract & load complete!      [0m [36mname[0m=[35mmeltano[0m [36mrun_id[0m=[35m815f53e2-db51-404b-81d4-b0b8634ec7a0[0m [36mstate_id[0m=[35m2025-07-10T152250--tap-csv--target-csv-csv[0m
[2025-07-10T15:22:51.909+0000] {docker.py:429} INFO - [2m2025-07-10T15:22:51.908254Z[0m [[32m[1minfo     [0m] [1mTransformation skipped.       [0m [36mname[0m=[35mmeltano[0m [36mrun_id[0m=[35m815f53e2-db51-404b-81d4-b0b8634ec7a0[0m [36mstate_id[0m=[35m2025-07-10T152250--tap-csv--target-csv-csv[0m
[2025-07-10T15:22:52.958+0000] {taskinstance.py:1138} INFO - Marking task as SUCCESS. dag_id=northwind, task_id=extração_csv, execution_date=20250710T152225, start_date=20250710T152239, end_date=20250710T152252
[2025-07-10T15:22:53.003+0000] {local_task_job_runner.py:234} INFO - Task exited with return code 0
[2025-07-10T15:22:53.025+0000] {taskinstance.py:3280} INFO - 1 downstream tasks scheduled from follow-on schedule check
