[2025-07-01T13:36:59.057+0000] {taskinstance.py:1956} INFO - Dependencies all met for dep_context=non-requeueable deps ti=<TaskInstance: northwind.gerar_config_csv_dinamica manual__2025-07-01T13:36:16.716435+00:00 [queued]>
[2025-07-01T13:36:59.067+0000] {taskinstance.py:1956} INFO - Dependencies all met for dep_context=requeueable deps ti=<TaskInstance: northwind.gerar_config_csv_dinamica manual__2025-07-01T13:36:16.716435+00:00 [queued]>
[2025-07-01T13:36:59.067+0000] {taskinstance.py:2170} INFO - Starting attempt 1 of 2
[2025-07-01T13:36:59.081+0000] {taskinstance.py:2191} INFO - Executing <Task(DockerOperator): gerar_config_csv_dinamica> on 2025-07-01 13:36:16.716435+00:00
[2025-07-01T13:36:59.086+0000] {standard_task_runner.py:60} INFO - Started process 186 to run task
[2025-07-01T13:36:59.089+0000] {standard_task_runner.py:87} INFO - Running: ['***', 'tasks', 'run', 'northwind', 'gerar_config_csv_dinamica', 'manual__2025-07-01T13:36:16.716435+00:00', '--job-id', '51', '--raw', '--subdir', 'DAGS_FOLDER/dag.py', '--cfg-path', '/tmp/tmp6yfiz1z8']
[2025-07-01T13:36:59.093+0000] {standard_task_runner.py:88} INFO - Job 51: Subtask gerar_config_csv_dinamica
[2025-07-01T13:36:59.145+0000] {task_command.py:423} INFO - Running <TaskInstance: northwind.gerar_config_csv_dinamica manual__2025-07-01T13:36:16.716435+00:00 [running]> on host a0138d8cef03
[2025-07-01T13:36:59.221+0000] {taskinstance.py:2480} INFO - Exporting env vars: AIRFLOW_CTX_DAG_EMAIL='lrbf@cin.ufpe.br' AIRFLOW_CTX_DAG_OWNER='***' AIRFLOW_CTX_DAG_ID='northwind' AIRFLOW_CTX_TASK_ID='gerar_config_csv_dinamica' AIRFLOW_CTX_EXECUTION_DATE='2025-07-01T13:36:16.716435+00:00' AIRFLOW_CTX_TRY_NUMBER='1' AIRFLOW_CTX_DAG_RUN_ID='manual__2025-07-01T13:36:16.716435+00:00'
[2025-07-01T13:36:59.285+0000] {docker.py:359} INFO - Starting docker container from image meltano:latest
[2025-07-01T13:36:59.572+0000] {docker.py:429} INFO - Running meltano install...
[2025-07-01T13:37:00.885+0000] {docker.py:429} INFO - [2m2025-07-01T13:37:00.884325Z[0m [[32m[1minfo     [0m] [1mInstalling 7 plugins          [0m
[2025-07-01T13:37:00.902+0000] {docker.py:429} INFO - [2m2025-07-01T13:37:00.901335Z[0m [[32m[1minfo     [0m] [1mInstalling extractor 'tap-postgres'[0m
[2025-07-01T13:37:00.927+0000] {docker.py:429} INFO - [2m2025-07-01T13:37:00.926342Z[0m [[32m[1minfo     [0m] [1mInstalling extractor 'tap-csv'[0m
[2025-07-01T13:37:00.950+0000] {docker.py:429} INFO - [2m2025-07-01T13:37:00.949520Z[0m [[32m[1minfo     [0m] [1mInstalling extractor 'tap-csv-latest'[0m
[2025-07-01T13:37:00.998+0000] {docker.py:429} INFO - [2m2025-07-01T13:37:00.996667Z[0m [[32m[1minfo     [0m] [1mInstalling loader 'target-postgres'[0m
[2025-07-01T13:37:01.044+0000] {docker.py:429} INFO - [2m2025-07-01T13:37:01.043038Z[0m [[32m[1minfo     [0m] [1mInstalling loader 'target-csv'[0m
[2025-07-01T13:37:01.103+0000] {docker.py:429} INFO - [2m2025-07-01T13:37:01.102272Z[0m [[32m[1minfo     [0m] [1mInstalling loader 'target-csv-postgres'[0m
[2025-07-01T13:37:01.159+0000] {docker.py:429} INFO - [2m2025-07-01T13:37:01.154899Z[0m [[32m[1minfo     [0m] [1mInstalling loader 'target-csv-csv'[0m
[2025-07-01T13:37:02.384+0000] {docker.py:429} INFO - [2m2025-07-01T13:37:02.383627Z[0m [[32m[1minfo     [0m] [1mInstalled extractor 'tap-postgres'[0m
[2025-07-01T13:37:02.420+0000] {docker.py:429} INFO - [2m2025-07-01T13:37:02.419330Z[0m [[32m[1minfo     [0m] [1mInstalled loader 'target-postgres'[0m
[2025-07-01T13:37:07.073+0000] {docker.py:429} INFO - [2m2025-07-01T13:37:07.072001Z[0m [[32m[1minfo     [0m] [1mInstalled extractor 'tap-csv-latest'[0m
[2025-07-01T13:37:07.119+0000] {docker.py:429} INFO - [2m2025-07-01T13:37:07.118527Z[0m [[32m[1minfo     [0m] [1mInstalled extractor 'tap-csv' [0m
[2025-07-01T13:37:07.971+0000] {docker.py:429} INFO - [2m2025-07-01T13:37:07.969721Z[0m [[32m[1minfo     [0m] [1mInstalled loader 'target-csv' [0m
[2025-07-01T13:37:08.286+0000] {docker.py:429} INFO - [2m2025-07-01T13:37:08.285948Z[0m [[32m[1minfo     [0m] [1mInstalled loader 'target-csv-postgres'[0m
[2025-07-01T13:37:08.836+0000] {docker.py:429} INFO - [2m2025-07-01T13:37:08.835906Z[0m [[32m[1minfo     [0m] [1mInstalled loader 'target-csv-csv'[0m
[2025-07-01T13:37:08.837+0000] {docker.py:429} INFO - [2m2025-07-01T13:37:08.836494Z[0m [[32m[1minfo     [0m] [1mInstalled 7/7 plugins         [0m
[2025-07-01T13:37:09.676+0000] {docker.py:429} INFO - Meltano install completed. Executing command: python /opt/meltano/scripts/generate_csv_config.py
[2025-07-01T13:37:09.717+0000] {docker.py:429} INFO - {"files": [{"entity": "order_details", "path": "/opt/output_data/csv/order_details/2025-07-01/file.csv", "keys": ["order_id", "product_id"], "delimiter": ",", "encoding": "utf-8"}, {"entity": "public-categories", "path": "/opt/output_data/postgres/public-categories/2025-07-01/file.csv", "keys": ["category_id"], "delimiter": ",", "encoding": "utf-8"}, {"entity": "public-products", "path": "/opt/output_data/postgres/public-products/2025-07-01/file.csv", "keys": ["product_id"], "delimiter": ",", "encoding": "utf-8"}, {"entity": "public-suppliers", "path": "/opt/output_data/postgres/public-suppliers/2025-07-01/file.csv", "keys": ["supplier_id"], "delimiter": ",", "encoding": "utf-8"}, {"entity": "public-orders", "path": "/opt/output_data/postgres/public-orders/2025-07-01/file.csv", "keys": ["order_id"], "delimiter": ",", "encoding": "utf-8"}, {"entity": "public-customers", "path": "/opt/output_data/postgres/public-customers/2025-07-01/file.csv", "keys": ["customer_id"], "delimiter": ",", "encoding": "utf-8"}, {"entity": "public-employees", "path": "/opt/output_data/postgres/public-employees/2025-07-01/file.csv", "keys": ["employee_id"], "delimiter": ",", "encoding": "utf-8"}, {"entity": "public-employee_territories", "path": "/opt/output_data/postgres/public-employee_territories/2025-07-01/file.csv", "keys": ["employee_id", "territory_id"], "delimiter": ",", "encoding": "utf-8"}, {"entity": "public-territories", "path": "/opt/output_data/postgres/public-territories/2025-07-01/file.csv", "keys": ["territory_id"], "delimiter": ",", "encoding": "utf-8"}, {"entity": "public-region", "path": "/opt/output_data/postgres/public-region/2025-07-01/file.csv", "keys": ["region_id"], "delimiter": ",", "encoding": "utf-8"}, {"entity": "public-shippers", "path": "/opt/output_data/postgres/public-shippers/2025-07-01/file.csv", "keys": ["shipper_id"], "delimiter": ",", "encoding": "utf-8"}, {"entity": "public-us_states", "path": "/opt/output_data/postgres/public-us_states/2025-07-01/file.csv", "keys": ["state_id"], "delimiter": ",", "encoding": "utf-8"}]}
[2025-07-01T13:37:10.058+0000] {taskinstance.py:1138} INFO - Marking task as SUCCESS. dag_id=northwind, task_id=gerar_config_csv_dinamica, execution_date=20250701T133616, start_date=20250701T133659, end_date=20250701T133710
[2025-07-01T13:37:10.113+0000] {local_task_job_runner.py:234} INFO - Task exited with return code 0
[2025-07-01T13:37:10.151+0000] {taskinstance.py:3280} INFO - 1 downstream tasks scheduled from follow-on schedule check
