[2025-07-10T13:01:07.897+0000] {taskinstance.py:1956} INFO - Dependencies all met for dep_context=non-requeueable deps ti=<TaskInstance: northwind.gerar_config_csv_dinamica manual__2025-07-10T13:00:35.956858+00:00 [queued]>
[2025-07-10T13:01:07.906+0000] {taskinstance.py:1956} INFO - Dependencies all met for dep_context=requeueable deps ti=<TaskInstance: northwind.gerar_config_csv_dinamica manual__2025-07-10T13:00:35.956858+00:00 [queued]>
[2025-07-10T13:01:07.906+0000] {taskinstance.py:2170} INFO - Starting attempt 1 of 2
[2025-07-10T13:01:07.917+0000] {taskinstance.py:2191} INFO - Executing <Task(DockerOperator): gerar_config_csv_dinamica> on 2025-07-10 13:00:35.956858+00:00
[2025-07-10T13:01:07.923+0000] {standard_task_runner.py:60} INFO - Started process 189 to run task
[2025-07-10T13:01:07.926+0000] {standard_task_runner.py:87} INFO - Running: ['***', 'tasks', 'run', 'northwind', 'gerar_config_csv_dinamica', 'manual__2025-07-10T13:00:35.956858+00:00', '--job-id', '38', '--raw', '--subdir', 'DAGS_FOLDER/northwind.py', '--cfg-path', '/tmp/tmpy_v1kobi']
[2025-07-10T13:01:07.928+0000] {standard_task_runner.py:88} INFO - Job 38: Subtask gerar_config_csv_dinamica
[2025-07-10T13:01:07.976+0000] {task_command.py:423} INFO - Running <TaskInstance: northwind.gerar_config_csv_dinamica manual__2025-07-10T13:00:35.956858+00:00 [running]> on host 0b8a8e1ab1ec
[2025-07-10T13:01:08.046+0000] {taskinstance.py:2480} INFO - Exporting env vars: AIRFLOW_CTX_DAG_EMAIL='lrbf@cin.ufpe.br' AIRFLOW_CTX_DAG_OWNER='***' AIRFLOW_CTX_DAG_ID='northwind' AIRFLOW_CTX_TASK_ID='gerar_config_csv_dinamica' AIRFLOW_CTX_EXECUTION_DATE='2025-07-10T13:00:35.956858+00:00' AIRFLOW_CTX_TRY_NUMBER='1' AIRFLOW_CTX_DAG_RUN_ID='manual__2025-07-10T13:00:35.956858+00:00'
[2025-07-10T13:01:08.104+0000] {docker.py:359} INFO - Starting docker container from image meltano:latest
[2025-07-10T13:01:08.384+0000] {docker.py:429} INFO - Running meltano install...
[2025-07-10T13:01:09.689+0000] {docker.py:429} INFO - [2m2025-07-10T13:01:09.688920Z[0m [[32m[1minfo     [0m] [1mInstalling 7 plugins          [0m
[2025-07-10T13:01:09.700+0000] {docker.py:429} INFO - [2m2025-07-10T13:01:09.699915Z[0m [[32m[1minfo     [0m] [1mInstalling extractor 'tap-postgres'[0m
[2025-07-10T13:01:09.720+0000] {docker.py:429} INFO - [2m2025-07-10T13:01:09.719241Z[0m [[32m[1minfo     [0m] [1mInstalling extractor 'tap-csv'[0m
[2025-07-10T13:01:09.737+0000] {docker.py:429} INFO - [2m2025-07-10T13:01:09.736912Z[0m [[32m[1minfo     [0m] [1mInstalling extractor 'tap-csv-latest'[0m
[2025-07-10T13:01:09.758+0000] {docker.py:429} INFO - [2m2025-07-10T13:01:09.758020Z[0m [[32m[1minfo     [0m] [1mInstalling loader 'target-postgres'[0m
[2025-07-10T13:01:09.783+0000] {docker.py:429} INFO - [2m2025-07-10T13:01:09.782930Z[0m [[32m[1minfo     [0m] [1mInstalling loader 'target-csv'[0m
[2025-07-10T13:01:09.830+0000] {docker.py:429} INFO - [2m2025-07-10T13:01:09.829210Z[0m [[32m[1minfo     [0m] [1mInstalling loader 'target-csv-postgres'[0m
[2025-07-10T13:01:09.918+0000] {docker.py:429} INFO - [2m2025-07-10T13:01:09.916373Z[0m [[32m[1minfo     [0m] [1mInstalling loader 'target-csv-csv'[0m
[2025-07-10T13:01:11.156+0000] {docker.py:429} INFO - [2m2025-07-10T13:01:11.155417Z[0m [[32m[1minfo     [0m] [1mInstalled extractor 'tap-postgres'[0m
[2025-07-10T13:01:11.194+0000] {docker.py:429} INFO - [2m2025-07-10T13:01:11.193412Z[0m [[32m[1minfo     [0m] [1mInstalled loader 'target-postgres'[0m
[2025-07-10T13:01:12.381+0000] {docker.py:429} INFO - [2m2025-07-10T13:01:12.380252Z[0m [[32m[1minfo     [0m] [1mInstalled extractor 'tap-csv-latest'[0m
[2025-07-10T13:01:12.404+0000] {docker.py:429} INFO - [2m2025-07-10T13:01:12.403478Z[0m [[32m[1minfo     [0m] [1mInstalled extractor 'tap-csv' [0m
[2025-07-10T13:01:12.810+0000] {docker.py:429} INFO - [2m2025-07-10T13:01:12.809826Z[0m [[32m[1minfo     [0m] [1mInstalled loader 'target-csv' [0m
[2025-07-10T13:01:12.987+0000] {docker.py:429} INFO - [2m2025-07-10T13:01:12.986922Z[0m [[32m[1minfo     [0m] [1mInstalled loader 'target-csv-csv'[0m
[2025-07-10T13:01:13.094+0000] {docker.py:429} INFO - [2m2025-07-10T13:01:13.094279Z[0m [[32m[1minfo     [0m] [1mInstalled loader 'target-csv-postgres'[0m
[2025-07-10T13:01:13.095+0000] {docker.py:429} INFO - [2m2025-07-10T13:01:13.094593Z[0m [[32m[1minfo     [0m] [1mInstalled 7/7 plugins         [0m
[2025-07-10T13:01:13.923+0000] {docker.py:429} INFO - Meltano install completed. Executing command: python /opt/meltano/scripts/generate_csv_config.py
[2025-07-10T13:01:13.965+0000] {docker.py:429} INFO - [{"entity": "order_details", "path": "/opt/output_data/csv/order_details/2025-07-10/file.csv", "keys": ["order_id", "product_id"], "delimiter": ",", "encoding": "utf-8"}, {"entity": "public-categories", "path": "/opt/output_data/postgres/public-categories/2025-07-10/file.csv", "keys": ["category_id"], "delimiter": ",", "encoding": "utf-8"}, {"entity": "public-products", "path": "/opt/output_data/postgres/public-products/2025-07-10/file.csv", "keys": ["product_id"], "delimiter": ",", "encoding": "utf-8"}, {"entity": "public-suppliers", "path": "/opt/output_data/postgres/public-suppliers/2025-07-10/file.csv", "keys": ["supplier_id"], "delimiter": ",", "encoding": "utf-8"}, {"entity": "public-orders", "path": "/opt/output_data/postgres/public-orders/2025-07-10/file.csv", "keys": ["order_id"], "delimiter": ",", "encoding": "utf-8"}, {"entity": "public-customers", "path": "/opt/output_data/postgres/public-customers/2025-07-10/file.csv", "keys": ["customer_id"], "delimiter": ",", "encoding": "utf-8"}, {"entity": "public-employees", "path": "/opt/output_data/postgres/public-employees/2025-07-10/file.csv", "keys": ["employee_id"], "delimiter": ",", "encoding": "utf-8"}, {"entity": "public-employee_territories", "path": "/opt/output_data/postgres/public-employee_territories/2025-07-10/file.csv", "keys": ["employee_id", "territory_id"], "delimiter": ",", "encoding": "utf-8"}, {"entity": "public-territories", "path": "/opt/output_data/postgres/public-territories/2025-07-10/file.csv", "keys": ["territory_id"], "delimiter": ",", "encoding": "utf-8"}, {"entity": "public-region", "path": "/opt/output_data/postgres/public-region/2025-07-10/file.csv", "keys": ["region_id"], "delimiter": ",", "encoding": "utf-8"}, {"entity": "public-shippers", "path": "/opt/output_data/postgres/public-shippers/2025-07-10/file.csv", "keys": ["shipper_id"], "delimiter": ",", "encoding": "utf-8"}, {"entity": "public-us_states", "path": "/opt/output_data/postgres/public-us_states/2025-07-10/file.csv", "keys": ["state_id"], "delimiter": ",", "encoding": "utf-8"}]
[2025-07-10T13:01:14.165+0000] {taskinstance.py:1138} INFO - Marking task as SUCCESS. dag_id=northwind, task_id=gerar_config_csv_dinamica, execution_date=20250710T130035, start_date=20250710T130107, end_date=20250710T130114
[2025-07-10T13:01:14.180+0000] {local_task_job_runner.py:234} INFO - Task exited with return code 0
[2025-07-10T13:01:14.201+0000] {taskinstance.py:3280} INFO - 1 downstream tasks scheduled from follow-on schedule check
