[2025-07-01T22:01:11.745+0000] {taskinstance.py:1956} INFO - Dependencies all met for dep_context=non-requeueable deps ti=<TaskInstance: northwind.carregamento_postgres manual__2025-07-01T22:00:09.160190+00:00 [queued]>
[2025-07-01T22:01:11.762+0000] {taskinstance.py:1956} INFO - Dependencies all met for dep_context=requeueable deps ti=<TaskInstance: northwind.carregamento_postgres manual__2025-07-01T22:00:09.160190+00:00 [queued]>
[2025-07-01T22:01:11.762+0000] {taskinstance.py:2170} INFO - Starting attempt 1 of 2
[2025-07-01T22:01:11.786+0000] {taskinstance.py:2191} INFO - Executing <Task(DockerOperator): carregamento_postgres> on 2025-07-01 22:00:09.160190+00:00
[2025-07-01T22:01:11.791+0000] {standard_task_runner.py:60} INFO - Started process 193 to run task
[2025-07-01T22:01:11.797+0000] {standard_task_runner.py:87} INFO - Running: ['***', 'tasks', 'run', 'northwind', 'carregamento_postgres', 'manual__2025-07-01T22:00:09.160190+00:00', '--job-id', '17', '--raw', '--subdir', 'DAGS_FOLDER/northwind.py', '--cfg-path', '/tmp/tmpbj3xixv0']
[2025-07-01T22:01:11.800+0000] {standard_task_runner.py:88} INFO - Job 17: Subtask carregamento_postgres
[2025-07-01T22:01:11.868+0000] {task_command.py:423} INFO - Running <TaskInstance: northwind.carregamento_postgres manual__2025-07-01T22:00:09.160190+00:00 [running]> on host e62fc41f1c39
[2025-07-01T22:01:11.996+0000] {taskinstance.py:2480} INFO - Exporting env vars: AIRFLOW_CTX_DAG_EMAIL='lrbf@cin.ufpe.br' AIRFLOW_CTX_DAG_OWNER='***' AIRFLOW_CTX_DAG_ID='northwind' AIRFLOW_CTX_TASK_ID='carregamento_postgres' AIRFLOW_CTX_EXECUTION_DATE='2025-07-01T22:00:09.160190+00:00' AIRFLOW_CTX_TRY_NUMBER='1' AIRFLOW_CTX_DAG_RUN_ID='manual__2025-07-01T22:00:09.160190+00:00'
[2025-07-01T22:01:12.075+0000] {docker.py:359} INFO - Starting docker container from image meltano:latest
[2025-07-01T22:01:12.627+0000] {docker.py:429} INFO - Running meltano install...
[2025-07-01T22:01:14.417+0000] {docker.py:429} INFO - [2m2025-07-01T22:01:14.416314Z[0m [[32m[1minfo     [0m] [1mInstalling 7 plugins          [0m
[2025-07-01T22:01:14.438+0000] {docker.py:429} INFO - [2m2025-07-01T22:01:14.438195Z[0m [[32m[1minfo     [0m] [1mInstalling extractor 'tap-postgres'[0m
[2025-07-01T22:01:14.465+0000] {docker.py:429} INFO - [2m2025-07-01T22:01:14.464422Z[0m [[32m[1minfo     [0m] [1mInstalling extractor 'tap-csv'[0m
[2025-07-01T22:01:14.489+0000] {docker.py:429} INFO - [2m2025-07-01T22:01:14.488886Z[0m [[32m[1minfo     [0m] [1mInstalling extractor 'tap-csv-latest'[0m
[2025-07-01T22:01:14.507+0000] {docker.py:429} INFO - [2m2025-07-01T22:01:14.507123Z[0m [[32m[1minfo     [0m] [1mInstalling loader 'target-postgres'[0m
[2025-07-01T22:01:14.533+0000] {docker.py:429} INFO - [2m2025-07-01T22:01:14.532298Z[0m [[32m[1minfo     [0m] [1mInstalling loader 'target-csv'[0m
[2025-07-01T22:01:14.560+0000] {docker.py:429} INFO - [2m2025-07-01T22:01:14.559813Z[0m [[32m[1minfo     [0m] [1mInstalling loader 'target-csv-postgres'[0m
[2025-07-01T22:01:14.598+0000] {docker.py:429} INFO - [2m2025-07-01T22:01:14.593677Z[0m [[32m[1minfo     [0m] [1mInstalling loader 'target-csv-csv'[0m
[2025-07-01T22:01:15.856+0000] {docker.py:429} INFO - [2m2025-07-01T22:01:15.855784Z[0m [[32m[1minfo     [0m] [1mInstalled extractor 'tap-postgres'[0m
[2025-07-01T22:01:15.930+0000] {docker.py:429} INFO - [2m2025-07-01T22:01:15.930004Z[0m [[32m[1minfo     [0m] [1mInstalled loader 'target-postgres'[0m
[2025-07-01T22:01:20.672+0000] {docker.py:429} INFO - [2m2025-07-01T22:01:20.671522Z[0m [[32m[1minfo     [0m] [1mInstalled extractor 'tap-csv' [0m
[2025-07-01T22:01:20.688+0000] {docker.py:429} INFO - [2m2025-07-01T22:01:20.687512Z[0m [[32m[1minfo     [0m] [1mInstalled extractor 'tap-csv-latest'[0m
[2025-07-01T22:01:22.147+0000] {docker.py:429} INFO - [2m2025-07-01T22:01:22.146755Z[0m [[32m[1minfo     [0m] [1mInstalled loader 'target-csv' [0m
[2025-07-01T22:01:23.081+0000] {docker.py:429} INFO - [2m2025-07-01T22:01:23.080488Z[0m [[32m[1minfo     [0m] [1mInstalled loader 'target-csv-postgres'[0m
[2025-07-01T22:01:23.099+0000] {docker.py:429} INFO - [2m2025-07-01T22:01:23.098658Z[0m [[32m[1minfo     [0m] [1mInstalled loader 'target-csv-csv'[0m
[2025-07-01T22:01:23.100+0000] {docker.py:429} INFO - [2m2025-07-01T22:01:23.099679Z[0m [[32m[1minfo     [0m] [1mInstalled 7/7 plugins         [0m
[2025-07-01T22:01:24.111+0000] {docker.py:429} INFO - Meltano install completed. Executing command: bash -c meltano config tap-csv-latest set csv_files_definition /opt/meltano/config/tap-csv-latest.json && meltano el tap-csv-latest target-postgres
[2025-07-01T22:01:25.719+0000] {docker.py:429} INFO - [2m2025-07-01T22:01:25.718370Z[0m [[32m[1minfo     [0m] [1mThe default environment 'dev' will be ignored for `meltano config`. To configure a specific environment, please use the option `--environment=<environment name>`.[0m
[2025-07-01T22:01:25.929+0000] {docker.py:429} INFO - Extractor 'tap-csv-latest' setting 'csv_files_definition' was set in `meltano.yml`: '/opt/meltano/config/tap-csv-latest.json'
[2025-07-01T22:01:28.355+0000] {docker.py:429} INFO - [2m2025-07-01T22:01:28.354717Z[0m [[32m[1minfo     [0m] [1mEnvironment 'dev' is active   [0m
[2025-07-01T22:01:28.900+0000] {docker.py:429} INFO - [2m2025-07-01T22:01:28.899164Z[0m [[32m[1minfo     [0m] [1mRunning extract & load...     [0m [36mname[0m=[35mmeltano[0m [36mrun_id[0m=[35m78450625-b48c-4547-a17f-2606fd16bff0[0m [36mstate_id[0m=[35m2025-07-01T220128--tap-csv-latest--target-postgres[0m
[2025-07-01T22:01:29.806+0000] {docker.py:429} INFO - [2m2025-07-01T22:01:29.803727Z[0m [[32m[1minfo     [0m] [1mTraceback (most recent call last):[0m [36mcmd_type[0m=[35mextractor[0m [36mname[0m=[35mtap-csv-latest[0m [36mrun_id[0m=[35m78450625-b48c-4547-a17f-2606fd16bff0[0m [36mstate_id[0m=[35m2025-07-01T220128--tap-csv-latest--target-postgres[0m [36mstdio[0m=[35mstderr[0m
[2025-07-01T22:01:29.807+0000] {docker.py:429} INFO - [2m2025-07-01T22:01:29.805739Z[0m [[32m[1minfo     [0m] [1m  File "/opt/meltano/.meltano/extractors/tap-csv-latest/venv/bin/tap-csv", line 8, in <module>[0m [36mcmd_type[0m=[35mextractor[0m [36mname[0m=[35mtap-csv-latest[0m [36mrun_id[0m=[35m78450625-b48c-4547-a17f-2606fd16bff0[0m [36mstate_id[0m=[35m2025-07-01T220128--tap-csv-latest--target-postgres[0m [36mstdio[0m=[35mstderr[0m
[2025-07-01T22:01:29.807+0000] {docker.py:429} INFO - [2m2025-07-01T22:01:29.806534Z[0m [[32m[1minfo     [0m] [1m    sys.exit(TapCSV.cli())    [0m [36mcmd_type[0m=[35mextractor[0m [36mname[0m=[35mtap-csv-latest[0m [36mrun_id[0m=[35m78450625-b48c-4547-a17f-2606fd16bff0[0m [36mstate_id[0m=[35m2025-07-01T220128--tap-csv-latest--target-postgres[0m [36mstdio[0m=[35mstderr[0m
[2025-07-01T22:01:29.808+0000] {docker.py:429} INFO - [2m2025-07-01T22:01:29.807375Z[0m [[32m[1minfo     [0m] [1m  File "/opt/meltano/.meltano/extractors/tap-csv-latest/venv/lib/python3.9/site-packages/click/core.py", line 1161, in __call__[0m [36mcmd_type[0m=[35mextractor[0m [36mname[0m=[35mtap-csv-latest[0m [36mrun_id[0m=[35m78450625-b48c-4547-a17f-2606fd16bff0[0m [36mstate_id[0m=[35m2025-07-01T220128--tap-csv-latest--target-postgres[0m [36mstdio[0m=[35mstderr[0m
[2025-07-01T22:01:29.809+0000] {docker.py:429} INFO - [2m2025-07-01T22:01:29.808414Z[0m [[32m[1minfo     [0m] [1m    return self.main(*args, **kwargs)[0m [36mcmd_type[0m=[35mextractor[0m [36mname[0m=[35mtap-csv-latest[0m [36mrun_id[0m=[35m78450625-b48c-4547-a17f-2606fd16bff0[0m [36mstate_id[0m=[35m2025-07-01T220128--tap-csv-latest--target-postgres[0m [36mstdio[0m=[35mstderr[0m
[2025-07-01T22:01:29.810+0000] {docker.py:429} INFO - [2m2025-07-01T22:01:29.809172Z[0m [[32m[1minfo     [0m] [1m  File "/opt/meltano/.meltano/extractors/tap-csv-latest/venv/lib/python3.9/site-packages/click/core.py", line 1082, in main[0m [36mcmd_type[0m=[35mextractor[0m [36mname[0m=[35mtap-csv-latest[0m [36mrun_id[0m=[35m78450625-b48c-4547-a17f-2606fd16bff0[0m [36mstate_id[0m=[35m2025-07-01T220128--tap-csv-latest--target-postgres[0m [36mstdio[0m=[35mstderr[0m
[2025-07-01T22:01:29.810+0000] {docker.py:429} INFO - [2m2025-07-01T22:01:29.809782Z[0m [[32m[1minfo     [0m] [1m    rv = self.invoke(ctx)     [0m [36mcmd_type[0m=[35mextractor[0m [36mname[0m=[35mtap-csv-latest[0m [36mrun_id[0m=[35m78450625-b48c-4547-a17f-2606fd16bff0[0m [36mstate_id[0m=[35m2025-07-01T220128--tap-csv-latest--target-postgres[0m [36mstdio[0m=[35mstderr[0m
[2025-07-01T22:01:29.811+0000] {docker.py:429} INFO - [2m2025-07-01T22:01:29.810391Z[0m [[32m[1minfo     [0m] [1m  File "/opt/meltano/.meltano/extractors/tap-csv-latest/venv/lib/python3.9/site-packages/singer_sdk/plugin_base.py", line 93, in invoke[0m [36mcmd_type[0m=[35mextractor[0m [36mname[0m=[35mtap-csv-latest[0m [36mrun_id[0m=[35m78450625-b48c-4547-a17f-2606fd16bff0[0m [36mstate_id[0m=[35m2025-07-01T220128--tap-csv-latest--target-postgres[0m [36mstdio[0m=[35mstderr[0m
[2025-07-01T22:01:29.812+0000] {docker.py:429} INFO - [2m2025-07-01T22:01:29.811062Z[0m [[32m[1minfo     [0m] [1m    return super().invoke(ctx)[0m [36mcmd_type[0m=[35mextractor[0m [36mname[0m=[35mtap-csv-latest[0m [36mrun_id[0m=[35m78450625-b48c-4547-a17f-2606fd16bff0[0m [36mstate_id[0m=[35m2025-07-01T220128--tap-csv-latest--target-postgres[0m [36mstdio[0m=[35mstderr[0m
[2025-07-01T22:01:29.812+0000] {docker.py:429} INFO - [2m2025-07-01T22:01:29.811699Z[0m [[32m[1minfo     [0m] [1m  File "/opt/meltano/.meltano/extractors/tap-csv-latest/venv/lib/python3.9/site-packages/click/core.py", line 1443, in invoke[0m [36mcmd_type[0m=[35mextractor[0m [36mname[0m=[35mtap-csv-latest[0m [36mrun_id[0m=[35m78450625-b48c-4547-a17f-2606fd16bff0[0m [36mstate_id[0m=[35m2025-07-01T220128--tap-csv-latest--target-postgres[0m [36mstdio[0m=[35mstderr[0m
[2025-07-01T22:01:29.813+0000] {docker.py:429} INFO - [2m2025-07-01T22:01:29.812193Z[0m [[32m[1minfo     [0m] [1m    return ctx.invoke(self.callback, **ctx.params)[0m [36mcmd_type[0m=[35mextractor[0m [36mname[0m=[35mtap-csv-latest[0m [36mrun_id[0m=[35m78450625-b48c-4547-a17f-2606fd16bff0[0m [36mstate_id[0m=[35m2025-07-01T220128--tap-csv-latest--target-postgres[0m [36mstdio[0m=[35mstderr[0m
[2025-07-01T22:01:29.813+0000] {docker.py:429} INFO - [2m2025-07-01T22:01:29.812781Z[0m [[32m[1minfo     [0m] [1m  File "/opt/meltano/.meltano/extractors/tap-csv-latest/venv/lib/python3.9/site-packages/click/core.py", line 788, in invoke[0m [36mcmd_type[0m=[35mextractor[0m [36mname[0m=[35mtap-csv-latest[0m [36mrun_id[0m=[35m78450625-b48c-4547-a17f-2606fd16bff0[0m [36mstate_id[0m=[35m2025-07-01T220128--tap-csv-latest--target-postgres[0m [36mstdio[0m=[35mstderr[0m
[2025-07-01T22:01:29.814+0000] {docker.py:429} INFO - [2m2025-07-01T22:01:29.813266Z[0m [[32m[1minfo     [0m] [1m    return __callback(*args, **kwargs)[0m [36mcmd_type[0m=[35mextractor[0m [36mname[0m=[35mtap-csv-latest[0m [36mrun_id[0m=[35m78450625-b48c-4547-a17f-2606fd16bff0[0m [36mstate_id[0m=[35m2025-07-01T220128--tap-csv-latest--target-postgres[0m [36mstdio[0m=[35mstderr[0m
[2025-07-01T22:01:29.815+0000] {docker.py:429} INFO - [2m2025-07-01T22:01:29.813840Z[0m [[32m[1minfo     [0m] [1m  File "/opt/meltano/.meltano/extractors/tap-csv-latest/venv/lib/python3.9/site-packages/singer_sdk/tap_base.py", line 516, in invoke[0m [36mcmd_type[0m=[35mextractor[0m [36mname[0m=[35mtap-csv-latest[0m [36mrun_id[0m=[35m78450625-b48c-4547-a17f-2606fd16bff0[0m [36mstate_id[0m=[35m2025-07-01T220128--tap-csv-latest--target-postgres[0m [36mstdio[0m=[35mstderr[0m
[2025-07-01T22:01:29.816+0000] {docker.py:429} INFO - [2m2025-07-01T22:01:29.814444Z[0m [[32m[1minfo     [0m] [1m    tap = cls(                [0m [36mcmd_type[0m=[35mextractor[0m [36mname[0m=[35mtap-csv-latest[0m [36mrun_id[0m=[35m78450625-b48c-4547-a17f-2606fd16bff0[0m [36mstate_id[0m=[35m2025-07-01T220128--tap-csv-latest--target-postgres[0m [36mstdio[0m=[35mstderr[0m
[2025-07-01T22:01:29.817+0000] {docker.py:429} INFO - [2m2025-07-01T22:01:29.815242Z[0m [[32m[1minfo     [0m] [1m  File "/opt/meltano/.meltano/extractors/tap-csv-latest/venv/lib/python3.9/site-packages/singer_sdk/tap_base.py", line 118, in __init__[0m [36mcmd_type[0m=[35mextractor[0m [36mname[0m=[35mtap-csv-latest[0m [36mrun_id[0m=[35m78450625-b48c-4547-a17f-2606fd16bff0[0m [36mstate_id[0m=[35m2025-07-01T220128--tap-csv-latest--target-postgres[0m [36mstdio[0m=[35mstderr[0m
[2025-07-01T22:01:29.817+0000] {docker.py:429} INFO - [2m2025-07-01T22:01:29.815924Z[0m [[32m[1minfo     [0m] [1m    self.setup_mapper()       [0m [36mcmd_type[0m=[35mextractor[0m [36mname[0m=[35mtap-csv-latest[0m [36mrun_id[0m=[35m78450625-b48c-4547-a17f-2606fd16bff0[0m [36mstate_id[0m=[35m2025-07-01T220128--tap-csv-latest--target-postgres[0m [36mstdio[0m=[35mstderr[0m
[2025-07-01T22:01:29.817+0000] {docker.py:429} INFO - [2m2025-07-01T22:01:29.816677Z[0m [[32m[1minfo     [0m] [1m  File "/opt/meltano/.meltano/extractors/tap-csv-latest/venv/lib/python3.9/site-packages/singer_sdk/tap_base.py", line 194, in setup_mapper[0m [36mcmd_type[0m=[35mextractor[0m [36mname[0m=[35mtap-csv-latest[0m [36mrun_id[0m=[35m78450625-b48c-4547-a17f-2606fd16bff0[0m [36mstate_id[0m=[35m2025-07-01T220128--tap-csv-latest--target-postgres[0m [36mstdio[0m=[35mstderr[0m
[2025-07-01T22:01:29.819+0000] {docker.py:429} INFO - [2m2025-07-01T22:01:29.817446Z[0m [[32m[1minfo     [0m] [1m    self.mapper.register_raw_streams_from_catalog(self.catalog)[0m [36mcmd_type[0m=[35mextractor[0m [36mname[0m=[35mtap-csv-latest[0m [36mrun_id[0m=[35m78450625-b48c-4547-a17f-2606fd16bff0[0m [36mstate_id[0m=[35m2025-07-01T220128--tap-csv-latest--target-postgres[0m [36mstdio[0m=[35mstderr[0m
[2025-07-01T22:01:29.820+0000] {docker.py:429} INFO - [2m2025-07-01T22:01:29.818210Z[0m [[32m[1minfo     [0m] [1m  File "/opt/meltano/.meltano/extractors/tap-csv-latest/venv/lib/python3.9/site-packages/singer_sdk/tap_base.py", line 187, in catalog[0m [36mcmd_type[0m=[35mextractor[0m [36mname[0m=[35mtap-csv-latest[0m [36mrun_id[0m=[35m78450625-b48c-4547-a17f-2606fd16bff0[0m [36mstate_id[0m=[35m2025-07-01T220128--tap-csv-latest--target-postgres[0m [36mstdio[0m=[35mstderr[0m
[2025-07-01T22:01:29.822+0000] {docker.py:429} INFO - [2m2025-07-01T22:01:29.819277Z[0m [[32m[1minfo     [0m] [1m    self._catalog = self.input_catalog or self._singer_catalog[0m [36mcmd_type[0m=[35mextractor[0m [36mname[0m=[35mtap-csv-latest[0m [36mrun_id[0m=[35m78450625-b48c-4547-a17f-2606fd16bff0[0m [36mstate_id[0m=[35m2025-07-01T220128--tap-csv-latest--target-postgres[0m [36mstdio[0m=[35mstderr[0m
[2025-07-01T22:01:29.823+0000] {docker.py:429} INFO - [2m2025-07-01T22:01:29.820464Z[0m [[32m[1minfo     [0m] [1m  File "/opt/meltano/.meltano/extractors/tap-csv-latest/venv/lib/python3.9/site-packages/singer_sdk/tap_base.py", line 340, in _singer_catalog[0m [36mcmd_type[0m=[35mextractor[0m [36mname[0m=[35mtap-csv-latest[0m [36mrun_id[0m=[35m78450625-b48c-4547-a17f-2606fd16bff0[0m [36mstate_id[0m=[35m2025-07-01T220128--tap-csv-latest--target-postgres[0m [36mstdio[0m=[35mstderr[0m
[2025-07-01T22:01:29.823+0000] {docker.py:429} INFO - [2m2025-07-01T22:01:29.821548Z[0m [[32m[1minfo     [0m] [1m    for stream in self.streams.values()[0m [36mcmd_type[0m=[35mextractor[0m [36mname[0m=[35mtap-csv-latest[0m [36mrun_id[0m=[35m78450625-b48c-4547-a17f-2606fd16bff0[0m [36mstate_id[0m=[35m2025-07-01T220128--tap-csv-latest--target-postgres[0m [36mstdio[0m=[35mstderr[0m
[2025-07-01T22:01:29.824+0000] {docker.py:429} INFO - [2m2025-07-01T22:01:29.822354Z[0m [[32m[1minfo     [0m] [1m  File "/opt/meltano/.meltano/extractors/tap-csv-latest/venv/lib/python3.9/site-packages/singer_sdk/tap_base.py", line 149, in streams[0m [36mcmd_type[0m=[35mextractor[0m [36mname[0m=[35mtap-csv-latest[0m [36mrun_id[0m=[35m78450625-b48c-4547-a17f-2606fd16bff0[0m [36mstate_id[0m=[35m2025-07-01T220128--tap-csv-latest--target-postgres[0m [36mstdio[0m=[35mstderr[0m
[2025-07-01T22:01:29.825+0000] {docker.py:429} INFO - [2m2025-07-01T22:01:29.823075Z[0m [[32m[1minfo     [0m] [1m    for stream in self.load_streams():[0m [36mcmd_type[0m=[35mextractor[0m [36mname[0m=[35mtap-csv-latest[0m [36mrun_id[0m=[35m78450625-b48c-4547-a17f-2606fd16bff0[0m [36mstate_id[0m=[35m2025-07-01T220128--tap-csv-latest--target-postgres[0m [36mstdio[0m=[35mstderr[0m
[2025-07-01T22:01:29.825+0000] {docker.py:429} INFO - [2m2025-07-01T22:01:29.823943Z[0m [[32m[1minfo     [0m] [1m  File "/opt/meltano/.meltano/extractors/tap-csv-latest/venv/lib/python3.9/site-packages/singer_sdk/tap_base.py", line 373, in load_streams[0m [36mcmd_type[0m=[35mextractor[0m [36mname[0m=[35mtap-csv-latest[0m [36mrun_id[0m=[35m78450625-b48c-4547-a17f-2606fd16bff0[0m [36mstate_id[0m=[35m2025-07-01T220128--tap-csv-latest--target-postgres[0m [36mstdio[0m=[35mstderr[0m
[2025-07-01T22:01:29.826+0000] {docker.py:429} INFO - [2m2025-07-01T22:01:29.824659Z[0m [[32m[1minfo     [0m] [1m    for stream in self.discover_streams():[0m [36mcmd_type[0m=[35mextractor[0m [36mname[0m=[35mtap-csv-latest[0m [36mrun_id[0m=[35m78450625-b48c-4547-a17f-2606fd16bff0[0m [36mstate_id[0m=[35m2025-07-01T220128--tap-csv-latest--target-postgres[0m [36mstdio[0m=[35mstderr[0m
[2025-07-01T22:01:29.826+0000] {docker.py:429} INFO - [2m2025-07-01T22:01:29.825440Z[0m [[32m[1minfo     [0m] [1m  File "/opt/meltano/.meltano/extractors/tap-csv-latest/venv/lib/python3.9/site-packages/tap_csv/tap.py", line 89, in discover_streams[0m [36mcmd_type[0m=[35mextractor[0m [36mname[0m=[35mtap-csv-latest[0m [36mrun_id[0m=[35m78450625-b48c-4547-a17f-2606fd16bff0[0m [36mstate_id[0m=[35m2025-07-01T220128--tap-csv-latest--target-postgres[0m [36mstdio[0m=[35mstderr[0m
[2025-07-01T22:01:29.827+0000] {docker.py:429} INFO - [2m2025-07-01T22:01:29.826195Z[0m [[32m[1minfo     [0m] [1m    return [                  [0m [36mcmd_type[0m=[35mextractor[0m [36mname[0m=[35mtap-csv-latest[0m [36mrun_id[0m=[35m78450625-b48c-4547-a17f-2606fd16bff0[0m [36mstate_id[0m=[35m2025-07-01T220128--tap-csv-latest--target-postgres[0m [36mstdio[0m=[35mstderr[0m
[2025-07-01T22:01:29.828+0000] {docker.py:429} INFO - [2m2025-07-01T22:01:29.827033Z[0m [[32m[1minfo     [0m] [1m  File "/opt/meltano/.meltano/extractors/tap-csv-latest/venv/lib/python3.9/site-packages/tap_csv/tap.py", line 92, in <listcomp>[0m [36mcmd_type[0m=[35mextractor[0m [36mname[0m=[35mtap-csv-latest[0m [36mrun_id[0m=[35m78450625-b48c-4547-a17f-2606fd16bff0[0m [36mstate_id[0m=[35m2025-07-01T220128--tap-csv-latest--target-postgres[0m [36mstdio[0m=[35mstderr[0m
[2025-07-01T22:01:29.828+0000] {docker.py:429} INFO - [2m2025-07-01T22:01:29.827806Z[0m [[32m[1minfo     [0m] [1m    name=file_config.get("entity"),[0m [36mcmd_type[0m=[35mextractor[0m [36mname[0m=[35mtap-csv-latest[0m [36mrun_id[0m=[35m78450625-b48c-4547-a17f-2606fd16bff0[0m [36mstate_id[0m=[35m2025-07-01T220128--tap-csv-latest--target-postgres[0m [36mstdio[0m=[35mstderr[0m
[2025-07-01T22:01:29.829+0000] {docker.py:429} INFO - [2m2025-07-01T22:01:29.828552Z[0m [[32m[1minfo     [0m] [1mAttributeError: 'str' object has no attribute 'get'[0m [36mcmd_type[0m=[35mextractor[0m [36mname[0m=[35mtap-csv-latest[0m [36mrun_id[0m=[35m78450625-b48c-4547-a17f-2606fd16bff0[0m [36mstate_id[0m=[35m2025-07-01T220128--tap-csv-latest--target-postgres[0m [36mstdio[0m=[35mstderr[0m
[2025-07-01T22:01:30.046+0000] {docker.py:429} INFO - [2m2025-07-01T22:01:30.044814Z[0m [[32m[1minfo     [0m] [1mtarget-postgres v0.4.3, Meltano SDK v0.47.4[0m [36mcmd_type[0m=[35mloader[0m [36mname[0m=[35mtarget-postgres[0m [36mrun_id[0m=[35m78450625-b48c-4547-a17f-2606fd16bff0[0m [36mstate_id[0m=[35m2025-07-01T220128--tap-csv-latest--target-postgres[0m [36mstdio[0m=[35mstderr[0m
[2025-07-01T22:01:30.047+0000] {docker.py:429} INFO - [2m2025-07-01T22:01:30.046042Z[0m [[32m[1minfo     [0m] [1m/opt/meltano/.meltano/loaders/target-postgres/venv/lib/python3.9/site-packages/singer_sdk/plugin_base.py:715: SingerSDKDeprecationWarning: Passing a list of config file paths is deprecated. Please pass the config as a dictionary instead.[0m [36mcmd_type[0m=[35mloader[0m [36mname[0m=[35mtarget-postgres[0m [36mrun_id[0m=[35m78450625-b48c-4547-a17f-2606fd16bff0[0m [36mstate_id[0m=[35m2025-07-01T220128--tap-csv-latest--target-postgres[0m [36mstdio[0m=[35mstderr[0m
[2025-07-01T22:01:30.048+0000] {docker.py:429} INFO - [2m2025-07-01T22:01:30.046970Z[0m [[32m[1minfo     [0m] [1m  super().__init__(           [0m [36mcmd_type[0m=[35mloader[0m [36mname[0m=[35mtarget-postgres[0m [36mrun_id[0m=[35m78450625-b48c-4547-a17f-2606fd16bff0[0m [36mstate_id[0m=[35m2025-07-01T220128--tap-csv-latest--target-postgres[0m [36mstdio[0m=[35mstderr[0m
[2025-07-01T22:01:30.049+0000] {docker.py:429} INFO - [2m2025-07-01T22:01:30.047747Z[0m [[32m[1minfo     [0m] [1m                              [0m [36mcmd_type[0m=[35mloader[0m [36mname[0m=[35mtarget-postgres[0m [36mrun_id[0m=[35m78450625-b48c-4547-a17f-2606fd16bff0[0m [36mstate_id[0m=[35m2025-07-01T220128--tap-csv-latest--target-postgres[0m [36mstdio[0m=[35mstderr[0m
[2025-07-01T22:01:30.049+0000] {docker.py:429} INFO - [2m2025-07-01T22:01:30.048490Z[0m [[32m[1minfo     [0m] [1mSkipping parse of env var settings...[0m [36mcmd_type[0m=[35mloader[0m [36mname[0m=[35mtarget-postgres[0m [36mrun_id[0m=[35m78450625-b48c-4547-a17f-2606fd16bff0[0m [36mstate_id[0m=[35m2025-07-01T220128--tap-csv-latest--target-postgres[0m [36mstdio[0m=[35mstderr[0m
[2025-07-01T22:01:30.050+0000] {docker.py:429} INFO - [2m2025-07-01T22:01:30.049449Z[0m [[32m[1minfo     [0m] [1mThe `dialect+driver` configuration option is deprecated. Please set it to `postgresql+psycopg`, as this will be the hard-coded value in the future.[0m [36mcmd_type[0m=[35mloader[0m [36mname[0m=[35mtarget-postgres[0m [36mrun_id[0m=[35m78450625-b48c-4547-a17f-2606fd16bff0[0m [36mstate_id[0m=[35m2025-07-01T220128--tap-csv-latest--target-postgres[0m [36mstdio[0m=[35mstderr[0m
[2025-07-01T22:01:30.051+0000] {docker.py:429} INFO - [2m2025-07-01T22:01:30.050368Z[0m [[32m[1minfo     [0m] [1mReader 'target-postgres' completed processing 0 lines of input (0 schemas, 0 records, 0 batch manifests, 0 state messages, 0 activate version messages).[0m [36mcmd_type[0m=[35mloader[0m [36mname[0m=[35mtarget-postgres[0m [36mrun_id[0m=[35m78450625-b48c-4547-a17f-2606fd16bff0[0m [36mstate_id[0m=[35m2025-07-01T220128--tap-csv-latest--target-postgres[0m [36mstdio[0m=[35mstderr[0m
[2025-07-01T22:01:30.219+0000] {docker.py:429} INFO - [2m2025-07-01T22:01:30.218289Z[0m [[31m[1merror    [0m] [1mExtraction failed             [0m [36mcode[0m=[35m1[0m [36mmessage[0m=[35m"AttributeError: 'str' object has no attribute 'get'"[0m [36mname[0m=[35mmeltano[0m [36mrun_id[0m=[35m78450625-b48c-4547-a17f-2606fd16bff0[0m [36mstate_id[0m=[35m2025-07-01T220128--tap-csv-latest--target-postgres[0m
[2025-07-01T22:01:30.220+0000] {docker.py:429} INFO - [2m2025-07-01T22:01:30.219743Z[0m [[32m[1minfo     [0m] [1mELT could not be completed: Extractor failed.[0m [36mcmd_type[0m=[35melt[0m [36mname[0m=[35mmeltano[0m [36mrun_id[0m=[35m78450625-b48c-4547-a17f-2606fd16bff0[0m [36mstate_id[0m=[35m2025-07-01T220128--tap-csv-latest--target-postgres[0m [36mstdio[0m=[35mstderr[0m
[2025-07-01T22:01:30.222+0000] {docker.py:429} INFO - [2m2025-07-01T22:01:30.220426Z[0m [[32m[1minfo     [0m] [1mFor more detailed log messages re-run the command using 'meltano --log-level=debug ...' CLI flag.[0m [36mcmd_type[0m=[35melt[0m [36mname[0m=[35mmeltano[0m [36mrun_id[0m=[35m78450625-b48c-4547-a17f-2606fd16bff0[0m [36mstate_id[0m=[35m2025-07-01T220128--tap-csv-latest--target-postgres[0m [36mstdio[0m=[35mstderr[0m
[2025-07-01T22:01:30.222+0000] {docker.py:429} INFO - [2m2025-07-01T22:01:30.220938Z[0m [[32m[1minfo     [0m] [1mNote that you can also check the generated log file at '/opt/meltano/.meltano/logs/elt/2025-07-01T220128--tap-csv-latest--target-postgres/78450625-b48c-4547-a17f-2606fd16bff0/elt.log'.[0m [36mcmd_type[0m=[35melt[0m [36mname[0m=[35mmeltano[0m [36mrun_id[0m=[35m78450625-b48c-4547-a17f-2606fd16bff0[0m [36mstate_id[0m=[35m2025-07-01T220128--tap-csv-latest--target-postgres[0m [36mstdio[0m=[35mstderr[0m
[2025-07-01T22:01:30.222+0000] {docker.py:429} INFO - [2m2025-07-01T22:01:30.221301Z[0m [[32m[1minfo     [0m] [1mFor more information on debugging and logging: https://docs.meltano.com/reference/command-line-interface#debugging[0m [36mcmd_type[0m=[35melt[0m [36mname[0m=[35mmeltano[0m [36mrun_id[0m=[35m78450625-b48c-4547-a17f-2606fd16bff0[0m [36mstate_id[0m=[35m2025-07-01T220128--tap-csv-latest--target-postgres[0m [36mstdio[0m=[35mstderr[0m
[2025-07-01T22:01:30.242+0000] {docker.py:429} INFO - Need help fixing this problem? Visit http://melta.no/ for troubleshooting steps, or to
join our friendly Slack community.

ELT could not be completed: Extractor failed.
For more detailed log messages re-run the command using 'meltano --log-level=debug ...' CLI flag.
Note that you can also check the generated log file at '/opt/meltano/.meltano/logs/elt/2025-07-01T220128--tap-csv-latest--target-postgres/78450625-b48c-4547-a17f-2606fd16bff0/elt.log'.
For more information on debugging and logging: https://docs.meltano.com/reference/command-line-interface#debugging
[2025-07-01T22:01:31.473+0000] {taskinstance.py:2698} ERROR - Task failed with exception
Traceback (most recent call last):
  File "/home/airflow/.local/lib/python3.10/site-packages/airflow/models/taskinstance.py", line 433, in _execute_task
    result = execute_callable(context=context, **execute_callable_kwargs)
  File "/home/airflow/.local/lib/python3.10/site-packages/airflow/providers/docker/operators/docker.py", line 502, in execute
    return self._run_image()
  File "/home/airflow/.local/lib/python3.10/site-packages/airflow/providers/docker/operators/docker.py", line 376, in _run_image
    return self._run_image_with_mounts(self.mounts, add_tmp_variable=False)
  File "/home/airflow/.local/lib/python3.10/site-packages/airflow/providers/docker/operators/docker.py", line 437, in _run_image_with_mounts
    raise DockerContainerFailedException(f"Docker container failed: {result!r}", logs=log_lines)
airflow.providers.docker.exceptions.DockerContainerFailedException: Docker container failed: {'StatusCode': 1}
[2025-07-01T22:01:31.483+0000] {taskinstance.py:1138} INFO - Marking task as UP_FOR_RETRY. dag_id=northwind, task_id=carregamento_postgres, execution_date=20250701T220009, start_date=20250701T220111, end_date=20250701T220131
[2025-07-01T22:01:31.544+0000] {standard_task_runner.py:107} ERROR - Failed to execute job 17 for task carregamento_postgres (Docker container failed: {'StatusCode': 1}; 193)
[2025-07-01T22:01:31.579+0000] {local_task_job_runner.py:234} INFO - Task exited with return code 1
[2025-07-01T22:01:31.605+0000] {taskinstance.py:3280} INFO - 0 downstream tasks scheduled from follow-on schedule check
