[2025-06-25T21:20:43.619+0000] {taskinstance.py:1956} INFO - Dependencies all met for dep_context=non-requeueable deps ti=<TaskInstance: northwind.extração_csv manual__2025-06-25T21:11:10.445750+00:00 [queued]>
[2025-06-25T21:20:43.637+0000] {taskinstance.py:1956} INFO - Dependencies all met for dep_context=requeueable deps ti=<TaskInstance: northwind.extração_csv manual__2025-06-25T21:11:10.445750+00:00 [queued]>
[2025-06-25T21:20:43.637+0000] {taskinstance.py:2170} INFO - Starting attempt 1 of 2
[2025-06-25T21:20:43.658+0000] {taskinstance.py:2191} INFO - Executing <Task(DockerOperator): extração_csv> on 2025-06-25 21:11:10.445750+00:00
[2025-06-25T21:20:43.666+0000] {standard_task_runner.py:60} INFO - Started process 182 to run task
[2025-06-25T21:20:43.672+0000] {standard_task_runner.py:87} INFO - Running: ['***', 'tasks', 'run', 'northwind', 'extração_csv', 'manual__2025-06-25T21:11:10.445750+00:00', '--job-id', '198', '--raw', '--subdir', 'DAGS_FOLDER/dag.py', '--cfg-path', '/tmp/tmp0nla7mcq']
[2025-06-25T21:20:43.676+0000] {standard_task_runner.py:88} INFO - Job 198: Subtask extração_csv
[2025-06-25T21:20:43.760+0000] {task_command.py:423} INFO - Running <TaskInstance: northwind.extração_csv manual__2025-06-25T21:11:10.445750+00:00 [running]> on host 6afc1f3750fb
[2025-06-25T21:20:43.872+0000] {taskinstance.py:2480} INFO - Exporting env vars: AIRFLOW_CTX_DAG_EMAIL='lrbf@cin.ufpe.br' AIRFLOW_CTX_DAG_OWNER='***' AIRFLOW_CTX_DAG_ID='northwind' AIRFLOW_CTX_TASK_ID='extração_csv' AIRFLOW_CTX_EXECUTION_DATE='2025-06-25T21:11:10.445750+00:00' AIRFLOW_CTX_TRY_NUMBER='1' AIRFLOW_CTX_DAG_RUN_ID='manual__2025-06-25T21:11:10.445750+00:00'
[2025-06-25T21:20:44.099+0000] {docker.py:359} INFO - Starting docker container from image meltano:latest
[2025-06-25T21:20:44.103+0000] {docker.py:367} WARNING - Using remote engine or docker-in-docker and mounting temporary volume from host is not supported. Falling back to `mount_tmp_dir=False` mode. You can set `mount_tmp_dir` parameter to False to disable mounting and remove the warning
[2025-06-25T21:20:42.296+0000] {docker.py:429} INFO - Running meltano install...
[2025-06-25T21:20:45.611+0000] {docker.py:429} INFO - [2m2025-06-25T21:20:45.610787Z[0m [[32m[1minfo     [0m] [1mInstalling 7 plugins          [0m
[2025-06-25T21:20:45.640+0000] {docker.py:429} INFO - [2m2025-06-25T21:20:45.639678Z[0m [[32m[1minfo     [0m] [1mInstalling extractor 'tap-postgres'[0m
[2025-06-25T21:20:45.692+0000] {docker.py:429} INFO - [2m2025-06-25T21:20:45.691715Z[0m [[32m[1minfo     [0m] [1mInstalling extractor 'tap-csv'[0m
[2025-06-25T21:20:45.736+0000] {docker.py:429} INFO - [2m2025-06-25T21:20:45.734815Z[0m [[32m[1minfo     [0m] [1mInstalling extractor 'tap-csv-latest'[0m
[2025-06-25T21:20:45.816+0000] {docker.py:429} INFO - [2m2025-06-25T21:20:45.816199Z[0m [[32m[1minfo     [0m] [1mInstalling loader 'target-postgres'[0m
[2025-06-25T21:20:46.001+0000] {docker.py:429} INFO - [2m2025-06-25T21:20:45.994816Z[0m [[32m[1minfo     [0m] [1mInstalling loader 'target-csv'[0m
[2025-06-25T21:20:46.126+0000] {docker.py:429} INFO - [2m2025-06-25T21:20:46.064219Z[0m [[32m[1minfo     [0m] [1mInstalling loader 'target-csv-postgres'[0m
[2025-06-25T21:20:46.221+0000] {docker.py:429} INFO - [2m2025-06-25T21:20:46.207081Z[0m [[32m[1minfo     [0m] [1mInstalling loader 'target-csv-csv'[0m
[2025-06-25T21:20:57.724+0000] {docker.py:429} INFO - [2m2025-06-25T21:20:57.673344Z[0m [[32m[1minfo     [0m] [1mInstalled extractor 'tap-postgres'[0m
[2025-06-25T21:20:57.753+0000] {docker.py:429} INFO - [2m2025-06-25T21:20:57.741262Z[0m [[32m[1minfo     [0m] [1mInstalled loader 'target-postgres'[0m
[2025-06-25T21:21:16.677+0000] {docker.py:429} INFO - [2m2025-06-25T21:21:16.616129Z[0m [[32m[1minfo     [0m] [1mInstalled extractor 'tap-csv' [0m
[2025-06-25T21:21:17.260+0000] {docker.py:429} INFO - [2m2025-06-25T21:21:17.255030Z[0m [[32m[1minfo     [0m] [1mInstalled extractor 'tap-csv-latest'[0m
[2025-06-25T21:21:18.322+0000] {docker.py:429} INFO - [2m2025-06-25T21:21:18.320826Z[0m [[32m[1minfo     [0m] [1mInstalled loader 'target-csv-csv'[0m
[2025-06-25T21:21:18.873+0000] {docker.py:429} INFO - [2m2025-06-25T21:21:18.869360Z[0m [[32m[1minfo     [0m] [1mInstalled loader 'target-csv' [0m
[2025-06-25T21:21:19.179+0000] {docker.py:429} INFO - [2m2025-06-25T21:21:19.178790Z[0m [[32m[1minfo     [0m] [1mInstalled loader 'target-csv-postgres'[0m
[2025-06-25T21:21:19.183+0000] {docker.py:429} INFO - [2m2025-06-25T21:21:19.181130Z[0m [[32m[1minfo     [0m] [1mInstalled 7/7 plugins         [0m
[2025-06-25T21:21:20.678+0000] {docker.py:429} INFO - Meltano install completed. Executing command: meltano el tap-csv target-csv-csv
[2025-06-25T21:21:22.656+0000] {docker.py:429} INFO - [2m2025-06-25T21:21:22.654976Z[0m [[32m[1minfo     [0m] [1mEnvironment 'dev' is active   [0m
[2025-06-25T21:21:23.340+0000] {docker.py:429} INFO - [2m2025-06-25T21:21:23.337783Z[0m [[32m[1minfo     [0m] [1mRunning extract & load...     [0m [36mname[0m=[35mmeltano[0m [36mrun_id[0m=[35m8f2ddbca-08f9-4032-b6ed-8434596874a2[0m [36mstate_id[0m=[35m2025-06-25T212122--tap-csv--target-csv-csv[0m
[2025-06-25T21:21:25.827+0000] {docker.py:429} INFO - [2m2025-06-25T21:21:25.826385Z[0m [[32m[1minfo     [0m] [1mINFO Sending version information to singer.io. To disable sending anonymous usage data, set the config parameter "disable_collection" to true[0m [36mcmd_type[0m=[35mloader[0m [36mname[0m=[35mtarget-csv-csv[0m [36mrun_id[0m=[35m8f2ddbca-08f9-4032-b6ed-8434596874a2[0m [36mstate_id[0m=[35m2025-06-25T212122--tap-csv--target-csv-csv[0m [36mstdio[0m=[35mstderr[0m
[2025-06-25T21:21:26.289+0000] {docker.py:429} INFO - [2m2025-06-25T21:21:26.287778Z[0m [[32m[1minfo     [0m] [1mBeginning full_table sync of 'order_details'...[0m [36mcmd_type[0m=[35mextractor[0m [36mname[0m=[35mtap-csv[0m [36mrun_id[0m=[35m8f2ddbca-08f9-4032-b6ed-8434596874a2[0m [36mstate_id[0m=[35m2025-06-25T212122--tap-csv--target-csv-csv[0m [36mstdio[0m=[35mstderr[0m
[2025-06-25T21:21:26.290+0000] {docker.py:429} INFO - [2m2025-06-25T21:21:26.288380Z[0m [[32m[1minfo     [0m] [1mTap has custom mapper. Using 1 provided map(s).[0m [36mcmd_type[0m=[35mextractor[0m [36mname[0m=[35mtap-csv[0m [36mrun_id[0m=[35m8f2ddbca-08f9-4032-b6ed-8434596874a2[0m [36mstate_id[0m=[35m2025-06-25T212122--tap-csv--target-csv-csv[0m [36mstdio[0m=[35mstderr[0m
[2025-06-25T21:21:26.641+0000] {docker.py:429} INFO - [2m2025-06-25T21:21:26.638357Z[0m [[32m[1minfo     [0m] [1mMETRIC: {"type": "timer", "metric": "sync_duration", "value": 0.3490760326385498, "tags": {"stream": "order_details", "pid": 175, "context": {}, "status": "succeeded"}}[0m [36mcmd_type[0m=[35mextractor[0m [36mname[0m=[35mtap-csv[0m [36mrun_id[0m=[35m8f2ddbca-08f9-4032-b6ed-8434596874a2[0m [36mstate_id[0m=[35m2025-06-25T212122--tap-csv--target-csv-csv[0m [36mstdio[0m=[35mstderr[0m
[2025-06-25T21:21:26.645+0000] {docker.py:429} INFO - [2m2025-06-25T21:21:26.640231Z[0m [[32m[1minfo     [0m] [1mMETRIC: {"type": "counter", "metric": "record_count", "value": 2155, "tags": {"stream": "order_details", "pid": 175, "context": {}}}[0m [36mcmd_type[0m=[35mextractor[0m [36mname[0m=[35mtap-csv[0m [36mrun_id[0m=[35m8f2ddbca-08f9-4032-b6ed-8434596874a2[0m [36mstate_id[0m=[35m2025-06-25T212122--tap-csv--target-csv-csv[0m [36mstdio[0m=[35mstderr[0m
[2025-06-25T21:21:26.842+0000] {docker.py:429} INFO - [2m2025-06-25T21:21:26.841535Z[0m [[32m[1minfo     [0m] [1mUsing systemdb state backend  [0m
[2025-06-25T21:21:26.855+0000] {docker.py:429} INFO - [2m2025-06-25T21:21:26.854807Z[0m [[32m[1minfo     [0m] [1mIncremental state has been updated at 2025-06-25 21:21:26.854757+00:00.[0m
[2025-06-25T21:21:26.866+0000] {docker.py:429} INFO - [2m2025-06-25T21:21:26.865431Z[0m [[32m[1minfo     [0m] [1mExtract & load complete!      [0m [36mname[0m=[35mmeltano[0m [36mrun_id[0m=[35m8f2ddbca-08f9-4032-b6ed-8434596874a2[0m [36mstate_id[0m=[35m2025-06-25T212122--tap-csv--target-csv-csv[0m
[2025-06-25T21:21:26.867+0000] {docker.py:429} INFO - [2m2025-06-25T21:21:26.865859Z[0m [[32m[1minfo     [0m] [1mTransformation skipped.       [0m [36mname[0m=[35mmeltano[0m [36mrun_id[0m=[35m8f2ddbca-08f9-4032-b6ed-8434596874a2[0m [36mstate_id[0m=[35m2025-06-25T212122--tap-csv--target-csv-csv[0m
[2025-06-25T21:21:28.920+0000] {taskinstance.py:1138} INFO - Marking task as SUCCESS. dag_id=northwind, task_id=extração_csv, execution_date=20250625T211110, start_date=20250625T212043, end_date=20250625T212128
[2025-06-25T21:21:28.996+0000] {local_task_job_runner.py:234} INFO - Task exited with return code 0
[2025-06-25T21:21:29.125+0000] {taskinstance.py:3280} INFO - 1 downstream tasks scheduled from follow-on schedule check
