[2025-07-10T12:35:25.232+0000] {taskinstance.py:1956} INFO - Dependencies all met for dep_context=non-requeueable deps ti=<TaskInstance: northwind.gerar_config_csv_dinamica manual__2025-07-10T12:34:48.221208+00:00 [queued]>
[2025-07-10T12:35:25.245+0000] {taskinstance.py:1956} INFO - Dependencies all met for dep_context=requeueable deps ti=<TaskInstance: northwind.gerar_config_csv_dinamica manual__2025-07-10T12:34:48.221208+00:00 [queued]>
[2025-07-10T12:35:25.246+0000] {taskinstance.py:2170} INFO - Starting attempt 1 of 2
[2025-07-10T12:35:25.261+0000] {taskinstance.py:2191} INFO - Executing <Task(DockerOperator): gerar_config_csv_dinamica> on 2025-07-10 12:34:48.221208+00:00
[2025-07-10T12:35:25.266+0000] {standard_task_runner.py:60} INFO - Started process 179 to run task
[2025-07-10T12:35:25.271+0000] {standard_task_runner.py:87} INFO - Running: ['***', 'tasks', 'run', 'northwind', 'gerar_config_csv_dinamica', 'manual__2025-07-10T12:34:48.221208+00:00', '--job-id', '21', '--raw', '--subdir', 'DAGS_FOLDER/northwind.py', '--cfg-path', '/tmp/tmpl8lkhlzd']
[2025-07-10T12:35:25.274+0000] {standard_task_runner.py:88} INFO - Job 21: Subtask gerar_config_csv_dinamica
[2025-07-10T12:35:25.337+0000] {task_command.py:423} INFO - Running <TaskInstance: northwind.gerar_config_csv_dinamica manual__2025-07-10T12:34:48.221208+00:00 [running]> on host 7ad2b0e001d7
[2025-07-10T12:35:25.449+0000] {taskinstance.py:2480} INFO - Exporting env vars: AIRFLOW_CTX_DAG_EMAIL='lrbf@cin.ufpe.br' AIRFLOW_CTX_DAG_OWNER='***' AIRFLOW_CTX_DAG_ID='northwind' AIRFLOW_CTX_TASK_ID='gerar_config_csv_dinamica' AIRFLOW_CTX_EXECUTION_DATE='2025-07-10T12:34:48.221208+00:00' AIRFLOW_CTX_TRY_NUMBER='1' AIRFLOW_CTX_DAG_RUN_ID='manual__2025-07-10T12:34:48.221208+00:00'
[2025-07-10T12:35:25.514+0000] {docker.py:359} INFO - Starting docker container from image meltano:latest
[2025-07-10T12:35:25.902+0000] {docker.py:429} INFO - Running meltano install...
[2025-07-10T12:35:28.112+0000] {docker.py:429} INFO - [2m2025-07-10T12:35:28.111198Z[0m [[32m[1minfo     [0m] [1mInstalling 7 plugins          [0m
[2025-07-10T12:35:28.128+0000] {docker.py:429} INFO - [2m2025-07-10T12:35:28.127996Z[0m [[32m[1minfo     [0m] [1mInstalling extractor 'tap-postgres'[0m
[2025-07-10T12:35:28.156+0000] {docker.py:429} INFO - [2m2025-07-10T12:35:28.155905Z[0m [[32m[1minfo     [0m] [1mInstalling extractor 'tap-csv'[0m
[2025-07-10T12:35:28.187+0000] {docker.py:429} INFO - [2m2025-07-10T12:35:28.186988Z[0m [[32m[1minfo     [0m] [1mInstalling extractor 'tap-csv-latest'[0m
[2025-07-10T12:35:28.213+0000] {docker.py:429} INFO - [2m2025-07-10T12:35:28.212550Z[0m [[32m[1minfo     [0m] [1mInstalling loader 'target-postgres'[0m
[2025-07-10T12:35:28.246+0000] {docker.py:429} INFO - [2m2025-07-10T12:35:28.245643Z[0m [[32m[1minfo     [0m] [1mInstalling loader 'target-csv'[0m
[2025-07-10T12:35:28.287+0000] {docker.py:429} INFO - [2m2025-07-10T12:35:28.287041Z[0m [[32m[1minfo     [0m] [1mInstalling loader 'target-csv-postgres'[0m
[2025-07-10T12:35:28.324+0000] {docker.py:429} INFO - [2m2025-07-10T12:35:28.322101Z[0m [[32m[1minfo     [0m] [1mInstalling loader 'target-csv-csv'[0m
[2025-07-10T12:35:29.479+0000] {docker.py:429} INFO - [2m2025-07-10T12:35:29.478339Z[0m [[32m[1minfo     [0m] [1mInstalled extractor 'tap-postgres'[0m
[2025-07-10T12:35:29.596+0000] {docker.py:429} INFO - [2m2025-07-10T12:35:29.595927Z[0m [[32m[1minfo     [0m] [1mInstalled loader 'target-postgres'[0m
[2025-07-10T12:35:32.877+0000] {docker.py:429} INFO - [2m2025-07-10T12:35:32.875128Z[0m [[32m[1minfo     [0m] [1mInstalled extractor 'tap-csv' [0m
[2025-07-10T12:35:32.906+0000] {docker.py:429} INFO - [2m2025-07-10T12:35:32.905002Z[0m [[32m[1minfo     [0m] [1mInstalled extractor 'tap-csv-latest'[0m
[2025-07-10T12:35:33.987+0000] {docker.py:429} INFO - [2m2025-07-10T12:35:33.986207Z[0m [[32m[1minfo     [0m] [1mInstalled loader 'target-csv-postgres'[0m
[2025-07-10T12:35:34.008+0000] {docker.py:429} INFO - [2m2025-07-10T12:35:34.007524Z[0m [[32m[1minfo     [0m] [1mInstalled loader 'target-csv-csv'[0m
[2025-07-10T12:35:34.458+0000] {docker.py:429} INFO - [2m2025-07-10T12:35:34.457873Z[0m [[32m[1minfo     [0m] [1mInstalled loader 'target-csv' [0m
[2025-07-10T12:35:34.459+0000] {docker.py:429} INFO - [2m2025-07-10T12:35:34.458280Z[0m [[32m[1minfo     [0m] [1mInstalled 7/7 plugins         [0m
[2025-07-10T12:35:35.484+0000] {docker.py:429} INFO - Meltano install completed. Executing command: python /opt/meltano/scripts/generate_csv_config.py
[2025-07-10T12:35:35.554+0000] {docker.py:429} INFO - [{"entity": "order_details", "path": "/opt/output_data/csv/order_details/2025-07-10/file.csv", "keys": ["order_id", "product_id"], "delimiter": ",", "encoding": "utf-8"}, {"entity": "public-categories", "path": "/opt/output_data/postgres/public-categories/2025-07-10/file.csv", "keys": ["category_id"], "delimiter": ",", "encoding": "utf-8"}, {"entity": "public-products", "path": "/opt/output_data/postgres/public-products/2025-07-10/file.csv", "keys": ["product_id"], "delimiter": ",", "encoding": "utf-8"}, {"entity": "public-suppliers", "path": "/opt/output_data/postgres/public-suppliers/2025-07-10/file.csv", "keys": ["supplier_id"], "delimiter": ",", "encoding": "utf-8"}, {"entity": "public-orders", "path": "/opt/output_data/postgres/public-orders/2025-07-10/file.csv", "keys": ["order_id"], "delimiter": ",", "encoding": "utf-8"}, {"entity": "public-customers", "path": "/opt/output_data/postgres/public-customers/2025-07-10/file.csv", "keys": ["customer_id"], "delimiter": ",", "encoding": "utf-8"}, {"entity": "public-employees", "path": "/opt/output_data/postgres/public-employees/2025-07-10/file.csv", "keys": ["employee_id"], "delimiter": ",", "encoding": "utf-8"}, {"entity": "public-employee_territories", "path": "/opt/output_data/postgres/public-employee_territories/2025-07-10/file.csv", "keys": ["employee_id", "territory_id"], "delimiter": ",", "encoding": "utf-8"}, {"entity": "public-territories", "path": "/opt/output_data/postgres/public-territories/2025-07-10/file.csv", "keys": ["territory_id"], "delimiter": ",", "encoding": "utf-8"}, {"entity": "public-region", "path": "/opt/output_data/postgres/public-region/2025-07-10/file.csv", "keys": ["region_id"], "delimiter": ",", "encoding": "utf-8"}, {"entity": "public-shippers", "path": "/opt/output_data/postgres/public-shippers/2025-07-10/file.csv", "keys": ["shipper_id"], "delimiter": ",", "encoding": "utf-8"}, {"entity": "public-us_states", "path": "/opt/output_data/postgres/public-us_states/2025-07-10/file.csv", "keys": ["state_id"], "delimiter": ",", "encoding": "utf-8"}]
[2025-07-10T12:35:35.868+0000] {taskinstance.py:1138} INFO - Marking task as SUCCESS. dag_id=northwind, task_id=gerar_config_csv_dinamica, execution_date=20250710T123448, start_date=20250710T123525, end_date=20250710T123535
[2025-07-10T12:35:35.953+0000] {local_task_job_runner.py:234} INFO - Task exited with return code 0
[2025-07-10T12:35:36.048+0000] {taskinstance.py:3280} INFO - 1 downstream tasks scheduled from follow-on schedule check
