[2025-06-25T23:23:44.202+0000] {taskinstance.py:1956} INFO - Dependencies all met for dep_context=non-requeueable deps ti=<TaskInstance: northwind.extração_csv manual__2025-06-25T23:23:10.206611+00:00 [queued]>
[2025-06-25T23:23:44.219+0000] {taskinstance.py:1956} INFO - Dependencies all met for dep_context=requeueable deps ti=<TaskInstance: northwind.extração_csv manual__2025-06-25T23:23:10.206611+00:00 [queued]>
[2025-06-25T23:23:44.219+0000] {taskinstance.py:2170} INFO - Starting attempt 1 of 2
[2025-06-25T23:23:44.238+0000] {taskinstance.py:2191} INFO - Executing <Task(DockerOperator): extração_csv> on 2025-06-25 23:23:10.206611+00:00
[2025-06-25T23:23:44.247+0000] {standard_task_runner.py:60} INFO - Started process 253 to run task
[2025-06-25T23:23:44.253+0000] {standard_task_runner.py:87} INFO - Running: ['***', 'tasks', 'run', 'northwind', 'extração_csv', 'manual__2025-06-25T23:23:10.206611+00:00', '--job-id', '248', '--raw', '--subdir', 'DAGS_FOLDER/dag.py', '--cfg-path', '/tmp/tmpo__j4ald']
[2025-06-25T23:23:44.257+0000] {standard_task_runner.py:88} INFO - Job 248: Subtask extração_csv
[2025-06-25T23:23:44.313+0000] {task_command.py:423} INFO - Running <TaskInstance: northwind.extração_csv manual__2025-06-25T23:23:10.206611+00:00 [running]> on host 6afc1f3750fb
[2025-06-25T23:23:44.440+0000] {taskinstance.py:2480} INFO - Exporting env vars: AIRFLOW_CTX_DAG_EMAIL='lrbf@cin.ufpe.br' AIRFLOW_CTX_DAG_OWNER='***' AIRFLOW_CTX_DAG_ID='northwind' AIRFLOW_CTX_TASK_ID='extração_csv' AIRFLOW_CTX_EXECUTION_DATE='2025-06-25T23:23:10.206611+00:00' AIRFLOW_CTX_TRY_NUMBER='1' AIRFLOW_CTX_DAG_RUN_ID='manual__2025-06-25T23:23:10.206611+00:00'
[2025-06-25T23:23:44.743+0000] {docker.py:359} INFO - Starting docker container from image meltano:latest
[2025-06-25T23:23:44.752+0000] {docker.py:367} WARNING - Using remote engine or docker-in-docker and mounting temporary volume from host is not supported. Falling back to `mount_tmp_dir=False` mode. You can set `mount_tmp_dir` parameter to False to disable mounting and remove the warning
[2025-06-25T23:23:45.492+0000] {docker.py:429} INFO - Running meltano install...
[2025-06-25T23:23:47.253+0000] {docker.py:429} INFO - [2m2025-06-25T23:23:47.252252Z[0m [[32m[1minfo     [0m] [1mInstalling 7 plugins          [0m
[2025-06-25T23:23:47.270+0000] {docker.py:429} INFO - [2m2025-06-25T23:23:47.269809Z[0m [[32m[1minfo     [0m] [1mInstalling extractor 'tap-postgres'[0m
[2025-06-25T23:23:47.290+0000] {docker.py:429} INFO - [2m2025-06-25T23:23:47.290001Z[0m [[32m[1minfo     [0m] [1mInstalling extractor 'tap-csv'[0m
[2025-06-25T23:23:47.329+0000] {docker.py:429} INFO - [2m2025-06-25T23:23:47.327622Z[0m [[32m[1minfo     [0m] [1mInstalling extractor 'tap-csv-latest'[0m
[2025-06-25T23:23:47.373+0000] {docker.py:429} INFO - [2m2025-06-25T23:23:47.366778Z[0m [[32m[1minfo     [0m] [1mInstalling loader 'target-postgres'[0m
[2025-06-25T23:23:47.411+0000] {docker.py:429} INFO - [2m2025-06-25T23:23:47.410561Z[0m [[32m[1minfo     [0m] [1mInstalling loader 'target-csv'[0m
[2025-06-25T23:23:47.483+0000] {docker.py:429} INFO - [2m2025-06-25T23:23:47.482596Z[0m [[32m[1minfo     [0m] [1mInstalling loader 'target-csv-postgres'[0m
[2025-06-25T23:23:47.556+0000] {docker.py:429} INFO - [2m2025-06-25T23:23:47.555241Z[0m [[32m[1minfo     [0m] [1mInstalling loader 'target-csv-csv'[0m
[2025-06-25T23:23:51.119+0000] {docker.py:429} INFO - [2m2025-06-25T23:23:51.117929Z[0m [[32m[1minfo     [0m] [1mInstalled extractor 'tap-postgres'[0m
[2025-06-25T23:23:51.162+0000] {docker.py:429} INFO - [2m2025-06-25T23:23:51.161876Z[0m [[32m[1minfo     [0m] [1mInstalled loader 'target-postgres'[0m
[2025-06-25T23:24:00.515+0000] {docker.py:429} INFO - [2m2025-06-25T23:24:00.512853Z[0m [[32m[1minfo     [0m] [1mInstalled extractor 'tap-csv' [0m
[2025-06-25T23:24:00.707+0000] {docker.py:429} INFO - [2m2025-06-25T23:24:00.705601Z[0m [[32m[1minfo     [0m] [1mInstalled extractor 'tap-csv-latest'[0m
[2025-06-25T23:24:01.712+0000] {docker.py:429} INFO - [2m2025-06-25T23:24:01.711781Z[0m [[32m[1minfo     [0m] [1mInstalled loader 'target-csv-csv'[0m
[2025-06-25T23:24:01.957+0000] {docker.py:429} INFO - [2m2025-06-25T23:24:01.957063Z[0m [[32m[1minfo     [0m] [1mInstalled loader 'target-csv' [0m
[2025-06-25T23:24:02.180+0000] {docker.py:429} INFO - [2m2025-06-25T23:24:02.179809Z[0m [[32m[1minfo     [0m] [1mInstalled loader 'target-csv-postgres'[0m
[2m2025-06-25T23:24:02.180149Z[0m [[32m[1minfo     [0m] [1mInstalled 7/7 plugins         [0m
[2025-06-25T23:24:03.169+0000] {docker.py:429} INFO - Meltano install completed. Executing command: meltano el tap-csv target-csv-csv
[2025-06-25T23:24:04.404+0000] {docker.py:429} INFO - [2m2025-06-25T23:24:04.403402Z[0m [[32m[1minfo     [0m] [1mEnvironment 'dev' is active   [0m
[2025-06-25T23:24:04.799+0000] {docker.py:429} INFO - [2m2025-06-25T23:24:04.798827Z[0m [[32m[1minfo     [0m] [1mRunning extract & load...     [0m [36mname[0m=[35mmeltano[0m [36mrun_id[0m=[35ma3f676f1-80ff-462a-ac99-ea309598735c[0m [36mstate_id[0m=[35m2025-06-25T232404--tap-csv--target-csv-csv[0m
[2025-06-25T23:24:05.954+0000] {docker.py:429} INFO - [2m2025-06-25T23:24:05.953532Z[0m [[32m[1minfo     [0m] [1mINFO Sending version information to singer.io. To disable sending anonymous usage data, set the config parameter "disable_collection" to true[0m [36mcmd_type[0m=[35mloader[0m [36mname[0m=[35mtarget-csv-csv[0m [36mrun_id[0m=[35ma3f676f1-80ff-462a-ac99-ea309598735c[0m [36mstate_id[0m=[35m2025-06-25T232404--tap-csv--target-csv-csv[0m [36mstdio[0m=[35mstderr[0m
[2025-06-25T23:24:06.297+0000] {docker.py:429} INFO - [2m2025-06-25T23:24:06.296424Z[0m [[32m[1minfo     [0m] [1mBeginning full_table sync of 'order_details'...[0m [36mcmd_type[0m=[35mextractor[0m [36mname[0m=[35mtap-csv[0m [36mrun_id[0m=[35ma3f676f1-80ff-462a-ac99-ea309598735c[0m [36mstate_id[0m=[35m2025-06-25T232404--tap-csv--target-csv-csv[0m [36mstdio[0m=[35mstderr[0m
[2025-06-25T23:24:06.298+0000] {docker.py:429} INFO - [2m2025-06-25T23:24:06.296951Z[0m [[32m[1minfo     [0m] [1mTap has custom mapper. Using 1 provided map(s).[0m [36mcmd_type[0m=[35mextractor[0m [36mname[0m=[35mtap-csv[0m [36mrun_id[0m=[35ma3f676f1-80ff-462a-ac99-ea309598735c[0m [36mstate_id[0m=[35m2025-06-25T232404--tap-csv--target-csv-csv[0m [36mstdio[0m=[35mstderr[0m
[2025-06-25T23:24:06.518+0000] {docker.py:429} INFO - [2m2025-06-25T23:24:06.517108Z[0m [[32m[1minfo     [0m] [1mMETRIC: {"type": "timer", "metric": "sync_duration", "value": 0.21997547149658203, "tags": {"stream": "order_details", "pid": 176, "context": {}, "status": "succeeded"}}[0m [36mcmd_type[0m=[35mextractor[0m [36mname[0m=[35mtap-csv[0m [36mrun_id[0m=[35ma3f676f1-80ff-462a-ac99-ea309598735c[0m [36mstate_id[0m=[35m2025-06-25T232404--tap-csv--target-csv-csv[0m [36mstdio[0m=[35mstderr[0m
[2025-06-25T23:24:06.519+0000] {docker.py:429} INFO - [2m2025-06-25T23:24:06.517985Z[0m [[32m[1minfo     [0m] [1mMETRIC: {"type": "counter", "metric": "record_count", "value": 2155, "tags": {"stream": "order_details", "pid": 176, "context": {}}}[0m [36mcmd_type[0m=[35mextractor[0m [36mname[0m=[35mtap-csv[0m [36mrun_id[0m=[35ma3f676f1-80ff-462a-ac99-ea309598735c[0m [36mstate_id[0m=[35m2025-06-25T232404--tap-csv--target-csv-csv[0m [36mstdio[0m=[35mstderr[0m
[2025-06-25T23:24:06.638+0000] {docker.py:429} INFO - [2m2025-06-25T23:24:06.637401Z[0m [[32m[1minfo     [0m] [1mUsing systemdb state backend  [0m
[2025-06-25T23:24:06.659+0000] {docker.py:429} INFO - [2m2025-06-25T23:24:06.656049Z[0m [[32m[1minfo     [0m] [1mIncremental state has been updated at 2025-06-25 23:24:06.655989+00:00.[0m
[2025-06-25T23:24:06.663+0000] {docker.py:429} INFO - [2m2025-06-25T23:24:06.662449Z[0m [[32m[1minfo     [0m] [1mExtract & load complete!      [0m [36mname[0m=[35mmeltano[0m [36mrun_id[0m=[35ma3f676f1-80ff-462a-ac99-ea309598735c[0m [36mstate_id[0m=[35m2025-06-25T232404--tap-csv--target-csv-csv[0m
[2025-06-25T23:24:06.663+0000] {docker.py:429} INFO - [2m2025-06-25T23:24:06.662818Z[0m [[32m[1minfo     [0m] [1mTransformation skipped.       [0m [36mname[0m=[35mmeltano[0m [36mrun_id[0m=[35ma3f676f1-80ff-462a-ac99-ea309598735c[0m [36mstate_id[0m=[35m2025-06-25T232404--tap-csv--target-csv-csv[0m
[2025-06-25T23:24:08.182+0000] {taskinstance.py:1138} INFO - Marking task as SUCCESS. dag_id=northwind, task_id=extração_csv, execution_date=20250625T232310, start_date=20250625T232344, end_date=20250625T232408
[2025-06-25T23:24:08.223+0000] {local_task_job_runner.py:234} INFO - Task exited with return code 0
[2025-06-25T23:24:08.247+0000] {taskinstance.py:3280} INFO - 2 downstream tasks scheduled from follow-on schedule check
