[2025-07-10T13:15:02.482+0000] {taskinstance.py:1956} INFO - Dependencies all met for dep_context=non-requeueable deps ti=<TaskInstance: northwind.gerar_config_csv_dinamica manual__2025-07-10T13:14:31.461161+00:00 [queued]>
[2025-07-10T13:15:02.489+0000] {taskinstance.py:1956} INFO - Dependencies all met for dep_context=requeueable deps ti=<TaskInstance: northwind.gerar_config_csv_dinamica manual__2025-07-10T13:14:31.461161+00:00 [queued]>
[2025-07-10T13:15:02.489+0000] {taskinstance.py:2170} INFO - Starting attempt 1 of 2
[2025-07-10T13:15:02.501+0000] {taskinstance.py:2191} INFO - Executing <Task(DockerOperator): gerar_config_csv_dinamica> on 2025-07-10 13:14:31.461161+00:00
[2025-07-10T13:15:02.505+0000] {standard_task_runner.py:60} INFO - Started process 186 to run task
[2025-07-10T13:15:02.508+0000] {standard_task_runner.py:87} INFO - Running: ['***', 'tasks', 'run', 'northwind', 'gerar_config_csv_dinamica', 'manual__2025-07-10T13:14:31.461161+00:00', '--job-id', '52', '--raw', '--subdir', 'DAGS_FOLDER/northwind.py', '--cfg-path', '/tmp/tmpp3wg1zus']
[2025-07-10T13:15:02.511+0000] {standard_task_runner.py:88} INFO - Job 52: Subtask gerar_config_csv_dinamica
[2025-07-10T13:15:02.557+0000] {task_command.py:423} INFO - Running <TaskInstance: northwind.gerar_config_csv_dinamica manual__2025-07-10T13:14:31.461161+00:00 [running]> on host 02c8d6df9c11
[2025-07-10T13:15:02.628+0000] {taskinstance.py:2480} INFO - Exporting env vars: AIRFLOW_CTX_DAG_EMAIL='lrbf@cin.ufpe.br' AIRFLOW_CTX_DAG_OWNER='***' AIRFLOW_CTX_DAG_ID='northwind' AIRFLOW_CTX_TASK_ID='gerar_config_csv_dinamica' AIRFLOW_CTX_EXECUTION_DATE='2025-07-10T13:14:31.461161+00:00' AIRFLOW_CTX_TRY_NUMBER='1' AIRFLOW_CTX_DAG_RUN_ID='manual__2025-07-10T13:14:31.461161+00:00'
[2025-07-10T13:15:02.679+0000] {docker.py:359} INFO - Starting docker container from image meltano:latest
[2025-07-10T13:15:02.938+0000] {docker.py:429} INFO - Running meltano install...
[2025-07-10T13:15:04.241+0000] {docker.py:429} INFO - [2m2025-07-10T13:15:04.240498Z[0m [[32m[1minfo     [0m] [1mInstalling 7 plugins          [0m
[2025-07-10T13:15:04.254+0000] {docker.py:429} INFO - [2m2025-07-10T13:15:04.253399Z[0m [[32m[1minfo     [0m] [1mInstalling extractor 'tap-postgres'[0m
[2025-07-10T13:15:04.275+0000] {docker.py:429} INFO - [2m2025-07-10T13:15:04.274549Z[0m [[32m[1minfo     [0m] [1mInstalling extractor 'tap-csv'[0m
[2025-07-10T13:15:04.300+0000] {docker.py:429} INFO - [2m2025-07-10T13:15:04.299547Z[0m [[32m[1minfo     [0m] [1mInstalling extractor 'tap-csv-latest'[0m
[2025-07-10T13:15:04.329+0000] {docker.py:429} INFO - [2m2025-07-10T13:15:04.328835Z[0m [[32m[1minfo     [0m] [1mInstalling loader 'target-postgres'[0m
[2025-07-10T13:15:04.369+0000] {docker.py:429} INFO - [2m2025-07-10T13:15:04.368695Z[0m [[32m[1minfo     [0m] [1mInstalling loader 'target-csv'[0m
[2025-07-10T13:15:04.405+0000] {docker.py:429} INFO - [2m2025-07-10T13:15:04.404774Z[0m [[32m[1minfo     [0m] [1mInstalling loader 'target-csv-postgres'[0m
[2025-07-10T13:15:04.448+0000] {docker.py:429} INFO - [2m2025-07-10T13:15:04.447477Z[0m [[32m[1minfo     [0m] [1mInstalling loader 'target-csv-csv'[0m
[2025-07-10T13:15:05.553+0000] {docker.py:429} INFO - [2m2025-07-10T13:15:05.552655Z[0m [[32m[1minfo     [0m] [1mInstalled extractor 'tap-postgres'[0m
[2025-07-10T13:15:05.616+0000] {docker.py:429} INFO - [2m2025-07-10T13:15:05.615476Z[0m [[32m[1minfo     [0m] [1mInstalled loader 'target-postgres'[0m
[2025-07-10T13:15:10.211+0000] {docker.py:429} INFO - [2m2025-07-10T13:15:10.209950Z[0m [[32m[1minfo     [0m] [1mInstalled extractor 'tap-csv' [0m
[2025-07-10T13:15:10.357+0000] {docker.py:429} INFO - [2m2025-07-10T13:15:10.356142Z[0m [[32m[1minfo     [0m] [1mInstalled extractor 'tap-csv-latest'[0m
[2025-07-10T13:15:10.970+0000] {docker.py:429} INFO - [2m2025-07-10T13:15:10.970090Z[0m [[32m[1minfo     [0m] [1mInstalled loader 'target-csv' [0m
[2025-07-10T13:15:11.268+0000] {docker.py:429} INFO - [2m2025-07-10T13:15:11.267607Z[0m [[32m[1minfo     [0m] [1mInstalled loader 'target-csv-csv'[0m
[2025-07-10T13:15:11.314+0000] {docker.py:429} INFO - [2m2025-07-10T13:15:11.313210Z[0m [[32m[1minfo     [0m] [1mInstalled loader 'target-csv-postgres'[0m
[2025-07-10T13:15:11.314+0000] {docker.py:429} INFO - [2m2025-07-10T13:15:11.313587Z[0m [[32m[1minfo     [0m] [1mInstalled 7/7 plugins         [0m
[2025-07-10T13:15:12.149+0000] {docker.py:429} INFO - Meltano install completed. Executing command: python /opt/meltano/scripts/generate_csv_config.py
[2025-07-10T13:15:12.187+0000] {docker.py:429} INFO - [{"entity": "order_details", "path": "/opt/output_data/csv/order_details/2025-07-10/file.csv", "keys": ["order_id", "product_id"], "delimiter": ",", "encoding": "utf-8"}, {"entity": "public-categories", "path": "/opt/output_data/postgres/public-categories/2025-07-10/file.csv", "keys": ["category_id"], "delimiter": ",", "encoding": "utf-8"}, {"entity": "public-products", "path": "/opt/output_data/postgres/public-products/2025-07-10/file.csv", "keys": ["product_id"], "delimiter": ",", "encoding": "utf-8"}, {"entity": "public-suppliers", "path": "/opt/output_data/postgres/public-suppliers/2025-07-10/file.csv", "keys": ["supplier_id"], "delimiter": ",", "encoding": "utf-8"}, {"entity": "public-orders", "path": "/opt/output_data/postgres/public-orders/2025-07-10/file.csv", "keys": ["order_id"], "delimiter": ",", "encoding": "utf-8"}, {"entity": "public-customers", "path": "/opt/output_data/postgres/public-customers/2025-07-10/file.csv", "keys": ["customer_id"], "delimiter": ",", "encoding": "utf-8"}, {"entity": "public-employees", "path": "/opt/output_data/postgres/public-employees/2025-07-10/file.csv", "keys": ["employee_id"], "delimiter": ",", "encoding": "utf-8"}, {"entity": "public-employee_territories", "path": "/opt/output_data/postgres/public-employee_territories/2025-07-10/file.csv", "keys": ["employee_id", "territory_id"], "delimiter": ",", "encoding": "utf-8"}, {"entity": "public-territories", "path": "/opt/output_data/postgres/public-territories/2025-07-10/file.csv", "keys": ["territory_id"], "delimiter": ",", "encoding": "utf-8"}, {"entity": "public-region", "path": "/opt/output_data/postgres/public-region/2025-07-10/file.csv", "keys": ["region_id"], "delimiter": ",", "encoding": "utf-8"}, {"entity": "public-shippers", "path": "/opt/output_data/postgres/public-shippers/2025-07-10/file.csv", "keys": ["shipper_id"], "delimiter": ",", "encoding": "utf-8"}, {"entity": "public-us_states", "path": "/opt/output_data/postgres/public-us_states/2025-07-10/file.csv", "keys": ["state_id"], "delimiter": ",", "encoding": "utf-8"}]
[2025-07-10T13:15:12.386+0000] {taskinstance.py:1138} INFO - Marking task as SUCCESS. dag_id=northwind, task_id=gerar_config_csv_dinamica, execution_date=20250710T131431, start_date=20250710T131502, end_date=20250710T131512
[2025-07-10T13:15:12.432+0000] {local_task_job_runner.py:234} INFO - Task exited with return code 0
[2025-07-10T13:15:12.456+0000] {taskinstance.py:3280} INFO - 1 downstream tasks scheduled from follow-on schedule check
