[2025-07-10T12:19:12.651+0000] {taskinstance.py:1956} INFO - Dependencies all met for dep_context=non-requeueable deps ti=<TaskInstance: northwind.extração_csv manual__2025-07-10T12:18:44.775290+00:00 [queued]>
[2025-07-10T12:19:12.672+0000] {taskinstance.py:1956} INFO - Dependencies all met for dep_context=requeueable deps ti=<TaskInstance: northwind.extração_csv manual__2025-07-10T12:18:44.775290+00:00 [queued]>
[2025-07-10T12:19:12.672+0000] {taskinstance.py:2170} INFO - Starting attempt 1 of 2
[2025-07-10T12:19:12.690+0000] {taskinstance.py:2191} INFO - Executing <Task(DockerOperator): extração_csv> on 2025-07-10 12:18:44.775290+00:00
[2025-07-10T12:19:12.697+0000] {standard_task_runner.py:60} INFO - Started process 177 to run task
[2025-07-10T12:19:12.704+0000] {standard_task_runner.py:87} INFO - Running: ['***', 'tasks', 'run', 'northwind', 'extração_csv', 'manual__2025-07-10T12:18:44.775290+00:00', '--job-id', '9', '--raw', '--subdir', 'DAGS_FOLDER/northwind.py', '--cfg-path', '/tmp/tmpxj8rk1tz']
[2025-07-10T12:19:12.707+0000] {standard_task_runner.py:88} INFO - Job 9: Subtask extração_csv
[2025-07-10T12:19:12.767+0000] {task_command.py:423} INFO - Running <TaskInstance: northwind.extração_csv manual__2025-07-10T12:18:44.775290+00:00 [running]> on host 7ad2b0e001d7
[2025-07-10T12:19:12.881+0000] {taskinstance.py:2480} INFO - Exporting env vars: AIRFLOW_CTX_DAG_EMAIL='lrbf@cin.ufpe.br' AIRFLOW_CTX_DAG_OWNER='***' AIRFLOW_CTX_DAG_ID='northwind' AIRFLOW_CTX_TASK_ID='extração_csv' AIRFLOW_CTX_EXECUTION_DATE='2025-07-10T12:18:44.775290+00:00' AIRFLOW_CTX_TRY_NUMBER='1' AIRFLOW_CTX_DAG_RUN_ID='manual__2025-07-10T12:18:44.775290+00:00'
[2025-07-10T12:19:12.958+0000] {docker.py:359} INFO - Starting docker container from image meltano:latest
[2025-07-10T12:19:13.435+0000] {docker.py:429} INFO - Running meltano install...
[2025-07-10T12:19:12.854+0000] {docker.py:429} INFO - [2m2025-07-10T12:19:12.853784Z[0m [[32m[1minfo     [0m] [1mInstalling 7 plugins          [0m
[2025-07-10T12:19:12.871+0000] {docker.py:429} INFO - [2m2025-07-10T12:19:12.870492Z[0m [[32m[1minfo     [0m] [1mInstalling extractor 'tap-postgres'[0m
[2025-07-10T12:19:12.901+0000] {docker.py:429} INFO - [2m2025-07-10T12:19:12.900304Z[0m [[32m[1minfo     [0m] [1mInstalling extractor 'tap-csv'[0m
[2025-07-10T12:19:12.933+0000] {docker.py:429} INFO - [2m2025-07-10T12:19:12.932706Z[0m [[32m[1minfo     [0m] [1mInstalling extractor 'tap-csv-latest'[0m
[2025-07-10T12:19:12.969+0000] {docker.py:429} INFO - [2m2025-07-10T12:19:12.968216Z[0m [[32m[1minfo     [0m] [1mInstalling loader 'target-postgres'[0m
[2025-07-10T12:19:13.009+0000] {docker.py:429} INFO - [2m2025-07-10T12:19:13.008408Z[0m [[32m[1minfo     [0m] [1mInstalling loader 'target-csv'[0m
[2025-07-10T12:19:13.049+0000] {docker.py:429} INFO - [2m2025-07-10T12:19:13.048501Z[0m [[32m[1minfo     [0m] [1mInstalling loader 'target-csv-postgres'[0m
[2025-07-10T12:19:13.093+0000] {docker.py:429} INFO - [2m2025-07-10T12:19:13.092387Z[0m [[32m[1minfo     [0m] [1mInstalling loader 'target-csv-csv'[0m
[2025-07-10T12:19:14.286+0000] {docker.py:429} INFO - [2m2025-07-10T12:19:14.285352Z[0m [[32m[1minfo     [0m] [1mInstalled extractor 'tap-postgres'[0m
[2025-07-10T12:19:14.400+0000] {docker.py:429} INFO - [2m2025-07-10T12:19:14.399801Z[0m [[32m[1minfo     [0m] [1mInstalled loader 'target-postgres'[0m
[2025-07-10T12:19:19.580+0000] {docker.py:429} INFO - [2m2025-07-10T12:19:19.580101Z[0m [[32m[1minfo     [0m] [1mInstalled extractor 'tap-csv' [0m
[2025-07-10T12:19:19.623+0000] {docker.py:429} INFO - [2m2025-07-10T12:19:19.622171Z[0m [[32m[1minfo     [0m] [1mInstalled extractor 'tap-csv-latest'[0m
[2025-07-10T12:19:19.689+0000] {docker.py:429} INFO - [2m2025-07-10T12:19:19.689055Z[0m [[32m[1minfo     [0m] [1mInstalled loader 'target-csv' [0m
[2025-07-10T12:19:19.787+0000] {docker.py:429} INFO - [2m2025-07-10T12:19:19.786727Z[0m [[32m[1minfo     [0m] [1mInstalled loader 'target-csv-csv'[0m
[2025-07-10T12:19:19.903+0000] {docker.py:429} INFO - [2m2025-07-10T12:19:19.902517Z[0m [[32m[1minfo     [0m] [1mInstalled loader 'target-csv-postgres'[0m
[2025-07-10T12:19:19.904+0000] {docker.py:429} INFO - [2m2025-07-10T12:19:19.903016Z[0m [[32m[1minfo     [0m] [1mInstalled 7/7 plugins         [0m
[2025-07-10T12:19:21.139+0000] {docker.py:429} INFO - Meltano install completed. Executing command: meltano el tap-csv target-csv-csv
[2025-07-10T12:19:23.774+0000] {docker.py:429} INFO - [2m2025-07-10T12:19:23.773851Z[0m [[32m[1minfo     [0m] [1mEnvironment 'dev' is active   [0m
[2025-07-10T12:19:24.238+0000] {docker.py:429} INFO - [2m2025-07-10T12:19:24.237468Z[0m [[32m[1minfo     [0m] [1mRunning extract & load...     [0m [36mname[0m=[35mmeltano[0m [36mrun_id[0m=[35maec08438-f81a-45dc-8d74-d419ebb97ec0[0m [36mstate_id[0m=[35m2025-07-10T121924--tap-csv--target-csv-csv[0m
[2025-07-10T12:19:25.782+0000] {docker.py:429} INFO - [2m2025-07-10T12:19:25.781605Z[0m [[32m[1minfo     [0m] [1mINFO Sending version information to singer.io. To disable sending anonymous usage data, set the config parameter "disable_collection" to true[0m [36mcmd_type[0m=[35mloader[0m [36mname[0m=[35mtarget-csv-csv[0m [36mrun_id[0m=[35maec08438-f81a-45dc-8d74-d419ebb97ec0[0m [36mstate_id[0m=[35m2025-07-10T121924--tap-csv--target-csv-csv[0m [36mstdio[0m=[35mstderr[0m
[2025-07-10T12:19:26.105+0000] {docker.py:429} INFO - [2m2025-07-10T12:19:26.104346Z[0m [[32m[1minfo     [0m] [1m/opt/meltano/.meltano/extractors/tap-csv/venv/lib/python3.9/site-packages/singer_sdk/tap_base.py:516: SingerSDKDeprecationWarning: Passing a catalog file path is deprecated. Please pass the catalog as a dictionary or Catalog object instead.[0m [36mcmd_type[0m=[35mextractor[0m [36mname[0m=[35mtap-csv[0m [36mrun_id[0m=[35maec08438-f81a-45dc-8d74-d419ebb97ec0[0m [36mstate_id[0m=[35m2025-07-10T121924--tap-csv--target-csv-csv[0m [36mstdio[0m=[35mstderr[0m
[2025-07-10T12:19:26.105+0000] {docker.py:429} INFO - [2m2025-07-10T12:19:26.104701Z[0m [[32m[1minfo     [0m] [1m  tap = cls(                  [0m [36mcmd_type[0m=[35mextractor[0m [36mname[0m=[35mtap-csv[0m [36mrun_id[0m=[35maec08438-f81a-45dc-8d74-d419ebb97ec0[0m [36mstate_id[0m=[35m2025-07-10T121924--tap-csv--target-csv-csv[0m [36mstdio[0m=[35mstderr[0m
[2025-07-10T12:19:26.106+0000] {docker.py:429} INFO - [2m2025-07-10T12:19:26.105060Z[0m [[32m[1minfo     [0m] [1m                              [0m [36mcmd_type[0m=[35mextractor[0m [36mname[0m=[35mtap-csv[0m [36mrun_id[0m=[35maec08438-f81a-45dc-8d74-d419ebb97ec0[0m [36mstate_id[0m=[35m2025-07-10T121924--tap-csv--target-csv-csv[0m [36mstdio[0m=[35mstderr[0m
[2025-07-10T12:19:26.106+0000] {docker.py:429} INFO - [2m2025-07-10T12:19:26.105439Z[0m [[32m[1minfo     [0m] [1mBeginning full_table sync of 'order_details'...[0m [36mcmd_type[0m=[35mextractor[0m [36mname[0m=[35mtap-csv[0m [36mrun_id[0m=[35maec08438-f81a-45dc-8d74-d419ebb97ec0[0m [36mstate_id[0m=[35m2025-07-10T121924--tap-csv--target-csv-csv[0m [36mstdio[0m=[35mstderr[0m
[2025-07-10T12:19:26.106+0000] {docker.py:429} INFO - [2m2025-07-10T12:19:26.105778Z[0m [[32m[1minfo     [0m] [1mTap has custom mapper. Using 1 provided map(s).[0m [36mcmd_type[0m=[35mextractor[0m [36mname[0m=[35mtap-csv[0m [36mrun_id[0m=[35maec08438-f81a-45dc-8d74-d419ebb97ec0[0m [36mstate_id[0m=[35m2025-07-10T121924--tap-csv--target-csv-csv[0m [36mstdio[0m=[35mstderr[0m
[2025-07-10T12:19:26.292+0000] {docker.py:429} INFO - [2m2025-07-10T12:19:26.291117Z[0m [[32m[1minfo     [0m] [1mMETRIC: {"type": "timer", "metric": "sync_duration", "value": 0.18534493446350098, "tags": {"stream": "order_details", "pid": 176, "context": {}, "status": "succeeded"}}[0m [36mcmd_type[0m=[35mextractor[0m [36mname[0m=[35mtap-csv[0m [36mrun_id[0m=[35maec08438-f81a-45dc-8d74-d419ebb97ec0[0m [36mstate_id[0m=[35m2025-07-10T121924--tap-csv--target-csv-csv[0m [36mstdio[0m=[35mstderr[0m
[2025-07-10T12:19:26.293+0000] {docker.py:429} INFO - [2m2025-07-10T12:19:26.292747Z[0m [[32m[1minfo     [0m] [1mMETRIC: {"type": "counter", "metric": "record_count", "value": 2155, "tags": {"stream": "order_details", "pid": 176, "context": {}}}[0m [36mcmd_type[0m=[35mextractor[0m [36mname[0m=[35mtap-csv[0m [36mrun_id[0m=[35maec08438-f81a-45dc-8d74-d419ebb97ec0[0m [36mstate_id[0m=[35m2025-07-10T121924--tap-csv--target-csv-csv[0m [36mstdio[0m=[35mstderr[0m
[2025-07-10T12:19:26.410+0000] {docker.py:429} INFO - [2m2025-07-10T12:19:26.409311Z[0m [[32m[1minfo     [0m] [1mUsing systemdb state backend  [0m
[2025-07-10T12:19:26.422+0000] {docker.py:429} INFO - [2m2025-07-10T12:19:26.421543Z[0m [[32m[1minfo     [0m] [1mIncremental state has been updated at 2025-07-10 12:19:26.421503+00:00.[0m
[2025-07-10T12:19:26.425+0000] {docker.py:429} INFO - [2m2025-07-10T12:19:26.423835Z[0m [[32m[1minfo     [0m] [1mExtract & load complete!      [0m [36mname[0m=[35mmeltano[0m [36mrun_id[0m=[35maec08438-f81a-45dc-8d74-d419ebb97ec0[0m [36mstate_id[0m=[35m2025-07-10T121924--tap-csv--target-csv-csv[0m
[2m2025-07-10T12:19:26.424640Z[0m [[32m[1minfo     [0m] [1mTransformation skipped.       [0m [36mname[0m=[35mmeltano[0m [36mrun_id[0m=[35maec08438-f81a-45dc-8d74-d419ebb97ec0[0m [36mstate_id[0m=[35m2025-07-10T121924--tap-csv--target-csv-csv[0m
[2025-07-10T12:19:27.617+0000] {taskinstance.py:1138} INFO - Marking task as SUCCESS. dag_id=northwind, task_id=extração_csv, execution_date=20250710T121844, start_date=20250710T121912, end_date=20250710T121927
[2025-07-10T12:19:27.656+0000] {local_task_job_runner.py:234} INFO - Task exited with return code 0
[2025-07-10T12:19:27.713+0000] {taskinstance.py:3280} INFO - 1 downstream tasks scheduled from follow-on schedule check
