[2025-07-10T13:00:53.790+0000] {taskinstance.py:1956} INFO - Dependencies all met for dep_context=non-requeueable deps ti=<TaskInstance: northwind.extração_csv manual__2025-07-10T13:00:35.956858+00:00 [queued]>
[2025-07-10T13:00:53.798+0000] {taskinstance.py:1956} INFO - Dependencies all met for dep_context=requeueable deps ti=<TaskInstance: northwind.extração_csv manual__2025-07-10T13:00:35.956858+00:00 [queued]>
[2025-07-10T13:00:53.798+0000] {taskinstance.py:2170} INFO - Starting attempt 1 of 2
[2025-07-10T13:00:53.811+0000] {taskinstance.py:2191} INFO - Executing <Task(DockerOperator): extração_csv> on 2025-07-10 13:00:35.956858+00:00
[2025-07-10T13:00:53.817+0000] {standard_task_runner.py:60} INFO - Started process 187 to run task
[2025-07-10T13:00:53.820+0000] {standard_task_runner.py:87} INFO - Running: ['***', 'tasks', 'run', 'northwind', 'extração_csv', 'manual__2025-07-10T13:00:35.956858+00:00', '--job-id', '37', '--raw', '--subdir', 'DAGS_FOLDER/northwind.py', '--cfg-path', '/tmp/tmpso9jflsz']
[2025-07-10T13:00:53.822+0000] {standard_task_runner.py:88} INFO - Job 37: Subtask extração_csv
[2025-07-10T13:00:53.872+0000] {task_command.py:423} INFO - Running <TaskInstance: northwind.extração_csv manual__2025-07-10T13:00:35.956858+00:00 [running]> on host 0b8a8e1ab1ec
[2025-07-10T13:00:53.954+0000] {taskinstance.py:2480} INFO - Exporting env vars: AIRFLOW_CTX_DAG_EMAIL='lrbf@cin.ufpe.br' AIRFLOW_CTX_DAG_OWNER='***' AIRFLOW_CTX_DAG_ID='northwind' AIRFLOW_CTX_TASK_ID='extração_csv' AIRFLOW_CTX_EXECUTION_DATE='2025-07-10T13:00:35.956858+00:00' AIRFLOW_CTX_TRY_NUMBER='1' AIRFLOW_CTX_DAG_RUN_ID='manual__2025-07-10T13:00:35.956858+00:00'
[2025-07-10T13:00:54.031+0000] {docker.py:359} INFO - Starting docker container from image meltano:latest
[2025-07-10T13:00:54.442+0000] {docker.py:429} INFO - Running meltano install...
[2025-07-10T13:00:55.853+0000] {docker.py:429} INFO - [2m2025-07-10T13:00:55.852574Z[0m [[32m[1minfo     [0m] [1mInstalling 7 plugins          [0m
[2025-07-10T13:00:55.865+0000] {docker.py:429} INFO - [2m2025-07-10T13:00:55.864748Z[0m [[32m[1minfo     [0m] [1mInstalling extractor 'tap-postgres'[0m
[2025-07-10T13:00:55.884+0000] {docker.py:429} INFO - [2m2025-07-10T13:00:55.883378Z[0m [[32m[1minfo     [0m] [1mInstalling extractor 'tap-csv'[0m
[2025-07-10T13:00:55.901+0000] {docker.py:429} INFO - [2m2025-07-10T13:00:55.900228Z[0m [[32m[1minfo     [0m] [1mInstalling extractor 'tap-csv-latest'[0m
[2025-07-10T13:00:55.929+0000] {docker.py:429} INFO - [2m2025-07-10T13:00:55.928400Z[0m [[32m[1minfo     [0m] [1mInstalling loader 'target-postgres'[0m
[2025-07-10T13:00:55.953+0000] {docker.py:429} INFO - [2m2025-07-10T13:00:55.953164Z[0m [[32m[1minfo     [0m] [1mInstalling loader 'target-csv'[0m
[2025-07-10T13:00:55.988+0000] {docker.py:429} INFO - [2m2025-07-10T13:00:55.987283Z[0m [[32m[1minfo     [0m] [1mInstalling loader 'target-csv-postgres'[0m
[2025-07-10T13:00:56.039+0000] {docker.py:429} INFO - [2m2025-07-10T13:00:56.038130Z[0m [[32m[1minfo     [0m] [1mInstalling loader 'target-csv-csv'[0m
[2025-07-10T13:00:57.444+0000] {docker.py:429} INFO - [2m2025-07-10T13:00:57.443379Z[0m [[32m[1minfo     [0m] [1mInstalled extractor 'tap-postgres'[0m
[2025-07-10T13:00:57.501+0000] {docker.py:429} INFO - [2m2025-07-10T13:00:57.500828Z[0m [[32m[1minfo     [0m] [1mInstalled loader 'target-postgres'[0m
[2025-07-10T13:01:01.648+0000] {docker.py:429} INFO - [2m2025-07-10T13:01:01.647961Z[0m [[32m[1minfo     [0m] [1mInstalled extractor 'tap-csv' [0m
[2025-07-10T13:01:01.734+0000] {docker.py:429} INFO - [2m2025-07-10T13:01:01.733869Z[0m [[32m[1minfo     [0m] [1mInstalled extractor 'tap-csv-latest'[0m
[2025-07-10T13:01:02.316+0000] {docker.py:429} INFO - [2m2025-07-10T13:01:02.315856Z[0m [[32m[1minfo     [0m] [1mInstalled loader 'target-csv' [0m
[2025-07-10T13:01:02.419+0000] {docker.py:429} INFO - [2m2025-07-10T13:01:02.418455Z[0m [[32m[1minfo     [0m] [1mInstalled loader 'target-csv-csv'[0m
[2025-07-10T13:01:02.534+0000] {docker.py:429} INFO - [2m2025-07-10T13:01:02.534143Z[0m [[32m[1minfo     [0m] [1mInstalled loader 'target-csv-postgres'[0m
[2m2025-07-10T13:01:02.534443Z[0m [[32m[1minfo     [0m] [1mInstalled 7/7 plugins         [0m
[2025-07-10T13:01:03.434+0000] {docker.py:429} INFO - Meltano install completed. Executing command: meltano el tap-csv target-csv-csv
[2025-07-10T13:01:04.394+0000] {docker.py:429} INFO - [2m2025-07-10T13:01:04.393460Z[0m [[32m[1minfo     [0m] [1mEnvironment 'dev' is active   [0m
[2025-07-10T13:01:04.702+0000] {docker.py:429} INFO - [2m2025-07-10T13:01:04.701442Z[0m [[32m[1minfo     [0m] [1mRunning extract & load...     [0m [36mname[0m=[35mmeltano[0m [36mrun_id[0m=[35maa6f8506-0936-44e1-aae3-b30303565026[0m [36mstate_id[0m=[35m2025-07-10T130104--tap-csv--target-csv-csv[0m
[2025-07-10T13:01:05.694+0000] {docker.py:429} INFO - [2m2025-07-10T13:01:05.693266Z[0m [[32m[1minfo     [0m] [1mINFO Sending version information to singer.io. To disable sending anonymous usage data, set the config parameter "disable_collection" to true[0m [36mcmd_type[0m=[35mloader[0m [36mname[0m=[35mtarget-csv-csv[0m [36mrun_id[0m=[35maa6f8506-0936-44e1-aae3-b30303565026[0m [36mstate_id[0m=[35m2025-07-10T130104--tap-csv--target-csv-csv[0m [36mstdio[0m=[35mstderr[0m
[2025-07-10T13:01:05.969+0000] {docker.py:429} INFO - [2m2025-07-10T13:01:05.969089Z[0m [[32m[1minfo     [0m] [1m/opt/meltano/.meltano/extractors/tap-csv/venv/lib/python3.9/site-packages/singer_sdk/tap_base.py:516: SingerSDKDeprecationWarning: Passing a catalog file path is deprecated. Please pass the catalog as a dictionary or Catalog object instead.[0m [36mcmd_type[0m=[35mextractor[0m [36mname[0m=[35mtap-csv[0m [36mrun_id[0m=[35maa6f8506-0936-44e1-aae3-b30303565026[0m [36mstate_id[0m=[35m2025-07-10T130104--tap-csv--target-csv-csv[0m [36mstdio[0m=[35mstderr[0m
[2025-07-10T13:01:05.970+0000] {docker.py:429} INFO - [2m2025-07-10T13:01:05.969403Z[0m [[32m[1minfo     [0m] [1m  tap = cls(                  [0m [36mcmd_type[0m=[35mextractor[0m [36mname[0m=[35mtap-csv[0m [36mrun_id[0m=[35maa6f8506-0936-44e1-aae3-b30303565026[0m [36mstate_id[0m=[35m2025-07-10T130104--tap-csv--target-csv-csv[0m [36mstdio[0m=[35mstderr[0m
[2025-07-10T13:01:05.970+0000] {docker.py:429} INFO - [2m2025-07-10T13:01:05.969657Z[0m [[32m[1minfo     [0m] [1m                              [0m [36mcmd_type[0m=[35mextractor[0m [36mname[0m=[35mtap-csv[0m [36mrun_id[0m=[35maa6f8506-0936-44e1-aae3-b30303565026[0m [36mstate_id[0m=[35m2025-07-10T130104--tap-csv--target-csv-csv[0m [36mstdio[0m=[35mstderr[0m
[2025-07-10T13:01:05.971+0000] {docker.py:429} INFO - [2m2025-07-10T13:01:05.970029Z[0m [[32m[1minfo     [0m] [1mBeginning full_table sync of 'order_details'...[0m [36mcmd_type[0m=[35mextractor[0m [36mname[0m=[35mtap-csv[0m [36mrun_id[0m=[35maa6f8506-0936-44e1-aae3-b30303565026[0m [36mstate_id[0m=[35m2025-07-10T130104--tap-csv--target-csv-csv[0m [36mstdio[0m=[35mstderr[0m
[2025-07-10T13:01:05.971+0000] {docker.py:429} INFO - [2m2025-07-10T13:01:05.970295Z[0m [[32m[1minfo     [0m] [1mTap has custom mapper. Using 1 provided map(s).[0m [36mcmd_type[0m=[35mextractor[0m [36mname[0m=[35mtap-csv[0m [36mrun_id[0m=[35maa6f8506-0936-44e1-aae3-b30303565026[0m [36mstate_id[0m=[35m2025-07-10T130104--tap-csv--target-csv-csv[0m [36mstdio[0m=[35mstderr[0m
[2025-07-10T13:01:06.100+0000] {docker.py:429} INFO - [2m2025-07-10T13:01:06.099496Z[0m [[32m[1minfo     [0m] [1mMETRIC: {"type": "timer", "metric": "sync_duration", "value": 0.12944388389587402, "tags": {"stream": "order_details", "pid": 176, "context": {}, "status": "succeeded"}}[0m [36mcmd_type[0m=[35mextractor[0m [36mname[0m=[35mtap-csv[0m [36mrun_id[0m=[35maa6f8506-0936-44e1-aae3-b30303565026[0m [36mstate_id[0m=[35m2025-07-10T130104--tap-csv--target-csv-csv[0m [36mstdio[0m=[35mstderr[0m
[2025-07-10T13:01:06.101+0000] {docker.py:429} INFO - [2m2025-07-10T13:01:06.100212Z[0m [[32m[1minfo     [0m] [1mMETRIC: {"type": "counter", "metric": "record_count", "value": 2155, "tags": {"stream": "order_details", "pid": 176, "context": {}}}[0m [36mcmd_type[0m=[35mextractor[0m [36mname[0m=[35mtap-csv[0m [36mrun_id[0m=[35maa6f8506-0936-44e1-aae3-b30303565026[0m [36mstate_id[0m=[35m2025-07-10T130104--tap-csv--target-csv-csv[0m [36mstdio[0m=[35mstderr[0m
[2025-07-10T13:01:06.220+0000] {docker.py:429} INFO - [2m2025-07-10T13:01:06.219623Z[0m [[32m[1minfo     [0m] [1mUsing systemdb state backend  [0m
[2025-07-10T13:01:06.232+0000] {docker.py:429} INFO - [2m2025-07-10T13:01:06.231988Z[0m [[32m[1minfo     [0m] [1mIncremental state has been updated at 2025-07-10 13:01:06.231943+00:00.[0m
[2025-07-10T13:01:06.234+0000] {docker.py:429} INFO - [2m2025-07-10T13:01:06.233551Z[0m [[32m[1minfo     [0m] [1mExtract & load complete!      [0m [36mname[0m=[35mmeltano[0m [36mrun_id[0m=[35maa6f8506-0936-44e1-aae3-b30303565026[0m [36mstate_id[0m=[35m2025-07-10T130104--tap-csv--target-csv-csv[0m
[2025-07-10T13:01:06.234+0000] {docker.py:429} INFO - [2m2025-07-10T13:01:06.233836Z[0m [[32m[1minfo     [0m] [1mTransformation skipped.       [0m [36mname[0m=[35mmeltano[0m [36mrun_id[0m=[35maa6f8506-0936-44e1-aae3-b30303565026[0m [36mstate_id[0m=[35m2025-07-10T130104--tap-csv--target-csv-csv[0m
[2025-07-10T13:01:07.263+0000] {taskinstance.py:1138} INFO - Marking task as SUCCESS. dag_id=northwind, task_id=extração_csv, execution_date=20250710T130035, start_date=20250710T130053, end_date=20250710T130107
[2025-07-10T13:01:07.288+0000] {local_task_job_runner.py:234} INFO - Task exited with return code 0
[2025-07-10T13:01:07.311+0000] {taskinstance.py:3280} INFO - 1 downstream tasks scheduled from follow-on schedule check
