[2025-07-07T20:55:49.491+0000] {taskinstance.py:1956} INFO - Dependencies all met for dep_context=non-requeueable deps ti=<TaskInstance: northwind.gerar_config_csv_dinamica manual__2025-07-07T20:50:46.614225+00:00 [queued]>
[2025-07-07T20:55:49.569+0000] {taskinstance.py:1956} INFO - Dependencies all met for dep_context=requeueable deps ti=<TaskInstance: northwind.gerar_config_csv_dinamica manual__2025-07-07T20:50:46.614225+00:00 [queued]>
[2025-07-07T20:55:49.572+0000] {taskinstance.py:2170} INFO - Starting attempt 1 of 2
[2025-07-07T20:55:49.690+0000] {taskinstance.py:2191} INFO - Executing <Task(DockerOperator): gerar_config_csv_dinamica> on 2025-07-07 20:50:46.614225+00:00
[2025-07-07T20:55:49.727+0000] {standard_task_runner.py:60} INFO - Started process 259 to run task
[2025-07-07T20:55:49.765+0000] {standard_task_runner.py:87} INFO - Running: ['***', 'tasks', 'run', 'northwind', 'gerar_config_csv_dinamica', 'manual__2025-07-07T20:50:46.614225+00:00', '--job-id', '28', '--raw', '--subdir', 'DAGS_FOLDER/northwind.py', '--cfg-path', '/tmp/tmpw_li8d1y']
[2025-07-07T20:55:49.789+0000] {standard_task_runner.py:88} INFO - Job 28: Subtask gerar_config_csv_dinamica
[2025-07-07T20:55:50.229+0000] {task_command.py:423} INFO - Running <TaskInstance: northwind.gerar_config_csv_dinamica manual__2025-07-07T20:50:46.614225+00:00 [running]> on host c71ab7515ae3
[2025-07-07T20:55:50.940+0000] {taskinstance.py:2480} INFO - Exporting env vars: AIRFLOW_CTX_DAG_EMAIL='lrbf@cin.ufpe.br' AIRFLOW_CTX_DAG_OWNER='***' AIRFLOW_CTX_DAG_ID='northwind' AIRFLOW_CTX_TASK_ID='gerar_config_csv_dinamica' AIRFLOW_CTX_EXECUTION_DATE='2025-07-07T20:50:46.614225+00:00' AIRFLOW_CTX_TRY_NUMBER='1' AIRFLOW_CTX_DAG_RUN_ID='manual__2025-07-07T20:50:46.614225+00:00'
[2025-07-07T20:55:51.513+0000] {docker.py:359} INFO - Starting docker container from image meltano:latest
[2025-07-07T20:55:53.499+0000] {docker.py:429} INFO - Running meltano install...
[2025-07-07T20:56:14.516+0000] {docker.py:429} INFO - [2m2025-07-07T20:56:14.510503Z[0m [[32m[1minfo     [0m] [1mInstalling 7 plugins          [0m
[2025-07-07T20:56:14.665+0000] {docker.py:429} INFO - [2m2025-07-07T20:56:14.659694Z[0m [[32m[1minfo     [0m] [1mInstalling extractor 'tap-postgres'[0m
[2025-07-07T20:56:14.900+0000] {docker.py:429} INFO - [2m2025-07-07T20:56:14.895107Z[0m [[32m[1minfo     [0m] [1mInstalling extractor 'tap-csv'[0m
[2025-07-07T20:56:15.145+0000] {docker.py:429} INFO - [2m2025-07-07T20:56:15.140373Z[0m [[32m[1minfo     [0m] [1mInstalling extractor 'tap-csv-latest'[0m
[2025-07-07T20:56:15.400+0000] {docker.py:429} INFO - [2m2025-07-07T20:56:15.395168Z[0m [[32m[1minfo     [0m] [1mInstalling loader 'target-postgres'[0m
[2025-07-07T20:56:15.665+0000] {docker.py:429} INFO - [2m2025-07-07T20:56:15.659806Z[0m [[32m[1minfo     [0m] [1mInstalling loader 'target-csv'[0m
[2025-07-07T20:56:15.951+0000] {docker.py:429} INFO - [2m2025-07-07T20:56:15.946659Z[0m [[32m[1minfo     [0m] [1mInstalling loader 'target-csv-postgres'[0m
[2025-07-07T20:56:16.605+0000] {docker.py:429} INFO - [2m2025-07-07T20:56:16.585374Z[0m [[32m[1minfo     [0m] [1mInstalling loader 'target-csv-csv'[0m
[2025-07-07T20:56:28.027+0000] {docker.py:429} INFO - [2m2025-07-07T20:56:28.020787Z[0m [[32m[1minfo     [0m] [1mInstalled extractor 'tap-postgres'[0m
[2025-07-07T20:56:28.720+0000] {docker.py:429} INFO - [2m2025-07-07T20:56:28.716477Z[0m [[32m[1minfo     [0m] [1mInstalled loader 'target-postgres'[0m
[2025-07-07T20:56:53.783+0000] {docker.py:429} INFO - [2m2025-07-07T20:56:53.777164Z[0m [[32m[1minfo     [0m] [1mInstalled extractor 'tap-csv' [0m
[2025-07-07T20:56:54.018+0000] {docker.py:429} INFO - [2m2025-07-07T20:56:54.014222Z[0m [[32m[1minfo     [0m] [1mInstalled extractor 'tap-csv-latest'[0m
[2025-07-07T20:57:03.207+0000] {docker.py:429} INFO - [2m2025-07-07T20:57:03.200692Z[0m [[32m[1minfo     [0m] [1mInstalled loader 'target-csv' [0m
[2025-07-07T20:57:04.906+0000] {docker.py:429} INFO - [2m2025-07-07T20:57:04.901981Z[0m [[32m[1minfo     [0m] [1mInstalled loader 'target-csv-csv'[0m
[2025-07-07T20:57:05.950+0000] {docker.py:429} INFO - [2m2025-07-07T20:57:05.946193Z[0m [[32m[1minfo     [0m] [1mInstalled loader 'target-csv-postgres'[0m
[2025-07-07T20:57:05.955+0000] {docker.py:429} INFO - [2m2025-07-07T20:57:05.950743Z[0m [[32m[1minfo     [0m] [1mInstalled 7/7 plugins         [0m
[2025-07-07T20:57:09.051+0000] {docker.py:429} INFO - Meltano install completed. Executing command: python /opt/meltano/scripts/generate_csv_config.py
[2025-07-07T20:57:09.575+0000] {docker.py:429} INFO - [{"entity": "order_details", "path": "/opt/output_data/csv/order_details/2025-07-07/file.csv", "keys": ["order_id", "product_id"], "delimiter": ",", "encoding": "utf-8"}, {"entity": "public-categories", "path": "/opt/output_data/postgres/public-categories/2025-07-07/file.csv", "keys": ["category_id"], "delimiter": ",", "encoding": "utf-8"}, {"entity": "public-products", "path": "/opt/output_data/postgres/public-products/2025-07-07/file.csv", "keys": ["product_id"], "delimiter": ",", "encoding": "utf-8"}, {"entity": "public-suppliers", "path": "/opt/output_data/postgres/public-suppliers/2025-07-07/file.csv", "keys": ["supplier_id"], "delimiter": ",", "encoding": "utf-8"}, {"entity": "public-orders", "path": "/opt/output_data/postgres/public-orders/2025-07-07/file.csv", "keys": ["order_id"], "delimiter": ",", "encoding": "utf-8"}, {"entity": "public-customers", "path": "/opt/output_data/postgres/public-customers/2025-07-07/file.csv", "keys": ["customer_id"], "delimiter": ",", "encoding": "utf-8"}, {"entity": "public-employees", "path": "/opt/output_data/postgres/public-employees/2025-07-07/file.csv", "keys": ["employee_id"], "delimiter": ",", "encoding": "utf-8"}, {"entity": "public-employee_territories", "path": "/opt/output_data/postgres/public-employee_territories/2025-07-07/file.csv", "keys": ["employee_id", "territory_id"], "delimiter": ",", "encoding": "utf-8"}, {"entity": "public-territories", "path": "/opt/output_data/postgres/public-territories/2025-07-07/file.csv", "keys": ["territory_id"], "delimiter": ",", "encoding": "utf-8"}, {"entity": "public-region", "path": "/opt/output_data/postgres/public-region/2025-07-07/file.csv", "keys": ["region_id"], "delimiter": ",", "encoding": "utf-8"}, {"entity": "public-shippers", "path": "/opt/output_data/postgres/public-shippers/2025-07-07/file.csv", "keys": ["shipper_id"], "delimiter": ",", "encoding": "utf-8"}, {"entity": "public-us_states", "path": "/opt/output_data/postgres/public-us_states/2025-07-07/file.csv", "keys": ["state_id"], "delimiter": ",", "encoding": "utf-8"}]
[2025-07-07T20:57:10.528+0000] {taskinstance.py:1138} INFO - Marking task as SUCCESS. dag_id=northwind, task_id=gerar_config_csv_dinamica, execution_date=20250707T205046, start_date=20250707T205549, end_date=20250707T205710
[2025-07-07T20:57:10.730+0000] {local_task_job_runner.py:234} INFO - Task exited with return code 0
[2025-07-07T20:57:10.889+0000] {taskinstance.py:3280} INFO - 1 downstream tasks scheduled from follow-on schedule check
