[2025-06-24T19:49:02.935+0000] {taskinstance.py:1956} INFO - Dependencies all met for dep_context=non-requeueable deps ti=<TaskInstance: northwind.extração_csv manual__2025-06-24T19:48:36.653715+00:00 [queued]>
[2025-06-24T19:49:02.947+0000] {taskinstance.py:1956} INFO - Dependencies all met for dep_context=requeueable deps ti=<TaskInstance: northwind.extração_csv manual__2025-06-24T19:48:36.653715+00:00 [queued]>
[2025-06-24T19:49:02.947+0000] {taskinstance.py:2170} INFO - Starting attempt 1 of 2
[2025-06-24T19:49:02.962+0000] {taskinstance.py:2191} INFO - Executing <Task(DockerOperator): extração_csv> on 2025-06-24 19:48:36.653715+00:00
[2025-06-24T19:49:02.966+0000] {standard_task_runner.py:60} INFO - Started process 189 to run task
[2025-06-24T19:49:02.969+0000] {standard_task_runner.py:87} INFO - Running: ['***', 'tasks', 'run', 'northwind', 'extração_csv', 'manual__2025-06-24T19:48:36.653715+00:00', '--job-id', '89', '--raw', '--subdir', 'DAGS_FOLDER/dag.py', '--cfg-path', '/tmp/tmpr7bhqkph']
[2025-06-24T19:49:02.971+0000] {standard_task_runner.py:88} INFO - Job 89: Subtask extração_csv
[2025-06-24T19:49:00.530+0000] {task_command.py:423} INFO - Running <TaskInstance: northwind.extração_csv manual__2025-06-24T19:48:36.653715+00:00 [running]> on host 2f206bf85820
[2025-06-24T19:49:00.618+0000] {taskinstance.py:2480} INFO - Exporting env vars: AIRFLOW_CTX_DAG_EMAIL='lrbf@cin.ufpe.br' AIRFLOW_CTX_DAG_OWNER='***' AIRFLOW_CTX_DAG_ID='northwind' AIRFLOW_CTX_TASK_ID='extração_csv' AIRFLOW_CTX_EXECUTION_DATE='2025-06-24T19:48:36.653715+00:00' AIRFLOW_CTX_TRY_NUMBER='1' AIRFLOW_CTX_DAG_RUN_ID='manual__2025-06-24T19:48:36.653715+00:00'
[2025-06-24T19:49:00.835+0000] {docker.py:359} INFO - Starting docker container from image meltano:latest
[2025-06-24T19:49:00.841+0000] {docker.py:367} WARNING - Using remote engine or docker-in-docker and mounting temporary volume from host is not supported. Falling back to `mount_tmp_dir=False` mode. You can set `mount_tmp_dir` parameter to False to disable mounting and remove the warning
[2025-06-24T19:49:01.286+0000] {docker.py:429} INFO - Running meltano install...
[2025-06-24T19:49:02.602+0000] {docker.py:429} INFO - [2m2025-06-24T19:49:02.602105Z[0m [[32m[1minfo     [0m] [1mInstalling 7 plugins          [0m
[2025-06-24T19:49:02.617+0000] {docker.py:429} INFO - [2m2025-06-24T19:49:02.616187Z[0m [[32m[1minfo     [0m] [1mInstalling extractor 'tap-postgres'[0m
[2025-06-24T19:49:02.641+0000] {docker.py:429} INFO - [2m2025-06-24T19:49:02.640678Z[0m [[32m[1minfo     [0m] [1mInstalling extractor 'tap-csv'[0m
[2025-06-24T19:49:02.661+0000] {docker.py:429} INFO - [2m2025-06-24T19:49:02.661119Z[0m [[32m[1minfo     [0m] [1mInstalling extractor 'tap-csv-latest'[0m
[2025-06-24T19:49:02.688+0000] {docker.py:429} INFO - [2m2025-06-24T19:49:02.687324Z[0m [[32m[1minfo     [0m] [1mInstalling loader 'target-postgres'[0m
[2025-06-24T19:49:02.715+0000] {docker.py:429} INFO - [2m2025-06-24T19:49:02.714771Z[0m [[32m[1minfo     [0m] [1mInstalling loader 'target-csv'[0m
[2025-06-24T19:49:02.759+0000] {docker.py:429} INFO - [2m2025-06-24T19:49:02.755063Z[0m [[32m[1minfo     [0m] [1mInstalling loader 'target-csv-postgres'[0m
[2025-06-24T19:49:02.800+0000] {docker.py:429} INFO - [2m2025-06-24T19:49:02.797947Z[0m [[32m[1minfo     [0m] [1mInstalling loader 'target-csv-csv'[0m
[2025-06-24T19:49:04.672+0000] {docker.py:429} INFO - [2m2025-06-24T19:49:04.671743Z[0m [[32m[1minfo     [0m] [1mInstalled extractor 'tap-postgres'[0m
[2025-06-24T19:49:04.673+0000] {docker.py:429} INFO - [2m2025-06-24T19:49:04.672624Z[0m [[32m[1minfo     [0m] [1mInstalled loader 'target-postgres'[0m
[2025-06-24T19:49:10.715+0000] {docker.py:429} INFO - [2m2025-06-24T19:49:10.714047Z[0m [[32m[1minfo     [0m] [1mInstalled extractor 'tap-csv-latest'[0m
[2025-06-24T19:49:10.762+0000] {docker.py:429} INFO - [2m2025-06-24T19:49:10.761260Z[0m [[32m[1minfo     [0m] [1mInstalled extractor 'tap-csv' [0m
[2025-06-24T19:49:12.161+0000] {docker.py:429} INFO - [2m2025-06-24T19:49:12.160545Z[0m [[32m[1minfo     [0m] [1mInstalled loader 'target-csv' [0m
[2025-06-24T19:49:12.338+0000] {docker.py:429} INFO - [2m2025-06-24T19:49:12.337314Z[0m [[32m[1minfo     [0m] [1mInstalled loader 'target-csv-csv'[0m
[2025-06-24T19:49:12.390+0000] {docker.py:429} INFO - [2m2025-06-24T19:49:12.389780Z[0m [[32m[1minfo     [0m] [1mInstalled loader 'target-csv-postgres'[0m
[2025-06-24T19:49:12.391+0000] {docker.py:429} INFO - [2m2025-06-24T19:49:12.390097Z[0m [[32m[1minfo     [0m] [1mInstalled 7/7 plugins         [0m
[2025-06-24T19:49:13.350+0000] {docker.py:429} INFO - Meltano install completed. Executing command: meltano el tap-csv target-csv-csv
[2025-06-24T19:49:14.515+0000] {docker.py:429} INFO - [2m2025-06-24T19:49:14.514823Z[0m [[32m[1minfo     [0m] [1mEnvironment 'dev' is active   [0m
[2025-06-24T19:49:14.840+0000] {docker.py:429} INFO - [2m2025-06-24T19:49:14.839874Z[0m [[32m[1minfo     [0m] [1mRunning extract & load...     [0m [36mname[0m=[35mmeltano[0m [36mrun_id[0m=[35m307dfc1d-b979-4aa2-b399-a6a470d64873[0m [36mstate_id[0m=[35m2025-06-24T194914--tap-csv--target-csv-csv[0m
[2025-06-24T19:49:16.108+0000] {docker.py:429} INFO - [2m2025-06-24T19:49:16.107850Z[0m [[32m[1minfo     [0m] [1mINFO Sending version information to singer.io. To disable sending anonymous usage data, set the config parameter "disable_collection" to true[0m [36mcmd_type[0m=[35mloader[0m [36mname[0m=[35mtarget-csv-csv[0m [36mrun_id[0m=[35m307dfc1d-b979-4aa2-b399-a6a470d64873[0m [36mstate_id[0m=[35m2025-06-24T194914--tap-csv--target-csv-csv[0m [36mstdio[0m=[35mstderr[0m
[2025-06-24T19:49:16.291+0000] {docker.py:429} INFO - [2m2025-06-24T19:49:16.290416Z[0m [[32m[1minfo     [0m] [1mBeginning full_table sync of 'order_details'...[0m [36mcmd_type[0m=[35mextractor[0m [36mname[0m=[35mtap-csv[0m [36mrun_id[0m=[35m307dfc1d-b979-4aa2-b399-a6a470d64873[0m [36mstate_id[0m=[35m2025-06-24T194914--tap-csv--target-csv-csv[0m [36mstdio[0m=[35mstderr[0m
[2m2025-06-24T19:49:16.290708Z[0m [[32m[1minfo     [0m] [1mTap has custom mapper. Using 1 provided map(s).[0m [36mcmd_type[0m=[35mextractor[0m [36mname[0m=[35mtap-csv[0m [36mrun_id[0m=[35m307dfc1d-b979-4aa2-b399-a6a470d64873[0m [36mstate_id[0m=[35m2025-06-24T194914--tap-csv--target-csv-csv[0m [36mstdio[0m=[35mstderr[0m
[2025-06-24T19:49:16.424+0000] {docker.py:429} INFO - [2m2025-06-24T19:49:16.423316Z[0m [[32m[1minfo     [0m] [1mMETRIC: {"type": "timer", "metric": "sync_duration", "value": 0.13248991966247559, "tags": {"stream": "order_details", "pid": 176, "context": {}, "status": "succeeded"}}[0m [36mcmd_type[0m=[35mextractor[0m [36mname[0m=[35mtap-csv[0m [36mrun_id[0m=[35m307dfc1d-b979-4aa2-b399-a6a470d64873[0m [36mstate_id[0m=[35m2025-06-24T194914--tap-csv--target-csv-csv[0m [36mstdio[0m=[35mstderr[0m
[2025-06-24T19:49:16.424+0000] {docker.py:429} INFO - [2m2025-06-24T19:49:16.423828Z[0m [[32m[1minfo     [0m] [1mMETRIC: {"type": "counter", "metric": "record_count", "value": 2155, "tags": {"stream": "order_details", "pid": 176, "context": {}}}[0m [36mcmd_type[0m=[35mextractor[0m [36mname[0m=[35mtap-csv[0m [36mrun_id[0m=[35m307dfc1d-b979-4aa2-b399-a6a470d64873[0m [36mstate_id[0m=[35m2025-06-24T194914--tap-csv--target-csv-csv[0m [36mstdio[0m=[35mstderr[0m
[2025-06-24T19:49:16.528+0000] {docker.py:429} INFO - [2m2025-06-24T19:49:16.527787Z[0m [[32m[1minfo     [0m] [1mUsing systemdb state backend  [0m
[2025-06-24T19:49:16.541+0000] {docker.py:429} INFO - [2m2025-06-24T19:49:16.541153Z[0m [[32m[1minfo     [0m] [1mIncremental state has been updated at 2025-06-24 19:49:16.541120+00:00.[0m
[2025-06-24T19:49:16.542+0000] {docker.py:429} INFO - [2m2025-06-24T19:49:16.541985Z[0m [[32m[1minfo     [0m] [1mExtract & load complete!      [0m [36mname[0m=[35mmeltano[0m [36mrun_id[0m=[35m307dfc1d-b979-4aa2-b399-a6a470d64873[0m [36mstate_id[0m=[35m2025-06-24T194914--tap-csv--target-csv-csv[0m
[2025-06-24T19:49:16.542+0000] {docker.py:429} INFO - [2m2025-06-24T19:49:16.542203Z[0m [[32m[1minfo     [0m] [1mTransformation skipped.       [0m [36mname[0m=[35mmeltano[0m [36mrun_id[0m=[35m307dfc1d-b979-4aa2-b399-a6a470d64873[0m [36mstate_id[0m=[35m2025-06-24T194914--tap-csv--target-csv-csv[0m
[2025-06-24T19:49:17.711+0000] {taskinstance.py:1138} INFO - Marking task as SUCCESS. dag_id=northwind, task_id=extração_csv, execution_date=20250624T194836, start_date=20250624T194902, end_date=20250624T194917
[2025-06-24T19:49:17.737+0000] {local_task_job_runner.py:234} INFO - Task exited with return code 0
[2025-06-24T19:49:17.759+0000] {taskinstance.py:3280} INFO - 1 downstream tasks scheduled from follow-on schedule check
