[2025-06-27T18:51:53.750+0000] {taskinstance.py:1956} INFO - Dependencies all met for dep_context=non-requeueable deps ti=<TaskInstance: northwind.extração_csv manual__2025-06-27T18:51:23.050309+00:00 [queued]>
[2025-06-27T18:51:53.763+0000] {taskinstance.py:1956} INFO - Dependencies all met for dep_context=requeueable deps ti=<TaskInstance: northwind.extração_csv manual__2025-06-27T18:51:23.050309+00:00 [queued]>
[2025-06-27T18:51:53.763+0000] {taskinstance.py:2170} INFO - Starting attempt 1 of 2
[2025-06-27T18:51:53.786+0000] {taskinstance.py:2191} INFO - Executing <Task(DockerOperator): extração_csv> on 2025-06-27 18:51:23.050309+00:00
[2025-06-27T18:51:53.793+0000] {standard_task_runner.py:60} INFO - Started process 227 to run task
[2025-06-27T18:51:53.799+0000] {standard_task_runner.py:87} INFO - Running: ['***', 'tasks', 'run', 'northwind', 'extração_csv', 'manual__2025-06-27T18:51:23.050309+00:00', '--job-id', '332', '--raw', '--subdir', 'DAGS_FOLDER/northwind.py', '--cfg-path', '/tmp/tmpc1131jz3']
[2025-06-27T18:51:53.803+0000] {standard_task_runner.py:88} INFO - Job 332: Subtask extração_csv
[2025-06-27T18:51:53.856+0000] {task_command.py:423} INFO - Running <TaskInstance: northwind.extração_csv manual__2025-06-27T18:51:23.050309+00:00 [running]> on host 6afc1f3750fb
[2025-06-27T18:51:53.955+0000] {taskinstance.py:2480} INFO - Exporting env vars: AIRFLOW_CTX_DAG_EMAIL='lrbf@cin.ufpe.br' AIRFLOW_CTX_DAG_OWNER='***' AIRFLOW_CTX_DAG_ID='northwind' AIRFLOW_CTX_TASK_ID='extração_csv' AIRFLOW_CTX_EXECUTION_DATE='2025-06-27T18:51:23.050309+00:00' AIRFLOW_CTX_TRY_NUMBER='1' AIRFLOW_CTX_DAG_RUN_ID='manual__2025-06-27T18:51:23.050309+00:00'
[2025-06-27T18:51:54.029+0000] {docker.py:359} INFO - Starting docker container from image meltano:latest
[2025-06-27T18:51:54.033+0000] {docker.py:367} WARNING - Using remote engine or docker-in-docker and mounting temporary volume from host is not supported. Falling back to `mount_tmp_dir=False` mode. You can set `mount_tmp_dir` parameter to False to disable mounting and remove the warning
[2025-06-27T18:51:54.445+0000] {docker.py:429} INFO - Running meltano install...
[2025-06-27T18:51:57.153+0000] {docker.py:429} INFO - [2m2025-06-27T18:51:57.153039Z[0m [[32m[1minfo     [0m] [1mInstalling 7 plugins          [0m
[2025-06-27T18:51:57.168+0000] {docker.py:429} INFO - [2m2025-06-27T18:51:57.168147Z[0m [[32m[1minfo     [0m] [1mInstalling extractor 'tap-postgres'[0m
[2025-06-27T18:51:57.192+0000] {docker.py:429} INFO - [2m2025-06-27T18:51:57.192061Z[0m [[32m[1minfo     [0m] [1mInstalling extractor 'tap-csv'[0m
[2025-06-27T18:51:57.218+0000] {docker.py:429} INFO - [2m2025-06-27T18:51:57.217625Z[0m [[32m[1minfo     [0m] [1mInstalling extractor 'tap-csv-latest'[0m
[2025-06-27T18:51:57.247+0000] {docker.py:429} INFO - [2m2025-06-27T18:51:57.246938Z[0m [[32m[1minfo     [0m] [1mInstalling loader 'target-postgres'[0m
[2025-06-27T18:51:57.269+0000] {docker.py:429} INFO - [2m2025-06-27T18:51:57.268860Z[0m [[32m[1minfo     [0m] [1mInstalling loader 'target-csv'[0m
[2025-06-27T18:51:57.303+0000] {docker.py:429} INFO - [2m2025-06-27T18:51:57.302207Z[0m [[32m[1minfo     [0m] [1mInstalling loader 'target-csv-postgres'[0m
[2025-06-27T18:51:57.355+0000] {docker.py:429} INFO - [2m2025-06-27T18:51:57.354440Z[0m [[32m[1minfo     [0m] [1mInstalling loader 'target-csv-csv'[0m
[2025-06-27T18:51:59.576+0000] {docker.py:429} INFO - [2m2025-06-27T18:51:59.574406Z[0m [[32m[1minfo     [0m] [1mInstalled extractor 'tap-postgres'[0m
[2025-06-27T18:51:59.634+0000] {docker.py:429} INFO - [2m2025-06-27T18:51:59.633407Z[0m [[32m[1minfo     [0m] [1mInstalled loader 'target-postgres'[0m
[2025-06-27T18:52:05.829+0000] {docker.py:429} INFO - [2m2025-06-27T18:52:05.828732Z[0m [[32m[1minfo     [0m] [1mInstalled extractor 'tap-csv' [0m
[2025-06-27T18:52:05.880+0000] {docker.py:429} INFO - [2m2025-06-27T18:52:05.879473Z[0m [[32m[1minfo     [0m] [1mInstalled extractor 'tap-csv-latest'[0m
[2025-06-27T18:52:08.207+0000] {docker.py:429} INFO - [2m2025-06-27T18:52:08.206185Z[0m [[32m[1minfo     [0m] [1mInstalled loader 'target-csv' [0m
[2025-06-27T18:52:13.650+0000] {docker.py:429} INFO - [2m2025-06-27T18:52:13.649440Z[0m [[32m[1minfo     [0m] [1mInstalled loader 'target-csv-csv'[0m
[2025-06-27T18:52:13.674+0000] {docker.py:429} INFO - [2m2025-06-27T18:52:13.672792Z[0m [[32m[1minfo     [0m] [1mInstalled loader 'target-csv-postgres'[0m
[2025-06-27T18:52:13.675+0000] {docker.py:429} INFO - [2m2025-06-27T18:52:13.673719Z[0m [[32m[1minfo     [0m] [1mInstalled 7/7 plugins         [0m
[2025-06-27T18:52:09.232+0000] {docker.py:429} INFO - Meltano install completed. Executing command: meltano el tap-csv target-csv-csv
[2025-06-27T18:52:11.456+0000] {docker.py:429} INFO - [2m2025-06-27T18:52:11.455862Z[0m [[32m[1minfo     [0m] [1mEnvironment 'dev' is active   [0m
[2025-06-27T18:52:11.983+0000] {docker.py:429} INFO - [2m2025-06-27T18:52:11.982393Z[0m [[32m[1minfo     [0m] [1mRunning extract & load...     [0m [36mname[0m=[35mmeltano[0m [36mrun_id[0m=[35mf6e89070-727d-4ab9-9530-d0b4cdb77019[0m [36mstate_id[0m=[35m2025-06-27T185211--tap-csv--target-csv-csv[0m
[2025-06-27T18:52:14.211+0000] {docker.py:429} INFO - [2m2025-06-27T18:52:14.210321Z[0m [[32m[1minfo     [0m] [1mINFO Sending version information to singer.io. To disable sending anonymous usage data, set the config parameter "disable_collection" to true[0m [36mcmd_type[0m=[35mloader[0m [36mname[0m=[35mtarget-csv-csv[0m [36mrun_id[0m=[35mf6e89070-727d-4ab9-9530-d0b4cdb77019[0m [36mstate_id[0m=[35m2025-06-27T185211--tap-csv--target-csv-csv[0m [36mstdio[0m=[35mstderr[0m
[2025-06-27T18:52:14.936+0000] {docker.py:429} INFO - [2m2025-06-27T18:52:14.934738Z[0m [[32m[1minfo     [0m] [1mBeginning full_table sync of 'order_details'...[0m [36mcmd_type[0m=[35mextractor[0m [36mname[0m=[35mtap-csv[0m [36mrun_id[0m=[35mf6e89070-727d-4ab9-9530-d0b4cdb77019[0m [36mstate_id[0m=[35m2025-06-27T185211--tap-csv--target-csv-csv[0m [36mstdio[0m=[35mstderr[0m
[2025-06-27T18:52:14.937+0000] {docker.py:429} INFO - [2m2025-06-27T18:52:14.935745Z[0m [[32m[1minfo     [0m] [1mTap has custom mapper. Using 1 provided map(s).[0m [36mcmd_type[0m=[35mextractor[0m [36mname[0m=[35mtap-csv[0m [36mrun_id[0m=[35mf6e89070-727d-4ab9-9530-d0b4cdb77019[0m [36mstate_id[0m=[35m2025-06-27T185211--tap-csv--target-csv-csv[0m [36mstdio[0m=[35mstderr[0m
[2025-06-27T18:52:15.226+0000] {docker.py:429} INFO - [2m2025-06-27T18:52:15.225448Z[0m [[32m[1minfo     [0m] [1mMETRIC: {"type": "timer", "metric": "sync_duration", "value": 0.28977108001708984, "tags": {"stream": "order_details", "pid": 174, "context": {}, "status": "succeeded"}}[0m [36mcmd_type[0m=[35mextractor[0m [36mname[0m=[35mtap-csv[0m [36mrun_id[0m=[35mf6e89070-727d-4ab9-9530-d0b4cdb77019[0m [36mstate_id[0m=[35m2025-06-27T185211--tap-csv--target-csv-csv[0m [36mstdio[0m=[35mstderr[0m
[2025-06-27T18:52:15.226+0000] {docker.py:429} INFO - [2m2025-06-27T18:52:15.225967Z[0m [[32m[1minfo     [0m] [1mMETRIC: {"type": "counter", "metric": "record_count", "value": 2155, "tags": {"stream": "order_details", "pid": 174, "context": {}}}[0m [36mcmd_type[0m=[35mextractor[0m [36mname[0m=[35mtap-csv[0m [36mrun_id[0m=[35mf6e89070-727d-4ab9-9530-d0b4cdb77019[0m [36mstate_id[0m=[35m2025-06-27T185211--tap-csv--target-csv-csv[0m [36mstdio[0m=[35mstderr[0m
[2025-06-27T18:52:15.449+0000] {docker.py:429} INFO - [2m2025-06-27T18:52:15.447942Z[0m [[32m[1minfo     [0m] [1mUsing systemdb state backend  [0m
[2025-06-27T18:52:15.460+0000] {docker.py:429} INFO - [2m2025-06-27T18:52:15.459479Z[0m [[32m[1minfo     [0m] [1mIncremental state has been updated at 2025-06-27 18:52:15.459439+00:00.[0m
[2025-06-27T18:52:15.535+0000] {docker.py:429} INFO - [2m2025-06-27T18:52:15.529736Z[0m [[32m[1minfo     [0m] [1mExtract & load complete!      [0m [36mname[0m=[35mmeltano[0m [36mrun_id[0m=[35mf6e89070-727d-4ab9-9530-d0b4cdb77019[0m [36mstate_id[0m=[35m2025-06-27T185211--tap-csv--target-csv-csv[0m
[2025-06-27T18:52:15.544+0000] {docker.py:429} INFO - [2m2025-06-27T18:52:15.533910Z[0m [[32m[1minfo     [0m] [1mTransformation skipped.       [0m [36mname[0m=[35mmeltano[0m [36mrun_id[0m=[35mf6e89070-727d-4ab9-9530-d0b4cdb77019[0m [36mstate_id[0m=[35m2025-06-27T185211--tap-csv--target-csv-csv[0m
[2025-06-27T18:52:16.769+0000] {taskinstance.py:1138} INFO - Marking task as SUCCESS. dag_id=northwind, task_id=extração_csv, execution_date=20250627T185123, start_date=20250627T185153, end_date=20250627T185216
[2025-06-27T18:52:16.828+0000] {local_task_job_runner.py:234} INFO - Task exited with return code 0
[2025-06-27T18:52:16.864+0000] {taskinstance.py:3280} INFO - 0 downstream tasks scheduled from follow-on schedule check
