[2025-07-01T21:26:14.345+0000] {taskinstance.py:1956} INFO - Dependencies all met for dep_context=non-requeueable deps ti=<TaskInstance: northwind.extração_csv manual__2025-07-01T21:25:48.128596+00:00 [queued]>
[2025-07-01T21:26:14.359+0000] {taskinstance.py:1956} INFO - Dependencies all met for dep_context=requeueable deps ti=<TaskInstance: northwind.extração_csv manual__2025-07-01T21:25:48.128596+00:00 [queued]>
[2025-07-01T21:26:14.359+0000] {taskinstance.py:2170} INFO - Starting attempt 1 of 2
[2025-07-01T21:26:14.373+0000] {taskinstance.py:2191} INFO - Executing <Task(DockerOperator): extração_csv> on 2025-07-01 21:25:48.128596+00:00
[2025-07-01T21:26:14.377+0000] {standard_task_runner.py:60} INFO - Started process 177 to run task
[2025-07-01T21:26:14.380+0000] {standard_task_runner.py:87} INFO - Running: ['***', 'tasks', 'run', 'northwind', 'extração_csv', 'manual__2025-07-01T21:25:48.128596+00:00', '--job-id', '14', '--raw', '--subdir', 'DAGS_FOLDER/northwind.py', '--cfg-path', '/tmp/tmpxzu1jj1j']
[2025-07-01T21:26:14.382+0000] {standard_task_runner.py:88} INFO - Job 14: Subtask extração_csv
[2025-07-01T21:26:14.427+0000] {task_command.py:423} INFO - Running <TaskInstance: northwind.extração_csv manual__2025-07-01T21:25:48.128596+00:00 [running]> on host 018d2949d085
[2025-07-01T21:26:14.509+0000] {taskinstance.py:2480} INFO - Exporting env vars: AIRFLOW_CTX_DAG_EMAIL='lrbf@cin.ufpe.br' AIRFLOW_CTX_DAG_OWNER='***' AIRFLOW_CTX_DAG_ID='northwind' AIRFLOW_CTX_TASK_ID='extração_csv' AIRFLOW_CTX_EXECUTION_DATE='2025-07-01T21:25:48.128596+00:00' AIRFLOW_CTX_TRY_NUMBER='1' AIRFLOW_CTX_DAG_RUN_ID='manual__2025-07-01T21:25:48.128596+00:00'
[2025-07-01T21:26:14.560+0000] {docker.py:359} INFO - Starting docker container from image meltano:latest
[2025-07-01T21:26:14.844+0000] {docker.py:429} INFO - Running meltano install...
[2025-07-01T21:26:15.958+0000] {docker.py:429} INFO - [2m2025-07-01T21:26:15.957349Z[0m [[32m[1minfo     [0m] [1mInstalling 7 plugins          [0m
[2025-07-01T21:26:15.966+0000] {docker.py:429} INFO - [2m2025-07-01T21:26:15.966279Z[0m [[32m[1minfo     [0m] [1mInstalling extractor 'tap-postgres'[0m
[2025-07-01T21:26:15.982+0000] {docker.py:429} INFO - [2m2025-07-01T21:26:15.981643Z[0m [[32m[1minfo     [0m] [1mInstalling extractor 'tap-csv'[0m
[2025-07-01T21:26:16.000+0000] {docker.py:429} INFO - [2m2025-07-01T21:26:15.999666Z[0m [[32m[1minfo     [0m] [1mInstalling extractor 'tap-csv-latest'[0m
[2025-07-01T21:26:16.023+0000] {docker.py:429} INFO - [2m2025-07-01T21:26:16.022813Z[0m [[32m[1minfo     [0m] [1mInstalling loader 'target-postgres'[0m
[2025-07-01T21:26:16.054+0000] {docker.py:429} INFO - [2m2025-07-01T21:26:16.053106Z[0m [[32m[1minfo     [0m] [1mInstalling loader 'target-csv'[0m
[2025-07-01T21:26:16.088+0000] {docker.py:429} INFO - [2m2025-07-01T21:26:16.087850Z[0m [[32m[1minfo     [0m] [1mInstalling loader 'target-csv-postgres'[0m
[2025-07-01T21:26:16.126+0000] {docker.py:429} INFO - [2m2025-07-01T21:26:16.125457Z[0m [[32m[1minfo     [0m] [1mInstalling loader 'target-csv-csv'[0m
[2025-07-01T21:26:17.387+0000] {docker.py:429} INFO - [2m2025-07-01T21:26:17.387008Z[0m [[32m[1minfo     [0m] [1mInstalled loader 'target-postgres'[0m
[2025-07-01T21:26:17.396+0000] {docker.py:429} INFO - [2m2025-07-01T21:26:17.395996Z[0m [[32m[1minfo     [0m] [1mInstalled extractor 'tap-postgres'[0m
[2025-07-01T21:26:22.057+0000] {docker.py:429} INFO - [2m2025-07-01T21:26:22.056349Z[0m [[32m[1minfo     [0m] [1mInstalled extractor 'tap-csv-latest'[0m
[2025-07-01T21:26:22.110+0000] {docker.py:429} INFO - [2m2025-07-01T21:26:22.109911Z[0m [[32m[1minfo     [0m] [1mInstalled extractor 'tap-csv' [0m
[2025-07-01T21:26:22.529+0000] {docker.py:429} INFO - [2m2025-07-01T21:26:22.529006Z[0m [[32m[1minfo     [0m] [1mInstalled loader 'target-csv-postgres'[0m
[2025-07-01T21:26:22.719+0000] {docker.py:429} INFO - [2m2025-07-01T21:26:22.718641Z[0m [[32m[1minfo     [0m] [1mInstalled loader 'target-csv' [0m
[2025-07-01T21:26:23.041+0000] {docker.py:429} INFO - [2m2025-07-01T21:26:23.040733Z[0m [[32m[1minfo     [0m] [1mInstalled loader 'target-csv-csv'[0m
[2m2025-07-01T21:26:23.041000Z[0m [[32m[1minfo     [0m] [1mInstalled 7/7 plugins         [0m
[2025-07-01T21:26:23.802+0000] {docker.py:429} INFO - Meltano install completed. Executing command: meltano el tap-csv target-csv-csv
[2025-07-01T21:26:24.743+0000] {docker.py:429} INFO - [2m2025-07-01T21:26:24.742770Z[0m [[32m[1minfo     [0m] [1mEnvironment 'dev' is active   [0m
[2025-07-01T21:26:25.080+0000] {docker.py:429} INFO - [2m2025-07-01T21:26:25.080181Z[0m [[32m[1minfo     [0m] [1mRunning extract & load...     [0m [36mname[0m=[35mmeltano[0m [36mrun_id[0m=[35m5dd4d6a2-e9c7-478a-a1c1-1473f5f248ff[0m [36mstate_id[0m=[35m2025-07-01T212624--tap-csv--target-csv-csv[0m
[2025-07-01T21:26:26.122+0000] {docker.py:429} INFO - [2m2025-07-01T21:26:26.121334Z[0m [[32m[1minfo     [0m] [1mINFO Sending version information to singer.io. To disable sending anonymous usage data, set the config parameter "disable_collection" to true[0m [36mcmd_type[0m=[35mloader[0m [36mname[0m=[35mtarget-csv-csv[0m [36mrun_id[0m=[35m5dd4d6a2-e9c7-478a-a1c1-1473f5f248ff[0m [36mstate_id[0m=[35m2025-07-01T212624--tap-csv--target-csv-csv[0m [36mstdio[0m=[35mstderr[0m
[2025-07-01T21:26:26.331+0000] {docker.py:429} INFO - [2m2025-07-01T21:26:26.331075Z[0m [[32m[1minfo     [0m] [1m/opt/meltano/.meltano/extractors/tap-csv/venv/lib/python3.9/site-packages/singer_sdk/tap_base.py:516: SingerSDKDeprecationWarning: Passing a catalog file path is deprecated. Please pass the catalog as a dictionary or Catalog object instead.[0m [36mcmd_type[0m=[35mextractor[0m [36mname[0m=[35mtap-csv[0m [36mrun_id[0m=[35m5dd4d6a2-e9c7-478a-a1c1-1473f5f248ff[0m [36mstate_id[0m=[35m2025-07-01T212624--tap-csv--target-csv-csv[0m [36mstdio[0m=[35mstderr[0m
[2m2025-07-01T21:26:26.331365Z[0m [[32m[1minfo     [0m] [1m  tap = cls(                  [0m [36mcmd_type[0m=[35mextractor[0m [36mname[0m=[35mtap-csv[0m [36mrun_id[0m=[35m5dd4d6a2-e9c7-478a-a1c1-1473f5f248ff[0m [36mstate_id[0m=[35m2025-07-01T212624--tap-csv--target-csv-csv[0m [36mstdio[0m=[35mstderr[0m
[2025-07-01T21:26:26.332+0000] {docker.py:429} INFO - [2m2025-07-01T21:26:26.331487Z[0m [[32m[1minfo     [0m] [1m                              [0m [36mcmd_type[0m=[35mextractor[0m [36mname[0m=[35mtap-csv[0m [36mrun_id[0m=[35m5dd4d6a2-e9c7-478a-a1c1-1473f5f248ff[0m [36mstate_id[0m=[35m2025-07-01T212624--tap-csv--target-csv-csv[0m [36mstdio[0m=[35mstderr[0m
[2025-07-01T21:26:26.332+0000] {docker.py:429} INFO - [2m2025-07-01T21:26:26.331744Z[0m [[32m[1minfo     [0m] [1mBeginning full_table sync of 'order_details'...[0m [36mcmd_type[0m=[35mextractor[0m [36mname[0m=[35mtap-csv[0m [36mrun_id[0m=[35m5dd4d6a2-e9c7-478a-a1c1-1473f5f248ff[0m [36mstate_id[0m=[35m2025-07-01T212624--tap-csv--target-csv-csv[0m [36mstdio[0m=[35mstderr[0m
[2m2025-07-01T21:26:26.331908Z[0m [[32m[1minfo     [0m] [1mTap has custom mapper. Using 1 provided map(s).[0m [36mcmd_type[0m=[35mextractor[0m [36mname[0m=[35mtap-csv[0m [36mrun_id[0m=[35m5dd4d6a2-e9c7-478a-a1c1-1473f5f248ff[0m [36mstate_id[0m=[35m2025-07-01T212624--tap-csv--target-csv-csv[0m [36mstdio[0m=[35mstderr[0m
[2025-07-01T21:26:26.483+0000] {docker.py:429} INFO - [2m2025-07-01T21:26:26.483003Z[0m [[32m[1minfo     [0m] [1mMETRIC: {"type": "timer", "metric": "sync_duration", "value": 0.15110349655151367, "tags": {"stream": "order_details", "pid": 176, "context": {}, "status": "succeeded"}}[0m [36mcmd_type[0m=[35mextractor[0m [36mname[0m=[35mtap-csv[0m [36mrun_id[0m=[35m5dd4d6a2-e9c7-478a-a1c1-1473f5f248ff[0m [36mstate_id[0m=[35m2025-07-01T212624--tap-csv--target-csv-csv[0m [36mstdio[0m=[35mstderr[0m
[2m2025-07-01T21:26:26.483338Z[0m [[32m[1minfo     [0m] [1mMETRIC: {"type": "counter", "metric": "record_count", "value": 2155, "tags": {"stream": "order_details", "pid": 176, "context": {}}}[0m [36mcmd_type[0m=[35mextractor[0m [36mname[0m=[35mtap-csv[0m [36mrun_id[0m=[35m5dd4d6a2-e9c7-478a-a1c1-1473f5f248ff[0m [36mstate_id[0m=[35m2025-07-01T212624--tap-csv--target-csv-csv[0m [36mstdio[0m=[35mstderr[0m
[2025-07-01T21:26:26.584+0000] {docker.py:429} INFO - [2m2025-07-01T21:26:26.583392Z[0m [[32m[1minfo     [0m] [1mUsing systemdb state backend  [0m
[2025-07-01T21:26:26.594+0000] {docker.py:429} INFO - [2m2025-07-01T21:26:26.593811Z[0m [[32m[1minfo     [0m] [1mIncremental state has been updated at 2025-07-01 21:26:26.593780+00:00.[0m
[2025-07-01T21:26:26.595+0000] {docker.py:429} INFO - [2m2025-07-01T21:26:26.594736Z[0m [[32m[1minfo     [0m] [1mExtract & load complete!      [0m [36mname[0m=[35mmeltano[0m [36mrun_id[0m=[35m5dd4d6a2-e9c7-478a-a1c1-1473f5f248ff[0m [36mstate_id[0m=[35m2025-07-01T212624--tap-csv--target-csv-csv[0m
[2m2025-07-01T21:26:26.594950Z[0m [[32m[1minfo     [0m] [1mTransformation skipped.       [0m [36mname[0m=[35mmeltano[0m [36mrun_id[0m=[35m5dd4d6a2-e9c7-478a-a1c1-1473f5f248ff[0m [36mstate_id[0m=[35m2025-07-01T212624--tap-csv--target-csv-csv[0m
[2025-07-01T21:26:27.609+0000] {taskinstance.py:1138} INFO - Marking task as SUCCESS. dag_id=northwind, task_id=extração_csv, execution_date=20250701T212548, start_date=20250701T212614, end_date=20250701T212627
[2025-07-01T21:26:27.643+0000] {local_task_job_runner.py:234} INFO - Task exited with return code 0
[2025-07-01T21:26:27.668+0000] {taskinstance.py:3280} INFO - 1 downstream tasks scheduled from follow-on schedule check
