[2025-07-01T13:17:50.012+0000] {taskinstance.py:1956} INFO - Dependencies all met for dep_context=non-requeueable deps ti=<TaskInstance: northwind.extração_csv manual__2025-07-01T13:17:27.016808+00:00 [queued]>
[2025-07-01T13:17:50.020+0000] {taskinstance.py:1956} INFO - Dependencies all met for dep_context=requeueable deps ti=<TaskInstance: northwind.extração_csv manual__2025-07-01T13:17:27.016808+00:00 [queued]>
[2025-07-01T13:17:50.020+0000] {taskinstance.py:2170} INFO - Starting attempt 1 of 2
[2025-07-01T13:17:50.032+0000] {taskinstance.py:2191} INFO - Executing <Task(DockerOperator): extração_csv> on 2025-07-01 13:17:27.016808+00:00
[2025-07-01T13:17:50.036+0000] {standard_task_runner.py:60} INFO - Started process 184 to run task
[2025-07-01T13:17:50.040+0000] {standard_task_runner.py:87} INFO - Running: ['***', 'tasks', 'run', 'northwind', 'extração_csv', 'manual__2025-07-01T13:17:27.016808+00:00', '--job-id', '38', '--raw', '--subdir', 'DAGS_FOLDER/dag.py', '--cfg-path', '/tmp/tmpy50h28lx']
[2025-07-01T13:17:50.043+0000] {standard_task_runner.py:88} INFO - Job 38: Subtask extração_csv
[2025-07-01T13:17:50.088+0000] {task_command.py:423} INFO - Running <TaskInstance: northwind.extração_csv manual__2025-07-01T13:17:27.016808+00:00 [running]> on host a0138d8cef03
[2025-07-01T13:17:50.167+0000] {taskinstance.py:2480} INFO - Exporting env vars: AIRFLOW_CTX_DAG_EMAIL='lrbf@cin.ufpe.br' AIRFLOW_CTX_DAG_OWNER='***' AIRFLOW_CTX_DAG_ID='northwind' AIRFLOW_CTX_TASK_ID='extração_csv' AIRFLOW_CTX_EXECUTION_DATE='2025-07-01T13:17:27.016808+00:00' AIRFLOW_CTX_TRY_NUMBER='1' AIRFLOW_CTX_DAG_RUN_ID='manual__2025-07-01T13:17:27.016808+00:00'
[2025-07-01T13:17:50.237+0000] {docker.py:359} INFO - Starting docker container from image meltano:latest
[2025-07-01T13:17:50.593+0000] {docker.py:429} INFO - Running meltano install...
[2025-07-01T13:17:51.901+0000] {docker.py:429} INFO - [2m2025-07-01T13:17:51.900798Z[0m [[32m[1minfo     [0m] [1mInstalling 7 plugins          [0m
[2025-07-01T13:17:51.914+0000] {docker.py:429} INFO - [2m2025-07-01T13:17:51.913425Z[0m [[32m[1minfo     [0m] [1mInstalling extractor 'tap-postgres'[0m
[2025-07-01T13:17:51.937+0000] {docker.py:429} INFO - [2m2025-07-01T13:17:51.936157Z[0m [[32m[1minfo     [0m] [1mInstalling extractor 'tap-csv'[0m
[2025-07-01T13:17:51.964+0000] {docker.py:429} INFO - [2m2025-07-01T13:17:51.963143Z[0m [[32m[1minfo     [0m] [1mInstalling extractor 'tap-csv-latest'[0m
[2025-07-01T13:17:51.994+0000] {docker.py:429} INFO - [2m2025-07-01T13:17:51.993464Z[0m [[32m[1minfo     [0m] [1mInstalling loader 'target-postgres'[0m
[2025-07-01T13:17:52.038+0000] {docker.py:429} INFO - [2m2025-07-01T13:17:52.037263Z[0m [[32m[1minfo     [0m] [1mInstalling loader 'target-csv'[0m
[2025-07-01T13:17:52.078+0000] {docker.py:429} INFO - [2m2025-07-01T13:17:52.077071Z[0m [[32m[1minfo     [0m] [1mInstalling loader 'target-csv-postgres'[0m
[2025-07-01T13:17:52.133+0000] {docker.py:429} INFO - [2m2025-07-01T13:17:52.131966Z[0m [[32m[1minfo     [0m] [1mInstalling loader 'target-csv-csv'[0m
[2025-07-01T13:17:54.240+0000] {docker.py:429} INFO - [2m2025-07-01T13:17:54.239650Z[0m [[32m[1minfo     [0m] [1mInstalled extractor 'tap-postgres'[0m
[2025-07-01T13:17:54.386+0000] {docker.py:429} INFO - [2m2025-07-01T13:17:54.385478Z[0m [[32m[1minfo     [0m] [1mInstalled loader 'target-postgres'[0m
[2025-07-01T13:17:59.599+0000] {docker.py:429} INFO - [2m2025-07-01T13:17:59.598789Z[0m [[32m[1minfo     [0m] [1mInstalled extractor 'tap-csv' [0m
[2025-07-01T13:17:59.789+0000] {docker.py:429} INFO - [2m2025-07-01T13:17:59.788518Z[0m [[32m[1minfo     [0m] [1mInstalled extractor 'tap-csv-latest'[0m
[2025-07-01T13:18:06.964+0000] {docker.py:429} INFO - [2m2025-07-01T13:18:06.963685Z[0m [[32m[1minfo     [0m] [1mInstalled loader 'target-csv' [0m
[2025-07-01T13:17:59.975+0000] {docker.py:429} INFO - [2m2025-07-01T13:17:59.974549Z[0m [[32m[1minfo     [0m] [1mInstalled loader 'target-csv-csv'[0m
[2025-07-01T13:18:00.449+0000] {docker.py:429} INFO - [2m2025-07-01T13:18:00.448670Z[0m [[32m[1minfo     [0m] [1mInstalled loader 'target-csv-postgres'[0m
[2025-07-01T13:18:00.449+0000] {docker.py:429} INFO - [2m2025-07-01T13:18:00.449139Z[0m [[32m[1minfo     [0m] [1mInstalled 7/7 plugins         [0m
[2025-07-01T13:18:01.273+0000] {docker.py:429} INFO - Meltano install completed. Executing command: meltano el tap-csv target-csv-csv
[2025-07-01T13:18:02.567+0000] {docker.py:429} INFO - [2m2025-07-01T13:18:02.566201Z[0m [[32m[1minfo     [0m] [1mEnvironment 'dev' is active   [0m
[2025-07-01T13:18:02.947+0000] {docker.py:429} INFO - [2m2025-07-01T13:18:02.946391Z[0m [[32m[1minfo     [0m] [1mRunning extract & load...     [0m [36mname[0m=[35mmeltano[0m [36mrun_id[0m=[35m61cf9c56-d5ea-4f00-9e65-bf6c1acb340f[0m [36mstate_id[0m=[35m2025-07-01T131802--tap-csv--target-csv-csv[0m
[2025-07-01T13:18:04.281+0000] {docker.py:429} INFO - [2m2025-07-01T13:18:04.280561Z[0m [[32m[1minfo     [0m] [1mINFO Sending version information to singer.io. To disable sending anonymous usage data, set the config parameter "disable_collection" to true[0m [36mcmd_type[0m=[35mloader[0m [36mname[0m=[35mtarget-csv-csv[0m [36mrun_id[0m=[35m61cf9c56-d5ea-4f00-9e65-bf6c1acb340f[0m [36mstate_id[0m=[35m2025-07-01T131802--tap-csv--target-csv-csv[0m [36mstdio[0m=[35mstderr[0m
[2025-07-01T13:18:04.583+0000] {docker.py:429} INFO - [2m2025-07-01T13:18:04.582758Z[0m [[32m[1minfo     [0m] [1m/opt/meltano/.meltano/extractors/tap-csv/venv/lib/python3.9/site-packages/singer_sdk/tap_base.py:516: SingerSDKDeprecationWarning: Passing a catalog file path is deprecated. Please pass the catalog as a dictionary or Catalog object instead.[0m [36mcmd_type[0m=[35mextractor[0m [36mname[0m=[35mtap-csv[0m [36mrun_id[0m=[35m61cf9c56-d5ea-4f00-9e65-bf6c1acb340f[0m [36mstate_id[0m=[35m2025-07-01T131802--tap-csv--target-csv-csv[0m [36mstdio[0m=[35mstderr[0m
[2m2025-07-01T13:18:04.583105Z[0m [[32m[1minfo     [0m] [1m  tap = cls(                  [0m [36mcmd_type[0m=[35mextractor[0m [36mname[0m=[35mtap-csv[0m [36mrun_id[0m=[35m61cf9c56-d5ea-4f00-9e65-bf6c1acb340f[0m [36mstate_id[0m=[35m2025-07-01T131802--tap-csv--target-csv-csv[0m [36mstdio[0m=[35mstderr[0m
[2025-07-01T13:18:04.584+0000] {docker.py:429} INFO - [2m2025-07-01T13:18:04.583326Z[0m [[32m[1minfo     [0m] [1m                              [0m [36mcmd_type[0m=[35mextractor[0m [36mname[0m=[35mtap-csv[0m [36mrun_id[0m=[35m61cf9c56-d5ea-4f00-9e65-bf6c1acb340f[0m [36mstate_id[0m=[35m2025-07-01T131802--tap-csv--target-csv-csv[0m [36mstdio[0m=[35mstderr[0m
[2025-07-01T13:18:04.584+0000] {docker.py:429} INFO - [2m2025-07-01T13:18:04.583682Z[0m [[32m[1minfo     [0m] [1mBeginning full_table sync of 'order_details'...[0m [36mcmd_type[0m=[35mextractor[0m [36mname[0m=[35mtap-csv[0m [36mrun_id[0m=[35m61cf9c56-d5ea-4f00-9e65-bf6c1acb340f[0m [36mstate_id[0m=[35m2025-07-01T131802--tap-csv--target-csv-csv[0m [36mstdio[0m=[35mstderr[0m
[2025-07-01T13:18:04.585+0000] {docker.py:429} INFO - [2m2025-07-01T13:18:04.583931Z[0m [[32m[1minfo     [0m] [1mTap has custom mapper. Using 1 provided map(s).[0m [36mcmd_type[0m=[35mextractor[0m [36mname[0m=[35mtap-csv[0m [36mrun_id[0m=[35m61cf9c56-d5ea-4f00-9e65-bf6c1acb340f[0m [36mstate_id[0m=[35m2025-07-01T131802--tap-csv--target-csv-csv[0m [36mstdio[0m=[35mstderr[0m
[2025-07-01T13:18:04.773+0000] {docker.py:429} INFO - [2m2025-07-01T13:18:04.772586Z[0m [[32m[1minfo     [0m] [1mMETRIC: {"type": "timer", "metric": "sync_duration", "value": 0.18889760971069336, "tags": {"stream": "order_details", "pid": 176, "context": {}, "status": "succeeded"}}[0m [36mcmd_type[0m=[35mextractor[0m [36mname[0m=[35mtap-csv[0m [36mrun_id[0m=[35m61cf9c56-d5ea-4f00-9e65-bf6c1acb340f[0m [36mstate_id[0m=[35m2025-07-01T131802--tap-csv--target-csv-csv[0m [36mstdio[0m=[35mstderr[0m
[2025-07-01T13:18:04.774+0000] {docker.py:429} INFO - [2m2025-07-01T13:18:04.773289Z[0m [[32m[1minfo     [0m] [1mMETRIC: {"type": "counter", "metric": "record_count", "value": 2155, "tags": {"stream": "order_details", "pid": 176, "context": {}}}[0m [36mcmd_type[0m=[35mextractor[0m [36mname[0m=[35mtap-csv[0m [36mrun_id[0m=[35m61cf9c56-d5ea-4f00-9e65-bf6c1acb340f[0m [36mstate_id[0m=[35m2025-07-01T131802--tap-csv--target-csv-csv[0m [36mstdio[0m=[35mstderr[0m
[2025-07-01T13:18:11.907+0000] {docker.py:429} INFO - [2m2025-07-01T13:18:11.906542Z[0m [[32m[1minfo     [0m] [1mUsing systemdb state backend  [0m
[2025-07-01T13:18:11.920+0000] {docker.py:429} INFO - [2m2025-07-01T13:18:11.919320Z[0m [[32m[1minfo     [0m] [1mIncremental state has been updated at 2025-07-01 13:18:11.919285+00:00.[0m
[2025-07-01T13:18:11.921+0000] {docker.py:429} INFO - [2m2025-07-01T13:18:11.920915Z[0m [[32m[1minfo     [0m] [1mExtract & load complete!      [0m [36mname[0m=[35mmeltano[0m [36mrun_id[0m=[35m61cf9c56-d5ea-4f00-9e65-bf6c1acb340f[0m [36mstate_id[0m=[35m2025-07-01T131802--tap-csv--target-csv-csv[0m
[2025-07-01T13:18:11.921+0000] {docker.py:429} INFO - [2m2025-07-01T13:18:11.921268Z[0m [[32m[1minfo     [0m] [1mTransformation skipped.       [0m [36mname[0m=[35mmeltano[0m [36mrun_id[0m=[35m61cf9c56-d5ea-4f00-9e65-bf6c1acb340f[0m [36mstate_id[0m=[35m2025-07-01T131802--tap-csv--target-csv-csv[0m
[2025-07-01T13:18:05.624+0000] {taskinstance.py:1138} INFO - Marking task as SUCCESS. dag_id=northwind, task_id=extração_csv, execution_date=20250701T131727, start_date=20250701T131750, end_date=20250701T131805
[2025-07-01T13:18:11.041+0000] {local_task_job_runner.py:234} INFO - Task exited with return code 0
[2025-07-01T13:18:11.065+0000] {taskinstance.py:3280} INFO - 0 downstream tasks scheduled from follow-on schedule check
