[2025-06-23T22:14:05.104+0000] {taskinstance.py:1956} INFO - Dependencies all met for dep_context=non-requeueable deps ti=<TaskInstance: northwind.gerar_config_py manual__2025-06-23T22:13:12.264983+00:00 [queued]>
[2025-06-23T22:14:05.114+0000] {taskinstance.py:1956} INFO - Dependencies all met for dep_context=requeueable deps ti=<TaskInstance: northwind.gerar_config_py manual__2025-06-23T22:13:12.264983+00:00 [queued]>
[2025-06-23T22:14:05.114+0000] {taskinstance.py:2170} INFO - Starting attempt 1 of 2
[2025-06-23T22:14:05.127+0000] {taskinstance.py:2191} INFO - Executing <Task(DockerOperator): gerar_config_py> on 2025-06-23 22:13:12.264983+00:00
[2025-06-23T22:14:05.132+0000] {standard_task_runner.py:60} INFO - Started process 204 to run task
[2025-06-23T22:14:05.135+0000] {standard_task_runner.py:87} INFO - Running: ['***', 'tasks', 'run', 'northwind', 'gerar_config_py', 'manual__2025-06-23T22:13:12.264983+00:00', '--job-id', '26', '--raw', '--subdir', 'DAGS_FOLDER/dag.py', '--cfg-path', '/tmp/tmpv2s2syne']
[2025-06-23T22:14:05.137+0000] {standard_task_runner.py:88} INFO - Job 26: Subtask gerar_config_py
[2025-06-23T22:14:05.189+0000] {task_command.py:423} INFO - Running <TaskInstance: northwind.gerar_config_py manual__2025-06-23T22:13:12.264983+00:00 [running]> on host a06304be4538
[2025-06-23T22:14:05.263+0000] {taskinstance.py:2480} INFO - Exporting env vars: AIRFLOW_CTX_DAG_EMAIL='lrbf@cin.ufpe.br' AIRFLOW_CTX_DAG_OWNER='***' AIRFLOW_CTX_DAG_ID='northwind' AIRFLOW_CTX_TASK_ID='gerar_config_py' AIRFLOW_CTX_EXECUTION_DATE='2025-06-23T22:13:12.264983+00:00' AIRFLOW_CTX_TRY_NUMBER='1' AIRFLOW_CTX_DAG_RUN_ID='manual__2025-06-23T22:13:12.264983+00:00'
[2025-06-23T22:14:05.408+0000] {docker.py:359} INFO - Starting docker container from image indicium_pipeline-meltano:latest
[2025-06-23T22:14:05.807+0000] {docker.py:429} INFO - Running meltano install...
[2025-06-23T22:14:07.209+0000] {docker.py:429} INFO - [2m2025-06-23T22:14:07.208355Z[0m [[32m[1minfo     [0m] [1mInstalling 7 plugins          [0m
[2025-06-23T22:14:07.222+0000] {docker.py:429} INFO - [2m2025-06-23T22:14:07.222182Z[0m [[32m[1minfo     [0m] [1mInstalling extractor 'tap-postgres'[0m
[2025-06-23T22:14:07.240+0000] {docker.py:429} INFO - [2m2025-06-23T22:14:07.239569Z[0m [[32m[1minfo     [0m] [1mInstalling extractor 'tap-csv'[0m
[2025-06-23T22:14:07.266+0000] {docker.py:429} INFO - [2m2025-06-23T22:14:07.264048Z[0m [[32m[1minfo     [0m] [1mInstalling extractor 'tap-csv-latest'[0m
[2025-06-23T22:14:07.291+0000] {docker.py:429} INFO - [2m2025-06-23T22:14:07.290336Z[0m [[32m[1minfo     [0m] [1mInstalling loader 'target-postgres'[0m
[2025-06-23T22:14:07.325+0000] {docker.py:429} INFO - [2m2025-06-23T22:14:07.324201Z[0m [[32m[1minfo     [0m] [1mInstalling loader 'target-csv'[0m
[2025-06-23T22:14:07.360+0000] {docker.py:429} INFO - [2m2025-06-23T22:14:07.359585Z[0m [[32m[1minfo     [0m] [1mInstalling loader 'target-csv-postgres'[0m
[2025-06-23T22:14:07.396+0000] {docker.py:429} INFO - [2m2025-06-23T22:14:07.393905Z[0m [[32m[1minfo     [0m] [1mInstalling loader 'target-csv-csv'[0m
[2025-06-23T22:14:09.228+0000] {docker.py:429} INFO - [2m2025-06-23T22:14:09.227736Z[0m [[32m[1minfo     [0m] [1mInstalled extractor 'tap-postgres'[0m
[2025-06-23T22:14:09.235+0000] {docker.py:429} INFO - [2m2025-06-23T22:14:09.234889Z[0m [[32m[1minfo     [0m] [1mInstalled loader 'target-postgres'[0m
[2025-06-23T22:14:15.141+0000] {docker.py:429} INFO - [2m2025-06-23T22:14:15.140142Z[0m [[32m[1minfo     [0m] [1mInstalled extractor 'tap-csv-latest'[0m
[2025-06-23T22:14:15.252+0000] {docker.py:429} INFO - [2m2025-06-23T22:14:15.251531Z[0m [[32m[1minfo     [0m] [1mInstalled extractor 'tap-csv' [0m
[2025-06-23T22:14:15.717+0000] {docker.py:429} INFO - [2m2025-06-23T22:14:15.716863Z[0m [[32m[1minfo     [0m] [1mInstalled loader 'target-csv' [0m
[2025-06-23T22:14:16.785+0000] {docker.py:429} INFO - [2m2025-06-23T22:14:16.784493Z[0m [[32m[1minfo     [0m] [1mInstalled loader 'target-csv-csv'[0m
[2025-06-23T22:14:16.833+0000] {docker.py:429} INFO - [2m2025-06-23T22:14:16.831816Z[0m [[32m[1minfo     [0m] [1mInstalled loader 'target-csv-postgres'[0m
[2025-06-23T22:14:16.833+0000] {docker.py:429} INFO - [2m2025-06-23T22:14:16.832299Z[0m [[32m[1minfo     [0m] [1mInstalled 7/7 plugins         [0m
[2025-06-23T22:14:17.888+0000] {docker.py:429} INFO - Meltano install completed. Executing command: python3 scripts/generate_csv_config.py
[2025-06-23T22:14:17.918+0000] {docker.py:429} INFO - Traceback (most recent call last):
  File "/opt/meltano/scripts/generate_csv_config.py", line 17, in <module>
    latest_date_path = max([d for d in csv_base.iterdir() if d.is_dir()], key=os.path.getmtime, default=None)
  File "/opt/meltano/scripts/generate_csv_config.py", line 17, in <listcomp>
    latest_date_path = max([d for d in csv_base.iterdir() if d.is_dir()], key=os.path.getmtime, default=None)
  File "/usr/local/lib/python3.10/pathlib.py", line 1017, in iterdir
[2025-06-23T22:14:17.919+0000] {docker.py:429} INFO - for name in self._accessor.listdir(self):
FileNotFoundError: [Errno 2] No such file or directory: '/opt/data/csv/order_details'
[2025-06-23T22:14:18.138+0000] {taskinstance.py:2698} ERROR - Task failed with exception
Traceback (most recent call last):
  File "/home/airflow/.local/lib/python3.10/site-packages/airflow/models/taskinstance.py", line 433, in _execute_task
    result = execute_callable(context=context, **execute_callable_kwargs)
  File "/home/airflow/.local/lib/python3.10/site-packages/airflow/providers/docker/operators/docker.py", line 502, in execute
    return self._run_image()
  File "/home/airflow/.local/lib/python3.10/site-packages/airflow/providers/docker/operators/docker.py", line 376, in _run_image
    return self._run_image_with_mounts(self.mounts, add_tmp_variable=False)
  File "/home/airflow/.local/lib/python3.10/site-packages/airflow/providers/docker/operators/docker.py", line 437, in _run_image_with_mounts
    raise DockerContainerFailedException(f"Docker container failed: {result!r}", logs=log_lines)
airflow.providers.docker.exceptions.DockerContainerFailedException: Docker container failed: {'StatusCode': 1}
[2025-06-23T22:14:18.145+0000] {taskinstance.py:1138} INFO - Marking task as UP_FOR_RETRY. dag_id=northwind, task_id=gerar_config_py, execution_date=20250623T221312, start_date=20250623T221405, end_date=20250623T221418
[2025-06-23T22:14:18.166+0000] {standard_task_runner.py:107} ERROR - Failed to execute job 26 for task gerar_config_py (Docker container failed: {'StatusCode': 1}; 204)
[2025-06-23T22:14:18.203+0000] {local_task_job_runner.py:234} INFO - Task exited with return code 1
[2025-06-23T22:14:18.222+0000] {taskinstance.py:3280} INFO - 0 downstream tasks scheduled from follow-on schedule check
