[2025-07-09T21:38:51.324+0000] {taskinstance.py:1956} INFO - Dependencies all met for dep_context=non-requeueable deps ti=<TaskInstance: northwind.gerar_config_csv_dinamica manual__2025-07-09T21:38:19.942544+00:00 [queued]>
[2025-07-09T21:38:51.332+0000] {taskinstance.py:1956} INFO - Dependencies all met for dep_context=requeueable deps ti=<TaskInstance: northwind.gerar_config_csv_dinamica manual__2025-07-09T21:38:19.942544+00:00 [queued]>
[2025-07-09T21:38:51.332+0000] {taskinstance.py:2170} INFO - Starting attempt 1 of 2
[2025-07-09T21:38:51.343+0000] {taskinstance.py:2191} INFO - Executing <Task(DockerOperator): gerar_config_csv_dinamica> on 2025-07-09 21:38:19.942544+00:00
[2025-07-09T21:38:51.346+0000] {standard_task_runner.py:60} INFO - Started process 191 to run task
[2025-07-09T21:38:51.349+0000] {standard_task_runner.py:87} INFO - Running: ['***', 'tasks', 'run', 'northwind', 'gerar_config_csv_dinamica', 'manual__2025-07-09T21:38:19.942544+00:00', '--job-id', '117', '--raw', '--subdir', 'DAGS_FOLDER/northwind.py', '--cfg-path', '/tmp/tmpeqijnrcc']
[2025-07-09T21:38:51.351+0000] {standard_task_runner.py:88} INFO - Job 117: Subtask gerar_config_csv_dinamica
[2025-07-09T21:38:51.393+0000] {task_command.py:423} INFO - Running <TaskInstance: northwind.gerar_config_csv_dinamica manual__2025-07-09T21:38:19.942544+00:00 [running]> on host 9d65785a077b
[2025-07-09T21:38:51.463+0000] {taskinstance.py:2480} INFO - Exporting env vars: AIRFLOW_CTX_DAG_EMAIL='lrbf@cin.ufpe.br' AIRFLOW_CTX_DAG_OWNER='***' AIRFLOW_CTX_DAG_ID='northwind' AIRFLOW_CTX_TASK_ID='gerar_config_csv_dinamica' AIRFLOW_CTX_EXECUTION_DATE='2025-07-09T21:38:19.942544+00:00' AIRFLOW_CTX_TRY_NUMBER='1' AIRFLOW_CTX_DAG_RUN_ID='manual__2025-07-09T21:38:19.942544+00:00'
[2025-07-09T21:38:51.512+0000] {docker.py:359} INFO - Starting docker container from image meltano:latest
[2025-07-09T21:38:51.776+0000] {docker.py:429} INFO - Running meltano install...
[2025-07-09T21:38:52.942+0000] {docker.py:429} INFO - [2m2025-07-09T21:38:52.941358Z[0m [[32m[1minfo     [0m] [1mInstalling 7 plugins          [0m
[2025-07-09T21:38:52.951+0000] {docker.py:429} INFO - [2m2025-07-09T21:38:52.950947Z[0m [[32m[1minfo     [0m] [1mInstalling extractor 'tap-postgres'[0m
[2025-07-09T21:38:52.968+0000] {docker.py:429} INFO - [2m2025-07-09T21:38:52.968075Z[0m [[32m[1minfo     [0m] [1mInstalling extractor 'tap-csv'[0m
[2025-07-09T21:38:52.988+0000] {docker.py:429} INFO - [2m2025-07-09T21:38:52.987940Z[0m [[32m[1minfo     [0m] [1mInstalling extractor 'tap-csv-latest'[0m
[2025-07-09T21:38:53.013+0000] {docker.py:429} INFO - [2m2025-07-09T21:38:53.012403Z[0m [[32m[1minfo     [0m] [1mInstalling loader 'target-postgres'[0m
[2025-07-09T21:38:53.039+0000] {docker.py:429} INFO - [2m2025-07-09T21:38:53.038312Z[0m [[32m[1minfo     [0m] [1mInstalling loader 'target-csv'[0m
[2025-07-09T21:38:53.080+0000] {docker.py:429} INFO - [2m2025-07-09T21:38:53.079528Z[0m [[32m[1minfo     [0m] [1mInstalling loader 'target-csv-postgres'[0m
[2025-07-09T21:38:53.117+0000] {docker.py:429} INFO - [2m2025-07-09T21:38:53.116537Z[0m [[32m[1minfo     [0m] [1mInstalling loader 'target-csv-csv'[0m
[2025-07-09T21:38:54.440+0000] {docker.py:429} INFO - [2m2025-07-09T21:38:54.439932Z[0m [[32m[1minfo     [0m] [1mInstalled extractor 'tap-postgres'[0m
[2025-07-09T21:38:54.457+0000] {docker.py:429} INFO - [2m2025-07-09T21:38:54.456549Z[0m [[32m[1minfo     [0m] [1mInstalled loader 'target-postgres'[0m
[2025-07-09T21:38:58.537+0000] {docker.py:429} INFO - [2m2025-07-09T21:38:58.536875Z[0m [[32m[1minfo     [0m] [1mInstalled extractor 'tap-csv-latest'[0m
[2025-07-09T21:38:58.592+0000] {docker.py:429} INFO - [2m2025-07-09T21:38:58.591187Z[0m [[32m[1minfo     [0m] [1mInstalled extractor 'tap-csv' [0m
[2025-07-09T21:38:59.287+0000] {docker.py:429} INFO - [2m2025-07-09T21:38:59.287179Z[0m [[32m[1minfo     [0m] [1mInstalled loader 'target-csv-csv'[0m
[2025-07-09T21:38:59.394+0000] {docker.py:429} INFO - [2m2025-07-09T21:38:59.393505Z[0m [[32m[1minfo     [0m] [1mInstalled loader 'target-csv-postgres'[0m
[2025-07-09T21:38:59.899+0000] {docker.py:429} INFO - [2m2025-07-09T21:38:59.898257Z[0m [[32m[1minfo     [0m] [1mInstalled loader 'target-csv' [0m
[2025-07-09T21:38:59.899+0000] {docker.py:429} INFO - [2m2025-07-09T21:38:59.898580Z[0m [[32m[1minfo     [0m] [1mInstalled 7/7 plugins         [0m
[2025-07-09T21:39:00.827+0000] {docker.py:429} INFO - Meltano install completed. Executing command: python /opt/meltano/scripts/generate_csv_config.py
[2025-07-09T21:39:00.881+0000] {docker.py:429} INFO - [{"entity": "order_details", "path": "/opt/output_data/csv/order_details/2025-07-09/file.csv", "keys": ["order_id", "product_id"], "delimiter": ",", "encoding": "utf-8"}, {"entity": "public-categories", "path": "/opt/output_data/postgres/public-categories/2025-07-09/file.csv", "keys": ["category_id"], "delimiter": ",", "encoding": "utf-8"}, {"entity": "public-products", "path": "/opt/output_data/postgres/public-products/2025-07-09/file.csv", "keys": ["product_id"], "delimiter": ",", "encoding": "utf-8"}, {"entity": "public-suppliers", "path": "/opt/output_data/postgres/public-suppliers/2025-07-09/file.csv", "keys": ["supplier_id"], "delimiter": ",", "encoding": "utf-8"}, {"entity": "public-orders", "path": "/opt/output_data/postgres/public-orders/2025-07-09/file.csv", "keys": ["order_id"], "delimiter": ",", "encoding": "utf-8"}, {"entity": "public-customers", "path": "/opt/output_data/postgres/public-customers/2025-07-09/file.csv", "keys": ["customer_id"], "delimiter": ",", "encoding": "utf-8"}, {"entity": "public-employees", "path": "/opt/output_data/postgres/public-employees/2025-07-09/file.csv", "keys": ["employee_id"], "delimiter": ",", "encoding": "utf-8"}, {"entity": "public-employee_territories", "path": "/opt/output_data/postgres/public-employee_territories/2025-07-09/file.csv", "keys": ["employee_id", "territory_id"], "delimiter": ",", "encoding": "utf-8"}, {"entity": "public-territories", "path": "/opt/output_data/postgres/public-territories/2025-07-09/file.csv", "keys": ["territory_id"], "delimiter": ",", "encoding": "utf-8"}, {"entity": "public-region", "path": "/opt/output_data/postgres/public-region/2025-07-09/file.csv", "keys": ["region_id"], "delimiter": ",", "encoding": "utf-8"}, {"entity": "public-shippers", "path": "/opt/output_data/postgres/public-shippers/2025-07-09/file.csv", "keys": ["shipper_id"], "delimiter": ",", "encoding": "utf-8"}, {"entity": "public-us_states", "path": "/opt/output_data/postgres/public-us_states/2025-07-09/file.csv", "keys": ["state_id"], "delimiter": ",", "encoding": "utf-8"}]
[2025-07-09T21:39:01.127+0000] {taskinstance.py:1138} INFO - Marking task as SUCCESS. dag_id=northwind, task_id=gerar_config_csv_dinamica, execution_date=20250709T213819, start_date=20250709T213851, end_date=20250709T213901
[2025-07-09T21:39:01.158+0000] {local_task_job_runner.py:234} INFO - Task exited with return code 0
[2025-07-09T21:39:01.181+0000] {taskinstance.py:3280} INFO - 1 downstream tasks scheduled from follow-on schedule check
