[2025-06-25T19:33:46.790+0000] {taskinstance.py:1956} INFO - Dependencies all met for dep_context=non-requeueable deps ti=<TaskInstance: northwind.carregamento_postgres manual__2025-06-24T21:05:00.520213+00:00 [queued]>
[2025-06-25T19:33:46.803+0000] {taskinstance.py:1956} INFO - Dependencies all met for dep_context=requeueable deps ti=<TaskInstance: northwind.carregamento_postgres manual__2025-06-24T21:05:00.520213+00:00 [queued]>
[2025-06-25T19:33:46.803+0000] {taskinstance.py:2170} INFO - Starting attempt 2 of 2
[2025-06-25T19:33:46.818+0000] {taskinstance.py:2191} INFO - Executing <Task(DockerOperator): carregamento_postgres> on 2025-06-24 21:05:00.520213+00:00
[2025-06-25T19:33:46.828+0000] {standard_task_runner.py:60} INFO - Started process 168 to run task
[2025-06-25T19:33:46.836+0000] {standard_task_runner.py:87} INFO - Running: ['***', 'tasks', 'run', 'northwind', 'carregamento_postgres', 'manual__2025-06-24T21:05:00.520213+00:00', '--job-id', '123', '--raw', '--subdir', 'DAGS_FOLDER/dag.py', '--cfg-path', '/tmp/tmp1jknc453']
[2025-06-25T19:33:46.839+0000] {standard_task_runner.py:88} INFO - Job 123: Subtask carregamento_postgres
[2025-06-25T19:33:46.891+0000] {task_command.py:423} INFO - Running <TaskInstance: northwind.carregamento_postgres manual__2025-06-24T21:05:00.520213+00:00 [running]> on host efd54408c28d
[2025-06-25T19:33:46.967+0000] {taskinstance.py:2480} INFO - Exporting env vars: AIRFLOW_CTX_DAG_EMAIL='lrbf@cin.ufpe.br' AIRFLOW_CTX_DAG_OWNER='***' AIRFLOW_CTX_DAG_ID='northwind' AIRFLOW_CTX_TASK_ID='carregamento_postgres' AIRFLOW_CTX_EXECUTION_DATE='2025-06-24T21:05:00.520213+00:00' AIRFLOW_CTX_TRY_NUMBER='2' AIRFLOW_CTX_DAG_RUN_ID='manual__2025-06-24T21:05:00.520213+00:00'
[2025-06-25T19:33:47.251+0000] {docker.py:359} INFO - Starting docker container from image meltano:latest
[2025-06-25T19:33:47.775+0000] {docker.py:429} INFO - Running meltano install...
[2025-06-25T19:33:50.097+0000] {docker.py:429} INFO - [2m2025-06-25T19:33:50.096229Z[0m [[32m[1minfo     [0m] [1mInstalling 7 plugins          [0m
[2025-06-25T19:33:50.119+0000] {docker.py:429} INFO - [2m2025-06-25T19:33:50.118920Z[0m [[32m[1minfo     [0m] [1mInstalling extractor 'tap-postgres'[0m
[2025-06-25T19:33:50.144+0000] {docker.py:429} INFO - [2m2025-06-25T19:33:50.143343Z[0m [[32m[1minfo     [0m] [1mInstalling extractor 'tap-csv'[0m
[2025-06-25T19:33:50.168+0000] {docker.py:429} INFO - [2m2025-06-25T19:33:50.168111Z[0m [[32m[1minfo     [0m] [1mInstalling extractor 'tap-csv-latest'[0m
[2025-06-25T19:33:50.191+0000] {docker.py:429} INFO - [2m2025-06-25T19:33:50.190372Z[0m [[32m[1minfo     [0m] [1mInstalling loader 'target-postgres'[0m
[2025-06-25T19:33:50.231+0000] {docker.py:429} INFO - [2m2025-06-25T19:33:50.225334Z[0m [[32m[1minfo     [0m] [1mInstalling loader 'target-csv'[0m
[2025-06-25T19:33:50.270+0000] {docker.py:429} INFO - [2m2025-06-25T19:33:50.264840Z[0m [[32m[1minfo     [0m] [1mInstalling loader 'target-csv-postgres'[0m
[2025-06-25T19:33:50.300+0000] {docker.py:429} INFO - [2m2025-06-25T19:33:50.297901Z[0m [[32m[1minfo     [0m] [1mInstalling loader 'target-csv-csv'[0m
[2025-06-25T19:33:53.700+0000] {docker.py:429} INFO - [2m2025-06-25T19:33:53.699915Z[0m [[32m[1minfo     [0m] [1mInstalled extractor 'tap-postgres'[0m
[2025-06-25T19:33:53.916+0000] {docker.py:429} INFO - [2m2025-06-25T19:33:53.915391Z[0m [[32m[1minfo     [0m] [1mInstalled loader 'target-postgres'[0m
[2025-06-25T19:34:04.548+0000] {docker.py:429} INFO - [2m2025-06-25T19:34:04.547344Z[0m [[32m[1minfo     [0m] [1mInstalled extractor 'tap-csv-latest'[0m
[2025-06-25T19:34:08.658+0000] {docker.py:429} INFO - [2m2025-06-25T19:34:08.658145Z[0m [[32m[1minfo     [0m] [1mInstalled loader 'target-csv-csv'[0m
[2025-06-25T19:34:08.950+0000] {docker.py:429} INFO - [2m2025-06-25T19:34:08.949339Z[0m [[32m[1minfo     [0m] [1mInstalled loader 'target-csv' [0m
[2025-06-25T19:34:09.012+0000] {docker.py:429} INFO - [2m2025-06-25T19:34:09.011420Z[0m [[32m[1minfo     [0m] [1mInstalled extractor 'tap-csv' [0m
[2025-06-25T19:34:10.189+0000] {docker.py:429} INFO - [2m2025-06-25T19:34:10.188416Z[0m [[32m[1minfo     [0m] [1mInstalled loader 'target-csv-postgres'[0m
[2025-06-25T19:34:10.189+0000] {docker.py:429} INFO - [2m2025-06-25T19:34:10.189276Z[0m [[32m[1minfo     [0m] [1mInstalled 7/7 plugins         [0m
[2025-06-25T19:34:11.641+0000] {docker.py:429} INFO - Meltano install completed. Executing command: meltano el tap-csv-latest target-postgres
[2025-06-25T19:34:12.832+0000] {docker.py:429} INFO - [2m2025-06-25T19:34:12.832104Z[0m [[32m[1minfo     [0m] [1mEnvironment 'dev' is active   [0m
[2025-06-25T19:34:13.209+0000] {docker.py:429} INFO - [2m2025-06-25T19:34:13.208353Z[0m [[32m[1minfo     [0m] [1mRunning extract & load...     [0m [36mname[0m=[35mmeltano[0m [36mrun_id[0m=[35m5af3117d-c178-4ae2-a652-5916ec9992db[0m [36mstate_id[0m=[35m2025-06-25T193412--tap-csv-latest--target-postgres[0m
[2025-06-25T19:34:14.104+0000] {docker.py:429} INFO - [2m2025-06-25T19:34:14.103562Z[0m [[32m[1minfo     [0m] [1mTraceback (most recent call last):[0m [36mcmd_type[0m=[35mextractor[0m [36mname[0m=[35mtap-csv-latest[0m [36mrun_id[0m=[35m5af3117d-c178-4ae2-a652-5916ec9992db[0m [36mstate_id[0m=[35m2025-06-25T193412--tap-csv-latest--target-postgres[0m [36mstdio[0m=[35mstderr[0m
[2025-06-25T19:34:14.105+0000] {docker.py:429} INFO - [2m2025-06-25T19:34:14.104254Z[0m [[32m[1minfo     [0m] [1m  File "/opt/meltano/.meltano/extractors/tap-csv-latest/venv/bin/tap-csv", line 8, in <module>[0m [36mcmd_type[0m=[35mextractor[0m [36mname[0m=[35mtap-csv-latest[0m [36mrun_id[0m=[35m5af3117d-c178-4ae2-a652-5916ec9992db[0m [36mstate_id[0m=[35m2025-06-25T193412--tap-csv-latest--target-postgres[0m [36mstdio[0m=[35mstderr[0m
[2025-06-25T19:34:14.105+0000] {docker.py:429} INFO - [2m2025-06-25T19:34:14.104551Z[0m [[32m[1minfo     [0m] [1m    sys.exit(TapCSV.cli())    [0m [36mcmd_type[0m=[35mextractor[0m [36mname[0m=[35mtap-csv-latest[0m [36mrun_id[0m=[35m5af3117d-c178-4ae2-a652-5916ec9992db[0m [36mstate_id[0m=[35m2025-06-25T193412--tap-csv-latest--target-postgres[0m [36mstdio[0m=[35mstderr[0m
[2025-06-25T19:34:14.107+0000] {docker.py:429} INFO - [2m2025-06-25T19:34:14.104846Z[0m [[32m[1minfo     [0m] [1m  File "/opt/meltano/.meltano/extractors/tap-csv-latest/venv/lib/python3.10/site-packages/click/core.py", line 1442, in __call__[0m [36mcmd_type[0m=[35mextractor[0m [36mname[0m=[35mtap-csv-latest[0m [36mrun_id[0m=[35m5af3117d-c178-4ae2-a652-5916ec9992db[0m [36mstate_id[0m=[35m2025-06-25T193412--tap-csv-latest--target-postgres[0m [36mstdio[0m=[35mstderr[0m
[2025-06-25T19:34:14.109+0000] {docker.py:429} INFO - [2m2025-06-25T19:34:14.105232Z[0m [[32m[1minfo     [0m] [1m    return self.main(*args, **kwargs)[0m [36mcmd_type[0m=[35mextractor[0m [36mname[0m=[35mtap-csv-latest[0m [36mrun_id[0m=[35m5af3117d-c178-4ae2-a652-5916ec9992db[0m [36mstate_id[0m=[35m2025-06-25T193412--tap-csv-latest--target-postgres[0m [36mstdio[0m=[35mstderr[0m
[2025-06-25T19:34:14.109+0000] {docker.py:429} INFO - [2m2025-06-25T19:34:14.105545Z[0m [[32m[1minfo     [0m] [1m  File "/opt/meltano/.meltano/extractors/tap-csv-latest/venv/lib/python3.10/site-packages/click/core.py", line 1363, in main[0m [36mcmd_type[0m=[35mextractor[0m [36mname[0m=[35mtap-csv-latest[0m [36mrun_id[0m=[35m5af3117d-c178-4ae2-a652-5916ec9992db[0m [36mstate_id[0m=[35m2025-06-25T193412--tap-csv-latest--target-postgres[0m [36mstdio[0m=[35mstderr[0m
[2025-06-25T19:34:14.110+0000] {docker.py:429} INFO - [2m2025-06-25T19:34:14.105806Z[0m [[32m[1minfo     [0m] [1m    rv = self.invoke(ctx)     [0m [36mcmd_type[0m=[35mextractor[0m [36mname[0m=[35mtap-csv-latest[0m [36mrun_id[0m=[35m5af3117d-c178-4ae2-a652-5916ec9992db[0m [36mstate_id[0m=[35m2025-06-25T193412--tap-csv-latest--target-postgres[0m [36mstdio[0m=[35mstderr[0m
[2025-06-25T19:34:14.110+0000] {docker.py:429} INFO - [2m2025-06-25T19:34:14.106080Z[0m [[32m[1minfo     [0m] [1m  File "/opt/meltano/.meltano/extractors/tap-csv-latest/venv/lib/python3.10/site-packages/singer_sdk/plugin_base.py", line 92, in invoke[0m [36mcmd_type[0m=[35mextractor[0m [36mname[0m=[35mtap-csv-latest[0m [36mrun_id[0m=[35m5af3117d-c178-4ae2-a652-5916ec9992db[0m [36mstate_id[0m=[35m2025-06-25T193412--tap-csv-latest--target-postgres[0m [36mstdio[0m=[35mstderr[0m
[2025-06-25T19:34:14.111+0000] {docker.py:429} INFO - [2m2025-06-25T19:34:14.106332Z[0m [[32m[1minfo     [0m] [1m    return super().invoke(ctx)[0m [36mcmd_type[0m=[35mextractor[0m [36mname[0m=[35mtap-csv-latest[0m [36mrun_id[0m=[35m5af3117d-c178-4ae2-a652-5916ec9992db[0m [36mstate_id[0m=[35m2025-06-25T193412--tap-csv-latest--target-postgres[0m [36mstdio[0m=[35mstderr[0m
[2025-06-25T19:34:14.112+0000] {docker.py:429} INFO - [2m2025-06-25T19:34:14.106578Z[0m [[32m[1minfo     [0m] [1m  File "/opt/meltano/.meltano/extractors/tap-csv-latest/venv/lib/python3.10/site-packages/click/core.py", line 1226, in invoke[0m [36mcmd_type[0m=[35mextractor[0m [36mname[0m=[35mtap-csv-latest[0m [36mrun_id[0m=[35m5af3117d-c178-4ae2-a652-5916ec9992db[0m [36mstate_id[0m=[35m2025-06-25T193412--tap-csv-latest--target-postgres[0m [36mstdio[0m=[35mstderr[0m
[2025-06-25T19:34:14.112+0000] {docker.py:429} INFO - [2m2025-06-25T19:34:14.106815Z[0m [[32m[1minfo     [0m] [1m    return ctx.invoke(self.callback, **ctx.params)[0m [36mcmd_type[0m=[35mextractor[0m [36mname[0m=[35mtap-csv-latest[0m [36mrun_id[0m=[35m5af3117d-c178-4ae2-a652-5916ec9992db[0m [36mstate_id[0m=[35m2025-06-25T193412--tap-csv-latest--target-postgres[0m [36mstdio[0m=[35mstderr[0m
[2025-06-25T19:34:14.112+0000] {docker.py:429} INFO - [2m2025-06-25T19:34:14.107065Z[0m [[32m[1minfo     [0m] [1m  File "/opt/meltano/.meltano/extractors/tap-csv-latest/venv/lib/python3.10/site-packages/click/core.py", line 794, in invoke[0m [36mcmd_type[0m=[35mextractor[0m [36mname[0m=[35mtap-csv-latest[0m [36mrun_id[0m=[35m5af3117d-c178-4ae2-a652-5916ec9992db[0m [36mstate_id[0m=[35m2025-06-25T193412--tap-csv-latest--target-postgres[0m [36mstdio[0m=[35mstderr[0m
[2025-06-25T19:34:14.114+0000] {docker.py:429} INFO - [2m2025-06-25T19:34:14.107306Z[0m [[32m[1minfo     [0m] [1m    return callback(*args, **kwargs)[0m [36mcmd_type[0m=[35mextractor[0m [36mname[0m=[35mtap-csv-latest[0m [36mrun_id[0m=[35m5af3117d-c178-4ae2-a652-5916ec9992db[0m [36mstate_id[0m=[35m2025-06-25T193412--tap-csv-latest--target-postgres[0m [36mstdio[0m=[35mstderr[0m
[2m2025-06-25T19:34:14.107593Z[0m [[32m[1minfo     [0m] [1m  File "/opt/meltano/.meltano/extractors/tap-csv-latest/venv/lib/python3.10/site-packages/singer_sdk/tap_base.py", line 516, in invoke[0m [36mcmd_type[0m=[35mextractor[0m [36mname[0m=[35mtap-csv-latest[0m [36mrun_id[0m=[35m5af3117d-c178-4ae2-a652-5916ec9992db[0m [36mstate_id[0m=[35m2025-06-25T193412--tap-csv-latest--target-postgres[0m [36mstdio[0m=[35mstderr[0m
[2025-06-25T19:34:14.115+0000] {docker.py:429} INFO - [2m2025-06-25T19:34:14.108217Z[0m [[32m[1minfo     [0m] [1m    tap = cls(                [0m [36mcmd_type[0m=[35mextractor[0m [36mname[0m=[35mtap-csv-latest[0m [36mrun_id[0m=[35m5af3117d-c178-4ae2-a652-5916ec9992db[0m [36mstate_id[0m=[35m2025-06-25T193412--tap-csv-latest--target-postgres[0m [36mstdio[0m=[35mstderr[0m
[2m2025-06-25T19:34:14.108635Z[0m [[32m[1minfo     [0m] [1m  File "/opt/meltano/.meltano/extractors/tap-csv-latest/venv/lib/python3.10/site-packages/singer_sdk/tap_base.py", line 118, in __init__[0m [36mcmd_type[0m=[35mextractor[0m [36mname[0m=[35mtap-csv-latest[0m [36mrun_id[0m=[35m5af3117d-c178-4ae2-a652-5916ec9992db[0m [36mstate_id[0m=[35m2025-06-25T193412--tap-csv-latest--target-postgres[0m [36mstdio[0m=[35mstderr[0m
[2025-06-25T19:34:14.116+0000] {docker.py:429} INFO - [2m2025-06-25T19:34:14.108899Z[0m [[32m[1minfo     [0m] [1m    self.setup_mapper()       [0m [36mcmd_type[0m=[35mextractor[0m [36mname[0m=[35mtap-csv-latest[0m [36mrun_id[0m=[35m5af3117d-c178-4ae2-a652-5916ec9992db[0m [36mstate_id[0m=[35m2025-06-25T193412--tap-csv-latest--target-postgres[0m [36mstdio[0m=[35mstderr[0m
[2025-06-25T19:34:14.116+0000] {docker.py:429} INFO - [2m2025-06-25T19:34:14.110999Z[0m [[32m[1minfo     [0m] [1m  File "/opt/meltano/.meltano/extractors/tap-csv-latest/venv/lib/python3.10/site-packages/singer_sdk/tap_base.py", line 194, in setup_mapper[0m [36mcmd_type[0m=[35mextractor[0m [36mname[0m=[35mtap-csv-latest[0m [36mrun_id[0m=[35m5af3117d-c178-4ae2-a652-5916ec9992db[0m [36mstate_id[0m=[35m2025-06-25T193412--tap-csv-latest--target-postgres[0m [36mstdio[0m=[35mstderr[0m
[2025-06-25T19:34:14.117+0000] {docker.py:429} INFO - [2m2025-06-25T19:34:14.112512Z[0m [[32m[1minfo     [0m] [1m    self.mapper.register_raw_streams_from_catalog(self.catalog)[0m [36mcmd_type[0m=[35mextractor[0m [36mname[0m=[35mtap-csv-latest[0m [36mrun_id[0m=[35m5af3117d-c178-4ae2-a652-5916ec9992db[0m [36mstate_id[0m=[35m2025-06-25T193412--tap-csv-latest--target-postgres[0m [36mstdio[0m=[35mstderr[0m
[2025-06-25T19:34:14.117+0000] {docker.py:429} INFO - [2m2025-06-25T19:34:14.115805Z[0m [[32m[1minfo     [0m] [1m  File "/opt/meltano/.meltano/extractors/tap-csv-latest/venv/lib/python3.10/site-packages/singer_sdk/tap_base.py", line 187, in catalog[0m [36mcmd_type[0m=[35mextractor[0m [36mname[0m=[35mtap-csv-latest[0m [36mrun_id[0m=[35m5af3117d-c178-4ae2-a652-5916ec9992db[0m [36mstate_id[0m=[35m2025-06-25T193412--tap-csv-latest--target-postgres[0m [36mstdio[0m=[35mstderr[0m
[2025-06-25T19:34:14.117+0000] {docker.py:429} INFO - [2m2025-06-25T19:34:14.116883Z[0m [[32m[1minfo     [0m] [1m    self._catalog = self.input_catalog or self._singer_catalog[0m [36mcmd_type[0m=[35mextractor[0m [36mname[0m=[35mtap-csv-latest[0m [36mrun_id[0m=[35m5af3117d-c178-4ae2-a652-5916ec9992db[0m [36mstate_id[0m=[35m2025-06-25T193412--tap-csv-latest--target-postgres[0m [36mstdio[0m=[35mstderr[0m
[2025-06-25T19:34:14.118+0000] {docker.py:429} INFO - [2m2025-06-25T19:34:14.117544Z[0m [[32m[1minfo     [0m] [1m  File "/opt/meltano/.meltano/extractors/tap-csv-latest/venv/lib/python3.10/site-packages/singer_sdk/tap_base.py", line 340, in _singer_catalog[0m [36mcmd_type[0m=[35mextractor[0m [36mname[0m=[35mtap-csv-latest[0m [36mrun_id[0m=[35m5af3117d-c178-4ae2-a652-5916ec9992db[0m [36mstate_id[0m=[35m2025-06-25T193412--tap-csv-latest--target-postgres[0m [36mstdio[0m=[35mstderr[0m
[2025-06-25T19:34:14.118+0000] {docker.py:429} INFO - [2m2025-06-25T19:34:14.118145Z[0m [[32m[1minfo     [0m] [1m    for stream in self.streams.values()[0m [36mcmd_type[0m=[35mextractor[0m [36mname[0m=[35mtap-csv-latest[0m [36mrun_id[0m=[35m5af3117d-c178-4ae2-a652-5916ec9992db[0m [36mstate_id[0m=[35m2025-06-25T193412--tap-csv-latest--target-postgres[0m [36mstdio[0m=[35mstderr[0m
[2025-06-25T19:34:14.119+0000] {docker.py:429} INFO - [2m2025-06-25T19:34:14.118536Z[0m [[32m[1minfo     [0m] [1m  File "/opt/meltano/.meltano/extractors/tap-csv-latest/venv/lib/python3.10/site-packages/singer_sdk/tap_base.py", line 149, in streams[0m [36mcmd_type[0m=[35mextractor[0m [36mname[0m=[35mtap-csv-latest[0m [36mrun_id[0m=[35m5af3117d-c178-4ae2-a652-5916ec9992db[0m [36mstate_id[0m=[35m2025-06-25T193412--tap-csv-latest--target-postgres[0m [36mstdio[0m=[35mstderr[0m
[2025-06-25T19:34:14.119+0000] {docker.py:429} INFO - [2m2025-06-25T19:34:14.118866Z[0m [[32m[1minfo     [0m] [1m    for stream in self.load_streams():[0m [36mcmd_type[0m=[35mextractor[0m [36mname[0m=[35mtap-csv-latest[0m [36mrun_id[0m=[35m5af3117d-c178-4ae2-a652-5916ec9992db[0m [36mstate_id[0m=[35m2025-06-25T193412--tap-csv-latest--target-postgres[0m [36mstdio[0m=[35mstderr[0m
[2025-06-25T19:34:14.120+0000] {docker.py:429} INFO - [2m2025-06-25T19:34:14.119325Z[0m [[32m[1minfo     [0m] [1m  File "/opt/meltano/.meltano/extractors/tap-csv-latest/venv/lib/python3.10/site-packages/singer_sdk/tap_base.py", line 373, in load_streams[0m [36mcmd_type[0m=[35mextractor[0m [36mname[0m=[35mtap-csv-latest[0m [36mrun_id[0m=[35m5af3117d-c178-4ae2-a652-5916ec9992db[0m [36mstate_id[0m=[35m2025-06-25T193412--tap-csv-latest--target-postgres[0m [36mstdio[0m=[35mstderr[0m
[2025-06-25T19:34:14.120+0000] {docker.py:429} INFO - [2m2025-06-25T19:34:14.119761Z[0m [[32m[1minfo     [0m] [1m    for stream in self.discover_streams():[0m [36mcmd_type[0m=[35mextractor[0m [36mname[0m=[35mtap-csv-latest[0m [36mrun_id[0m=[35m5af3117d-c178-4ae2-a652-5916ec9992db[0m [36mstate_id[0m=[35m2025-06-25T193412--tap-csv-latest--target-postgres[0m [36mstdio[0m=[35mstderr[0m
[2025-06-25T19:34:14.121+0000] {docker.py:429} INFO - [2m2025-06-25T19:34:14.120043Z[0m [[32m[1minfo     [0m] [1m  File "/opt/meltano/.meltano/extractors/tap-csv-latest/venv/lib/python3.10/site-packages/tap_csv/tap.py", line 89, in discover_streams[0m [36mcmd_type[0m=[35mextractor[0m [36mname[0m=[35mtap-csv-latest[0m [36mrun_id[0m=[35m5af3117d-c178-4ae2-a652-5916ec9992db[0m [36mstate_id[0m=[35m2025-06-25T193412--tap-csv-latest--target-postgres[0m [36mstdio[0m=[35mstderr[0m
[2025-06-25T19:34:14.121+0000] {docker.py:429} INFO - [2m2025-06-25T19:34:14.120417Z[0m [[32m[1minfo     [0m] [1m    return [                  [0m [36mcmd_type[0m=[35mextractor[0m [36mname[0m=[35mtap-csv-latest[0m [36mrun_id[0m=[35m5af3117d-c178-4ae2-a652-5916ec9992db[0m [36mstate_id[0m=[35m2025-06-25T193412--tap-csv-latest--target-postgres[0m [36mstdio[0m=[35mstderr[0m
[2025-06-25T19:34:14.122+0000] {docker.py:429} INFO - [2m2025-06-25T19:34:14.120929Z[0m [[32m[1minfo     [0m] [1m  File "/opt/meltano/.meltano/extractors/tap-csv-latest/venv/lib/python3.10/site-packages/tap_csv/tap.py", line 92, in <listcomp>[0m [36mcmd_type[0m=[35mextractor[0m [36mname[0m=[35mtap-csv-latest[0m [36mrun_id[0m=[35m5af3117d-c178-4ae2-a652-5916ec9992db[0m [36mstate_id[0m=[35m2025-06-25T193412--tap-csv-latest--target-postgres[0m [36mstdio[0m=[35mstderr[0m
[2025-06-25T19:34:14.122+0000] {docker.py:429} INFO - [2m2025-06-25T19:34:14.121322Z[0m [[32m[1minfo     [0m] [1m    name=file_config.get("entity"),[0m [36mcmd_type[0m=[35mextractor[0m [36mname[0m=[35mtap-csv-latest[0m [36mrun_id[0m=[35m5af3117d-c178-4ae2-a652-5916ec9992db[0m [36mstate_id[0m=[35m2025-06-25T193412--tap-csv-latest--target-postgres[0m [36mstdio[0m=[35mstderr[0m
[2025-06-25T19:34:14.122+0000] {docker.py:429} INFO - [2m2025-06-25T19:34:14.121560Z[0m [[32m[1minfo     [0m] [1mAttributeError: 'str' object has no attribute 'get'[0m [36mcmd_type[0m=[35mextractor[0m [36mname[0m=[35mtap-csv-latest[0m [36mrun_id[0m=[35m5af3117d-c178-4ae2-a652-5916ec9992db[0m [36mstate_id[0m=[35m2025-06-25T193412--tap-csv-latest--target-postgres[0m [36mstdio[0m=[35mstderr[0m
[2025-06-25T19:34:14.321+0000] {docker.py:429} INFO - [2m2025-06-25T19:34:14.320436Z[0m [[32m[1minfo     [0m] [1mtarget-postgres v0.4.3, Meltano SDK v0.47.2[0m [36mcmd_type[0m=[35mloader[0m [36mname[0m=[35mtarget-postgres[0m [36mrun_id[0m=[35m5af3117d-c178-4ae2-a652-5916ec9992db[0m [36mstate_id[0m=[35m2025-06-25T193412--tap-csv-latest--target-postgres[0m [36mstdio[0m=[35mstderr[0m
[2m2025-06-25T19:34:14.320773Z[0m [[32m[1minfo     [0m] [1mSkipping parse of env var settings...[0m [36mcmd_type[0m=[35mloader[0m [36mname[0m=[35mtarget-postgres[0m [36mrun_id[0m=[35m5af3117d-c178-4ae2-a652-5916ec9992db[0m [36mstate_id[0m=[35m2025-06-25T193412--tap-csv-latest--target-postgres[0m [36mstdio[0m=[35mstderr[0m
[2025-06-25T19:34:14.322+0000] {docker.py:429} INFO - [2m2025-06-25T19:34:14.321020Z[0m [[32m[1minfo     [0m] [1mTraceback (most recent call last):[0m [36mcmd_type[0m=[35mloader[0m [36mname[0m=[35mtarget-postgres[0m [36mrun_id[0m=[35m5af3117d-c178-4ae2-a652-5916ec9992db[0m [36mstate_id[0m=[35m2025-06-25T193412--tap-csv-latest--target-postgres[0m [36mstdio[0m=[35mstderr[0m
[2025-06-25T19:34:14.322+0000] {docker.py:429} INFO - [2m2025-06-25T19:34:14.321239Z[0m [[32m[1minfo     [0m] [1m  File "/opt/meltano/.meltano/loaders/target-postgres/venv/bin/target-postgres", line 8, in <module>[0m [36mcmd_type[0m=[35mloader[0m [36mname[0m=[35mtarget-postgres[0m [36mrun_id[0m=[35m5af3117d-c178-4ae2-a652-5916ec9992db[0m [36mstate_id[0m=[35m2025-06-25T193412--tap-csv-latest--target-postgres[0m [36mstdio[0m=[35mstderr[0m
[2025-06-25T19:34:14.322+0000] {docker.py:429} INFO - [2m2025-06-25T19:34:14.321536Z[0m [[32m[1minfo     [0m] [1m    sys.exit(TargetPostgres.cli())[0m [36mcmd_type[0m=[35mloader[0m [36mname[0m=[35mtarget-postgres[0m [36mrun_id[0m=[35m5af3117d-c178-4ae2-a652-5916ec9992db[0m [36mstate_id[0m=[35m2025-06-25T193412--tap-csv-latest--target-postgres[0m [36mstdio[0m=[35mstderr[0m
[2025-06-25T19:34:14.323+0000] {docker.py:429} INFO - [2m2025-06-25T19:34:14.321770Z[0m [[32m[1minfo     [0m] [1m  File "/opt/meltano/.meltano/loaders/target-postgres/venv/lib/python3.10/site-packages/click/core.py", line 1442, in __call__[0m [36mcmd_type[0m=[35mloader[0m [36mname[0m=[35mtarget-postgres[0m [36mrun_id[0m=[35m5af3117d-c178-4ae2-a652-5916ec9992db[0m [36mstate_id[0m=[35m2025-06-25T193412--tap-csv-latest--target-postgres[0m [36mstdio[0m=[35mstderr[0m
[2025-06-25T19:34:14.323+0000] {docker.py:429} INFO - [2m2025-06-25T19:34:14.322365Z[0m [[32m[1minfo     [0m] [1m    return self.main(*args, **kwargs)[0m [36mcmd_type[0m=[35mloader[0m [36mname[0m=[35mtarget-postgres[0m [36mrun_id[0m=[35m5af3117d-c178-4ae2-a652-5916ec9992db[0m [36mstate_id[0m=[35m2025-06-25T193412--tap-csv-latest--target-postgres[0m [36mstdio[0m=[35mstderr[0m
[2025-06-25T19:34:14.323+0000] {docker.py:429} INFO - [2m2025-06-25T19:34:14.322674Z[0m [[32m[1minfo     [0m] [1m  File "/opt/meltano/.meltano/loaders/target-postgres/venv/lib/python3.10/site-packages/click/core.py", line 1363, in main[0m [36mcmd_type[0m=[35mloader[0m [36mname[0m=[35mtarget-postgres[0m [36mrun_id[0m=[35m5af3117d-c178-4ae2-a652-5916ec9992db[0m [36mstate_id[0m=[35m2025-06-25T193412--tap-csv-latest--target-postgres[0m [36mstdio[0m=[35mstderr[0m
[2025-06-25T19:34:14.323+0000] {docker.py:429} INFO - [2m2025-06-25T19:34:14.322988Z[0m [[32m[1minfo     [0m] [1m    rv = self.invoke(ctx)     [0m [36mcmd_type[0m=[35mloader[0m [36mname[0m=[35mtarget-postgres[0m [36mrun_id[0m=[35m5af3117d-c178-4ae2-a652-5916ec9992db[0m [36mstate_id[0m=[35m2025-06-25T193412--tap-csv-latest--target-postgres[0m [36mstdio[0m=[35mstderr[0m
[2025-06-25T19:34:14.324+0000] {docker.py:429} INFO - [2m2025-06-25T19:34:14.323267Z[0m [[32m[1minfo     [0m] [1m  File "/opt/meltano/.meltano/loaders/target-postgres/venv/lib/python3.10/site-packages/singer_sdk/plugin_base.py", line 97, in invoke[0m [36mcmd_type[0m=[35mloader[0m [36mname[0m=[35mtarget-postgres[0m [36mrun_id[0m=[35m5af3117d-c178-4ae2-a652-5916ec9992db[0m [36mstate_id[0m=[35m2025-06-25T193412--tap-csv-latest--target-postgres[0m [36mstdio[0m=[35mstderr[0m
[2025-06-25T19:34:14.324+0000] {docker.py:429} INFO - [2m2025-06-25T19:34:14.323652Z[0m [[32m[1minfo     [0m] [1m    return super().invoke(ctx)[0m [36mcmd_type[0m=[35mloader[0m [36mname[0m=[35mtarget-postgres[0m [36mrun_id[0m=[35m5af3117d-c178-4ae2-a652-5916ec9992db[0m [36mstate_id[0m=[35m2025-06-25T193412--tap-csv-latest--target-postgres[0m [36mstdio[0m=[35mstderr[0m
[2025-06-25T19:34:14.324+0000] {docker.py:429} INFO - [2m2025-06-25T19:34:14.323958Z[0m [[32m[1minfo     [0m] [1m  File "/opt/meltano/.meltano/loaders/target-postgres/venv/lib/python3.10/site-packages/click/core.py", line 1226, in invoke[0m [36mcmd_type[0m=[35mloader[0m [36mname[0m=[35mtarget-postgres[0m [36mrun_id[0m=[35m5af3117d-c178-4ae2-a652-5916ec9992db[0m [36mstate_id[0m=[35m2025-06-25T193412--tap-csv-latest--target-postgres[0m [36mstdio[0m=[35mstderr[0m
[2025-06-25T19:34:14.325+0000] {docker.py:429} INFO - [2m2025-06-25T19:34:14.324365Z[0m [[32m[1minfo     [0m] [1m    return ctx.invoke(self.callback, **ctx.params)[0m [36mcmd_type[0m=[35mloader[0m [36mname[0m=[35mtarget-postgres[0m [36mrun_id[0m=[35m5af3117d-c178-4ae2-a652-5916ec9992db[0m [36mstate_id[0m=[35m2025-06-25T193412--tap-csv-latest--target-postgres[0m [36mstdio[0m=[35mstderr[0m
[2025-06-25T19:34:14.325+0000] {docker.py:429} INFO - [2m2025-06-25T19:34:14.324736Z[0m [[32m[1minfo     [0m] [1m  File "/opt/meltano/.meltano/loaders/target-postgres/venv/lib/python3.10/site-packages/click/core.py", line 794, in invoke[0m [36mcmd_type[0m=[35mloader[0m [36mname[0m=[35mtarget-postgres[0m [36mrun_id[0m=[35m5af3117d-c178-4ae2-a652-5916ec9992db[0m [36mstate_id[0m=[35m2025-06-25T193412--tap-csv-latest--target-postgres[0m [36mstdio[0m=[35mstderr[0m
[2025-06-25T19:34:14.325+0000] {docker.py:429} INFO - [2m2025-06-25T19:34:14.325155Z[0m [[32m[1minfo     [0m] [1m    return callback(*args, **kwargs)[0m [36mcmd_type[0m=[35mloader[0m [36mname[0m=[35mtarget-postgres[0m [36mrun_id[0m=[35m5af3117d-c178-4ae2-a652-5916ec9992db[0m [36mstate_id[0m=[35m2025-06-25T193412--tap-csv-latest--target-postgres[0m [36mstdio[0m=[35mstderr[0m
[2025-06-25T19:34:14.326+0000] {docker.py:429} INFO - [2m2025-06-25T19:34:14.325566Z[0m [[32m[1minfo     [0m] [1m  File "/opt/meltano/.meltano/loaders/target-postgres/venv/lib/python3.10/site-packages/singer_sdk/target_base.py", line 583, in invoke[0m [36mcmd_type[0m=[35mloader[0m [36mname[0m=[35mtarget-postgres[0m [36mrun_id[0m=[35m5af3117d-c178-4ae2-a652-5916ec9992db[0m [36mstate_id[0m=[35m2025-06-25T193412--tap-csv-latest--target-postgres[0m [36mstdio[0m=[35mstderr[0m
[2025-06-25T19:34:14.326+0000] {docker.py:429} INFO - [2m2025-06-25T19:34:14.326252Z[0m [[32m[1minfo     [0m] [1m    target = cls(             [0m [36mcmd_type[0m=[35mloader[0m [36mname[0m=[35mtarget-postgres[0m [36mrun_id[0m=[35m5af3117d-c178-4ae2-a652-5916ec9992db[0m [36mstate_id[0m=[35m2025-06-25T193412--tap-csv-latest--target-postgres[0m [36mstdio[0m=[35mstderr[0m
[2025-06-25T19:34:14.327+0000] {docker.py:429} INFO - [2m2025-06-25T19:34:14.326865Z[0m [[32m[1minfo     [0m] [1m  File "/opt/meltano/.meltano/loaders/target-postgres/venv/lib/python3.10/site-packages/target_postgres/target.py", line 67, in __init__[0m [36mcmd_type[0m=[35mloader[0m [36mname[0m=[35mtarget-postgres[0m [36mrun_id[0m=[35m5af3117d-c178-4ae2-a652-5916ec9992db[0m [36mstate_id[0m=[35m2025-06-25T193412--tap-csv-latest--target-postgres[0m [36mstdio[0m=[35mstderr[0m
[2025-06-25T19:34:14.327+0000] {docker.py:429} INFO - [2m2025-06-25T19:34:14.327229Z[0m [[32m[1minfo     [0m] [1m    and self.config.get("dialect+driver") is not None[0m [36mcmd_type[0m=[35mloader[0m [36mname[0m=[35mtarget-postgres[0m [36mrun_id[0m=[35m5af3117d-c178-4ae2-a652-5916ec9992db[0m [36mstate_id[0m=[35m2025-06-25T193412--tap-csv-latest--target-postgres[0m [36mstdio[0m=[35mstderr[0m
[2025-06-25T19:34:14.327+0000] {docker.py:429} INFO - [2m2025-06-25T19:34:14.327546Z[0m [[32m[1minfo     [0m] [1mAssertionError: Need either the sqlalchemy_url to be set or host, port, user, password, and dialect+driver to be set[0m [36mcmd_type[0m=[35mloader[0m [36mname[0m=[35mtarget-postgres[0m [36mrun_id[0m=[35m5af3117d-c178-4ae2-a652-5916ec9992db[0m [36mstate_id[0m=[35m2025-06-25T193412--tap-csv-latest--target-postgres[0m [36mstdio[0m=[35mstderr[0m
[2025-06-25T19:34:14.430+0000] {docker.py:429} INFO - [2m2025-06-25T19:34:14.428156Z[0m [[31m[1merror    [0m] [1mExtraction failed             [0m [36mcode[0m=[35m1[0m [36mmessage[0m=[35m"AttributeError: 'str' object has no attribute 'get'"[0m [36mname[0m=[35mmeltano[0m [36mrun_id[0m=[35m5af3117d-c178-4ae2-a652-5916ec9992db[0m [36mstate_id[0m=[35m2025-06-25T193412--tap-csv-latest--target-postgres[0m
[2m2025-06-25T19:34:14.428404Z[0m [[31m[1merror    [0m] [1mLoading failed                [0m [36mcode[0m=[35m1[0m [36mmessage[0m=[35m'AssertionError: Need either the sqlalchemy_url to be set or host, port, user, password, and dialect+driver to be set'[0m [36mname[0m=[35mmeltano[0m [36mrun_id[0m=[35m5af3117d-c178-4ae2-a652-5916ec9992db[0m [36mstate_id[0m=[35m2025-06-25T193412--tap-csv-latest--target-postgres[0m
[2025-06-25T19:34:14.430+0000] {docker.py:429} INFO - [2m2025-06-25T19:34:14.428743Z[0m [[32m[1minfo     [0m] [1mELT could not be completed: Extractor and loader failed.[0m [36mcmd_type[0m=[35melt[0m [36mname[0m=[35mmeltano[0m [36mrun_id[0m=[35m5af3117d-c178-4ae2-a652-5916ec9992db[0m [36mstate_id[0m=[35m2025-06-25T193412--tap-csv-latest--target-postgres[0m [36mstdio[0m=[35mstderr[0m
[2m2025-06-25T19:34:14.429069Z[0m [[32m[1minfo     [0m] [1mFor more detailed log messages re-run the command using 'meltano --log-level=debug ...' CLI flag.[0m [36mcmd_type[0m=[35melt[0m [36mname[0m=[35mmeltano[0m [36mrun_id[0m=[35m5af3117d-c178-4ae2-a652-5916ec9992db[0m [36mstate_id[0m=[35m2025-06-25T193412--tap-csv-latest--target-postgres[0m [36mstdio[0m=[35mstderr[0m
[2m2025-06-25T19:34:14.429328Z[0m [[32m[1minfo     [0m] [1mNote that you can also check the generated log file at '/opt/meltano/.meltano/logs/elt/2025-06-25T193412--tap-csv-latest--target-postgres/5af3117d-c178-4ae2-a652-5916ec9992db/elt.log'.[0m [36mcmd_type[0m=[35melt[0m [36mname[0m=[35mmeltano[0m [36mrun_id[0m=[35m5af3117d-c178-4ae2-a652-5916ec9992db[0m [36mstate_id[0m=[35m2025-06-25T193412--tap-csv-latest--target-postgres[0m [36mstdio[0m=[35mstderr[0m
[2025-06-25T19:34:14.431+0000] {docker.py:429} INFO - [2m2025-06-25T19:34:14.429500Z[0m [[32m[1minfo     [0m] [1mFor more information on debugging and logging: https://docs.meltano.com/reference/command-line-interface#debugging[0m [36mcmd_type[0m=[35melt[0m [36mname[0m=[35mmeltano[0m [36mrun_id[0m=[35m5af3117d-c178-4ae2-a652-5916ec9992db[0m [36mstate_id[0m=[35m2025-06-25T193412--tap-csv-latest--target-postgres[0m [36mstdio[0m=[35mstderr[0m
[2025-06-25T19:34:14.442+0000] {docker.py:429} INFO - Need help fixing this problem? Visit http://melta.no/ for troubleshooting steps, or to
join our friendly Slack community.

ELT could not be completed: Extractor and loader failed.
For more detailed log messages re-run the command using 'meltano --log-level=debug ...' CLI flag.
Note that you can also check the generated log file at '/opt/meltano/.meltano/logs/elt/2025-06-25T193412--tap-csv-latest--target-postgres/5af3117d-c178-4ae2-a652-5916ec9992db/elt.log'.
For more information on debugging and logging: https://docs.meltano.com/reference/command-line-interface#debugging
[2025-06-25T19:34:16.007+0000] {taskinstance.py:2698} ERROR - Task failed with exception
Traceback (most recent call last):
  File "/home/airflow/.local/lib/python3.10/site-packages/airflow/models/taskinstance.py", line 433, in _execute_task
    result = execute_callable(context=context, **execute_callable_kwargs)
  File "/home/airflow/.local/lib/python3.10/site-packages/airflow/providers/docker/operators/docker.py", line 502, in execute
    return self._run_image()
  File "/home/airflow/.local/lib/python3.10/site-packages/airflow/providers/docker/operators/docker.py", line 376, in _run_image
    return self._run_image_with_mounts(self.mounts, add_tmp_variable=False)
  File "/home/airflow/.local/lib/python3.10/site-packages/airflow/providers/docker/operators/docker.py", line 437, in _run_image_with_mounts
    raise DockerContainerFailedException(f"Docker container failed: {result!r}", logs=log_lines)
airflow.providers.docker.exceptions.DockerContainerFailedException: Docker container failed: {'StatusCode': 1}
[2025-06-25T19:34:16.022+0000] {taskinstance.py:1138} INFO - Marking task as FAILED. dag_id=northwind, task_id=carregamento_postgres, execution_date=20250624T210500, start_date=20250625T193346, end_date=20250625T193416
[2025-06-25T19:34:16.111+0000] {logging_mixin.py:188} WARNING - /home/***/.local/lib/python3.10/site-packages/***/utils/email.py:154 RemovedInAirflow3Warning: Fetching SMTP credentials from configuration variables will be deprecated in a future release. Please set credentials using a connection instead.
[2025-06-25T19:34:16.112+0000] {configuration.py:1046} WARNING - section/key [smtp/smtp_user] not found in config
[2025-06-25T19:34:16.113+0000] {email.py:270} INFO - Email alerting: attempt 1
[2025-06-25T19:34:16.126+0000] {configuration.py:1046} WARNING - section/key [smtp/smtp_user] not found in config
[2025-06-25T19:34:16.126+0000] {email.py:270} INFO - Email alerting: attempt 1
[2025-06-25T19:34:16.127+0000] {taskinstance.py:826} ERROR - Failed to send email to: ['lrbf@cin.ufpe.br']
Traceback (most recent call last):
  File "/home/airflow/.local/lib/python3.10/site-packages/airflow/models/taskinstance.py", line 2334, in _run_raw_task
    self._execute_task_with_callbacks(context, test_mode, session=session)
  File "/home/airflow/.local/lib/python3.10/site-packages/airflow/models/taskinstance.py", line 2499, in _execute_task_with_callbacks
    result = self._execute_task(context, task_orig)
  File "/home/airflow/.local/lib/python3.10/site-packages/airflow/models/taskinstance.py", line 2516, in _execute_task
    return _execute_task(self, context, task_orig)
  File "/home/airflow/.local/lib/python3.10/site-packages/airflow/models/taskinstance.py", line 433, in _execute_task
    result = execute_callable(context=context, **execute_callable_kwargs)
  File "/home/airflow/.local/lib/python3.10/site-packages/airflow/providers/docker/operators/docker.py", line 502, in execute
    return self._run_image()
  File "/home/airflow/.local/lib/python3.10/site-packages/airflow/providers/docker/operators/docker.py", line 376, in _run_image
    return self._run_image_with_mounts(self.mounts, add_tmp_variable=False)
  File "/home/airflow/.local/lib/python3.10/site-packages/airflow/providers/docker/operators/docker.py", line 437, in _run_image_with_mounts
    raise DockerContainerFailedException(f"Docker container failed: {result!r}", logs=log_lines)
airflow.providers.docker.exceptions.DockerContainerFailedException: Docker container failed: {'StatusCode': 1}

During handling of the above exception, another exception occurred:

Traceback (most recent call last):
  File "/home/airflow/.local/lib/python3.10/site-packages/airflow/models/taskinstance.py", line 1000, in _email_alert
    send_email(task.email, subject, html_content)
  File "/home/airflow/.local/lib/python3.10/site-packages/airflow/utils/email.py", line 80, in send_email
    return backend(
  File "/home/airflow/.local/lib/python3.10/site-packages/airflow/utils/email.py", line 154, in send_email_smtp
    send_mime_email(e_from=mail_from, e_to=recipients, mime_msg=msg, conn_id=conn_id, dryrun=dryrun)
  File "/home/airflow/.local/lib/python3.10/site-packages/airflow/utils/email.py", line 272, in send_mime_email
    smtp_conn = _get_smtp_connection(smtp_host, smtp_port, smtp_timeout, smtp_ssl)
  File "/home/airflow/.local/lib/python3.10/site-packages/airflow/utils/email.py", line 316, in _get_smtp_connection
    return smtplib.SMTP(host=host, port=port, timeout=timeout)
  File "/usr/local/lib/python3.10/smtplib.py", line 255, in __init__
    (code, msg) = self.connect(host, port)
  File "/usr/local/lib/python3.10/smtplib.py", line 341, in connect
    self.sock = self._get_socket(host, port, self.timeout)
  File "/usr/local/lib/python3.10/smtplib.py", line 312, in _get_socket
    return socket.create_connection((host, port), timeout,
  File "/usr/local/lib/python3.10/socket.py", line 845, in create_connection
    raise err
  File "/usr/local/lib/python3.10/socket.py", line 833, in create_connection
    sock.connect(sa)
ConnectionRefusedError: [Errno 111] Connection refused

During handling of the above exception, another exception occurred:

Traceback (most recent call last):
  File "/home/airflow/.local/lib/python3.10/site-packages/airflow/models/taskinstance.py", line 824, in _handle_failure
    task_instance.email_alert(error, failure_context["task"])
  File "/home/airflow/.local/lib/python3.10/site-packages/airflow/models/taskinstance.py", line 2946, in email_alert
    _email_alert(task_instance=self, exception=exception, task=task)
  File "/home/airflow/.local/lib/python3.10/site-packages/airflow/models/taskinstance.py", line 1002, in _email_alert
    send_email(task.email, subject, html_content_err)
  File "/home/airflow/.local/lib/python3.10/site-packages/airflow/utils/email.py", line 80, in send_email
    return backend(
  File "/home/airflow/.local/lib/python3.10/site-packages/airflow/utils/email.py", line 154, in send_email_smtp
    send_mime_email(e_from=mail_from, e_to=recipients, mime_msg=msg, conn_id=conn_id, dryrun=dryrun)
  File "/home/airflow/.local/lib/python3.10/site-packages/airflow/utils/email.py", line 272, in send_mime_email
    smtp_conn = _get_smtp_connection(smtp_host, smtp_port, smtp_timeout, smtp_ssl)
  File "/home/airflow/.local/lib/python3.10/site-packages/airflow/utils/email.py", line 316, in _get_smtp_connection
    return smtplib.SMTP(host=host, port=port, timeout=timeout)
  File "/usr/local/lib/python3.10/smtplib.py", line 255, in __init__
    (code, msg) = self.connect(host, port)
  File "/usr/local/lib/python3.10/smtplib.py", line 341, in connect
    self.sock = self._get_socket(host, port, self.timeout)
  File "/usr/local/lib/python3.10/smtplib.py", line 312, in _get_socket
    return socket.create_connection((host, port), timeout,
  File "/usr/local/lib/python3.10/socket.py", line 845, in create_connection
    raise err
  File "/usr/local/lib/python3.10/socket.py", line 833, in create_connection
    sock.connect(sa)
ConnectionRefusedError: [Errno 111] Connection refused
[2025-06-25T19:34:16.160+0000] {standard_task_runner.py:107} ERROR - Failed to execute job 123 for task carregamento_postgres (Docker container failed: {'StatusCode': 1}; 168)
[2025-06-25T19:34:16.213+0000] {local_task_job_runner.py:234} INFO - Task exited with return code 1
[2025-06-25T19:34:16.265+0000] {taskinstance.py:3280} INFO - 0 downstream tasks scheduled from follow-on schedule check
