[2025-07-01T14:59:59.449+0000] {taskinstance.py:1956} INFO - Dependencies all met for dep_context=non-requeueable deps ti=<TaskInstance: northwind.carregamento_postgres manual__2025-07-01T14:54:02.776758+00:00 [queued]>
[2025-07-01T14:59:59.456+0000] {taskinstance.py:1956} INFO - Dependencies all met for dep_context=requeueable deps ti=<TaskInstance: northwind.carregamento_postgres manual__2025-07-01T14:54:02.776758+00:00 [queued]>
[2025-07-01T14:59:59.456+0000] {taskinstance.py:2170} INFO - Starting attempt 1 of 2
[2025-07-01T14:59:59.467+0000] {taskinstance.py:2191} INFO - Executing <Task(DockerOperator): carregamento_postgres> on 2025-07-01 14:54:02.776758+00:00
[2025-07-01T14:59:59.471+0000] {standard_task_runner.py:60} INFO - Started process 255 to run task
[2025-07-01T14:59:59.474+0000] {standard_task_runner.py:87} INFO - Running: ['***', 'tasks', 'run', 'northwind', 'carregamento_postgres', 'manual__2025-07-01T14:54:02.776758+00:00', '--job-id', '12', '--raw', '--subdir', 'DAGS_FOLDER/northwind.py', '--cfg-path', '/tmp/tmpjuvnawhv']
[2025-07-01T14:59:59.476+0000] {standard_task_runner.py:88} INFO - Job 12: Subtask carregamento_postgres
[2025-07-01T14:59:59.521+0000] {task_command.py:423} INFO - Running <TaskInstance: northwind.carregamento_postgres manual__2025-07-01T14:54:02.776758+00:00 [running]> on host 64e5e3bd5aa6
[2025-07-01T14:59:59.595+0000] {taskinstance.py:2480} INFO - Exporting env vars: AIRFLOW_CTX_DAG_EMAIL='lrbf@cin.ufpe.br' AIRFLOW_CTX_DAG_OWNER='***' AIRFLOW_CTX_DAG_ID='northwind' AIRFLOW_CTX_TASK_ID='carregamento_postgres' AIRFLOW_CTX_EXECUTION_DATE='2025-07-01T14:54:02.776758+00:00' AIRFLOW_CTX_TRY_NUMBER='1' AIRFLOW_CTX_DAG_RUN_ID='manual__2025-07-01T14:54:02.776758+00:00'
[2025-07-01T14:59:59.645+0000] {docker.py:359} INFO - Starting docker container from image meltano:latest
[2025-07-01T14:59:59.926+0000] {docker.py:429} INFO - Running meltano install...
[2025-07-01T15:00:01.104+0000] {docker.py:429} INFO - [2m2025-07-01T15:00:01.103476Z[0m [[32m[1minfo     [0m] [1mInstalling 7 plugins          [0m
[2025-07-01T15:00:01.129+0000] {docker.py:429} INFO - [2m2025-07-01T15:00:01.128649Z[0m [[32m[1minfo     [0m] [1mInstalling extractor 'tap-postgres'[0m
[2025-07-01T15:00:01.166+0000] {docker.py:429} INFO - [2m2025-07-01T15:00:01.165459Z[0m [[32m[1minfo     [0m] [1mInstalling extractor 'tap-csv'[0m
[2025-07-01T15:00:01.187+0000] {docker.py:429} INFO - [2m2025-07-01T15:00:01.186410Z[0m [[32m[1minfo     [0m] [1mInstalling extractor 'tap-csv-latest'[0m
[2025-07-01T15:00:01.209+0000] {docker.py:429} INFO - [2m2025-07-01T15:00:01.209087Z[0m [[32m[1minfo     [0m] [1mInstalling loader 'target-postgres'[0m
[2025-07-01T15:00:01.240+0000] {docker.py:429} INFO - [2m2025-07-01T15:00:01.239480Z[0m [[32m[1minfo     [0m] [1mInstalling loader 'target-csv'[0m
[2025-07-01T15:00:01.270+0000] {docker.py:429} INFO - [2m2025-07-01T15:00:01.268113Z[0m [[32m[1minfo     [0m] [1mInstalling loader 'target-csv-postgres'[0m
[2025-07-01T15:00:01.310+0000] {docker.py:429} INFO - [2m2025-07-01T15:00:01.309772Z[0m [[32m[1minfo     [0m] [1mInstalling loader 'target-csv-csv'[0m
[2025-07-01T15:00:02.461+0000] {docker.py:429} INFO - [2m2025-07-01T15:00:02.460557Z[0m [[32m[1minfo     [0m] [1mInstalled extractor 'tap-postgres'[0m
[2025-07-01T15:00:02.528+0000] {docker.py:429} INFO - [2m2025-07-01T15:00:02.527700Z[0m [[32m[1minfo     [0m] [1mInstalled loader 'target-postgres'[0m
[2025-07-01T15:00:07.477+0000] {docker.py:429} INFO - [2m2025-07-01T15:00:07.476819Z[0m [[32m[1minfo     [0m] [1mInstalled extractor 'tap-csv' [0m
[2025-07-01T15:00:07.527+0000] {docker.py:429} INFO - [2m2025-07-01T15:00:07.527116Z[0m [[32m[1minfo     [0m] [1mInstalled extractor 'tap-csv-latest'[0m
[2025-07-01T15:00:07.752+0000] {docker.py:429} INFO - [2m2025-07-01T15:00:07.752169Z[0m [[32m[1minfo     [0m] [1mInstalled loader 'target-csv-csv'[0m
[2025-07-01T15:00:07.627+0000] {docker.py:429} INFO - [2m2025-07-01T15:00:15.092757Z[0m [[32m[1minfo     [0m] [1mInstalled loader 'target-csv' [0m
[2025-07-01T15:00:07.731+0000] {docker.py:429} INFO - [2m2025-07-01T15:00:07.730242Z[0m [[32m[1minfo     [0m] [1mInstalled loader 'target-csv-postgres'[0m
[2m2025-07-01T15:00:07.730567Z[0m [[32m[1minfo     [0m] [1mInstalled 7/7 plugins         [0m
[2025-07-01T15:00:08.577+0000] {docker.py:429} INFO - Meltano install completed. Executing command: meltano el tap-csv-latest target-postgres
[2025-07-01T15:00:09.616+0000] {docker.py:429} INFO - [2m2025-07-01T15:00:09.615855Z[0m [[32m[1minfo     [0m] [1mEnvironment 'dev' is active   [0m
[2025-07-01T15:00:10.002+0000] {docker.py:429} INFO - [2m2025-07-01T15:00:10.001375Z[0m [[32m[1minfo     [0m] [1mRunning extract & load...     [0m [36mname[0m=[35mmeltano[0m [36mrun_id[0m=[35m5b524a3e-8c7e-4c68-b2d4-764da7c1066b[0m [36mstate_id[0m=[35m2025-07-01T150009--tap-csv-latest--target-postgres[0m
[2025-07-01T15:00:10.750+0000] {docker.py:429} INFO - [2m2025-07-01T15:00:10.749102Z[0m [[32m[1minfo     [0m] [1mNo CSV file definitions found.[0m [36mcmd_type[0m=[35mextractor[0m [36mname[0m=[35mtap-csv-latest[0m [36mrun_id[0m=[35m5b524a3e-8c7e-4c68-b2d4-764da7c1066b[0m [36mstate_id[0m=[35m2025-07-01T150009--tap-csv-latest--target-postgres[0m [36mstdio[0m=[35mstderr[0m
[2025-07-01T15:00:10.837+0000] {docker.py:429} INFO - [2m2025-07-01T15:00:10.836462Z[0m [[32m[1minfo     [0m] [1mtarget-postgres v0.4.3, Meltano SDK v0.47.4[0m [36mcmd_type[0m=[35mloader[0m [36mname[0m=[35mtarget-postgres[0m [36mrun_id[0m=[35m5b524a3e-8c7e-4c68-b2d4-764da7c1066b[0m [36mstate_id[0m=[35m2025-07-01T150009--tap-csv-latest--target-postgres[0m [36mstdio[0m=[35mstderr[0m
[2025-07-01T15:00:10.837+0000] {docker.py:429} INFO - [2m2025-07-01T15:00:10.837362Z[0m [[32m[1minfo     [0m] [1m/opt/meltano/.meltano/loaders/target-postgres/venv/lib/python3.9/site-packages/singer_sdk/plugin_base.py:715: SingerSDKDeprecationWarning: Passing a list of config file paths is deprecated. Please pass the config as a dictionary instead.[0m [36mcmd_type[0m=[35mloader[0m [36mname[0m=[35mtarget-postgres[0m [36mrun_id[0m=[35m5b524a3e-8c7e-4c68-b2d4-764da7c1066b[0m [36mstate_id[0m=[35m2025-07-01T150009--tap-csv-latest--target-postgres[0m [36mstdio[0m=[35mstderr[0m
[2025-07-01T15:00:10.838+0000] {docker.py:429} INFO - [2m2025-07-01T15:00:10.837604Z[0m [[32m[1minfo     [0m] [1m  super().__init__(           [0m [36mcmd_type[0m=[35mloader[0m [36mname[0m=[35mtarget-postgres[0m [36mrun_id[0m=[35m5b524a3e-8c7e-4c68-b2d4-764da7c1066b[0m [36mstate_id[0m=[35m2025-07-01T150009--tap-csv-latest--target-postgres[0m [36mstdio[0m=[35mstderr[0m
[2025-07-01T15:00:10.838+0000] {docker.py:429} INFO - [2m2025-07-01T15:00:10.837848Z[0m [[32m[1minfo     [0m] [1m                              [0m [36mcmd_type[0m=[35mloader[0m [36mname[0m=[35mtarget-postgres[0m [36mrun_id[0m=[35m5b524a3e-8c7e-4c68-b2d4-764da7c1066b[0m [36mstate_id[0m=[35m2025-07-01T150009--tap-csv-latest--target-postgres[0m [36mstdio[0m=[35mstderr[0m
[2025-07-01T15:00:10.838+0000] {docker.py:429} INFO - [2m2025-07-01T15:00:10.838064Z[0m [[32m[1minfo     [0m] [1mSkipping parse of env var settings...[0m [36mcmd_type[0m=[35mloader[0m [36mname[0m=[35mtarget-postgres[0m [36mrun_id[0m=[35m5b524a3e-8c7e-4c68-b2d4-764da7c1066b[0m [36mstate_id[0m=[35m2025-07-01T150009--tap-csv-latest--target-postgres[0m [36mstdio[0m=[35mstderr[0m
[2025-07-01T15:00:10.838+0000] {docker.py:429} INFO - [2m2025-07-01T15:00:10.838345Z[0m [[32m[1minfo     [0m] [1mThe `dialect+driver` configuration option is deprecated. Please set it to `postgresql+psycopg`, as this will be the hard-coded value in the future.[0m [36mcmd_type[0m=[35mloader[0m [36mname[0m=[35mtarget-postgres[0m [36mrun_id[0m=[35m5b524a3e-8c7e-4c68-b2d4-764da7c1066b[0m [36mstate_id[0m=[35m2025-07-01T150009--tap-csv-latest--target-postgres[0m [36mstdio[0m=[35mstderr[0m
[2025-07-01T15:00:10.838+0000] {docker.py:429} INFO - [2m2025-07-01T15:00:10.838534Z[0m [[32m[1minfo     [0m] [1mReader 'target-postgres' completed processing 0 lines of input (0 schemas, 0 records, 0 batch manifests, 0 state messages, 0 activate version messages).[0m [36mcmd_type[0m=[35mloader[0m [36mname[0m=[35mtarget-postgres[0m [36mrun_id[0m=[35m5b524a3e-8c7e-4c68-b2d4-764da7c1066b[0m [36mstate_id[0m=[35m2025-07-01T150009--tap-csv-latest--target-postgres[0m [36mstdio[0m=[35mstderr[0m
[2025-07-01T15:00:10.920+0000] {docker.py:429} INFO - [2m2025-07-01T15:00:10.919707Z[0m [[31m[1merror    [0m] [1mExtraction failed             [0m [36mcode[0m=[35m1[0m [36mmessage[0m=[35m'No CSV file definitions found.'[0m [36mname[0m=[35mmeltano[0m [36mrun_id[0m=[35m5b524a3e-8c7e-4c68-b2d4-764da7c1066b[0m [36mstate_id[0m=[35m2025-07-01T150009--tap-csv-latest--target-postgres[0m
[2025-07-01T15:00:10.920+0000] {docker.py:429} INFO - [2m2025-07-01T15:00:10.920362Z[0m [[32m[1minfo     [0m] [1mELT could not be completed: Extractor failed.[0m [36mcmd_type[0m=[35melt[0m [36mname[0m=[35mmeltano[0m [36mrun_id[0m=[35m5b524a3e-8c7e-4c68-b2d4-764da7c1066b[0m [36mstate_id[0m=[35m2025-07-01T150009--tap-csv-latest--target-postgres[0m [36mstdio[0m=[35mstderr[0m
[2025-07-01T15:00:10.921+0000] {docker.py:429} INFO - [2m2025-07-01T15:00:10.920588Z[0m [[32m[1minfo     [0m] [1mFor more detailed log messages re-run the command using 'meltano --log-level=debug ...' CLI flag.[0m [36mcmd_type[0m=[35melt[0m [36mname[0m=[35mmeltano[0m [36mrun_id[0m=[35m5b524a3e-8c7e-4c68-b2d4-764da7c1066b[0m [36mstate_id[0m=[35m2025-07-01T150009--tap-csv-latest--target-postgres[0m [36mstdio[0m=[35mstderr[0m
[2025-07-01T15:00:10.921+0000] {docker.py:429} INFO - [2m2025-07-01T15:00:10.920755Z[0m [[32m[1minfo     [0m] [1mNote that you can also check the generated log file at '/opt/meltano/.meltano/logs/elt/2025-07-01T150009--tap-csv-latest--target-postgres/5b524a3e-8c7e-4c68-b2d4-764da7c1066b/elt.log'.[0m [36mcmd_type[0m=[35melt[0m [36mname[0m=[35mmeltano[0m [36mrun_id[0m=[35m5b524a3e-8c7e-4c68-b2d4-764da7c1066b[0m [36mstate_id[0m=[35m2025-07-01T150009--tap-csv-latest--target-postgres[0m [36mstdio[0m=[35mstderr[0m
[2025-07-01T15:00:10.921+0000] {docker.py:429} INFO - [2m2025-07-01T15:00:10.920907Z[0m [[32m[1minfo     [0m] [1mFor more information on debugging and logging: https://docs.meltano.com/reference/command-line-interface#debugging[0m [36mcmd_type[0m=[35melt[0m [36mname[0m=[35mmeltano[0m [36mrun_id[0m=[35m5b524a3e-8c7e-4c68-b2d4-764da7c1066b[0m [36mstate_id[0m=[35m2025-07-01T150009--tap-csv-latest--target-postgres[0m [36mstdio[0m=[35mstderr[0m
[2025-07-01T15:00:10.930+0000] {docker.py:429} INFO - Need help fixing this problem? Visit http://melta.no/ for troubleshooting steps, or to
join our friendly Slack community.

ELT could not be completed: Extractor failed.
For more detailed log messages re-run the command using 'meltano --log-level=debug ...' CLI flag.
Note that you can also check the generated log file at '/opt/meltano/.meltano/logs/elt/2025-07-01T150009--tap-csv-latest--target-postgres/5b524a3e-8c7e-4c68-b2d4-764da7c1066b/elt.log'.
For more information on debugging and logging: https://docs.meltano.com/reference/command-line-interface#debugging
[2025-07-01T15:00:11.976+0000] {taskinstance.py:2698} ERROR - Task failed with exception
Traceback (most recent call last):
  File "/home/airflow/.local/lib/python3.10/site-packages/airflow/models/taskinstance.py", line 433, in _execute_task
    result = execute_callable(context=context, **execute_callable_kwargs)
  File "/home/airflow/.local/lib/python3.10/site-packages/airflow/providers/docker/operators/docker.py", line 502, in execute
    return self._run_image()
  File "/home/airflow/.local/lib/python3.10/site-packages/airflow/providers/docker/operators/docker.py", line 376, in _run_image
    return self._run_image_with_mounts(self.mounts, add_tmp_variable=False)
  File "/home/airflow/.local/lib/python3.10/site-packages/airflow/providers/docker/operators/docker.py", line 437, in _run_image_with_mounts
    raise DockerContainerFailedException(f"Docker container failed: {result!r}", logs=log_lines)
airflow.providers.docker.exceptions.DockerContainerFailedException: Docker container failed: {'StatusCode': 1}
[2025-07-01T15:00:11.979+0000] {taskinstance.py:1138} INFO - Marking task as UP_FOR_RETRY. dag_id=northwind, task_id=carregamento_postgres, execution_date=20250701T145402, start_date=20250701T145959, end_date=20250701T150011
[2025-07-01T15:00:11.989+0000] {standard_task_runner.py:107} ERROR - Failed to execute job 12 for task carregamento_postgres (Docker container failed: {'StatusCode': 1}; 255)
[2025-07-01T15:00:12.013+0000] {local_task_job_runner.py:234} INFO - Task exited with return code 1
[2025-07-01T15:00:12.026+0000] {taskinstance.py:3280} INFO - 0 downstream tasks scheduled from follow-on schedule check
