[2025-07-10T14:16:04.340+0000] {taskinstance.py:1956} INFO - Dependencies all met for dep_context=non-requeueable deps ti=<TaskInstance: northwind.gerar_config_csv_dinamica manual__2025-07-10T14:14:29.712934+00:00 [queued]>
[2025-07-10T14:16:04.371+0000] {taskinstance.py:1956} INFO - Dependencies all met for dep_context=requeueable deps ti=<TaskInstance: northwind.gerar_config_csv_dinamica manual__2025-07-10T14:14:29.712934+00:00 [queued]>
[2025-07-10T14:16:04.372+0000] {taskinstance.py:2170} INFO - Starting attempt 1 of 2
[2025-07-10T14:16:04.413+0000] {taskinstance.py:2191} INFO - Executing <Task(DockerOperator): gerar_config_csv_dinamica> on 2025-07-10 14:14:29.712934+00:00
[2025-07-10T14:16:04.425+0000] {standard_task_runner.py:60} INFO - Started process 224 to run task
[2025-07-10T14:16:04.441+0000] {standard_task_runner.py:87} INFO - Running: ['***', 'tasks', 'run', 'northwind', 'gerar_config_csv_dinamica', 'manual__2025-07-10T14:14:29.712934+00:00', '--job-id', '66', '--raw', '--subdir', 'DAGS_FOLDER/northwind.py', '--cfg-path', '/tmp/tmpxuiauoaz']
[2025-07-10T14:16:04.449+0000] {standard_task_runner.py:88} INFO - Job 66: Subtask gerar_config_csv_dinamica
[2025-07-10T14:16:04.603+0000] {task_command.py:423} INFO - Running <TaskInstance: northwind.gerar_config_csv_dinamica manual__2025-07-10T14:14:29.712934+00:00 [running]> on host 914f2848bf48
[2025-07-10T14:16:04.905+0000] {taskinstance.py:2480} INFO - Exporting env vars: AIRFLOW_CTX_DAG_EMAIL='lrbf@cin.ufpe.br' AIRFLOW_CTX_DAG_OWNER='***' AIRFLOW_CTX_DAG_ID='northwind' AIRFLOW_CTX_TASK_ID='gerar_config_csv_dinamica' AIRFLOW_CTX_EXECUTION_DATE='2025-07-10T14:14:29.712934+00:00' AIRFLOW_CTX_TRY_NUMBER='1' AIRFLOW_CTX_DAG_RUN_ID='manual__2025-07-10T14:14:29.712934+00:00'
[2025-07-10T14:16:05.283+0000] {docker.py:359} INFO - Starting docker container from image meltano:latest
[2025-07-10T14:16:06.116+0000] {docker.py:429} INFO - Running meltano install...
[2025-07-10T14:16:09.638+0000] {docker.py:429} INFO - [2m2025-07-10T14:16:09.636509Z[0m [[32m[1minfo     [0m] [1mInstalling 7 plugins          [0m
[2025-07-10T14:16:09.688+0000] {docker.py:429} INFO - [2m2025-07-10T14:16:09.685840Z[0m [[32m[1minfo     [0m] [1mInstalling extractor 'tap-postgres'[0m
[2025-07-10T14:16:09.776+0000] {docker.py:429} INFO - [2m2025-07-10T14:16:09.774180Z[0m [[32m[1minfo     [0m] [1mInstalling extractor 'tap-csv'[0m
[2025-07-10T14:16:09.861+0000] {docker.py:429} INFO - [2m2025-07-10T14:16:09.859723Z[0m [[32m[1minfo     [0m] [1mInstalling extractor 'tap-csv-latest'[0m
[2025-07-10T14:16:09.940+0000] {docker.py:429} INFO - [2m2025-07-10T14:16:09.937743Z[0m [[32m[1minfo     [0m] [1mInstalling loader 'target-postgres'[0m
[2025-07-10T14:16:10.031+0000] {docker.py:429} INFO - [2m2025-07-10T14:16:10.029775Z[0m [[32m[1minfo     [0m] [1mInstalling loader 'target-csv'[0m
[2025-07-10T14:16:10.123+0000] {docker.py:429} INFO - [2m2025-07-10T14:16:10.121856Z[0m [[32m[1minfo     [0m] [1mInstalling loader 'target-csv-postgres'[0m
[2025-07-10T14:16:10.223+0000] {docker.py:429} INFO - [2m2025-07-10T14:16:10.221580Z[0m [[32m[1minfo     [0m] [1mInstalling loader 'target-csv-csv'[0m
[2025-07-10T14:16:16.716+0000] {docker.py:429} INFO - [2m2025-07-10T14:16:16.714010Z[0m [[32m[1minfo     [0m] [1mInstalled loader 'target-postgres'[0m
[2025-07-10T14:16:16.809+0000] {docker.py:429} INFO - [2m2025-07-10T14:16:16.807916Z[0m [[32m[1minfo     [0m] [1mInstalled extractor 'tap-postgres'[0m
[2025-07-10T14:16:29.875+0000] {docker.py:429} INFO - [2m2025-07-10T14:16:29.873968Z[0m [[32m[1minfo     [0m] [1mInstalled extractor 'tap-csv-latest'[0m
[2025-07-10T14:16:30.120+0000] {docker.py:429} INFO - [2m2025-07-10T14:16:30.118071Z[0m [[32m[1minfo     [0m] [1mInstalled extractor 'tap-csv' [0m
[2025-07-10T14:16:33.073+0000] {docker.py:429} INFO - [2m2025-07-10T14:16:33.071628Z[0m [[32m[1minfo     [0m] [1mInstalled loader 'target-csv' [0m
[2025-07-10T14:16:34.370+0000] {docker.py:429} INFO - [2m2025-07-10T14:16:34.369190Z[0m [[32m[1minfo     [0m] [1mInstalled loader 'target-csv-postgres'[0m
[2025-07-10T14:16:34.513+0000] {docker.py:429} INFO - [2m2025-07-10T14:16:34.511578Z[0m [[32m[1minfo     [0m] [1mInstalled loader 'target-csv-csv'[0m
[2025-07-10T14:16:34.514+0000] {docker.py:429} INFO - [2m2025-07-10T14:16:34.512556Z[0m [[32m[1minfo     [0m] [1mInstalled 7/7 plugins         [0m
[2025-07-10T14:16:36.006+0000] {docker.py:429} INFO - Meltano install completed. Executing command: python /opt/meltano/scripts/generate_csv_config.py
[2025-07-10T14:16:36.155+0000] {docker.py:429} INFO - [{"entity": "order_details", "path": "/opt/output_data/csv/order_details/2025-07-10/file.csv", "keys": ["order_id", "product_id"], "delimiter": ",", "encoding": "utf-8"}, {"entity": "public-categories", "path": "/opt/output_data/postgres/public-categories/2025-07-10/file.csv", "keys": ["category_id"], "delimiter": ",", "encoding": "utf-8"}, {"entity": "public-products", "path": "/opt/output_data/postgres/public-products/2025-07-10/file.csv", "keys": ["product_id"], "delimiter": ",", "encoding": "utf-8"}, {"entity": "public-suppliers", "path": "/opt/output_data/postgres/public-suppliers/2025-07-10/file.csv", "keys": ["supplier_id"], "delimiter": ",", "encoding": "utf-8"}, {"entity": "public-orders", "path": "/opt/output_data/postgres/public-orders/2025-07-10/file.csv", "keys": ["order_id"], "delimiter": ",", "encoding": "utf-8"}, {"entity": "public-customers", "path": "/opt/output_data/postgres/public-customers/2025-07-10/file.csv", "keys": ["customer_id"], "delimiter": ",", "encoding": "utf-8"}, {"entity": "public-employees", "path": "/opt/output_data/postgres/public-employees/2025-07-10/file.csv", "keys": ["employee_id"], "delimiter": ",", "encoding": "utf-8"}, {"entity": "public-employee_territories", "path": "/opt/output_data/postgres/public-employee_territories/2025-07-10/file.csv", "keys": ["employee_id", "territory_id"], "delimiter": ",", "encoding": "utf-8"}, {"entity": "public-territories", "path": "/opt/output_data/postgres/public-territories/2025-07-10/file.csv", "keys": ["territory_id"], "delimiter": ",", "encoding": "utf-8"}, {"entity": "public-region", "path": "/opt/output_data/postgres/public-region/2025-07-10/file.csv", "keys": ["region_id"], "delimiter": ",", "encoding": "utf-8"}, {"entity": "public-shippers", "path": "/opt/output_data/postgres/public-shippers/2025-07-10/file.csv", "keys": ["shipper_id"], "delimiter": ",", "encoding": "utf-8"}, {"entity": "public-us_states", "path": "/opt/output_data/postgres/public-us_states/2025-07-10/file.csv", "keys": ["state_id"], "delimiter": ",", "encoding": "utf-8"}]
[2025-07-10T14:16:36.587+0000] {taskinstance.py:1138} INFO - Marking task as SUCCESS. dag_id=northwind, task_id=gerar_config_csv_dinamica, execution_date=20250710T141429, start_date=20250710T141604, end_date=20250710T141636
[2025-07-10T14:16:36.656+0000] {local_task_job_runner.py:234} INFO - Task exited with return code 0
[2025-07-10T14:16:36.727+0000] {taskinstance.py:3280} INFO - 1 downstream tasks scheduled from follow-on schedule check
