[2025-06-25T21:20:43.619+0000] {taskinstance.py:1956} INFO - Dependencies all met for dep_context=non-requeueable deps ti=<TaskInstance: northwind.extração_csv manual__2025-06-25T21:13:16.343811+00:00 [queued]>
[2025-06-25T21:20:43.637+0000] {taskinstance.py:1956} INFO - Dependencies all met for dep_context=requeueable deps ti=<TaskInstance: northwind.extração_csv manual__2025-06-25T21:13:16.343811+00:00 [queued]>
[2025-06-25T21:20:43.637+0000] {taskinstance.py:2170} INFO - Starting attempt 1 of 2
[2025-06-25T21:20:43.658+0000] {taskinstance.py:2191} INFO - Executing <Task(DockerOperator): extração_csv> on 2025-06-25 21:13:16.343811+00:00
[2025-06-25T21:20:43.663+0000] {standard_task_runner.py:60} INFO - Started process 181 to run task
[2025-06-25T21:20:43.669+0000] {standard_task_runner.py:87} INFO - Running: ['***', 'tasks', 'run', 'northwind', 'extração_csv', 'manual__2025-06-25T21:13:16.343811+00:00', '--job-id', '199', '--raw', '--subdir', 'DAGS_FOLDER/dag.py', '--cfg-path', '/tmp/tmp7xw6dmy5']
[2025-06-25T21:20:43.673+0000] {standard_task_runner.py:88} INFO - Job 199: Subtask extração_csv
[2025-06-25T21:20:43.757+0000] {task_command.py:423} INFO - Running <TaskInstance: northwind.extração_csv manual__2025-06-25T21:13:16.343811+00:00 [running]> on host 6afc1f3750fb
[2025-06-25T21:20:43.869+0000] {taskinstance.py:2480} INFO - Exporting env vars: AIRFLOW_CTX_DAG_EMAIL='lrbf@cin.ufpe.br' AIRFLOW_CTX_DAG_OWNER='***' AIRFLOW_CTX_DAG_ID='northwind' AIRFLOW_CTX_TASK_ID='extração_csv' AIRFLOW_CTX_EXECUTION_DATE='2025-06-25T21:13:16.343811+00:00' AIRFLOW_CTX_TRY_NUMBER='1' AIRFLOW_CTX_DAG_RUN_ID='manual__2025-06-25T21:13:16.343811+00:00'
[2025-06-25T21:20:44.089+0000] {docker.py:359} INFO - Starting docker container from image meltano:latest
[2025-06-25T21:20:44.097+0000] {docker.py:367} WARNING - Using remote engine or docker-in-docker and mounting temporary volume from host is not supported. Falling back to `mount_tmp_dir=False` mode. You can set `mount_tmp_dir` parameter to False to disable mounting and remove the warning
[2025-06-25T21:20:42.293+0000] {docker.py:429} INFO - Running meltano install...
[2025-06-25T21:20:45.589+0000] {docker.py:429} INFO - [2m2025-06-25T21:20:45.588067Z[0m [[32m[1minfo     [0m] [1mInstalling 7 plugins          [0m
[2025-06-25T21:20:45.618+0000] {docker.py:429} INFO - [2m2025-06-25T21:20:45.618084Z[0m [[32m[1minfo     [0m] [1mInstalling extractor 'tap-postgres'[0m
[2025-06-25T21:20:45.653+0000] {docker.py:429} INFO - [2m2025-06-25T21:20:45.652693Z[0m [[32m[1minfo     [0m] [1mInstalling extractor 'tap-csv'[0m
[2025-06-25T21:20:45.693+0000] {docker.py:429} INFO - [2m2025-06-25T21:20:45.692803Z[0m [[32m[1minfo     [0m] [1mInstalling extractor 'tap-csv-latest'[0m
[2025-06-25T21:20:45.758+0000] {docker.py:429} INFO - [2m2025-06-25T21:20:45.747760Z[0m [[32m[1minfo     [0m] [1mInstalling loader 'target-postgres'[0m
[2025-06-25T21:20:45.907+0000] {docker.py:429} INFO - [2m2025-06-25T21:20:45.892784Z[0m [[32m[1minfo     [0m] [1mInstalling loader 'target-csv'[0m
[2025-06-25T21:20:46.157+0000] {docker.py:429} INFO - [2m2025-06-25T21:20:46.133138Z[0m [[32m[1minfo     [0m] [1mInstalling loader 'target-csv-postgres'[0m
[2025-06-25T21:20:46.448+0000] {docker.py:429} INFO - [2m2025-06-25T21:20:46.403057Z[0m [[32m[1minfo     [0m] [1mInstalling loader 'target-csv-csv'[0m
[2025-06-25T21:20:57.659+0000] {docker.py:429} INFO - [2m2025-06-25T21:20:57.605728Z[0m [[32m[1minfo     [0m] [1mInstalled extractor 'tap-postgres'[0m
[2025-06-25T21:20:57.732+0000] {docker.py:429} INFO - [2m2025-06-25T21:20:57.682896Z[0m [[32m[1minfo     [0m] [1mInstalled loader 'target-postgres'[0m
[2025-06-25T21:21:16.534+0000] {docker.py:429} INFO - [2m2025-06-25T21:21:16.490850Z[0m [[32m[1minfo     [0m] [1mInstalled extractor 'tap-csv' [0m
[2025-06-25T21:21:17.527+0000] {docker.py:429} INFO - [2m2025-06-25T21:21:17.523397Z[0m [[32m[1minfo     [0m] [1mInstalled extractor 'tap-csv-latest'[0m
[2025-06-25T21:21:18.083+0000] {docker.py:429} INFO - [2m2025-06-25T21:21:18.081364Z[0m [[32m[1minfo     [0m] [1mInstalled loader 'target-csv' [0m
[2025-06-25T21:21:18.118+0000] {docker.py:429} INFO - [2m2025-06-25T21:21:18.116458Z[0m [[32m[1minfo     [0m] [1mInstalled loader 'target-csv-postgres'[0m
[2025-06-25T21:21:18.129+0000] {docker.py:429} INFO - [2m2025-06-25T21:21:18.128211Z[0m [[32m[1minfo     [0m] [1mInstalled loader 'target-csv-csv'[0m
[2025-06-25T21:21:18.133+0000] {docker.py:429} INFO - [2m2025-06-25T21:21:18.131868Z[0m [[32m[1minfo     [0m] [1mInstalled 7/7 plugins         [0m
[2025-06-25T21:21:20.270+0000] {docker.py:429} INFO - Meltano install completed. Executing command: meltano el tap-csv target-csv-csv
[2025-06-25T21:21:22.656+0000] {docker.py:429} INFO - [2m2025-06-25T21:21:22.655163Z[0m [[32m[1minfo     [0m] [1mEnvironment 'dev' is active   [0m
[2025-06-25T21:21:23.308+0000] {docker.py:429} INFO - [2m2025-06-25T21:21:23.306464Z[0m [[32m[1minfo     [0m] [1mRunning extract & load...     [0m [36mname[0m=[35mmeltano[0m [36mrun_id[0m=[35m3179ed72-2f8a-43ed-8c3e-d654a24b97b9[0m [36mstate_id[0m=[35m2025-06-25T212122--tap-csv--target-csv-csv[0m
[2025-06-25T21:21:25.826+0000] {docker.py:429} INFO - [2m2025-06-25T21:21:25.825302Z[0m [[32m[1minfo     [0m] [1mINFO Sending version information to singer.io. To disable sending anonymous usage data, set the config parameter "disable_collection" to true[0m [36mcmd_type[0m=[35mloader[0m [36mname[0m=[35mtarget-csv-csv[0m [36mrun_id[0m=[35m3179ed72-2f8a-43ed-8c3e-d654a24b97b9[0m [36mstate_id[0m=[35m2025-06-25T212122--tap-csv--target-csv-csv[0m [36mstdio[0m=[35mstderr[0m
[2025-06-25T21:21:26.274+0000] {docker.py:429} INFO - [2m2025-06-25T21:21:26.273541Z[0m [[32m[1minfo     [0m] [1mBeginning full_table sync of 'order_details'...[0m [36mcmd_type[0m=[35mextractor[0m [36mname[0m=[35mtap-csv[0m [36mrun_id[0m=[35m3179ed72-2f8a-43ed-8c3e-d654a24b97b9[0m [36mstate_id[0m=[35m2025-06-25T212122--tap-csv--target-csv-csv[0m [36mstdio[0m=[35mstderr[0m
[2025-06-25T21:21:26.276+0000] {docker.py:429} INFO - [2m2025-06-25T21:21:26.273951Z[0m [[32m[1minfo     [0m] [1mTap has custom mapper. Using 1 provided map(s).[0m [36mcmd_type[0m=[35mextractor[0m [36mname[0m=[35mtap-csv[0m [36mrun_id[0m=[35m3179ed72-2f8a-43ed-8c3e-d654a24b97b9[0m [36mstate_id[0m=[35m2025-06-25T212122--tap-csv--target-csv-csv[0m [36mstdio[0m=[35mstderr[0m
[2025-06-25T21:21:26.636+0000] {docker.py:429} INFO - [2m2025-06-25T21:21:26.635167Z[0m [[32m[1minfo     [0m] [1mMETRIC: {"type": "timer", "metric": "sync_duration", "value": 0.35764503479003906, "tags": {"stream": "order_details", "pid": 174, "context": {}, "status": "succeeded"}}[0m [36mcmd_type[0m=[35mextractor[0m [36mname[0m=[35mtap-csv[0m [36mrun_id[0m=[35m3179ed72-2f8a-43ed-8c3e-d654a24b97b9[0m [36mstate_id[0m=[35m2025-06-25T212122--tap-csv--target-csv-csv[0m [36mstdio[0m=[35mstderr[0m
[2025-06-25T21:21:26.637+0000] {docker.py:429} INFO - [2m2025-06-25T21:21:26.635802Z[0m [[32m[1minfo     [0m] [1mMETRIC: {"type": "counter", "metric": "record_count", "value": 2155, "tags": {"stream": "order_details", "pid": 174, "context": {}}}[0m [36mcmd_type[0m=[35mextractor[0m [36mname[0m=[35mtap-csv[0m [36mrun_id[0m=[35m3179ed72-2f8a-43ed-8c3e-d654a24b97b9[0m [36mstate_id[0m=[35m2025-06-25T212122--tap-csv--target-csv-csv[0m [36mstdio[0m=[35mstderr[0m
[2025-06-25T21:21:26.831+0000] {docker.py:429} INFO - [2m2025-06-25T21:21:26.830924Z[0m [[32m[1minfo     [0m] [1mUsing systemdb state backend  [0m
[2025-06-25T21:21:26.849+0000] {docker.py:429} INFO - [2m2025-06-25T21:21:26.848133Z[0m [[32m[1minfo     [0m] [1mIncremental state has been updated at 2025-06-25 21:21:26.848054+00:00.[0m
[2025-06-25T21:21:26.856+0000] {docker.py:429} INFO - [2m2025-06-25T21:21:26.855395Z[0m [[32m[1minfo     [0m] [1mExtract & load complete!      [0m [36mname[0m=[35mmeltano[0m [36mrun_id[0m=[35m3179ed72-2f8a-43ed-8c3e-d654a24b97b9[0m [36mstate_id[0m=[35m2025-06-25T212122--tap-csv--target-csv-csv[0m
[2m2025-06-25T21:21:26.855834Z[0m [[32m[1minfo     [0m] [1mTransformation skipped.       [0m [36mname[0m=[35mmeltano[0m [36mrun_id[0m=[35m3179ed72-2f8a-43ed-8c3e-d654a24b97b9[0m [36mstate_id[0m=[35m2025-06-25T212122--tap-csv--target-csv-csv[0m
[2025-06-25T21:21:28.900+0000] {taskinstance.py:1138} INFO - Marking task as SUCCESS. dag_id=northwind, task_id=extração_csv, execution_date=20250625T211316, start_date=20250625T212043, end_date=20250625T212128
[2025-06-25T21:21:28.977+0000] {local_task_job_runner.py:234} INFO - Task exited with return code 0
[2025-06-25T21:21:29.122+0000] {taskinstance.py:3280} INFO - 1 downstream tasks scheduled from follow-on schedule check
