[2025-07-09T22:12:59.951+0000] {taskinstance.py:1956} INFO - Dependencies all met for dep_context=non-requeueable deps ti=<TaskInstance: northwind.extração_csv manual__2025-07-09T22:12:17.665755+00:00 [queued]>
[2025-07-09T22:12:59.965+0000] {taskinstance.py:1956} INFO - Dependencies all met for dep_context=requeueable deps ti=<TaskInstance: northwind.extração_csv manual__2025-07-09T22:12:17.665755+00:00 [queued]>
[2025-07-09T22:12:59.966+0000] {taskinstance.py:2170} INFO - Starting attempt 1 of 2
[2025-07-09T22:12:59.982+0000] {taskinstance.py:2191} INFO - Executing <Task(DockerOperator): extração_csv> on 2025-07-09 22:12:17.665755+00:00
[2025-07-09T22:12:59.987+0000] {standard_task_runner.py:60} INFO - Started process 197 to run task
[2025-07-09T22:12:59.993+0000] {standard_task_runner.py:87} INFO - Running: ['***', 'tasks', 'run', 'northwind', 'extração_csv', 'manual__2025-07-09T22:12:17.665755+00:00', '--job-id', '3', '--raw', '--subdir', 'DAGS_FOLDER/northwind.py', '--cfg-path', '/tmp/tmp4mwqahqh']
[2025-07-09T22:12:59.996+0000] {standard_task_runner.py:88} INFO - Job 3: Subtask extração_csv
[2025-07-09T22:13:00.061+0000] {task_command.py:423} INFO - Running <TaskInstance: northwind.extração_csv manual__2025-07-09T22:12:17.665755+00:00 [running]> on host 04cd80d3d07e
[2025-07-09T22:13:00.197+0000] {taskinstance.py:2480} INFO - Exporting env vars: AIRFLOW_CTX_DAG_EMAIL='lrbf@cin.ufpe.br' AIRFLOW_CTX_DAG_OWNER='***' AIRFLOW_CTX_DAG_ID='northwind' AIRFLOW_CTX_TASK_ID='extração_csv' AIRFLOW_CTX_EXECUTION_DATE='2025-07-09T22:12:17.665755+00:00' AIRFLOW_CTX_TRY_NUMBER='1' AIRFLOW_CTX_DAG_RUN_ID='manual__2025-07-09T22:12:17.665755+00:00'
[2025-07-09T22:13:00.389+0000] {docker.py:359} INFO - Starting docker container from image meltano:latest
[2025-07-09T22:12:59.039+0000] {docker.py:429} INFO - Running meltano install...
[2025-07-09T22:13:02.213+0000] {docker.py:429} INFO - [2m2025-07-09T22:13:02.213093Z[0m [[32m[1minfo     [0m] [1mInstalling 7 plugins          [0m
[2025-07-09T22:13:02.224+0000] {docker.py:429} INFO - [2m2025-07-09T22:13:02.223590Z[0m [[32m[1minfo     [0m] [1mInstalling extractor 'tap-postgres'[0m
[2025-07-09T22:13:02.244+0000] {docker.py:429} INFO - [2m2025-07-09T22:13:02.243384Z[0m [[32m[1minfo     [0m] [1mInstalling extractor 'tap-csv'[0m
[2025-07-09T22:13:02.262+0000] {docker.py:429} INFO - [2m2025-07-09T22:13:02.261329Z[0m [[32m[1minfo     [0m] [1mInstalling extractor 'tap-csv-latest'[0m
[2025-07-09T22:13:02.279+0000] {docker.py:429} INFO - [2m2025-07-09T22:13:02.278991Z[0m [[32m[1minfo     [0m] [1mInstalling loader 'target-postgres'[0m
[2025-07-09T22:13:02.305+0000] {docker.py:429} INFO - [2m2025-07-09T22:13:02.304820Z[0m [[32m[1minfo     [0m] [1mInstalling loader 'target-csv'[0m
[2025-07-09T22:13:02.327+0000] {docker.py:429} INFO - [2m2025-07-09T22:13:02.326285Z[0m [[32m[1minfo     [0m] [1mInstalling loader 'target-csv-postgres'[0m
[2025-07-09T22:13:02.398+0000] {docker.py:429} INFO - [2m2025-07-09T22:13:02.393684Z[0m [[32m[1minfo     [0m] [1mInstalling loader 'target-csv-csv'[0m
[2025-07-09T22:13:03.483+0000] {docker.py:429} INFO - [2m2025-07-09T22:13:03.482860Z[0m [[32m[1minfo     [0m] [1mInstalled extractor 'tap-postgres'[0m
[2025-07-09T22:13:03.620+0000] {docker.py:429} INFO - [2m2025-07-09T22:13:03.612407Z[0m [[32m[1minfo     [0m] [1mInstalled loader 'target-postgres'[0m
[2025-07-09T22:13:09.405+0000] {docker.py:429} INFO - [2m2025-07-09T22:13:09.404554Z[0m [[32m[1minfo     [0m] [1mInstalled extractor 'tap-csv' [0m
[2025-07-09T22:13:09.406+0000] {docker.py:429} INFO - [2m2025-07-09T22:13:09.405760Z[0m [[32m[1minfo     [0m] [1mInstalled extractor 'tap-csv-latest'[0m
[2025-07-09T22:13:09.686+0000] {docker.py:429} INFO - [2m2025-07-09T22:13:09.685314Z[0m [[32m[1minfo     [0m] [1mInstalled loader 'target-csv' [0m
[2025-07-09T22:13:09.798+0000] {docker.py:429} INFO - [2m2025-07-09T22:13:09.797437Z[0m [[32m[1minfo     [0m] [1mInstalled loader 'target-csv-csv'[0m
[2025-07-09T22:13:09.874+0000] {docker.py:429} INFO - [2m2025-07-09T22:13:09.873437Z[0m [[32m[1minfo     [0m] [1mInstalled loader 'target-csv-postgres'[0m
[2025-07-09T22:13:09.875+0000] {docker.py:429} INFO - [2m2025-07-09T22:13:09.874001Z[0m [[32m[1minfo     [0m] [1mInstalled 7/7 plugins         [0m
[2025-07-09T22:13:10.889+0000] {docker.py:429} INFO - Meltano install completed. Executing command: meltano el tap-csv target-csv-csv
[2025-07-09T22:13:12.751+0000] {docker.py:429} INFO - [2m2025-07-09T22:13:12.750245Z[0m [[32m[1minfo     [0m] [1mEnvironment 'dev' is active   [0m
[2025-07-09T22:13:13.310+0000] {docker.py:429} INFO - [2m2025-07-09T22:13:13.309669Z[0m [[32m[1minfo     [0m] [1mRunning extract & load...     [0m [36mname[0m=[35mmeltano[0m [36mrun_id[0m=[35m00bc1233-368d-4945-a054-f293d9d03144[0m [36mstate_id[0m=[35m2025-07-09T221313--tap-csv--target-csv-csv[0m
[2025-07-09T22:13:14.707+0000] {docker.py:429} INFO - [2m2025-07-09T22:13:14.706985Z[0m [[32m[1minfo     [0m] [1mINFO Sending version information to singer.io. To disable sending anonymous usage data, set the config parameter "disable_collection" to true[0m [36mcmd_type[0m=[35mloader[0m [36mname[0m=[35mtarget-csv-csv[0m [36mrun_id[0m=[35m00bc1233-368d-4945-a054-f293d9d03144[0m [36mstate_id[0m=[35m2025-07-09T221313--tap-csv--target-csv-csv[0m [36mstdio[0m=[35mstderr[0m
[2025-07-09T22:13:14.925+0000] {docker.py:429} INFO - [2m2025-07-09T22:13:14.924856Z[0m [[32m[1minfo     [0m] [1m/opt/meltano/.meltano/extractors/tap-csv/venv/lib/python3.9/site-packages/singer_sdk/tap_base.py:516: SingerSDKDeprecationWarning: Passing a catalog file path is deprecated. Please pass the catalog as a dictionary or Catalog object instead.[0m [36mcmd_type[0m=[35mextractor[0m [36mname[0m=[35mtap-csv[0m [36mrun_id[0m=[35m00bc1233-368d-4945-a054-f293d9d03144[0m [36mstate_id[0m=[35m2025-07-09T221313--tap-csv--target-csv-csv[0m [36mstdio[0m=[35mstderr[0m
[2m2025-07-09T22:13:14.925203Z[0m [[32m[1minfo     [0m] [1m  tap = cls(                  [0m [36mcmd_type[0m=[35mextractor[0m [36mname[0m=[35mtap-csv[0m [36mrun_id[0m=[35m00bc1233-368d-4945-a054-f293d9d03144[0m [36mstate_id[0m=[35m2025-07-09T221313--tap-csv--target-csv-csv[0m [36mstdio[0m=[35mstderr[0m
[2025-07-09T22:13:14.926+0000] {docker.py:429} INFO - [2m2025-07-09T22:13:14.925372Z[0m [[32m[1minfo     [0m] [1m                              [0m [36mcmd_type[0m=[35mextractor[0m [36mname[0m=[35mtap-csv[0m [36mrun_id[0m=[35m00bc1233-368d-4945-a054-f293d9d03144[0m [36mstate_id[0m=[35m2025-07-09T221313--tap-csv--target-csv-csv[0m [36mstdio[0m=[35mstderr[0m
[2025-07-09T22:13:14.926+0000] {docker.py:429} INFO - [2m2025-07-09T22:13:14.925678Z[0m [[32m[1minfo     [0m] [1mBeginning full_table sync of 'order_details'...[0m [36mcmd_type[0m=[35mextractor[0m [36mname[0m=[35mtap-csv[0m [36mrun_id[0m=[35m00bc1233-368d-4945-a054-f293d9d03144[0m [36mstate_id[0m=[35m2025-07-09T221313--tap-csv--target-csv-csv[0m [36mstdio[0m=[35mstderr[0m
[2025-07-09T22:13:14.927+0000] {docker.py:429} INFO - [2m2025-07-09T22:13:14.925950Z[0m [[32m[1minfo     [0m] [1mTap has custom mapper. Using 1 provided map(s).[0m [36mcmd_type[0m=[35mextractor[0m [36mname[0m=[35mtap-csv[0m [36mrun_id[0m=[35m00bc1233-368d-4945-a054-f293d9d03144[0m [36mstate_id[0m=[35m2025-07-09T221313--tap-csv--target-csv-csv[0m [36mstdio[0m=[35mstderr[0m
[2025-07-09T22:13:15.058+0000] {docker.py:429} INFO - [2m2025-07-09T22:13:15.057961Z[0m [[32m[1minfo     [0m] [1mMETRIC: {"type": "timer", "metric": "sync_duration", "value": 0.13245701789855957, "tags": {"stream": "order_details", "pid": 176, "context": {}, "status": "succeeded"}}[0m [36mcmd_type[0m=[35mextractor[0m [36mname[0m=[35mtap-csv[0m [36mrun_id[0m=[35m00bc1233-368d-4945-a054-f293d9d03144[0m [36mstate_id[0m=[35m2025-07-09T221313--tap-csv--target-csv-csv[0m [36mstdio[0m=[35mstderr[0m
[2025-07-09T22:13:15.059+0000] {docker.py:429} INFO - [2m2025-07-09T22:13:15.058491Z[0m [[32m[1minfo     [0m] [1mMETRIC: {"type": "counter", "metric": "record_count", "value": 2155, "tags": {"stream": "order_details", "pid": 176, "context": {}}}[0m [36mcmd_type[0m=[35mextractor[0m [36mname[0m=[35mtap-csv[0m [36mrun_id[0m=[35m00bc1233-368d-4945-a054-f293d9d03144[0m [36mstate_id[0m=[35m2025-07-09T221313--tap-csv--target-csv-csv[0m [36mstdio[0m=[35mstderr[0m
[2025-07-09T22:13:15.140+0000] {docker.py:429} INFO - [2m2025-07-09T22:13:15.139571Z[0m [[32m[1minfo     [0m] [1mUsing systemdb state backend  [0m
[2025-07-09T22:13:15.149+0000] {docker.py:429} INFO - [2m2025-07-09T22:13:15.148437Z[0m [[32m[1minfo     [0m] [1mIncremental state has been updated at 2025-07-09 22:13:15.148404+00:00.[0m
[2025-07-09T22:13:15.150+0000] {docker.py:429} INFO - [2m2025-07-09T22:13:15.149503Z[0m [[32m[1minfo     [0m] [1mExtract & load complete!      [0m [36mname[0m=[35mmeltano[0m [36mrun_id[0m=[35m00bc1233-368d-4945-a054-f293d9d03144[0m [36mstate_id[0m=[35m2025-07-09T221313--tap-csv--target-csv-csv[0m
[2m2025-07-09T22:13:15.149767Z[0m [[32m[1minfo     [0m] [1mTransformation skipped.       [0m [36mname[0m=[35mmeltano[0m [36mrun_id[0m=[35m00bc1233-368d-4945-a054-f293d9d03144[0m [36mstate_id[0m=[35m2025-07-09T221313--tap-csv--target-csv-csv[0m
[2025-07-09T22:13:16.650+0000] {taskinstance.py:1138} INFO - Marking task as SUCCESS. dag_id=northwind, task_id=extração_csv, execution_date=20250709T221217, start_date=20250709T221259, end_date=20250709T221316
[2025-07-09T22:13:16.714+0000] {local_task_job_runner.py:234} INFO - Task exited with return code 0
[2025-07-09T22:13:16.779+0000] {taskinstance.py:3280} INFO - 1 downstream tasks scheduled from follow-on schedule check
