[2025-07-10T15:51:58.853+0000] {taskinstance.py:1956} INFO - Dependencies all met for dep_context=non-requeueable deps ti=<TaskInstance: northwind.extração_csv manual__2025-07-10T15:51:14.947997+00:00 [queued]>
[2025-07-10T15:51:58.868+0000] {taskinstance.py:1956} INFO - Dependencies all met for dep_context=requeueable deps ti=<TaskInstance: northwind.extração_csv manual__2025-07-10T15:51:14.947997+00:00 [queued]>
[2025-07-10T15:51:58.869+0000] {taskinstance.py:2170} INFO - Starting attempt 1 of 2
[2025-07-10T15:51:58.884+0000] {taskinstance.py:2191} INFO - Executing <Task(DockerOperator): extração_csv> on 2025-07-10 15:51:14.947997+00:00
[2025-07-10T15:51:58.911+0000] {standard_task_runner.py:60} INFO - Started process 182 to run task
[2025-07-10T15:51:58.916+0000] {standard_task_runner.py:87} INFO - Running: ['***', 'tasks', 'run', 'northwind', 'extração_csv', 'manual__2025-07-10T15:51:14.947997+00:00', '--job-id', '119', '--raw', '--subdir', 'DAGS_FOLDER/northwind.py', '--cfg-path', '/tmp/tmpl0gdv0hv']
[2025-07-10T15:51:58.919+0000] {standard_task_runner.py:88} INFO - Job 119: Subtask extração_csv
[2025-07-10T15:51:58.979+0000] {task_command.py:423} INFO - Running <TaskInstance: northwind.extração_csv manual__2025-07-10T15:51:14.947997+00:00 [running]> on host 87f80a715696
[2025-07-10T15:51:59.171+0000] {taskinstance.py:2480} INFO - Exporting env vars: AIRFLOW_CTX_DAG_EMAIL='lrbf@cin.ufpe.br' AIRFLOW_CTX_DAG_OWNER='***' AIRFLOW_CTX_DAG_ID='northwind' AIRFLOW_CTX_TASK_ID='extração_csv' AIRFLOW_CTX_EXECUTION_DATE='2025-07-10T15:51:14.947997+00:00' AIRFLOW_CTX_TRY_NUMBER='1' AIRFLOW_CTX_DAG_RUN_ID='manual__2025-07-10T15:51:14.947997+00:00'
[2025-07-10T15:51:59.930+0000] {docker.py:359} INFO - Starting docker container from image meltano:latest
[2025-07-10T15:52:01.091+0000] {docker.py:429} INFO - Running meltano install...
[2025-07-10T15:52:04.264+0000] {docker.py:429} INFO - [2m2025-07-10T15:52:04.261680Z[0m [[32m[1minfo     [0m] [1mInstalling 7 plugins          [0m
[2025-07-10T15:52:04.300+0000] {docker.py:429} INFO - [2m2025-07-10T15:52:04.298574Z[0m [[32m[1minfo     [0m] [1mInstalling extractor 'tap-postgres'[0m
[2025-07-10T15:52:04.343+0000] {docker.py:429} INFO - [2m2025-07-10T15:52:04.341987Z[0m [[32m[1minfo     [0m] [1mInstalling extractor 'tap-csv'[0m
[2025-07-10T15:52:04.387+0000] {docker.py:429} INFO - [2m2025-07-10T15:52:04.385755Z[0m [[32m[1minfo     [0m] [1mInstalling extractor 'tap-csv-latest'[0m
[2025-07-10T15:52:04.436+0000] {docker.py:429} INFO - [2m2025-07-10T15:52:04.435475Z[0m [[32m[1minfo     [0m] [1mInstalling loader 'target-postgres'[0m
[2025-07-10T15:52:04.490+0000] {docker.py:429} INFO - [2m2025-07-10T15:52:04.489113Z[0m [[32m[1minfo     [0m] [1mInstalling loader 'target-csv'[0m
[2025-07-10T15:52:04.539+0000] {docker.py:429} INFO - [2m2025-07-10T15:52:04.538051Z[0m [[32m[1minfo     [0m] [1mInstalling loader 'target-csv-postgres'[0m
[2025-07-10T15:52:04.617+0000] {docker.py:429} INFO - [2m2025-07-10T15:52:04.615273Z[0m [[32m[1minfo     [0m] [1mInstalling loader 'target-csv-csv'[0m
[2025-07-10T15:52:05.109+0000] {docker.py:429} INFO - [2m2025-07-10T15:52:05.107615Z[0m [[32m[1minfo     [0m] [1mInstalled loader 'target-postgres'[0m
[2025-07-10T15:52:05.119+0000] {docker.py:429} INFO - [2m2025-07-10T15:52:05.116838Z[0m [[32m[1minfo     [0m] [1mInstalled extractor 'tap-postgres'[0m
[2025-07-10T15:52:14.025+0000] {docker.py:429} INFO - [2m2025-07-10T15:52:14.024059Z[0m [[32m[1minfo     [0m] [1mInstalled extractor 'tap-csv' [0m
[2025-07-10T15:52:14.057+0000] {docker.py:429} INFO - [2m2025-07-10T15:52:14.056391Z[0m [[32m[1minfo     [0m] [1mInstalled extractor 'tap-csv-latest'[0m
[2025-07-10T15:52:14.913+0000] {docker.py:429} INFO - [2m2025-07-10T15:52:14.912644Z[0m [[32m[1minfo     [0m] [1mInstalled loader 'target-csv' [0m
[2025-07-10T15:52:15.757+0000] {docker.py:429} INFO - [2m2025-07-10T15:52:15.756464Z[0m [[32m[1minfo     [0m] [1mInstalled loader 'target-csv-postgres'[0m
[2025-07-10T15:52:15.760+0000] {docker.py:429} INFO - [2m2025-07-10T15:52:15.759606Z[0m [[32m[1minfo     [0m] [1mInstalled loader 'target-csv-csv'[0m
[2025-07-10T15:52:15.761+0000] {docker.py:429} INFO - [2m2025-07-10T15:52:15.760165Z[0m [[32m[1minfo     [0m] [1mInstalled 7/7 plugins         [0m
[2025-07-10T15:52:17.488+0000] {docker.py:429} INFO - Meltano install completed. Executing command: meltano el tap-csv target-csv-csv
[2025-07-10T15:52:21.158+0000] {docker.py:429} INFO - [2m2025-07-10T15:52:21.157426Z[0m [[32m[1minfo     [0m] [1mEnvironment 'dev' is active   [0m
[2025-07-10T15:52:22.055+0000] {docker.py:429} INFO - [2m2025-07-10T15:52:22.054215Z[0m [[32m[1minfo     [0m] [1mRunning extract & load...     [0m [36mname[0m=[35mmeltano[0m [36mrun_id[0m=[35meed5d502-7e77-4ed8-9f2e-8d9805507d39[0m [36mstate_id[0m=[35m2025-07-10T155221--tap-csv--target-csv-csv[0m
[2025-07-10T15:52:24.942+0000] {docker.py:429} INFO - [2m2025-07-10T15:52:24.939553Z[0m [[32m[1minfo     [0m] [1mINFO Sending version information to singer.io. To disable sending anonymous usage data, set the config parameter "disable_collection" to true[0m [36mcmd_type[0m=[35mloader[0m [36mname[0m=[35mtarget-csv-csv[0m [36mrun_id[0m=[35meed5d502-7e77-4ed8-9f2e-8d9805507d39[0m [36mstate_id[0m=[35m2025-07-10T155221--tap-csv--target-csv-csv[0m [36mstdio[0m=[35mstderr[0m
[2025-07-10T15:52:25.801+0000] {docker.py:429} INFO - [2m2025-07-10T15:52:25.800762Z[0m [[32m[1minfo     [0m] [1m/opt/meltano/.meltano/extractors/tap-csv/venv/lib/python3.9/site-packages/singer_sdk/tap_base.py:516: SingerSDKDeprecationWarning: Passing a catalog file path is deprecated. Please pass the catalog as a dictionary or Catalog object instead.[0m [36mcmd_type[0m=[35mextractor[0m [36mname[0m=[35mtap-csv[0m [36mrun_id[0m=[35meed5d502-7e77-4ed8-9f2e-8d9805507d39[0m [36mstate_id[0m=[35m2025-07-10T155221--tap-csv--target-csv-csv[0m [36mstdio[0m=[35mstderr[0m
[2025-07-10T15:52:25.802+0000] {docker.py:429} INFO - [2m2025-07-10T15:52:25.801456Z[0m [[32m[1minfo     [0m] [1m  tap = cls(                  [0m [36mcmd_type[0m=[35mextractor[0m [36mname[0m=[35mtap-csv[0m [36mrun_id[0m=[35meed5d502-7e77-4ed8-9f2e-8d9805507d39[0m [36mstate_id[0m=[35m2025-07-10T155221--tap-csv--target-csv-csv[0m [36mstdio[0m=[35mstderr[0m
[2025-07-10T15:52:25.802+0000] {docker.py:429} INFO - [2m2025-07-10T15:52:25.801902Z[0m [[32m[1minfo     [0m] [1m                              [0m [36mcmd_type[0m=[35mextractor[0m [36mname[0m=[35mtap-csv[0m [36mrun_id[0m=[35meed5d502-7e77-4ed8-9f2e-8d9805507d39[0m [36mstate_id[0m=[35m2025-07-10T155221--tap-csv--target-csv-csv[0m [36mstdio[0m=[35mstderr[0m
[2025-07-10T15:52:25.803+0000] {docker.py:429} INFO - [2m2025-07-10T15:52:25.802481Z[0m [[32m[1minfo     [0m] [1mBeginning full_table sync of 'order_details'...[0m [36mcmd_type[0m=[35mextractor[0m [36mname[0m=[35mtap-csv[0m [36mrun_id[0m=[35meed5d502-7e77-4ed8-9f2e-8d9805507d39[0m [36mstate_id[0m=[35m2025-07-10T155221--tap-csv--target-csv-csv[0m [36mstdio[0m=[35mstderr[0m
[2025-07-10T15:52:25.803+0000] {docker.py:429} INFO - [2m2025-07-10T15:52:25.802902Z[0m [[32m[1minfo     [0m] [1mTap has custom mapper. Using 1 provided map(s).[0m [36mcmd_type[0m=[35mextractor[0m [36mname[0m=[35mtap-csv[0m [36mrun_id[0m=[35meed5d502-7e77-4ed8-9f2e-8d9805507d39[0m [36mstate_id[0m=[35m2025-07-10T155221--tap-csv--target-csv-csv[0m [36mstdio[0m=[35mstderr[0m
[2025-07-10T15:52:26.104+0000] {docker.py:429} INFO - [2m2025-07-10T15:52:26.103350Z[0m [[32m[1minfo     [0m] [1mMETRIC: {"type": "timer", "metric": "sync_duration", "value": 0.300443172454834, "tags": {"stream": "order_details", "pid": 176, "context": {}, "status": "succeeded"}}[0m [36mcmd_type[0m=[35mextractor[0m [36mname[0m=[35mtap-csv[0m [36mrun_id[0m=[35meed5d502-7e77-4ed8-9f2e-8d9805507d39[0m [36mstate_id[0m=[35m2025-07-10T155221--tap-csv--target-csv-csv[0m [36mstdio[0m=[35mstderr[0m
[2025-07-10T15:52:26.105+0000] {docker.py:429} INFO - [2m2025-07-10T15:52:26.104036Z[0m [[32m[1minfo     [0m] [1mMETRIC: {"type": "counter", "metric": "record_count", "value": 2155, "tags": {"stream": "order_details", "pid": 176, "context": {}}}[0m [36mcmd_type[0m=[35mextractor[0m [36mname[0m=[35mtap-csv[0m [36mrun_id[0m=[35meed5d502-7e77-4ed8-9f2e-8d9805507d39[0m [36mstate_id[0m=[35m2025-07-10T155221--tap-csv--target-csv-csv[0m [36mstdio[0m=[35mstderr[0m
[2025-07-10T15:52:26.316+0000] {docker.py:429} INFO - [2m2025-07-10T15:52:26.302782Z[0m [[32m[1minfo     [0m] [1mUsing systemdb state backend  [0m
[2025-07-10T15:52:26.333+0000] {docker.py:429} INFO - [2m2025-07-10T15:52:26.332555Z[0m [[32m[1minfo     [0m] [1mIncremental state has been updated at 2025-07-10 15:52:26.332492+00:00.[0m
[2025-07-10T15:52:26.335+0000] {docker.py:429} INFO - [2m2025-07-10T15:52:26.334797Z[0m [[32m[1minfo     [0m] [1mExtract & load complete!      [0m [36mname[0m=[35mmeltano[0m [36mrun_id[0m=[35meed5d502-7e77-4ed8-9f2e-8d9805507d39[0m [36mstate_id[0m=[35m2025-07-10T155221--tap-csv--target-csv-csv[0m
[2025-07-10T15:52:26.336+0000] {docker.py:429} INFO - [2m2025-07-10T15:52:26.335262Z[0m [[32m[1minfo     [0m] [1mTransformation skipped.       [0m [36mname[0m=[35mmeltano[0m [36mrun_id[0m=[35meed5d502-7e77-4ed8-9f2e-8d9805507d39[0m [36mstate_id[0m=[35m2025-07-10T155221--tap-csv--target-csv-csv[0m
[2025-07-10T15:52:28.422+0000] {taskinstance.py:1138} INFO - Marking task as SUCCESS. dag_id=northwind, task_id=extração_csv, execution_date=20250710T155114, start_date=20250710T155158, end_date=20250710T155228
[2025-07-10T15:52:28.485+0000] {local_task_job_runner.py:234} INFO - Task exited with return code 0
[2025-07-10T15:52:28.550+0000] {taskinstance.py:3280} INFO - 1 downstream tasks scheduled from follow-on schedule check
