[2025-07-01T14:24:36.629+0000] {taskinstance.py:1956} INFO - Dependencies all met for dep_context=non-requeueable deps ti=<TaskInstance: northwind.extração_postgres manual__2025-07-01T14:04:51.726046+00:00 [queued]>
[2025-07-01T14:24:36.823+0000] {taskinstance.py:1956} INFO - Dependencies all met for dep_context=requeueable deps ti=<TaskInstance: northwind.extração_postgres manual__2025-07-01T14:04:51.726046+00:00 [queued]>
[2025-07-01T14:24:36.826+0000] {taskinstance.py:2170} INFO - Starting attempt 2 of 2
[2025-07-01T14:24:37.091+0000] {taskinstance.py:2191} INFO - Executing <Task(DockerOperator): extração_postgres> on 2025-07-01 14:04:51.726046+00:00
[2025-07-01T14:24:37.186+0000] {standard_task_runner.py:60} INFO - Started process 173 to run task
[2025-07-01T14:24:37.256+0000] {standard_task_runner.py:87} INFO - Running: ['***', 'tasks', 'run', 'northwind', 'extração_postgres', 'manual__2025-07-01T14:04:51.726046+00:00', '--job-id', '6', '--raw', '--subdir', 'DAGS_FOLDER/dag.py', '--cfg-path', '/tmp/tmpq3ler_rm']
[2025-07-01T14:24:37.299+0000] {standard_task_runner.py:88} INFO - Job 6: Subtask extração_postgres
[2025-07-01T14:24:38.191+0000] {task_command.py:423} INFO - Running <TaskInstance: northwind.extração_postgres manual__2025-07-01T14:04:51.726046+00:00 [running]> on host 77dce4ddb2c8
[2025-07-01T14:24:44.658+0000] {taskinstance.py:2480} INFO - Exporting env vars: AIRFLOW_CTX_DAG_EMAIL='lrbf@cin.ufpe.br' AIRFLOW_CTX_DAG_OWNER='***' AIRFLOW_CTX_DAG_ID='northwind' AIRFLOW_CTX_TASK_ID='extração_postgres' AIRFLOW_CTX_EXECUTION_DATE='2025-07-01T14:04:51.726046+00:00' AIRFLOW_CTX_TRY_NUMBER='2' AIRFLOW_CTX_DAG_RUN_ID='manual__2025-07-01T14:04:51.726046+00:00'
[2025-07-01T14:24:49.697+0000] {docker.py:359} INFO - Starting docker container from image meltano:latest
[2025-07-01T14:24:58.539+0000] {docker.py:429} INFO - Running meltano install...
[2025-07-01T14:25:35.166+0000] {docker.py:429} INFO - [2m2025-07-01T14:25:35.154489Z[0m [[32m[1minfo     [0m] [1mInstalling 7 plugins          [0m
[2025-07-01T14:25:35.432+0000] {docker.py:429} INFO - [2m2025-07-01T14:25:35.426989Z[0m [[32m[1minfo     [0m] [1mInstalling extractor 'tap-postgres'[0m
[2025-07-01T14:25:35.825+0000] {docker.py:429} INFO - [2m2025-07-01T14:25:35.819368Z[0m [[32m[1minfo     [0m] [1mInstalling extractor 'tap-csv'[0m
[2025-07-01T14:25:36.525+0000] {docker.py:429} INFO - [2m2025-07-01T14:25:36.507968Z[0m [[32m[1minfo     [0m] [1mInstalling extractor 'tap-csv-latest'[0m
[2025-07-01T14:25:37.825+0000] {docker.py:429} INFO - [2m2025-07-01T14:25:37.807772Z[0m [[32m[1minfo     [0m] [1mInstalling loader 'target-postgres'[0m
[2025-07-01T14:25:39.099+0000] {docker.py:429} INFO - [2m2025-07-01T14:25:39.053804Z[0m [[32m[1minfo     [0m] [1mInstalling loader 'target-csv'[0m
[2025-07-01T14:25:42.253+0000] {docker.py:429} INFO - [2m2025-07-01T14:25:42.225946Z[0m [[32m[1minfo     [0m] [1mInstalling loader 'target-csv-postgres'[0m
[2025-07-01T14:25:45.112+0000] {docker.py:429} INFO - [2m2025-07-01T14:25:45.070436Z[0m [[32m[1minfo     [0m] [1mInstalling loader 'target-csv-csv'[0m
[2025-07-01T14:26:41.379+0000] {local_task_job_runner.py:121} ERROR - Received SIGTERM. Terminating subprocesses
[2025-07-01T14:26:43.807+0000] {process_utils.py:131} INFO - Sending 15 to group 173. PIDs of all processes in the group: [173]
[2025-07-01T14:26:44.090+0000] {process_utils.py:86} INFO - Sending the signal 15 to group 173
[2025-07-01T14:26:44.413+0000] {taskinstance.py:2450} ERROR - Received SIGTERM. Terminating subprocesses.
[2025-07-01T14:26:44.641+0000] {docker.py:521} INFO - Stopping docker container
