[2025-06-25T19:35:14.607+0000] {taskinstance.py:1956} INFO - Dependencies all met for dep_context=non-requeueable deps ti=<TaskInstance: northwind.gerar_config_py manual__2025-06-25T19:34:32.334444+00:00 [queued]>
[2025-06-25T19:35:14.614+0000] {taskinstance.py:1956} INFO - Dependencies all met for dep_context=requeueable deps ti=<TaskInstance: northwind.gerar_config_py manual__2025-06-25T19:34:32.334444+00:00 [queued]>
[2025-06-25T19:35:14.615+0000] {taskinstance.py:2170} INFO - Starting attempt 1 of 2
[2025-06-25T19:35:14.627+0000] {taskinstance.py:2191} INFO - Executing <Task(DockerOperator): gerar_config_py> on 2025-06-25 19:34:32.334444+00:00
[2025-06-25T19:35:14.633+0000] {standard_task_runner.py:60} INFO - Started process 186 to run task
[2025-06-25T19:35:14.636+0000] {standard_task_runner.py:87} INFO - Running: ['***', 'tasks', 'run', 'northwind', 'gerar_config_py', 'manual__2025-06-25T19:34:32.334444+00:00', '--job-id', '126', '--raw', '--subdir', 'DAGS_FOLDER/dag.py', '--cfg-path', '/tmp/tmpebd9qhpf']
[2025-06-25T19:35:14.638+0000] {standard_task_runner.py:88} INFO - Job 126: Subtask gerar_config_py
[2025-06-25T19:35:14.685+0000] {task_command.py:423} INFO - Running <TaskInstance: northwind.gerar_config_py manual__2025-06-25T19:34:32.334444+00:00 [running]> on host efd54408c28d
[2025-06-25T19:35:14.753+0000] {taskinstance.py:2480} INFO - Exporting env vars: AIRFLOW_CTX_DAG_EMAIL='lrbf@cin.ufpe.br' AIRFLOW_CTX_DAG_OWNER='***' AIRFLOW_CTX_DAG_ID='northwind' AIRFLOW_CTX_TASK_ID='gerar_config_py' AIRFLOW_CTX_EXECUTION_DATE='2025-06-25T19:34:32.334444+00:00' AIRFLOW_CTX_TRY_NUMBER='1' AIRFLOW_CTX_DAG_RUN_ID='manual__2025-06-25T19:34:32.334444+00:00'
[2025-06-25T19:35:14.801+0000] {docker.py:359} INFO - Starting docker container from image meltano:latest
[2025-06-25T19:35:15.092+0000] {docker.py:429} INFO - Running meltano install...
[2025-06-25T19:35:16.363+0000] {docker.py:429} INFO - [2m2025-06-25T19:35:16.362813Z[0m [[32m[1minfo     [0m] [1mInstalling 7 plugins          [0m
[2025-06-25T19:35:16.375+0000] {docker.py:429} INFO - [2m2025-06-25T19:35:16.375221Z[0m [[32m[1minfo     [0m] [1mInstalling extractor 'tap-postgres'[0m
[2025-06-25T19:35:16.395+0000] {docker.py:429} INFO - [2m2025-06-25T19:35:16.394837Z[0m [[32m[1minfo     [0m] [1mInstalling extractor 'tap-csv'[0m
[2025-06-25T19:35:16.420+0000] {docker.py:429} INFO - [2m2025-06-25T19:35:16.420046Z[0m [[32m[1minfo     [0m] [1mInstalling extractor 'tap-csv-latest'[0m
[2025-06-25T19:35:16.447+0000] {docker.py:429} INFO - [2m2025-06-25T19:35:16.446241Z[0m [[32m[1minfo     [0m] [1mInstalling loader 'target-postgres'[0m
[2025-06-25T19:35:16.484+0000] {docker.py:429} INFO - [2m2025-06-25T19:35:16.483222Z[0m [[32m[1minfo     [0m] [1mInstalling loader 'target-csv'[0m
[2025-06-25T19:35:16.524+0000] {docker.py:429} INFO - [2m2025-06-25T19:35:16.523997Z[0m [[32m[1minfo     [0m] [1mInstalling loader 'target-csv-postgres'[0m
[2025-06-25T19:35:16.562+0000] {docker.py:429} INFO - [2m2025-06-25T19:35:16.561603Z[0m [[32m[1minfo     [0m] [1mInstalling loader 'target-csv-csv'[0m
[2025-06-25T19:35:16.304+0000] {docker.py:429} INFO - [2m2025-06-25T19:35:16.303958Z[0m [[32m[1minfo     [0m] [1mInstalled extractor 'tap-postgres'[0m
[2025-06-25T19:35:16.528+0000] {docker.py:429} INFO - [2m2025-06-25T19:35:16.527385Z[0m [[32m[1minfo     [0m] [1mInstalled loader 'target-postgres'[0m
[2025-06-25T19:35:24.692+0000] {docker.py:429} INFO - [2m2025-06-25T19:35:24.692032Z[0m [[32m[1minfo     [0m] [1mInstalled extractor 'tap-csv' [0m
[2025-06-25T19:35:24.693+0000] {docker.py:429} INFO - [2m2025-06-25T19:35:24.692538Z[0m [[32m[1minfo     [0m] [1mInstalled extractor 'tap-csv-latest'[0m
[2025-06-25T19:35:27.110+0000] {docker.py:429} INFO - [2m2025-06-25T19:35:27.110004Z[0m [[32m[1minfo     [0m] [1mInstalled loader 'target-csv' [0m
[2025-06-25T19:35:28.484+0000] {docker.py:429} INFO - [2m2025-06-25T19:35:28.484138Z[0m [[32m[1minfo     [0m] [1mInstalled loader 'target-csv-postgres'[0m
[2025-06-25T19:35:28.879+0000] {docker.py:429} INFO - [2m2025-06-25T19:35:28.878890Z[0m [[32m[1minfo     [0m] [1mInstalled loader 'target-csv-csv'[0m
[2m2025-06-25T19:35:28.879166Z[0m [[32m[1minfo     [0m] [1mInstalled 7/7 plugins         [0m
[2025-06-25T19:35:29.807+0000] {docker.py:429} INFO - Meltano install completed. Executing command: python3 scripts/generate_csv_config.py
[2025-06-25T19:35:29.863+0000] {docker.py:429} INFO - ✔️ Configuração para tap-csv-latest gerada com sucesso em: /opt/meltano/config/tap-csv-latest.json
[2025-06-25T19:35:30.122+0000] {taskinstance.py:1138} INFO - Marking task as SUCCESS. dag_id=northwind, task_id=gerar_config_py, execution_date=20250625T193432, start_date=20250625T193514, end_date=20250625T193530
[2025-06-25T19:35:30.173+0000] {local_task_job_runner.py:234} INFO - Task exited with return code 0
[2025-06-25T19:35:30.192+0000] {taskinstance.py:3280} INFO - 1 downstream tasks scheduled from follow-on schedule check
