[2025-07-01T22:00:35.187+0000] {taskinstance.py:1956} INFO - Dependencies all met for dep_context=non-requeueable deps ti=<TaskInstance: northwind.extração_csv manual__2025-07-01T22:00:09.160190+00:00 [queued]>
[2025-07-01T22:00:35.202+0000] {taskinstance.py:1956} INFO - Dependencies all met for dep_context=requeueable deps ti=<TaskInstance: northwind.extração_csv manual__2025-07-01T22:00:09.160190+00:00 [queued]>
[2025-07-01T22:00:35.202+0000] {taskinstance.py:2170} INFO - Starting attempt 1 of 2
[2025-07-01T22:00:35.220+0000] {taskinstance.py:2191} INFO - Executing <Task(DockerOperator): extração_csv> on 2025-07-01 22:00:09.160190+00:00
[2025-07-01T22:00:35.226+0000] {standard_task_runner.py:60} INFO - Started process 184 to run task
[2025-07-01T22:00:35.232+0000] {standard_task_runner.py:87} INFO - Running: ['***', 'tasks', 'run', 'northwind', 'extração_csv', 'manual__2025-07-01T22:00:09.160190+00:00', '--job-id', '15', '--raw', '--subdir', 'DAGS_FOLDER/northwind.py', '--cfg-path', '/tmp/tmp19f4auxk']
[2025-07-01T22:00:35.234+0000] {standard_task_runner.py:88} INFO - Job 15: Subtask extração_csv
[2025-07-01T22:00:35.296+0000] {task_command.py:423} INFO - Running <TaskInstance: northwind.extração_csv manual__2025-07-01T22:00:09.160190+00:00 [running]> on host e62fc41f1c39
[2025-07-01T22:00:35.389+0000] {taskinstance.py:2480} INFO - Exporting env vars: AIRFLOW_CTX_DAG_EMAIL='lrbf@cin.ufpe.br' AIRFLOW_CTX_DAG_OWNER='***' AIRFLOW_CTX_DAG_ID='northwind' AIRFLOW_CTX_TASK_ID='extração_csv' AIRFLOW_CTX_EXECUTION_DATE='2025-07-01T22:00:09.160190+00:00' AIRFLOW_CTX_TRY_NUMBER='1' AIRFLOW_CTX_DAG_RUN_ID='manual__2025-07-01T22:00:09.160190+00:00'
[2025-07-01T22:00:35.461+0000] {docker.py:359} INFO - Starting docker container from image meltano:latest
[2025-07-01T22:00:35.954+0000] {docker.py:429} INFO - Running meltano install...
[2025-07-01T22:00:38.279+0000] {docker.py:429} INFO - [2m2025-07-01T22:00:38.278881Z[0m [[32m[1minfo     [0m] [1mInstalling 7 plugins          [0m
[2025-07-01T22:00:38.297+0000] {docker.py:429} INFO - [2m2025-07-01T22:00:38.296588Z[0m [[32m[1minfo     [0m] [1mInstalling extractor 'tap-postgres'[0m
[2025-07-01T22:00:38.322+0000] {docker.py:429} INFO - [2m2025-07-01T22:00:38.321269Z[0m [[32m[1minfo     [0m] [1mInstalling extractor 'tap-csv'[0m
[2025-07-01T22:00:38.356+0000] {docker.py:429} INFO - [2m2025-07-01T22:00:38.355531Z[0m [[32m[1minfo     [0m] [1mInstalling extractor 'tap-csv-latest'[0m
[2025-07-01T22:00:38.390+0000] {docker.py:429} INFO - [2m2025-07-01T22:00:38.389509Z[0m [[32m[1minfo     [0m] [1mInstalling loader 'target-postgres'[0m
[2025-07-01T22:00:38.436+0000] {docker.py:429} INFO - [2m2025-07-01T22:00:38.434838Z[0m [[32m[1minfo     [0m] [1mInstalling loader 'target-csv'[0m
[2025-07-01T22:00:38.527+0000] {docker.py:429} INFO - [2m2025-07-01T22:00:38.522062Z[0m [[32m[1minfo     [0m] [1mInstalling loader 'target-csv-postgres'[0m
[2025-07-01T22:00:38.598+0000] {docker.py:429} INFO - [2m2025-07-01T22:00:38.593295Z[0m [[32m[1minfo     [0m] [1mInstalling loader 'target-csv-csv'[0m
[2025-07-01T22:00:40.298+0000] {docker.py:429} INFO - [2m2025-07-01T22:00:40.296908Z[0m [[32m[1minfo     [0m] [1mInstalled extractor 'tap-postgres'[0m
[2025-07-01T22:00:40.450+0000] {docker.py:429} INFO - [2m2025-07-01T22:00:40.449193Z[0m [[32m[1minfo     [0m] [1mInstalled loader 'target-postgres'[0m
[2025-07-01T22:00:47.574+0000] {docker.py:429} INFO - [2m2025-07-01T22:00:47.571951Z[0m [[32m[1minfo     [0m] [1mInstalled extractor 'tap-csv-latest'[0m
[2025-07-01T22:00:47.906+0000] {docker.py:429} INFO - [2m2025-07-01T22:00:47.905570Z[0m [[32m[1minfo     [0m] [1mInstalled extractor 'tap-csv' [0m
[2025-07-01T22:00:48.342+0000] {docker.py:429} INFO - [2m2025-07-01T22:00:48.341289Z[0m [[32m[1minfo     [0m] [1mInstalled loader 'target-csv' [0m
[2025-07-01T22:00:48.718+0000] {docker.py:429} INFO - [2m2025-07-01T22:00:48.717434Z[0m [[32m[1minfo     [0m] [1mInstalled loader 'target-csv-csv'[0m
[2025-07-01T22:00:49.498+0000] {docker.py:429} INFO - [2m2025-07-01T22:00:49.497808Z[0m [[32m[1minfo     [0m] [1mInstalled loader 'target-csv-postgres'[0m
[2025-07-01T22:00:49.499+0000] {docker.py:429} INFO - [2m2025-07-01T22:00:49.498602Z[0m [[32m[1minfo     [0m] [1mInstalled 7/7 plugins         [0m
[2025-07-01T22:00:50.638+0000] {docker.py:429} INFO - Meltano install completed. Executing command: meltano el tap-csv target-csv-csv
[2025-07-01T22:00:52.112+0000] {docker.py:429} INFO - [2m2025-07-01T22:00:52.111996Z[0m [[32m[1minfo     [0m] [1mEnvironment 'dev' is active   [0m
[2025-07-01T22:00:52.544+0000] {docker.py:429} INFO - [2m2025-07-01T22:00:52.543187Z[0m [[32m[1minfo     [0m] [1mRunning extract & load...     [0m [36mname[0m=[35mmeltano[0m [36mrun_id[0m=[35mf9d1e1bc-61b0-4c80-9223-37139b01c29d[0m [36mstate_id[0m=[35m2025-07-01T220052--tap-csv--target-csv-csv[0m
[2025-07-01T22:00:54.347+0000] {docker.py:429} INFO - [2m2025-07-01T22:00:54.346088Z[0m [[32m[1minfo     [0m] [1mINFO Sending version information to singer.io. To disable sending anonymous usage data, set the config parameter "disable_collection" to true[0m [36mcmd_type[0m=[35mloader[0m [36mname[0m=[35mtarget-csv-csv[0m [36mrun_id[0m=[35mf9d1e1bc-61b0-4c80-9223-37139b01c29d[0m [36mstate_id[0m=[35m2025-07-01T220052--tap-csv--target-csv-csv[0m [36mstdio[0m=[35mstderr[0m
[2025-07-01T22:00:54.697+0000] {docker.py:429} INFO - [2m2025-07-01T22:00:54.696307Z[0m [[32m[1minfo     [0m] [1m/opt/meltano/.meltano/extractors/tap-csv/venv/lib/python3.9/site-packages/singer_sdk/tap_base.py:516: SingerSDKDeprecationWarning: Passing a catalog file path is deprecated. Please pass the catalog as a dictionary or Catalog object instead.[0m [36mcmd_type[0m=[35mextractor[0m [36mname[0m=[35mtap-csv[0m [36mrun_id[0m=[35mf9d1e1bc-61b0-4c80-9223-37139b01c29d[0m [36mstate_id[0m=[35m2025-07-01T220052--tap-csv--target-csv-csv[0m [36mstdio[0m=[35mstderr[0m
[2025-07-01T22:00:54.698+0000] {docker.py:429} INFO - [2m2025-07-01T22:00:54.696935Z[0m [[32m[1minfo     [0m] [1m  tap = cls(                  [0m [36mcmd_type[0m=[35mextractor[0m [36mname[0m=[35mtap-csv[0m [36mrun_id[0m=[35mf9d1e1bc-61b0-4c80-9223-37139b01c29d[0m [36mstate_id[0m=[35m2025-07-01T220052--tap-csv--target-csv-csv[0m [36mstdio[0m=[35mstderr[0m
[2025-07-01T22:00:54.698+0000] {docker.py:429} INFO - [2m2025-07-01T22:00:54.697350Z[0m [[32m[1minfo     [0m] [1m                              [0m [36mcmd_type[0m=[35mextractor[0m [36mname[0m=[35mtap-csv[0m [36mrun_id[0m=[35mf9d1e1bc-61b0-4c80-9223-37139b01c29d[0m [36mstate_id[0m=[35m2025-07-01T220052--tap-csv--target-csv-csv[0m [36mstdio[0m=[35mstderr[0m
[2025-07-01T22:00:54.698+0000] {docker.py:429} INFO - [2m2025-07-01T22:00:54.697846Z[0m [[32m[1minfo     [0m] [1mBeginning full_table sync of 'order_details'...[0m [36mcmd_type[0m=[35mextractor[0m [36mname[0m=[35mtap-csv[0m [36mrun_id[0m=[35mf9d1e1bc-61b0-4c80-9223-37139b01c29d[0m [36mstate_id[0m=[35m2025-07-01T220052--tap-csv--target-csv-csv[0m [36mstdio[0m=[35mstderr[0m
[2m2025-07-01T22:00:54.698186Z[0m [[32m[1minfo     [0m] [1mTap has custom mapper. Using 1 provided map(s).[0m [36mcmd_type[0m=[35mextractor[0m [36mname[0m=[35mtap-csv[0m [36mrun_id[0m=[35mf9d1e1bc-61b0-4c80-9223-37139b01c29d[0m [36mstate_id[0m=[35m2025-07-01T220052--tap-csv--target-csv-csv[0m [36mstdio[0m=[35mstderr[0m
[2025-07-01T22:00:54.865+0000] {docker.py:429} INFO - [2m2025-07-01T22:00:54.864416Z[0m [[32m[1minfo     [0m] [1mMETRIC: {"type": "timer", "metric": "sync_duration", "value": 0.16650629043579102, "tags": {"stream": "order_details", "pid": 176, "context": {}, "status": "succeeded"}}[0m [36mcmd_type[0m=[35mextractor[0m [36mname[0m=[35mtap-csv[0m [36mrun_id[0m=[35mf9d1e1bc-61b0-4c80-9223-37139b01c29d[0m [36mstate_id[0m=[35m2025-07-01T220052--tap-csv--target-csv-csv[0m [36mstdio[0m=[35mstderr[0m
[2025-07-01T22:00:54.865+0000] {docker.py:429} INFO - [2m2025-07-01T22:00:54.864866Z[0m [[32m[1minfo     [0m] [1mMETRIC: {"type": "counter", "metric": "record_count", "value": 2155, "tags": {"stream": "order_details", "pid": 176, "context": {}}}[0m [36mcmd_type[0m=[35mextractor[0m [36mname[0m=[35mtap-csv[0m [36mrun_id[0m=[35mf9d1e1bc-61b0-4c80-9223-37139b01c29d[0m [36mstate_id[0m=[35m2025-07-01T220052--tap-csv--target-csv-csv[0m [36mstdio[0m=[35mstderr[0m
[2025-07-01T22:00:55.001+0000] {docker.py:429} INFO - [2m2025-07-01T22:00:55.001111Z[0m [[32m[1minfo     [0m] [1mUsing systemdb state backend  [0m
[2025-07-01T22:00:55.015+0000] {docker.py:429} INFO - [2m2025-07-01T22:00:55.015134Z[0m [[32m[1minfo     [0m] [1mIncremental state has been updated at 2025-07-01 22:00:55.015079+00:00.[0m
[2025-07-01T22:00:55.017+0000] {docker.py:429} INFO - [2m2025-07-01T22:00:55.016814Z[0m [[32m[1minfo     [0m] [1mExtract & load complete!      [0m [36mname[0m=[35mmeltano[0m [36mrun_id[0m=[35mf9d1e1bc-61b0-4c80-9223-37139b01c29d[0m [36mstate_id[0m=[35m2025-07-01T220052--tap-csv--target-csv-csv[0m
[2025-07-01T22:00:55.017+0000] {docker.py:429} INFO - [2m2025-07-01T22:00:55.017158Z[0m [[32m[1minfo     [0m] [1mTransformation skipped.       [0m [36mname[0m=[35mmeltano[0m [36mrun_id[0m=[35mf9d1e1bc-61b0-4c80-9223-37139b01c29d[0m [36mstate_id[0m=[35m2025-07-01T220052--tap-csv--target-csv-csv[0m
[2025-07-01T22:00:56.272+0000] {taskinstance.py:1138} INFO - Marking task as SUCCESS. dag_id=northwind, task_id=extração_csv, execution_date=20250701T220009, start_date=20250701T220035, end_date=20250701T220056
[2025-07-01T22:00:56.314+0000] {local_task_job_runner.py:234} INFO - Task exited with return code 0
[2025-07-01T22:00:56.369+0000] {taskinstance.py:3280} INFO - 1 downstream tasks scheduled from follow-on schedule check
