[2025-07-01T21:26:28.140+0000] {taskinstance.py:1956} INFO - Dependencies all met for dep_context=non-requeueable deps ti=<TaskInstance: northwind.gerar_config_csv_dinamica manual__2025-07-01T21:25:48.128596+00:00 [queued]>
[2025-07-01T21:26:28.148+0000] {taskinstance.py:1956} INFO - Dependencies all met for dep_context=requeueable deps ti=<TaskInstance: northwind.gerar_config_csv_dinamica manual__2025-07-01T21:25:48.128596+00:00 [queued]>
[2025-07-01T21:26:28.148+0000] {taskinstance.py:2170} INFO - Starting attempt 1 of 2
[2025-07-01T21:26:28.160+0000] {taskinstance.py:2191} INFO - Executing <Task(DockerOperator): gerar_config_csv_dinamica> on 2025-07-01 21:25:48.128596+00:00
[2025-07-01T21:26:28.164+0000] {standard_task_runner.py:60} INFO - Started process 184 to run task
[2025-07-01T21:26:28.166+0000] {standard_task_runner.py:87} INFO - Running: ['***', 'tasks', 'run', 'northwind', 'gerar_config_csv_dinamica', 'manual__2025-07-01T21:25:48.128596+00:00', '--job-id', '15', '--raw', '--subdir', 'DAGS_FOLDER/northwind.py', '--cfg-path', '/tmp/tmpob3kpsti']
[2025-07-01T21:26:28.168+0000] {standard_task_runner.py:88} INFO - Job 15: Subtask gerar_config_csv_dinamica
[2025-07-01T21:26:28.209+0000] {task_command.py:423} INFO - Running <TaskInstance: northwind.gerar_config_csv_dinamica manual__2025-07-01T21:25:48.128596+00:00 [running]> on host 018d2949d085
[2025-07-01T21:26:28.276+0000] {taskinstance.py:2480} INFO - Exporting env vars: AIRFLOW_CTX_DAG_EMAIL='lrbf@cin.ufpe.br' AIRFLOW_CTX_DAG_OWNER='***' AIRFLOW_CTX_DAG_ID='northwind' AIRFLOW_CTX_TASK_ID='gerar_config_csv_dinamica' AIRFLOW_CTX_EXECUTION_DATE='2025-07-01T21:25:48.128596+00:00' AIRFLOW_CTX_TRY_NUMBER='1' AIRFLOW_CTX_DAG_RUN_ID='manual__2025-07-01T21:25:48.128596+00:00'
[2025-07-01T21:26:28.324+0000] {docker.py:359} INFO - Starting docker container from image meltano:latest
[2025-07-01T21:26:28.593+0000] {docker.py:429} INFO - Running meltano install...
[2025-07-01T21:26:29.715+0000] {docker.py:429} INFO - [2m2025-07-01T21:26:29.714442Z[0m [[32m[1minfo     [0m] [1mInstalling 7 plugins          [0m
[2025-07-01T21:26:29.725+0000] {docker.py:429} INFO - [2m2025-07-01T21:26:29.724840Z[0m [[32m[1minfo     [0m] [1mInstalling extractor 'tap-postgres'[0m
[2025-07-01T21:26:29.740+0000] {docker.py:429} INFO - [2m2025-07-01T21:26:29.739891Z[0m [[32m[1minfo     [0m] [1mInstalling extractor 'tap-csv'[0m
[2025-07-01T21:26:29.765+0000] {docker.py:429} INFO - [2m2025-07-01T21:26:29.764096Z[0m [[32m[1minfo     [0m] [1mInstalling extractor 'tap-csv-latest'[0m
[2025-07-01T21:26:29.791+0000] {docker.py:429} INFO - [2m2025-07-01T21:26:29.790405Z[0m [[32m[1minfo     [0m] [1mInstalling loader 'target-postgres'[0m
[2025-07-01T21:26:29.822+0000] {docker.py:429} INFO - [2m2025-07-01T21:26:29.821606Z[0m [[32m[1minfo     [0m] [1mInstalling loader 'target-csv'[0m
[2025-07-01T21:26:29.855+0000] {docker.py:429} INFO - [2m2025-07-01T21:26:29.854814Z[0m [[32m[1minfo     [0m] [1mInstalling loader 'target-csv-postgres'[0m
[2025-07-01T21:26:29.889+0000] {docker.py:429} INFO - [2m2025-07-01T21:26:29.888548Z[0m [[32m[1minfo     [0m] [1mInstalling loader 'target-csv-csv'[0m
[2025-07-01T21:26:31.002+0000] {docker.py:429} INFO - [2m2025-07-01T21:26:31.000896Z[0m [[32m[1minfo     [0m] [1mInstalled extractor 'tap-postgres'[0m
[2025-07-01T21:26:31.060+0000] {docker.py:429} INFO - [2m2025-07-01T21:26:31.059747Z[0m [[32m[1minfo     [0m] [1mInstalled loader 'target-postgres'[0m
[2025-07-01T21:26:35.970+0000] {docker.py:429} INFO - [2m2025-07-01T21:26:35.969764Z[0m [[32m[1minfo     [0m] [1mInstalled extractor 'tap-csv-latest'[0m
[2025-07-01T21:26:36.478+0000] {docker.py:429} INFO - [2m2025-07-01T21:26:36.478176Z[0m [[32m[1minfo     [0m] [1mInstalled extractor 'tap-csv' [0m
[2025-07-01T21:26:36.817+0000] {docker.py:429} INFO - [2m2025-07-01T21:26:36.816406Z[0m [[32m[1minfo     [0m] [1mInstalled loader 'target-csv-postgres'[0m
[2025-07-01T21:26:36.911+0000] {docker.py:429} INFO - [2m2025-07-01T21:26:36.911025Z[0m [[32m[1minfo     [0m] [1mInstalled loader 'target-csv-csv'[0m
[2025-07-01T21:26:37.196+0000] {docker.py:429} INFO - [2m2025-07-01T21:26:37.195349Z[0m [[32m[1minfo     [0m] [1mInstalled loader 'target-csv' [0m
[2025-07-01T21:26:37.196+0000] {docker.py:429} INFO - [2m2025-07-01T21:26:37.195651Z[0m [[32m[1minfo     [0m] [1mInstalled 7/7 plugins         [0m
[2025-07-01T21:26:38.040+0000] {docker.py:429} INFO - Meltano install completed. Executing command: python /opt/meltano/scripts/generate_csv_config.py
[2025-07-01T21:26:38.081+0000] {docker.py:429} INFO - {"files": [{"entity": "order_details", "path": "/opt/output_data/csv/order_details/2025-07-01/file.csv", "keys": ["order_id", "product_id"], "delimiter": ",", "encoding": "utf-8"}, {"entity": "public-categories", "path": "/opt/output_data/postgres/public-categories/2025-07-01/file.csv", "keys": ["category_id"], "delimiter": ",", "encoding": "utf-8"}, {"entity": "public-products", "path": "/opt/output_data/postgres/public-products/2025-07-01/file.csv", "keys": ["product_id"], "delimiter": ",", "encoding": "utf-8"}, {"entity": "public-suppliers", "path": "/opt/output_data/postgres/public-suppliers/2025-07-01/file.csv", "keys": ["supplier_id"], "delimiter": ",", "encoding": "utf-8"}, {"entity": "public-orders", "path": "/opt/output_data/postgres/public-orders/2025-07-01/file.csv", "keys": ["order_id"], "delimiter": ",", "encoding": "utf-8"}, {"entity": "public-customers", "path": "/opt/output_data/postgres/public-customers/2025-07-01/file.csv", "keys": ["customer_id"], "delimiter": ",", "encoding": "utf-8"}, {"entity": "public-employees", "path": "/opt/output_data/postgres/public-employees/2025-07-01/file.csv", "keys": ["employee_id"], "delimiter": ",", "encoding": "utf-8"}, {"entity": "public-employee_territories", "path": "/opt/output_data/postgres/public-employee_territories/2025-07-01/file.csv", "keys": ["employee_id", "territory_id"], "delimiter": ",", "encoding": "utf-8"}, {"entity": "public-territories", "path": "/opt/output_data/postgres/public-territories/2025-07-01/file.csv", "keys": ["territory_id"], "delimiter": ",", "encoding": "utf-8"}, {"entity": "public-region", "path": "/opt/output_data/postgres/public-region/2025-07-01/file.csv", "keys": ["region_id"], "delimiter": ",", "encoding": "utf-8"}, {"entity": "public-shippers", "path": "/opt/output_data/postgres/public-shippers/2025-07-01/file.csv", "keys": ["shipper_id"], "delimiter": ",", "encoding": "utf-8"}, {"entity": "public-us_states", "path": "/opt/output_data/postgres/public-us_states/2025-07-01/file.csv", "keys": ["state_id"], "delimiter": ",", "encoding": "utf-8"}]}
[2025-07-01T21:26:38.311+0000] {taskinstance.py:1138} INFO - Marking task as SUCCESS. dag_id=northwind, task_id=gerar_config_csv_dinamica, execution_date=20250701T212548, start_date=20250701T212628, end_date=20250701T212638
[2025-07-01T21:26:38.337+0000] {local_task_job_runner.py:234} INFO - Task exited with return code 0
[2025-07-01T21:26:38.354+0000] {taskinstance.py:3280} INFO - 1 downstream tasks scheduled from follow-on schedule check
