[2025-07-01T12:24:17.032+0000] {taskinstance.py:1956} INFO - Dependencies all met for dep_context=non-requeueable deps ti=<TaskInstance: northwind.extração_csv manual__2025-07-01T12:23:51.035112+00:00 [queued]>
[2025-07-01T12:24:17.042+0000] {taskinstance.py:1956} INFO - Dependencies all met for dep_context=requeueable deps ti=<TaskInstance: northwind.extração_csv manual__2025-07-01T12:23:51.035112+00:00 [queued]>
[2025-07-01T12:24:17.042+0000] {taskinstance.py:2170} INFO - Starting attempt 1 of 2
[2025-07-01T12:24:17.059+0000] {taskinstance.py:2191} INFO - Executing <Task(DockerOperator): extração_csv> on 2025-07-01 12:23:51.035112+00:00
[2025-07-01T12:24:17.063+0000] {standard_task_runner.py:60} INFO - Started process 182 to run task
[2025-07-01T12:24:17.066+0000] {standard_task_runner.py:87} INFO - Running: ['***', 'tasks', 'run', 'northwind', 'extração_csv', 'manual__2025-07-01T12:23:51.035112+00:00', '--job-id', '23', '--raw', '--subdir', 'DAGS_FOLDER/dag.py', '--cfg-path', '/tmp/tmpgyj0s48r']
[2025-07-01T12:24:17.068+0000] {standard_task_runner.py:88} INFO - Job 23: Subtask extração_csv
[2025-07-01T12:24:17.113+0000] {task_command.py:423} INFO - Running <TaskInstance: northwind.extração_csv manual__2025-07-01T12:23:51.035112+00:00 [running]> on host 9dc97b55674e
[2025-07-01T12:24:17.186+0000] {taskinstance.py:2480} INFO - Exporting env vars: AIRFLOW_CTX_DAG_EMAIL='lrbf@cin.ufpe.br' AIRFLOW_CTX_DAG_OWNER='***' AIRFLOW_CTX_DAG_ID='northwind' AIRFLOW_CTX_TASK_ID='extração_csv' AIRFLOW_CTX_EXECUTION_DATE='2025-07-01T12:23:51.035112+00:00' AIRFLOW_CTX_TRY_NUMBER='1' AIRFLOW_CTX_DAG_RUN_ID='manual__2025-07-01T12:23:51.035112+00:00'
[2025-07-01T12:24:17.260+0000] {docker.py:359} INFO - Starting docker container from image meltano:latest
[2025-07-01T12:24:17.544+0000] {docker.py:429} INFO - Running meltano install...
[2025-07-01T12:24:18.812+0000] {docker.py:429} INFO - [2m2025-07-01T12:24:18.810854Z[0m [[32m[1minfo     [0m] [1mInstalling 7 plugins          [0m
[2025-07-01T12:24:18.823+0000] {docker.py:429} INFO - [2m2025-07-01T12:24:18.822895Z[0m [[32m[1minfo     [0m] [1mInstalling extractor 'tap-postgres'[0m
[2025-07-01T12:24:18.841+0000] {docker.py:429} INFO - [2m2025-07-01T12:24:18.841023Z[0m [[32m[1minfo     [0m] [1mInstalling extractor 'tap-csv'[0m
[2025-07-01T12:24:18.860+0000] {docker.py:429} INFO - [2m2025-07-01T12:24:18.859884Z[0m [[32m[1minfo     [0m] [1mInstalling extractor 'tap-csv-latest'[0m
[2025-07-01T12:24:18.882+0000] {docker.py:429} INFO - [2m2025-07-01T12:24:18.881105Z[0m [[32m[1minfo     [0m] [1mInstalling loader 'target-postgres'[0m
[2025-07-01T12:24:18.913+0000] {docker.py:429} INFO - [2m2025-07-01T12:24:18.912876Z[0m [[32m[1minfo     [0m] [1mInstalling loader 'target-csv'[0m
[2025-07-01T12:24:18.943+0000] {docker.py:429} INFO - [2m2025-07-01T12:24:18.942525Z[0m [[32m[1minfo     [0m] [1mInstalling loader 'target-csv-postgres'[0m
[2025-07-01T12:24:26.118+0000] {docker.py:429} INFO - [2m2025-07-01T12:24:26.117424Z[0m [[32m[1minfo     [0m] [1mInstalling loader 'target-csv-csv'[0m
[2025-07-01T12:24:20.048+0000] {docker.py:429} INFO - [2m2025-07-01T12:24:20.047767Z[0m [[32m[1minfo     [0m] [1mInstalled extractor 'tap-postgres'[0m
[2025-07-01T12:24:20.110+0000] {docker.py:429} INFO - [2m2025-07-01T12:24:20.109244Z[0m [[32m[1minfo     [0m] [1mInstalled loader 'target-postgres'[0m
[2025-07-01T12:24:24.746+0000] {docker.py:429} INFO - [2m2025-07-01T12:24:24.745557Z[0m [[32m[1minfo     [0m] [1mInstalled extractor 'tap-csv-latest'[0m
[2025-07-01T12:24:24.809+0000] {docker.py:429} INFO - [2m2025-07-01T12:24:24.809266Z[0m [[32m[1minfo     [0m] [1mInstalled extractor 'tap-csv' [0m
[2025-07-01T12:24:25.031+0000] {docker.py:429} INFO - [2m2025-07-01T12:24:25.030316Z[0m [[32m[1minfo     [0m] [1mInstalled loader 'target-csv' [0m
[2025-07-01T12:24:25.079+0000] {docker.py:429} INFO - [2m2025-07-01T12:24:25.078965Z[0m [[32m[1minfo     [0m] [1mInstalled loader 'target-csv-csv'[0m
[2025-07-01T12:24:25.874+0000] {docker.py:429} INFO - [2m2025-07-01T12:24:25.873241Z[0m [[32m[1minfo     [0m] [1mInstalled loader 'target-csv-postgres'[0m
[2m2025-07-01T12:24:25.873528Z[0m [[32m[1minfo     [0m] [1mInstalled 7/7 plugins         [0m
[2025-07-01T12:24:26.722+0000] {docker.py:429} INFO - Meltano install completed. Executing command: meltano el tap-csv target-csv-csv
[2025-07-01T12:24:27.792+0000] {docker.py:429} INFO - [2m2025-07-01T12:24:27.792107Z[0m [[32m[1minfo     [0m] [1mEnvironment 'dev' is active   [0m
[2025-07-01T12:24:28.128+0000] {docker.py:429} INFO - [2m2025-07-01T12:24:28.127258Z[0m [[32m[1minfo     [0m] [1mRunning extract & load...     [0m [36mname[0m=[35mmeltano[0m [36mrun_id[0m=[35m894eaf31-2261-4572-9a25-a101eb8cb147[0m [36mstate_id[0m=[35m2025-07-01T122427--tap-csv--target-csv-csv[0m
[2025-07-01T12:24:28.912+0000] {docker.py:429} INFO - [2m2025-07-01T12:24:28.911778Z[0m [[32m[1minfo     [0m] [1mINFO Sending version information to singer.io. To disable sending anonymous usage data, set the config parameter "disable_collection" to true[0m [36mcmd_type[0m=[35mloader[0m [36mname[0m=[35mtarget-csv-csv[0m [36mrun_id[0m=[35m894eaf31-2261-4572-9a25-a101eb8cb147[0m [36mstate_id[0m=[35m2025-07-01T122427--tap-csv--target-csv-csv[0m [36mstdio[0m=[35mstderr[0m
[2025-07-01T12:24:29.122+0000] {docker.py:429} INFO - [2m2025-07-01T12:24:29.121443Z[0m [[32m[1minfo     [0m] [1m/opt/meltano/.meltano/extractors/tap-csv/venv/lib/python3.9/site-packages/singer_sdk/tap_base.py:516: SingerSDKDeprecationWarning: Passing a catalog file path is deprecated. Please pass the catalog as a dictionary or Catalog object instead.[0m [36mcmd_type[0m=[35mextractor[0m [36mname[0m=[35mtap-csv[0m [36mrun_id[0m=[35m894eaf31-2261-4572-9a25-a101eb8cb147[0m [36mstate_id[0m=[35m2025-07-01T122427--tap-csv--target-csv-csv[0m [36mstdio[0m=[35mstderr[0m
[2m2025-07-01T12:24:29.121804Z[0m [[32m[1minfo     [0m] [1m  tap = cls(                  [0m [36mcmd_type[0m=[35mextractor[0m [36mname[0m=[35mtap-csv[0m [36mrun_id[0m=[35m894eaf31-2261-4572-9a25-a101eb8cb147[0m [36mstate_id[0m=[35m2025-07-01T122427--tap-csv--target-csv-csv[0m [36mstdio[0m=[35mstderr[0m
[2025-07-01T12:24:29.122+0000] {docker.py:429} INFO - [2m2025-07-01T12:24:29.122002Z[0m [[32m[1minfo     [0m] [1m                              [0m [36mcmd_type[0m=[35mextractor[0m [36mname[0m=[35mtap-csv[0m [36mrun_id[0m=[35m894eaf31-2261-4572-9a25-a101eb8cb147[0m [36mstate_id[0m=[35m2025-07-01T122427--tap-csv--target-csv-csv[0m [36mstdio[0m=[35mstderr[0m
[2025-07-01T12:24:29.123+0000] {docker.py:429} INFO - [2m2025-07-01T12:24:29.122363Z[0m [[32m[1minfo     [0m] [1mBeginning full_table sync of 'order_details'...[0m [36mcmd_type[0m=[35mextractor[0m [36mname[0m=[35mtap-csv[0m [36mrun_id[0m=[35m894eaf31-2261-4572-9a25-a101eb8cb147[0m [36mstate_id[0m=[35m2025-07-01T122427--tap-csv--target-csv-csv[0m [36mstdio[0m=[35mstderr[0m
[2025-07-01T12:24:29.123+0000] {docker.py:429} INFO - [2m2025-07-01T12:24:29.122604Z[0m [[32m[1minfo     [0m] [1mTap has custom mapper. Using 1 provided map(s).[0m [36mcmd_type[0m=[35mextractor[0m [36mname[0m=[35mtap-csv[0m [36mrun_id[0m=[35m894eaf31-2261-4572-9a25-a101eb8cb147[0m [36mstate_id[0m=[35m2025-07-01T122427--tap-csv--target-csv-csv[0m [36mstdio[0m=[35mstderr[0m
[2025-07-01T12:24:29.233+0000] {docker.py:429} INFO - [2m2025-07-01T12:24:29.233026Z[0m [[32m[1minfo     [0m] [1mMETRIC: {"type": "timer", "metric": "sync_duration", "value": 0.11037850379943848, "tags": {"stream": "order_details", "pid": 176, "context": {}, "status": "succeeded"}}[0m [36mcmd_type[0m=[35mextractor[0m [36mname[0m=[35mtap-csv[0m [36mrun_id[0m=[35m894eaf31-2261-4572-9a25-a101eb8cb147[0m [36mstate_id[0m=[35m2025-07-01T122427--tap-csv--target-csv-csv[0m [36mstdio[0m=[35mstderr[0m
[2025-07-01T12:24:29.234+0000] {docker.py:429} INFO - [2m2025-07-01T12:24:29.233641Z[0m [[32m[1minfo     [0m] [1mMETRIC: {"type": "counter", "metric": "record_count", "value": 2155, "tags": {"stream": "order_details", "pid": 176, "context": {}}}[0m [36mcmd_type[0m=[35mextractor[0m [36mname[0m=[35mtap-csv[0m [36mrun_id[0m=[35m894eaf31-2261-4572-9a25-a101eb8cb147[0m [36mstate_id[0m=[35m2025-07-01T122427--tap-csv--target-csv-csv[0m [36mstdio[0m=[35mstderr[0m
[2025-07-01T12:24:29.322+0000] {docker.py:429} INFO - [2m2025-07-01T12:24:29.321305Z[0m [[32m[1minfo     [0m] [1mUsing systemdb state backend  [0m
[2025-07-01T12:24:29.331+0000] {docker.py:429} INFO - [2m2025-07-01T12:24:29.331120Z[0m [[32m[1minfo     [0m] [1mIncremental state has been updated at 2025-07-01 12:24:29.331083+00:00.[0m
[2025-07-01T12:24:29.332+0000] {docker.py:429} INFO - [2m2025-07-01T12:24:29.332189Z[0m [[32m[1minfo     [0m] [1mExtract & load complete!      [0m [36mname[0m=[35mmeltano[0m [36mrun_id[0m=[35m894eaf31-2261-4572-9a25-a101eb8cb147[0m [36mstate_id[0m=[35m2025-07-01T122427--tap-csv--target-csv-csv[0m
[2025-07-01T12:24:29.332+0000] {docker.py:429} INFO - [2m2025-07-01T12:24:29.332427Z[0m [[32m[1minfo     [0m] [1mTransformation skipped.       [0m [36mname[0m=[35mmeltano[0m [36mrun_id[0m=[35m894eaf31-2261-4572-9a25-a101eb8cb147[0m [36mstate_id[0m=[35m2025-07-01T122427--tap-csv--target-csv-csv[0m
[2025-07-01T12:24:30.454+0000] {taskinstance.py:1138} INFO - Marking task as SUCCESS. dag_id=northwind, task_id=extração_csv, execution_date=20250701T122351, start_date=20250701T122417, end_date=20250701T122430
[2025-07-01T12:24:30.507+0000] {local_task_job_runner.py:234} INFO - Task exited with return code 0
[2025-07-01T12:24:30.533+0000] {taskinstance.py:3280} INFO - 1 downstream tasks scheduled from follow-on schedule check
