[2025-06-25T21:16:14.905+0000] {taskinstance.py:1956} INFO - Dependencies all met for dep_context=non-requeueable deps ti=<TaskInstance: northwind.extração_postgres manual__2025-06-25T21:11:10.445750+00:00 [queued]>
[2025-06-25T21:16:14.913+0000] {taskinstance.py:1956} INFO - Dependencies all met for dep_context=requeueable deps ti=<TaskInstance: northwind.extração_postgres manual__2025-06-25T21:11:10.445750+00:00 [queued]>
[2025-06-25T21:16:14.913+0000] {taskinstance.py:2170} INFO - Starting attempt 2 of 2
[2025-06-25T21:16:14.926+0000] {taskinstance.py:2191} INFO - Executing <Task(DockerOperator): extração_postgres> on 2025-06-25 21:11:10.445750+00:00
[2025-06-25T21:16:14.932+0000] {standard_task_runner.py:60} INFO - Started process 250 to run task
[2025-06-25T21:16:14.947+0000] {standard_task_runner.py:87} INFO - Running: ['***', 'tasks', 'run', 'northwind', 'extração_postgres', 'manual__2025-06-25T21:11:10.445750+00:00', '--job-id', '194', '--raw', '--subdir', 'DAGS_FOLDER/dag.py', '--cfg-path', '/tmp/tmpz1fzoyf9']
[2025-06-25T21:16:14.952+0000] {standard_task_runner.py:88} INFO - Job 194: Subtask extração_postgres
[2025-06-25T21:16:15.275+0000] {task_command.py:423} INFO - Running <TaskInstance: northwind.extração_postgres manual__2025-06-25T21:11:10.445750+00:00 [running]> on host 6afc1f3750fb
[2025-06-25T21:16:15.616+0000] {taskinstance.py:2480} INFO - Exporting env vars: AIRFLOW_CTX_DAG_EMAIL='lrbf@cin.ufpe.br' AIRFLOW_CTX_DAG_OWNER='***' AIRFLOW_CTX_DAG_ID='northwind' AIRFLOW_CTX_TASK_ID='extração_postgres' AIRFLOW_CTX_EXECUTION_DATE='2025-06-25T21:11:10.445750+00:00' AIRFLOW_CTX_TRY_NUMBER='2' AIRFLOW_CTX_DAG_RUN_ID='manual__2025-06-25T21:11:10.445750+00:00'
[2025-06-25T21:16:15.850+0000] {docker.py:359} INFO - Starting docker container from image meltano:latest
[2025-06-25T21:16:15.900+0000] {docker.py:367} WARNING - Using remote engine or docker-in-docker and mounting temporary volume from host is not supported. Falling back to `mount_tmp_dir=False` mode. You can set `mount_tmp_dir` parameter to False to disable mounting and remove the warning
[2025-06-25T21:16:19.210+0000] {docker.py:429} INFO - Running meltano install...
[2025-06-25T21:16:24.673+0000] {docker.py:429} INFO - [2m2025-06-25T21:16:24.672147Z[0m [[32m[1minfo     [0m] [1mInstalling 7 plugins          [0m
[2025-06-25T21:16:24.683+0000] {docker.py:429} INFO - [2m2025-06-25T21:16:24.682699Z[0m [[32m[1minfo     [0m] [1mInstalling extractor 'tap-postgres'[0m
[2025-06-25T21:16:24.701+0000] {docker.py:429} INFO - [2m2025-06-25T21:16:24.700249Z[0m [[32m[1minfo     [0m] [1mInstalling extractor 'tap-csv'[0m
[2025-06-25T21:16:24.715+0000] {docker.py:429} INFO - [2m2025-06-25T21:16:24.715300Z[0m [[32m[1minfo     [0m] [1mInstalling extractor 'tap-csv-latest'[0m
[2025-06-25T21:16:24.735+0000] {docker.py:429} INFO - [2m2025-06-25T21:16:24.734704Z[0m [[32m[1minfo     [0m] [1mInstalling loader 'target-postgres'[0m
[2025-06-25T21:16:24.762+0000] {docker.py:429} INFO - [2m2025-06-25T21:16:24.761692Z[0m [[32m[1minfo     [0m] [1mInstalling loader 'target-csv'[0m
[2025-06-25T21:16:24.791+0000] {docker.py:429} INFO - [2m2025-06-25T21:16:24.783008Z[0m [[32m[1minfo     [0m] [1mInstalling loader 'target-csv-postgres'[0m
[2025-06-25T21:16:24.808+0000] {docker.py:429} INFO - [2m2025-06-25T21:16:24.806145Z[0m [[32m[1minfo     [0m] [1mInstalling loader 'target-csv-csv'[0m
[2025-06-25T21:16:36.432+0000] {local_task_job_runner.py:121} ERROR - Received SIGTERM. Terminating subprocesses
[2025-06-25T21:16:36.506+0000] {process_utils.py:131} INFO - Sending 15 to group 250. PIDs of all processes in the group: [250]
[2025-06-25T21:16:36.519+0000] {process_utils.py:86} INFO - Sending the signal 15 to group 250
[2025-06-25T21:16:36.525+0000] {taskinstance.py:2450} ERROR - Received SIGTERM. Terminating subprocesses.
[2025-06-25T21:16:36.592+0000] {docker.py:521} INFO - Stopping docker container
[2025-06-25T21:16:40.941+0000] {local_task_job_runner.py:121} ERROR - Received SIGTERM. Terminating subprocesses
[2025-06-25T21:16:40.942+0000] {process_utils.py:131} INFO - Sending 15 to group 250. PIDs of all processes in the group: [250]
[2025-06-25T21:16:40.942+0000] {process_utils.py:86} INFO - Sending the signal 15 to group 250
[2025-06-25T21:16:40.943+0000] {taskinstance.py:2450} ERROR - Received SIGTERM. Terminating subprocesses.
