[2025-07-10T13:07:18.708+0000] {taskinstance.py:1956} INFO - Dependencies all met for dep_context=non-requeueable deps ti=<TaskInstance: northwind.gerar_config_csv_dinamica manual__2025-07-10T13:06:47.250715+00:00 [queued]>
[2025-07-10T13:07:18.718+0000] {taskinstance.py:1956} INFO - Dependencies all met for dep_context=requeueable deps ti=<TaskInstance: northwind.gerar_config_csv_dinamica manual__2025-07-10T13:06:47.250715+00:00 [queued]>
[2025-07-10T13:07:18.718+0000] {taskinstance.py:2170} INFO - Starting attempt 1 of 2
[2025-07-10T13:07:18.730+0000] {taskinstance.py:2191} INFO - Executing <Task(DockerOperator): gerar_config_csv_dinamica> on 2025-07-10 13:06:47.250715+00:00
[2025-07-10T13:07:18.736+0000] {standard_task_runner.py:60} INFO - Started process 186 to run task
[2025-07-10T13:07:18.739+0000] {standard_task_runner.py:87} INFO - Running: ['***', 'tasks', 'run', 'northwind', 'gerar_config_csv_dinamica', 'manual__2025-07-10T13:06:47.250715+00:00', '--job-id', '45', '--raw', '--subdir', 'DAGS_FOLDER/northwind.py', '--cfg-path', '/tmp/tmprunb8jza']
[2025-07-10T13:07:18.741+0000] {standard_task_runner.py:88} INFO - Job 45: Subtask gerar_config_csv_dinamica
[2025-07-10T13:07:18.787+0000] {task_command.py:423} INFO - Running <TaskInstance: northwind.gerar_config_csv_dinamica manual__2025-07-10T13:06:47.250715+00:00 [running]> on host 2356ee87eef9
[2025-07-10T13:07:18.865+0000] {taskinstance.py:2480} INFO - Exporting env vars: AIRFLOW_CTX_DAG_EMAIL='lrbf@cin.ufpe.br' AIRFLOW_CTX_DAG_OWNER='***' AIRFLOW_CTX_DAG_ID='northwind' AIRFLOW_CTX_TASK_ID='gerar_config_csv_dinamica' AIRFLOW_CTX_EXECUTION_DATE='2025-07-10T13:06:47.250715+00:00' AIRFLOW_CTX_TRY_NUMBER='1' AIRFLOW_CTX_DAG_RUN_ID='manual__2025-07-10T13:06:47.250715+00:00'
[2025-07-10T13:07:18.926+0000] {docker.py:359} INFO - Starting docker container from image meltano:latest
[2025-07-10T13:07:19.216+0000] {docker.py:429} INFO - Running meltano install...
[2025-07-10T13:07:20.543+0000] {docker.py:429} INFO - [2m2025-07-10T13:07:20.542189Z[0m [[32m[1minfo     [0m] [1mInstalling 7 plugins          [0m
[2025-07-10T13:07:20.554+0000] {docker.py:429} INFO - [2m2025-07-10T13:07:20.554095Z[0m [[32m[1minfo     [0m] [1mInstalling extractor 'tap-postgres'[0m
[2025-07-10T13:07:20.573+0000] {docker.py:429} INFO - [2m2025-07-10T13:07:20.572983Z[0m [[32m[1minfo     [0m] [1mInstalling extractor 'tap-csv'[0m
[2025-07-10T13:07:20.596+0000] {docker.py:429} INFO - [2m2025-07-10T13:07:20.595253Z[0m [[32m[1minfo     [0m] [1mInstalling extractor 'tap-csv-latest'[0m
[2025-07-10T13:07:20.628+0000] {docker.py:429} INFO - [2m2025-07-10T13:07:20.627793Z[0m [[32m[1minfo     [0m] [1mInstalling loader 'target-postgres'[0m
[2025-07-10T13:07:20.674+0000] {docker.py:429} INFO - [2m2025-07-10T13:07:20.673714Z[0m [[32m[1minfo     [0m] [1mInstalling loader 'target-csv'[0m
[2025-07-10T13:07:20.726+0000] {docker.py:429} INFO - [2m2025-07-10T13:07:20.725719Z[0m [[32m[1minfo     [0m] [1mInstalling loader 'target-csv-postgres'[0m
[2025-07-10T13:07:20.778+0000] {docker.py:429} INFO - [2m2025-07-10T13:07:20.776362Z[0m [[32m[1minfo     [0m] [1mInstalling loader 'target-csv-csv'[0m
[2025-07-10T13:07:22.216+0000] {docker.py:429} INFO - [2m2025-07-10T13:07:22.215417Z[0m [[32m[1minfo     [0m] [1mInstalled extractor 'tap-postgres'[0m
[2025-07-10T13:07:22.282+0000] {docker.py:429} INFO - [2m2025-07-10T13:07:22.281620Z[0m [[32m[1minfo     [0m] [1mInstalled loader 'target-postgres'[0m
[2025-07-10T13:07:26.818+0000] {docker.py:429} INFO - [2m2025-07-10T13:07:26.817778Z[0m [[32m[1minfo     [0m] [1mInstalled extractor 'tap-csv' [0m
[2025-07-10T13:07:26.901+0000] {docker.py:429} INFO - [2m2025-07-10T13:07:26.900155Z[0m [[32m[1minfo     [0m] [1mInstalled extractor 'tap-csv-latest'[0m
[2025-07-10T13:07:27.553+0000] {docker.py:429} INFO - [2m2025-07-10T13:07:27.552784Z[0m [[32m[1minfo     [0m] [1mInstalled loader 'target-csv' [0m
[2025-07-10T13:07:27.803+0000] {docker.py:429} INFO - [2m2025-07-10T13:07:27.802519Z[0m [[32m[1minfo     [0m] [1mInstalled loader 'target-csv-postgres'[0m
[2025-07-10T13:07:28.285+0000] {docker.py:429} INFO - [2m2025-07-10T13:07:28.284299Z[0m [[32m[1minfo     [0m] [1mInstalled loader 'target-csv-csv'[0m
[2m2025-07-10T13:07:28.284601Z[0m [[32m[1minfo     [0m] [1mInstalled 7/7 plugins         [0m
[2025-07-10T13:07:29.095+0000] {docker.py:429} INFO - Meltano install completed. Executing command: python /opt/meltano/scripts/generate_csv_config.py
[2025-07-10T13:07:29.130+0000] {docker.py:429} INFO - [{"entity": "order_details", "path": "/opt/output_data/csv/order_details/2025-07-10/file.csv", "keys": ["order_id", "product_id"], "delimiter": ",", "encoding": "utf-8"}, {"entity": "public-categories", "path": "/opt/output_data/postgres/public-categories/2025-07-10/file.csv", "keys": ["category_id"], "delimiter": ",", "encoding": "utf-8"}, {"entity": "public-products", "path": "/opt/output_data/postgres/public-products/2025-07-10/file.csv", "keys": ["product_id"], "delimiter": ",", "encoding": "utf-8"}, {"entity": "public-suppliers", "path": "/opt/output_data/postgres/public-suppliers/2025-07-10/file.csv", "keys": ["supplier_id"], "delimiter": ",", "encoding": "utf-8"}, {"entity": "public-orders", "path": "/opt/output_data/postgres/public-orders/2025-07-10/file.csv", "keys": ["order_id"], "delimiter": ",", "encoding": "utf-8"}, {"entity": "public-customers", "path": "/opt/output_data/postgres/public-customers/2025-07-10/file.csv", "keys": ["customer_id"], "delimiter": ",", "encoding": "utf-8"}, {"entity": "public-employees", "path": "/opt/output_data/postgres/public-employees/2025-07-10/file.csv", "keys": ["employee_id"], "delimiter": ",", "encoding": "utf-8"}, {"entity": "public-employee_territories", "path": "/opt/output_data/postgres/public-employee_territories/2025-07-10/file.csv", "keys": ["employee_id", "territory_id"], "delimiter": ",", "encoding": "utf-8"}, {"entity": "public-territories", "path": "/opt/output_data/postgres/public-territories/2025-07-10/file.csv", "keys": ["territory_id"], "delimiter": ",", "encoding": "utf-8"}, {"entity": "public-region", "path": "/opt/output_data/postgres/public-region/2025-07-10/file.csv", "keys": ["region_id"], "delimiter": ",", "encoding": "utf-8"}, {"entity": "public-shippers", "path": "/opt/output_data/postgres/public-shippers/2025-07-10/file.csv", "keys": ["shipper_id"], "delimiter": ",", "encoding": "utf-8"}, {"entity": "public-us_states", "path": "/opt/output_data/postgres/public-us_states/2025-07-10/file.csv", "keys": ["state_id"], "delimiter": ",", "encoding": "utf-8"}]
[2025-07-10T13:07:29.355+0000] {taskinstance.py:1138} INFO - Marking task as SUCCESS. dag_id=northwind, task_id=gerar_config_csv_dinamica, execution_date=20250710T130647, start_date=20250710T130718, end_date=20250710T130729
[2025-07-10T13:07:29.383+0000] {local_task_job_runner.py:234} INFO - Task exited with return code 0
[2025-07-10T13:07:29.409+0000] {taskinstance.py:3280} INFO - 0 downstream tasks scheduled from follow-on schedule check
