[2025-07-10T13:25:29.860+0000] {taskinstance.py:1956} INFO - Dependencies all met for dep_context=non-requeueable deps ti=<TaskInstance: northwind.gerar_config_csv_dinamica manual__2025-07-10T13:24:31.228630+00:00 [queued]>
[2025-07-10T13:25:29.873+0000] {taskinstance.py:1956} INFO - Dependencies all met for dep_context=requeueable deps ti=<TaskInstance: northwind.gerar_config_csv_dinamica manual__2025-07-10T13:24:31.228630+00:00 [queued]>
[2025-07-10T13:25:29.873+0000] {taskinstance.py:2170} INFO - Starting attempt 1 of 2
[2025-07-10T13:25:29.897+0000] {taskinstance.py:2191} INFO - Executing <Task(DockerOperator): gerar_config_csv_dinamica> on 2025-07-10 13:24:31.228630+00:00
[2025-07-10T13:25:29.902+0000] {standard_task_runner.py:60} INFO - Started process 184 to run task
[2025-07-10T13:25:29.908+0000] {standard_task_runner.py:87} INFO - Running: ['***', 'tasks', 'run', 'northwind', 'gerar_config_csv_dinamica', 'manual__2025-07-10T13:24:31.228630+00:00', '--job-id', '59', '--raw', '--subdir', 'DAGS_FOLDER/northwind.py', '--cfg-path', '/tmp/tmplwlp2vl_']
[2025-07-10T13:25:29.910+0000] {standard_task_runner.py:88} INFO - Job 59: Subtask gerar_config_csv_dinamica
[2025-07-10T13:25:29.970+0000] {task_command.py:423} INFO - Running <TaskInstance: northwind.gerar_config_csv_dinamica manual__2025-07-10T13:24:31.228630+00:00 [running]> on host 73583f3edd4d
[2025-07-10T13:25:30.068+0000] {taskinstance.py:2480} INFO - Exporting env vars: AIRFLOW_CTX_DAG_EMAIL='lrbf@cin.ufpe.br' AIRFLOW_CTX_DAG_OWNER='***' AIRFLOW_CTX_DAG_ID='northwind' AIRFLOW_CTX_TASK_ID='gerar_config_csv_dinamica' AIRFLOW_CTX_EXECUTION_DATE='2025-07-10T13:24:31.228630+00:00' AIRFLOW_CTX_TRY_NUMBER='1' AIRFLOW_CTX_DAG_RUN_ID='manual__2025-07-10T13:24:31.228630+00:00'
[2025-07-10T13:25:30.169+0000] {docker.py:359} INFO - Starting docker container from image meltano:latest
[2025-07-10T13:25:30.975+0000] {docker.py:429} INFO - Running meltano install...
[2025-07-10T13:25:30.082+0000] {docker.py:429} INFO - [2m2025-07-10T13:25:30.080929Z[0m [[32m[1minfo     [0m] [1mInstalling 7 plugins          [0m
[2025-07-10T13:25:30.099+0000] {docker.py:429} INFO - [2m2025-07-10T13:25:30.099250Z[0m [[32m[1minfo     [0m] [1mInstalling extractor 'tap-postgres'[0m
[2025-07-10T13:25:30.123+0000] {docker.py:429} INFO - [2m2025-07-10T13:25:30.122711Z[0m [[32m[1minfo     [0m] [1mInstalling extractor 'tap-csv'[0m
[2025-07-10T13:25:30.158+0000] {docker.py:429} INFO - [2m2025-07-10T13:25:30.157406Z[0m [[32m[1minfo     [0m] [1mInstalling extractor 'tap-csv-latest'[0m
[2025-07-10T13:25:30.211+0000] {docker.py:429} INFO - [2m2025-07-10T13:25:30.210124Z[0m [[32m[1minfo     [0m] [1mInstalling loader 'target-postgres'[0m
[2025-07-10T13:25:30.271+0000] {docker.py:429} INFO - [2m2025-07-10T13:25:30.269837Z[0m [[32m[1minfo     [0m] [1mInstalling loader 'target-csv'[0m
[2025-07-10T13:25:30.339+0000] {docker.py:429} INFO - [2m2025-07-10T13:25:30.338243Z[0m [[32m[1minfo     [0m] [1mInstalling loader 'target-csv-postgres'[0m
[2025-07-10T13:25:30.434+0000] {docker.py:429} INFO - [2m2025-07-10T13:25:30.429924Z[0m [[32m[1minfo     [0m] [1mInstalling loader 'target-csv-csv'[0m
[2025-07-10T13:25:32.469+0000] {docker.py:429} INFO - [2m2025-07-10T13:25:32.468383Z[0m [[32m[1minfo     [0m] [1mInstalled extractor 'tap-postgres'[0m
[2025-07-10T13:25:32.547+0000] {docker.py:429} INFO - [2m2025-07-10T13:25:32.546463Z[0m [[32m[1minfo     [0m] [1mInstalled loader 'target-postgres'[0m
[2025-07-10T13:25:39.204+0000] {docker.py:429} INFO - [2m2025-07-10T13:25:39.171648Z[0m [[32m[1minfo     [0m] [1mInstalled extractor 'tap-csv-latest'[0m
[2025-07-10T13:25:39.291+0000] {docker.py:429} INFO - [2m2025-07-10T13:25:39.290376Z[0m [[32m[1minfo     [0m] [1mInstalled extractor 'tap-csv' [0m
[2025-07-10T13:25:40.532+0000] {docker.py:429} INFO - [2m2025-07-10T13:25:40.531419Z[0m [[32m[1minfo     [0m] [1mInstalled loader 'target-csv' [0m
[2025-07-10T13:25:40.871+0000] {docker.py:429} INFO - [2m2025-07-10T13:25:40.870904Z[0m [[32m[1minfo     [0m] [1mInstalled loader 'target-csv-postgres'[0m
[2025-07-10T13:25:41.488+0000] {docker.py:429} INFO - [2m2025-07-10T13:25:41.488044Z[0m [[32m[1minfo     [0m] [1mInstalled loader 'target-csv-csv'[0m
[2025-07-10T13:25:41.489+0000] {docker.py:429} INFO - [2m2025-07-10T13:25:41.488649Z[0m [[32m[1minfo     [0m] [1mInstalled 7/7 plugins         [0m
[2025-07-10T13:25:42.897+0000] {docker.py:429} INFO - Meltano install completed. Executing command: python /opt/meltano/scripts/generate_csv_config.py
[2025-07-10T13:25:43.091+0000] {docker.py:429} INFO - [{"entity": "order_details", "path": "/opt/output_data/csv/order_details/2025-07-10/file.csv", "keys": ["order_id", "product_id"], "delimiter": ",", "encoding": "utf-8"}, {"entity": "public-categories", "path": "/opt/output_data/postgres/public-categories/2025-07-10/file.csv", "keys": ["category_id"], "delimiter": ",", "encoding": "utf-8"}, {"entity": "public-products", "path": "/opt/output_data/postgres/public-products/2025-07-10/file.csv", "keys": ["product_id"], "delimiter": ",", "encoding": "utf-8"}, {"entity": "public-suppliers", "path": "/opt/output_data/postgres/public-suppliers/2025-07-10/file.csv", "keys": ["supplier_id"], "delimiter": ",", "encoding": "utf-8"}, {"entity": "public-orders", "path": "/opt/output_data/postgres/public-orders/2025-07-10/file.csv", "keys": ["order_id"], "delimiter": ",", "encoding": "utf-8"}, {"entity": "public-customers", "path": "/opt/output_data/postgres/public-customers/2025-07-10/file.csv", "keys": ["customer_id"], "delimiter": ",", "encoding": "utf-8"}, {"entity": "public-employees", "path": "/opt/output_data/postgres/public-employees/2025-07-10/file.csv", "keys": ["employee_id"], "delimiter": ",", "encoding": "utf-8"}, {"entity": "public-employee_territories", "path": "/opt/output_data/postgres/public-employee_territories/2025-07-10/file.csv", "keys": ["employee_id", "territory_id"], "delimiter": ",", "encoding": "utf-8"}, {"entity": "public-territories", "path": "/opt/output_data/postgres/public-territories/2025-07-10/file.csv", "keys": ["territory_id"], "delimiter": ",", "encoding": "utf-8"}, {"entity": "public-region", "path": "/opt/output_data/postgres/public-region/2025-07-10/file.csv", "keys": ["region_id"], "delimiter": ",", "encoding": "utf-8"}, {"entity": "public-shippers", "path": "/opt/output_data/postgres/public-shippers/2025-07-10/file.csv", "keys": ["shipper_id"], "delimiter": ",", "encoding": "utf-8"}, {"entity": "public-us_states", "path": "/opt/output_data/postgres/public-us_states/2025-07-10/file.csv", "keys": ["state_id"], "delimiter": ",", "encoding": "utf-8"}]
[2025-07-10T13:25:43.436+0000] {taskinstance.py:1138} INFO - Marking task as SUCCESS. dag_id=northwind, task_id=gerar_config_csv_dinamica, execution_date=20250710T132431, start_date=20250710T132529, end_date=20250710T132543
[2025-07-10T13:25:43.489+0000] {local_task_job_runner.py:234} INFO - Task exited with return code 0
[2025-07-10T13:25:43.523+0000] {taskinstance.py:3280} INFO - 0 downstream tasks scheduled from follow-on schedule check
