[2025-06-26T16:29:34.361+0000] {taskinstance.py:1956} INFO - Dependencies all met for dep_context=non-requeueable deps ti=<TaskInstance: northwind.gerar_config_csv_dinamica manual__2025-06-26T16:23:37.797096+00:00 [queued]>
[2025-06-26T16:29:34.381+0000] {taskinstance.py:1956} INFO - Dependencies all met for dep_context=requeueable deps ti=<TaskInstance: northwind.gerar_config_csv_dinamica manual__2025-06-26T16:23:37.797096+00:00 [queued]>
[2025-06-26T16:29:34.381+0000] {taskinstance.py:2170} INFO - Starting attempt 1 of 2
[2025-06-26T16:29:34.402+0000] {taskinstance.py:2191} INFO - Executing <Task(DockerOperator): gerar_config_csv_dinamica> on 2025-06-26 16:23:37.797096+00:00
[2025-06-26T16:29:34.417+0000] {standard_task_runner.py:60} INFO - Started process 180 to run task
[2025-06-26T16:29:34.436+0000] {standard_task_runner.py:87} INFO - Running: ['***', 'tasks', 'run', 'northwind', 'gerar_config_csv_dinamica', 'manual__2025-06-26T16:23:37.797096+00:00', '--job-id', '280', '--raw', '--subdir', 'DAGS_FOLDER/dag.py', '--cfg-path', '/tmp/tmp6sajyptt']
[2025-06-26T16:29:34.452+0000] {standard_task_runner.py:88} INFO - Job 280: Subtask gerar_config_csv_dinamica
[2025-06-26T16:29:34.598+0000] {task_command.py:423} INFO - Running <TaskInstance: northwind.gerar_config_csv_dinamica manual__2025-06-26T16:23:37.797096+00:00 [running]> on host 6afc1f3750fb
[2025-06-26T16:29:34.742+0000] {taskinstance.py:2480} INFO - Exporting env vars: AIRFLOW_CTX_DAG_EMAIL='lrbf@cin.ufpe.br' AIRFLOW_CTX_DAG_OWNER='***' AIRFLOW_CTX_DAG_ID='northwind' AIRFLOW_CTX_TASK_ID='gerar_config_csv_dinamica' AIRFLOW_CTX_EXECUTION_DATE='2025-06-26T16:23:37.797096+00:00' AIRFLOW_CTX_TRY_NUMBER='1' AIRFLOW_CTX_DAG_RUN_ID='manual__2025-06-26T16:23:37.797096+00:00'
[2025-06-26T16:29:34.860+0000] {docker.py:359} INFO - Starting docker container from image meltano:latest
[2025-06-26T16:29:35.380+0000] {docker.py:429} INFO - Running meltano install...
[2025-06-26T16:29:37.258+0000] {docker.py:429} INFO - [2m2025-06-26T16:29:37.257905Z[0m [[32m[1minfo     [0m] [1mInstalling 7 plugins          [0m
[2025-06-26T16:29:37.279+0000] {docker.py:429} INFO - [2m2025-06-26T16:29:37.278403Z[0m [[32m[1minfo     [0m] [1mInstalling extractor 'tap-postgres'[0m
[2025-06-26T16:29:37.299+0000] {docker.py:429} INFO - [2m2025-06-26T16:29:37.298855Z[0m [[32m[1minfo     [0m] [1mInstalling extractor 'tap-csv'[0m
[2025-06-26T16:29:37.334+0000] {docker.py:429} INFO - [2m2025-06-26T16:29:37.333413Z[0m [[32m[1minfo     [0m] [1mInstalling extractor 'tap-csv-latest'[0m
[2025-06-26T16:29:37.371+0000] {docker.py:429} INFO - [2m2025-06-26T16:29:37.370680Z[0m [[32m[1minfo     [0m] [1mInstalling loader 'target-postgres'[0m
[2025-06-26T16:29:37.419+0000] {docker.py:429} INFO - [2m2025-06-26T16:29:37.417334Z[0m [[32m[1minfo     [0m] [1mInstalling loader 'target-csv'[0m
[2025-06-26T16:29:37.471+0000] {docker.py:429} INFO - [2m2025-06-26T16:29:37.470512Z[0m [[32m[1minfo     [0m] [1mInstalling loader 'target-csv-postgres'[0m
[2025-06-26T16:29:37.530+0000] {docker.py:429} INFO - [2m2025-06-26T16:29:37.529518Z[0m [[32m[1minfo     [0m] [1mInstalling loader 'target-csv-csv'[0m
[2025-06-26T16:29:38.296+0000] {docker.py:429} INFO - [2m2025-06-26T16:29:38.295366Z[0m [[32m[1minfo     [0m] [1mInstalled extractor 'tap-postgres'[0m
[2025-06-26T16:29:38.494+0000] {docker.py:429} INFO - [2m2025-06-26T16:29:38.493094Z[0m [[32m[1minfo     [0m] [1mInstalled loader 'target-postgres'[0m
[2025-06-26T16:29:45.739+0000] {docker.py:429} INFO - [2m2025-06-26T16:29:45.738306Z[0m [[32m[1minfo     [0m] [1mInstalled extractor 'tap-csv-latest'[0m
[2025-06-26T16:29:45.822+0000] {docker.py:429} INFO - [2m2025-06-26T16:29:45.821609Z[0m [[32m[1minfo     [0m] [1mInstalled extractor 'tap-csv' [0m
[2025-06-26T16:29:46.679+0000] {docker.py:429} INFO - [2m2025-06-26T16:29:46.678935Z[0m [[32m[1minfo     [0m] [1mInstalled loader 'target-csv' [0m
[2025-06-26T16:29:47.083+0000] {docker.py:429} INFO - [2m2025-06-26T16:29:47.082846Z[0m [[32m[1minfo     [0m] [1mInstalled loader 'target-csv-csv'[0m
[2025-06-26T16:29:47.398+0000] {docker.py:429} INFO - [2m2025-06-26T16:29:47.397885Z[0m [[32m[1minfo     [0m] [1mInstalled loader 'target-csv-postgres'[0m
[2025-06-26T16:29:47.399+0000] {docker.py:429} INFO - [2m2025-06-26T16:29:47.398311Z[0m [[32m[1minfo     [0m] [1mInstalled 7/7 plugins         [0m
[2025-06-26T16:29:48.492+0000] {docker.py:429} INFO - Meltano install completed. Executing command: python /opt/meltano/scripts/generate_tap_csv_config.py
[2025-06-26T16:29:48.525+0000] {docker.py:429} INFO - {"files": [{"entity": "order_details", "path": "/opt/output_data/csv/order_details/2025-06-26/file.csv", "keys": ["order_id", "product_id"], "delimiter": ",", "encoding": "utf-8"}, {"entity": "public-categories", "path": "/opt/output_data/postgres/public-categories/2025-06-26/file.csv", "keys": ["category_id"], "delimiter": ",", "encoding": "utf-8"}, {"entity": "public-products", "path": "/opt/output_data/postgres/public-products/2025-06-26/file.csv", "keys": ["product_id"], "delimiter": ",", "encoding": "utf-8"}, {"entity": "public-suppliers", "path": "/opt/output_data/postgres/public-suppliers/2025-06-26/file.csv", "keys": ["supplier_id"], "delimiter": ",", "encoding": "utf-8"}, {"entity": "public-orders", "path": "/opt/output_data/postgres/public-orders/2025-06-26/file.csv", "keys": ["order_id"], "delimiter": ",", "encoding": "utf-8"}, {"entity": "public-customers", "path": "/opt/output_data/postgres/public-customers/2025-06-26/file.csv", "keys": ["customer_id"], "delimiter": ",", "encoding": "utf-8"}, {"entity": "public-employees", "path": "/opt/output_data/postgres/public-employees/2025-06-26/file.csv", "keys": ["employee_id"], "delimiter": ",", "encoding": "utf-8"}, {"entity": "public-employee_territories", "path": "/opt/output_data/postgres/public-employee_territories/2025-06-26/file.csv", "keys": ["employee_id", "territory_id"], "delimiter": ",", "encoding": "utf-8"}, {"entity": "public-territories", "path": "/opt/output_data/postgres/public-territories/2025-06-26/file.csv", "keys": ["territory_id"], "delimiter": ",", "encoding": "utf-8"}, {"entity": "public-region", "path": "/opt/output_data/postgres/public-region/2025-06-26/file.csv", "keys": ["region_id"], "delimiter": ",", "encoding": "utf-8"}, {"entity": "public-shippers", "path": "/opt/output_data/postgres/public-shippers/2025-06-26/file.csv", "keys": ["shipper_id"], "delimiter": ",", "encoding": "utf-8"}, {"entity": "public-us_states", "path": "/opt/output_data/postgres/public-us_states/2025-06-26/file.csv", "keys": ["state_id"], "delimiter": ",", "encoding": "utf-8"}]}
[2025-06-26T16:29:48.823+0000] {taskinstance.py:1138} INFO - Marking task as SUCCESS. dag_id=northwind, task_id=gerar_config_csv_dinamica, execution_date=20250626T162337, start_date=20250626T162934, end_date=20250626T162948
[2025-06-26T16:29:48.895+0000] {local_task_job_runner.py:234} INFO - Task exited with return code 0
[2025-06-26T16:29:48.944+0000] {taskinstance.py:3280} INFO - 1 downstream tasks scheduled from follow-on schedule check
