[2025-07-09T22:04:30.432+0000] {taskinstance.py:1956} INFO - Dependencies all met for dep_context=non-requeueable deps ti=<TaskInstance: northwind.extração_csv manual__2025-07-09T22:04:06.468901+00:00 [queued]>
[2025-07-09T22:04:30.445+0000] {taskinstance.py:1956} INFO - Dependencies all met for dep_context=requeueable deps ti=<TaskInstance: northwind.extração_csv manual__2025-07-09T22:04:06.468901+00:00 [queued]>
[2025-07-09T22:04:30.445+0000] {taskinstance.py:2170} INFO - Starting attempt 1 of 2
[2025-07-09T22:04:30.460+0000] {taskinstance.py:2191} INFO - Executing <Task(DockerOperator): extração_csv> on 2025-07-09 22:04:06.468901+00:00
[2025-07-09T22:04:30.465+0000] {standard_task_runner.py:60} INFO - Started process 209 to run task
[2025-07-09T22:04:30.469+0000] {standard_task_runner.py:87} INFO - Running: ['***', 'tasks', 'run', 'northwind', 'extração_csv', 'manual__2025-07-09T22:04:06.468901+00:00', '--job-id', '128', '--raw', '--subdir', 'DAGS_FOLDER/northwind.py', '--cfg-path', '/tmp/tmpi3mnbebn']
[2025-07-09T22:04:30.472+0000] {standard_task_runner.py:88} INFO - Job 128: Subtask extração_csv
[2025-07-09T22:04:30.528+0000] {task_command.py:423} INFO - Running <TaskInstance: northwind.extração_csv manual__2025-07-09T22:04:06.468901+00:00 [running]> on host ae92b363b970
[2025-07-09T22:04:30.632+0000] {taskinstance.py:2480} INFO - Exporting env vars: AIRFLOW_CTX_DAG_EMAIL='lrbf@cin.ufpe.br' AIRFLOW_CTX_DAG_OWNER='***' AIRFLOW_CTX_DAG_ID='northwind' AIRFLOW_CTX_TASK_ID='extração_csv' AIRFLOW_CTX_EXECUTION_DATE='2025-07-09T22:04:06.468901+00:00' AIRFLOW_CTX_TRY_NUMBER='1' AIRFLOW_CTX_DAG_RUN_ID='manual__2025-07-09T22:04:06.468901+00:00'
[2025-07-09T22:04:30.735+0000] {docker.py:359} INFO - Starting docker container from image meltano:latest
[2025-07-09T22:04:31.170+0000] {docker.py:429} INFO - Running meltano install...
[2025-07-09T22:04:33.208+0000] {docker.py:429} INFO - [2m2025-07-09T22:04:33.207308Z[0m [[32m[1minfo     [0m] [1mInstalling 7 plugins          [0m
[2025-07-09T22:04:33.222+0000] {docker.py:429} INFO - [2m2025-07-09T22:04:33.222124Z[0m [[32m[1minfo     [0m] [1mInstalling extractor 'tap-postgres'[0m
[2025-07-09T22:04:33.247+0000] {docker.py:429} INFO - [2m2025-07-09T22:04:33.246349Z[0m [[32m[1minfo     [0m] [1mInstalling extractor 'tap-csv'[0m
[2025-07-09T22:04:33.278+0000] {docker.py:429} INFO - [2m2025-07-09T22:04:33.277963Z[0m [[32m[1minfo     [0m] [1mInstalling extractor 'tap-csv-latest'[0m
[2025-07-09T22:04:33.306+0000] {docker.py:429} INFO - [2m2025-07-09T22:04:33.305648Z[0m [[32m[1minfo     [0m] [1mInstalling loader 'target-postgres'[0m
[2025-07-09T22:04:33.340+0000] {docker.py:429} INFO - [2m2025-07-09T22:04:33.339472Z[0m [[32m[1minfo     [0m] [1mInstalling loader 'target-csv'[0m
[2025-07-09T22:04:33.383+0000] {docker.py:429} INFO - [2m2025-07-09T22:04:33.382403Z[0m [[32m[1minfo     [0m] [1mInstalling loader 'target-csv-postgres'[0m
[2025-07-09T22:04:33.419+0000] {docker.py:429} INFO - [2m2025-07-09T22:04:33.418343Z[0m [[32m[1minfo     [0m] [1mInstalling loader 'target-csv-csv'[0m
[2025-07-09T22:04:32.489+0000] {docker.py:429} INFO - [2m2025-07-09T22:04:32.486408Z[0m [[32m[1minfo     [0m] [1mInstalled extractor 'tap-postgres'[0m
[2025-07-09T22:04:32.512+0000] {docker.py:429} INFO - [2m2025-07-09T22:04:32.511178Z[0m [[32m[1minfo     [0m] [1mInstalled loader 'target-postgres'[0m
[2025-07-09T22:04:37.887+0000] {docker.py:429} INFO - [2m2025-07-09T22:04:37.886797Z[0m [[32m[1minfo     [0m] [1mInstalled extractor 'tap-csv-latest'[0m
[2025-07-09T22:04:38.033+0000] {docker.py:429} INFO - [2m2025-07-09T22:04:38.032395Z[0m [[32m[1minfo     [0m] [1mInstalled loader 'target-csv' [0m
[2025-07-09T22:04:38.069+0000] {docker.py:429} INFO - [2m2025-07-09T22:04:38.068375Z[0m [[32m[1minfo     [0m] [1mInstalled extractor 'tap-csv' [0m
[2025-07-09T22:04:38.154+0000] {docker.py:429} INFO - [2m2025-07-09T22:04:38.153724Z[0m [[32m[1minfo     [0m] [1mInstalled loader 'target-csv-csv'[0m
[2025-07-09T22:04:38.304+0000] {docker.py:429} INFO - [2m2025-07-09T22:04:38.303856Z[0m [[32m[1minfo     [0m] [1mInstalled loader 'target-csv-postgres'[0m
[2025-07-09T22:04:38.305+0000] {docker.py:429} INFO - [2m2025-07-09T22:04:38.304476Z[0m [[32m[1minfo     [0m] [1mInstalled 7/7 plugins         [0m
[2025-07-09T22:04:39.281+0000] {docker.py:429} INFO - Meltano install completed. Executing command: meltano el tap-csv target-csv-csv
[2025-07-09T22:04:41.317+0000] {docker.py:429} INFO - [2m2025-07-09T22:04:41.316786Z[0m [[32m[1minfo     [0m] [1mEnvironment 'dev' is active   [0m
[2025-07-09T22:04:41.773+0000] {docker.py:429} INFO - [2m2025-07-09T22:04:41.772934Z[0m [[32m[1minfo     [0m] [1mRunning extract & load...     [0m [36mname[0m=[35mmeltano[0m [36mrun_id[0m=[35mcb820f1a-9454-4979-9a09-39ce9e5e8c05[0m [36mstate_id[0m=[35m2025-07-09T220441--tap-csv--target-csv-csv[0m
[2025-07-09T22:04:43.205+0000] {docker.py:429} INFO - [2m2025-07-09T22:04:43.204444Z[0m [[32m[1minfo     [0m] [1mINFO Sending version information to singer.io. To disable sending anonymous usage data, set the config parameter "disable_collection" to true[0m [36mcmd_type[0m=[35mloader[0m [36mname[0m=[35mtarget-csv-csv[0m [36mrun_id[0m=[35mcb820f1a-9454-4979-9a09-39ce9e5e8c05[0m [36mstate_id[0m=[35m2025-07-09T220441--tap-csv--target-csv-csv[0m [36mstdio[0m=[35mstderr[0m
[2025-07-09T22:04:43.548+0000] {docker.py:429} INFO - [2m2025-07-09T22:04:43.547560Z[0m [[32m[1minfo     [0m] [1m/opt/meltano/.meltano/extractors/tap-csv/venv/lib/python3.9/site-packages/singer_sdk/tap_base.py:516: SingerSDKDeprecationWarning: Passing a catalog file path is deprecated. Please pass the catalog as a dictionary or Catalog object instead.[0m [36mcmd_type[0m=[35mextractor[0m [36mname[0m=[35mtap-csv[0m [36mrun_id[0m=[35mcb820f1a-9454-4979-9a09-39ce9e5e8c05[0m [36mstate_id[0m=[35m2025-07-09T220441--tap-csv--target-csv-csv[0m [36mstdio[0m=[35mstderr[0m
[2025-07-09T22:04:43.548+0000] {docker.py:429} INFO - [2m2025-07-09T22:04:43.547994Z[0m [[32m[1minfo     [0m] [1m  tap = cls(                  [0m [36mcmd_type[0m=[35mextractor[0m [36mname[0m=[35mtap-csv[0m [36mrun_id[0m=[35mcb820f1a-9454-4979-9a09-39ce9e5e8c05[0m [36mstate_id[0m=[35m2025-07-09T220441--tap-csv--target-csv-csv[0m [36mstdio[0m=[35mstderr[0m
[2025-07-09T22:04:43.549+0000] {docker.py:429} INFO - [2m2025-07-09T22:04:43.548357Z[0m [[32m[1minfo     [0m] [1m                              [0m [36mcmd_type[0m=[35mextractor[0m [36mname[0m=[35mtap-csv[0m [36mrun_id[0m=[35mcb820f1a-9454-4979-9a09-39ce9e5e8c05[0m [36mstate_id[0m=[35m2025-07-09T220441--tap-csv--target-csv-csv[0m [36mstdio[0m=[35mstderr[0m
[2025-07-09T22:04:43.549+0000] {docker.py:429} INFO - [2m2025-07-09T22:04:43.548772Z[0m [[32m[1minfo     [0m] [1mBeginning full_table sync of 'order_details'...[0m [36mcmd_type[0m=[35mextractor[0m [36mname[0m=[35mtap-csv[0m [36mrun_id[0m=[35mcb820f1a-9454-4979-9a09-39ce9e5e8c05[0m [36mstate_id[0m=[35m2025-07-09T220441--tap-csv--target-csv-csv[0m [36mstdio[0m=[35mstderr[0m
[2025-07-09T22:04:43.549+0000] {docker.py:429} INFO - [2m2025-07-09T22:04:43.549230Z[0m [[32m[1minfo     [0m] [1mTap has custom mapper. Using 1 provided map(s).[0m [36mcmd_type[0m=[35mextractor[0m [36mname[0m=[35mtap-csv[0m [36mrun_id[0m=[35mcb820f1a-9454-4979-9a09-39ce9e5e8c05[0m [36mstate_id[0m=[35m2025-07-09T220441--tap-csv--target-csv-csv[0m [36mstdio[0m=[35mstderr[0m
[2025-07-09T22:04:43.722+0000] {docker.py:429} INFO - [2m2025-07-09T22:04:43.721753Z[0m [[32m[1minfo     [0m] [1mMETRIC: {"type": "timer", "metric": "sync_duration", "value": 0.1709902286529541, "tags": {"stream": "order_details", "pid": 176, "context": {}, "status": "succeeded"}}[0m [36mcmd_type[0m=[35mextractor[0m [36mname[0m=[35mtap-csv[0m [36mrun_id[0m=[35mcb820f1a-9454-4979-9a09-39ce9e5e8c05[0m [36mstate_id[0m=[35m2025-07-09T220441--tap-csv--target-csv-csv[0m [36mstdio[0m=[35mstderr[0m
[2025-07-09T22:04:43.723+0000] {docker.py:429} INFO - [2m2025-07-09T22:04:43.722295Z[0m [[32m[1minfo     [0m] [1mMETRIC: {"type": "counter", "metric": "record_count", "value": 2155, "tags": {"stream": "order_details", "pid": 176, "context": {}}}[0m [36mcmd_type[0m=[35mextractor[0m [36mname[0m=[35mtap-csv[0m [36mrun_id[0m=[35mcb820f1a-9454-4979-9a09-39ce9e5e8c05[0m [36mstate_id[0m=[35m2025-07-09T220441--tap-csv--target-csv-csv[0m [36mstdio[0m=[35mstderr[0m
[2025-07-09T22:04:43.853+0000] {docker.py:429} INFO - [2m2025-07-09T22:04:43.852904Z[0m [[32m[1minfo     [0m] [1mUsing systemdb state backend  [0m
[2025-07-09T22:04:43.871+0000] {docker.py:429} INFO - [2m2025-07-09T22:04:43.870348Z[0m [[32m[1minfo     [0m] [1mIncremental state has been updated at 2025-07-09 22:04:43.870286+00:00.[0m
[2025-07-09T22:04:43.873+0000] {docker.py:429} INFO - [2m2025-07-09T22:04:43.872265Z[0m [[32m[1minfo     [0m] [1mExtract & load complete!      [0m [36mname[0m=[35mmeltano[0m [36mrun_id[0m=[35mcb820f1a-9454-4979-9a09-39ce9e5e8c05[0m [36mstate_id[0m=[35m2025-07-09T220441--tap-csv--target-csv-csv[0m
[2025-07-09T22:04:43.874+0000] {docker.py:429} INFO - [2m2025-07-09T22:04:43.872598Z[0m [[32m[1minfo     [0m] [1mTransformation skipped.       [0m [36mname[0m=[35mmeltano[0m [36mrun_id[0m=[35mcb820f1a-9454-4979-9a09-39ce9e5e8c05[0m [36mstate_id[0m=[35m2025-07-09T220441--tap-csv--target-csv-csv[0m
[2025-07-09T22:04:45.243+0000] {taskinstance.py:1138} INFO - Marking task as SUCCESS. dag_id=northwind, task_id=extração_csv, execution_date=20250709T220406, start_date=20250709T220430, end_date=20250709T220445
[2025-07-09T22:04:45.295+0000] {local_task_job_runner.py:234} INFO - Task exited with return code 0
[2025-07-09T22:04:45.368+0000] {taskinstance.py:3280} INFO - 1 downstream tasks scheduled from follow-on schedule check
