[2025-06-23T22:47:55.906+0000] {taskinstance.py:1956} INFO - Dependencies all met for dep_context=non-requeueable deps ti=<TaskInstance: northwind.extração_csv manual__2025-06-23T22:47:06.907656+00:00 [queued]>
[2025-06-23T22:47:55.925+0000] {taskinstance.py:1956} INFO - Dependencies all met for dep_context=requeueable deps ti=<TaskInstance: northwind.extração_csv manual__2025-06-23T22:47:06.907656+00:00 [queued]>
[2025-06-23T22:47:55.925+0000] {taskinstance.py:2170} INFO - Starting attempt 1 of 2
[2025-06-23T22:47:55.947+0000] {taskinstance.py:2191} INFO - Executing <Task(DockerOperator): extração_csv> on 2025-06-23 22:47:06.907656+00:00
[2025-06-23T22:47:55.954+0000] {standard_task_runner.py:60} INFO - Started process 182 to run task
[2025-06-23T22:47:55.958+0000] {standard_task_runner.py:87} INFO - Running: ['***', 'tasks', 'run', 'northwind', 'extração_csv', 'manual__2025-06-23T22:47:06.907656+00:00', '--job-id', '31', '--raw', '--subdir', 'DAGS_FOLDER/dag.py', '--cfg-path', '/tmp/tmpx3jc71xo']
[2025-06-23T22:47:55.961+0000] {standard_task_runner.py:88} INFO - Job 31: Subtask extração_csv
[2025-06-23T22:47:56.032+0000] {task_command.py:423} INFO - Running <TaskInstance: northwind.extração_csv manual__2025-06-23T22:47:06.907656+00:00 [running]> on host a06304be4538
[2025-06-23T22:47:56.189+0000] {taskinstance.py:2480} INFO - Exporting env vars: AIRFLOW_CTX_DAG_EMAIL='lrbf@cin.ufpe.br' AIRFLOW_CTX_DAG_OWNER='***' AIRFLOW_CTX_DAG_ID='northwind' AIRFLOW_CTX_TASK_ID='extração_csv' AIRFLOW_CTX_EXECUTION_DATE='2025-06-23T22:47:06.907656+00:00' AIRFLOW_CTX_TRY_NUMBER='1' AIRFLOW_CTX_DAG_RUN_ID='manual__2025-06-23T22:47:06.907656+00:00'
[2025-06-23T22:47:56.851+0000] {docker.py:359} INFO - Starting docker container from image indicium_pipeline-meltano:latest
[2025-06-23T22:47:57.998+0000] {docker.py:429} INFO - Running meltano install...
[2025-06-23T22:48:01.760+0000] {docker.py:429} INFO - [2m2025-06-23T22:48:01.759402Z[0m [[32m[1minfo     [0m] [1mInstalling 7 plugins          [0m
[2025-06-23T22:48:01.784+0000] {docker.py:429} INFO - [2m2025-06-23T22:48:01.783515Z[0m [[32m[1minfo     [0m] [1mInstalling extractor 'tap-postgres'[0m
[2025-06-23T22:48:01.811+0000] {docker.py:429} INFO - [2m2025-06-23T22:48:01.810848Z[0m [[32m[1minfo     [0m] [1mInstalling extractor 'tap-csv'[0m
[2025-06-23T22:48:01.832+0000] {docker.py:429} INFO - [2m2025-06-23T22:48:01.831474Z[0m [[32m[1minfo     [0m] [1mInstalling extractor 'tap-csv-latest'[0m
[2025-06-23T22:48:01.865+0000] {docker.py:429} INFO - [2m2025-06-23T22:48:01.865083Z[0m [[32m[1minfo     [0m] [1mInstalling loader 'target-postgres'[0m
[2025-06-23T22:48:01.918+0000] {docker.py:429} INFO - [2m2025-06-23T22:48:01.917582Z[0m [[32m[1minfo     [0m] [1mInstalling loader 'target-csv'[0m
[2025-06-23T22:48:01.962+0000] {docker.py:429} INFO - [2m2025-06-23T22:48:01.960570Z[0m [[32m[1minfo     [0m] [1mInstalling loader 'target-csv-postgres'[0m
[2025-06-23T22:48:02.019+0000] {docker.py:429} INFO - [2m2025-06-23T22:48:02.016514Z[0m [[32m[1minfo     [0m] [1mInstalling loader 'target-csv-csv'[0m
[2025-06-23T22:48:04.628+0000] {docker.py:429} INFO - [2m2025-06-23T22:48:04.628023Z[0m [[32m[1minfo     [0m] [1mInstalled extractor 'tap-postgres'[0m
[2025-06-23T22:48:04.647+0000] {docker.py:429} INFO - [2m2025-06-23T22:48:04.646917Z[0m [[32m[1minfo     [0m] [1mInstalled loader 'target-postgres'[0m
[2025-06-23T22:48:09.213+0000] {docker.py:429} INFO - [2m2025-06-23T22:48:09.212652Z[0m [[32m[1minfo     [0m] [1mInstalled extractor 'tap-csv' [0m
[2025-06-23T22:48:09.242+0000] {docker.py:429} INFO - [2m2025-06-23T22:48:09.241559Z[0m [[32m[1minfo     [0m] [1mInstalled extractor 'tap-csv-latest'[0m
[2025-06-23T22:48:10.475+0000] {docker.py:429} INFO - [2m2025-06-23T22:48:10.475083Z[0m [[32m[1minfo     [0m] [1mInstalled loader 'target-csv' [0m
[2025-06-23T22:48:11.079+0000] {docker.py:429} INFO - [2m2025-06-23T22:48:11.078285Z[0m [[32m[1minfo     [0m] [1mInstalled loader 'target-csv-csv'[0m
[2025-06-23T22:48:11.386+0000] {docker.py:429} INFO - [2m2025-06-23T22:48:11.385444Z[0m [[32m[1minfo     [0m] [1mInstalled loader 'target-csv-postgres'[0m
[2025-06-23T22:48:11.387+0000] {docker.py:429} INFO - [2m2025-06-23T22:48:11.385921Z[0m [[32m[1minfo     [0m] [1mInstalled 7/7 plugins         [0m
[2025-06-23T22:48:12.552+0000] {docker.py:429} INFO - Meltano install completed. Executing command: meltano el tap-csv target-csv-csv
[2025-06-23T22:48:15.650+0000] {docker.py:429} INFO - [2m2025-06-23T22:48:15.648688Z[0m [[32m[1minfo     [0m] [1mEnvironment 'dev' is active   [0m
[2025-06-23T22:48:16.480+0000] {docker.py:429} INFO - [2m2025-06-23T22:48:16.479556Z[0m [[32m[1minfo     [0m] [1mRunning extract & load...     [0m [36mname[0m=[35mmeltano[0m [36mrun_id[0m=[35mff11b37d-f64f-4d3b-bf79-6e18a4d3c6a2[0m [36mstate_id[0m=[35m2025-06-23T224816--tap-csv--target-csv-csv[0m
[2025-06-23T22:48:18.259+0000] {docker.py:429} INFO - [2m2025-06-23T22:48:18.258423Z[0m [[32m[1minfo     [0m] [1mINFO Sending version information to singer.io. To disable sending anonymous usage data, set the config parameter "disable_collection" to true[0m [36mcmd_type[0m=[35mloader[0m [36mname[0m=[35mtarget-csv-csv[0m [36mrun_id[0m=[35mff11b37d-f64f-4d3b-bf79-6e18a4d3c6a2[0m [36mstate_id[0m=[35m2025-06-23T224816--tap-csv--target-csv-csv[0m [36mstdio[0m=[35mstderr[0m
[2025-06-23T22:48:18.594+0000] {docker.py:429} INFO - [2m2025-06-23T22:48:18.593323Z[0m [[32m[1minfo     [0m] [1mBeginning full_table sync of 'order_details'...[0m [36mcmd_type[0m=[35mextractor[0m [36mname[0m=[35mtap-csv[0m [36mrun_id[0m=[35mff11b37d-f64f-4d3b-bf79-6e18a4d3c6a2[0m [36mstate_id[0m=[35m2025-06-23T224816--tap-csv--target-csv-csv[0m [36mstdio[0m=[35mstderr[0m
[2m2025-06-23T22:48:18.593703Z[0m [[32m[1minfo     [0m] [1mTap has custom mapper. Using 1 provided map(s).[0m [36mcmd_type[0m=[35mextractor[0m [36mname[0m=[35mtap-csv[0m [36mrun_id[0m=[35mff11b37d-f64f-4d3b-bf79-6e18a4d3c6a2[0m [36mstate_id[0m=[35m2025-06-23T224816--tap-csv--target-csv-csv[0m [36mstdio[0m=[35mstderr[0m
[2025-06-23T22:48:18.783+0000] {docker.py:429} INFO - [2m2025-06-23T22:48:18.782298Z[0m [[32m[1minfo     [0m] [1mMETRIC: {"type": "timer", "metric": "sync_duration", "value": 0.18844819068908691, "tags": {"stream": "order_details", "pid": 175, "context": {}, "status": "succeeded"}}[0m [36mcmd_type[0m=[35mextractor[0m [36mname[0m=[35mtap-csv[0m [36mrun_id[0m=[35mff11b37d-f64f-4d3b-bf79-6e18a4d3c6a2[0m [36mstate_id[0m=[35m2025-06-23T224816--tap-csv--target-csv-csv[0m [36mstdio[0m=[35mstderr[0m
[2025-06-23T22:48:18.783+0000] {docker.py:429} INFO - [2m2025-06-23T22:48:18.783075Z[0m [[32m[1minfo     [0m] [1mMETRIC: {"type": "counter", "metric": "record_count", "value": 2155, "tags": {"stream": "order_details", "pid": 175, "context": {}}}[0m [36mcmd_type[0m=[35mextractor[0m [36mname[0m=[35mtap-csv[0m [36mrun_id[0m=[35mff11b37d-f64f-4d3b-bf79-6e18a4d3c6a2[0m [36mstate_id[0m=[35m2025-06-23T224816--tap-csv--target-csv-csv[0m [36mstdio[0m=[35mstderr[0m
[2025-06-23T22:48:18.904+0000] {docker.py:429} INFO - [2m2025-06-23T22:48:18.903512Z[0m [[32m[1minfo     [0m] [1mUsing systemdb state backend  [0m
[2025-06-23T22:48:18.920+0000] {docker.py:429} INFO - [2m2025-06-23T22:48:18.919391Z[0m [[32m[1minfo     [0m] [1mIncremental state has been updated at 2025-06-23 22:48:18.919321+00:00.[0m
[2025-06-23T22:48:18.931+0000] {docker.py:429} INFO - [2m2025-06-23T22:48:18.930404Z[0m [[32m[1minfo     [0m] [1mExtract & load complete!      [0m [36mname[0m=[35mmeltano[0m [36mrun_id[0m=[35mff11b37d-f64f-4d3b-bf79-6e18a4d3c6a2[0m [36mstate_id[0m=[35m2025-06-23T224816--tap-csv--target-csv-csv[0m
[2025-06-23T22:48:18.932+0000] {docker.py:429} INFO - [2m2025-06-23T22:48:18.931029Z[0m [[32m[1minfo     [0m] [1mTransformation skipped.       [0m [36mname[0m=[35mmeltano[0m [36mrun_id[0m=[35mff11b37d-f64f-4d3b-bf79-6e18a4d3c6a2[0m [36mstate_id[0m=[35m2025-06-23T224816--tap-csv--target-csv-csv[0m
[2025-06-23T22:48:20.580+0000] {taskinstance.py:1138} INFO - Marking task as SUCCESS. dag_id=northwind, task_id=extração_csv, execution_date=20250623T224706, start_date=20250623T224755, end_date=20250623T224820
[2025-06-23T22:48:20.661+0000] {local_task_job_runner.py:234} INFO - Task exited with return code 0
[2025-06-23T22:48:20.742+0000] {taskinstance.py:3280} INFO - 1 downstream tasks scheduled from follow-on schedule check
