[2025-07-09T21:55:28.017+0000] {taskinstance.py:1956} INFO - Dependencies all met for dep_context=non-requeueable deps ti=<TaskInstance: northwind.gerar_config_csv_dinamica manual__2025-07-09T21:54:52.345768+00:00 [queued]>
[2025-07-09T21:55:28.029+0000] {taskinstance.py:1956} INFO - Dependencies all met for dep_context=requeueable deps ti=<TaskInstance: northwind.gerar_config_csv_dinamica manual__2025-07-09T21:54:52.345768+00:00 [queued]>
[2025-07-09T21:55:28.030+0000] {taskinstance.py:2170} INFO - Starting attempt 1 of 2
[2025-07-09T21:55:28.041+0000] {taskinstance.py:2191} INFO - Executing <Task(DockerOperator): gerar_config_csv_dinamica> on 2025-07-09 21:54:52.345768+00:00
[2025-07-09T21:55:28.045+0000] {standard_task_runner.py:60} INFO - Started process 185 to run task
[2025-07-09T21:55:28.048+0000] {standard_task_runner.py:87} INFO - Running: ['***', 'tasks', 'run', 'northwind', 'gerar_config_csv_dinamica', 'manual__2025-07-09T21:54:52.345768+00:00', '--job-id', '123', '--raw', '--subdir', 'DAGS_FOLDER/northwind.py', '--cfg-path', '/tmp/tmpi_axmm6_']
[2025-07-09T21:55:28.050+0000] {standard_task_runner.py:88} INFO - Job 123: Subtask gerar_config_csv_dinamica
[2025-07-09T21:55:28.094+0000] {task_command.py:423} INFO - Running <TaskInstance: northwind.gerar_config_csv_dinamica manual__2025-07-09T21:54:52.345768+00:00 [running]> on host 006946d6dbce
[2025-07-09T21:55:28.170+0000] {taskinstance.py:2480} INFO - Exporting env vars: AIRFLOW_CTX_DAG_EMAIL='lrbf@cin.ufpe.br' AIRFLOW_CTX_DAG_OWNER='***' AIRFLOW_CTX_DAG_ID='northwind' AIRFLOW_CTX_TASK_ID='gerar_config_csv_dinamica' AIRFLOW_CTX_EXECUTION_DATE='2025-07-09T21:54:52.345768+00:00' AIRFLOW_CTX_TRY_NUMBER='1' AIRFLOW_CTX_DAG_RUN_ID='manual__2025-07-09T21:54:52.345768+00:00'
[2025-07-09T21:55:28.224+0000] {docker.py:359} INFO - Starting docker container from image meltano:latest
[2025-07-09T21:55:28.483+0000] {docker.py:429} INFO - Running meltano install...
[2025-07-09T21:55:29.786+0000] {docker.py:429} INFO - [2m2025-07-09T21:55:29.785645Z[0m [[32m[1minfo     [0m] [1mInstalling 7 plugins          [0m
[2025-07-09T21:55:29.803+0000] {docker.py:429} INFO - [2m2025-07-09T21:55:29.802495Z[0m [[32m[1minfo     [0m] [1mInstalling extractor 'tap-postgres'[0m
[2025-07-09T21:55:29.832+0000] {docker.py:429} INFO - [2m2025-07-09T21:55:29.829763Z[0m [[32m[1minfo     [0m] [1mInstalling extractor 'tap-csv'[0m
[2025-07-09T21:55:29.860+0000] {docker.py:429} INFO - [2m2025-07-09T21:55:29.858787Z[0m [[32m[1minfo     [0m] [1mInstalling extractor 'tap-csv-latest'[0m
[2025-07-09T21:55:29.911+0000] {docker.py:429} INFO - [2m2025-07-09T21:55:29.910655Z[0m [[32m[1minfo     [0m] [1mInstalling loader 'target-postgres'[0m
[2025-07-09T21:55:29.964+0000] {docker.py:429} INFO - [2m2025-07-09T21:55:29.963119Z[0m [[32m[1minfo     [0m] [1mInstalling loader 'target-csv'[0m
[2025-07-09T21:55:30.039+0000] {docker.py:429} INFO - [2m2025-07-09T21:55:30.038001Z[0m [[32m[1minfo     [0m] [1mInstalling loader 'target-csv-postgres'[0m
[2025-07-09T21:55:30.093+0000] {docker.py:429} INFO - [2m2025-07-09T21:55:30.090854Z[0m [[32m[1minfo     [0m] [1mInstalling loader 'target-csv-csv'[0m
[2025-07-09T21:55:31.497+0000] {docker.py:429} INFO - [2m2025-07-09T21:55:31.496332Z[0m [[32m[1minfo     [0m] [1mInstalled extractor 'tap-postgres'[0m
[2025-07-09T21:55:31.537+0000] {docker.py:429} INFO - [2m2025-07-09T21:55:31.537195Z[0m [[32m[1minfo     [0m] [1mInstalled loader 'target-postgres'[0m
[2025-07-09T21:55:36.533+0000] {docker.py:429} INFO - [2m2025-07-09T21:55:36.532691Z[0m [[32m[1minfo     [0m] [1mInstalled extractor 'tap-csv' [0m
[2025-07-09T21:55:36.661+0000] {docker.py:429} INFO - [2m2025-07-09T21:55:36.660381Z[0m [[32m[1minfo     [0m] [1mInstalled extractor 'tap-csv-latest'[0m
[2025-07-09T21:55:36.779+0000] {docker.py:429} INFO - [2m2025-07-09T21:55:36.778913Z[0m [[32m[1minfo     [0m] [1mInstalled loader 'target-csv' [0m
[2025-07-09T21:55:36.889+0000] {docker.py:429} INFO - [2m2025-07-09T21:55:36.888746Z[0m [[32m[1minfo     [0m] [1mInstalled loader 'target-csv-postgres'[0m
[2025-07-09T21:55:36.940+0000] {docker.py:429} INFO - [2m2025-07-09T21:55:36.939628Z[0m [[32m[1minfo     [0m] [1mInstalled loader 'target-csv-csv'[0m
[2025-07-09T21:55:36.941+0000] {docker.py:429} INFO - [2m2025-07-09T21:55:36.940012Z[0m [[32m[1minfo     [0m] [1mInstalled 7/7 plugins         [0m
[2025-07-09T21:55:37.792+0000] {docker.py:429} INFO - Meltano install completed. Executing command: python /opt/meltano/scripts/generate_csv_config.py
[2025-07-09T21:55:37.839+0000] {docker.py:429} INFO - [{"entity": "order_details", "path": "/opt/output_data/csv/order_details/2025-07-09/file.csv", "keys": ["order_id", "product_id"], "delimiter": ",", "encoding": "utf-8"}, {"entity": "public-categories", "path": "/opt/output_data/postgres/public-categories/2025-07-09/file.csv", "keys": ["category_id"], "delimiter": ",", "encoding": "utf-8"}, {"entity": "public-products", "path": "/opt/output_data/postgres/public-products/2025-07-09/file.csv", "keys": ["product_id"], "delimiter": ",", "encoding": "utf-8"}, {"entity": "public-suppliers", "path": "/opt/output_data/postgres/public-suppliers/2025-07-09/file.csv", "keys": ["supplier_id"], "delimiter": ",", "encoding": "utf-8"}, {"entity": "public-orders", "path": "/opt/output_data/postgres/public-orders/2025-07-09/file.csv", "keys": ["order_id"], "delimiter": ",", "encoding": "utf-8"}, {"entity": "public-customers", "path": "/opt/output_data/postgres/public-customers/2025-07-09/file.csv", "keys": ["customer_id"], "delimiter": ",", "encoding": "utf-8"}, {"entity": "public-employees", "path": "/opt/output_data/postgres/public-employees/2025-07-09/file.csv", "keys": ["employee_id"], "delimiter": ",", "encoding": "utf-8"}, {"entity": "public-employee_territories", "path": "/opt/output_data/postgres/public-employee_territories/2025-07-09/file.csv", "keys": ["employee_id", "territory_id"], "delimiter": ",", "encoding": "utf-8"}, {"entity": "public-territories", "path": "/opt/output_data/postgres/public-territories/2025-07-09/file.csv", "keys": ["territory_id"], "delimiter": ",", "encoding": "utf-8"}, {"entity": "public-region", "path": "/opt/output_data/postgres/public-region/2025-07-09/file.csv", "keys": ["region_id"], "delimiter": ",", "encoding": "utf-8"}, {"entity": "public-shippers", "path": "/opt/output_data/postgres/public-shippers/2025-07-09/file.csv", "keys": ["shipper_id"], "delimiter": ",", "encoding": "utf-8"}, {"entity": "public-us_states", "path": "/opt/output_data/postgres/public-us_states/2025-07-09/file.csv", "keys": ["state_id"], "delimiter": ",", "encoding": "utf-8"}]
[2025-07-09T21:55:38.067+0000] {taskinstance.py:1138} INFO - Marking task as SUCCESS. dag_id=northwind, task_id=gerar_config_csv_dinamica, execution_date=20250709T215452, start_date=20250709T215528, end_date=20250709T215538
[2025-07-09T21:55:38.111+0000] {local_task_job_runner.py:234} INFO - Task exited with return code 0
[2025-07-09T21:55:38.144+0000] {taskinstance.py:3280} INFO - 1 downstream tasks scheduled from follow-on schedule check
