[2025-07-01T20:22:43.730+0000] {taskinstance.py:1956} INFO - Dependencies all met for dep_context=non-requeueable deps ti=<TaskInstance: northwind.gerar_config_csv_dinamica manual__2025-07-01T20:22:04.964404+00:00 [queued]>
[2025-07-01T20:22:43.737+0000] {taskinstance.py:1956} INFO - Dependencies all met for dep_context=requeueable deps ti=<TaskInstance: northwind.gerar_config_csv_dinamica manual__2025-07-01T20:22:04.964404+00:00 [queued]>
[2025-07-01T20:22:43.737+0000] {taskinstance.py:2170} INFO - Starting attempt 1 of 2
[2025-07-01T20:22:43.749+0000] {taskinstance.py:2191} INFO - Executing <Task(DockerOperator): gerar_config_csv_dinamica> on 2025-07-01 20:22:04.964404+00:00
[2025-07-01T20:22:43.752+0000] {standard_task_runner.py:60} INFO - Started process 184 to run task
[2025-07-01T20:22:43.755+0000] {standard_task_runner.py:87} INFO - Running: ['***', 'tasks', 'run', 'northwind', 'gerar_config_csv_dinamica', 'manual__2025-07-01T20:22:04.964404+00:00', '--job-id', '4', '--raw', '--subdir', 'DAGS_FOLDER/northwind.py', '--cfg-path', '/tmp/tmpjh_d0df6']
[2025-07-01T20:22:43.758+0000] {standard_task_runner.py:88} INFO - Job 4: Subtask gerar_config_csv_dinamica
[2025-07-01T20:22:43.801+0000] {task_command.py:423} INFO - Running <TaskInstance: northwind.gerar_config_csv_dinamica manual__2025-07-01T20:22:04.964404+00:00 [running]> on host 424e77a09744
[2025-07-01T20:22:43.864+0000] {taskinstance.py:2480} INFO - Exporting env vars: AIRFLOW_CTX_DAG_EMAIL='lrbf@cin.ufpe.br' AIRFLOW_CTX_DAG_OWNER='***' AIRFLOW_CTX_DAG_ID='northwind' AIRFLOW_CTX_TASK_ID='gerar_config_csv_dinamica' AIRFLOW_CTX_EXECUTION_DATE='2025-07-01T20:22:04.964404+00:00' AIRFLOW_CTX_TRY_NUMBER='1' AIRFLOW_CTX_DAG_RUN_ID='manual__2025-07-01T20:22:04.964404+00:00'
[2025-07-01T20:22:43.908+0000] {docker.py:359} INFO - Starting docker container from image meltano:latest
[2025-07-01T20:22:44.160+0000] {docker.py:429} INFO - Running meltano install...
[2025-07-01T20:22:45.219+0000] {docker.py:429} INFO - [2m2025-07-01T20:22:45.218666Z[0m [[32m[1minfo     [0m] [1mInstalling 7 plugins          [0m
[2025-07-01T20:22:45.228+0000] {docker.py:429} INFO - [2m2025-07-01T20:22:45.228032Z[0m [[32m[1minfo     [0m] [1mInstalling extractor 'tap-postgres'[0m
[2025-07-01T20:22:45.246+0000] {docker.py:429} INFO - [2m2025-07-01T20:22:45.245187Z[0m [[32m[1minfo     [0m] [1mInstalling extractor 'tap-csv'[0m
[2025-07-01T20:22:45.273+0000] {docker.py:429} INFO - [2m2025-07-01T20:22:45.272667Z[0m [[32m[1minfo     [0m] [1mInstalling extractor 'tap-csv-latest'[0m
[2025-07-01T20:22:45.300+0000] {docker.py:429} INFO - [2m2025-07-01T20:22:45.299427Z[0m [[32m[1minfo     [0m] [1mInstalling loader 'target-postgres'[0m
[2025-07-01T20:22:45.333+0000] {docker.py:429} INFO - [2m2025-07-01T20:22:45.332118Z[0m [[32m[1minfo     [0m] [1mInstalling loader 'target-csv'[0m
[2025-07-01T20:22:45.382+0000] {docker.py:429} INFO - [2m2025-07-01T20:22:45.381920Z[0m [[32m[1minfo     [0m] [1mInstalling loader 'target-csv-postgres'[0m
[2025-07-01T20:22:45.443+0000] {docker.py:429} INFO - [2m2025-07-01T20:22:45.442475Z[0m [[32m[1minfo     [0m] [1mInstalling loader 'target-csv-csv'[0m
[2025-07-01T20:22:46.594+0000] {docker.py:429} INFO - [2m2025-07-01T20:22:46.593772Z[0m [[32m[1minfo     [0m] [1mInstalled extractor 'tap-postgres'[0m
[2025-07-01T20:22:46.663+0000] {docker.py:429} INFO - [2m2025-07-01T20:22:46.663076Z[0m [[32m[1minfo     [0m] [1mInstalled loader 'target-postgres'[0m
[2025-07-01T20:22:51.540+0000] {docker.py:429} INFO - [2m2025-07-01T20:22:51.539903Z[0m [[32m[1minfo     [0m] [1mInstalled extractor 'tap-csv' [0m
[2025-07-01T20:22:51.555+0000] {docker.py:429} INFO - [2m2025-07-01T20:22:51.554664Z[0m [[32m[1minfo     [0m] [1mInstalled extractor 'tap-csv-latest'[0m
[2025-07-01T20:22:51.913+0000] {docker.py:429} INFO - [2m2025-07-01T20:22:51.912330Z[0m [[32m[1minfo     [0m] [1mInstalled loader 'target-csv' [0m
[2025-07-01T20:22:52.900+0000] {docker.py:429} INFO - [2m2025-07-01T20:22:52.899352Z[0m [[32m[1minfo     [0m] [1mInstalled loader 'target-csv-csv'[0m
[2025-07-01T20:22:53.148+0000] {docker.py:429} INFO - [2m2025-07-01T20:22:53.148082Z[0m [[32m[1minfo     [0m] [1mInstalled loader 'target-csv-postgres'[0m
[2m2025-07-01T20:22:53.148391Z[0m [[32m[1minfo     [0m] [1mInstalled 7/7 plugins         [0m
[2025-07-01T20:22:54.011+0000] {docker.py:429} INFO - Meltano install completed. Executing command: python /opt/meltano/scripts/generate_csv_config.py
[2025-07-01T20:22:54.047+0000] {docker.py:429} INFO - {"files": [{"entity": "order_details", "path": "/opt/output_data/csv/order_details/2025-07-01/file.csv", "keys": ["order_id", "product_id"], "delimiter": ",", "encoding": "utf-8"}, {"entity": "public-categories", "path": "/opt/output_data/postgres/public-categories/2025-07-01/file.csv", "keys": ["category_id"], "delimiter": ",", "encoding": "utf-8"}, {"entity": "public-products", "path": "/opt/output_data/postgres/public-products/2025-07-01/file.csv", "keys": ["product_id"], "delimiter": ",", "encoding": "utf-8"}, {"entity": "public-suppliers", "path": "/opt/output_data/postgres/public-suppliers/2025-07-01/file.csv", "keys": ["supplier_id"], "delimiter": ",", "encoding": "utf-8"}, {"entity": "public-orders", "path": "/opt/output_data/postgres/public-orders/2025-07-01/file.csv", "keys": ["order_id"], "delimiter": ",", "encoding": "utf-8"}, {"entity": "public-customers", "path": "/opt/output_data/postgres/public-customers/2025-07-01/file.csv", "keys": ["customer_id"], "delimiter": ",", "encoding": "utf-8"}, {"entity": "public-employees", "path": "/opt/output_data/postgres/public-employees/2025-07-01/file.csv", "keys": ["employee_id"], "delimiter": ",", "encoding": "utf-8"}, {"entity": "public-employee_territories", "path": "/opt/output_data/postgres/public-employee_territories/2025-07-01/file.csv", "keys": ["employee_id", "territory_id"], "delimiter": ",", "encoding": "utf-8"}, {"entity": "public-territories", "path": "/opt/output_data/postgres/public-territories/2025-07-01/file.csv", "keys": ["territory_id"], "delimiter": ",", "encoding": "utf-8"}, {"entity": "public-region", "path": "/opt/output_data/postgres/public-region/2025-07-01/file.csv", "keys": ["region_id"], "delimiter": ",", "encoding": "utf-8"}, {"entity": "public-shippers", "path": "/opt/output_data/postgres/public-shippers/2025-07-01/file.csv", "keys": ["shipper_id"], "delimiter": ",", "encoding": "utf-8"}, {"entity": "public-us_states", "path": "/opt/output_data/postgres/public-us_states/2025-07-01/file.csv", "keys": ["state_id"], "delimiter": ",", "encoding": "utf-8"}]}
[2025-07-01T20:22:54.240+0000] {taskinstance.py:1138} INFO - Marking task as SUCCESS. dag_id=northwind, task_id=gerar_config_csv_dinamica, execution_date=20250701T202204, start_date=20250701T202243, end_date=20250701T202254
[2025-07-01T20:22:54.283+0000] {local_task_job_runner.py:234} INFO - Task exited with return code 0
[2025-07-01T20:22:54.300+0000] {taskinstance.py:3280} INFO - 1 downstream tasks scheduled from follow-on schedule check
