[2025-07-01T13:29:54.530+0000] {taskinstance.py:1956} INFO - Dependencies all met for dep_context=non-requeueable deps ti=<TaskInstance: northwind.extração_csv manual__2025-07-01T13:29:30.148101+00:00 [queued]>
[2025-07-01T13:29:54.544+0000] {taskinstance.py:1956} INFO - Dependencies all met for dep_context=requeueable deps ti=<TaskInstance: northwind.extração_csv manual__2025-07-01T13:29:30.148101+00:00 [queued]>
[2025-07-01T13:29:54.545+0000] {taskinstance.py:2170} INFO - Starting attempt 1 of 2
[2025-07-01T13:29:54.566+0000] {taskinstance.py:2191} INFO - Executing <Task(DockerOperator): extração_csv> on 2025-07-01 13:29:30.148101+00:00
[2025-07-01T13:29:54.571+0000] {standard_task_runner.py:60} INFO - Started process 177 to run task
[2025-07-01T13:29:54.575+0000] {standard_task_runner.py:87} INFO - Running: ['***', 'tasks', 'run', 'northwind', 'extração_csv', 'manual__2025-07-01T13:29:30.148101+00:00', '--job-id', '44', '--raw', '--subdir', 'DAGS_FOLDER/dag.py', '--cfg-path', '/tmp/tmp0n0q1lzp']
[2025-07-01T13:29:54.578+0000] {standard_task_runner.py:88} INFO - Job 44: Subtask extração_csv
[2025-07-01T13:29:54.632+0000] {task_command.py:423} INFO - Running <TaskInstance: northwind.extração_csv manual__2025-07-01T13:29:30.148101+00:00 [running]> on host a0138d8cef03
[2025-07-01T13:29:54.716+0000] {taskinstance.py:2480} INFO - Exporting env vars: AIRFLOW_CTX_DAG_EMAIL='lrbf@cin.ufpe.br' AIRFLOW_CTX_DAG_OWNER='***' AIRFLOW_CTX_DAG_ID='northwind' AIRFLOW_CTX_TASK_ID='extração_csv' AIRFLOW_CTX_EXECUTION_DATE='2025-07-01T13:29:30.148101+00:00' AIRFLOW_CTX_TRY_NUMBER='1' AIRFLOW_CTX_DAG_RUN_ID='manual__2025-07-01T13:29:30.148101+00:00'
[2025-07-01T13:29:54.792+0000] {docker.py:359} INFO - Starting docker container from image meltano:latest
[2025-07-01T13:29:55.161+0000] {docker.py:429} INFO - Running meltano install...
[2025-07-01T13:29:56.495+0000] {docker.py:429} INFO - [2m2025-07-01T13:29:56.494215Z[0m [[32m[1minfo     [0m] [1mInstalling 7 plugins          [0m
[2025-07-01T13:29:56.509+0000] {docker.py:429} INFO - [2m2025-07-01T13:29:56.508062Z[0m [[32m[1minfo     [0m] [1mInstalling extractor 'tap-postgres'[0m
[2025-07-01T13:29:56.528+0000] {docker.py:429} INFO - [2m2025-07-01T13:29:56.527114Z[0m [[32m[1minfo     [0m] [1mInstalling extractor 'tap-csv'[0m
[2025-07-01T13:29:56.549+0000] {docker.py:429} INFO - [2m2025-07-01T13:29:56.548743Z[0m [[32m[1minfo     [0m] [1mInstalling extractor 'tap-csv-latest'[0m
[2025-07-01T13:29:56.590+0000] {docker.py:429} INFO - [2m2025-07-01T13:29:56.589176Z[0m [[32m[1minfo     [0m] [1mInstalling loader 'target-postgres'[0m
[2025-07-01T13:29:56.632+0000] {docker.py:429} INFO - [2m2025-07-01T13:29:56.631319Z[0m [[32m[1minfo     [0m] [1mInstalling loader 'target-csv'[0m
[2025-07-01T13:29:56.671+0000] {docker.py:429} INFO - [2m2025-07-01T13:29:56.670766Z[0m [[32m[1minfo     [0m] [1mInstalling loader 'target-csv-postgres'[0m
[2025-07-01T13:29:56.727+0000] {docker.py:429} INFO - [2m2025-07-01T13:29:56.720371Z[0m [[32m[1minfo     [0m] [1mInstalling loader 'target-csv-csv'[0m
[2025-07-01T13:29:58.430+0000] {docker.py:429} INFO - [2m2025-07-01T13:29:58.429863Z[0m [[32m[1minfo     [0m] [1mInstalled extractor 'tap-postgres'[0m
[2025-07-01T13:29:58.465+0000] {docker.py:429} INFO - [2m2025-07-01T13:29:58.465243Z[0m [[32m[1minfo     [0m] [1mInstalled loader 'target-postgres'[0m
[2025-07-01T13:30:03.380+0000] {docker.py:429} INFO - [2m2025-07-01T13:30:03.379099Z[0m [[32m[1minfo     [0m] [1mInstalled extractor 'tap-csv-latest'[0m
[2025-07-01T13:30:03.484+0000] {docker.py:429} INFO - [2m2025-07-01T13:30:03.483782Z[0m [[32m[1minfo     [0m] [1mInstalled extractor 'tap-csv' [0m
[2025-07-01T13:30:04.056+0000] {docker.py:429} INFO - [2m2025-07-01T13:30:04.055372Z[0m [[32m[1minfo     [0m] [1mInstalled loader 'target-csv-csv'[0m
[2025-07-01T13:30:04.234+0000] {docker.py:429} INFO - [2m2025-07-01T13:30:04.233263Z[0m [[32m[1minfo     [0m] [1mInstalled loader 'target-csv' [0m
[2025-07-01T13:30:04.329+0000] {docker.py:429} INFO - [2m2025-07-01T13:30:04.328528Z[0m [[32m[1minfo     [0m] [1mInstalled loader 'target-csv-postgres'[0m
[2025-07-01T13:30:04.329+0000] {docker.py:429} INFO - [2m2025-07-01T13:30:04.328886Z[0m [[32m[1minfo     [0m] [1mInstalled 7/7 plugins         [0m
[2025-07-01T13:30:05.187+0000] {docker.py:429} INFO - Meltano install completed. Executing command: meltano el tap-csv target-csv-csv
[2025-07-01T13:30:05.864+0000] {docker.py:429} INFO - [2m2025-07-01T13:30:05.864088Z[0m [[32m[1minfo     [0m] [1mEnvironment 'dev' is active   [0m
[2025-07-01T13:30:06.309+0000] {docker.py:429} INFO - [2m2025-07-01T13:30:06.308979Z[0m [[32m[1minfo     [0m] [1mRunning extract & load...     [0m [36mname[0m=[35mmeltano[0m [36mrun_id[0m=[35m9181739c-12cc-4340-b882-6aee8a8beb94[0m [36mstate_id[0m=[35m2025-07-01T133006--tap-csv--target-csv-csv[0m
[2025-07-01T13:30:07.826+0000] {docker.py:429} INFO - [2m2025-07-01T13:30:07.825645Z[0m [[32m[1minfo     [0m] [1mINFO Sending version information to singer.io. To disable sending anonymous usage data, set the config parameter "disable_collection" to true[0m [36mcmd_type[0m=[35mloader[0m [36mname[0m=[35mtarget-csv-csv[0m [36mrun_id[0m=[35m9181739c-12cc-4340-b882-6aee8a8beb94[0m [36mstate_id[0m=[35m2025-07-01T133006--tap-csv--target-csv-csv[0m [36mstdio[0m=[35mstderr[0m
[2025-07-01T13:30:08.287+0000] {docker.py:429} INFO - [2m2025-07-01T13:30:08.287176Z[0m [[32m[1minfo     [0m] [1m/opt/meltano/.meltano/extractors/tap-csv/venv/lib/python3.9/site-packages/singer_sdk/tap_base.py:516: SingerSDKDeprecationWarning: Passing a catalog file path is deprecated. Please pass the catalog as a dictionary or Catalog object instead.[0m [36mcmd_type[0m=[35mextractor[0m [36mname[0m=[35mtap-csv[0m [36mrun_id[0m=[35m9181739c-12cc-4340-b882-6aee8a8beb94[0m [36mstate_id[0m=[35m2025-07-01T133006--tap-csv--target-csv-csv[0m [36mstdio[0m=[35mstderr[0m
[2025-07-01T13:30:08.288+0000] {docker.py:429} INFO - [2m2025-07-01T13:30:08.287532Z[0m [[32m[1minfo     [0m] [1m  tap = cls(                  [0m [36mcmd_type[0m=[35mextractor[0m [36mname[0m=[35mtap-csv[0m [36mrun_id[0m=[35m9181739c-12cc-4340-b882-6aee8a8beb94[0m [36mstate_id[0m=[35m2025-07-01T133006--tap-csv--target-csv-csv[0m [36mstdio[0m=[35mstderr[0m
[2025-07-01T13:30:08.288+0000] {docker.py:429} INFO - [2m2025-07-01T13:30:08.287750Z[0m [[32m[1minfo     [0m] [1m                              [0m [36mcmd_type[0m=[35mextractor[0m [36mname[0m=[35mtap-csv[0m [36mrun_id[0m=[35m9181739c-12cc-4340-b882-6aee8a8beb94[0m [36mstate_id[0m=[35m2025-07-01T133006--tap-csv--target-csv-csv[0m [36mstdio[0m=[35mstderr[0m
[2025-07-01T13:30:08.289+0000] {docker.py:429} INFO - [2m2025-07-01T13:30:08.288040Z[0m [[32m[1minfo     [0m] [1mBeginning full_table sync of 'order_details'...[0m [36mcmd_type[0m=[35mextractor[0m [36mname[0m=[35mtap-csv[0m [36mrun_id[0m=[35m9181739c-12cc-4340-b882-6aee8a8beb94[0m [36mstate_id[0m=[35m2025-07-01T133006--tap-csv--target-csv-csv[0m [36mstdio[0m=[35mstderr[0m
[2025-07-01T13:30:08.289+0000] {docker.py:429} INFO - [2m2025-07-01T13:30:08.288279Z[0m [[32m[1minfo     [0m] [1mTap has custom mapper. Using 1 provided map(s).[0m [36mcmd_type[0m=[35mextractor[0m [36mname[0m=[35mtap-csv[0m [36mrun_id[0m=[35m9181739c-12cc-4340-b882-6aee8a8beb94[0m [36mstate_id[0m=[35m2025-07-01T133006--tap-csv--target-csv-csv[0m [36mstdio[0m=[35mstderr[0m
[2025-07-01T13:30:08.425+0000] {docker.py:429} INFO - [2m2025-07-01T13:30:08.423336Z[0m [[32m[1minfo     [0m] [1mMETRIC: {"type": "timer", "metric": "sync_duration", "value": 0.18342232704162598, "tags": {"stream": "order_details", "pid": 176, "context": {}, "status": "succeeded"}}[0m [36mcmd_type[0m=[35mextractor[0m [36mname[0m=[35mtap-csv[0m [36mrun_id[0m=[35m9181739c-12cc-4340-b882-6aee8a8beb94[0m [36mstate_id[0m=[35m2025-07-01T133006--tap-csv--target-csv-csv[0m [36mstdio[0m=[35mstderr[0m
[2025-07-01T13:30:08.425+0000] {docker.py:429} INFO - [2m2025-07-01T13:30:08.424698Z[0m [[32m[1minfo     [0m] [1mMETRIC: {"type": "counter", "metric": "record_count", "value": 2155, "tags": {"stream": "order_details", "pid": 176, "context": {}}}[0m [36mcmd_type[0m=[35mextractor[0m [36mname[0m=[35mtap-csv[0m [36mrun_id[0m=[35m9181739c-12cc-4340-b882-6aee8a8beb94[0m [36mstate_id[0m=[35m2025-07-01T133006--tap-csv--target-csv-csv[0m [36mstdio[0m=[35mstderr[0m
[2025-07-01T13:30:08.578+0000] {docker.py:429} INFO - [2m2025-07-01T13:30:08.577840Z[0m [[32m[1minfo     [0m] [1mUsing systemdb state backend  [0m
[2025-07-01T13:30:08.593+0000] {docker.py:429} INFO - [2m2025-07-01T13:30:08.592071Z[0m [[32m[1minfo     [0m] [1mIncremental state has been updated at 2025-07-01 13:30:08.592005+00:00.[0m
[2025-07-01T13:30:08.594+0000] {docker.py:429} INFO - [2m2025-07-01T13:30:08.594101Z[0m [[32m[1minfo     [0m] [1mExtract & load complete!      [0m [36mname[0m=[35mmeltano[0m [36mrun_id[0m=[35m9181739c-12cc-4340-b882-6aee8a8beb94[0m [36mstate_id[0m=[35m2025-07-01T133006--tap-csv--target-csv-csv[0m
[2025-07-01T13:30:08.595+0000] {docker.py:429} INFO - [2m2025-07-01T13:30:08.594488Z[0m [[32m[1minfo     [0m] [1mTransformation skipped.       [0m [36mname[0m=[35mmeltano[0m [36mrun_id[0m=[35m9181739c-12cc-4340-b882-6aee8a8beb94[0m [36mstate_id[0m=[35m2025-07-01T133006--tap-csv--target-csv-csv[0m
[2025-07-01T13:30:09.692+0000] {taskinstance.py:1138} INFO - Marking task as SUCCESS. dag_id=northwind, task_id=extração_csv, execution_date=20250701T132930, start_date=20250701T132954, end_date=20250701T133009
[2025-07-01T13:30:09.712+0000] {local_task_job_runner.py:234} INFO - Task exited with return code 0
[2025-07-01T13:30:09.736+0000] {taskinstance.py:3280} INFO - 1 downstream tasks scheduled from follow-on schedule check
