[2025-06-24T19:23:30.146+0000] {taskinstance.py:1956} INFO - Dependencies all met for dep_context=non-requeueable deps ti=<TaskInstance: northwind.carregamento_postgres manual__2025-06-24T19:17:13.172671+00:00 [queued]>
[2025-06-24T19:23:30.173+0000] {taskinstance.py:1956} INFO - Dependencies all met for dep_context=requeueable deps ti=<TaskInstance: northwind.carregamento_postgres manual__2025-06-24T19:17:13.172671+00:00 [queued]>
[2025-06-24T19:23:30.174+0000] {taskinstance.py:2170} INFO - Starting attempt 2 of 2
[2025-06-24T19:23:30.208+0000] {taskinstance.py:2191} INFO - Executing <Task(DockerOperator): carregamento_postgres> on 2025-06-24 19:17:13.172671+00:00
[2025-06-24T19:23:30.228+0000] {standard_task_runner.py:60} INFO - Started process 248 to run task
[2025-06-24T19:23:30.232+0000] {standard_task_runner.py:87} INFO - Running: ['***', 'tasks', 'run', 'northwind', 'carregamento_postgres', 'manual__2025-06-24T19:17:13.172671+00:00', '--job-id', '74', '--raw', '--subdir', 'DAGS_FOLDER/dag.py', '--cfg-path', '/tmp/tmpfeoqc4al']
[2025-06-24T19:23:30.244+0000] {standard_task_runner.py:88} INFO - Job 74: Subtask carregamento_postgres
[2025-06-24T19:23:30.450+0000] {task_command.py:423} INFO - Running <TaskInstance: northwind.carregamento_postgres manual__2025-06-24T19:17:13.172671+00:00 [running]> on host a06304be4538
[2025-06-24T19:23:30.660+0000] {taskinstance.py:2480} INFO - Exporting env vars: AIRFLOW_CTX_DAG_EMAIL='lrbf@cin.ufpe.br' AIRFLOW_CTX_DAG_OWNER='***' AIRFLOW_CTX_DAG_ID='northwind' AIRFLOW_CTX_TASK_ID='carregamento_postgres' AIRFLOW_CTX_EXECUTION_DATE='2025-06-24T19:17:13.172671+00:00' AIRFLOW_CTX_TRY_NUMBER='2' AIRFLOW_CTX_DAG_RUN_ID='manual__2025-06-24T19:17:13.172671+00:00'
[2025-06-24T19:23:31.527+0000] {docker.py:359} INFO - Starting docker container from image meltano:latest
[2025-06-24T19:23:33.240+0000] {docker.py:429} INFO - Running meltano install...
[2025-06-24T19:23:34.514+0000] {docker.py:429} INFO - [2m2025-06-24T19:23:34.513507Z[0m [[32m[1minfo     [0m] [1mInstalling 7 plugins          [0m
[2025-06-24T19:23:34.524+0000] {docker.py:429} INFO - [2m2025-06-24T19:23:34.523294Z[0m [[32m[1minfo     [0m] [1mInstalling extractor 'tap-postgres'[0m
[2025-06-24T19:23:34.541+0000] {docker.py:429} INFO - [2m2025-06-24T19:23:34.540705Z[0m [[32m[1minfo     [0m] [1mInstalling extractor 'tap-csv'[0m
[2025-06-24T19:23:34.559+0000] {docker.py:429} INFO - [2m2025-06-24T19:23:34.558665Z[0m [[32m[1minfo     [0m] [1mInstalling extractor 'tap-csv-latest'[0m
[2025-06-24T19:23:34.576+0000] {docker.py:429} INFO - [2m2025-06-24T19:23:34.576238Z[0m [[32m[1minfo     [0m] [1mInstalling loader 'target-postgres'[0m
[2025-06-24T19:23:34.596+0000] {docker.py:429} INFO - [2m2025-06-24T19:23:34.596124Z[0m [[32m[1minfo     [0m] [1mInstalling loader 'target-csv'[0m
[2025-06-24T19:23:34.621+0000] {docker.py:429} INFO - [2m2025-06-24T19:23:34.620965Z[0m [[32m[1minfo     [0m] [1mInstalling loader 'target-csv-postgres'[0m
[2025-06-24T19:23:34.645+0000] {docker.py:429} INFO - [2m2025-06-24T19:23:34.644103Z[0m [[32m[1minfo     [0m] [1mInstalling loader 'target-csv-csv'[0m
[2025-06-24T19:23:36.322+0000] {docker.py:429} INFO - [2m2025-06-24T19:23:36.321503Z[0m [[32m[1minfo     [0m] [1mInstalled loader 'target-postgres'[0m
[2025-06-24T19:23:36.323+0000] {docker.py:429} INFO - [2m2025-06-24T19:23:36.322059Z[0m [[32m[1minfo     [0m] [1mInstalled extractor 'tap-postgres'[0m
[2025-06-24T19:23:42.726+0000] {docker.py:429} INFO - [2m2025-06-24T19:23:42.726218Z[0m [[32m[1minfo     [0m] [1mInstalled extractor 'tap-csv-latest'[0m
[2025-06-24T19:23:42.820+0000] {docker.py:429} INFO - [2m2025-06-24T19:23:42.819844Z[0m [[32m[1minfo     [0m] [1mInstalled extractor 'tap-csv' [0m
[2025-06-24T19:23:43.213+0000] {docker.py:429} INFO - [2m2025-06-24T19:23:43.212205Z[0m [[32m[1minfo     [0m] [1mInstalled loader 'target-csv' [0m
[2025-06-24T19:23:43.387+0000] {docker.py:429} INFO - [2m2025-06-24T19:23:43.386322Z[0m [[32m[1minfo     [0m] [1mInstalled loader 'target-csv-postgres'[0m
[2025-06-24T19:23:43.408+0000] {docker.py:429} INFO - [2m2025-06-24T19:23:43.407597Z[0m [[32m[1minfo     [0m] [1mInstalled loader 'target-csv-csv'[0m
[2025-06-24T19:23:43.408+0000] {docker.py:429} INFO - [2m2025-06-24T19:23:43.407941Z[0m [[32m[1minfo     [0m] [1mInstalled 7/7 plugins         [0m
[2025-06-24T19:23:44.854+0000] {docker.py:429} INFO - Meltano install completed. Executing command: meltano el tap-csv-latest target-postgres
[2025-06-24T19:23:45.955+0000] {docker.py:429} INFO - [2m2025-06-24T19:23:45.954743Z[0m [[32m[1minfo     [0m] [1mEnvironment 'dev' is active   [0m
[2025-06-24T19:23:46.325+0000] {docker.py:429} INFO - [2m2025-06-24T19:23:46.324539Z[0m [[32m[1minfo     [0m] [1mRunning extract & load...     [0m [36mname[0m=[35mmeltano[0m [36mrun_id[0m=[35m5cc07113-0c5d-48f1-bbfe-e402aa9cd32d[0m [36mstate_id[0m=[35m2025-06-24T192346--tap-csv-latest--target-postgres[0m
[2025-06-24T19:23:47.219+0000] {docker.py:429} INFO - [2m2025-06-24T19:23:47.218872Z[0m [[32m[1minfo     [0m] [1mTraceback (most recent call last):[0m [36mcmd_type[0m=[35mextractor[0m [36mname[0m=[35mtap-csv-latest[0m [36mrun_id[0m=[35m5cc07113-0c5d-48f1-bbfe-e402aa9cd32d[0m [36mstate_id[0m=[35m2025-06-24T192346--tap-csv-latest--target-postgres[0m [36mstdio[0m=[35mstderr[0m
[2025-06-24T19:23:47.220+0000] {docker.py:429} INFO - [2m2025-06-24T19:23:47.219375Z[0m [[32m[1minfo     [0m] [1m  File "/opt/meltano/.meltano/extractors/tap-csv-latest/venv/bin/tap-csv", line 8, in <module>[0m [36mcmd_type[0m=[35mextractor[0m [36mname[0m=[35mtap-csv-latest[0m [36mrun_id[0m=[35m5cc07113-0c5d-48f1-bbfe-e402aa9cd32d[0m [36mstate_id[0m=[35m2025-06-24T192346--tap-csv-latest--target-postgres[0m [36mstdio[0m=[35mstderr[0m
[2025-06-24T19:23:47.221+0000] {docker.py:429} INFO - [2m2025-06-24T19:23:47.219850Z[0m [[32m[1minfo     [0m] [1m    sys.exit(TapCSV.cli())    [0m [36mcmd_type[0m=[35mextractor[0m [36mname[0m=[35mtap-csv-latest[0m [36mrun_id[0m=[35m5cc07113-0c5d-48f1-bbfe-e402aa9cd32d[0m [36mstate_id[0m=[35m2025-06-24T192346--tap-csv-latest--target-postgres[0m [36mstdio[0m=[35mstderr[0m
[2025-06-24T19:23:47.221+0000] {docker.py:429} INFO - [2m2025-06-24T19:23:47.220147Z[0m [[32m[1minfo     [0m] [1m  File "/opt/meltano/.meltano/extractors/tap-csv-latest/venv/lib/python3.10/site-packages/click/core.py", line 1442, in __call__[0m [36mcmd_type[0m=[35mextractor[0m [36mname[0m=[35mtap-csv-latest[0m [36mrun_id[0m=[35m5cc07113-0c5d-48f1-bbfe-e402aa9cd32d[0m [36mstate_id[0m=[35m2025-06-24T192346--tap-csv-latest--target-postgres[0m [36mstdio[0m=[35mstderr[0m
[2025-06-24T19:23:47.221+0000] {docker.py:429} INFO - [2m2025-06-24T19:23:47.220537Z[0m [[32m[1minfo     [0m] [1m    return self.main(*args, **kwargs)[0m [36mcmd_type[0m=[35mextractor[0m [36mname[0m=[35mtap-csv-latest[0m [36mrun_id[0m=[35m5cc07113-0c5d-48f1-bbfe-e402aa9cd32d[0m [36mstate_id[0m=[35m2025-06-24T192346--tap-csv-latest--target-postgres[0m [36mstdio[0m=[35mstderr[0m
[2025-06-24T19:23:47.222+0000] {docker.py:429} INFO - [2m2025-06-24T19:23:47.220909Z[0m [[32m[1minfo     [0m] [1m  File "/opt/meltano/.meltano/extractors/tap-csv-latest/venv/lib/python3.10/site-packages/click/core.py", line 1363, in main[0m [36mcmd_type[0m=[35mextractor[0m [36mname[0m=[35mtap-csv-latest[0m [36mrun_id[0m=[35m5cc07113-0c5d-48f1-bbfe-e402aa9cd32d[0m [36mstate_id[0m=[35m2025-06-24T192346--tap-csv-latest--target-postgres[0m [36mstdio[0m=[35mstderr[0m
[2025-06-24T19:23:47.222+0000] {docker.py:429} INFO - [2m2025-06-24T19:23:47.221327Z[0m [[32m[1minfo     [0m] [1m    rv = self.invoke(ctx)     [0m [36mcmd_type[0m=[35mextractor[0m [36mname[0m=[35mtap-csv-latest[0m [36mrun_id[0m=[35m5cc07113-0c5d-48f1-bbfe-e402aa9cd32d[0m [36mstate_id[0m=[35m2025-06-24T192346--tap-csv-latest--target-postgres[0m [36mstdio[0m=[35mstderr[0m
[2025-06-24T19:23:47.223+0000] {docker.py:429} INFO - [2m2025-06-24T19:23:47.221606Z[0m [[32m[1minfo     [0m] [1m  File "/opt/meltano/.meltano/extractors/tap-csv-latest/venv/lib/python3.10/site-packages/singer_sdk/plugin_base.py", line 92, in invoke[0m [36mcmd_type[0m=[35mextractor[0m [36mname[0m=[35mtap-csv-latest[0m [36mrun_id[0m=[35m5cc07113-0c5d-48f1-bbfe-e402aa9cd32d[0m [36mstate_id[0m=[35m2025-06-24T192346--tap-csv-latest--target-postgres[0m [36mstdio[0m=[35mstderr[0m
[2025-06-24T19:23:47.223+0000] {docker.py:429} INFO - [2m2025-06-24T19:23:47.222244Z[0m [[32m[1minfo     [0m] [1m    return super().invoke(ctx)[0m [36mcmd_type[0m=[35mextractor[0m [36mname[0m=[35mtap-csv-latest[0m [36mrun_id[0m=[35m5cc07113-0c5d-48f1-bbfe-e402aa9cd32d[0m [36mstate_id[0m=[35m2025-06-24T192346--tap-csv-latest--target-postgres[0m [36mstdio[0m=[35mstderr[0m
[2025-06-24T19:23:47.224+0000] {docker.py:429} INFO - [2m2025-06-24T19:23:47.222551Z[0m [[32m[1minfo     [0m] [1m  File "/opt/meltano/.meltano/extractors/tap-csv-latest/venv/lib/python3.10/site-packages/click/core.py", line 1226, in invoke[0m [36mcmd_type[0m=[35mextractor[0m [36mname[0m=[35mtap-csv-latest[0m [36mrun_id[0m=[35m5cc07113-0c5d-48f1-bbfe-e402aa9cd32d[0m [36mstate_id[0m=[35m2025-06-24T192346--tap-csv-latest--target-postgres[0m [36mstdio[0m=[35mstderr[0m
[2025-06-24T19:23:47.224+0000] {docker.py:429} INFO - [2m2025-06-24T19:23:47.222878Z[0m [[32m[1minfo     [0m] [1m    return ctx.invoke(self.callback, **ctx.params)[0m [36mcmd_type[0m=[35mextractor[0m [36mname[0m=[35mtap-csv-latest[0m [36mrun_id[0m=[35m5cc07113-0c5d-48f1-bbfe-e402aa9cd32d[0m [36mstate_id[0m=[35m2025-06-24T192346--tap-csv-latest--target-postgres[0m [36mstdio[0m=[35mstderr[0m
[2025-06-24T19:23:47.224+0000] {docker.py:429} INFO - [2m2025-06-24T19:23:47.223115Z[0m [[32m[1minfo     [0m] [1m  File "/opt/meltano/.meltano/extractors/tap-csv-latest/venv/lib/python3.10/site-packages/click/core.py", line 794, in invoke[0m [36mcmd_type[0m=[35mextractor[0m [36mname[0m=[35mtap-csv-latest[0m [36mrun_id[0m=[35m5cc07113-0c5d-48f1-bbfe-e402aa9cd32d[0m [36mstate_id[0m=[35m2025-06-24T192346--tap-csv-latest--target-postgres[0m [36mstdio[0m=[35mstderr[0m
[2025-06-24T19:23:47.225+0000] {docker.py:429} INFO - [2m2025-06-24T19:23:47.223312Z[0m [[32m[1minfo     [0m] [1m    return callback(*args, **kwargs)[0m [36mcmd_type[0m=[35mextractor[0m [36mname[0m=[35mtap-csv-latest[0m [36mrun_id[0m=[35m5cc07113-0c5d-48f1-bbfe-e402aa9cd32d[0m [36mstate_id[0m=[35m2025-06-24T192346--tap-csv-latest--target-postgres[0m [36mstdio[0m=[35mstderr[0m
[2025-06-24T19:23:47.225+0000] {docker.py:429} INFO - [2m2025-06-24T19:23:47.223524Z[0m [[32m[1minfo     [0m] [1m  File "/opt/meltano/.meltano/extractors/tap-csv-latest/venv/lib/python3.10/site-packages/singer_sdk/tap_base.py", line 516, in invoke[0m [36mcmd_type[0m=[35mextractor[0m [36mname[0m=[35mtap-csv-latest[0m [36mrun_id[0m=[35m5cc07113-0c5d-48f1-bbfe-e402aa9cd32d[0m [36mstate_id[0m=[35m2025-06-24T192346--tap-csv-latest--target-postgres[0m [36mstdio[0m=[35mstderr[0m
[2025-06-24T19:23:47.225+0000] {docker.py:429} INFO - [2m2025-06-24T19:23:47.223880Z[0m [[32m[1minfo     [0m] [1m    tap = cls(                [0m [36mcmd_type[0m=[35mextractor[0m [36mname[0m=[35mtap-csv-latest[0m [36mrun_id[0m=[35m5cc07113-0c5d-48f1-bbfe-e402aa9cd32d[0m [36mstate_id[0m=[35m2025-06-24T192346--tap-csv-latest--target-postgres[0m [36mstdio[0m=[35mstderr[0m
[2025-06-24T19:23:47.226+0000] {docker.py:429} INFO - [2m2025-06-24T19:23:47.224223Z[0m [[32m[1minfo     [0m] [1m  File "/opt/meltano/.meltano/extractors/tap-csv-latest/venv/lib/python3.10/site-packages/singer_sdk/tap_base.py", line 118, in __init__[0m [36mcmd_type[0m=[35mextractor[0m [36mname[0m=[35mtap-csv-latest[0m [36mrun_id[0m=[35m5cc07113-0c5d-48f1-bbfe-e402aa9cd32d[0m [36mstate_id[0m=[35m2025-06-24T192346--tap-csv-latest--target-postgres[0m [36mstdio[0m=[35mstderr[0m
[2025-06-24T19:23:47.226+0000] {docker.py:429} INFO - [2m2025-06-24T19:23:47.224563Z[0m [[32m[1minfo     [0m] [1m    self.setup_mapper()       [0m [36mcmd_type[0m=[35mextractor[0m [36mname[0m=[35mtap-csv-latest[0m [36mrun_id[0m=[35m5cc07113-0c5d-48f1-bbfe-e402aa9cd32d[0m [36mstate_id[0m=[35m2025-06-24T192346--tap-csv-latest--target-postgres[0m [36mstdio[0m=[35mstderr[0m
[2025-06-24T19:23:47.227+0000] {docker.py:429} INFO - [2m2025-06-24T19:23:47.225144Z[0m [[32m[1minfo     [0m] [1m  File "/opt/meltano/.meltano/extractors/tap-csv-latest/venv/lib/python3.10/site-packages/singer_sdk/tap_base.py", line 194, in setup_mapper[0m [36mcmd_type[0m=[35mextractor[0m [36mname[0m=[35mtap-csv-latest[0m [36mrun_id[0m=[35m5cc07113-0c5d-48f1-bbfe-e402aa9cd32d[0m [36mstate_id[0m=[35m2025-06-24T192346--tap-csv-latest--target-postgres[0m [36mstdio[0m=[35mstderr[0m
[2m2025-06-24T19:23:47.225576Z[0m [[32m[1minfo     [0m] [1m    self.mapper.register_raw_streams_from_catalog(self.catalog)[0m [36mcmd_type[0m=[35mextractor[0m [36mname[0m=[35mtap-csv-latest[0m [36mrun_id[0m=[35m5cc07113-0c5d-48f1-bbfe-e402aa9cd32d[0m [36mstate_id[0m=[35m2025-06-24T192346--tap-csv-latest--target-postgres[0m [36mstdio[0m=[35mstderr[0m
[2m2025-06-24T19:23:47.225852Z[0m [[32m[1minfo     [0m] [1m  File "/opt/meltano/.meltano/extractors/tap-csv-latest/venv/lib/python3.10/site-packages/singer_sdk/tap_base.py", line 187, in catalog[0m [36mcmd_type[0m=[35mextractor[0m [36mname[0m=[35mtap-csv-latest[0m [36mrun_id[0m=[35m5cc07113-0c5d-48f1-bbfe-e402aa9cd32d[0m [36mstate_id[0m=[35m2025-06-24T192346--tap-csv-latest--target-postgres[0m [36mstdio[0m=[35mstderr[0m
[2m2025-06-24T19:23:47.226096Z[0m [[32m[1minfo     [0m] [1m    self._catalog = self.input_catalog or self._singer_catalog[0m [36mcmd_type[0m=[35mextractor[0m [36mname[0m=[35mtap-csv-latest[0m [36mrun_id[0m=[35m5cc07113-0c5d-48f1-bbfe-e402aa9cd32d[0m [36mstate_id[0m=[35m2025-06-24T192346--tap-csv-latest--target-postgres[0m [36mstdio[0m=[35mstderr[0m
[2m2025-06-24T19:23:47.226391Z[0m [[32m[1minfo     [0m] [1m  File "/opt/meltano/.meltano/extractors/tap-csv-latest/venv/lib/python3.10/site-packages/singer_sdk/tap_base.py", line 340, in _singer_catalog[0m [36mcmd_type[0m=[35mextractor[0m [36mname[0m=[35mtap-csv-latest[0m [36mrun_id[0m=[35m5cc07113-0c5d-48f1-bbfe-e402aa9cd32d[0m [36mstate_id[0m=[35m2025-06-24T192346--tap-csv-latest--target-postgres[0m [36mstdio[0m=[35mstderr[0m
[2025-06-24T19:23:47.228+0000] {docker.py:429} INFO - [2m2025-06-24T19:23:47.227294Z[0m [[32m[1minfo     [0m] [1m    for stream in self.streams.values()[0m [36mcmd_type[0m=[35mextractor[0m [36mname[0m=[35mtap-csv-latest[0m [36mrun_id[0m=[35m5cc07113-0c5d-48f1-bbfe-e402aa9cd32d[0m [36mstate_id[0m=[35m2025-06-24T192346--tap-csv-latest--target-postgres[0m [36mstdio[0m=[35mstderr[0m
[2m2025-06-24T19:23:47.227903Z[0m [[32m[1minfo     [0m] [1m  File "/opt/meltano/.meltano/extractors/tap-csv-latest/venv/lib/python3.10/site-packages/singer_sdk/tap_base.py", line 149, in streams[0m [36mcmd_type[0m=[35mextractor[0m [36mname[0m=[35mtap-csv-latest[0m [36mrun_id[0m=[35m5cc07113-0c5d-48f1-bbfe-e402aa9cd32d[0m [36mstate_id[0m=[35m2025-06-24T192346--tap-csv-latest--target-postgres[0m [36mstdio[0m=[35mstderr[0m
[2m2025-06-24T19:23:47.228169Z[0m [[32m[1minfo     [0m] [1m    for stream in self.load_streams():[0m [36mcmd_type[0m=[35mextractor[0m [36mname[0m=[35mtap-csv-latest[0m [36mrun_id[0m=[35m5cc07113-0c5d-48f1-bbfe-e402aa9cd32d[0m [36mstate_id[0m=[35m2025-06-24T192346--tap-csv-latest--target-postgres[0m [36mstdio[0m=[35mstderr[0m
[2025-06-24T19:23:47.228+0000] {docker.py:429} INFO - [2m2025-06-24T19:23:47.228441Z[0m [[32m[1minfo     [0m] [1m  File "/opt/meltano/.meltano/extractors/tap-csv-latest/venv/lib/python3.10/site-packages/singer_sdk/tap_base.py", line 373, in load_streams[0m [36mcmd_type[0m=[35mextractor[0m [36mname[0m=[35mtap-csv-latest[0m [36mrun_id[0m=[35m5cc07113-0c5d-48f1-bbfe-e402aa9cd32d[0m [36mstate_id[0m=[35m2025-06-24T192346--tap-csv-latest--target-postgres[0m [36mstdio[0m=[35mstderr[0m
[2025-06-24T19:23:47.229+0000] {docker.py:429} INFO - [2m2025-06-24T19:23:47.228694Z[0m [[32m[1minfo     [0m] [1m    for stream in self.discover_streams():[0m [36mcmd_type[0m=[35mextractor[0m [36mname[0m=[35mtap-csv-latest[0m [36mrun_id[0m=[35m5cc07113-0c5d-48f1-bbfe-e402aa9cd32d[0m [36mstate_id[0m=[35m2025-06-24T192346--tap-csv-latest--target-postgres[0m [36mstdio[0m=[35mstderr[0m
[2025-06-24T19:23:47.229+0000] {docker.py:429} INFO - [2m2025-06-24T19:23:47.228947Z[0m [[32m[1minfo     [0m] [1m  File "/opt/meltano/.meltano/extractors/tap-csv-latest/venv/lib/python3.10/site-packages/tap_csv/tap.py", line 89, in discover_streams[0m [36mcmd_type[0m=[35mextractor[0m [36mname[0m=[35mtap-csv-latest[0m [36mrun_id[0m=[35m5cc07113-0c5d-48f1-bbfe-e402aa9cd32d[0m [36mstate_id[0m=[35m2025-06-24T192346--tap-csv-latest--target-postgres[0m [36mstdio[0m=[35mstderr[0m
[2025-06-24T19:23:47.229+0000] {docker.py:429} INFO - [2m2025-06-24T19:23:47.229225Z[0m [[32m[1minfo     [0m] [1m    return [                  [0m [36mcmd_type[0m=[35mextractor[0m [36mname[0m=[35mtap-csv-latest[0m [36mrun_id[0m=[35m5cc07113-0c5d-48f1-bbfe-e402aa9cd32d[0m [36mstate_id[0m=[35m2025-06-24T192346--tap-csv-latest--target-postgres[0m [36mstdio[0m=[35mstderr[0m
[2025-06-24T19:23:47.229+0000] {docker.py:429} INFO - [2m2025-06-24T19:23:47.229483Z[0m [[32m[1minfo     [0m] [1m  File "/opt/meltano/.meltano/extractors/tap-csv-latest/venv/lib/python3.10/site-packages/tap_csv/tap.py", line 92, in <listcomp>[0m [36mcmd_type[0m=[35mextractor[0m [36mname[0m=[35mtap-csv-latest[0m [36mrun_id[0m=[35m5cc07113-0c5d-48f1-bbfe-e402aa9cd32d[0m [36mstate_id[0m=[35m2025-06-24T192346--tap-csv-latest--target-postgres[0m [36mstdio[0m=[35mstderr[0m
[2025-06-24T19:23:47.230+0000] {docker.py:429} INFO - [2m2025-06-24T19:23:47.229746Z[0m [[32m[1minfo     [0m] [1m    name=file_config.get("entity"),[0m [36mcmd_type[0m=[35mextractor[0m [36mname[0m=[35mtap-csv-latest[0m [36mrun_id[0m=[35m5cc07113-0c5d-48f1-bbfe-e402aa9cd32d[0m [36mstate_id[0m=[35m2025-06-24T192346--tap-csv-latest--target-postgres[0m [36mstdio[0m=[35mstderr[0m
[2025-06-24T19:23:47.230+0000] {docker.py:429} INFO - [2m2025-06-24T19:23:47.230014Z[0m [[32m[1minfo     [0m] [1mAttributeError: 'str' object has no attribute 'get'[0m [36mcmd_type[0m=[35mextractor[0m [36mname[0m=[35mtap-csv-latest[0m [36mrun_id[0m=[35m5cc07113-0c5d-48f1-bbfe-e402aa9cd32d[0m [36mstate_id[0m=[35m2025-06-24T192346--tap-csv-latest--target-postgres[0m [36mstdio[0m=[35mstderr[0m
[2025-06-24T19:23:47.413+0000] {docker.py:429} INFO - [2m2025-06-24T19:23:47.412754Z[0m [[32m[1minfo     [0m] [1mtarget-postgres v0.4.3, Meltano SDK v0.47.2[0m [36mcmd_type[0m=[35mloader[0m [36mname[0m=[35mtarget-postgres[0m [36mrun_id[0m=[35m5cc07113-0c5d-48f1-bbfe-e402aa9cd32d[0m [36mstate_id[0m=[35m2025-06-24T192346--tap-csv-latest--target-postgres[0m [36mstdio[0m=[35mstderr[0m
[2025-06-24T19:23:47.414+0000] {docker.py:429} INFO - [2m2025-06-24T19:23:47.413426Z[0m [[32m[1minfo     [0m] [1mSkipping parse of env var settings...[0m [36mcmd_type[0m=[35mloader[0m [36mname[0m=[35mtarget-postgres[0m [36mrun_id[0m=[35m5cc07113-0c5d-48f1-bbfe-e402aa9cd32d[0m [36mstate_id[0m=[35m2025-06-24T192346--tap-csv-latest--target-postgres[0m [36mstdio[0m=[35mstderr[0m
[2025-06-24T19:23:47.414+0000] {docker.py:429} INFO - [2m2025-06-24T19:23:47.413878Z[0m [[32m[1minfo     [0m] [1mTraceback (most recent call last):[0m [36mcmd_type[0m=[35mloader[0m [36mname[0m=[35mtarget-postgres[0m [36mrun_id[0m=[35m5cc07113-0c5d-48f1-bbfe-e402aa9cd32d[0m [36mstate_id[0m=[35m2025-06-24T192346--tap-csv-latest--target-postgres[0m [36mstdio[0m=[35mstderr[0m
[2025-06-24T19:23:47.414+0000] {docker.py:429} INFO - [2m2025-06-24T19:23:47.414154Z[0m [[32m[1minfo     [0m] [1m  File "/opt/meltano/.meltano/loaders/target-postgres/venv/bin/target-postgres", line 8, in <module>[0m [36mcmd_type[0m=[35mloader[0m [36mname[0m=[35mtarget-postgres[0m [36mrun_id[0m=[35m5cc07113-0c5d-48f1-bbfe-e402aa9cd32d[0m [36mstate_id[0m=[35m2025-06-24T192346--tap-csv-latest--target-postgres[0m [36mstdio[0m=[35mstderr[0m
[2025-06-24T19:23:47.415+0000] {docker.py:429} INFO - [2m2025-06-24T19:23:47.414412Z[0m [[32m[1minfo     [0m] [1m    sys.exit(TargetPostgres.cli())[0m [36mcmd_type[0m=[35mloader[0m [36mname[0m=[35mtarget-postgres[0m [36mrun_id[0m=[35m5cc07113-0c5d-48f1-bbfe-e402aa9cd32d[0m [36mstate_id[0m=[35m2025-06-24T192346--tap-csv-latest--target-postgres[0m [36mstdio[0m=[35mstderr[0m
[2025-06-24T19:23:47.415+0000] {docker.py:429} INFO - [2m2025-06-24T19:23:47.414676Z[0m [[32m[1minfo     [0m] [1m  File "/opt/meltano/.meltano/loaders/target-postgres/venv/lib/python3.10/site-packages/click/core.py", line 1442, in __call__[0m [36mcmd_type[0m=[35mloader[0m [36mname[0m=[35mtarget-postgres[0m [36mrun_id[0m=[35m5cc07113-0c5d-48f1-bbfe-e402aa9cd32d[0m [36mstate_id[0m=[35m2025-06-24T192346--tap-csv-latest--target-postgres[0m [36mstdio[0m=[35mstderr[0m
[2025-06-24T19:23:47.418+0000] {docker.py:429} INFO - [2m2025-06-24T19:23:47.416259Z[0m [[32m[1minfo     [0m] [1m    return self.main(*args, **kwargs)[0m [36mcmd_type[0m=[35mloader[0m [36mname[0m=[35mtarget-postgres[0m [36mrun_id[0m=[35m5cc07113-0c5d-48f1-bbfe-e402aa9cd32d[0m [36mstate_id[0m=[35m2025-06-24T192346--tap-csv-latest--target-postgres[0m [36mstdio[0m=[35mstderr[0m
[2025-06-24T19:23:47.420+0000] {docker.py:429} INFO - [2m2025-06-24T19:23:47.418088Z[0m [[32m[1minfo     [0m] [1m  File "/opt/meltano/.meltano/loaders/target-postgres/venv/lib/python3.10/site-packages/click/core.py", line 1363, in main[0m [36mcmd_type[0m=[35mloader[0m [36mname[0m=[35mtarget-postgres[0m [36mrun_id[0m=[35m5cc07113-0c5d-48f1-bbfe-e402aa9cd32d[0m [36mstate_id[0m=[35m2025-06-24T192346--tap-csv-latest--target-postgres[0m [36mstdio[0m=[35mstderr[0m
[2025-06-24T19:23:47.421+0000] {docker.py:429} INFO - [2m2025-06-24T19:23:47.419259Z[0m [[32m[1minfo     [0m] [1m    rv = self.invoke(ctx)     [0m [36mcmd_type[0m=[35mloader[0m [36mname[0m=[35mtarget-postgres[0m [36mrun_id[0m=[35m5cc07113-0c5d-48f1-bbfe-e402aa9cd32d[0m [36mstate_id[0m=[35m2025-06-24T192346--tap-csv-latest--target-postgres[0m [36mstdio[0m=[35mstderr[0m
[2025-06-24T19:23:47.421+0000] {docker.py:429} INFO - [2m2025-06-24T19:23:47.419714Z[0m [[32m[1minfo     [0m] [1m  File "/opt/meltano/.meltano/loaders/target-postgres/venv/lib/python3.10/site-packages/singer_sdk/plugin_base.py", line 97, in invoke[0m [36mcmd_type[0m=[35mloader[0m [36mname[0m=[35mtarget-postgres[0m [36mrun_id[0m=[35m5cc07113-0c5d-48f1-bbfe-e402aa9cd32d[0m [36mstate_id[0m=[35m2025-06-24T192346--tap-csv-latest--target-postgres[0m [36mstdio[0m=[35mstderr[0m
[2025-06-24T19:23:47.422+0000] {docker.py:429} INFO - [2m2025-06-24T19:23:47.420066Z[0m [[32m[1minfo     [0m] [1m    return super().invoke(ctx)[0m [36mcmd_type[0m=[35mloader[0m [36mname[0m=[35mtarget-postgres[0m [36mrun_id[0m=[35m5cc07113-0c5d-48f1-bbfe-e402aa9cd32d[0m [36mstate_id[0m=[35m2025-06-24T192346--tap-csv-latest--target-postgres[0m [36mstdio[0m=[35mstderr[0m
[2025-06-24T19:23:47.422+0000] {docker.py:429} INFO - [2m2025-06-24T19:23:47.420461Z[0m [[32m[1minfo     [0m] [1m  File "/opt/meltano/.meltano/loaders/target-postgres/venv/lib/python3.10/site-packages/click/core.py", line 1226, in invoke[0m [36mcmd_type[0m=[35mloader[0m [36mname[0m=[35mtarget-postgres[0m [36mrun_id[0m=[35m5cc07113-0c5d-48f1-bbfe-e402aa9cd32d[0m [36mstate_id[0m=[35m2025-06-24T192346--tap-csv-latest--target-postgres[0m [36mstdio[0m=[35mstderr[0m
[2025-06-24T19:23:47.425+0000] {docker.py:429} INFO - [2m2025-06-24T19:23:47.420895Z[0m [[32m[1minfo     [0m] [1m    return ctx.invoke(self.callback, **ctx.params)[0m [36mcmd_type[0m=[35mloader[0m [36mname[0m=[35mtarget-postgres[0m [36mrun_id[0m=[35m5cc07113-0c5d-48f1-bbfe-e402aa9cd32d[0m [36mstate_id[0m=[35m2025-06-24T192346--tap-csv-latest--target-postgres[0m [36mstdio[0m=[35mstderr[0m
[2025-06-24T19:23:47.427+0000] {docker.py:429} INFO - [2m2025-06-24T19:23:47.426412Z[0m [[32m[1minfo     [0m] [1m  File "/opt/meltano/.meltano/loaders/target-postgres/venv/lib/python3.10/site-packages/click/core.py", line 794, in invoke[0m [36mcmd_type[0m=[35mloader[0m [36mname[0m=[35mtarget-postgres[0m [36mrun_id[0m=[35m5cc07113-0c5d-48f1-bbfe-e402aa9cd32d[0m [36mstate_id[0m=[35m2025-06-24T192346--tap-csv-latest--target-postgres[0m [36mstdio[0m=[35mstderr[0m
[2025-06-24T19:23:47.427+0000] {docker.py:429} INFO - [2m2025-06-24T19:23:47.427113Z[0m [[32m[1minfo     [0m] [1m    return callback(*args, **kwargs)[0m [36mcmd_type[0m=[35mloader[0m [36mname[0m=[35mtarget-postgres[0m [36mrun_id[0m=[35m5cc07113-0c5d-48f1-bbfe-e402aa9cd32d[0m [36mstate_id[0m=[35m2025-06-24T192346--tap-csv-latest--target-postgres[0m [36mstdio[0m=[35mstderr[0m
[2025-06-24T19:23:47.428+0000] {docker.py:429} INFO - [2m2025-06-24T19:23:47.428027Z[0m [[32m[1minfo     [0m] [1m  File "/opt/meltano/.meltano/loaders/target-postgres/venv/lib/python3.10/site-packages/singer_sdk/target_base.py", line 583, in invoke[0m [36mcmd_type[0m=[35mloader[0m [36mname[0m=[35mtarget-postgres[0m [36mrun_id[0m=[35m5cc07113-0c5d-48f1-bbfe-e402aa9cd32d[0m [36mstate_id[0m=[35m2025-06-24T192346--tap-csv-latest--target-postgres[0m [36mstdio[0m=[35mstderr[0m
[2025-06-24T19:23:47.429+0000] {docker.py:429} INFO - [2m2025-06-24T19:23:47.428550Z[0m [[32m[1minfo     [0m] [1m    target = cls(             [0m [36mcmd_type[0m=[35mloader[0m [36mname[0m=[35mtarget-postgres[0m [36mrun_id[0m=[35m5cc07113-0c5d-48f1-bbfe-e402aa9cd32d[0m [36mstate_id[0m=[35m2025-06-24T192346--tap-csv-latest--target-postgres[0m [36mstdio[0m=[35mstderr[0m
[2025-06-24T19:23:47.429+0000] {docker.py:429} INFO - [2m2025-06-24T19:23:47.428891Z[0m [[32m[1minfo     [0m] [1m  File "/opt/meltano/.meltano/loaders/target-postgres/venv/lib/python3.10/site-packages/target_postgres/target.py", line 67, in __init__[0m [36mcmd_type[0m=[35mloader[0m [36mname[0m=[35mtarget-postgres[0m [36mrun_id[0m=[35m5cc07113-0c5d-48f1-bbfe-e402aa9cd32d[0m [36mstate_id[0m=[35m2025-06-24T192346--tap-csv-latest--target-postgres[0m [36mstdio[0m=[35mstderr[0m
[2025-06-24T19:23:47.430+0000] {docker.py:429} INFO - [2m2025-06-24T19:23:47.429591Z[0m [[32m[1minfo     [0m] [1m    and self.config.get("dialect+driver") is not None[0m [36mcmd_type[0m=[35mloader[0m [36mname[0m=[35mtarget-postgres[0m [36mrun_id[0m=[35m5cc07113-0c5d-48f1-bbfe-e402aa9cd32d[0m [36mstate_id[0m=[35m2025-06-24T192346--tap-csv-latest--target-postgres[0m [36mstdio[0m=[35mstderr[0m
[2025-06-24T19:23:47.430+0000] {docker.py:429} INFO - [2m2025-06-24T19:23:47.429868Z[0m [[32m[1minfo     [0m] [1mAssertionError: Need either the sqlalchemy_url to be set or host, port, user, password, and dialect+driver to be set[0m [36mcmd_type[0m=[35mloader[0m [36mname[0m=[35mtarget-postgres[0m [36mrun_id[0m=[35m5cc07113-0c5d-48f1-bbfe-e402aa9cd32d[0m [36mstate_id[0m=[35m2025-06-24T192346--tap-csv-latest--target-postgres[0m [36mstdio[0m=[35mstderr[0m
[2025-06-24T19:23:47.551+0000] {docker.py:429} INFO - [2m2025-06-24T19:23:47.550647Z[0m [[31m[1merror    [0m] [1mExtraction failed             [0m [36mcode[0m=[35m1[0m [36mmessage[0m=[35m"AttributeError: 'str' object has no attribute 'get'"[0m [36mname[0m=[35mmeltano[0m [36mrun_id[0m=[35m5cc07113-0c5d-48f1-bbfe-e402aa9cd32d[0m [36mstate_id[0m=[35m2025-06-24T192346--tap-csv-latest--target-postgres[0m
[2025-06-24T19:23:47.552+0000] {docker.py:429} INFO - [2m2025-06-24T19:23:47.551178Z[0m [[31m[1merror    [0m] [1mLoading failed                [0m [36mcode[0m=[35m1[0m [36mmessage[0m=[35m'AssertionError: Need either the sqlalchemy_url to be set or host, port, user, password, and dialect+driver to be set'[0m [36mname[0m=[35mmeltano[0m [36mrun_id[0m=[35m5cc07113-0c5d-48f1-bbfe-e402aa9cd32d[0m [36mstate_id[0m=[35m2025-06-24T192346--tap-csv-latest--target-postgres[0m
[2025-06-24T19:23:47.552+0000] {docker.py:429} INFO - [2m2025-06-24T19:23:47.551819Z[0m [[32m[1minfo     [0m] [1mELT could not be completed: Extractor and loader failed.[0m [36mcmd_type[0m=[35melt[0m [36mname[0m=[35mmeltano[0m [36mrun_id[0m=[35m5cc07113-0c5d-48f1-bbfe-e402aa9cd32d[0m [36mstate_id[0m=[35m2025-06-24T192346--tap-csv-latest--target-postgres[0m [36mstdio[0m=[35mstderr[0m
[2025-06-24T19:23:47.552+0000] {docker.py:429} INFO - [2m2025-06-24T19:23:47.552138Z[0m [[32m[1minfo     [0m] [1mFor more detailed log messages re-run the command using 'meltano --log-level=debug ...' CLI flag.[0m [36mcmd_type[0m=[35melt[0m [36mname[0m=[35mmeltano[0m [36mrun_id[0m=[35m5cc07113-0c5d-48f1-bbfe-e402aa9cd32d[0m [36mstate_id[0m=[35m2025-06-24T192346--tap-csv-latest--target-postgres[0m [36mstdio[0m=[35mstderr[0m
[2025-06-24T19:23:47.553+0000] {docker.py:429} INFO - [2m2025-06-24T19:23:47.552338Z[0m [[32m[1minfo     [0m] [1mNote that you can also check the generated log file at '/opt/meltano/.meltano/logs/elt/2025-06-24T192346--tap-csv-latest--target-postgres/5cc07113-0c5d-48f1-bbfe-e402aa9cd32d/elt.log'.[0m [36mcmd_type[0m=[35melt[0m [36mname[0m=[35mmeltano[0m [36mrun_id[0m=[35m5cc07113-0c5d-48f1-bbfe-e402aa9cd32d[0m [36mstate_id[0m=[35m2025-06-24T192346--tap-csv-latest--target-postgres[0m [36mstdio[0m=[35mstderr[0m
[2025-06-24T19:23:47.553+0000] {docker.py:429} INFO - [2m2025-06-24T19:23:47.552545Z[0m [[32m[1minfo     [0m] [1mFor more information on debugging and logging: https://docs.meltano.com/reference/command-line-interface#debugging[0m [36mcmd_type[0m=[35melt[0m [36mname[0m=[35mmeltano[0m [36mrun_id[0m=[35m5cc07113-0c5d-48f1-bbfe-e402aa9cd32d[0m [36mstate_id[0m=[35m2025-06-24T192346--tap-csv-latest--target-postgres[0m [36mstdio[0m=[35mstderr[0m
[2025-06-24T19:23:47.574+0000] {docker.py:429} INFO - Need help fixing this problem? Visit http://melta.no/ for troubleshooting steps, or to
join our friendly Slack community.

ELT could not be completed: Extractor and loader failed.
For more detailed log messages re-run the command using 'meltano --log-level=debug ...' CLI flag.
Note that you can also check the generated log file at '/opt/meltano/.meltano/logs/elt/2025-06-24T192346--tap-csv-latest--target-postgres/5cc07113-0c5d-48f1-bbfe-e402aa9cd32d/elt.log'.
For more information on debugging and logging: https://docs.meltano.com/reference/command-line-interface#debugging
[2025-06-24T19:23:48.838+0000] {taskinstance.py:2698} ERROR - Task failed with exception
Traceback (most recent call last):
  File "/home/airflow/.local/lib/python3.10/site-packages/airflow/models/taskinstance.py", line 433, in _execute_task
    result = execute_callable(context=context, **execute_callable_kwargs)
  File "/home/airflow/.local/lib/python3.10/site-packages/airflow/providers/docker/operators/docker.py", line 502, in execute
    return self._run_image()
  File "/home/airflow/.local/lib/python3.10/site-packages/airflow/providers/docker/operators/docker.py", line 376, in _run_image
    return self._run_image_with_mounts(self.mounts, add_tmp_variable=False)
  File "/home/airflow/.local/lib/python3.10/site-packages/airflow/providers/docker/operators/docker.py", line 437, in _run_image_with_mounts
    raise DockerContainerFailedException(f"Docker container failed: {result!r}", logs=log_lines)
airflow.providers.docker.exceptions.DockerContainerFailedException: Docker container failed: {'StatusCode': 1}
[2025-06-24T19:23:48.848+0000] {taskinstance.py:1138} INFO - Marking task as FAILED. dag_id=northwind, task_id=carregamento_postgres, execution_date=20250624T191713, start_date=20250624T192330, end_date=20250624T192348
[2025-06-24T19:23:49.006+0000] {logging_mixin.py:188} WARNING - /home/***/.local/lib/python3.10/site-packages/***/utils/email.py:154 RemovedInAirflow3Warning: Fetching SMTP credentials from configuration variables will be deprecated in a future release. Please set credentials using a connection instead.
[2025-06-24T19:23:49.007+0000] {configuration.py:1046} WARNING - section/key [smtp/smtp_user] not found in config
[2025-06-24T19:23:49.007+0000] {email.py:270} INFO - Email alerting: attempt 1
[2025-06-24T19:23:49.027+0000] {configuration.py:1046} WARNING - section/key [smtp/smtp_user] not found in config
[2025-06-24T19:23:49.027+0000] {email.py:270} INFO - Email alerting: attempt 1
[2025-06-24T19:23:49.029+0000] {taskinstance.py:826} ERROR - Failed to send email to: ['lrbf@cin.ufpe.br']
Traceback (most recent call last):
  File "/home/airflow/.local/lib/python3.10/site-packages/airflow/models/taskinstance.py", line 2334, in _run_raw_task
    self._execute_task_with_callbacks(context, test_mode, session=session)
  File "/home/airflow/.local/lib/python3.10/site-packages/airflow/models/taskinstance.py", line 2499, in _execute_task_with_callbacks
    result = self._execute_task(context, task_orig)
  File "/home/airflow/.local/lib/python3.10/site-packages/airflow/models/taskinstance.py", line 2516, in _execute_task
    return _execute_task(self, context, task_orig)
  File "/home/airflow/.local/lib/python3.10/site-packages/airflow/models/taskinstance.py", line 433, in _execute_task
    result = execute_callable(context=context, **execute_callable_kwargs)
  File "/home/airflow/.local/lib/python3.10/site-packages/airflow/providers/docker/operators/docker.py", line 502, in execute
    return self._run_image()
  File "/home/airflow/.local/lib/python3.10/site-packages/airflow/providers/docker/operators/docker.py", line 376, in _run_image
    return self._run_image_with_mounts(self.mounts, add_tmp_variable=False)
  File "/home/airflow/.local/lib/python3.10/site-packages/airflow/providers/docker/operators/docker.py", line 437, in _run_image_with_mounts
    raise DockerContainerFailedException(f"Docker container failed: {result!r}", logs=log_lines)
airflow.providers.docker.exceptions.DockerContainerFailedException: Docker container failed: {'StatusCode': 1}

During handling of the above exception, another exception occurred:

Traceback (most recent call last):
  File "/home/airflow/.local/lib/python3.10/site-packages/airflow/models/taskinstance.py", line 1000, in _email_alert
    send_email(task.email, subject, html_content)
  File "/home/airflow/.local/lib/python3.10/site-packages/airflow/utils/email.py", line 80, in send_email
    return backend(
  File "/home/airflow/.local/lib/python3.10/site-packages/airflow/utils/email.py", line 154, in send_email_smtp
    send_mime_email(e_from=mail_from, e_to=recipients, mime_msg=msg, conn_id=conn_id, dryrun=dryrun)
  File "/home/airflow/.local/lib/python3.10/site-packages/airflow/utils/email.py", line 272, in send_mime_email
    smtp_conn = _get_smtp_connection(smtp_host, smtp_port, smtp_timeout, smtp_ssl)
  File "/home/airflow/.local/lib/python3.10/site-packages/airflow/utils/email.py", line 316, in _get_smtp_connection
    return smtplib.SMTP(host=host, port=port, timeout=timeout)
  File "/usr/local/lib/python3.10/smtplib.py", line 255, in __init__
    (code, msg) = self.connect(host, port)
  File "/usr/local/lib/python3.10/smtplib.py", line 341, in connect
    self.sock = self._get_socket(host, port, self.timeout)
  File "/usr/local/lib/python3.10/smtplib.py", line 312, in _get_socket
    return socket.create_connection((host, port), timeout,
  File "/usr/local/lib/python3.10/socket.py", line 845, in create_connection
    raise err
  File "/usr/local/lib/python3.10/socket.py", line 833, in create_connection
    sock.connect(sa)
ConnectionRefusedError: [Errno 111] Connection refused

During handling of the above exception, another exception occurred:

Traceback (most recent call last):
  File "/home/airflow/.local/lib/python3.10/site-packages/airflow/models/taskinstance.py", line 824, in _handle_failure
    task_instance.email_alert(error, failure_context["task"])
  File "/home/airflow/.local/lib/python3.10/site-packages/airflow/models/taskinstance.py", line 2946, in email_alert
    _email_alert(task_instance=self, exception=exception, task=task)
  File "/home/airflow/.local/lib/python3.10/site-packages/airflow/models/taskinstance.py", line 1002, in _email_alert
    send_email(task.email, subject, html_content_err)
  File "/home/airflow/.local/lib/python3.10/site-packages/airflow/utils/email.py", line 80, in send_email
    return backend(
  File "/home/airflow/.local/lib/python3.10/site-packages/airflow/utils/email.py", line 154, in send_email_smtp
    send_mime_email(e_from=mail_from, e_to=recipients, mime_msg=msg, conn_id=conn_id, dryrun=dryrun)
  File "/home/airflow/.local/lib/python3.10/site-packages/airflow/utils/email.py", line 272, in send_mime_email
    smtp_conn = _get_smtp_connection(smtp_host, smtp_port, smtp_timeout, smtp_ssl)
  File "/home/airflow/.local/lib/python3.10/site-packages/airflow/utils/email.py", line 316, in _get_smtp_connection
    return smtplib.SMTP(host=host, port=port, timeout=timeout)
  File "/usr/local/lib/python3.10/smtplib.py", line 255, in __init__
    (code, msg) = self.connect(host, port)
  File "/usr/local/lib/python3.10/smtplib.py", line 341, in connect
    self.sock = self._get_socket(host, port, self.timeout)
  File "/usr/local/lib/python3.10/smtplib.py", line 312, in _get_socket
    return socket.create_connection((host, port), timeout,
  File "/usr/local/lib/python3.10/socket.py", line 845, in create_connection
    raise err
  File "/usr/local/lib/python3.10/socket.py", line 833, in create_connection
    sock.connect(sa)
ConnectionRefusedError: [Errno 111] Connection refused
[2025-06-24T19:23:49.066+0000] {standard_task_runner.py:107} ERROR - Failed to execute job 74 for task carregamento_postgres (Docker container failed: {'StatusCode': 1}; 248)
[2025-06-24T19:23:49.113+0000] {local_task_job_runner.py:234} INFO - Task exited with return code 1
[2025-06-24T19:23:49.135+0000] {taskinstance.py:3280} INFO - 0 downstream tasks scheduled from follow-on schedule check
