[2025-07-01T14:59:49.710+0000] {taskinstance.py:1956} INFO - Dependencies all met for dep_context=non-requeueable deps ti=<TaskInstance: northwind.gerar_config_csv_dinamica manual__2025-07-01T14:54:02.776758+00:00 [queued]>
[2025-07-01T14:59:49.718+0000] {taskinstance.py:1956} INFO - Dependencies all met for dep_context=requeueable deps ti=<TaskInstance: northwind.gerar_config_csv_dinamica manual__2025-07-01T14:54:02.776758+00:00 [queued]>
[2025-07-01T14:59:49.718+0000] {taskinstance.py:2170} INFO - Starting attempt 1 of 2
[2025-07-01T14:59:49.729+0000] {taskinstance.py:2191} INFO - Executing <Task(DockerOperator): gerar_config_csv_dinamica> on 2025-07-01 14:54:02.776758+00:00
[2025-07-01T14:59:49.733+0000] {standard_task_runner.py:60} INFO - Started process 246 to run task
[2025-07-01T14:59:49.736+0000] {standard_task_runner.py:87} INFO - Running: ['***', 'tasks', 'run', 'northwind', 'gerar_config_csv_dinamica', 'manual__2025-07-01T14:54:02.776758+00:00', '--job-id', '10', '--raw', '--subdir', 'DAGS_FOLDER/northwind.py', '--cfg-path', '/tmp/tmputfxliuc']
[2025-07-01T14:59:49.738+0000] {standard_task_runner.py:88} INFO - Job 10: Subtask gerar_config_csv_dinamica
[2025-07-01T14:59:49.783+0000] {task_command.py:423} INFO - Running <TaskInstance: northwind.gerar_config_csv_dinamica manual__2025-07-01T14:54:02.776758+00:00 [running]> on host 64e5e3bd5aa6
[2025-07-01T14:59:49.853+0000] {taskinstance.py:2480} INFO - Exporting env vars: AIRFLOW_CTX_DAG_EMAIL='lrbf@cin.ufpe.br' AIRFLOW_CTX_DAG_OWNER='***' AIRFLOW_CTX_DAG_ID='northwind' AIRFLOW_CTX_TASK_ID='gerar_config_csv_dinamica' AIRFLOW_CTX_EXECUTION_DATE='2025-07-01T14:54:02.776758+00:00' AIRFLOW_CTX_TRY_NUMBER='1' AIRFLOW_CTX_DAG_RUN_ID='manual__2025-07-01T14:54:02.776758+00:00'
[2025-07-01T14:59:49.903+0000] {docker.py:359} INFO - Starting docker container from image meltano:latest
[2025-07-01T14:59:50.171+0000] {docker.py:429} INFO - Running meltano install...
[2025-07-01T14:59:51.415+0000] {docker.py:429} INFO - [2m2025-07-01T14:59:51.414783Z[0m [[32m[1minfo     [0m] [1mInstalling 7 plugins          [0m
[2025-07-01T14:59:51.426+0000] {docker.py:429} INFO - [2m2025-07-01T14:59:51.425946Z[0m [[32m[1minfo     [0m] [1mInstalling extractor 'tap-postgres'[0m
[2025-07-01T14:59:51.443+0000] {docker.py:429} INFO - [2m2025-07-01T14:59:51.442905Z[0m [[32m[1minfo     [0m] [1mInstalling extractor 'tap-csv'[0m
[2025-07-01T14:59:51.461+0000] {docker.py:429} INFO - [2m2025-07-01T14:59:51.460419Z[0m [[32m[1minfo     [0m] [1mInstalling extractor 'tap-csv-latest'[0m
[2025-07-01T14:59:51.478+0000] {docker.py:429} INFO - [2m2025-07-01T14:59:51.478118Z[0m [[32m[1minfo     [0m] [1mInstalling loader 'target-postgres'[0m
[2025-07-01T14:59:51.505+0000] {docker.py:429} INFO - [2m2025-07-01T14:59:51.504503Z[0m [[32m[1minfo     [0m] [1mInstalling loader 'target-csv'[0m
[2025-07-01T14:59:51.535+0000] {docker.py:429} INFO - [2m2025-07-01T14:59:51.534440Z[0m [[32m[1minfo     [0m] [1mInstalling loader 'target-csv-postgres'[0m
[2025-07-01T14:59:51.566+0000] {docker.py:429} INFO - [2m2025-07-01T14:59:51.566044Z[0m [[32m[1minfo     [0m] [1mInstalling loader 'target-csv-csv'[0m
[2025-07-01T14:59:52.534+0000] {docker.py:429} INFO - [2m2025-07-01T14:59:52.533844Z[0m [[32m[1minfo     [0m] [1mInstalled extractor 'tap-postgres'[0m
[2025-07-01T14:59:52.554+0000] {docker.py:429} INFO - [2m2025-07-01T14:59:52.554105Z[0m [[32m[1minfo     [0m] [1mInstalled loader 'target-postgres'[0m
[2025-07-01T14:59:55.810+0000] {docker.py:429} INFO - [2m2025-07-01T14:59:55.809548Z[0m [[32m[1minfo     [0m] [1mInstalled extractor 'tap-csv-latest'[0m
[2025-07-01T14:59:55.815+0000] {docker.py:429} INFO - [2m2025-07-01T14:59:55.815285Z[0m [[32m[1minfo     [0m] [1mInstalled extractor 'tap-csv' [0m
[2025-07-01T14:59:57.191+0000] {docker.py:429} INFO - [2m2025-07-01T14:59:57.190834Z[0m [[32m[1minfo     [0m] [1mInstalled loader 'target-csv' [0m
[2025-07-01T14:59:57.285+0000] {docker.py:429} INFO - [2m2025-07-01T14:59:57.285305Z[0m [[32m[1minfo     [0m] [1mInstalled loader 'target-csv-postgres'[0m
[2025-07-01T14:59:57.299+0000] {docker.py:429} INFO - [2m2025-07-01T14:59:57.298871Z[0m [[32m[1minfo     [0m] [1mInstalled loader 'target-csv-csv'[0m
[2m2025-07-01T14:59:57.299155Z[0m [[32m[1minfo     [0m] [1mInstalled 7/7 plugins         [0m
[2025-07-01T14:59:57.645+0000] {docker.py:429} INFO - Meltano install completed. Executing command: python /opt/meltano/scripts/generate_csv_config.py
[2025-07-01T14:59:57.685+0000] {docker.py:429} INFO - {"files": [{"entity": "order_details", "path": "/opt/output_data/csv/order_details/2025-07-01/file.csv", "keys": ["order_id", "product_id"], "delimiter": ",", "encoding": "utf-8"}, {"entity": "public-categories", "path": "/opt/output_data/postgres/public-categories/2025-07-01/file.csv", "keys": ["category_id"], "delimiter": ",", "encoding": "utf-8"}, {"entity": "public-products", "path": "/opt/output_data/postgres/public-products/2025-07-01/file.csv", "keys": ["product_id"], "delimiter": ",", "encoding": "utf-8"}, {"entity": "public-suppliers", "path": "/opt/output_data/postgres/public-suppliers/2025-07-01/file.csv", "keys": ["supplier_id"], "delimiter": ",", "encoding": "utf-8"}, {"entity": "public-orders", "path": "/opt/output_data/postgres/public-orders/2025-07-01/file.csv", "keys": ["order_id"], "delimiter": ",", "encoding": "utf-8"}, {"entity": "public-customers", "path": "/opt/output_data/postgres/public-customers/2025-07-01/file.csv", "keys": ["customer_id"], "delimiter": ",", "encoding": "utf-8"}, {"entity": "public-employees", "path": "/opt/output_data/postgres/public-employees/2025-07-01/file.csv", "keys": ["employee_id"], "delimiter": ",", "encoding": "utf-8"}, {"entity": "public-employee_territories", "path": "/opt/output_data/postgres/public-employee_territories/2025-07-01/file.csv", "keys": ["employee_id", "territory_id"], "delimiter": ",", "encoding": "utf-8"}, {"entity": "public-territories", "path": "/opt/output_data/postgres/public-territories/2025-07-01/file.csv", "keys": ["territory_id"], "delimiter": ",", "encoding": "utf-8"}, {"entity": "public-region", "path": "/opt/output_data/postgres/public-region/2025-07-01/file.csv", "keys": ["region_id"], "delimiter": ",", "encoding": "utf-8"}, {"entity": "public-shippers", "path": "/opt/output_data/postgres/public-shippers/2025-07-01/file.csv", "keys": ["shipper_id"], "delimiter": ",", "encoding": "utf-8"}, {"entity": "public-us_states", "path": "/opt/output_data/postgres/public-us_states/2025-07-01/file.csv", "keys": ["state_id"], "delimiter": ",", "encoding": "utf-8"}]}
[2025-07-01T14:59:57.896+0000] {taskinstance.py:1138} INFO - Marking task as SUCCESS. dag_id=northwind, task_id=gerar_config_csv_dinamica, execution_date=20250701T145402, start_date=20250701T145949, end_date=20250701T145957
[2025-07-01T14:59:57.913+0000] {local_task_job_runner.py:234} INFO - Task exited with return code 0
[2025-07-01T14:59:57.944+0000] {taskinstance.py:3280} INFO - 1 downstream tasks scheduled from follow-on schedule check
