[2025-06-24T20:41:23.396+0000] {taskinstance.py:1956} INFO - Dependencies all met for dep_context=non-requeueable deps ti=<TaskInstance: northwind.carregamento_postgres manual__2025-06-24T20:40:46.253506+00:00 [queued]>
[2025-06-24T20:41:23.404+0000] {taskinstance.py:1956} INFO - Dependencies all met for dep_context=requeueable deps ti=<TaskInstance: northwind.carregamento_postgres manual__2025-06-24T20:40:46.253506+00:00 [queued]>
[2025-06-24T20:41:23.405+0000] {taskinstance.py:2170} INFO - Starting attempt 1 of 2
[2025-06-24T20:41:23.418+0000] {taskinstance.py:2191} INFO - Executing <Task(DockerOperator): carregamento_postgres> on 2025-06-24 20:40:46.253506+00:00
[2025-06-24T20:41:23.423+0000] {standard_task_runner.py:60} INFO - Started process 203 to run task
[2025-06-24T20:41:23.427+0000] {standard_task_runner.py:87} INFO - Running: ['***', 'tasks', 'run', 'northwind', 'carregamento_postgres', 'manual__2025-06-24T20:40:46.253506+00:00', '--job-id', '109', '--raw', '--subdir', 'DAGS_FOLDER/dag.py', '--cfg-path', '/tmp/tmp3ng2__bg']
[2025-06-24T20:41:23.429+0000] {standard_task_runner.py:88} INFO - Job 109: Subtask carregamento_postgres
[2025-06-24T20:41:23.477+0000] {task_command.py:423} INFO - Running <TaskInstance: northwind.carregamento_postgres manual__2025-06-24T20:40:46.253506+00:00 [running]> on host 2f206bf85820
[2025-06-24T20:41:21.094+0000] {taskinstance.py:2480} INFO - Exporting env vars: AIRFLOW_CTX_DAG_EMAIL='lrbf@cin.ufpe.br' AIRFLOW_CTX_DAG_OWNER='***' AIRFLOW_CTX_DAG_ID='northwind' AIRFLOW_CTX_TASK_ID='carregamento_postgres' AIRFLOW_CTX_EXECUTION_DATE='2025-06-24T20:40:46.253506+00:00' AIRFLOW_CTX_TRY_NUMBER='1' AIRFLOW_CTX_DAG_RUN_ID='manual__2025-06-24T20:40:46.253506+00:00'
[2025-06-24T20:41:21.229+0000] {docker.py:359} INFO - Starting docker container from image meltano:latest
[2025-06-24T20:41:21.565+0000] {docker.py:429} INFO - Running meltano install...
[2025-06-24T20:41:22.920+0000] {docker.py:429} INFO - [2m2025-06-24T20:41:22.919966Z[0m [[32m[1minfo     [0m] [1mInstalling 7 plugins          [0m
[2025-06-24T20:41:22.932+0000] {docker.py:429} INFO - [2m2025-06-24T20:41:22.931495Z[0m [[32m[1minfo     [0m] [1mInstalling extractor 'tap-postgres'[0m
[2025-06-24T20:41:22.947+0000] {docker.py:429} INFO - [2m2025-06-24T20:41:22.947153Z[0m [[32m[1minfo     [0m] [1mInstalling extractor 'tap-csv'[0m
[2025-06-24T20:41:22.974+0000] {docker.py:429} INFO - [2m2025-06-24T20:41:22.973642Z[0m [[32m[1minfo     [0m] [1mInstalling extractor 'tap-csv-latest'[0m
[2025-06-24T20:41:22.995+0000] {docker.py:429} INFO - [2m2025-06-24T20:41:22.994616Z[0m [[32m[1minfo     [0m] [1mInstalling loader 'target-postgres'[0m
[2025-06-24T20:41:23.020+0000] {docker.py:429} INFO - [2m2025-06-24T20:41:23.018921Z[0m [[32m[1minfo     [0m] [1mInstalling loader 'target-csv'[0m
[2025-06-24T20:41:23.057+0000] {docker.py:429} INFO - [2m2025-06-24T20:41:23.056657Z[0m [[32m[1minfo     [0m] [1mInstalling loader 'target-csv-postgres'[0m
[2025-06-24T20:41:23.103+0000] {docker.py:429} INFO - [2m2025-06-24T20:41:23.100840Z[0m [[32m[1minfo     [0m] [1mInstalling loader 'target-csv-csv'[0m
[2025-06-24T20:41:24.795+0000] {docker.py:429} INFO - [2m2025-06-24T20:41:24.795173Z[0m [[32m[1minfo     [0m] [1mInstalled extractor 'tap-postgres'[0m
[2025-06-24T20:41:24.865+0000] {docker.py:429} INFO - [2m2025-06-24T20:41:24.865216Z[0m [[32m[1minfo     [0m] [1mInstalled loader 'target-postgres'[0m
[2025-06-24T20:41:30.952+0000] {docker.py:429} INFO - [2m2025-06-24T20:41:30.951400Z[0m [[32m[1minfo     [0m] [1mInstalled extractor 'tap-csv-latest'[0m
[2025-06-24T20:41:30.958+0000] {docker.py:429} INFO - [2m2025-06-24T20:41:30.957485Z[0m [[32m[1minfo     [0m] [1mInstalled extractor 'tap-csv' [0m
[2025-06-24T20:41:31.376+0000] {docker.py:429} INFO - [2m2025-06-24T20:41:31.376194Z[0m [[32m[1minfo     [0m] [1mInstalled loader 'target-csv' [0m
[2025-06-24T20:41:31.807+0000] {docker.py:429} INFO - [2m2025-06-24T20:41:31.807255Z[0m [[32m[1minfo     [0m] [1mInstalled loader 'target-csv-csv'[0m
[2025-06-24T20:41:31.831+0000] {docker.py:429} INFO - [2m2025-06-24T20:41:31.830824Z[0m [[32m[1minfo     [0m] [1mInstalled loader 'target-csv-postgres'[0m
[2m2025-06-24T20:41:31.831103Z[0m [[32m[1minfo     [0m] [1mInstalled 7/7 plugins         [0m
[2025-06-24T20:41:32.722+0000] {docker.py:429} INFO - Meltano install completed. Executing command: meltano el tap-csv-latest target-postgres
[2025-06-24T20:41:33.788+0000] {docker.py:429} INFO - [2m2025-06-24T20:41:33.787509Z[0m [[32m[1minfo     [0m] [1mEnvironment 'dev' is active   [0m
[2025-06-24T20:41:34.199+0000] {docker.py:429} INFO - [2m2025-06-24T20:41:34.199152Z[0m [[32m[1minfo     [0m] [1mRunning extract & load...     [0m [36mname[0m=[35mmeltano[0m [36mrun_id[0m=[35m180fabe4-c104-4595-90cc-936886ba0162[0m [36mstate_id[0m=[35m2025-06-24T204133--tap-csv-latest--target-postgres[0m
[2025-06-24T20:41:35.022+0000] {docker.py:429} INFO - [2m2025-06-24T20:41:35.021469Z[0m [[32m[1minfo     [0m] [1mNo CSV file definitions found.[0m [36mcmd_type[0m=[35mextractor[0m [36mname[0m=[35mtap-csv-latest[0m [36mrun_id[0m=[35m180fabe4-c104-4595-90cc-936886ba0162[0m [36mstate_id[0m=[35m2025-06-24T204133--tap-csv-latest--target-postgres[0m [36mstdio[0m=[35mstderr[0m
[2025-06-24T20:41:35.106+0000] {docker.py:429} INFO - [2m2025-06-24T20:41:35.105872Z[0m [[32m[1minfo     [0m] [1mtarget-postgres v0.4.3, Meltano SDK v0.47.2[0m [36mcmd_type[0m=[35mloader[0m [36mname[0m=[35mtarget-postgres[0m [36mrun_id[0m=[35m180fabe4-c104-4595-90cc-936886ba0162[0m [36mstate_id[0m=[35m2025-06-24T204133--tap-csv-latest--target-postgres[0m [36mstdio[0m=[35mstderr[0m
[2025-06-24T20:41:35.107+0000] {docker.py:429} INFO - [2m2025-06-24T20:41:35.106386Z[0m [[32m[1minfo     [0m] [1mSkipping parse of env var settings...[0m [36mcmd_type[0m=[35mloader[0m [36mname[0m=[35mtarget-postgres[0m [36mrun_id[0m=[35m180fabe4-c104-4595-90cc-936886ba0162[0m [36mstate_id[0m=[35m2025-06-24T204133--tap-csv-latest--target-postgres[0m [36mstdio[0m=[35mstderr[0m
[2025-06-24T20:41:35.113+0000] {docker.py:429} INFO - [2m2025-06-24T20:41:35.106694Z[0m [[32m[1minfo     [0m] [1mTraceback (most recent call last):[0m [36mcmd_type[0m=[35mloader[0m [36mname[0m=[35mtarget-postgres[0m [36mrun_id[0m=[35m180fabe4-c104-4595-90cc-936886ba0162[0m [36mstate_id[0m=[35m2025-06-24T204133--tap-csv-latest--target-postgres[0m [36mstdio[0m=[35mstderr[0m
[2m2025-06-24T20:41:35.106954Z[0m [[32m[1minfo     [0m] [1m  File "/opt/meltano/.meltano/loaders/target-postgres/venv/bin/target-postgres", line 8, in <module>[0m [36mcmd_type[0m=[35mloader[0m [36mname[0m=[35mtarget-postgres[0m [36mrun_id[0m=[35m180fabe4-c104-4595-90cc-936886ba0162[0m [36mstate_id[0m=[35m2025-06-24T204133--tap-csv-latest--target-postgres[0m [36mstdio[0m=[35mstderr[0m
[2m2025-06-24T20:41:35.107268Z[0m [[32m[1minfo     [0m] [1m    sys.exit(TargetPostgres.cli())[0m [36mcmd_type[0m=[35mloader[0m [36mname[0m=[35mtarget-postgres[0m [36mrun_id[0m=[35m180fabe4-c104-4595-90cc-936886ba0162[0m [36mstate_id[0m=[35m2025-06-24T204133--tap-csv-latest--target-postgres[0m [36mstdio[0m=[35mstderr[0m
[2025-06-24T20:41:35.114+0000] {docker.py:429} INFO - [2m2025-06-24T20:41:35.107650Z[0m [[32m[1minfo     [0m] [1m  File "/opt/meltano/.meltano/loaders/target-postgres/venv/lib/python3.10/site-packages/click/core.py", line 1442, in __call__[0m [36mcmd_type[0m=[35mloader[0m [36mname[0m=[35mtarget-postgres[0m [36mrun_id[0m=[35m180fabe4-c104-4595-90cc-936886ba0162[0m [36mstate_id[0m=[35m2025-06-24T204133--tap-csv-latest--target-postgres[0m [36mstdio[0m=[35mstderr[0m
[2m2025-06-24T20:41:35.108156Z[0m [[32m[1minfo     [0m] [1m    return self.main(*args, **kwargs)[0m [36mcmd_type[0m=[35mloader[0m [36mname[0m=[35mtarget-postgres[0m [36mrun_id[0m=[35m180fabe4-c104-4595-90cc-936886ba0162[0m [36mstate_id[0m=[35m2025-06-24T204133--tap-csv-latest--target-postgres[0m [36mstdio[0m=[35mstderr[0m
[2m2025-06-24T20:41:35.108471Z[0m [[32m[1minfo     [0m] [1m  File "/opt/meltano/.meltano/loaders/target-postgres/venv/lib/python3.10/site-packages/click/core.py", line 1363, in main[0m [36mcmd_type[0m=[35mloader[0m [36mname[0m=[35mtarget-postgres[0m [36mrun_id[0m=[35m180fabe4-c104-4595-90cc-936886ba0162[0m [36mstate_id[0m=[35m2025-06-24T204133--tap-csv-latest--target-postgres[0m [36mstdio[0m=[35mstderr[0m
[2m2025-06-24T20:41:35.108662Z[0m [[32m[1minfo     [0m] [1m    rv = self.invoke(ctx)     [0m [36mcmd_type[0m=[35mloader[0m [36mname[0m=[35mtarget-postgres[0m [36mrun_id[0m=[35m180fabe4-c104-4595-90cc-936886ba0162[0m [36mstate_id[0m=[35m2025-06-24T204133--tap-csv-latest--target-postgres[0m [36mstdio[0m=[35mstderr[0m
[2m2025-06-24T20:41:35.108897Z[0m [[32m[1minfo     [0m] [1m  File "/opt/meltano/.meltano/loaders/target-postgres/venv/lib/python3.10/site-packages/singer_sdk/plugin_base.py", line 97, in invoke[0m [36mcmd_type[0m=[35mloader[0m [36mname[0m=[35mtarget-postgres[0m [36mrun_id[0m=[35m180fabe4-c104-4595-90cc-936886ba0162[0m [36mstate_id[0m=[35m2025-06-24T204133--tap-csv-latest--target-postgres[0m [36mstdio[0m=[35mstderr[0m
[2m2025-06-24T20:41:35.109128Z[0m [[32m[1minfo     [0m] [1m    return super().invoke(ctx)[0m [36mcmd_type[0m=[35mloader[0m [36mname[0m=[35mtarget-postgres[0m [36mrun_id[0m=[35m180fabe4-c104-4595-90cc-936886ba0162[0m [36mstate_id[0m=[35m2025-06-24T204133--tap-csv-latest--target-postgres[0m [36mstdio[0m=[35mstderr[0m
[2m2025-06-24T20:41:35.109556Z[0m [[32m[1minfo     [0m] [1m  File "/opt/meltano/.meltano/loaders/target-postgres/venv/lib/python3.10/site-packages/click/core.py", line 1226, in invoke[0m [36mcmd_type[0m=[35mloader[0m [36mname[0m=[35mtarget-postgres[0m [36mrun_id[0m=[35m180fabe4-c104-4595-90cc-936886ba0162[0m [36mstate_id[0m=[35m2025-06-24T204133--tap-csv-latest--target-postgres[0m [36mstdio[0m=[35mstderr[0m
[2m2025-06-24T20:41:35.110102Z[0m [[32m[1minfo     [0m] [1m    return ctx.invoke(self.callback, **ctx.params)[0m [36mcmd_type[0m=[35mloader[0m [36mname[0m=[35mtarget-postgres[0m [36mrun_id[0m=[35m180fabe4-c104-4595-90cc-936886ba0162[0m [36mstate_id[0m=[35m2025-06-24T204133--tap-csv-latest--target-postgres[0m [36mstdio[0m=[35mstderr[0m
[2m2025-06-24T20:41:35.110395Z[0m [[32m[1minfo     [0m] [1m  File "/opt/meltano/.meltano/loaders/target-postgres/venv/lib/python3.10/site-packages/click/core.py", line 794, in invoke[0m [36mcmd_type[0m=[35mloader[0m [36mname[0m=[35mtarget-postgres[0m [36mrun_id[0m=[35m180fabe4-c104-4595-90cc-936886ba0162[0m [36mstate_id[0m=[35m2025-06-24T204133--tap-csv-latest--target-postgres[0m [36mstdio[0m=[35mstderr[0m
[2m2025-06-24T20:41:35.110690Z[0m [[32m[1minfo     [0m] [1m    return callback(*args, **kwargs)[0m [36mcmd_type[0m=[35mloader[0m [36mname[0m=[35mtarget-postgres[0m [36mrun_id[0m=[35m180fabe4-c104-4595-90cc-936886ba0162[0m [36mstate_id[0m=[35m2025-06-24T204133--tap-csv-latest--target-postgres[0m [36mstdio[0m=[35mstderr[0m
[2025-06-24T20:41:35.115+0000] {docker.py:429} INFO - [2m2025-06-24T20:41:35.111306Z[0m [[32m[1minfo     [0m] [1m  File "/opt/meltano/.meltano/loaders/target-postgres/venv/lib/python3.10/site-packages/singer_sdk/target_base.py", line 583, in invoke[0m [36mcmd_type[0m=[35mloader[0m [36mname[0m=[35mtarget-postgres[0m [36mrun_id[0m=[35m180fabe4-c104-4595-90cc-936886ba0162[0m [36mstate_id[0m=[35m2025-06-24T204133--tap-csv-latest--target-postgres[0m [36mstdio[0m=[35mstderr[0m
[2m2025-06-24T20:41:35.112104Z[0m [[32m[1minfo     [0m] [1m    target = cls(             [0m [36mcmd_type[0m=[35mloader[0m [36mname[0m=[35mtarget-postgres[0m [36mrun_id[0m=[35m180fabe4-c104-4595-90cc-936886ba0162[0m [36mstate_id[0m=[35m2025-06-24T204133--tap-csv-latest--target-postgres[0m [36mstdio[0m=[35mstderr[0m
[2m2025-06-24T20:41:35.112549Z[0m [[32m[1minfo     [0m] [1m  File "/opt/meltano/.meltano/loaders/target-postgres/venv/lib/python3.10/site-packages/target_postgres/target.py", line 67, in __init__[0m [36mcmd_type[0m=[35mloader[0m [36mname[0m=[35mtarget-postgres[0m [36mrun_id[0m=[35m180fabe4-c104-4595-90cc-936886ba0162[0m [36mstate_id[0m=[35m2025-06-24T204133--tap-csv-latest--target-postgres[0m [36mstdio[0m=[35mstderr[0m
[2m2025-06-24T20:41:35.112845Z[0m [[32m[1minfo     [0m] [1m    and self.config.get("dialect+driver") is not None[0m [36mcmd_type[0m=[35mloader[0m [36mname[0m=[35mtarget-postgres[0m [36mrun_id[0m=[35m180fabe4-c104-4595-90cc-936886ba0162[0m [36mstate_id[0m=[35m2025-06-24T204133--tap-csv-latest--target-postgres[0m [36mstdio[0m=[35mstderr[0m
[2m2025-06-24T20:41:35.113088Z[0m [[32m[1minfo     [0m] [1mAssertionError: Need either the sqlalchemy_url to be set or host, port, user, password, and dialect+driver to be set[0m [36mcmd_type[0m=[35mloader[0m [36mname[0m=[35mtarget-postgres[0m [36mrun_id[0m=[35m180fabe4-c104-4595-90cc-936886ba0162[0m [36mstate_id[0m=[35m2025-06-24T204133--tap-csv-latest--target-postgres[0m [36mstdio[0m=[35mstderr[0m
[2025-06-24T20:41:35.221+0000] {docker.py:429} INFO - [2m2025-06-24T20:41:35.220428Z[0m [[31m[1merror    [0m] [1mExtraction failed             [0m [36mcode[0m=[35m1[0m [36mmessage[0m=[35m'No CSV file definitions found.'[0m [36mname[0m=[35mmeltano[0m [36mrun_id[0m=[35m180fabe4-c104-4595-90cc-936886ba0162[0m [36mstate_id[0m=[35m2025-06-24T204133--tap-csv-latest--target-postgres[0m
[2m2025-06-24T20:41:35.220745Z[0m [[31m[1merror    [0m] [1mLoading failed                [0m [36mcode[0m=[35m1[0m [36mmessage[0m=[35m'AssertionError: Need either the sqlalchemy_url to be set or host, port, user, password, and dialect+driver to be set'[0m [36mname[0m=[35mmeltano[0m [36mrun_id[0m=[35m180fabe4-c104-4595-90cc-936886ba0162[0m [36mstate_id[0m=[35m2025-06-24T204133--tap-csv-latest--target-postgres[0m
[2025-06-24T20:41:35.221+0000] {docker.py:429} INFO - [2m2025-06-24T20:41:35.221326Z[0m [[32m[1minfo     [0m] [1mELT could not be completed: Extractor and loader failed.[0m [36mcmd_type[0m=[35melt[0m [36mname[0m=[35mmeltano[0m [36mrun_id[0m=[35m180fabe4-c104-4595-90cc-936886ba0162[0m [36mstate_id[0m=[35m2025-06-24T204133--tap-csv-latest--target-postgres[0m [36mstdio[0m=[35mstderr[0m
[2025-06-24T20:41:35.222+0000] {docker.py:429} INFO - [2m2025-06-24T20:41:35.221649Z[0m [[32m[1minfo     [0m] [1mFor more detailed log messages re-run the command using 'meltano --log-level=debug ...' CLI flag.[0m [36mcmd_type[0m=[35melt[0m [36mname[0m=[35mmeltano[0m [36mrun_id[0m=[35m180fabe4-c104-4595-90cc-936886ba0162[0m [36mstate_id[0m=[35m2025-06-24T204133--tap-csv-latest--target-postgres[0m [36mstdio[0m=[35mstderr[0m
[2025-06-24T20:41:35.222+0000] {docker.py:429} INFO - [2m2025-06-24T20:41:35.221936Z[0m [[32m[1minfo     [0m] [1mNote that you can also check the generated log file at '/opt/meltano/.meltano/logs/elt/2025-06-24T204133--tap-csv-latest--target-postgres/180fabe4-c104-4595-90cc-936886ba0162/elt.log'.[0m [36mcmd_type[0m=[35melt[0m [36mname[0m=[35mmeltano[0m [36mrun_id[0m=[35m180fabe4-c104-4595-90cc-936886ba0162[0m [36mstate_id[0m=[35m2025-06-24T204133--tap-csv-latest--target-postgres[0m [36mstdio[0m=[35mstderr[0m
[2025-06-24T20:41:35.223+0000] {docker.py:429} INFO - [2m2025-06-24T20:41:35.222282Z[0m [[32m[1minfo     [0m] [1mFor more information on debugging and logging: https://docs.meltano.com/reference/command-line-interface#debugging[0m [36mcmd_type[0m=[35melt[0m [36mname[0m=[35mmeltano[0m [36mrun_id[0m=[35m180fabe4-c104-4595-90cc-936886ba0162[0m [36mstate_id[0m=[35m2025-06-24T204133--tap-csv-latest--target-postgres[0m [36mstdio[0m=[35mstderr[0m
[2025-06-24T20:41:35.394+0000] {docker.py:429} INFO - Need help fixing this problem? Visit http://melta.no/ for troubleshooting steps, or to
join our friendly Slack community.

ELT could not be completed: Extractor and loader failed.
For more detailed log messages re-run the command using 'meltano --log-level=debug ...' CLI flag.
Note that you can also check the generated log file at '/opt/meltano/.meltano/logs/elt/2025-06-24T204133--tap-csv-latest--target-postgres/180fabe4-c104-4595-90cc-936886ba0162/elt.log'.
For more information on debugging and logging: https://docs.meltano.com/reference/command-line-interface#debugging
[2025-06-24T20:41:36.547+0000] {taskinstance.py:2698} ERROR - Task failed with exception
Traceback (most recent call last):
  File "/home/airflow/.local/lib/python3.10/site-packages/airflow/models/taskinstance.py", line 433, in _execute_task
    result = execute_callable(context=context, **execute_callable_kwargs)
  File "/home/airflow/.local/lib/python3.10/site-packages/airflow/providers/docker/operators/docker.py", line 502, in execute
    return self._run_image()
  File "/home/airflow/.local/lib/python3.10/site-packages/airflow/providers/docker/operators/docker.py", line 376, in _run_image
    return self._run_image_with_mounts(self.mounts, add_tmp_variable=False)
  File "/home/airflow/.local/lib/python3.10/site-packages/airflow/providers/docker/operators/docker.py", line 437, in _run_image_with_mounts
    raise DockerContainerFailedException(f"Docker container failed: {result!r}", logs=log_lines)
airflow.providers.docker.exceptions.DockerContainerFailedException: Docker container failed: {'StatusCode': 1}
[2025-06-24T20:41:36.551+0000] {taskinstance.py:1138} INFO - Marking task as UP_FOR_RETRY. dag_id=northwind, task_id=carregamento_postgres, execution_date=20250624T204046, start_date=20250624T204123, end_date=20250624T204136
[2025-06-24T20:41:36.569+0000] {standard_task_runner.py:107} ERROR - Failed to execute job 109 for task carregamento_postgres (Docker container failed: {'StatusCode': 1}; 203)
[2025-06-24T20:41:36.579+0000] {local_task_job_runner.py:234} INFO - Task exited with return code 1
[2025-06-24T20:41:36.591+0000] {taskinstance.py:3280} INFO - 0 downstream tasks scheduled from follow-on schedule check
