[2025-07-09T20:06:35.687+0000] {taskinstance.py:1956} INFO - Dependencies all met for dep_context=non-requeueable deps ti=<TaskInstance: northwind.extração_csv manual__2025-07-09T20:06:20.749604+00:00 [queued]>
[2025-07-09T20:06:35.694+0000] {taskinstance.py:1956} INFO - Dependencies all met for dep_context=requeueable deps ti=<TaskInstance: northwind.extração_csv manual__2025-07-09T20:06:20.749604+00:00 [queued]>
[2025-07-09T20:06:35.695+0000] {taskinstance.py:2170} INFO - Starting attempt 1 of 2
[2025-07-09T20:06:35.706+0000] {taskinstance.py:2191} INFO - Executing <Task(DockerOperator): extração_csv> on 2025-07-09 20:06:20.749604+00:00
[2025-07-09T20:06:35.711+0000] {standard_task_runner.py:60} INFO - Started process 182 to run task
[2025-07-09T20:06:35.715+0000] {standard_task_runner.py:87} INFO - Running: ['***', 'tasks', 'run', 'northwind', 'extração_csv', 'manual__2025-07-09T20:06:20.749604+00:00', '--job-id', '78', '--raw', '--subdir', 'DAGS_FOLDER/northwind.py', '--cfg-path', '/tmp/tmpmea84bbq']
[2025-07-09T20:06:35.717+0000] {standard_task_runner.py:88} INFO - Job 78: Subtask extração_csv
[2025-07-09T20:06:35.763+0000] {task_command.py:423} INFO - Running <TaskInstance: northwind.extração_csv manual__2025-07-09T20:06:20.749604+00:00 [running]> on host 9d65785a077b
[2025-07-09T20:06:35.840+0000] {taskinstance.py:2480} INFO - Exporting env vars: AIRFLOW_CTX_DAG_EMAIL='lrbf@cin.ufpe.br' AIRFLOW_CTX_DAG_OWNER='***' AIRFLOW_CTX_DAG_ID='northwind' AIRFLOW_CTX_TASK_ID='extração_csv' AIRFLOW_CTX_EXECUTION_DATE='2025-07-09T20:06:20.749604+00:00' AIRFLOW_CTX_TRY_NUMBER='1' AIRFLOW_CTX_DAG_RUN_ID='manual__2025-07-09T20:06:20.749604+00:00'
[2025-07-09T20:06:35.893+0000] {docker.py:359} INFO - Starting docker container from image meltano:latest
[2025-07-09T20:06:36.165+0000] {docker.py:429} INFO - Running meltano install...
[2025-07-09T20:06:37.462+0000] {docker.py:429} INFO - [2m2025-07-09T20:06:37.461774Z[0m [[32m[1minfo     [0m] [1mInstalling 7 plugins          [0m
[2025-07-09T20:06:37.481+0000] {docker.py:429} INFO - [2m2025-07-09T20:06:37.480943Z[0m [[32m[1minfo     [0m] [1mInstalling extractor 'tap-postgres'[0m
[2025-07-09T20:06:37.508+0000] {docker.py:429} INFO - [2m2025-07-09T20:06:37.507889Z[0m [[32m[1minfo     [0m] [1mInstalling extractor 'tap-csv'[0m
[2025-07-09T20:06:37.537+0000] {docker.py:429} INFO - [2m2025-07-09T20:06:37.536379Z[0m [[32m[1minfo     [0m] [1mInstalling extractor 'tap-csv-latest'[0m
[2025-07-09T20:06:37.568+0000] {docker.py:429} INFO - [2m2025-07-09T20:06:37.567102Z[0m [[32m[1minfo     [0m] [1mInstalling loader 'target-postgres'[0m
[2025-07-09T20:06:37.600+0000] {docker.py:429} INFO - [2m2025-07-09T20:06:37.599844Z[0m [[32m[1minfo     [0m] [1mInstalling loader 'target-csv'[0m
[2025-07-09T20:06:37.630+0000] {docker.py:429} INFO - [2m2025-07-09T20:06:37.629431Z[0m [[32m[1minfo     [0m] [1mInstalling loader 'target-csv-postgres'[0m
[2025-07-09T20:06:37.659+0000] {docker.py:429} INFO - [2m2025-07-09T20:06:37.658989Z[0m [[32m[1minfo     [0m] [1mInstalling loader 'target-csv-csv'[0m
[2025-07-09T20:06:38.646+0000] {docker.py:429} INFO - [2m2025-07-09T20:06:38.646029Z[0m [[32m[1minfo     [0m] [1mInstalled extractor 'tap-postgres'[0m
[2025-07-09T20:06:38.677+0000] {docker.py:429} INFO - [2m2025-07-09T20:06:38.676819Z[0m [[32m[1minfo     [0m] [1mInstalled loader 'target-postgres'[0m
[2025-07-09T20:06:42.940+0000] {docker.py:429} INFO - [2m2025-07-09T20:06:42.939426Z[0m [[32m[1minfo     [0m] [1mInstalled extractor 'tap-csv' [0m
[2025-07-09T20:06:43.046+0000] {docker.py:429} INFO - [2m2025-07-09T20:06:43.046179Z[0m [[32m[1minfo     [0m] [1mInstalled extractor 'tap-csv-latest'[0m
[2025-07-09T20:06:43.352+0000] {docker.py:429} INFO - [2m2025-07-09T20:06:43.352156Z[0m [[32m[1minfo     [0m] [1mInstalled loader 'target-csv' [0m
[2025-07-09T20:06:43.617+0000] {docker.py:429} INFO - [2m2025-07-09T20:06:43.616555Z[0m [[32m[1minfo     [0m] [1mInstalled loader 'target-csv-csv'[0m
[2025-07-09T20:06:43.815+0000] {docker.py:429} INFO - [2m2025-07-09T20:06:43.814832Z[0m [[32m[1minfo     [0m] [1mInstalled loader 'target-csv-postgres'[0m
[2m2025-07-09T20:06:43.815151Z[0m [[32m[1minfo     [0m] [1mInstalled 7/7 plugins         [0m
[2025-07-09T20:06:44.702+0000] {docker.py:429} INFO - Meltano install completed. Executing command: meltano el tap-csv target-csv-csv
[2025-07-09T20:06:45.947+0000] {docker.py:429} INFO - [2m2025-07-09T20:06:45.946693Z[0m [[32m[1minfo     [0m] [1mEnvironment 'dev' is active   [0m
[2025-07-09T20:06:46.365+0000] {docker.py:429} INFO - [2m2025-07-09T20:06:46.364525Z[0m [[32m[1minfo     [0m] [1mRunning extract & load...     [0m [36mname[0m=[35mmeltano[0m [36mrun_id[0m=[35m43cbc11d-fcc4-4300-be50-bfbaf4f190e6[0m [36mstate_id[0m=[35m2025-07-09T200646--tap-csv--target-csv-csv[0m
[2025-07-09T20:06:47.504+0000] {docker.py:429} INFO - [2m2025-07-09T20:06:47.503552Z[0m [[32m[1minfo     [0m] [1mINFO Sending version information to singer.io. To disable sending anonymous usage data, set the config parameter "disable_collection" to true[0m [36mcmd_type[0m=[35mloader[0m [36mname[0m=[35mtarget-csv-csv[0m [36mrun_id[0m=[35m43cbc11d-fcc4-4300-be50-bfbaf4f190e6[0m [36mstate_id[0m=[35m2025-07-09T200646--tap-csv--target-csv-csv[0m [36mstdio[0m=[35mstderr[0m
[2025-07-09T20:06:47.800+0000] {docker.py:429} INFO - [2m2025-07-09T20:06:47.799682Z[0m [[32m[1minfo     [0m] [1m/opt/meltano/.meltano/extractors/tap-csv/venv/lib/python3.9/site-packages/singer_sdk/tap_base.py:516: SingerSDKDeprecationWarning: Passing a catalog file path is deprecated. Please pass the catalog as a dictionary or Catalog object instead.[0m [36mcmd_type[0m=[35mextractor[0m [36mname[0m=[35mtap-csv[0m [36mrun_id[0m=[35m43cbc11d-fcc4-4300-be50-bfbaf4f190e6[0m [36mstate_id[0m=[35m2025-07-09T200646--tap-csv--target-csv-csv[0m [36mstdio[0m=[35mstderr[0m
[2025-07-09T20:06:47.801+0000] {docker.py:429} INFO - [2m2025-07-09T20:06:47.800157Z[0m [[32m[1minfo     [0m] [1m  tap = cls(                  [0m [36mcmd_type[0m=[35mextractor[0m [36mname[0m=[35mtap-csv[0m [36mrun_id[0m=[35m43cbc11d-fcc4-4300-be50-bfbaf4f190e6[0m [36mstate_id[0m=[35m2025-07-09T200646--tap-csv--target-csv-csv[0m [36mstdio[0m=[35mstderr[0m
[2025-07-09T20:06:47.801+0000] {docker.py:429} INFO - [2m2025-07-09T20:06:47.800425Z[0m [[32m[1minfo     [0m] [1m                              [0m [36mcmd_type[0m=[35mextractor[0m [36mname[0m=[35mtap-csv[0m [36mrun_id[0m=[35m43cbc11d-fcc4-4300-be50-bfbaf4f190e6[0m [36mstate_id[0m=[35m2025-07-09T200646--tap-csv--target-csv-csv[0m [36mstdio[0m=[35mstderr[0m
[2025-07-09T20:06:47.806+0000] {docker.py:429} INFO - [2m2025-07-09T20:06:47.804334Z[0m [[32m[1minfo     [0m] [1mBeginning full_table sync of 'order_details'...[0m [36mcmd_type[0m=[35mextractor[0m [36mname[0m=[35mtap-csv[0m [36mrun_id[0m=[35m43cbc11d-fcc4-4300-be50-bfbaf4f190e6[0m [36mstate_id[0m=[35m2025-07-09T200646--tap-csv--target-csv-csv[0m [36mstdio[0m=[35mstderr[0m
[2025-07-09T20:06:47.807+0000] {docker.py:429} INFO - [2m2025-07-09T20:06:47.805930Z[0m [[32m[1minfo     [0m] [1mTap has custom mapper. Using 1 provided map(s).[0m [36mcmd_type[0m=[35mextractor[0m [36mname[0m=[35mtap-csv[0m [36mrun_id[0m=[35m43cbc11d-fcc4-4300-be50-bfbaf4f190e6[0m [36mstate_id[0m=[35m2025-07-09T200646--tap-csv--target-csv-csv[0m [36mstdio[0m=[35mstderr[0m
[2025-07-09T20:06:47.985+0000] {docker.py:429} INFO - [2m2025-07-09T20:06:47.984447Z[0m [[32m[1minfo     [0m] [1mMETRIC: {"type": "timer", "metric": "sync_duration", "value": 0.17863702774047852, "tags": {"stream": "order_details", "pid": 176, "context": {}, "status": "succeeded"}}[0m [36mcmd_type[0m=[35mextractor[0m [36mname[0m=[35mtap-csv[0m [36mrun_id[0m=[35m43cbc11d-fcc4-4300-be50-bfbaf4f190e6[0m [36mstate_id[0m=[35m2025-07-09T200646--tap-csv--target-csv-csv[0m [36mstdio[0m=[35mstderr[0m
[2025-07-09T20:06:47.986+0000] {docker.py:429} INFO - [2m2025-07-09T20:06:47.985314Z[0m [[32m[1minfo     [0m] [1mMETRIC: {"type": "counter", "metric": "record_count", "value": 2155, "tags": {"stream": "order_details", "pid": 176, "context": {}}}[0m [36mcmd_type[0m=[35mextractor[0m [36mname[0m=[35mtap-csv[0m [36mrun_id[0m=[35m43cbc11d-fcc4-4300-be50-bfbaf4f190e6[0m [36mstate_id[0m=[35m2025-07-09T200646--tap-csv--target-csv-csv[0m [36mstdio[0m=[35mstderr[0m
[2025-07-09T20:06:48.078+0000] {docker.py:429} INFO - [2m2025-07-09T20:06:48.077337Z[0m [[32m[1minfo     [0m] [1mUsing systemdb state backend  [0m
[2025-07-09T20:06:48.091+0000] {docker.py:429} INFO - [2m2025-07-09T20:06:48.090308Z[0m [[32m[1minfo     [0m] [1mIncremental state has been updated at 2025-07-09 20:06:48.090255+00:00.[0m
[2025-07-09T20:06:48.093+0000] {docker.py:429} INFO - [2m2025-07-09T20:06:48.092108Z[0m [[32m[1minfo     [0m] [1mExtract & load complete!      [0m [36mname[0m=[35mmeltano[0m [36mrun_id[0m=[35m43cbc11d-fcc4-4300-be50-bfbaf4f190e6[0m [36mstate_id[0m=[35m2025-07-09T200646--tap-csv--target-csv-csv[0m
[2m2025-07-09T20:06:48.092526Z[0m [[32m[1minfo     [0m] [1mTransformation skipped.       [0m [36mname[0m=[35mmeltano[0m [36mrun_id[0m=[35m43cbc11d-fcc4-4300-be50-bfbaf4f190e6[0m [36mstate_id[0m=[35m2025-07-09T200646--tap-csv--target-csv-csv[0m
[2025-07-09T20:06:49.178+0000] {taskinstance.py:1138} INFO - Marking task as SUCCESS. dag_id=northwind, task_id=extração_csv, execution_date=20250709T200620, start_date=20250709T200635, end_date=20250709T200649
[2025-07-09T20:06:49.195+0000] {local_task_job_runner.py:234} INFO - Task exited with return code 0
[2025-07-09T20:06:49.216+0000] {taskinstance.py:3280} INFO - 1 downstream tasks scheduled from follow-on schedule check
