[2025-07-10T13:07:06.251+0000] {taskinstance.py:1956} INFO - Dependencies all met for dep_context=non-requeueable deps ti=<TaskInstance: northwind.extração_csv manual__2025-07-10T13:06:47.250715+00:00 [queued]>
[2025-07-10T13:07:06.259+0000] {taskinstance.py:1956} INFO - Dependencies all met for dep_context=requeueable deps ti=<TaskInstance: northwind.extração_csv manual__2025-07-10T13:06:47.250715+00:00 [queued]>
[2025-07-10T13:07:06.259+0000] {taskinstance.py:2170} INFO - Starting attempt 1 of 2
[2025-07-10T13:07:06.270+0000] {taskinstance.py:2191} INFO - Executing <Task(DockerOperator): extração_csv> on 2025-07-10 13:06:47.250715+00:00
[2025-07-10T13:07:06.274+0000] {standard_task_runner.py:60} INFO - Started process 179 to run task
[2025-07-10T13:07:06.277+0000] {standard_task_runner.py:87} INFO - Running: ['***', 'tasks', 'run', 'northwind', 'extração_csv', 'manual__2025-07-10T13:06:47.250715+00:00', '--job-id', '44', '--raw', '--subdir', 'DAGS_FOLDER/northwind.py', '--cfg-path', '/tmp/tmpamy0hmh6']
[2025-07-10T13:07:06.278+0000] {standard_task_runner.py:88} INFO - Job 44: Subtask extração_csv
[2025-07-10T13:07:06.321+0000] {task_command.py:423} INFO - Running <TaskInstance: northwind.extração_csv manual__2025-07-10T13:06:47.250715+00:00 [running]> on host 2356ee87eef9
[2025-07-10T13:07:06.392+0000] {taskinstance.py:2480} INFO - Exporting env vars: AIRFLOW_CTX_DAG_EMAIL='lrbf@cin.ufpe.br' AIRFLOW_CTX_DAG_OWNER='***' AIRFLOW_CTX_DAG_ID='northwind' AIRFLOW_CTX_TASK_ID='extração_csv' AIRFLOW_CTX_EXECUTION_DATE='2025-07-10T13:06:47.250715+00:00' AIRFLOW_CTX_TRY_NUMBER='1' AIRFLOW_CTX_DAG_RUN_ID='manual__2025-07-10T13:06:47.250715+00:00'
[2025-07-10T13:07:03.743+0000] {docker.py:359} INFO - Starting docker container from image meltano:latest
[2025-07-10T13:07:04.012+0000] {docker.py:429} INFO - Running meltano install...
[2025-07-10T13:07:05.319+0000] {docker.py:429} INFO - [2m2025-07-10T13:07:05.318047Z[0m [[32m[1minfo     [0m] [1mInstalling 7 plugins          [0m
[2025-07-10T13:07:05.333+0000] {docker.py:429} INFO - [2m2025-07-10T13:07:05.332333Z[0m [[32m[1minfo     [0m] [1mInstalling extractor 'tap-postgres'[0m
[2025-07-10T13:07:05.355+0000] {docker.py:429} INFO - [2m2025-07-10T13:07:05.354923Z[0m [[32m[1minfo     [0m] [1mInstalling extractor 'tap-csv'[0m
[2025-07-10T13:07:05.394+0000] {docker.py:429} INFO - [2m2025-07-10T13:07:05.393039Z[0m [[32m[1minfo     [0m] [1mInstalling extractor 'tap-csv-latest'[0m
[2025-07-10T13:07:05.438+0000] {docker.py:429} INFO - [2m2025-07-10T13:07:05.437204Z[0m [[32m[1minfo     [0m] [1mInstalling loader 'target-postgres'[0m
[2025-07-10T13:07:05.475+0000] {docker.py:429} INFO - [2m2025-07-10T13:07:05.474524Z[0m [[32m[1minfo     [0m] [1mInstalling loader 'target-csv'[0m
[2025-07-10T13:07:05.525+0000] {docker.py:429} INFO - [2m2025-07-10T13:07:05.524582Z[0m [[32m[1minfo     [0m] [1mInstalling loader 'target-csv-postgres'[0m
[2025-07-10T13:07:05.586+0000] {docker.py:429} INFO - [2m2025-07-10T13:07:05.585270Z[0m [[32m[1minfo     [0m] [1mInstalling loader 'target-csv-csv'[0m
[2025-07-10T13:07:07.216+0000] {docker.py:429} INFO - [2m2025-07-10T13:07:07.215699Z[0m [[32m[1minfo     [0m] [1mInstalled extractor 'tap-postgres'[0m
[2025-07-10T13:07:07.295+0000] {docker.py:429} INFO - [2m2025-07-10T13:07:07.294997Z[0m [[32m[1minfo     [0m] [1mInstalled loader 'target-postgres'[0m
[2025-07-10T13:07:11.617+0000] {docker.py:429} INFO - [2m2025-07-10T13:07:11.616789Z[0m [[32m[1minfo     [0m] [1mInstalled extractor 'tap-csv-latest'[0m
[2025-07-10T13:07:11.667+0000] {docker.py:429} INFO - [2m2025-07-10T13:07:11.665564Z[0m [[32m[1minfo     [0m] [1mInstalled extractor 'tap-csv' [0m
[2025-07-10T13:07:12.545+0000] {docker.py:429} INFO - [2m2025-07-10T13:07:12.545005Z[0m [[32m[1minfo     [0m] [1mInstalled loader 'target-csv' [0m
[2025-07-10T13:07:13.105+0000] {docker.py:429} INFO - [2m2025-07-10T13:07:13.104423Z[0m [[32m[1minfo     [0m] [1mInstalled loader 'target-csv-csv'[0m
[2025-07-10T13:07:13.203+0000] {docker.py:429} INFO - [2m2025-07-10T13:07:13.202375Z[0m [[32m[1minfo     [0m] [1mInstalled loader 'target-csv-postgres'[0m
[2025-07-10T13:07:13.203+0000] {docker.py:429} INFO - [2m2025-07-10T13:07:13.202701Z[0m [[32m[1minfo     [0m] [1mInstalled 7/7 plugins         [0m
[2025-07-10T13:07:14.004+0000] {docker.py:429} INFO - Meltano install completed. Executing command: meltano el tap-csv target-csv-csv
[2025-07-10T13:07:15.044+0000] {docker.py:429} INFO - [2m2025-07-10T13:07:15.043478Z[0m [[32m[1minfo     [0m] [1mEnvironment 'dev' is active   [0m
[2025-07-10T13:07:15.389+0000] {docker.py:429} INFO - [2m2025-07-10T13:07:15.388445Z[0m [[32m[1minfo     [0m] [1mRunning extract & load...     [0m [36mname[0m=[35mmeltano[0m [36mrun_id[0m=[35m4dac038a-4931-438f-9e8b-dceee8081ef3[0m [36mstate_id[0m=[35m2025-07-10T130715--tap-csv--target-csv-csv[0m
[2025-07-10T13:07:16.520+0000] {docker.py:429} INFO - [2m2025-07-10T13:07:16.519700Z[0m [[32m[1minfo     [0m] [1mINFO Sending version information to singer.io. To disable sending anonymous usage data, set the config parameter "disable_collection" to true[0m [36mcmd_type[0m=[35mloader[0m [36mname[0m=[35mtarget-csv-csv[0m [36mrun_id[0m=[35m4dac038a-4931-438f-9e8b-dceee8081ef3[0m [36mstate_id[0m=[35m2025-07-10T130715--tap-csv--target-csv-csv[0m [36mstdio[0m=[35mstderr[0m
[2025-07-10T13:07:16.771+0000] {docker.py:429} INFO - [2m2025-07-10T13:07:16.770972Z[0m [[32m[1minfo     [0m] [1m/opt/meltano/.meltano/extractors/tap-csv/venv/lib/python3.9/site-packages/singer_sdk/tap_base.py:516: SingerSDKDeprecationWarning: Passing a catalog file path is deprecated. Please pass the catalog as a dictionary or Catalog object instead.[0m [36mcmd_type[0m=[35mextractor[0m [36mname[0m=[35mtap-csv[0m [36mrun_id[0m=[35m4dac038a-4931-438f-9e8b-dceee8081ef3[0m [36mstate_id[0m=[35m2025-07-10T130715--tap-csv--target-csv-csv[0m [36mstdio[0m=[35mstderr[0m
[2025-07-10T13:07:16.772+0000] {docker.py:429} INFO - [2m2025-07-10T13:07:16.771295Z[0m [[32m[1minfo     [0m] [1m  tap = cls(                  [0m [36mcmd_type[0m=[35mextractor[0m [36mname[0m=[35mtap-csv[0m [36mrun_id[0m=[35m4dac038a-4931-438f-9e8b-dceee8081ef3[0m [36mstate_id[0m=[35m2025-07-10T130715--tap-csv--target-csv-csv[0m [36mstdio[0m=[35mstderr[0m
[2025-07-10T13:07:16.772+0000] {docker.py:429} INFO - [2m2025-07-10T13:07:16.771515Z[0m [[32m[1minfo     [0m] [1m                              [0m [36mcmd_type[0m=[35mextractor[0m [36mname[0m=[35mtap-csv[0m [36mrun_id[0m=[35m4dac038a-4931-438f-9e8b-dceee8081ef3[0m [36mstate_id[0m=[35m2025-07-10T130715--tap-csv--target-csv-csv[0m [36mstdio[0m=[35mstderr[0m
[2025-07-10T13:07:16.772+0000] {docker.py:429} INFO - [2m2025-07-10T13:07:16.771859Z[0m [[32m[1minfo     [0m] [1mBeginning full_table sync of 'order_details'...[0m [36mcmd_type[0m=[35mextractor[0m [36mname[0m=[35mtap-csv[0m [36mrun_id[0m=[35m4dac038a-4931-438f-9e8b-dceee8081ef3[0m [36mstate_id[0m=[35m2025-07-10T130715--tap-csv--target-csv-csv[0m [36mstdio[0m=[35mstderr[0m
[2025-07-10T13:07:16.772+0000] {docker.py:429} INFO - [2m2025-07-10T13:07:16.772177Z[0m [[32m[1minfo     [0m] [1mTap has custom mapper. Using 1 provided map(s).[0m [36mcmd_type[0m=[35mextractor[0m [36mname[0m=[35mtap-csv[0m [36mrun_id[0m=[35m4dac038a-4931-438f-9e8b-dceee8081ef3[0m [36mstate_id[0m=[35m2025-07-10T130715--tap-csv--target-csv-csv[0m [36mstdio[0m=[35mstderr[0m
[2025-07-10T13:07:16.933+0000] {docker.py:429} INFO - [2m2025-07-10T13:07:16.932125Z[0m [[32m[1minfo     [0m] [1mMETRIC: {"type": "timer", "metric": "sync_duration", "value": 0.1602795124053955, "tags": {"stream": "order_details", "pid": 176, "context": {}, "status": "succeeded"}}[0m [36mcmd_type[0m=[35mextractor[0m [36mname[0m=[35mtap-csv[0m [36mrun_id[0m=[35m4dac038a-4931-438f-9e8b-dceee8081ef3[0m [36mstate_id[0m=[35m2025-07-10T130715--tap-csv--target-csv-csv[0m [36mstdio[0m=[35mstderr[0m
[2025-07-10T13:07:16.933+0000] {docker.py:429} INFO - [2m2025-07-10T13:07:16.932578Z[0m [[32m[1minfo     [0m] [1mMETRIC: {"type": "counter", "metric": "record_count", "value": 2155, "tags": {"stream": "order_details", "pid": 176, "context": {}}}[0m [36mcmd_type[0m=[35mextractor[0m [36mname[0m=[35mtap-csv[0m [36mrun_id[0m=[35m4dac038a-4931-438f-9e8b-dceee8081ef3[0m [36mstate_id[0m=[35m2025-07-10T130715--tap-csv--target-csv-csv[0m [36mstdio[0m=[35mstderr[0m
[2025-07-10T13:07:17.052+0000] {docker.py:429} INFO - [2m2025-07-10T13:07:17.051522Z[0m [[32m[1minfo     [0m] [1mUsing systemdb state backend  [0m
[2025-07-10T13:07:17.070+0000] {docker.py:429} INFO - [2m2025-07-10T13:07:17.069801Z[0m [[32m[1minfo     [0m] [1mIncremental state has been updated at 2025-07-10 13:07:17.069761+00:00.[0m
[2025-07-10T13:07:17.071+0000] {docker.py:429} INFO - [2m2025-07-10T13:07:17.071003Z[0m [[32m[1minfo     [0m] [1mExtract & load complete!      [0m [36mname[0m=[35mmeltano[0m [36mrun_id[0m=[35m4dac038a-4931-438f-9e8b-dceee8081ef3[0m [36mstate_id[0m=[35m2025-07-10T130715--tap-csv--target-csv-csv[0m
[2m2025-07-10T13:07:17.071315Z[0m [[32m[1minfo     [0m] [1mTransformation skipped.       [0m [36mname[0m=[35mmeltano[0m [36mrun_id[0m=[35m4dac038a-4931-438f-9e8b-dceee8081ef3[0m [36mstate_id[0m=[35m2025-07-10T130715--tap-csv--target-csv-csv[0m
[2025-07-10T13:07:18.319+0000] {taskinstance.py:1138} INFO - Marking task as SUCCESS. dag_id=northwind, task_id=extração_csv, execution_date=20250710T130647, start_date=20250710T130706, end_date=20250710T130718
[2025-07-10T13:07:18.372+0000] {local_task_job_runner.py:234} INFO - Task exited with return code 0
[2025-07-10T13:07:18.394+0000] {taskinstance.py:3280} INFO - 1 downstream tasks scheduled from follow-on schedule check
