[2025-06-25T20:47:43.918+0000] {taskinstance.py:1956} INFO - Dependencies all met for dep_context=non-requeueable deps ti=<TaskInstance: northwind.extração_csv manual__2025-06-25T20:47:11.497214+00:00 [queued]>
[2025-06-25T20:47:43.937+0000] {taskinstance.py:1956} INFO - Dependencies all met for dep_context=requeueable deps ti=<TaskInstance: northwind.extração_csv manual__2025-06-25T20:47:11.497214+00:00 [queued]>
[2025-06-25T20:47:43.937+0000] {taskinstance.py:2170} INFO - Starting attempt 1 of 2
[2025-06-25T20:47:43.956+0000] {taskinstance.py:2191} INFO - Executing <Task(DockerOperator): extração_csv> on 2025-06-25 20:47:11.497214+00:00
[2025-06-25T20:47:43.962+0000] {standard_task_runner.py:60} INFO - Started process 212 to run task
[2025-06-25T20:47:43.965+0000] {standard_task_runner.py:87} INFO - Running: ['***', 'tasks', 'run', 'northwind', 'extração_csv', 'manual__2025-06-25T20:47:11.497214+00:00', '--job-id', '180', '--raw', '--subdir', 'DAGS_FOLDER/dag.py', '--cfg-path', '/tmp/tmpi0o6gzfb']
[2025-06-25T20:47:43.967+0000] {standard_task_runner.py:88} INFO - Job 180: Subtask extração_csv
[2025-06-25T20:47:44.022+0000] {task_command.py:423} INFO - Running <TaskInstance: northwind.extração_csv manual__2025-06-25T20:47:11.497214+00:00 [running]> on host 6afc1f3750fb
[2025-06-25T20:47:44.124+0000] {taskinstance.py:2480} INFO - Exporting env vars: AIRFLOW_CTX_DAG_EMAIL='lrbf@cin.ufpe.br' AIRFLOW_CTX_DAG_OWNER='***' AIRFLOW_CTX_DAG_ID='northwind' AIRFLOW_CTX_TASK_ID='extração_csv' AIRFLOW_CTX_EXECUTION_DATE='2025-06-25T20:47:11.497214+00:00' AIRFLOW_CTX_TRY_NUMBER='1' AIRFLOW_CTX_DAG_RUN_ID='manual__2025-06-25T20:47:11.497214+00:00'
[2025-06-25T20:47:44.389+0000] {docker.py:359} INFO - Starting docker container from image meltano:latest
[2025-06-25T20:47:44.396+0000] {docker.py:367} WARNING - Using remote engine or docker-in-docker and mounting temporary volume from host is not supported. Falling back to `mount_tmp_dir=False` mode. You can set `mount_tmp_dir` parameter to False to disable mounting and remove the warning
[2025-06-25T20:47:44.910+0000] {docker.py:429} INFO - Running meltano install...
[2025-06-25T20:47:46.142+0000] {docker.py:429} INFO - [2m2025-06-25T20:47:46.141879Z[0m [[32m[1minfo     [0m] [1mInstalling 7 plugins          [0m
[2025-06-25T20:47:46.154+0000] {docker.py:429} INFO - [2m2025-06-25T20:47:46.153404Z[0m [[32m[1minfo     [0m] [1mInstalling extractor 'tap-postgres'[0m
[2025-06-25T20:47:46.170+0000] {docker.py:429} INFO - [2m2025-06-25T20:47:46.169279Z[0m [[32m[1minfo     [0m] [1mInstalling extractor 'tap-csv'[0m
[2025-06-25T20:47:46.185+0000] {docker.py:429} INFO - [2m2025-06-25T20:47:46.184149Z[0m [[32m[1minfo     [0m] [1mInstalling extractor 'tap-csv-latest'[0m
[2025-06-25T20:47:46.200+0000] {docker.py:429} INFO - [2m2025-06-25T20:47:46.199572Z[0m [[32m[1minfo     [0m] [1mInstalling loader 'target-postgres'[0m
[2025-06-25T20:47:46.215+0000] {docker.py:429} INFO - [2m2025-06-25T20:47:46.215165Z[0m [[32m[1minfo     [0m] [1mInstalling loader 'target-csv'[0m
[2025-06-25T20:47:46.234+0000] {docker.py:429} INFO - [2m2025-06-25T20:47:46.233572Z[0m [[32m[1minfo     [0m] [1mInstalling loader 'target-csv-postgres'[0m
[2025-06-25T20:47:46.257+0000] {docker.py:429} INFO - [2m2025-06-25T20:47:46.255463Z[0m [[32m[1minfo     [0m] [1mInstalling loader 'target-csv-csv'[0m
[2025-06-25T20:47:47.522+0000] {docker.py:429} INFO - [2m2025-06-25T20:47:47.522302Z[0m [[32m[1minfo     [0m] [1mInstalled extractor 'tap-postgres'[0m
[2025-06-25T20:47:47.541+0000] {docker.py:429} INFO - [2m2025-06-25T20:47:47.540928Z[0m [[32m[1minfo     [0m] [1mInstalled loader 'target-postgres'[0m
[2025-06-25T20:47:51.122+0000] {docker.py:429} INFO - [2m2025-06-25T20:47:51.121462Z[0m [[32m[1minfo     [0m] [1mInstalled extractor 'tap-csv-latest'[0m
[2025-06-25T20:47:51.229+0000] {docker.py:429} INFO - [2m2025-06-25T20:47:51.228996Z[0m [[32m[1minfo     [0m] [1mInstalled extractor 'tap-csv' [0m
[2025-06-25T20:47:52.190+0000] {docker.py:429} INFO - [2m2025-06-25T20:47:52.189288Z[0m [[32m[1minfo     [0m] [1mInstalled loader 'target-csv' [0m
[2025-06-25T20:47:52.521+0000] {docker.py:429} INFO - [2m2025-06-25T20:47:52.520632Z[0m [[32m[1minfo     [0m] [1mInstalled loader 'target-csv-csv'[0m
[2025-06-25T20:47:52.605+0000] {docker.py:429} INFO - [2m2025-06-25T20:47:52.605229Z[0m [[32m[1minfo     [0m] [1mInstalled loader 'target-csv-postgres'[0m
[2025-06-25T20:47:52.606+0000] {docker.py:429} INFO - [2m2025-06-25T20:47:52.605588Z[0m [[32m[1minfo     [0m] [1mInstalled 7/7 plugins         [0m
[2025-06-25T20:47:53.623+0000] {docker.py:429} INFO - Meltano install completed. Executing command: meltano el tap-csv target-csv-csv
[2025-06-25T20:47:55.271+0000] {docker.py:429} INFO - [2m2025-06-25T20:47:55.270818Z[0m [[32m[1minfo     [0m] [1mEnvironment 'dev' is active   [0m
[2025-06-25T20:47:55.706+0000] {docker.py:429} INFO - [2m2025-06-25T20:47:55.705761Z[0m [[32m[1minfo     [0m] [1mRunning extract & load...     [0m [36mname[0m=[35mmeltano[0m [36mrun_id[0m=[35m484d5c07-f4a3-4cc3-a067-4d2910b8421b[0m [36mstate_id[0m=[35m2025-06-25T204755--tap-csv--target-csv-csv[0m
[2025-06-25T20:47:57.266+0000] {docker.py:429} INFO - [2m2025-06-25T20:47:57.265498Z[0m [[32m[1minfo     [0m] [1mINFO Sending version information to singer.io. To disable sending anonymous usage data, set the config parameter "disable_collection" to true[0m [36mcmd_type[0m=[35mloader[0m [36mname[0m=[35mtarget-csv-csv[0m [36mrun_id[0m=[35m484d5c07-f4a3-4cc3-a067-4d2910b8421b[0m [36mstate_id[0m=[35m2025-06-25T204755--tap-csv--target-csv-csv[0m [36mstdio[0m=[35mstderr[0m
[2025-06-25T20:47:57.602+0000] {docker.py:429} INFO - [2m2025-06-25T20:47:57.601631Z[0m [[32m[1minfo     [0m] [1mBeginning full_table sync of 'order_details'...[0m [36mcmd_type[0m=[35mextractor[0m [36mname[0m=[35mtap-csv[0m [36mrun_id[0m=[35m484d5c07-f4a3-4cc3-a067-4d2910b8421b[0m [36mstate_id[0m=[35m2025-06-25T204755--tap-csv--target-csv-csv[0m [36mstdio[0m=[35mstderr[0m
[2025-06-25T20:47:57.603+0000] {docker.py:429} INFO - [2m2025-06-25T20:47:57.602127Z[0m [[32m[1minfo     [0m] [1mTap has custom mapper. Using 1 provided map(s).[0m [36mcmd_type[0m=[35mextractor[0m [36mname[0m=[35mtap-csv[0m [36mrun_id[0m=[35m484d5c07-f4a3-4cc3-a067-4d2910b8421b[0m [36mstate_id[0m=[35m2025-06-25T204755--tap-csv--target-csv-csv[0m [36mstdio[0m=[35mstderr[0m
[2025-06-25T20:47:57.756+0000] {docker.py:429} INFO - [2m2025-06-25T20:47:57.755514Z[0m [[32m[1minfo     [0m] [1mMETRIC: {"type": "timer", "metric": "sync_duration", "value": 0.15322160720825195, "tags": {"stream": "order_details", "pid": 176, "context": {}, "status": "succeeded"}}[0m [36mcmd_type[0m=[35mextractor[0m [36mname[0m=[35mtap-csv[0m [36mrun_id[0m=[35m484d5c07-f4a3-4cc3-a067-4d2910b8421b[0m [36mstate_id[0m=[35m2025-06-25T204755--tap-csv--target-csv-csv[0m [36mstdio[0m=[35mstderr[0m
[2025-06-25T20:47:57.757+0000] {docker.py:429} INFO - [2m2025-06-25T20:47:57.756802Z[0m [[32m[1minfo     [0m] [1mMETRIC: {"type": "counter", "metric": "record_count", "value": 2155, "tags": {"stream": "order_details", "pid": 176, "context": {}}}[0m [36mcmd_type[0m=[35mextractor[0m [36mname[0m=[35mtap-csv[0m [36mrun_id[0m=[35m484d5c07-f4a3-4cc3-a067-4d2910b8421b[0m [36mstate_id[0m=[35m2025-06-25T204755--tap-csv--target-csv-csv[0m [36mstdio[0m=[35mstderr[0m
[2025-06-25T20:47:57.912+0000] {docker.py:429} INFO - [2m2025-06-25T20:47:57.911410Z[0m [[32m[1minfo     [0m] [1mUsing systemdb state backend  [0m
[2025-06-25T20:47:57.923+0000] {docker.py:429} INFO - [2m2025-06-25T20:47:57.922274Z[0m [[32m[1minfo     [0m] [1mIncremental state has been updated at 2025-06-25 20:47:57.922215+00:00.[0m
[2025-06-25T20:47:57.926+0000] {docker.py:429} INFO - [2m2025-06-25T20:47:57.924680Z[0m [[32m[1minfo     [0m] [1mExtract & load complete!      [0m [36mname[0m=[35mmeltano[0m [36mrun_id[0m=[35m484d5c07-f4a3-4cc3-a067-4d2910b8421b[0m [36mstate_id[0m=[35m2025-06-25T204755--tap-csv--target-csv-csv[0m
[2025-06-25T20:47:57.927+0000] {docker.py:429} INFO - [2m2025-06-25T20:47:57.925385Z[0m [[32m[1minfo     [0m] [1mTransformation skipped.       [0m [36mname[0m=[35mmeltano[0m [36mrun_id[0m=[35m484d5c07-f4a3-4cc3-a067-4d2910b8421b[0m [36mstate_id[0m=[35m2025-06-25T204755--tap-csv--target-csv-csv[0m
[2025-06-25T20:47:59.296+0000] {taskinstance.py:1138} INFO - Marking task as SUCCESS. dag_id=northwind, task_id=extração_csv, execution_date=20250625T204711, start_date=20250625T204743, end_date=20250625T204759
[2025-06-25T20:47:59.348+0000] {local_task_job_runner.py:234} INFO - Task exited with return code 0
[2025-06-25T20:47:59.375+0000] {taskinstance.py:3280} INFO - 1 downstream tasks scheduled from follow-on schedule check
