[2025-06-30T21:49:29.304+0000] {taskinstance.py:1956} INFO - Dependencies all met for dep_context=non-requeueable deps ti=<TaskInstance: northwind.extração_csv manual__2025-06-30T21:48:53.220969+00:00 [queued]>
[2025-06-30T21:49:29.331+0000] {taskinstance.py:1956} INFO - Dependencies all met for dep_context=requeueable deps ti=<TaskInstance: northwind.extração_csv manual__2025-06-30T21:48:53.220969+00:00 [queued]>
[2025-06-30T21:49:29.332+0000] {taskinstance.py:2170} INFO - Starting attempt 1 of 2
[2025-06-30T21:49:29.373+0000] {taskinstance.py:2191} INFO - Executing <Task(DockerOperator): extração_csv> on 2025-06-30 21:48:53.220969+00:00
[2025-06-30T21:49:29.387+0000] {standard_task_runner.py:60} INFO - Started process 189 to run task
[2025-06-30T21:49:29.399+0000] {standard_task_runner.py:87} INFO - Running: ['***', 'tasks', 'run', 'northwind', 'extração_csv', 'manual__2025-06-30T21:48:53.220969+00:00', '--job-id', '17', '--raw', '--subdir', 'DAGS_FOLDER/dag.py', '--cfg-path', '/tmp/tmpf1a0ulug']
[2025-06-30T21:49:29.406+0000] {standard_task_runner.py:88} INFO - Job 17: Subtask extração_csv
[2025-06-30T21:49:29.496+0000] {task_command.py:423} INFO - Running <TaskInstance: northwind.extração_csv manual__2025-06-30T21:48:53.220969+00:00 [running]> on host b647631a2a81
[2025-06-30T21:49:29.723+0000] {taskinstance.py:2480} INFO - Exporting env vars: AIRFLOW_CTX_DAG_EMAIL='lrbf@cin.ufpe.br' AIRFLOW_CTX_DAG_OWNER='***' AIRFLOW_CTX_DAG_ID='northwind' AIRFLOW_CTX_TASK_ID='extração_csv' AIRFLOW_CTX_EXECUTION_DATE='2025-06-30T21:48:53.220969+00:00' AIRFLOW_CTX_TRY_NUMBER='1' AIRFLOW_CTX_DAG_RUN_ID='manual__2025-06-30T21:48:53.220969+00:00'
[2025-06-30T21:49:29.913+0000] {docker.py:359} INFO - Starting docker container from image meltano:latest
[2025-06-30T21:49:30.530+0000] {docker.py:429} INFO - Running meltano install...
[2025-06-30T21:49:34.840+0000] {docker.py:429} INFO - [2m2025-06-30T21:49:34.838003Z[0m [[32m[1minfo     [0m] [1mInstalling 7 plugins          [0m
[2025-06-30T21:49:34.863+0000] {docker.py:429} INFO - [2m2025-06-30T21:49:34.863198Z[0m [[32m[1minfo     [0m] [1mInstalling extractor 'tap-postgres'[0m
[2025-06-30T21:49:34.894+0000] {docker.py:429} INFO - [2m2025-06-30T21:49:34.893543Z[0m [[32m[1minfo     [0m] [1mInstalling extractor 'tap-csv'[0m
[2025-06-30T21:49:34.922+0000] {docker.py:429} INFO - [2m2025-06-30T21:49:34.921741Z[0m [[32m[1minfo     [0m] [1mInstalling extractor 'tap-csv-latest'[0m
[2025-06-30T21:49:34.951+0000] {docker.py:429} INFO - [2m2025-06-30T21:49:34.950725Z[0m [[32m[1minfo     [0m] [1mInstalling loader 'target-postgres'[0m
[2025-06-30T21:49:34.989+0000] {docker.py:429} INFO - [2m2025-06-30T21:49:34.988514Z[0m [[32m[1minfo     [0m] [1mInstalling loader 'target-csv'[0m
[2025-06-30T21:49:35.030+0000] {docker.py:429} INFO - [2m2025-06-30T21:49:35.029450Z[0m [[32m[1minfo     [0m] [1mInstalling loader 'target-csv-postgres'[0m
[2025-06-30T21:49:35.074+0000] {docker.py:429} INFO - [2m2025-06-30T21:49:35.073206Z[0m [[32m[1minfo     [0m] [1mInstalling loader 'target-csv-csv'[0m
[2025-06-30T21:49:37.888+0000] {docker.py:429} INFO - [2m2025-06-30T21:49:37.886361Z[0m [[32m[1minfo     [0m] [1mInstalled extractor 'tap-postgres'[0m
[2025-06-30T21:49:37.915+0000] {docker.py:429} INFO - [2m2025-06-30T21:49:37.914016Z[0m [[32m[1minfo     [0m] [1mInstalled loader 'target-postgres'[0m
[2025-06-30T21:49:43.603+0000] {docker.py:429} INFO - [2m2025-06-30T21:49:43.600474Z[0m [[32m[1minfo     [0m] [1mInstalled extractor 'tap-csv' [0m
[2025-06-30T21:49:43.604+0000] {docker.py:429} INFO - [2m2025-06-30T21:49:43.603145Z[0m [[32m[1minfo     [0m] [1mInstalled extractor 'tap-csv-latest'[0m
[2025-06-30T21:49:44.219+0000] {docker.py:429} INFO - [2m2025-06-30T21:49:44.218734Z[0m [[32m[1minfo     [0m] [1mInstalled loader 'target-csv' [0m
[2025-06-30T21:49:44.813+0000] {docker.py:429} INFO - [2m2025-06-30T21:49:44.812124Z[0m [[32m[1minfo     [0m] [1mInstalled loader 'target-csv-csv'[0m
[2025-06-30T21:49:44.816+0000] {docker.py:429} INFO - [2m2025-06-30T21:49:44.815561Z[0m [[32m[1minfo     [0m] [1mInstalled loader 'target-csv-postgres'[0m
[2025-06-30T21:49:44.816+0000] {docker.py:429} INFO - [2m2025-06-30T21:49:44.815967Z[0m [[32m[1minfo     [0m] [1mInstalled 7/7 plugins         [0m
[2025-06-30T21:49:47.378+0000] {docker.py:429} INFO - Meltano install completed. Executing command: meltano el tap-csv target-csv-csv
[2025-06-30T21:49:50.921+0000] {docker.py:429} INFO - [2m2025-06-30T21:49:50.915401Z[0m [[32m[1minfo     [0m] [1mEnvironment 'dev' is active   [0m
[2025-06-30T21:49:52.051+0000] {docker.py:429} INFO - [2m2025-06-30T21:49:52.050181Z[0m [[32m[1minfo     [0m] [1mRunning extract & load...     [0m [36mname[0m=[35mmeltano[0m [36mrun_id[0m=[35mc24d0086-61d4-41f3-bbd3-61d1238bf1cf[0m [36mstate_id[0m=[35m2025-06-30T214951--tap-csv--target-csv-csv[0m
[2025-06-30T21:49:54.000+0000] {docker.py:429} INFO - [2m2025-06-30T21:49:53.999677Z[0m [[32m[1minfo     [0m] [1mINFO Sending version information to singer.io. To disable sending anonymous usage data, set the config parameter "disable_collection" to true[0m [36mcmd_type[0m=[35mloader[0m [36mname[0m=[35mtarget-csv-csv[0m [36mrun_id[0m=[35mc24d0086-61d4-41f3-bbd3-61d1238bf1cf[0m [36mstate_id[0m=[35m2025-06-30T214951--tap-csv--target-csv-csv[0m [36mstdio[0m=[35mstderr[0m
[2025-06-30T21:49:54.724+0000] {docker.py:429} INFO - [2m2025-06-30T21:49:54.723861Z[0m [[32m[1minfo     [0m] [1m/opt/meltano/.meltano/extractors/tap-csv/venv/lib/python3.9/site-packages/singer_sdk/tap_base.py:516: SingerSDKDeprecationWarning: Passing a catalog file path is deprecated. Please pass the catalog as a dictionary or Catalog object instead.[0m [36mcmd_type[0m=[35mextractor[0m [36mname[0m=[35mtap-csv[0m [36mrun_id[0m=[35mc24d0086-61d4-41f3-bbd3-61d1238bf1cf[0m [36mstate_id[0m=[35m2025-06-30T214951--tap-csv--target-csv-csv[0m [36mstdio[0m=[35mstderr[0m
[2025-06-30T21:49:54.725+0000] {docker.py:429} INFO - [2m2025-06-30T21:49:54.724339Z[0m [[32m[1minfo     [0m] [1m  tap = cls(                  [0m [36mcmd_type[0m=[35mextractor[0m [36mname[0m=[35mtap-csv[0m [36mrun_id[0m=[35mc24d0086-61d4-41f3-bbd3-61d1238bf1cf[0m [36mstate_id[0m=[35m2025-06-30T214951--tap-csv--target-csv-csv[0m [36mstdio[0m=[35mstderr[0m
[2025-06-30T21:49:54.725+0000] {docker.py:429} INFO - [2m2025-06-30T21:49:54.724744Z[0m [[32m[1minfo     [0m] [1m                              [0m [36mcmd_type[0m=[35mextractor[0m [36mname[0m=[35mtap-csv[0m [36mrun_id[0m=[35mc24d0086-61d4-41f3-bbd3-61d1238bf1cf[0m [36mstate_id[0m=[35m2025-06-30T214951--tap-csv--target-csv-csv[0m [36mstdio[0m=[35mstderr[0m
[2025-06-30T21:49:54.726+0000] {docker.py:429} INFO - [2m2025-06-30T21:49:54.725282Z[0m [[32m[1minfo     [0m] [1mBeginning full_table sync of 'order_details'...[0m [36mcmd_type[0m=[35mextractor[0m [36mname[0m=[35mtap-csv[0m [36mrun_id[0m=[35mc24d0086-61d4-41f3-bbd3-61d1238bf1cf[0m [36mstate_id[0m=[35m2025-06-30T214951--tap-csv--target-csv-csv[0m [36mstdio[0m=[35mstderr[0m
[2025-06-30T21:49:54.726+0000] {docker.py:429} INFO - [2m2025-06-30T21:49:54.725725Z[0m [[32m[1minfo     [0m] [1mTap has custom mapper. Using 1 provided map(s).[0m [36mcmd_type[0m=[35mextractor[0m [36mname[0m=[35mtap-csv[0m [36mrun_id[0m=[35mc24d0086-61d4-41f3-bbd3-61d1238bf1cf[0m [36mstate_id[0m=[35m2025-06-30T214951--tap-csv--target-csv-csv[0m [36mstdio[0m=[35mstderr[0m
[2025-06-30T21:49:54.952+0000] {docker.py:429} INFO - [2m2025-06-30T21:49:54.951845Z[0m [[32m[1minfo     [0m] [1mMETRIC: {"type": "timer", "metric": "sync_duration", "value": 0.22562170028686523, "tags": {"stream": "order_details", "pid": 176, "context": {}, "status": "succeeded"}}[0m [36mcmd_type[0m=[35mextractor[0m [36mname[0m=[35mtap-csv[0m [36mrun_id[0m=[35mc24d0086-61d4-41f3-bbd3-61d1238bf1cf[0m [36mstate_id[0m=[35m2025-06-30T214951--tap-csv--target-csv-csv[0m [36mstdio[0m=[35mstderr[0m
[2025-06-30T21:49:54.953+0000] {docker.py:429} INFO - [2m2025-06-30T21:49:54.952351Z[0m [[32m[1minfo     [0m] [1mMETRIC: {"type": "counter", "metric": "record_count", "value": 2155, "tags": {"stream": "order_details", "pid": 176, "context": {}}}[0m [36mcmd_type[0m=[35mextractor[0m [36mname[0m=[35mtap-csv[0m [36mrun_id[0m=[35mc24d0086-61d4-41f3-bbd3-61d1238bf1cf[0m [36mstate_id[0m=[35m2025-06-30T214951--tap-csv--target-csv-csv[0m [36mstdio[0m=[35mstderr[0m
[2025-06-30T21:49:55.164+0000] {docker.py:429} INFO - [2m2025-06-30T21:49:55.163079Z[0m [[32m[1minfo     [0m] [1mUsing systemdb state backend  [0m
[2025-06-30T21:49:55.193+0000] {docker.py:429} INFO - [2m2025-06-30T21:49:55.191775Z[0m [[32m[1minfo     [0m] [1mIncremental state has been updated at 2025-06-30 21:49:55.191699+00:00.[0m
[2025-06-30T21:49:55.198+0000] {docker.py:429} INFO - [2m2025-06-30T21:49:55.195576Z[0m [[32m[1minfo     [0m] [1mExtract & load complete!      [0m [36mname[0m=[35mmeltano[0m [36mrun_id[0m=[35mc24d0086-61d4-41f3-bbd3-61d1238bf1cf[0m [36mstate_id[0m=[35m2025-06-30T214951--tap-csv--target-csv-csv[0m
[2025-06-30T21:49:55.199+0000] {docker.py:429} INFO - [2m2025-06-30T21:49:55.197360Z[0m [[32m[1minfo     [0m] [1mTransformation skipped.       [0m [36mname[0m=[35mmeltano[0m [36mrun_id[0m=[35mc24d0086-61d4-41f3-bbd3-61d1238bf1cf[0m [36mstate_id[0m=[35m2025-06-30T214951--tap-csv--target-csv-csv[0m
[2025-06-30T21:49:57.111+0000] {taskinstance.py:1138} INFO - Marking task as SUCCESS. dag_id=northwind, task_id=extração_csv, execution_date=20250630T214853, start_date=20250630T214929, end_date=20250630T214957
[2025-06-30T21:49:57.193+0000] {local_task_job_runner.py:234} INFO - Task exited with return code 0
[2025-06-30T21:49:57.258+0000] {taskinstance.py:3280} INFO - 1 downstream tasks scheduled from follow-on schedule check
