[2025-07-10T14:34:08.871+0000] {taskinstance.py:1956} INFO - Dependencies all met for dep_context=non-requeueable deps ti=<TaskInstance: northwind.gerar_config_csv_dinamica manual__2025-07-10T14:33:27.673902+00:00 [queued]>
[2025-07-10T14:34:08.892+0000] {taskinstance.py:1956} INFO - Dependencies all met for dep_context=requeueable deps ti=<TaskInstance: northwind.gerar_config_csv_dinamica manual__2025-07-10T14:33:27.673902+00:00 [queued]>
[2025-07-10T14:34:08.893+0000] {taskinstance.py:2170} INFO - Starting attempt 1 of 2
[2025-07-10T14:34:08.914+0000] {taskinstance.py:2191} INFO - Executing <Task(DockerOperator): gerar_config_csv_dinamica> on 2025-07-10 14:33:27.673902+00:00
[2025-07-10T14:34:08.920+0000] {standard_task_runner.py:60} INFO - Started process 184 to run task
[2025-07-10T14:34:08.926+0000] {standard_task_runner.py:87} INFO - Running: ['***', 'tasks', 'run', 'northwind', 'gerar_config_csv_dinamica', 'manual__2025-07-10T14:33:27.673902+00:00', '--job-id', '73', '--raw', '--subdir', 'DAGS_FOLDER/northwind.py', '--cfg-path', '/tmp/tmprmgtzmgo']
[2025-07-10T14:34:08.930+0000] {standard_task_runner.py:88} INFO - Job 73: Subtask gerar_config_csv_dinamica
[2025-07-10T14:34:09.052+0000] {task_command.py:423} INFO - Running <TaskInstance: northwind.gerar_config_csv_dinamica manual__2025-07-10T14:33:27.673902+00:00 [running]> on host 876a3c2fff5d
[2025-07-10T14:34:09.232+0000] {taskinstance.py:2480} INFO - Exporting env vars: AIRFLOW_CTX_DAG_EMAIL='lrbf@cin.ufpe.br' AIRFLOW_CTX_DAG_OWNER='***' AIRFLOW_CTX_DAG_ID='northwind' AIRFLOW_CTX_TASK_ID='gerar_config_csv_dinamica' AIRFLOW_CTX_EXECUTION_DATE='2025-07-10T14:33:27.673902+00:00' AIRFLOW_CTX_TRY_NUMBER='1' AIRFLOW_CTX_DAG_RUN_ID='manual__2025-07-10T14:33:27.673902+00:00'
[2025-07-10T14:34:09.324+0000] {docker.py:359} INFO - Starting docker container from image meltano:latest
[2025-07-10T14:34:09.768+0000] {docker.py:429} INFO - Running meltano install...
[2025-07-10T14:34:08.893+0000] {docker.py:429} INFO - [2m2025-07-10T14:34:08.892668Z[0m [[32m[1minfo     [0m] [1mInstalling 7 plugins          [0m
[2025-07-10T14:34:08.912+0000] {docker.py:429} INFO - [2m2025-07-10T14:34:08.911595Z[0m [[32m[1minfo     [0m] [1mInstalling extractor 'tap-postgres'[0m
[2025-07-10T14:34:08.947+0000] {docker.py:429} INFO - [2m2025-07-10T14:34:08.946464Z[0m [[32m[1minfo     [0m] [1mInstalling extractor 'tap-csv'[0m
[2025-07-10T14:34:08.983+0000] {docker.py:429} INFO - [2m2025-07-10T14:34:08.982119Z[0m [[32m[1minfo     [0m] [1mInstalling extractor 'tap-csv-latest'[0m
[2025-07-10T14:34:09.011+0000] {docker.py:429} INFO - [2m2025-07-10T14:34:09.010333Z[0m [[32m[1minfo     [0m] [1mInstalling loader 'target-postgres'[0m
[2025-07-10T14:34:09.055+0000] {docker.py:429} INFO - [2m2025-07-10T14:34:09.054518Z[0m [[32m[1minfo     [0m] [1mInstalling loader 'target-csv'[0m
[2025-07-10T14:34:09.086+0000] {docker.py:429} INFO - [2m2025-07-10T14:34:09.085299Z[0m [[32m[1minfo     [0m] [1mInstalling loader 'target-csv-postgres'[0m
[2025-07-10T14:34:09.125+0000] {docker.py:429} INFO - [2m2025-07-10T14:34:09.123786Z[0m [[32m[1minfo     [0m] [1mInstalling loader 'target-csv-csv'[0m
[2025-07-10T14:34:10.692+0000] {docker.py:429} INFO - [2m2025-07-10T14:34:10.691085Z[0m [[32m[1minfo     [0m] [1mInstalled extractor 'tap-postgres'[0m
[2025-07-10T14:34:10.819+0000] {docker.py:429} INFO - [2m2025-07-10T14:34:10.818204Z[0m [[32m[1minfo     [0m] [1mInstalled loader 'target-postgres'[0m
[2025-07-10T14:34:14.596+0000] {docker.py:429} INFO - [2m2025-07-10T14:34:14.595884Z[0m [[32m[1minfo     [0m] [1mInstalled extractor 'tap-csv' [0m
[2025-07-10T14:34:14.827+0000] {docker.py:429} INFO - [2m2025-07-10T14:34:14.826370Z[0m [[32m[1minfo     [0m] [1mInstalled extractor 'tap-csv-latest'[0m
[2025-07-10T14:34:15.176+0000] {docker.py:429} INFO - [2m2025-07-10T14:34:15.175787Z[0m [[32m[1minfo     [0m] [1mInstalled loader 'target-csv' [0m
[2025-07-10T14:34:15.659+0000] {docker.py:429} INFO - [2m2025-07-10T14:34:15.658846Z[0m [[32m[1minfo     [0m] [1mInstalled loader 'target-csv-postgres'[0m
[2025-07-10T14:34:16.749+0000] {docker.py:429} INFO - [2m2025-07-10T14:34:16.748578Z[0m [[32m[1minfo     [0m] [1mInstalled loader 'target-csv-csv'[0m
[2025-07-10T14:34:16.750+0000] {docker.py:429} INFO - [2m2025-07-10T14:34:16.749334Z[0m [[32m[1minfo     [0m] [1mInstalled 7/7 plugins         [0m
[2025-07-10T14:34:17.718+0000] {docker.py:429} INFO - Meltano install completed. Executing command: python /opt/meltano/scripts/generate_csv_config.py
[2025-07-10T14:34:17.766+0000] {docker.py:429} INFO - [{"entity": "order_details", "path": "/opt/output_data/csv/order_details/2025-07-10/file.csv", "keys": ["order_id", "product_id"], "delimiter": ",", "encoding": "utf-8"}, {"entity": "public-categories", "path": "/opt/output_data/postgres/public-categories/2025-07-10/file.csv", "keys": ["category_id"], "delimiter": ",", "encoding": "utf-8"}, {"entity": "public-products", "path": "/opt/output_data/postgres/public-products/2025-07-10/file.csv", "keys": ["product_id"], "delimiter": ",", "encoding": "utf-8"}, {"entity": "public-suppliers", "path": "/opt/output_data/postgres/public-suppliers/2025-07-10/file.csv", "keys": ["supplier_id"], "delimiter": ",", "encoding": "utf-8"}, {"entity": "public-orders", "path": "/opt/output_data/postgres/public-orders/2025-07-10/file.csv", "keys": ["order_id"], "delimiter": ",", "encoding": "utf-8"}, {"entity": "public-customers", "path": "/opt/output_data/postgres/public-customers/2025-07-10/file.csv", "keys": ["customer_id"], "delimiter": ",", "encoding": "utf-8"}, {"entity": "public-employees", "path": "/opt/output_data/postgres/public-employees/2025-07-10/file.csv", "keys": ["employee_id"], "delimiter": ",", "encoding": "utf-8"}, {"entity": "public-employee_territories", "path": "/opt/output_data/postgres/public-employee_territories/2025-07-10/file.csv", "keys": ["employee_id", "territory_id"], "delimiter": ",", "encoding": "utf-8"}, {"entity": "public-territories", "path": "/opt/output_data/postgres/public-territories/2025-07-10/file.csv", "keys": ["territory_id"], "delimiter": ",", "encoding": "utf-8"}, {"entity": "public-region", "path": "/opt/output_data/postgres/public-region/2025-07-10/file.csv", "keys": ["region_id"], "delimiter": ",", "encoding": "utf-8"}, {"entity": "public-shippers", "path": "/opt/output_data/postgres/public-shippers/2025-07-10/file.csv", "keys": ["shipper_id"], "delimiter": ",", "encoding": "utf-8"}, {"entity": "public-us_states", "path": "/opt/output_data/postgres/public-us_states/2025-07-10/file.csv", "keys": ["state_id"], "delimiter": ",", "encoding": "utf-8"}]
[2025-07-10T14:34:18.179+0000] {taskinstance.py:1138} INFO - Marking task as SUCCESS. dag_id=northwind, task_id=gerar_config_csv_dinamica, execution_date=20250710T143327, start_date=20250710T143408, end_date=20250710T143418
[2025-07-10T14:34:18.229+0000] {local_task_job_runner.py:234} INFO - Task exited with return code 0
[2025-07-10T14:34:18.285+0000] {taskinstance.py:3280} INFO - 1 downstream tasks scheduled from follow-on schedule check
