[2025-07-01T12:47:26.755+0000] {taskinstance.py:1956} INFO - Dependencies all met for dep_context=non-requeueable deps ti=<TaskInstance: northwind.carregamento_postgres manual__2025-07-01T12:46:33.097030+00:00 [queued]>
[2025-07-01T12:47:26.762+0000] {taskinstance.py:1956} INFO - Dependencies all met for dep_context=requeueable deps ti=<TaskInstance: northwind.carregamento_postgres manual__2025-07-01T12:46:33.097030+00:00 [queued]>
[2025-07-01T12:47:26.763+0000] {taskinstance.py:2170} INFO - Starting attempt 1 of 2
[2025-07-01T12:47:26.773+0000] {taskinstance.py:2191} INFO - Executing <Task(DockerOperator): carregamento_postgres> on 2025-07-01 12:46:33.097030+00:00
[2025-07-01T12:47:26.778+0000] {standard_task_runner.py:60} INFO - Started process 191 to run task
[2025-07-01T12:47:26.781+0000] {standard_task_runner.py:87} INFO - Running: ['***', 'tasks', 'run', 'northwind', 'carregamento_postgres', 'manual__2025-07-01T12:46:33.097030+00:00', '--job-id', '31', '--raw', '--subdir', 'DAGS_FOLDER/dag.py', '--cfg-path', '/tmp/tmpoi6i2w03']
[2025-07-01T12:47:26.783+0000] {standard_task_runner.py:88} INFO - Job 31: Subtask carregamento_postgres
[2025-07-01T12:47:26.827+0000] {task_command.py:423} INFO - Running <TaskInstance: northwind.carregamento_postgres manual__2025-07-01T12:46:33.097030+00:00 [running]> on host b945f0fd27f1
[2025-07-01T12:47:26.897+0000] {taskinstance.py:2480} INFO - Exporting env vars: AIRFLOW_CTX_DAG_EMAIL='lrbf@cin.ufpe.br' AIRFLOW_CTX_DAG_OWNER='***' AIRFLOW_CTX_DAG_ID='northwind' AIRFLOW_CTX_TASK_ID='carregamento_postgres' AIRFLOW_CTX_EXECUTION_DATE='2025-07-01T12:46:33.097030+00:00' AIRFLOW_CTX_TRY_NUMBER='1' AIRFLOW_CTX_DAG_RUN_ID='manual__2025-07-01T12:46:33.097030+00:00'
[2025-07-01T12:47:26.960+0000] {docker.py:359} INFO - Starting docker container from image meltano:latest
[2025-07-01T12:47:27.248+0000] {docker.py:429} INFO - Running meltano install...
[2025-07-01T12:47:28.573+0000] {docker.py:429} INFO - [2m2025-07-01T12:47:28.572656Z[0m [[32m[1minfo     [0m] [1mInstalling 7 plugins          [0m
[2025-07-01T12:47:28.587+0000] {docker.py:429} INFO - [2m2025-07-01T12:47:28.586404Z[0m [[32m[1minfo     [0m] [1mInstalling extractor 'tap-postgres'[0m
[2025-07-01T12:47:28.609+0000] {docker.py:429} INFO - [2m2025-07-01T12:47:28.608784Z[0m [[32m[1minfo     [0m] [1mInstalling extractor 'tap-csv'[0m
[2025-07-01T12:47:28.648+0000] {docker.py:429} INFO - [2m2025-07-01T12:47:28.647719Z[0m [[32m[1minfo     [0m] [1mInstalling extractor 'tap-csv-latest'[0m
[2025-07-01T12:47:28.679+0000] {docker.py:429} INFO - [2m2025-07-01T12:47:28.678550Z[0m [[32m[1minfo     [0m] [1mInstalling loader 'target-postgres'[0m
[2025-07-01T12:47:28.717+0000] {docker.py:429} INFO - [2m2025-07-01T12:47:28.716662Z[0m [[32m[1minfo     [0m] [1mInstalling loader 'target-csv'[0m
[2025-07-01T12:47:28.772+0000] {docker.py:429} INFO - [2m2025-07-01T12:47:28.768754Z[0m [[32m[1minfo     [0m] [1mInstalling loader 'target-csv-postgres'[0m
[2025-07-01T12:47:28.827+0000] {docker.py:429} INFO - [2m2025-07-01T12:47:28.826647Z[0m [[32m[1minfo     [0m] [1mInstalling loader 'target-csv-csv'[0m
[2025-07-01T12:47:30.232+0000] {docker.py:429} INFO - [2m2025-07-01T12:47:30.231572Z[0m [[32m[1minfo     [0m] [1mInstalled extractor 'tap-postgres'[0m
[2025-07-01T12:47:30.285+0000] {docker.py:429} INFO - [2m2025-07-01T12:47:30.285098Z[0m [[32m[1minfo     [0m] [1mInstalled loader 'target-postgres'[0m
[2025-07-01T12:47:34.191+0000] {docker.py:429} INFO - [2m2025-07-01T12:47:34.191005Z[0m [[32m[1minfo     [0m] [1mInstalled extractor 'tap-csv' [0m
[2025-07-01T12:47:34.278+0000] {docker.py:429} INFO - [2m2025-07-01T12:47:34.277296Z[0m [[32m[1minfo     [0m] [1mInstalled extractor 'tap-csv-latest'[0m
[2025-07-01T12:47:34.921+0000] {docker.py:429} INFO - [2m2025-07-01T12:47:34.920583Z[0m [[32m[1minfo     [0m] [1mInstalled loader 'target-csv' [0m
[2025-07-01T12:47:35.294+0000] {docker.py:429} INFO - [2m2025-07-01T12:47:35.293877Z[0m [[32m[1minfo     [0m] [1mInstalled loader 'target-csv-postgres'[0m
[2025-07-01T12:47:35.926+0000] {docker.py:429} INFO - [2m2025-07-01T12:47:35.925153Z[0m [[32m[1minfo     [0m] [1mInstalled loader 'target-csv-csv'[0m
[2025-07-01T12:47:35.927+0000] {docker.py:429} INFO - [2m2025-07-01T12:47:35.926514Z[0m [[32m[1minfo     [0m] [1mInstalled 7/7 plugins         [0m
[2025-07-01T12:47:43.787+0000] {docker.py:429} INFO - Meltano install completed. Executing command: meltano el tap-csv-latest target-postgres
[2025-07-01T12:47:37.417+0000] {docker.py:429} INFO - [2m2025-07-01T12:47:37.416882Z[0m [[32m[1minfo     [0m] [1mEnvironment 'dev' is active   [0m
[2025-07-01T12:47:37.769+0000] {docker.py:429} INFO - [2m2025-07-01T12:47:37.768720Z[0m [[32m[1minfo     [0m] [1mRunning extract & load...     [0m [36mname[0m=[35mmeltano[0m [36mrun_id[0m=[35mb72a7b81-c63b-4565-be48-bb3419eaf914[0m [36mstate_id[0m=[35m2025-07-01T124737--tap-csv-latest--target-postgres[0m
[2025-07-01T12:47:38.801+0000] {docker.py:429} INFO - [2m2025-07-01T12:47:38.800576Z[0m [[32m[1minfo     [0m] [1mNo CSV file definitions found.[0m [36mcmd_type[0m=[35mextractor[0m [36mname[0m=[35mtap-csv-latest[0m [36mrun_id[0m=[35mb72a7b81-c63b-4565-be48-bb3419eaf914[0m [36mstate_id[0m=[35m2025-07-01T124737--tap-csv-latest--target-postgres[0m [36mstdio[0m=[35mstderr[0m
[2025-07-01T12:47:38.975+0000] {docker.py:429} INFO - [2m2025-07-01T12:47:38.974864Z[0m [[32m[1minfo     [0m] [1mtarget-postgres v0.4.3, Meltano SDK v0.47.4[0m [36mcmd_type[0m=[35mloader[0m [36mname[0m=[35mtarget-postgres[0m [36mrun_id[0m=[35mb72a7b81-c63b-4565-be48-bb3419eaf914[0m [36mstate_id[0m=[35m2025-07-01T124737--tap-csv-latest--target-postgres[0m [36mstdio[0m=[35mstderr[0m
[2025-07-01T12:47:38.978+0000] {docker.py:429} INFO - [2m2025-07-01T12:47:38.977330Z[0m [[32m[1minfo     [0m] [1m/opt/meltano/.meltano/loaders/target-postgres/venv/lib/python3.9/site-packages/singer_sdk/plugin_base.py:715: SingerSDKDeprecationWarning: Passing a list of config file paths is deprecated. Please pass the config as a dictionary instead.[0m [36mcmd_type[0m=[35mloader[0m [36mname[0m=[35mtarget-postgres[0m [36mrun_id[0m=[35mb72a7b81-c63b-4565-be48-bb3419eaf914[0m [36mstate_id[0m=[35m2025-07-01T124737--tap-csv-latest--target-postgres[0m [36mstdio[0m=[35mstderr[0m
[2025-07-01T12:47:38.979+0000] {docker.py:429} INFO - [2m2025-07-01T12:47:38.977917Z[0m [[32m[1minfo     [0m] [1m  super().__init__(           [0m [36mcmd_type[0m=[35mloader[0m [36mname[0m=[35mtarget-postgres[0m [36mrun_id[0m=[35mb72a7b81-c63b-4565-be48-bb3419eaf914[0m [36mstate_id[0m=[35m2025-07-01T124737--tap-csv-latest--target-postgres[0m [36mstdio[0m=[35mstderr[0m
[2025-07-01T12:47:38.980+0000] {docker.py:429} INFO - [2m2025-07-01T12:47:38.979503Z[0m [[32m[1minfo     [0m] [1m                              [0m [36mcmd_type[0m=[35mloader[0m [36mname[0m=[35mtarget-postgres[0m [36mrun_id[0m=[35mb72a7b81-c63b-4565-be48-bb3419eaf914[0m [36mstate_id[0m=[35m2025-07-01T124737--tap-csv-latest--target-postgres[0m [36mstdio[0m=[35mstderr[0m
[2025-07-01T12:47:38.980+0000] {docker.py:429} INFO - [2m2025-07-01T12:47:38.979925Z[0m [[32m[1minfo     [0m] [1mSkipping parse of env var settings...[0m [36mcmd_type[0m=[35mloader[0m [36mname[0m=[35mtarget-postgres[0m [36mrun_id[0m=[35mb72a7b81-c63b-4565-be48-bb3419eaf914[0m [36mstate_id[0m=[35m2025-07-01T124737--tap-csv-latest--target-postgres[0m [36mstdio[0m=[35mstderr[0m
[2025-07-01T12:47:38.981+0000] {docker.py:429} INFO - [2m2025-07-01T12:47:38.980553Z[0m [[32m[1minfo     [0m] [1mThe `dialect+driver` configuration option is deprecated. Please set it to `postgresql+psycopg`, as this will be the hard-coded value in the future.[0m [36mcmd_type[0m=[35mloader[0m [36mname[0m=[35mtarget-postgres[0m [36mrun_id[0m=[35mb72a7b81-c63b-4565-be48-bb3419eaf914[0m [36mstate_id[0m=[35m2025-07-01T124737--tap-csv-latest--target-postgres[0m [36mstdio[0m=[35mstderr[0m
[2025-07-01T12:47:38.981+0000] {docker.py:429} INFO - [2m2025-07-01T12:47:38.980922Z[0m [[32m[1minfo     [0m] [1mReader 'target-postgres' completed processing 0 lines of input (0 schemas, 0 records, 0 batch manifests, 0 state messages, 0 activate version messages).[0m [36mcmd_type[0m=[35mloader[0m [36mname[0m=[35mtarget-postgres[0m [36mrun_id[0m=[35mb72a7b81-c63b-4565-be48-bb3419eaf914[0m [36mstate_id[0m=[35m2025-07-01T124737--tap-csv-latest--target-postgres[0m [36mstdio[0m=[35mstderr[0m
[2025-07-01T12:47:39.096+0000] {docker.py:429} INFO - [2m2025-07-01T12:47:39.095936Z[0m [[31m[1merror    [0m] [1mExtraction failed             [0m [36mcode[0m=[35m1[0m [36mmessage[0m=[35m'No CSV file definitions found.'[0m [36mname[0m=[35mmeltano[0m [36mrun_id[0m=[35mb72a7b81-c63b-4565-be48-bb3419eaf914[0m [36mstate_id[0m=[35m2025-07-01T124737--tap-csv-latest--target-postgres[0m
[2025-07-01T12:47:39.097+0000] {docker.py:429} INFO - [2m2025-07-01T12:47:39.096909Z[0m [[32m[1minfo     [0m] [1mELT could not be completed: Extractor failed.[0m [36mcmd_type[0m=[35melt[0m [36mname[0m=[35mmeltano[0m [36mrun_id[0m=[35mb72a7b81-c63b-4565-be48-bb3419eaf914[0m [36mstate_id[0m=[35m2025-07-01T124737--tap-csv-latest--target-postgres[0m [36mstdio[0m=[35mstderr[0m
[2025-07-01T12:47:39.097+0000] {docker.py:429} INFO - [2m2025-07-01T12:47:39.097290Z[0m [[32m[1minfo     [0m] [1mFor more detailed log messages re-run the command using 'meltano --log-level=debug ...' CLI flag.[0m [36mcmd_type[0m=[35melt[0m [36mname[0m=[35mmeltano[0m [36mrun_id[0m=[35mb72a7b81-c63b-4565-be48-bb3419eaf914[0m [36mstate_id[0m=[35m2025-07-01T124737--tap-csv-latest--target-postgres[0m [36mstdio[0m=[35mstderr[0m
[2025-07-01T12:47:39.098+0000] {docker.py:429} INFO - [2m2025-07-01T12:47:39.097653Z[0m [[32m[1minfo     [0m] [1mNote that you can also check the generated log file at '/opt/meltano/.meltano/logs/elt/2025-07-01T124737--tap-csv-latest--target-postgres/b72a7b81-c63b-4565-be48-bb3419eaf914/elt.log'.[0m [36mcmd_type[0m=[35melt[0m [36mname[0m=[35mmeltano[0m [36mrun_id[0m=[35mb72a7b81-c63b-4565-be48-bb3419eaf914[0m [36mstate_id[0m=[35m2025-07-01T124737--tap-csv-latest--target-postgres[0m [36mstdio[0m=[35mstderr[0m
[2025-07-01T12:47:39.098+0000] {docker.py:429} INFO - [2m2025-07-01T12:47:39.098013Z[0m [[32m[1minfo     [0m] [1mFor more information on debugging and logging: https://docs.meltano.com/reference/command-line-interface#debugging[0m [36mcmd_type[0m=[35melt[0m [36mname[0m=[35mmeltano[0m [36mrun_id[0m=[35mb72a7b81-c63b-4565-be48-bb3419eaf914[0m [36mstate_id[0m=[35m2025-07-01T124737--tap-csv-latest--target-postgres[0m [36mstdio[0m=[35mstderr[0m
[2025-07-01T12:47:39.112+0000] {docker.py:429} INFO - Need help fixing this problem? Visit http://melta.no/ for troubleshooting steps, or to
join our friendly Slack community.

ELT could not be completed: Extractor failed.
For more detailed log messages re-run the command using 'meltano --log-level=debug ...' CLI flag.
Note that you can also check the generated log file at '/opt/meltano/.meltano/logs/elt/2025-07-01T124737--tap-csv-latest--target-postgres/b72a7b81-c63b-4565-be48-bb3419eaf914/elt.log'.
For more information on debugging and logging: https://docs.meltano.com/reference/command-line-interface#debugging
[2025-07-01T12:47:40.278+0000] {taskinstance.py:2698} ERROR - Task failed with exception
Traceback (most recent call last):
  File "/home/airflow/.local/lib/python3.10/site-packages/airflow/models/taskinstance.py", line 433, in _execute_task
    result = execute_callable(context=context, **execute_callable_kwargs)
  File "/home/airflow/.local/lib/python3.10/site-packages/airflow/providers/docker/operators/docker.py", line 502, in execute
    return self._run_image()
  File "/home/airflow/.local/lib/python3.10/site-packages/airflow/providers/docker/operators/docker.py", line 376, in _run_image
    return self._run_image_with_mounts(self.mounts, add_tmp_variable=False)
  File "/home/airflow/.local/lib/python3.10/site-packages/airflow/providers/docker/operators/docker.py", line 437, in _run_image_with_mounts
    raise DockerContainerFailedException(f"Docker container failed: {result!r}", logs=log_lines)
airflow.providers.docker.exceptions.DockerContainerFailedException: Docker container failed: {'StatusCode': 1}
[2025-07-01T12:47:40.299+0000] {taskinstance.py:1138} INFO - Marking task as UP_FOR_RETRY. dag_id=northwind, task_id=carregamento_postgres, execution_date=20250701T124633, start_date=20250701T124726, end_date=20250701T124740
[2025-07-01T12:47:40.342+0000] {standard_task_runner.py:107} ERROR - Failed to execute job 31 for task carregamento_postgres (Docker container failed: {'StatusCode': 1}; 191)
[2025-07-01T12:47:40.368+0000] {local_task_job_runner.py:234} INFO - Task exited with return code 1
[2025-07-01T12:47:40.392+0000] {taskinstance.py:3280} INFO - 0 downstream tasks scheduled from follow-on schedule check
