[2025-07-01T14:59:45.037+0000] {taskinstance.py:1956} INFO - Dependencies all met for dep_context=non-requeueable deps ti=<TaskInstance: northwind.extração_csv manual__2025-07-01T14:54:02.776758+00:00 [queued]>
[2025-07-01T14:59:37.581+0000] {taskinstance.py:1956} INFO - Dependencies all met for dep_context=requeueable deps ti=<TaskInstance: northwind.extração_csv manual__2025-07-01T14:54:02.776758+00:00 [queued]>
[2025-07-01T14:59:37.582+0000] {taskinstance.py:2170} INFO - Starting attempt 1 of 2
[2025-07-01T14:59:37.593+0000] {taskinstance.py:2191} INFO - Executing <Task(DockerOperator): extração_csv> on 2025-07-01 14:54:02.776758+00:00
[2025-07-01T14:59:37.598+0000] {standard_task_runner.py:60} INFO - Started process 244 to run task
[2025-07-01T14:59:37.601+0000] {standard_task_runner.py:87} INFO - Running: ['***', 'tasks', 'run', 'northwind', 'extração_csv', 'manual__2025-07-01T14:54:02.776758+00:00', '--job-id', '9', '--raw', '--subdir', 'DAGS_FOLDER/northwind.py', '--cfg-path', '/tmp/tmp220em6nf']
[2025-07-01T14:59:37.603+0000] {standard_task_runner.py:88} INFO - Job 9: Subtask extração_csv
[2025-07-01T14:59:37.650+0000] {task_command.py:423} INFO - Running <TaskInstance: northwind.extração_csv manual__2025-07-01T14:54:02.776758+00:00 [running]> on host 64e5e3bd5aa6
[2025-07-01T14:59:37.721+0000] {taskinstance.py:2480} INFO - Exporting env vars: AIRFLOW_CTX_DAG_EMAIL='lrbf@cin.ufpe.br' AIRFLOW_CTX_DAG_OWNER='***' AIRFLOW_CTX_DAG_ID='northwind' AIRFLOW_CTX_TASK_ID='extração_csv' AIRFLOW_CTX_EXECUTION_DATE='2025-07-01T14:54:02.776758+00:00' AIRFLOW_CTX_TRY_NUMBER='1' AIRFLOW_CTX_DAG_RUN_ID='manual__2025-07-01T14:54:02.776758+00:00'
[2025-07-01T14:59:37.789+0000] {docker.py:359} INFO - Starting docker container from image meltano:latest
[2025-07-01T14:59:38.041+0000] {docker.py:429} INFO - Running meltano install...
[2025-07-01T14:59:39.180+0000] {docker.py:429} INFO - [2m2025-07-01T14:59:39.179609Z[0m [[32m[1minfo     [0m] [1mInstalling 7 plugins          [0m
[2025-07-01T14:59:39.191+0000] {docker.py:429} INFO - [2m2025-07-01T14:59:39.190773Z[0m [[32m[1minfo     [0m] [1mInstalling extractor 'tap-postgres'[0m
[2025-07-01T14:59:39.206+0000] {docker.py:429} INFO - [2m2025-07-01T14:59:39.206056Z[0m [[32m[1minfo     [0m] [1mInstalling extractor 'tap-csv'[0m
[2025-07-01T14:59:39.222+0000] {docker.py:429} INFO - [2m2025-07-01T14:59:39.221828Z[0m [[32m[1minfo     [0m] [1mInstalling extractor 'tap-csv-latest'[0m
[2025-07-01T14:59:39.241+0000] {docker.py:429} INFO - [2m2025-07-01T14:59:39.240486Z[0m [[32m[1minfo     [0m] [1mInstalling loader 'target-postgres'[0m
[2025-07-01T14:59:39.261+0000] {docker.py:429} INFO - [2m2025-07-01T14:59:39.260192Z[0m [[32m[1minfo     [0m] [1mInstalling loader 'target-csv'[0m
[2025-07-01T14:59:39.279+0000] {docker.py:429} INFO - [2m2025-07-01T14:59:39.278345Z[0m [[32m[1minfo     [0m] [1mInstalling loader 'target-csv-postgres'[0m
[2025-07-01T14:59:39.306+0000] {docker.py:429} INFO - [2m2025-07-01T14:59:39.303503Z[0m [[32m[1minfo     [0m] [1mInstalling loader 'target-csv-csv'[0m
[2025-07-01T14:59:40.257+0000] {docker.py:429} INFO - [2m2025-07-01T14:59:40.256498Z[0m [[32m[1minfo     [0m] [1mInstalled extractor 'tap-postgres'[0m
[2025-07-01T14:59:40.323+0000] {docker.py:429} INFO - [2m2025-07-01T14:59:40.322947Z[0m [[32m[1minfo     [0m] [1mInstalled loader 'target-postgres'[0m
[2025-07-01T14:59:44.446+0000] {docker.py:429} INFO - [2m2025-07-01T14:59:44.445403Z[0m [[32m[1minfo     [0m] [1mInstalled extractor 'tap-csv-latest'[0m
[2025-07-01T14:59:44.447+0000] {docker.py:429} INFO - [2m2025-07-01T14:59:44.446663Z[0m [[32m[1minfo     [0m] [1mInstalled extractor 'tap-csv' [0m
[2025-07-01T14:59:44.570+0000] {docker.py:429} INFO - [2m2025-07-01T14:59:44.569664Z[0m [[32m[1minfo     [0m] [1mInstalled loader 'target-csv' [0m
[2025-07-01T14:59:44.690+0000] {docker.py:429} INFO - [2m2025-07-01T14:59:44.690017Z[0m [[32m[1minfo     [0m] [1mInstalled loader 'target-csv-csv'[0m
[2025-07-01T14:59:44.722+0000] {docker.py:429} INFO - [2m2025-07-01T14:59:44.721712Z[0m [[32m[1minfo     [0m] [1mInstalled loader 'target-csv-postgres'[0m
[2m2025-07-01T14:59:44.722029Z[0m [[32m[1minfo     [0m] [1mInstalled 7/7 plugins         [0m
[2025-07-01T14:59:45.553+0000] {docker.py:429} INFO - Meltano install completed. Executing command: meltano el tap-csv target-csv-csv
[2025-07-01T14:59:46.600+0000] {docker.py:429} INFO - [2m2025-07-01T14:59:46.599796Z[0m [[32m[1minfo     [0m] [1mEnvironment 'dev' is active   [0m
[2025-07-01T14:59:46.911+0000] {docker.py:429} INFO - [2m2025-07-01T14:59:46.910308Z[0m [[32m[1minfo     [0m] [1mRunning extract & load...     [0m [36mname[0m=[35mmeltano[0m [36mrun_id[0m=[35mbb34f13b-a9eb-441c-8871-dc4d4a5bc6ed[0m [36mstate_id[0m=[35m2025-07-01T145946--tap-csv--target-csv-csv[0m
[2025-07-01T14:59:47.835+0000] {docker.py:429} INFO - [2m2025-07-01T14:59:47.834696Z[0m [[32m[1minfo     [0m] [1mINFO Sending version information to singer.io. To disable sending anonymous usage data, set the config parameter "disable_collection" to true[0m [36mcmd_type[0m=[35mloader[0m [36mname[0m=[35mtarget-csv-csv[0m [36mrun_id[0m=[35mbb34f13b-a9eb-441c-8871-dc4d4a5bc6ed[0m [36mstate_id[0m=[35m2025-07-01T145946--tap-csv--target-csv-csv[0m [36mstdio[0m=[35mstderr[0m
[2025-07-01T14:59:55.015+0000] {docker.py:429} INFO - [2m2025-07-01T14:59:55.014263Z[0m [[32m[1minfo     [0m] [1m/opt/meltano/.meltano/extractors/tap-csv/venv/lib/python3.9/site-packages/singer_sdk/tap_base.py:516: SingerSDKDeprecationWarning: Passing a catalog file path is deprecated. Please pass the catalog as a dictionary or Catalog object instead.[0m [36mcmd_type[0m=[35mextractor[0m [36mname[0m=[35mtap-csv[0m [36mrun_id[0m=[35mbb34f13b-a9eb-441c-8871-dc4d4a5bc6ed[0m [36mstate_id[0m=[35m2025-07-01T145946--tap-csv--target-csv-csv[0m [36mstdio[0m=[35mstderr[0m
[2m2025-07-01T14:59:55.014590Z[0m [[32m[1minfo     [0m] [1m  tap = cls(                  [0m [36mcmd_type[0m=[35mextractor[0m [36mname[0m=[35mtap-csv[0m [36mrun_id[0m=[35mbb34f13b-a9eb-441c-8871-dc4d4a5bc6ed[0m [36mstate_id[0m=[35m2025-07-01T145946--tap-csv--target-csv-csv[0m [36mstdio[0m=[35mstderr[0m
[2025-07-01T14:59:55.015+0000] {docker.py:429} INFO - [2m2025-07-01T14:59:55.014729Z[0m [[32m[1minfo     [0m] [1m                              [0m [36mcmd_type[0m=[35mextractor[0m [36mname[0m=[35mtap-csv[0m [36mrun_id[0m=[35mbb34f13b-a9eb-441c-8871-dc4d4a5bc6ed[0m [36mstate_id[0m=[35m2025-07-01T145946--tap-csv--target-csv-csv[0m [36mstdio[0m=[35mstderr[0m
[2025-07-01T14:59:55.015+0000] {docker.py:429} INFO - [2m2025-07-01T14:59:55.015087Z[0m [[32m[1minfo     [0m] [1mBeginning full_table sync of 'order_details'...[0m [36mcmd_type[0m=[35mextractor[0m [36mname[0m=[35mtap-csv[0m [36mrun_id[0m=[35mbb34f13b-a9eb-441c-8871-dc4d4a5bc6ed[0m [36mstate_id[0m=[35m2025-07-01T145946--tap-csv--target-csv-csv[0m [36mstdio[0m=[35mstderr[0m
[2025-07-01T14:59:55.016+0000] {docker.py:429} INFO - [2m2025-07-01T14:59:55.015364Z[0m [[32m[1minfo     [0m] [1mTap has custom mapper. Using 1 provided map(s).[0m [36mcmd_type[0m=[35mextractor[0m [36mname[0m=[35mtap-csv[0m [36mrun_id[0m=[35mbb34f13b-a9eb-441c-8871-dc4d4a5bc6ed[0m [36mstate_id[0m=[35m2025-07-01T145946--tap-csv--target-csv-csv[0m [36mstdio[0m=[35mstderr[0m
[2025-07-01T14:59:47.672+0000] {docker.py:429} INFO - [2m2025-07-01T14:59:47.671488Z[0m [[32m[1minfo     [0m] [1mMETRIC: {"type": "timer", "metric": "sync_duration", "value": -7.34350061416626, "tags": {"stream": "order_details", "pid": 176, "context": {}, "status": "succeeded"}}[0m [36mcmd_type[0m=[35mextractor[0m [36mname[0m=[35mtap-csv[0m [36mrun_id[0m=[35mbb34f13b-a9eb-441c-8871-dc4d4a5bc6ed[0m [36mstate_id[0m=[35m2025-07-01T145946--tap-csv--target-csv-csv[0m [36mstdio[0m=[35mstderr[0m
[2025-07-01T14:59:47.672+0000] {docker.py:429} INFO - [2m2025-07-01T14:59:47.671869Z[0m [[32m[1minfo     [0m] [1mMETRIC: {"type": "counter", "metric": "record_count", "value": 2155, "tags": {"stream": "order_details", "pid": 176, "context": {}}}[0m [36mcmd_type[0m=[35mextractor[0m [36mname[0m=[35mtap-csv[0m [36mrun_id[0m=[35mbb34f13b-a9eb-441c-8871-dc4d4a5bc6ed[0m [36mstate_id[0m=[35m2025-07-01T145946--tap-csv--target-csv-csv[0m [36mstdio[0m=[35mstderr[0m
[2025-07-01T14:59:47.765+0000] {docker.py:429} INFO - [2m2025-07-01T14:59:47.764952Z[0m [[32m[1minfo     [0m] [1mUsing systemdb state backend  [0m
[2025-07-01T14:59:47.775+0000] {docker.py:429} INFO - [2m2025-07-01T14:59:47.774757Z[0m [[32m[1minfo     [0m] [1mIncremental state has been updated at 2025-07-01 14:59:47.774710+00:00.[0m
[2025-07-01T14:59:47.776+0000] {docker.py:429} INFO - [2m2025-07-01T14:59:47.775784Z[0m [[32m[1minfo     [0m] [1mExtract & load complete!      [0m [36mname[0m=[35mmeltano[0m [36mrun_id[0m=[35mbb34f13b-a9eb-441c-8871-dc4d4a5bc6ed[0m [36mstate_id[0m=[35m2025-07-01T145946--tap-csv--target-csv-csv[0m
[2m2025-07-01T14:59:47.776040Z[0m [[32m[1minfo     [0m] [1mTransformation skipped.       [0m [36mname[0m=[35mmeltano[0m [36mrun_id[0m=[35mbb34f13b-a9eb-441c-8871-dc4d4a5bc6ed[0m [36mstate_id[0m=[35m2025-07-01T145946--tap-csv--target-csv-csv[0m
[2025-07-01T14:59:48.799+0000] {taskinstance.py:1138} INFO - Marking task as SUCCESS. dag_id=northwind, task_id=extração_csv, execution_date=20250701T145402, start_date=20250701T145945, end_date=20250701T145948
[2025-07-01T14:59:48.996+0000] {local_task_job_runner.py:234} INFO - Task exited with return code 0
[2025-07-01T14:59:49.017+0000] {taskinstance.py:3280} INFO - 1 downstream tasks scheduled from follow-on schedule check
