[2025-07-01T12:47:16.414+0000] {taskinstance.py:1956} INFO - Dependencies all met for dep_context=non-requeueable deps ti=<TaskInstance: northwind.gerar_config_csv_dinamica manual__2025-07-01T12:46:33.097030+00:00 [queued]>
[2025-07-01T12:47:16.425+0000] {taskinstance.py:1956} INFO - Dependencies all met for dep_context=requeueable deps ti=<TaskInstance: northwind.gerar_config_csv_dinamica manual__2025-07-01T12:46:33.097030+00:00 [queued]>
[2025-07-01T12:47:16.426+0000] {taskinstance.py:2170} INFO - Starting attempt 1 of 2
[2025-07-01T12:47:16.444+0000] {taskinstance.py:2191} INFO - Executing <Task(DockerOperator): gerar_config_csv_dinamica> on 2025-07-01 12:46:33.097030+00:00
[2025-07-01T12:47:16.450+0000] {standard_task_runner.py:60} INFO - Started process 184 to run task
[2025-07-01T12:47:16.454+0000] {standard_task_runner.py:87} INFO - Running: ['***', 'tasks', 'run', 'northwind', 'gerar_config_csv_dinamica', 'manual__2025-07-01T12:46:33.097030+00:00', '--job-id', '30', '--raw', '--subdir', 'DAGS_FOLDER/dag.py', '--cfg-path', '/tmp/tmp_rfr_1os']
[2025-07-01T12:47:16.457+0000] {standard_task_runner.py:88} INFO - Job 30: Subtask gerar_config_csv_dinamica
[2025-07-01T12:47:16.516+0000] {task_command.py:423} INFO - Running <TaskInstance: northwind.gerar_config_csv_dinamica manual__2025-07-01T12:46:33.097030+00:00 [running]> on host b945f0fd27f1
[2025-07-01T12:47:23.627+0000] {taskinstance.py:2480} INFO - Exporting env vars: AIRFLOW_CTX_DAG_EMAIL='lrbf@cin.ufpe.br' AIRFLOW_CTX_DAG_OWNER='***' AIRFLOW_CTX_DAG_ID='northwind' AIRFLOW_CTX_TASK_ID='gerar_config_csv_dinamica' AIRFLOW_CTX_EXECUTION_DATE='2025-07-01T12:46:33.097030+00:00' AIRFLOW_CTX_TRY_NUMBER='1' AIRFLOW_CTX_DAG_RUN_ID='manual__2025-07-01T12:46:33.097030+00:00'
[2025-07-01T12:47:23.694+0000] {docker.py:359} INFO - Starting docker container from image meltano:latest
[2025-07-01T12:47:16.521+0000] {docker.py:429} INFO - Running meltano install...
[2025-07-01T12:47:17.932+0000] {docker.py:429} INFO - [2m2025-07-01T12:47:17.931788Z[0m [[32m[1minfo     [0m] [1mInstalling 7 plugins          [0m
[2025-07-01T12:47:17.942+0000] {docker.py:429} INFO - [2m2025-07-01T12:47:17.942246Z[0m [[32m[1minfo     [0m] [1mInstalling extractor 'tap-postgres'[0m
[2025-07-01T12:47:17.961+0000] {docker.py:429} INFO - [2m2025-07-01T12:47:17.960589Z[0m [[32m[1minfo     [0m] [1mInstalling extractor 'tap-csv'[0m
[2025-07-01T12:47:17.981+0000] {docker.py:429} INFO - [2m2025-07-01T12:47:17.980906Z[0m [[32m[1minfo     [0m] [1mInstalling extractor 'tap-csv-latest'[0m
[2025-07-01T12:47:18.003+0000] {docker.py:429} INFO - [2m2025-07-01T12:47:18.002720Z[0m [[32m[1minfo     [0m] [1mInstalling loader 'target-postgres'[0m
[2025-07-01T12:47:18.034+0000] {docker.py:429} INFO - [2m2025-07-01T12:47:18.033147Z[0m [[32m[1minfo     [0m] [1mInstalling loader 'target-csv'[0m
[2025-07-01T12:47:18.079+0000] {docker.py:429} INFO - [2m2025-07-01T12:47:18.078794Z[0m [[32m[1minfo     [0m] [1mInstalling loader 'target-csv-postgres'[0m
[2025-07-01T12:47:18.133+0000] {docker.py:429} INFO - [2m2025-07-01T12:47:18.130925Z[0m [[32m[1minfo     [0m] [1mInstalling loader 'target-csv-csv'[0m
[2025-07-01T12:47:19.559+0000] {docker.py:429} INFO - [2m2025-07-01T12:47:19.558311Z[0m [[32m[1minfo     [0m] [1mInstalled extractor 'tap-postgres'[0m
[2025-07-01T12:47:19.606+0000] {docker.py:429} INFO - [2m2025-07-01T12:47:19.605330Z[0m [[32m[1minfo     [0m] [1mInstalled loader 'target-postgres'[0m
[2025-07-01T12:47:23.931+0000] {docker.py:429} INFO - [2m2025-07-01T12:47:23.930098Z[0m [[32m[1minfo     [0m] [1mInstalled extractor 'tap-csv-latest'[0m
[2025-07-01T12:47:24.399+0000] {docker.py:429} INFO - [2m2025-07-01T12:47:24.398948Z[0m [[32m[1minfo     [0m] [1mInstalled extractor 'tap-csv' [0m
[2025-07-01T12:47:24.878+0000] {docker.py:429} INFO - [2m2025-07-01T12:47:24.877196Z[0m [[32m[1minfo     [0m] [1mInstalled loader 'target-csv' [0m
[2025-07-01T12:47:24.916+0000] {docker.py:429} INFO - [2m2025-07-01T12:47:24.915570Z[0m [[32m[1minfo     [0m] [1mInstalled loader 'target-csv-csv'[0m
[2025-07-01T12:47:24.952+0000] {docker.py:429} INFO - [2m2025-07-01T12:47:24.951754Z[0m [[32m[1minfo     [0m] [1mInstalled loader 'target-csv-postgres'[0m
[2025-07-01T12:47:24.952+0000] {docker.py:429} INFO - [2m2025-07-01T12:47:24.952067Z[0m [[32m[1minfo     [0m] [1mInstalled 7/7 plugins         [0m
[2025-07-01T12:47:25.746+0000] {docker.py:429} INFO - Meltano install completed. Executing command: python /opt/meltano/scripts/generate_csv_config.py
[2025-07-01T12:47:25.777+0000] {docker.py:429} INFO - ✔️ Configuração para tap-csv-latest gerada com sucesso em: /opt/meltano/config/tap-csv-latest.json
[2025-07-01T12:47:25.995+0000] {taskinstance.py:1138} INFO - Marking task as SUCCESS. dag_id=northwind, task_id=gerar_config_csv_dinamica, execution_date=20250701T124633, start_date=20250701T124716, end_date=20250701T124725
[2025-07-01T12:47:26.339+0000] {local_task_job_runner.py:234} INFO - Task exited with return code 0
[2025-07-01T12:47:26.356+0000] {taskinstance.py:3280} INFO - 1 downstream tasks scheduled from follow-on schedule check
