[2025-06-23T22:57:25.559+0000] {taskinstance.py:1956} INFO - Dependencies all met for dep_context=non-requeueable deps ti=<TaskInstance: northwind.gerar_config_py manual__2025-06-23T22:56:35.446662+00:00 [queued]>
[2025-06-23T22:57:25.593+0000] {taskinstance.py:1956} INFO - Dependencies all met for dep_context=requeueable deps ti=<TaskInstance: northwind.gerar_config_py manual__2025-06-23T22:56:35.446662+00:00 [queued]>
[2025-06-23T22:57:25.593+0000] {taskinstance.py:2170} INFO - Starting attempt 1 of 2
[2025-06-23T22:57:25.647+0000] {taskinstance.py:2191} INFO - Executing <Task(DockerOperator): gerar_config_py> on 2025-06-23 22:56:35.446662+00:00
[2025-06-23T22:57:25.659+0000] {standard_task_runner.py:60} INFO - Started process 295 to run task
[2025-06-23T22:57:25.669+0000] {standard_task_runner.py:87} INFO - Running: ['***', 'tasks', 'run', 'northwind', 'gerar_config_py', 'manual__2025-06-23T22:56:35.446662+00:00', '--job-id', '39', '--raw', '--subdir', 'DAGS_FOLDER/dag.py', '--cfg-path', '/tmp/tmpe22106c7']
[2025-06-23T22:57:25.674+0000] {standard_task_runner.py:88} INFO - Job 39: Subtask gerar_config_py
[2025-06-23T22:57:25.840+0000] {task_command.py:423} INFO - Running <TaskInstance: northwind.gerar_config_py manual__2025-06-23T22:56:35.446662+00:00 [running]> on host a06304be4538
[2025-06-23T22:57:26.072+0000] {taskinstance.py:2480} INFO - Exporting env vars: AIRFLOW_CTX_DAG_EMAIL='lrbf@cin.ufpe.br' AIRFLOW_CTX_DAG_OWNER='***' AIRFLOW_CTX_DAG_ID='northwind' AIRFLOW_CTX_TASK_ID='gerar_config_py' AIRFLOW_CTX_EXECUTION_DATE='2025-06-23T22:56:35.446662+00:00' AIRFLOW_CTX_TRY_NUMBER='1' AIRFLOW_CTX_DAG_RUN_ID='manual__2025-06-23T22:56:35.446662+00:00'
[2025-06-23T22:57:26.617+0000] {docker.py:359} INFO - Starting docker container from image indicium_pipeline-meltano:latest
[2025-06-23T22:57:27.324+0000] {docker.py:429} INFO - Running meltano install...
[2025-06-23T22:57:29.687+0000] {docker.py:429} INFO - [2m2025-06-23T22:57:29.686917Z[0m [[32m[1minfo     [0m] [1mInstalling 7 plugins          [0m
[2025-06-23T22:57:29.711+0000] {docker.py:429} INFO - [2m2025-06-23T22:57:29.710636Z[0m [[32m[1minfo     [0m] [1mInstalling extractor 'tap-postgres'[0m
[2025-06-23T22:57:29.734+0000] {docker.py:429} INFO - [2m2025-06-23T22:57:29.734103Z[0m [[32m[1minfo     [0m] [1mInstalling extractor 'tap-csv'[0m
[2025-06-23T22:57:29.765+0000] {docker.py:429} INFO - [2m2025-06-23T22:57:29.764763Z[0m [[32m[1minfo     [0m] [1mInstalling extractor 'tap-csv-latest'[0m
[2025-06-23T22:57:29.809+0000] {docker.py:429} INFO - [2m2025-06-23T22:57:29.807926Z[0m [[32m[1minfo     [0m] [1mInstalling loader 'target-postgres'[0m
[2025-06-23T22:57:29.894+0000] {docker.py:429} INFO - [2m2025-06-23T22:57:29.887766Z[0m [[32m[1minfo     [0m] [1mInstalling loader 'target-csv'[0m
[2025-06-23T22:57:30.019+0000] {docker.py:429} INFO - [2m2025-06-23T22:57:30.015291Z[0m [[32m[1minfo     [0m] [1mInstalling loader 'target-csv-postgres'[0m
[2025-06-23T22:57:30.152+0000] {docker.py:429} INFO - [2m2025-06-23T22:57:30.139768Z[0m [[32m[1minfo     [0m] [1mInstalling loader 'target-csv-csv'[0m
[2025-06-23T22:57:39.679+0000] {docker.py:429} INFO - [2m2025-06-23T22:57:39.581666Z[0m [[32m[1minfo     [0m] [1mInstalled extractor 'tap-postgres'[0m
[2025-06-23T22:57:41.392+0000] {docker.py:429} INFO - [2m2025-06-23T22:57:41.385982Z[0m [[32m[1minfo     [0m] [1mInstalled loader 'target-postgres'[0m
[2025-06-23T22:58:00.220+0000] {docker.py:429} INFO - [2m2025-06-23T22:58:00.201114Z[0m [[32m[1minfo     [0m] [1mInstalled extractor 'tap-csv-latest'[0m
[2025-06-23T22:58:00.243+0000] {docker.py:429} INFO - [2m2025-06-23T22:58:00.242200Z[0m [[32m[1minfo     [0m] [1mInstalled extractor 'tap-csv' [0m
[2025-06-23T22:58:01.216+0000] {docker.py:429} INFO - [2m2025-06-23T22:58:01.215669Z[0m [[32m[1minfo     [0m] [1mInstalled loader 'target-csv' [0m
[2025-06-23T22:58:01.939+0000] {docker.py:429} INFO - [2m2025-06-23T22:58:01.938812Z[0m [[32m[1minfo     [0m] [1mInstalled loader 'target-csv-csv'[0m
[2025-06-23T22:58:02.077+0000] {docker.py:429} INFO - [2m2025-06-23T22:58:02.076408Z[0m [[32m[1minfo     [0m] [1mInstalled loader 'target-csv-postgres'[0m
[2025-06-23T22:58:02.082+0000] {docker.py:429} INFO - [2m2025-06-23T22:58:02.081286Z[0m [[32m[1minfo     [0m] [1mInstalled 7/7 plugins         [0m
[2025-06-23T22:58:04.049+0000] {docker.py:429} INFO - Meltano install completed. Executing command: python3 scripts/generate_csv_config.py
[2025-06-23T22:58:04.111+0000] {docker.py:429} INFO - Traceback (most recent call last):
  File "/opt/meltano/scripts/generate_csv_config.py", line 17, in <module>
    latest_date_path = max([d for d in csv_base.iterdir() if d.is_dir()], key=os.path.getmtime, default=None)
  File "/opt/meltano/scripts/generate_csv_config.py", line 17, in <listcomp>
[2025-06-23T22:58:04.112+0000] {docker.py:429} INFO - latest_date_path = max([d for d in csv_base.iterdir() if d.is_dir()], key=os.path.getmtime, default=None)
  File "/usr/local/lib/python3.10/pathlib.py", line 1017, in iterdir
[2025-06-23T22:58:04.116+0000] {docker.py:429} INFO - for name in self._accessor.listdir(self):
FileNotFoundError: [Errno 2] No such file or directory: '/opt/data/csv/order_details'
[2025-06-23T22:58:06.502+0000] {taskinstance.py:2698} ERROR - Task failed with exception
Traceback (most recent call last):
  File "/home/airflow/.local/lib/python3.10/site-packages/airflow/models/taskinstance.py", line 433, in _execute_task
    result = execute_callable(context=context, **execute_callable_kwargs)
  File "/home/airflow/.local/lib/python3.10/site-packages/airflow/providers/docker/operators/docker.py", line 502, in execute
    return self._run_image()
  File "/home/airflow/.local/lib/python3.10/site-packages/airflow/providers/docker/operators/docker.py", line 376, in _run_image
    return self._run_image_with_mounts(self.mounts, add_tmp_variable=False)
  File "/home/airflow/.local/lib/python3.10/site-packages/airflow/providers/docker/operators/docker.py", line 437, in _run_image_with_mounts
    raise DockerContainerFailedException(f"Docker container failed: {result!r}", logs=log_lines)
airflow.providers.docker.exceptions.DockerContainerFailedException: Docker container failed: {'StatusCode': 1}
[2025-06-23T22:58:06.529+0000] {taskinstance.py:1138} INFO - Marking task as UP_FOR_RETRY. dag_id=northwind, task_id=gerar_config_py, execution_date=20250623T225635, start_date=20250623T225725, end_date=20250623T225806
[2025-06-23T22:58:06.665+0000] {standard_task_runner.py:107} ERROR - Failed to execute job 39 for task gerar_config_py (Docker container failed: {'StatusCode': 1}; 295)
[2025-06-23T22:58:06.732+0000] {local_task_job_runner.py:234} INFO - Task exited with return code 1
[2025-06-23T22:58:06.918+0000] {taskinstance.py:3280} INFO - 0 downstream tasks scheduled from follow-on schedule check
