[2025-06-25T20:48:01.076+0000] {taskinstance.py:1956} INFO - Dependencies all met for dep_context=non-requeueable deps ti=<TaskInstance: northwind.carregamento_postgres manual__2025-06-25T20:47:11.497214+00:00 [queued]>
[2025-06-25T20:48:01.086+0000] {taskinstance.py:1956} INFO - Dependencies all met for dep_context=requeueable deps ti=<TaskInstance: northwind.carregamento_postgres manual__2025-06-25T20:47:11.497214+00:00 [queued]>
[2025-06-25T20:48:01.087+0000] {taskinstance.py:2170} INFO - Starting attempt 1 of 2
[2025-06-25T20:48:01.099+0000] {taskinstance.py:2191} INFO - Executing <Task(DockerOperator): carregamento_postgres> on 2025-06-25 20:47:11.497214+00:00
[2025-06-25T20:48:01.107+0000] {standard_task_runner.py:60} INFO - Started process 216 to run task
[2025-06-25T20:48:01.110+0000] {standard_task_runner.py:87} INFO - Running: ['***', 'tasks', 'run', 'northwind', 'carregamento_postgres', 'manual__2025-06-25T20:47:11.497214+00:00', '--job-id', '182', '--raw', '--subdir', 'DAGS_FOLDER/dag.py', '--cfg-path', '/tmp/tmpkxwfbz7a']
[2025-06-25T20:48:01.113+0000] {standard_task_runner.py:88} INFO - Job 182: Subtask carregamento_postgres
[2025-06-25T20:48:01.168+0000] {task_command.py:423} INFO - Running <TaskInstance: northwind.carregamento_postgres manual__2025-06-25T20:47:11.497214+00:00 [running]> on host 6afc1f3750fb
[2025-06-25T20:48:01.277+0000] {taskinstance.py:2480} INFO - Exporting env vars: AIRFLOW_CTX_DAG_EMAIL='lrbf@cin.ufpe.br' AIRFLOW_CTX_DAG_OWNER='***' AIRFLOW_CTX_DAG_ID='northwind' AIRFLOW_CTX_TASK_ID='carregamento_postgres' AIRFLOW_CTX_EXECUTION_DATE='2025-06-25T20:47:11.497214+00:00' AIRFLOW_CTX_TRY_NUMBER='1' AIRFLOW_CTX_DAG_RUN_ID='manual__2025-06-25T20:47:11.497214+00:00'
[2025-06-25T20:48:01.540+0000] {docker.py:359} INFO - Starting docker container from image meltano:latest
[2025-06-25T20:48:01.971+0000] {docker.py:429} INFO - Running meltano install...
[2025-06-25T20:48:03.291+0000] {docker.py:429} INFO - [2m2025-06-25T20:48:03.291055Z[0m [[32m[1minfo     [0m] [1mInstalling 7 plugins          [0m
[2025-06-25T20:48:03.301+0000] {docker.py:429} INFO - [2m2025-06-25T20:48:03.300751Z[0m [[32m[1minfo     [0m] [1mInstalling extractor 'tap-postgres'[0m
[2025-06-25T20:48:03.313+0000] {docker.py:429} INFO - [2m2025-06-25T20:48:03.312802Z[0m [[32m[1minfo     [0m] [1mInstalling extractor 'tap-csv'[0m
[2025-06-25T20:48:03.330+0000] {docker.py:429} INFO - [2m2025-06-25T20:48:03.329920Z[0m [[32m[1minfo     [0m] [1mInstalling extractor 'tap-csv-latest'[0m
[2025-06-25T20:48:03.351+0000] {docker.py:429} INFO - [2m2025-06-25T20:48:03.350766Z[0m [[32m[1minfo     [0m] [1mInstalling loader 'target-postgres'[0m
[2025-06-25T20:48:03.365+0000] {docker.py:429} INFO - [2m2025-06-25T20:48:03.365093Z[0m [[32m[1minfo     [0m] [1mInstalling loader 'target-csv'[0m
[2025-06-25T20:48:03.384+0000] {docker.py:429} INFO - [2m2025-06-25T20:48:03.382974Z[0m [[32m[1minfo     [0m] [1mInstalling loader 'target-csv-postgres'[0m
[2025-06-25T20:48:03.404+0000] {docker.py:429} INFO - [2m2025-06-25T20:48:03.402987Z[0m [[32m[1minfo     [0m] [1mInstalling loader 'target-csv-csv'[0m
[2025-06-25T20:48:04.681+0000] {docker.py:429} INFO - [2m2025-06-25T20:48:04.680976Z[0m [[32m[1minfo     [0m] [1mInstalled extractor 'tap-postgres'[0m
[2025-06-25T20:48:04.726+0000] {docker.py:429} INFO - [2m2025-06-25T20:48:04.726256Z[0m [[32m[1minfo     [0m] [1mInstalled loader 'target-postgres'[0m
[2025-06-25T20:48:10.075+0000] {docker.py:429} INFO - [2m2025-06-25T20:48:10.074682Z[0m [[32m[1minfo     [0m] [1mInstalled extractor 'tap-csv' [0m
[2025-06-25T20:48:10.589+0000] {docker.py:429} INFO - [2m2025-06-25T20:48:10.589260Z[0m [[32m[1minfo     [0m] [1mInstalled extractor 'tap-csv-latest'[0m
[2025-06-25T20:48:11.199+0000] {docker.py:429} INFO - [2m2025-06-25T20:48:11.198468Z[0m [[32m[1minfo     [0m] [1mInstalled loader 'target-csv-csv'[0m
[2025-06-25T20:48:11.256+0000] {docker.py:429} INFO - [2m2025-06-25T20:48:11.256044Z[0m [[32m[1minfo     [0m] [1mInstalled loader 'target-csv' [0m
[2025-06-25T20:48:11.927+0000] {docker.py:429} INFO - [2m2025-06-25T20:48:11.927004Z[0m [[32m[1minfo     [0m] [1mInstalled loader 'target-csv-postgres'[0m
[2m2025-06-25T20:48:11.927301Z[0m [[32m[1minfo     [0m] [1mInstalled 7/7 plugins         [0m
[2025-06-25T20:48:12.895+0000] {docker.py:429} INFO - Meltano install completed. Executing command: meltano el tap-csv-latest target-postgres
[2025-06-25T20:48:14.020+0000] {docker.py:429} INFO - [2m2025-06-25T20:48:14.019437Z[0m [[32m[1minfo     [0m] [1mEnvironment 'dev' is active   [0m
[2025-06-25T20:48:14.425+0000] {docker.py:429} INFO - [2m2025-06-25T20:48:14.424673Z[0m [[32m[1minfo     [0m] [1mRunning extract & load...     [0m [36mname[0m=[35mmeltano[0m [36mrun_id[0m=[35m07afec05-8df0-4ecb-98e1-db93f4507051[0m [36mstate_id[0m=[35m2025-06-25T204814--tap-csv-latest--target-postgres[0m
[2025-06-25T20:48:15.535+0000] {docker.py:429} INFO - [2m2025-06-25T20:48:15.534488Z[0m [[32m[1minfo     [0m] [1mNo CSV file definitions found.[0m [36mcmd_type[0m=[35mextractor[0m [36mname[0m=[35mtap-csv-latest[0m [36mrun_id[0m=[35m07afec05-8df0-4ecb-98e1-db93f4507051[0m [36mstate_id[0m=[35m2025-06-25T204814--tap-csv-latest--target-postgres[0m [36mstdio[0m=[35mstderr[0m
[2025-06-25T20:48:15.759+0000] {docker.py:429} INFO - [2m2025-06-25T20:48:15.758357Z[0m [[32m[1minfo     [0m] [1mtarget-postgres v0.4.3, Meltano SDK v0.47.2[0m [36mcmd_type[0m=[35mloader[0m [36mname[0m=[35mtarget-postgres[0m [36mrun_id[0m=[35m07afec05-8df0-4ecb-98e1-db93f4507051[0m [36mstate_id[0m=[35m2025-06-25T204814--tap-csv-latest--target-postgres[0m [36mstdio[0m=[35mstderr[0m
[2m2025-06-25T20:48:15.758686Z[0m [[32m[1minfo     [0m] [1mSkipping parse of env var settings...[0m [36mcmd_type[0m=[35mloader[0m [36mname[0m=[35mtarget-postgres[0m [36mrun_id[0m=[35m07afec05-8df0-4ecb-98e1-db93f4507051[0m [36mstate_id[0m=[35m2025-06-25T204814--tap-csv-latest--target-postgres[0m [36mstdio[0m=[35mstderr[0m
[2025-06-25T20:48:15.759+0000] {docker.py:429} INFO - [2m2025-06-25T20:48:15.758848Z[0m [[32m[1minfo     [0m] [1mTraceback (most recent call last):[0m [36mcmd_type[0m=[35mloader[0m [36mname[0m=[35mtarget-postgres[0m [36mrun_id[0m=[35m07afec05-8df0-4ecb-98e1-db93f4507051[0m [36mstate_id[0m=[35m2025-06-25T204814--tap-csv-latest--target-postgres[0m [36mstdio[0m=[35mstderr[0m
[2025-06-25T20:48:15.760+0000] {docker.py:429} INFO - [2m2025-06-25T20:48:15.759014Z[0m [[32m[1minfo     [0m] [1m  File "/opt/meltano/.meltano/loaders/target-postgres/venv/bin/target-postgres", line 8, in <module>[0m [36mcmd_type[0m=[35mloader[0m [36mname[0m=[35mtarget-postgres[0m [36mrun_id[0m=[35m07afec05-8df0-4ecb-98e1-db93f4507051[0m [36mstate_id[0m=[35m2025-06-25T204814--tap-csv-latest--target-postgres[0m [36mstdio[0m=[35mstderr[0m
[2025-06-25T20:48:15.760+0000] {docker.py:429} INFO - [2m2025-06-25T20:48:15.759236Z[0m [[32m[1minfo     [0m] [1m    sys.exit(TargetPostgres.cli())[0m [36mcmd_type[0m=[35mloader[0m [36mname[0m=[35mtarget-postgres[0m [36mrun_id[0m=[35m07afec05-8df0-4ecb-98e1-db93f4507051[0m [36mstate_id[0m=[35m2025-06-25T204814--tap-csv-latest--target-postgres[0m [36mstdio[0m=[35mstderr[0m
[2025-06-25T20:48:15.760+0000] {docker.py:429} INFO - [2m2025-06-25T20:48:15.759416Z[0m [[32m[1minfo     [0m] [1m  File "/opt/meltano/.meltano/loaders/target-postgres/venv/lib/python3.10/site-packages/click/core.py", line 1442, in __call__[0m [36mcmd_type[0m=[35mloader[0m [36mname[0m=[35mtarget-postgres[0m [36mrun_id[0m=[35m07afec05-8df0-4ecb-98e1-db93f4507051[0m [36mstate_id[0m=[35m2025-06-25T204814--tap-csv-latest--target-postgres[0m [36mstdio[0m=[35mstderr[0m
[2025-06-25T20:48:15.760+0000] {docker.py:429} INFO - [2m2025-06-25T20:48:15.760233Z[0m [[32m[1minfo     [0m] [1m    return self.main(*args, **kwargs)[0m [36mcmd_type[0m=[35mloader[0m [36mname[0m=[35mtarget-postgres[0m [36mrun_id[0m=[35m07afec05-8df0-4ecb-98e1-db93f4507051[0m [36mstate_id[0m=[35m2025-06-25T204814--tap-csv-latest--target-postgres[0m [36mstdio[0m=[35mstderr[0m
[2025-06-25T20:48:15.761+0000] {docker.py:429} INFO - [2m2025-06-25T20:48:15.760656Z[0m [[32m[1minfo     [0m] [1m  File "/opt/meltano/.meltano/loaders/target-postgres/venv/lib/python3.10/site-packages/click/core.py", line 1363, in main[0m [36mcmd_type[0m=[35mloader[0m [36mname[0m=[35mtarget-postgres[0m [36mrun_id[0m=[35m07afec05-8df0-4ecb-98e1-db93f4507051[0m [36mstate_id[0m=[35m2025-06-25T204814--tap-csv-latest--target-postgres[0m [36mstdio[0m=[35mstderr[0m
[2025-06-25T20:48:15.761+0000] {docker.py:429} INFO - [2m2025-06-25T20:48:15.761081Z[0m [[32m[1minfo     [0m] [1m    rv = self.invoke(ctx)     [0m [36mcmd_type[0m=[35mloader[0m [36mname[0m=[35mtarget-postgres[0m [36mrun_id[0m=[35m07afec05-8df0-4ecb-98e1-db93f4507051[0m [36mstate_id[0m=[35m2025-06-25T204814--tap-csv-latest--target-postgres[0m [36mstdio[0m=[35mstderr[0m
[2025-06-25T20:48:15.762+0000] {docker.py:429} INFO - [2m2025-06-25T20:48:15.761415Z[0m [[32m[1minfo     [0m] [1m  File "/opt/meltano/.meltano/loaders/target-postgres/venv/lib/python3.10/site-packages/singer_sdk/plugin_base.py", line 97, in invoke[0m [36mcmd_type[0m=[35mloader[0m [36mname[0m=[35mtarget-postgres[0m [36mrun_id[0m=[35m07afec05-8df0-4ecb-98e1-db93f4507051[0m [36mstate_id[0m=[35m2025-06-25T204814--tap-csv-latest--target-postgres[0m [36mstdio[0m=[35mstderr[0m
[2025-06-25T20:48:15.762+0000] {docker.py:429} INFO - [2m2025-06-25T20:48:15.761729Z[0m [[32m[1minfo     [0m] [1m    return super().invoke(ctx)[0m [36mcmd_type[0m=[35mloader[0m [36mname[0m=[35mtarget-postgres[0m [36mrun_id[0m=[35m07afec05-8df0-4ecb-98e1-db93f4507051[0m [36mstate_id[0m=[35m2025-06-25T204814--tap-csv-latest--target-postgres[0m [36mstdio[0m=[35mstderr[0m
[2025-06-25T20:48:15.762+0000] {docker.py:429} INFO - [2m2025-06-25T20:48:15.762074Z[0m [[32m[1minfo     [0m] [1m  File "/opt/meltano/.meltano/loaders/target-postgres/venv/lib/python3.10/site-packages/click/core.py", line 1226, in invoke[0m [36mcmd_type[0m=[35mloader[0m [36mname[0m=[35mtarget-postgres[0m [36mrun_id[0m=[35m07afec05-8df0-4ecb-98e1-db93f4507051[0m [36mstate_id[0m=[35m2025-06-25T204814--tap-csv-latest--target-postgres[0m [36mstdio[0m=[35mstderr[0m
[2025-06-25T20:48:15.763+0000] {docker.py:429} INFO - [2m2025-06-25T20:48:15.762767Z[0m [[32m[1minfo     [0m] [1m    return ctx.invoke(self.callback, **ctx.params)[0m [36mcmd_type[0m=[35mloader[0m [36mname[0m=[35mtarget-postgres[0m [36mrun_id[0m=[35m07afec05-8df0-4ecb-98e1-db93f4507051[0m [36mstate_id[0m=[35m2025-06-25T204814--tap-csv-latest--target-postgres[0m [36mstdio[0m=[35mstderr[0m
[2025-06-25T20:48:15.764+0000] {docker.py:429} INFO - [2m2025-06-25T20:48:15.763038Z[0m [[32m[1minfo     [0m] [1m  File "/opt/meltano/.meltano/loaders/target-postgres/venv/lib/python3.10/site-packages/click/core.py", line 794, in invoke[0m [36mcmd_type[0m=[35mloader[0m [36mname[0m=[35mtarget-postgres[0m [36mrun_id[0m=[35m07afec05-8df0-4ecb-98e1-db93f4507051[0m [36mstate_id[0m=[35m2025-06-25T204814--tap-csv-latest--target-postgres[0m [36mstdio[0m=[35mstderr[0m
[2025-06-25T20:48:15.764+0000] {docker.py:429} INFO - [2m2025-06-25T20:48:15.763346Z[0m [[32m[1minfo     [0m] [1m    return callback(*args, **kwargs)[0m [36mcmd_type[0m=[35mloader[0m [36mname[0m=[35mtarget-postgres[0m [36mrun_id[0m=[35m07afec05-8df0-4ecb-98e1-db93f4507051[0m [36mstate_id[0m=[35m2025-06-25T204814--tap-csv-latest--target-postgres[0m [36mstdio[0m=[35mstderr[0m
[2025-06-25T20:48:15.764+0000] {docker.py:429} INFO - [2m2025-06-25T20:48:15.763718Z[0m [[32m[1minfo     [0m] [1m  File "/opt/meltano/.meltano/loaders/target-postgres/venv/lib/python3.10/site-packages/singer_sdk/target_base.py", line 583, in invoke[0m [36mcmd_type[0m=[35mloader[0m [36mname[0m=[35mtarget-postgres[0m [36mrun_id[0m=[35m07afec05-8df0-4ecb-98e1-db93f4507051[0m [36mstate_id[0m=[35m2025-06-25T204814--tap-csv-latest--target-postgres[0m [36mstdio[0m=[35mstderr[0m
[2025-06-25T20:48:15.765+0000] {docker.py:429} INFO - [2m2025-06-25T20:48:15.764679Z[0m [[32m[1minfo     [0m] [1m    target = cls(             [0m [36mcmd_type[0m=[35mloader[0m [36mname[0m=[35mtarget-postgres[0m [36mrun_id[0m=[35m07afec05-8df0-4ecb-98e1-db93f4507051[0m [36mstate_id[0m=[35m2025-06-25T204814--tap-csv-latest--target-postgres[0m [36mstdio[0m=[35mstderr[0m
[2m2025-06-25T20:48:15.764996Z[0m [[32m[1minfo     [0m] [1m  File "/opt/meltano/.meltano/loaders/target-postgres/venv/lib/python3.10/site-packages/target_postgres/target.py", line 67, in __init__[0m [36mcmd_type[0m=[35mloader[0m [36mname[0m=[35mtarget-postgres[0m [36mrun_id[0m=[35m07afec05-8df0-4ecb-98e1-db93f4507051[0m [36mstate_id[0m=[35m2025-06-25T204814--tap-csv-latest--target-postgres[0m [36mstdio[0m=[35mstderr[0m
[2025-06-25T20:48:15.766+0000] {docker.py:429} INFO - [2m2025-06-25T20:48:15.765490Z[0m [[32m[1minfo     [0m] [1m    and self.config.get("dialect+driver") is not None[0m [36mcmd_type[0m=[35mloader[0m [36mname[0m=[35mtarget-postgres[0m [36mrun_id[0m=[35m07afec05-8df0-4ecb-98e1-db93f4507051[0m [36mstate_id[0m=[35m2025-06-25T204814--tap-csv-latest--target-postgres[0m [36mstdio[0m=[35mstderr[0m
[2025-06-25T20:48:15.766+0000] {docker.py:429} INFO - [2m2025-06-25T20:48:15.765953Z[0m [[32m[1minfo     [0m] [1mAssertionError: Need either the sqlalchemy_url to be set or host, port, user, password, and dialect+driver to be set[0m [36mcmd_type[0m=[35mloader[0m [36mname[0m=[35mtarget-postgres[0m [36mrun_id[0m=[35m07afec05-8df0-4ecb-98e1-db93f4507051[0m [36mstate_id[0m=[35m2025-06-25T204814--tap-csv-latest--target-postgres[0m [36mstdio[0m=[35mstderr[0m
[2025-06-25T20:48:15.862+0000] {docker.py:429} INFO - [2m2025-06-25T20:48:15.862222Z[0m [[31m[1merror    [0m] [1mExtraction failed             [0m [36mcode[0m=[35m1[0m [36mmessage[0m=[35m'No CSV file definitions found.'[0m [36mname[0m=[35mmeltano[0m [36mrun_id[0m=[35m07afec05-8df0-4ecb-98e1-db93f4507051[0m [36mstate_id[0m=[35m2025-06-25T204814--tap-csv-latest--target-postgres[0m
[2025-06-25T20:48:15.863+0000] {docker.py:429} INFO - [2m2025-06-25T20:48:15.862565Z[0m [[31m[1merror    [0m] [1mLoading failed                [0m [36mcode[0m=[35m1[0m [36mmessage[0m=[35m'AssertionError: Need either the sqlalchemy_url to be set or host, port, user, password, and dialect+driver to be set'[0m [36mname[0m=[35mmeltano[0m [36mrun_id[0m=[35m07afec05-8df0-4ecb-98e1-db93f4507051[0m [36mstate_id[0m=[35m2025-06-25T204814--tap-csv-latest--target-postgres[0m
[2025-06-25T20:48:15.863+0000] {docker.py:429} INFO - [2m2025-06-25T20:48:15.863040Z[0m [[32m[1minfo     [0m] [1mELT could not be completed: Extractor and loader failed.[0m [36mcmd_type[0m=[35melt[0m [36mname[0m=[35mmeltano[0m [36mrun_id[0m=[35m07afec05-8df0-4ecb-98e1-db93f4507051[0m [36mstate_id[0m=[35m2025-06-25T204814--tap-csv-latest--target-postgres[0m [36mstdio[0m=[35mstderr[0m
[2025-06-25T20:48:15.864+0000] {docker.py:429} INFO - [2m2025-06-25T20:48:15.863349Z[0m [[32m[1minfo     [0m] [1mFor more detailed log messages re-run the command using 'meltano --log-level=debug ...' CLI flag.[0m [36mcmd_type[0m=[35melt[0m [36mname[0m=[35mmeltano[0m [36mrun_id[0m=[35m07afec05-8df0-4ecb-98e1-db93f4507051[0m [36mstate_id[0m=[35m2025-06-25T204814--tap-csv-latest--target-postgres[0m [36mstdio[0m=[35mstderr[0m
[2025-06-25T20:48:15.864+0000] {docker.py:429} INFO - [2m2025-06-25T20:48:15.863722Z[0m [[32m[1minfo     [0m] [1mNote that you can also check the generated log file at '/opt/meltano/.meltano/logs/elt/2025-06-25T204814--tap-csv-latest--target-postgres/07afec05-8df0-4ecb-98e1-db93f4507051/elt.log'.[0m [36mcmd_type[0m=[35melt[0m [36mname[0m=[35mmeltano[0m [36mrun_id[0m=[35m07afec05-8df0-4ecb-98e1-db93f4507051[0m [36mstate_id[0m=[35m2025-06-25T204814--tap-csv-latest--target-postgres[0m [36mstdio[0m=[35mstderr[0m
[2025-06-25T20:48:15.864+0000] {docker.py:429} INFO - [2m2025-06-25T20:48:15.863973Z[0m [[32m[1minfo     [0m] [1mFor more information on debugging and logging: https://docs.meltano.com/reference/command-line-interface#debugging[0m [36mcmd_type[0m=[35melt[0m [36mname[0m=[35mmeltano[0m [36mrun_id[0m=[35m07afec05-8df0-4ecb-98e1-db93f4507051[0m [36mstate_id[0m=[35m2025-06-25T204814--tap-csv-latest--target-postgres[0m [36mstdio[0m=[35mstderr[0m
[2025-06-25T20:48:15.878+0000] {docker.py:429} INFO - Need help fixing this problem? Visit http://melta.no/ for troubleshooting steps, or to
join our friendly Slack community.

ELT could not be completed: Extractor and loader failed.
For more detailed log messages re-run the command using 'meltano --log-level=debug ...' CLI flag.
Note that you can also check the generated log file at '/opt/meltano/.meltano/logs/elt/2025-06-25T204814--tap-csv-latest--target-postgres/07afec05-8df0-4ecb-98e1-db93f4507051/elt.log'.
For more information on debugging and logging: https://docs.meltano.com/reference/command-line-interface#debugging
[2025-06-25T20:48:17.112+0000] {taskinstance.py:2698} ERROR - Task failed with exception
Traceback (most recent call last):
  File "/home/airflow/.local/lib/python3.10/site-packages/airflow/models/taskinstance.py", line 433, in _execute_task
    result = execute_callable(context=context, **execute_callable_kwargs)
  File "/home/airflow/.local/lib/python3.10/site-packages/airflow/providers/docker/operators/docker.py", line 502, in execute
    return self._run_image()
  File "/home/airflow/.local/lib/python3.10/site-packages/airflow/providers/docker/operators/docker.py", line 376, in _run_image
    return self._run_image_with_mounts(self.mounts, add_tmp_variable=False)
  File "/home/airflow/.local/lib/python3.10/site-packages/airflow/providers/docker/operators/docker.py", line 437, in _run_image_with_mounts
    raise DockerContainerFailedException(f"Docker container failed: {result!r}", logs=log_lines)
airflow.providers.docker.exceptions.DockerContainerFailedException: Docker container failed: {'StatusCode': 1}
[2025-06-25T20:48:17.122+0000] {taskinstance.py:1138} INFO - Marking task as UP_FOR_RETRY. dag_id=northwind, task_id=carregamento_postgres, execution_date=20250625T204711, start_date=20250625T204801, end_date=20250625T204817
[2025-06-25T20:48:17.146+0000] {standard_task_runner.py:107} ERROR - Failed to execute job 182 for task carregamento_postgres (Docker container failed: {'StatusCode': 1}; 216)
[2025-06-25T20:48:17.174+0000] {local_task_job_runner.py:234} INFO - Task exited with return code 1
[2025-06-25T20:48:17.189+0000] {taskinstance.py:3280} INFO - 0 downstream tasks scheduled from follow-on schedule check
