[2025-07-10T12:45:59.538+0000] {taskinstance.py:1956} INFO - Dependencies all met for dep_context=non-requeueable deps ti=<TaskInstance: northwind.extração_csv manual__2025-07-10T12:45:39.379262+00:00 [queued]>
[2025-07-10T12:45:59.557+0000] {taskinstance.py:1956} INFO - Dependencies all met for dep_context=requeueable deps ti=<TaskInstance: northwind.extração_csv manual__2025-07-10T12:45:39.379262+00:00 [queued]>
[2025-07-10T12:45:59.558+0000] {taskinstance.py:2170} INFO - Starting attempt 1 of 2
[2025-07-10T12:45:59.585+0000] {taskinstance.py:2191} INFO - Executing <Task(DockerOperator): extração_csv> on 2025-07-10 12:45:39.379262+00:00
[2025-07-10T12:45:59.596+0000] {standard_task_runner.py:60} INFO - Started process 177 to run task
[2025-07-10T12:45:59.606+0000] {standard_task_runner.py:87} INFO - Running: ['***', 'tasks', 'run', 'northwind', 'extração_csv', 'manual__2025-07-10T12:45:39.379262+00:00', '--job-id', '30', '--raw', '--subdir', 'DAGS_FOLDER/northwind.py', '--cfg-path', '/tmp/tmp5gt0d_i_']
[2025-07-10T12:45:59.613+0000] {standard_task_runner.py:88} INFO - Job 30: Subtask extração_csv
[2025-07-10T12:45:59.729+0000] {task_command.py:423} INFO - Running <TaskInstance: northwind.extração_csv manual__2025-07-10T12:45:39.379262+00:00 [running]> on host 7ad2b0e001d7
[2025-07-10T12:45:59.889+0000] {taskinstance.py:2480} INFO - Exporting env vars: AIRFLOW_CTX_DAG_EMAIL='lrbf@cin.ufpe.br' AIRFLOW_CTX_DAG_OWNER='***' AIRFLOW_CTX_DAG_ID='northwind' AIRFLOW_CTX_TASK_ID='extração_csv' AIRFLOW_CTX_EXECUTION_DATE='2025-07-10T12:45:39.379262+00:00' AIRFLOW_CTX_TRY_NUMBER='1' AIRFLOW_CTX_DAG_RUN_ID='manual__2025-07-10T12:45:39.379262+00:00'
[2025-07-10T12:45:59.977+0000] {docker.py:359} INFO - Starting docker container from image meltano:latest
[2025-07-10T12:46:00.494+0000] {docker.py:429} INFO - Running meltano install...
[2025-07-10T12:46:02.359+0000] {docker.py:429} INFO - [2m2025-07-10T12:46:02.358025Z[0m [[32m[1minfo     [0m] [1mInstalling 7 plugins          [0m
[2025-07-10T12:46:02.383+0000] {docker.py:429} INFO - [2m2025-07-10T12:46:02.382884Z[0m [[32m[1minfo     [0m] [1mInstalling extractor 'tap-postgres'[0m
[2025-07-10T12:46:02.414+0000] {docker.py:429} INFO - [2m2025-07-10T12:46:02.413609Z[0m [[32m[1minfo     [0m] [1mInstalling extractor 'tap-csv'[0m
[2025-07-10T12:46:02.443+0000] {docker.py:429} INFO - [2m2025-07-10T12:46:02.442116Z[0m [[32m[1minfo     [0m] [1mInstalling extractor 'tap-csv-latest'[0m
[2025-07-10T12:46:02.476+0000] {docker.py:429} INFO - [2m2025-07-10T12:46:02.474869Z[0m [[32m[1minfo     [0m] [1mInstalling loader 'target-postgres'[0m
[2025-07-10T12:46:02.516+0000] {docker.py:429} INFO - [2m2025-07-10T12:46:02.515117Z[0m [[32m[1minfo     [0m] [1mInstalling loader 'target-csv'[0m
[2025-07-10T12:46:02.549+0000] {docker.py:429} INFO - [2m2025-07-10T12:46:02.548164Z[0m [[32m[1minfo     [0m] [1mInstalling loader 'target-csv-postgres'[0m
[2025-07-10T12:46:02.578+0000] {docker.py:429} INFO - [2m2025-07-10T12:46:02.577494Z[0m [[32m[1minfo     [0m] [1mInstalling loader 'target-csv-csv'[0m
[2025-07-10T12:46:03.995+0000] {docker.py:429} INFO - [2m2025-07-10T12:46:03.993969Z[0m [[32m[1minfo     [0m] [1mInstalled loader 'target-postgres'[0m
[2025-07-10T12:46:03.996+0000] {docker.py:429} INFO - [2m2025-07-10T12:46:03.995137Z[0m [[32m[1minfo     [0m] [1mInstalled extractor 'tap-postgres'[0m
[2025-07-10T12:46:08.129+0000] {docker.py:429} INFO - [2m2025-07-10T12:46:08.128234Z[0m [[32m[1minfo     [0m] [1mInstalled extractor 'tap-csv' [0m
[2025-07-10T12:46:08.148+0000] {docker.py:429} INFO - [2m2025-07-10T12:46:08.147806Z[0m [[32m[1minfo     [0m] [1mInstalled extractor 'tap-csv-latest'[0m
[2025-07-10T12:46:08.599+0000] {docker.py:429} INFO - [2m2025-07-10T12:46:08.599131Z[0m [[32m[1minfo     [0m] [1mInstalled loader 'target-csv' [0m
[2025-07-10T12:46:08.946+0000] {docker.py:429} INFO - [2m2025-07-10T12:46:08.945867Z[0m [[32m[1minfo     [0m] [1mInstalled loader 'target-csv-postgres'[0m
[2025-07-10T12:46:08.995+0000] {docker.py:429} INFO - [2m2025-07-10T12:46:08.994996Z[0m [[32m[1minfo     [0m] [1mInstalled loader 'target-csv-csv'[0m
[2025-07-10T12:46:08.996+0000] {docker.py:429} INFO - [2m2025-07-10T12:46:08.995468Z[0m [[32m[1minfo     [0m] [1mInstalled 7/7 plugins         [0m
[2025-07-10T12:46:09.945+0000] {docker.py:429} INFO - Meltano install completed. Executing command: meltano el tap-csv target-csv-csv
[2025-07-10T12:46:11.536+0000] {docker.py:429} INFO - [2m2025-07-10T12:46:11.535368Z[0m [[32m[1minfo     [0m] [1mEnvironment 'dev' is active   [0m
[2025-07-10T12:46:12.110+0000] {docker.py:429} INFO - [2m2025-07-10T12:46:12.109030Z[0m [[32m[1minfo     [0m] [1mRunning extract & load...     [0m [36mname[0m=[35mmeltano[0m [36mrun_id[0m=[35m2de4ad79-c307-4df0-9881-574b814f6440[0m [36mstate_id[0m=[35m2025-07-10T124611--tap-csv--target-csv-csv[0m
[2025-07-10T12:46:14.184+0000] {docker.py:429} INFO - [2m2025-07-10T12:46:14.183362Z[0m [[32m[1minfo     [0m] [1mINFO Sending version information to singer.io. To disable sending anonymous usage data, set the config parameter "disable_collection" to true[0m [36mcmd_type[0m=[35mloader[0m [36mname[0m=[35mtarget-csv-csv[0m [36mrun_id[0m=[35m2de4ad79-c307-4df0-9881-574b814f6440[0m [36mstate_id[0m=[35m2025-07-10T124611--tap-csv--target-csv-csv[0m [36mstdio[0m=[35mstderr[0m
[2025-07-10T12:46:14.626+0000] {docker.py:429} INFO - [2m2025-07-10T12:46:14.625272Z[0m [[32m[1minfo     [0m] [1m/opt/meltano/.meltano/extractors/tap-csv/venv/lib/python3.9/site-packages/singer_sdk/tap_base.py:516: SingerSDKDeprecationWarning: Passing a catalog file path is deprecated. Please pass the catalog as a dictionary or Catalog object instead.[0m [36mcmd_type[0m=[35mextractor[0m [36mname[0m=[35mtap-csv[0m [36mrun_id[0m=[35m2de4ad79-c307-4df0-9881-574b814f6440[0m [36mstate_id[0m=[35m2025-07-10T124611--tap-csv--target-csv-csv[0m [36mstdio[0m=[35mstderr[0m
[2025-07-10T12:46:14.626+0000] {docker.py:429} INFO - [2m2025-07-10T12:46:14.625818Z[0m [[32m[1minfo     [0m] [1m  tap = cls(                  [0m [36mcmd_type[0m=[35mextractor[0m [36mname[0m=[35mtap-csv[0m [36mrun_id[0m=[35m2de4ad79-c307-4df0-9881-574b814f6440[0m [36mstate_id[0m=[35m2025-07-10T124611--tap-csv--target-csv-csv[0m [36mstdio[0m=[35mstderr[0m
[2025-07-10T12:46:14.627+0000] {docker.py:429} INFO - [2m2025-07-10T12:46:14.626156Z[0m [[32m[1minfo     [0m] [1m                              [0m [36mcmd_type[0m=[35mextractor[0m [36mname[0m=[35mtap-csv[0m [36mrun_id[0m=[35m2de4ad79-c307-4df0-9881-574b814f6440[0m [36mstate_id[0m=[35m2025-07-10T124611--tap-csv--target-csv-csv[0m [36mstdio[0m=[35mstderr[0m
[2025-07-10T12:46:14.629+0000] {docker.py:429} INFO - [2m2025-07-10T12:46:14.628048Z[0m [[32m[1minfo     [0m] [1mBeginning full_table sync of 'order_details'...[0m [36mcmd_type[0m=[35mextractor[0m [36mname[0m=[35mtap-csv[0m [36mrun_id[0m=[35m2de4ad79-c307-4df0-9881-574b814f6440[0m [36mstate_id[0m=[35m2025-07-10T124611--tap-csv--target-csv-csv[0m [36mstdio[0m=[35mstderr[0m
[2025-07-10T12:46:14.629+0000] {docker.py:429} INFO - [2m2025-07-10T12:46:14.628637Z[0m [[32m[1minfo     [0m] [1mTap has custom mapper. Using 1 provided map(s).[0m [36mcmd_type[0m=[35mextractor[0m [36mname[0m=[35mtap-csv[0m [36mrun_id[0m=[35m2de4ad79-c307-4df0-9881-574b814f6440[0m [36mstate_id[0m=[35m2025-07-10T124611--tap-csv--target-csv-csv[0m [36mstdio[0m=[35mstderr[0m
[2025-07-10T12:46:14.815+0000] {docker.py:429} INFO - [2m2025-07-10T12:46:14.814339Z[0m [[32m[1minfo     [0m] [1mMETRIC: {"type": "timer", "metric": "sync_duration", "value": 0.1855449676513672, "tags": {"stream": "order_details", "pid": 176, "context": {}, "status": "succeeded"}}[0m [36mcmd_type[0m=[35mextractor[0m [36mname[0m=[35mtap-csv[0m [36mrun_id[0m=[35m2de4ad79-c307-4df0-9881-574b814f6440[0m [36mstate_id[0m=[35m2025-07-10T124611--tap-csv--target-csv-csv[0m [36mstdio[0m=[35mstderr[0m
[2025-07-10T12:46:14.815+0000] {docker.py:429} INFO - [2m2025-07-10T12:46:14.814792Z[0m [[32m[1minfo     [0m] [1mMETRIC: {"type": "counter", "metric": "record_count", "value": 2155, "tags": {"stream": "order_details", "pid": 176, "context": {}}}[0m [36mcmd_type[0m=[35mextractor[0m [36mname[0m=[35mtap-csv[0m [36mrun_id[0m=[35m2de4ad79-c307-4df0-9881-574b814f6440[0m [36mstate_id[0m=[35m2025-07-10T124611--tap-csv--target-csv-csv[0m [36mstdio[0m=[35mstderr[0m
[2025-07-10T12:46:14.926+0000] {docker.py:429} INFO - [2m2025-07-10T12:46:14.925111Z[0m [[32m[1minfo     [0m] [1mUsing systemdb state backend  [0m
[2025-07-10T12:46:14.940+0000] {docker.py:429} INFO - [2m2025-07-10T12:46:14.939371Z[0m [[32m[1minfo     [0m] [1mIncremental state has been updated at 2025-07-10 12:46:14.939331+00:00.[0m
[2025-07-10T12:46:14.941+0000] {docker.py:429} INFO - [2m2025-07-10T12:46:14.940814Z[0m [[32m[1minfo     [0m] [1mExtract & load complete!      [0m [36mname[0m=[35mmeltano[0m [36mrun_id[0m=[35m2de4ad79-c307-4df0-9881-574b814f6440[0m [36mstate_id[0m=[35m2025-07-10T124611--tap-csv--target-csv-csv[0m
[2025-07-10T12:46:14.941+0000] {docker.py:429} INFO - [2m2025-07-10T12:46:14.941158Z[0m [[32m[1minfo     [0m] [1mTransformation skipped.       [0m [36mname[0m=[35mmeltano[0m [36mrun_id[0m=[35m2de4ad79-c307-4df0-9881-574b814f6440[0m [36mstate_id[0m=[35m2025-07-10T124611--tap-csv--target-csv-csv[0m
[2025-07-10T12:46:16.334+0000] {taskinstance.py:1138} INFO - Marking task as SUCCESS. dag_id=northwind, task_id=extração_csv, execution_date=20250710T124539, start_date=20250710T124559, end_date=20250710T124616
[2025-07-10T12:46:16.400+0000] {local_task_job_runner.py:234} INFO - Task exited with return code 0
[2025-07-10T12:46:16.457+0000] {taskinstance.py:3280} INFO - 1 downstream tasks scheduled from follow-on schedule check
