[2025-06-25T21:38:35.236+0000] {taskinstance.py:1956} INFO - Dependencies all met for dep_context=non-requeueable deps ti=<TaskInstance: northwind.extração_csv manual__2025-06-25T21:38:00.528216+00:00 [queued]>
[2025-06-25T21:38:35.258+0000] {taskinstance.py:1956} INFO - Dependencies all met for dep_context=requeueable deps ti=<TaskInstance: northwind.extração_csv manual__2025-06-25T21:38:00.528216+00:00 [queued]>
[2025-06-25T21:38:35.259+0000] {taskinstance.py:2170} INFO - Starting attempt 1 of 2
[2025-06-25T21:38:35.282+0000] {taskinstance.py:2191} INFO - Executing <Task(DockerOperator): extração_csv> on 2025-06-25 21:38:00.528216+00:00
[2025-06-25T21:38:35.289+0000] {standard_task_runner.py:60} INFO - Started process 207 to run task
[2025-06-25T21:38:35.293+0000] {standard_task_runner.py:87} INFO - Running: ['***', 'tasks', 'run', 'northwind', 'extração_csv', 'manual__2025-06-25T21:38:00.528216+00:00', '--job-id', '211', '--raw', '--subdir', 'DAGS_FOLDER/dag.py', '--cfg-path', '/tmp/tmpa9dcz06n']
[2025-06-25T21:38:35.295+0000] {standard_task_runner.py:88} INFO - Job 211: Subtask extração_csv
[2025-06-25T21:38:35.349+0000] {task_command.py:423} INFO - Running <TaskInstance: northwind.extração_csv manual__2025-06-25T21:38:00.528216+00:00 [running]> on host 6afc1f3750fb
[2025-06-25T21:38:35.469+0000] {taskinstance.py:2480} INFO - Exporting env vars: AIRFLOW_CTX_DAG_EMAIL='lrbf@cin.ufpe.br' AIRFLOW_CTX_DAG_OWNER='***' AIRFLOW_CTX_DAG_ID='northwind' AIRFLOW_CTX_TASK_ID='extração_csv' AIRFLOW_CTX_EXECUTION_DATE='2025-06-25T21:38:00.528216+00:00' AIRFLOW_CTX_TRY_NUMBER='1' AIRFLOW_CTX_DAG_RUN_ID='manual__2025-06-25T21:38:00.528216+00:00'
[2025-06-25T21:38:35.966+0000] {docker.py:359} INFO - Starting docker container from image meltano:latest
[2025-06-25T21:38:35.972+0000] {docker.py:367} WARNING - Using remote engine or docker-in-docker and mounting temporary volume from host is not supported. Falling back to `mount_tmp_dir=False` mode. You can set `mount_tmp_dir` parameter to False to disable mounting and remove the warning
[2025-06-25T21:38:36.583+0000] {docker.py:429} INFO - Running meltano install...
[2025-06-25T21:38:38.633+0000] {docker.py:429} INFO - [2m2025-06-25T21:38:38.632862Z[0m [[32m[1minfo     [0m] [1mInstalling 7 plugins          [0m
[2025-06-25T21:38:38.671+0000] {docker.py:429} INFO - [2m2025-06-25T21:38:38.670674Z[0m [[32m[1minfo     [0m] [1mInstalling extractor 'tap-postgres'[0m
[2025-06-25T21:38:38.692+0000] {docker.py:429} INFO - [2m2025-06-25T21:38:38.691949Z[0m [[32m[1minfo     [0m] [1mInstalling extractor 'tap-csv'[0m
[2025-06-25T21:38:38.713+0000] {docker.py:429} INFO - [2m2025-06-25T21:38:38.712804Z[0m [[32m[1minfo     [0m] [1mInstalling extractor 'tap-csv-latest'[0m
[2025-06-25T21:38:38.745+0000] {docker.py:429} INFO - [2m2025-06-25T21:38:38.744299Z[0m [[32m[1minfo     [0m] [1mInstalling loader 'target-postgres'[0m
[2025-06-25T21:38:36.322+0000] {docker.py:429} INFO - [2m2025-06-25T21:38:36.321715Z[0m [[32m[1minfo     [0m] [1mInstalling loader 'target-csv'[0m
[2025-06-25T21:38:36.406+0000] {docker.py:429} INFO - [2m2025-06-25T21:38:36.382696Z[0m [[32m[1minfo     [0m] [1mInstalling loader 'target-csv-postgres'[0m
[2025-06-25T21:38:36.464+0000] {docker.py:429} INFO - [2m2025-06-25T21:38:36.463473Z[0m [[32m[1minfo     [0m] [1mInstalling loader 'target-csv-csv'[0m
[2025-06-25T21:38:38.729+0000] {docker.py:429} INFO - [2m2025-06-25T21:38:38.728969Z[0m [[32m[1minfo     [0m] [1mInstalled loader 'target-postgres'[0m
[2025-06-25T21:38:38.735+0000] {docker.py:429} INFO - [2m2025-06-25T21:38:38.734095Z[0m [[32m[1minfo     [0m] [1mInstalled extractor 'tap-postgres'[0m
[2025-06-25T21:38:44.424+0000] {docker.py:429} INFO - [2m2025-06-25T21:38:44.423369Z[0m [[32m[1minfo     [0m] [1mInstalled extractor 'tap-csv-latest'[0m
[2025-06-25T21:38:44.425+0000] {docker.py:429} INFO - [2m2025-06-25T21:38:44.424935Z[0m [[32m[1minfo     [0m] [1mInstalled extractor 'tap-csv' [0m
[2025-06-25T21:38:45.858+0000] {docker.py:429} INFO - [2m2025-06-25T21:38:45.857191Z[0m [[32m[1minfo     [0m] [1mInstalled loader 'target-csv' [0m
[2025-06-25T21:38:46.599+0000] {docker.py:429} INFO - [2m2025-06-25T21:38:46.599094Z[0m [[32m[1minfo     [0m] [1mInstalled loader 'target-csv-csv'[0m
[2025-06-25T21:38:46.637+0000] {docker.py:429} INFO - [2m2025-06-25T21:38:46.636492Z[0m [[32m[1minfo     [0m] [1mInstalled loader 'target-csv-postgres'[0m
[2025-06-25T21:38:46.637+0000] {docker.py:429} INFO - [2m2025-06-25T21:38:46.636841Z[0m [[32m[1minfo     [0m] [1mInstalled 7/7 plugins         [0m
[2025-06-25T21:38:47.993+0000] {docker.py:429} INFO - Meltano install completed. Executing command: meltano el tap-csv target-csv-csv
[2025-06-25T21:38:50.099+0000] {docker.py:429} INFO - [2m2025-06-25T21:38:50.095618Z[0m [[32m[1minfo     [0m] [1mEnvironment 'dev' is active   [0m
[2025-06-25T21:38:50.692+0000] {docker.py:429} INFO - [2m2025-06-25T21:38:50.691158Z[0m [[32m[1minfo     [0m] [1mRunning extract & load...     [0m [36mname[0m=[35mmeltano[0m [36mrun_id[0m=[35m26a4f6a4-46f1-442e-b62a-28420e46554f[0m [36mstate_id[0m=[35m2025-06-25T213850--tap-csv--target-csv-csv[0m
[2025-06-25T21:38:52.323+0000] {docker.py:429} INFO - [2m2025-06-25T21:38:52.322881Z[0m [[32m[1minfo     [0m] [1mINFO Sending version information to singer.io. To disable sending anonymous usage data, set the config parameter "disable_collection" to true[0m [36mcmd_type[0m=[35mloader[0m [36mname[0m=[35mtarget-csv-csv[0m [36mrun_id[0m=[35m26a4f6a4-46f1-442e-b62a-28420e46554f[0m [36mstate_id[0m=[35m2025-06-25T213850--tap-csv--target-csv-csv[0m [36mstdio[0m=[35mstderr[0m
[2025-06-25T21:38:52.569+0000] {docker.py:429} INFO - [2m2025-06-25T21:38:52.568502Z[0m [[32m[1minfo     [0m] [1mBeginning full_table sync of 'order_details'...[0m [36mcmd_type[0m=[35mextractor[0m [36mname[0m=[35mtap-csv[0m [36mrun_id[0m=[35m26a4f6a4-46f1-442e-b62a-28420e46554f[0m [36mstate_id[0m=[35m2025-06-25T213850--tap-csv--target-csv-csv[0m [36mstdio[0m=[35mstderr[0m
[2025-06-25T21:38:52.570+0000] {docker.py:429} INFO - [2m2025-06-25T21:38:52.569488Z[0m [[32m[1minfo     [0m] [1mTap has custom mapper. Using 1 provided map(s).[0m [36mcmd_type[0m=[35mextractor[0m [36mname[0m=[35mtap-csv[0m [36mrun_id[0m=[35m26a4f6a4-46f1-442e-b62a-28420e46554f[0m [36mstate_id[0m=[35m2025-06-25T213850--tap-csv--target-csv-csv[0m [36mstdio[0m=[35mstderr[0m
[2025-06-25T21:38:52.781+0000] {docker.py:429} INFO - [2m2025-06-25T21:38:52.780586Z[0m [[32m[1minfo     [0m] [1mMETRIC: {"type": "timer", "metric": "sync_duration", "value": 0.2112751007080078, "tags": {"stream": "order_details", "pid": 176, "context": {}, "status": "succeeded"}}[0m [36mcmd_type[0m=[35mextractor[0m [36mname[0m=[35mtap-csv[0m [36mrun_id[0m=[35m26a4f6a4-46f1-442e-b62a-28420e46554f[0m [36mstate_id[0m=[35m2025-06-25T213850--tap-csv--target-csv-csv[0m [36mstdio[0m=[35mstderr[0m
[2025-06-25T21:38:52.782+0000] {docker.py:429} INFO - [2m2025-06-25T21:38:52.781049Z[0m [[32m[1minfo     [0m] [1mMETRIC: {"type": "counter", "metric": "record_count", "value": 2155, "tags": {"stream": "order_details", "pid": 176, "context": {}}}[0m [36mcmd_type[0m=[35mextractor[0m [36mname[0m=[35mtap-csv[0m [36mrun_id[0m=[35m26a4f6a4-46f1-442e-b62a-28420e46554f[0m [36mstate_id[0m=[35m2025-06-25T213850--tap-csv--target-csv-csv[0m [36mstdio[0m=[35mstderr[0m
[2025-06-25T21:38:52.905+0000] {docker.py:429} INFO - [2m2025-06-25T21:38:52.904161Z[0m [[32m[1minfo     [0m] [1mUsing systemdb state backend  [0m
[2025-06-25T21:38:52.919+0000] {docker.py:429} INFO - [2m2025-06-25T21:38:52.919018Z[0m [[32m[1minfo     [0m] [1mIncremental state has been updated at 2025-06-25 21:38:52.918975+00:00.[0m
[2025-06-25T21:38:52.922+0000] {docker.py:429} INFO - [2m2025-06-25T21:38:52.921946Z[0m [[32m[1minfo     [0m] [1mExtract & load complete!      [0m [36mname[0m=[35mmeltano[0m [36mrun_id[0m=[35m26a4f6a4-46f1-442e-b62a-28420e46554f[0m [36mstate_id[0m=[35m2025-06-25T213850--tap-csv--target-csv-csv[0m
[2025-06-25T21:38:52.923+0000] {docker.py:429} INFO - [2m2025-06-25T21:38:52.922281Z[0m [[32m[1minfo     [0m] [1mTransformation skipped.       [0m [36mname[0m=[35mmeltano[0m [36mrun_id[0m=[35m26a4f6a4-46f1-442e-b62a-28420e46554f[0m [36mstate_id[0m=[35m2025-06-25T213850--tap-csv--target-csv-csv[0m
[2025-06-25T21:38:54.343+0000] {taskinstance.py:1138} INFO - Marking task as SUCCESS. dag_id=northwind, task_id=extração_csv, execution_date=20250625T213800, start_date=20250625T213835, end_date=20250625T213854
[2025-06-25T21:38:54.421+0000] {local_task_job_runner.py:234} INFO - Task exited with return code 0
[2025-06-25T21:38:54.504+0000] {taskinstance.py:3280} INFO - 2 downstream tasks scheduled from follow-on schedule check
