[2025-07-01T20:47:09.664+0000] {taskinstance.py:1956} INFO - Dependencies all met for dep_context=non-requeueable deps ti=<TaskInstance: northwind.extração_csv manual__2025-07-01T20:46:52.697703+00:00 [queued]>
[2025-07-01T20:47:09.672+0000] {taskinstance.py:1956} INFO - Dependencies all met for dep_context=requeueable deps ti=<TaskInstance: northwind.extração_csv manual__2025-07-01T20:46:52.697703+00:00 [queued]>
[2025-07-01T20:47:09.672+0000] {taskinstance.py:2170} INFO - Starting attempt 1 of 2
[2025-07-01T20:47:09.683+0000] {taskinstance.py:2191} INFO - Executing <Task(DockerOperator): extração_csv> on 2025-07-01 20:46:52.697703+00:00
[2025-07-01T20:47:09.687+0000] {standard_task_runner.py:60} INFO - Started process 179 to run task
[2025-07-01T20:47:09.690+0000] {standard_task_runner.py:87} INFO - Running: ['***', 'tasks', 'run', 'northwind', 'extração_csv', 'manual__2025-07-01T20:46:52.697703+00:00', '--job-id', '9', '--raw', '--subdir', 'DAGS_FOLDER/northwind.py', '--cfg-path', '/tmp/tmpqrehssn5']
[2025-07-01T20:47:09.692+0000] {standard_task_runner.py:88} INFO - Job 9: Subtask extração_csv
[2025-07-01T20:47:09.732+0000] {task_command.py:423} INFO - Running <TaskInstance: northwind.extração_csv manual__2025-07-01T20:46:52.697703+00:00 [running]> on host add15e81f04d
[2025-07-01T20:47:09.797+0000] {taskinstance.py:2480} INFO - Exporting env vars: AIRFLOW_CTX_DAG_EMAIL='lrbf@cin.ufpe.br' AIRFLOW_CTX_DAG_OWNER='***' AIRFLOW_CTX_DAG_ID='northwind' AIRFLOW_CTX_TASK_ID='extração_csv' AIRFLOW_CTX_EXECUTION_DATE='2025-07-01T20:46:52.697703+00:00' AIRFLOW_CTX_TRY_NUMBER='1' AIRFLOW_CTX_DAG_RUN_ID='manual__2025-07-01T20:46:52.697703+00:00'
[2025-07-01T20:47:09.846+0000] {docker.py:359} INFO - Starting docker container from image meltano:latest
[2025-07-01T20:47:10.116+0000] {docker.py:429} INFO - Running meltano install...
[2025-07-01T20:47:11.228+0000] {docker.py:429} INFO - [2m2025-07-01T20:47:11.227262Z[0m [[32m[1minfo     [0m] [1mInstalling 7 plugins          [0m
[2025-07-01T20:47:11.237+0000] {docker.py:429} INFO - [2m2025-07-01T20:47:11.236262Z[0m [[32m[1minfo     [0m] [1mInstalling extractor 'tap-postgres'[0m
[2025-07-01T20:47:11.258+0000] {docker.py:429} INFO - [2m2025-07-01T20:47:11.257380Z[0m [[32m[1minfo     [0m] [1mInstalling extractor 'tap-csv'[0m
[2025-07-01T20:47:11.282+0000] {docker.py:429} INFO - [2m2025-07-01T20:47:11.281927Z[0m [[32m[1minfo     [0m] [1mInstalling extractor 'tap-csv-latest'[0m
[2025-07-01T20:47:11.300+0000] {docker.py:429} INFO - [2m2025-07-01T20:47:11.299831Z[0m [[32m[1minfo     [0m] [1mInstalling loader 'target-postgres'[0m
[2025-07-01T20:47:11.322+0000] {docker.py:429} INFO - [2m2025-07-01T20:47:11.321938Z[0m [[32m[1minfo     [0m] [1mInstalling loader 'target-csv'[0m
[2025-07-01T20:47:11.343+0000] {docker.py:429} INFO - [2m2025-07-01T20:47:11.342898Z[0m [[32m[1minfo     [0m] [1mInstalling loader 'target-csv-postgres'[0m
[2025-07-01T20:47:11.373+0000] {docker.py:429} INFO - [2m2025-07-01T20:47:11.372236Z[0m [[32m[1minfo     [0m] [1mInstalling loader 'target-csv-csv'[0m
[2025-07-01T20:47:12.327+0000] {docker.py:429} INFO - [2m2025-07-01T20:47:12.326634Z[0m [[32m[1minfo     [0m] [1mInstalled extractor 'tap-postgres'[0m
[2025-07-01T20:47:12.381+0000] {docker.py:429} INFO - [2m2025-07-01T20:47:12.380448Z[0m [[32m[1minfo     [0m] [1mInstalled loader 'target-postgres'[0m
[2025-07-01T20:47:16.451+0000] {docker.py:429} INFO - [2m2025-07-01T20:47:16.450217Z[0m [[32m[1minfo     [0m] [1mInstalled extractor 'tap-csv' [0m
[2025-07-01T20:47:17.221+0000] {docker.py:429} INFO - [2m2025-07-01T20:47:17.220818Z[0m [[32m[1minfo     [0m] [1mInstalled loader 'target-csv' [0m
[2025-07-01T20:47:17.432+0000] {docker.py:429} INFO - [2m2025-07-01T20:47:17.431905Z[0m [[32m[1minfo     [0m] [1mInstalled extractor 'tap-csv-latest'[0m
[2025-07-01T20:47:17.831+0000] {docker.py:429} INFO - [2m2025-07-01T20:47:17.830942Z[0m [[32m[1minfo     [0m] [1mInstalled loader 'target-csv-csv'[0m
[2025-07-01T20:47:18.003+0000] {docker.py:429} INFO - [2m2025-07-01T20:47:18.002206Z[0m [[32m[1minfo     [0m] [1mInstalled loader 'target-csv-postgres'[0m
[2025-07-01T20:47:18.004+0000] {docker.py:429} INFO - [2m2025-07-01T20:47:18.002852Z[0m [[32m[1minfo     [0m] [1mInstalled 7/7 plugins         [0m
[2025-07-01T20:47:18.823+0000] {docker.py:429} INFO - Meltano install completed. Executing command: meltano el tap-csv target-csv-csv
[2025-07-01T20:47:19.786+0000] {docker.py:429} INFO - [2m2025-07-01T20:47:19.785958Z[0m [[32m[1minfo     [0m] [1mEnvironment 'dev' is active   [0m
[2025-07-01T20:47:20.144+0000] {docker.py:429} INFO - [2m2025-07-01T20:47:20.144039Z[0m [[32m[1minfo     [0m] [1mRunning extract & load...     [0m [36mname[0m=[35mmeltano[0m [36mrun_id[0m=[35mff6f7640-cfc2-4fce-ac6b-40d101f8fc0b[0m [36mstate_id[0m=[35m2025-07-01T204719--tap-csv--target-csv-csv[0m
[2025-07-01T20:47:21.197+0000] {docker.py:429} INFO - [2m2025-07-01T20:47:21.196709Z[0m [[32m[1minfo     [0m] [1mINFO Sending version information to singer.io. To disable sending anonymous usage data, set the config parameter "disable_collection" to true[0m [36mcmd_type[0m=[35mloader[0m [36mname[0m=[35mtarget-csv-csv[0m [36mrun_id[0m=[35mff6f7640-cfc2-4fce-ac6b-40d101f8fc0b[0m [36mstate_id[0m=[35m2025-07-01T204719--tap-csv--target-csv-csv[0m [36mstdio[0m=[35mstderr[0m
[2025-07-01T20:47:21.388+0000] {docker.py:429} INFO - [2m2025-07-01T20:47:21.387897Z[0m [[32m[1minfo     [0m] [1m/opt/meltano/.meltano/extractors/tap-csv/venv/lib/python3.9/site-packages/singer_sdk/tap_base.py:516: SingerSDKDeprecationWarning: Passing a catalog file path is deprecated. Please pass the catalog as a dictionary or Catalog object instead.[0m [36mcmd_type[0m=[35mextractor[0m [36mname[0m=[35mtap-csv[0m [36mrun_id[0m=[35mff6f7640-cfc2-4fce-ac6b-40d101f8fc0b[0m [36mstate_id[0m=[35m2025-07-01T204719--tap-csv--target-csv-csv[0m [36mstdio[0m=[35mstderr[0m
[2m2025-07-01T20:47:21.388206Z[0m [[32m[1minfo     [0m] [1m  tap = cls(                  [0m [36mcmd_type[0m=[35mextractor[0m [36mname[0m=[35mtap-csv[0m [36mrun_id[0m=[35mff6f7640-cfc2-4fce-ac6b-40d101f8fc0b[0m [36mstate_id[0m=[35m2025-07-01T204719--tap-csv--target-csv-csv[0m [36mstdio[0m=[35mstderr[0m
[2025-07-01T20:47:21.389+0000] {docker.py:429} INFO - [2m2025-07-01T20:47:21.388419Z[0m [[32m[1minfo     [0m] [1m                              [0m [36mcmd_type[0m=[35mextractor[0m [36mname[0m=[35mtap-csv[0m [36mrun_id[0m=[35mff6f7640-cfc2-4fce-ac6b-40d101f8fc0b[0m [36mstate_id[0m=[35m2025-07-01T204719--tap-csv--target-csv-csv[0m [36mstdio[0m=[35mstderr[0m
[2025-07-01T20:47:21.389+0000] {docker.py:429} INFO - [2m2025-07-01T20:47:21.388745Z[0m [[32m[1minfo     [0m] [1mBeginning full_table sync of 'order_details'...[0m [36mcmd_type[0m=[35mextractor[0m [36mname[0m=[35mtap-csv[0m [36mrun_id[0m=[35mff6f7640-cfc2-4fce-ac6b-40d101f8fc0b[0m [36mstate_id[0m=[35m2025-07-01T204719--tap-csv--target-csv-csv[0m [36mstdio[0m=[35mstderr[0m
[2025-07-01T20:47:21.389+0000] {docker.py:429} INFO - [2m2025-07-01T20:47:21.388962Z[0m [[32m[1minfo     [0m] [1mTap has custom mapper. Using 1 provided map(s).[0m [36mcmd_type[0m=[35mextractor[0m [36mname[0m=[35mtap-csv[0m [36mrun_id[0m=[35mff6f7640-cfc2-4fce-ac6b-40d101f8fc0b[0m [36mstate_id[0m=[35m2025-07-01T204719--tap-csv--target-csv-csv[0m [36mstdio[0m=[35mstderr[0m
[2025-07-01T20:47:21.496+0000] {docker.py:429} INFO - [2m2025-07-01T20:47:21.496249Z[0m [[32m[1minfo     [0m] [1mMETRIC: {"type": "timer", "metric": "sync_duration", "value": 0.10762691497802734, "tags": {"stream": "order_details", "pid": 176, "context": {}, "status": "succeeded"}}[0m [36mcmd_type[0m=[35mextractor[0m [36mname[0m=[35mtap-csv[0m [36mrun_id[0m=[35mff6f7640-cfc2-4fce-ac6b-40d101f8fc0b[0m [36mstate_id[0m=[35m2025-07-01T204719--tap-csv--target-csv-csv[0m [36mstdio[0m=[35mstderr[0m
[2025-07-01T20:47:21.497+0000] {docker.py:429} INFO - [2m2025-07-01T20:47:21.496552Z[0m [[32m[1minfo     [0m] [1mMETRIC: {"type": "counter", "metric": "record_count", "value": 2155, "tags": {"stream": "order_details", "pid": 176, "context": {}}}[0m [36mcmd_type[0m=[35mextractor[0m [36mname[0m=[35mtap-csv[0m [36mrun_id[0m=[35mff6f7640-cfc2-4fce-ac6b-40d101f8fc0b[0m [36mstate_id[0m=[35m2025-07-01T204719--tap-csv--target-csv-csv[0m [36mstdio[0m=[35mstderr[0m
[2025-07-01T20:47:21.590+0000] {docker.py:429} INFO - [2m2025-07-01T20:47:21.590003Z[0m [[32m[1minfo     [0m] [1mUsing systemdb state backend  [0m
[2025-07-01T20:47:21.600+0000] {docker.py:429} INFO - [2m2025-07-01T20:47:21.599836Z[0m [[32m[1minfo     [0m] [1mIncremental state has been updated at 2025-07-01 20:47:21.599804+00:00.[0m
[2025-07-01T20:47:21.601+0000] {docker.py:429} INFO - [2m2025-07-01T20:47:21.600758Z[0m [[32m[1minfo     [0m] [1mExtract & load complete!      [0m [36mname[0m=[35mmeltano[0m [36mrun_id[0m=[35mff6f7640-cfc2-4fce-ac6b-40d101f8fc0b[0m [36mstate_id[0m=[35m2025-07-01T204719--tap-csv--target-csv-csv[0m
[2025-07-01T20:47:21.601+0000] {docker.py:429} INFO - [2m2025-07-01T20:47:21.600980Z[0m [[32m[1minfo     [0m] [1mTransformation skipped.       [0m [36mname[0m=[35mmeltano[0m [36mrun_id[0m=[35mff6f7640-cfc2-4fce-ac6b-40d101f8fc0b[0m [36mstate_id[0m=[35m2025-07-01T204719--tap-csv--target-csv-csv[0m
[2025-07-01T20:47:22.547+0000] {taskinstance.py:1138} INFO - Marking task as SUCCESS. dag_id=northwind, task_id=extração_csv, execution_date=20250701T204652, start_date=20250701T204709, end_date=20250701T204722
[2025-07-01T20:47:22.566+0000] {local_task_job_runner.py:234} INFO - Task exited with return code 0
[2025-07-01T20:47:22.585+0000] {taskinstance.py:3280} INFO - 1 downstream tasks scheduled from follow-on schedule check
