[2025-07-09T19:33:13.093+0000] {taskinstance.py:1956} INFO - Dependencies all met for dep_context=non-requeueable deps ti=<TaskInstance: northwind.gerar_config_csv_dinamica manual__2025-07-09T19:32:38.412898+00:00 [queued]>
[2025-07-09T19:33:13.100+0000] {taskinstance.py:1956} INFO - Dependencies all met for dep_context=requeueable deps ti=<TaskInstance: northwind.gerar_config_csv_dinamica manual__2025-07-09T19:32:38.412898+00:00 [queued]>
[2025-07-09T19:33:13.100+0000] {taskinstance.py:2170} INFO - Starting attempt 1 of 2
[2025-07-09T19:33:13.112+0000] {taskinstance.py:2191} INFO - Executing <Task(DockerOperator): gerar_config_csv_dinamica> on 2025-07-09 19:32:38.412898+00:00
[2025-07-09T19:33:13.116+0000] {standard_task_runner.py:60} INFO - Started process 194 to run task
[2025-07-09T19:33:13.119+0000] {standard_task_runner.py:87} INFO - Running: ['***', 'tasks', 'run', 'northwind', 'gerar_config_csv_dinamica', 'manual__2025-07-09T19:32:38.412898+00:00', '--job-id', '73', '--raw', '--subdir', 'DAGS_FOLDER/northwind.py', '--cfg-path', '/tmp/tmpmueyoc4j']
[2025-07-09T19:33:13.122+0000] {standard_task_runner.py:88} INFO - Job 73: Subtask gerar_config_csv_dinamica
[2025-07-09T19:33:13.181+0000] {task_command.py:423} INFO - Running <TaskInstance: northwind.gerar_config_csv_dinamica manual__2025-07-09T19:32:38.412898+00:00 [running]> on host 37ac8c63b729
[2025-07-09T19:33:13.280+0000] {taskinstance.py:2480} INFO - Exporting env vars: AIRFLOW_CTX_DAG_EMAIL='lrbf@cin.ufpe.br' AIRFLOW_CTX_DAG_OWNER='***' AIRFLOW_CTX_DAG_ID='northwind' AIRFLOW_CTX_TASK_ID='gerar_config_csv_dinamica' AIRFLOW_CTX_EXECUTION_DATE='2025-07-09T19:32:38.412898+00:00' AIRFLOW_CTX_TRY_NUMBER='1' AIRFLOW_CTX_DAG_RUN_ID='manual__2025-07-09T19:32:38.412898+00:00'
[2025-07-09T19:33:13.346+0000] {docker.py:359} INFO - Starting docker container from image meltano:latest
[2025-07-09T19:33:13.696+0000] {docker.py:429} INFO - Running meltano install...
[2025-07-09T19:33:15.106+0000] {docker.py:429} INFO - [2m2025-07-09T19:33:15.105175Z[0m [[32m[1minfo     [0m] [1mInstalling 7 plugins          [0m
[2025-07-09T19:33:15.118+0000] {docker.py:429} INFO - [2m2025-07-09T19:33:15.117412Z[0m [[32m[1minfo     [0m] [1mInstalling extractor 'tap-postgres'[0m
[2025-07-09T19:33:15.135+0000] {docker.py:429} INFO - [2m2025-07-09T19:33:15.134702Z[0m [[32m[1minfo     [0m] [1mInstalling extractor 'tap-csv'[0m
[2025-07-09T19:33:15.155+0000] {docker.py:429} INFO - [2m2025-07-09T19:33:15.154721Z[0m [[32m[1minfo     [0m] [1mInstalling extractor 'tap-csv-latest'[0m
[2025-07-09T19:33:15.179+0000] {docker.py:429} INFO - [2m2025-07-09T19:33:15.178671Z[0m [[32m[1minfo     [0m] [1mInstalling loader 'target-postgres'[0m
[2025-07-09T19:33:15.213+0000] {docker.py:429} INFO - [2m2025-07-09T19:33:15.212262Z[0m [[32m[1minfo     [0m] [1mInstalling loader 'target-csv'[0m
[2025-07-09T19:33:15.251+0000] {docker.py:429} INFO - [2m2025-07-09T19:33:15.250374Z[0m [[32m[1minfo     [0m] [1mInstalling loader 'target-csv-postgres'[0m
[2025-07-09T19:33:15.291+0000] {docker.py:429} INFO - [2m2025-07-09T19:33:15.290488Z[0m [[32m[1minfo     [0m] [1mInstalling loader 'target-csv-csv'[0m
[2025-07-09T19:33:14.123+0000] {docker.py:429} INFO - [2m2025-07-09T19:33:14.122984Z[0m [[32m[1minfo     [0m] [1mInstalled extractor 'tap-postgres'[0m
[2025-07-09T19:33:14.166+0000] {docker.py:429} INFO - [2m2025-07-09T19:33:14.166161Z[0m [[32m[1minfo     [0m] [1mInstalled loader 'target-postgres'[0m
[2025-07-09T19:33:18.278+0000] {docker.py:429} INFO - [2m2025-07-09T19:33:18.277654Z[0m [[32m[1minfo     [0m] [1mInstalled extractor 'tap-csv-latest'[0m
[2025-07-09T19:33:18.435+0000] {docker.py:429} INFO - [2m2025-07-09T19:33:18.435037Z[0m [[32m[1minfo     [0m] [1mInstalled extractor 'tap-csv' [0m
[2025-07-09T19:33:18.959+0000] {docker.py:429} INFO - [2m2025-07-09T19:33:18.959197Z[0m [[32m[1minfo     [0m] [1mInstalled loader 'target-csv' [0m
[2025-07-09T19:33:19.338+0000] {docker.py:429} INFO - [2m2025-07-09T19:33:19.338172Z[0m [[32m[1minfo     [0m] [1mInstalled loader 'target-csv-csv'[0m
[2025-07-09T19:33:19.475+0000] {docker.py:429} INFO - [2m2025-07-09T19:33:19.474425Z[0m [[32m[1minfo     [0m] [1mInstalled loader 'target-csv-postgres'[0m
[2025-07-09T19:33:19.475+0000] {docker.py:429} INFO - [2m2025-07-09T19:33:19.474856Z[0m [[32m[1minfo     [0m] [1mInstalled 7/7 plugins         [0m
[2025-07-09T19:33:20.359+0000] {docker.py:429} INFO - Meltano install completed. Executing command: python /opt/meltano/scripts/generate_csv_config.py
[2025-07-09T19:33:20.398+0000] {docker.py:429} INFO - [{"entity": "order_details", "path": "/opt/output_data/csv/order_details/2025-07-09/file.csv", "keys": ["order_id", "product_id"], "delimiter": ",", "encoding": "utf-8"}, {"entity": "public-categories", "path": "/opt/output_data/postgres/public-categories/2025-07-09/file.csv", "keys": ["category_id"], "delimiter": ",", "encoding": "utf-8"}, {"entity": "public-products", "path": "/opt/output_data/postgres/public-products/2025-07-09/file.csv", "keys": ["product_id"], "delimiter": ",", "encoding": "utf-8"}, {"entity": "public-suppliers", "path": "/opt/output_data/postgres/public-suppliers/2025-07-09/file.csv", "keys": ["supplier_id"], "delimiter": ",", "encoding": "utf-8"}, {"entity": "public-orders", "path": "/opt/output_data/postgres/public-orders/2025-07-09/file.csv", "keys": ["order_id"], "delimiter": ",", "encoding": "utf-8"}, {"entity": "public-customers", "path": "/opt/output_data/postgres/public-customers/2025-07-09/file.csv", "keys": ["customer_id"], "delimiter": ",", "encoding": "utf-8"}, {"entity": "public-employees", "path": "/opt/output_data/postgres/public-employees/2025-07-09/file.csv", "keys": ["employee_id"], "delimiter": ",", "encoding": "utf-8"}, {"entity": "public-employee_territories", "path": "/opt/output_data/postgres/public-employee_territories/2025-07-09/file.csv", "keys": ["employee_id", "territory_id"], "delimiter": ",", "encoding": "utf-8"}, {"entity": "public-territories", "path": "/opt/output_data/postgres/public-territories/2025-07-09/file.csv", "keys": ["territory_id"], "delimiter": ",", "encoding": "utf-8"}, {"entity": "public-region", "path": "/opt/output_data/postgres/public-region/2025-07-09/file.csv", "keys": ["region_id"], "delimiter": ",", "encoding": "utf-8"}, {"entity": "public-shippers", "path": "/opt/output_data/postgres/public-shippers/2025-07-09/file.csv", "keys": ["shipper_id"], "delimiter": ",", "encoding": "utf-8"}, {"entity": "public-us_states", "path": "/opt/output_data/postgres/public-us_states/2025-07-09/file.csv", "keys": ["state_id"], "delimiter": ",", "encoding": "utf-8"}]
[2025-07-09T19:33:20.610+0000] {taskinstance.py:1138} INFO - Marking task as SUCCESS. dag_id=northwind, task_id=gerar_config_csv_dinamica, execution_date=20250709T193238, start_date=20250709T193313, end_date=20250709T193320
[2025-07-09T19:33:20.643+0000] {local_task_job_runner.py:234} INFO - Task exited with return code 0
[2025-07-09T19:33:20.667+0000] {taskinstance.py:3280} INFO - 1 downstream tasks scheduled from follow-on schedule check
