[2025-06-30T21:40:39.807+0000] {taskinstance.py:1956} INFO - Dependencies all met for dep_context=non-requeueable deps ti=<TaskInstance: northwind.extração_csv manual__2025-06-30T21:40:11.196630+00:00 [queued]>
[2025-06-30T21:40:39.820+0000] {taskinstance.py:1956} INFO - Dependencies all met for dep_context=requeueable deps ti=<TaskInstance: northwind.extração_csv manual__2025-06-30T21:40:11.196630+00:00 [queued]>
[2025-06-30T21:40:39.821+0000] {taskinstance.py:2170} INFO - Starting attempt 1 of 2
[2025-06-30T21:40:39.839+0000] {taskinstance.py:2191} INFO - Executing <Task(DockerOperator): extração_csv> on 2025-06-30 21:40:11.196630+00:00
[2025-06-30T21:40:39.847+0000] {standard_task_runner.py:60} INFO - Started process 182 to run task
[2025-06-30T21:40:39.852+0000] {standard_task_runner.py:87} INFO - Running: ['***', 'tasks', 'run', 'northwind', 'extração_csv', 'manual__2025-06-30T21:40:11.196630+00:00', '--job-id', '11', '--raw', '--subdir', 'DAGS_FOLDER/dag.py', '--cfg-path', '/tmp/tmpwxpbrdp_']
[2025-06-30T21:40:39.855+0000] {standard_task_runner.py:88} INFO - Job 11: Subtask extração_csv
[2025-06-30T21:40:39.914+0000] {task_command.py:423} INFO - Running <TaskInstance: northwind.extração_csv manual__2025-06-30T21:40:11.196630+00:00 [running]> on host c85abd80cdc4
[2025-06-30T21:40:40.009+0000] {taskinstance.py:2480} INFO - Exporting env vars: AIRFLOW_CTX_DAG_EMAIL='lrbf@cin.ufpe.br' AIRFLOW_CTX_DAG_OWNER='***' AIRFLOW_CTX_DAG_ID='northwind' AIRFLOW_CTX_TASK_ID='extração_csv' AIRFLOW_CTX_EXECUTION_DATE='2025-06-30T21:40:11.196630+00:00' AIRFLOW_CTX_TRY_NUMBER='1' AIRFLOW_CTX_DAG_RUN_ID='manual__2025-06-30T21:40:11.196630+00:00'
[2025-06-30T21:40:40.078+0000] {docker.py:359} INFO - Starting docker container from image meltano:latest
[2025-06-30T21:40:40.592+0000] {docker.py:429} INFO - Running meltano install...
[2025-06-30T21:40:42.178+0000] {docker.py:429} INFO - [2m2025-06-30T21:40:42.177298Z[0m [[32m[1minfo     [0m] [1mInstalling 7 plugins          [0m
[2025-06-30T21:40:42.193+0000] {docker.py:429} INFO - [2m2025-06-30T21:40:42.192809Z[0m [[32m[1minfo     [0m] [1mInstalling extractor 'tap-postgres'[0m
[2025-06-30T21:40:42.227+0000] {docker.py:429} INFO - [2m2025-06-30T21:40:42.226223Z[0m [[32m[1minfo     [0m] [1mInstalling extractor 'tap-csv'[0m
[2025-06-30T21:40:42.267+0000] {docker.py:429} INFO - [2m2025-06-30T21:40:42.267050Z[0m [[32m[1minfo     [0m] [1mInstalling extractor 'tap-csv-latest'[0m
[2025-06-30T21:40:42.307+0000] {docker.py:429} INFO - [2m2025-06-30T21:40:42.306260Z[0m [[32m[1minfo     [0m] [1mInstalling loader 'target-postgres'[0m
[2025-06-30T21:40:42.340+0000] {docker.py:429} INFO - [2m2025-06-30T21:40:42.339662Z[0m [[32m[1minfo     [0m] [1mInstalling loader 'target-csv'[0m
[2025-06-30T21:40:42.375+0000] {docker.py:429} INFO - [2m2025-06-30T21:40:42.374688Z[0m [[32m[1minfo     [0m] [1mInstalling loader 'target-csv-postgres'[0m
[2025-06-30T21:40:42.413+0000] {docker.py:429} INFO - [2m2025-06-30T21:40:42.413062Z[0m [[32m[1minfo     [0m] [1mInstalling loader 'target-csv-csv'[0m
[2025-06-30T21:40:44.092+0000] {docker.py:429} INFO - [2m2025-06-30T21:40:44.091165Z[0m [[32m[1minfo     [0m] [1mInstalled extractor 'tap-postgres'[0m
[2025-06-30T21:40:45.454+0000] {docker.py:429} INFO - [2m2025-06-30T21:40:45.453397Z[0m [[32m[1minfo     [0m] [1mInstalled loader 'target-postgres'[0m
[2025-06-30T21:40:50.819+0000] {docker.py:429} INFO - [2m2025-06-30T21:40:50.818704Z[0m [[32m[1minfo     [0m] [1mInstalled extractor 'tap-csv' [0m
[2025-06-30T21:40:50.886+0000] {docker.py:429} INFO - [2m2025-06-30T21:40:50.885422Z[0m [[32m[1minfo     [0m] [1mInstalled extractor 'tap-csv-latest'[0m
[2025-06-30T21:40:51.039+0000] {docker.py:429} INFO - [2m2025-06-30T21:40:51.038218Z[0m [[32m[1minfo     [0m] [1mInstalled loader 'target-csv-csv'[0m
[2025-06-30T21:40:51.039+0000] {docker.py:429} INFO - [2m2025-06-30T21:40:51.039243Z[0m [[32m[1minfo     [0m] [1mInstalled loader 'target-csv' [0m
[2025-06-30T21:40:51.097+0000] {docker.py:429} INFO - [2m2025-06-30T21:40:51.096439Z[0m [[32m[1minfo     [0m] [1mInstalled loader 'target-csv-postgres'[0m
[2025-06-30T21:40:51.098+0000] {docker.py:429} INFO - [2m2025-06-30T21:40:51.097179Z[0m [[32m[1minfo     [0m] [1mInstalled 7/7 plugins         [0m
[2025-06-30T21:40:59.076+0000] {docker.py:429} INFO - Meltano install completed. Executing command: meltano el tap-csv target-csv-csv
[2025-06-30T21:40:54.245+0000] {docker.py:429} INFO - [2m2025-06-30T21:40:54.244457Z[0m [[32m[1minfo     [0m] [1mEnvironment 'dev' is active   [0m
[2025-06-30T21:40:54.937+0000] {docker.py:429} INFO - [2m2025-06-30T21:40:54.933268Z[0m [[32m[1minfo     [0m] [1mRunning extract & load...     [0m [36mname[0m=[35mmeltano[0m [36mrun_id[0m=[35m08e10f3f-1032-41ba-8aad-8c7dfcfc7594[0m [36mstate_id[0m=[35m2025-06-30T214054--tap-csv--target-csv-csv[0m
[2025-06-30T21:40:56.850+0000] {docker.py:429} INFO - [2m2025-06-30T21:40:56.849191Z[0m [[32m[1minfo     [0m] [1mINFO Sending version information to singer.io. To disable sending anonymous usage data, set the config parameter "disable_collection" to true[0m [36mcmd_type[0m=[35mloader[0m [36mname[0m=[35mtarget-csv-csv[0m [36mrun_id[0m=[35m08e10f3f-1032-41ba-8aad-8c7dfcfc7594[0m [36mstate_id[0m=[35m2025-06-30T214054--tap-csv--target-csv-csv[0m [36mstdio[0m=[35mstderr[0m
[2025-06-30T21:41:03.985+0000] {docker.py:429} INFO - [2m2025-06-30T21:41:03.984523Z[0m [[32m[1minfo     [0m] [1m/opt/meltano/.meltano/extractors/tap-csv/venv/lib/python3.9/site-packages/singer_sdk/tap_base.py:516: SingerSDKDeprecationWarning: Passing a catalog file path is deprecated. Please pass the catalog as a dictionary or Catalog object instead.[0m [36mcmd_type[0m=[35mextractor[0m [36mname[0m=[35mtap-csv[0m [36mrun_id[0m=[35m08e10f3f-1032-41ba-8aad-8c7dfcfc7594[0m [36mstate_id[0m=[35m2025-06-30T214054--tap-csv--target-csv-csv[0m [36mstdio[0m=[35mstderr[0m
[2025-06-30T21:41:03.986+0000] {docker.py:429} INFO - [2m2025-06-30T21:41:03.985055Z[0m [[32m[1minfo     [0m] [1m  tap = cls(                  [0m [36mcmd_type[0m=[35mextractor[0m [36mname[0m=[35mtap-csv[0m [36mrun_id[0m=[35m08e10f3f-1032-41ba-8aad-8c7dfcfc7594[0m [36mstate_id[0m=[35m2025-06-30T214054--tap-csv--target-csv-csv[0m [36mstdio[0m=[35mstderr[0m
[2025-06-30T21:41:03.986+0000] {docker.py:429} INFO - [2m2025-06-30T21:41:03.985453Z[0m [[32m[1minfo     [0m] [1m                              [0m [36mcmd_type[0m=[35mextractor[0m [36mname[0m=[35mtap-csv[0m [36mrun_id[0m=[35m08e10f3f-1032-41ba-8aad-8c7dfcfc7594[0m [36mstate_id[0m=[35m2025-06-30T214054--tap-csv--target-csv-csv[0m [36mstdio[0m=[35mstderr[0m
[2025-06-30T21:41:03.986+0000] {docker.py:429} INFO - [2m2025-06-30T21:41:03.985990Z[0m [[32m[1minfo     [0m] [1mBeginning full_table sync of 'order_details'...[0m [36mcmd_type[0m=[35mextractor[0m [36mname[0m=[35mtap-csv[0m [36mrun_id[0m=[35m08e10f3f-1032-41ba-8aad-8c7dfcfc7594[0m [36mstate_id[0m=[35m2025-06-30T214054--tap-csv--target-csv-csv[0m [36mstdio[0m=[35mstderr[0m
[2025-06-30T21:41:03.987+0000] {docker.py:429} INFO - [2m2025-06-30T21:41:03.986326Z[0m [[32m[1minfo     [0m] [1mTap has custom mapper. Using 1 provided map(s).[0m [36mcmd_type[0m=[35mextractor[0m [36mname[0m=[35mtap-csv[0m [36mrun_id[0m=[35m08e10f3f-1032-41ba-8aad-8c7dfcfc7594[0m [36mstate_id[0m=[35m2025-06-30T214054--tap-csv--target-csv-csv[0m [36mstdio[0m=[35mstderr[0m
[2025-06-30T21:41:04.181+0000] {docker.py:429} INFO - [2m2025-06-30T21:41:04.180609Z[0m [[32m[1minfo     [0m] [1mMETRIC: {"type": "timer", "metric": "sync_duration", "value": 0.19481682777404785, "tags": {"stream": "order_details", "pid": 176, "context": {}, "status": "succeeded"}}[0m [36mcmd_type[0m=[35mextractor[0m [36mname[0m=[35mtap-csv[0m [36mrun_id[0m=[35m08e10f3f-1032-41ba-8aad-8c7dfcfc7594[0m [36mstate_id[0m=[35m2025-06-30T214054--tap-csv--target-csv-csv[0m [36mstdio[0m=[35mstderr[0m
[2025-06-30T21:41:04.181+0000] {docker.py:429} INFO - [2m2025-06-30T21:41:04.181130Z[0m [[32m[1minfo     [0m] [1mMETRIC: {"type": "counter", "metric": "record_count", "value": 2155, "tags": {"stream": "order_details", "pid": 176, "context": {}}}[0m [36mcmd_type[0m=[35mextractor[0m [36mname[0m=[35mtap-csv[0m [36mrun_id[0m=[35m08e10f3f-1032-41ba-8aad-8c7dfcfc7594[0m [36mstate_id[0m=[35m2025-06-30T214054--tap-csv--target-csv-csv[0m [36mstdio[0m=[35mstderr[0m
[2025-06-30T21:40:57.191+0000] {docker.py:429} INFO - [2m2025-06-30T21:40:57.190007Z[0m [[32m[1minfo     [0m] [1mUsing systemdb state backend  [0m
[2025-06-30T21:40:57.206+0000] {docker.py:429} INFO - [2m2025-06-30T21:40:57.205428Z[0m [[32m[1minfo     [0m] [1mIncremental state has been updated at 2025-06-30 21:40:57.205380+00:00.[0m
[2025-06-30T21:40:57.207+0000] {docker.py:429} INFO - [2m2025-06-30T21:40:57.206907Z[0m [[32m[1minfo     [0m] [1mExtract & load complete!      [0m [36mname[0m=[35mmeltano[0m [36mrun_id[0m=[35m08e10f3f-1032-41ba-8aad-8c7dfcfc7594[0m [36mstate_id[0m=[35m2025-06-30T214054--tap-csv--target-csv-csv[0m
[2m2025-06-30T21:40:57.207260Z[0m [[32m[1minfo     [0m] [1mTransformation skipped.       [0m [36mname[0m=[35mmeltano[0m [36mrun_id[0m=[35m08e10f3f-1032-41ba-8aad-8c7dfcfc7594[0m [36mstate_id[0m=[35m2025-06-30T214054--tap-csv--target-csv-csv[0m
[2025-06-30T21:40:58.766+0000] {taskinstance.py:1138} INFO - Marking task as SUCCESS. dag_id=northwind, task_id=extração_csv, execution_date=20250630T214011, start_date=20250630T214039, end_date=20250630T214058
[2025-06-30T21:40:58.837+0000] {local_task_job_runner.py:234} INFO - Task exited with return code 0
[2025-06-30T21:40:58.903+0000] {taskinstance.py:3280} INFO - 1 downstream tasks scheduled from follow-on schedule check
