[2025-06-25T21:55:22.929+0000] {taskinstance.py:1956} INFO - Dependencies all met for dep_context=non-requeueable deps ti=<TaskInstance: northwind.extração_csv manual__2025-06-25T21:54:53.610406+00:00 [queued]>
[2025-06-25T21:55:22.941+0000] {taskinstance.py:1956} INFO - Dependencies all met for dep_context=requeueable deps ti=<TaskInstance: northwind.extração_csv manual__2025-06-25T21:54:53.610406+00:00 [queued]>
[2025-06-25T21:55:22.941+0000] {taskinstance.py:2170} INFO - Starting attempt 1 of 2
[2025-06-25T21:55:22.957+0000] {taskinstance.py:2191} INFO - Executing <Task(DockerOperator): extração_csv> on 2025-06-25 21:54:53.610406+00:00
[2025-06-25T21:55:22.965+0000] {standard_task_runner.py:60} INFO - Started process 182 to run task
[2025-06-25T21:55:22.968+0000] {standard_task_runner.py:87} INFO - Running: ['***', 'tasks', 'run', 'northwind', 'extração_csv', 'manual__2025-06-25T21:54:53.610406+00:00', '--job-id', '217', '--raw', '--subdir', 'DAGS_FOLDER/dag.py', '--cfg-path', '/tmp/tmpyfno21eh']
[2025-06-25T21:55:22.970+0000] {standard_task_runner.py:88} INFO - Job 217: Subtask extração_csv
[2025-06-25T21:55:23.019+0000] {task_command.py:423} INFO - Running <TaskInstance: northwind.extração_csv manual__2025-06-25T21:54:53.610406+00:00 [running]> on host 6afc1f3750fb
[2025-06-25T21:55:23.116+0000] {taskinstance.py:2480} INFO - Exporting env vars: AIRFLOW_CTX_DAG_EMAIL='lrbf@cin.ufpe.br' AIRFLOW_CTX_DAG_OWNER='***' AIRFLOW_CTX_DAG_ID='northwind' AIRFLOW_CTX_TASK_ID='extração_csv' AIRFLOW_CTX_EXECUTION_DATE='2025-06-25T21:54:53.610406+00:00' AIRFLOW_CTX_TRY_NUMBER='1' AIRFLOW_CTX_DAG_RUN_ID='manual__2025-06-25T21:54:53.610406+00:00'
[2025-06-25T21:55:23.200+0000] {docker.py:359} INFO - Starting docker container from image meltano:latest
[2025-06-25T21:55:23.203+0000] {docker.py:367} WARNING - Using remote engine or docker-in-docker and mounting temporary volume from host is not supported. Falling back to `mount_tmp_dir=False` mode. You can set `mount_tmp_dir` parameter to False to disable mounting and remove the warning
[2025-06-25T21:55:23.572+0000] {docker.py:429} INFO - Running meltano install...
[2025-06-25T21:55:24.840+0000] {docker.py:429} INFO - [2m2025-06-25T21:55:24.839079Z[0m [[32m[1minfo     [0m] [1mInstalling 7 plugins          [0m
[2025-06-25T21:55:24.853+0000] {docker.py:429} INFO - [2m2025-06-25T21:55:24.853043Z[0m [[32m[1minfo     [0m] [1mInstalling extractor 'tap-postgres'[0m
[2025-06-25T21:55:24.873+0000] {docker.py:429} INFO - [2m2025-06-25T21:55:24.872727Z[0m [[32m[1minfo     [0m] [1mInstalling extractor 'tap-csv'[0m
[2025-06-25T21:55:24.906+0000] {docker.py:429} INFO - [2m2025-06-25T21:55:24.905462Z[0m [[32m[1minfo     [0m] [1mInstalling extractor 'tap-csv-latest'[0m
[2025-06-25T21:55:24.936+0000] {docker.py:429} INFO - [2m2025-06-25T21:55:24.935632Z[0m [[32m[1minfo     [0m] [1mInstalling loader 'target-postgres'[0m
[2025-06-25T21:55:24.962+0000] {docker.py:429} INFO - [2m2025-06-25T21:55:24.961812Z[0m [[32m[1minfo     [0m] [1mInstalling loader 'target-csv'[0m
[2025-06-25T21:55:24.997+0000] {docker.py:429} INFO - [2m2025-06-25T21:55:24.996710Z[0m [[32m[1minfo     [0m] [1mInstalling loader 'target-csv-postgres'[0m
[2025-06-25T21:55:25.047+0000] {docker.py:429} INFO - [2m2025-06-25T21:55:25.045266Z[0m [[32m[1minfo     [0m] [1mInstalling loader 'target-csv-csv'[0m
[2025-06-25T21:55:26.858+0000] {docker.py:429} INFO - [2m2025-06-25T21:55:26.857329Z[0m [[32m[1minfo     [0m] [1mInstalled extractor 'tap-postgres'[0m
[2025-06-25T21:55:26.932+0000] {docker.py:429} INFO - [2m2025-06-25T21:55:26.931656Z[0m [[32m[1minfo     [0m] [1mInstalled loader 'target-postgres'[0m
[2025-06-25T21:55:30.300+0000] {docker.py:429} INFO - [2m2025-06-25T21:55:30.299796Z[0m [[32m[1minfo     [0m] [1mInstalled extractor 'tap-csv' [0m
[2025-06-25T21:55:30.358+0000] {docker.py:429} INFO - [2m2025-06-25T21:55:30.358047Z[0m [[32m[1minfo     [0m] [1mInstalled extractor 'tap-csv-latest'[0m
[2025-06-25T21:55:32.133+0000] {docker.py:429} INFO - [2m2025-06-25T21:55:32.132074Z[0m [[32m[1minfo     [0m] [1mInstalled loader 'target-csv' [0m
[2025-06-25T21:55:32.567+0000] {docker.py:429} INFO - [2m2025-06-25T21:55:32.566326Z[0m [[32m[1minfo     [0m] [1mInstalled loader 'target-csv-csv'[0m
[2025-06-25T21:55:32.603+0000] {docker.py:429} INFO - [2m2025-06-25T21:55:32.602451Z[0m [[32m[1minfo     [0m] [1mInstalled loader 'target-csv-postgres'[0m
[2m2025-06-25T21:55:32.602744Z[0m [[32m[1minfo     [0m] [1mInstalled 7/7 plugins         [0m
[2025-06-25T21:55:33.519+0000] {docker.py:429} INFO - Meltano install completed. Executing command: meltano el tap-csv target-csv-csv
[2025-06-25T21:55:34.595+0000] {docker.py:429} INFO - [2m2025-06-25T21:55:34.594261Z[0m [[32m[1minfo     [0m] [1mEnvironment 'dev' is active   [0m
[2025-06-25T21:55:35.042+0000] {docker.py:429} INFO - [2m2025-06-25T21:55:35.040667Z[0m [[32m[1minfo     [0m] [1mRunning extract & load...     [0m [36mname[0m=[35mmeltano[0m [36mrun_id[0m=[35m10ebfcda-b136-4266-92a0-35ba819447fd[0m [36mstate_id[0m=[35m2025-06-25T215534--tap-csv--target-csv-csv[0m
[2025-06-25T21:55:36.497+0000] {docker.py:429} INFO - [2m2025-06-25T21:55:36.496548Z[0m [[32m[1minfo     [0m] [1mINFO Sending version information to singer.io. To disable sending anonymous usage data, set the config parameter "disable_collection" to true[0m [36mcmd_type[0m=[35mloader[0m [36mname[0m=[35mtarget-csv-csv[0m [36mrun_id[0m=[35m10ebfcda-b136-4266-92a0-35ba819447fd[0m [36mstate_id[0m=[35m2025-06-25T215534--tap-csv--target-csv-csv[0m [36mstdio[0m=[35mstderr[0m
[2025-06-25T21:55:36.764+0000] {docker.py:429} INFO - [2m2025-06-25T21:55:36.763770Z[0m [[32m[1minfo     [0m] [1mBeginning full_table sync of 'order_details'...[0m [36mcmd_type[0m=[35mextractor[0m [36mname[0m=[35mtap-csv[0m [36mrun_id[0m=[35m10ebfcda-b136-4266-92a0-35ba819447fd[0m [36mstate_id[0m=[35m2025-06-25T215534--tap-csv--target-csv-csv[0m [36mstdio[0m=[35mstderr[0m
[2m2025-06-25T21:55:36.764064Z[0m [[32m[1minfo     [0m] [1mTap has custom mapper. Using 1 provided map(s).[0m [36mcmd_type[0m=[35mextractor[0m [36mname[0m=[35mtap-csv[0m [36mrun_id[0m=[35m10ebfcda-b136-4266-92a0-35ba819447fd[0m [36mstate_id[0m=[35m2025-06-25T215534--tap-csv--target-csv-csv[0m [36mstdio[0m=[35mstderr[0m
[2025-06-25T21:55:36.952+0000] {docker.py:429} INFO - [2m2025-06-25T21:55:36.951322Z[0m [[32m[1minfo     [0m] [1mMETRIC: {"type": "timer", "metric": "sync_duration", "value": 0.18690800666809082, "tags": {"stream": "order_details", "pid": 176, "context": {}, "status": "succeeded"}}[0m [36mcmd_type[0m=[35mextractor[0m [36mname[0m=[35mtap-csv[0m [36mrun_id[0m=[35m10ebfcda-b136-4266-92a0-35ba819447fd[0m [36mstate_id[0m=[35m2025-06-25T215534--tap-csv--target-csv-csv[0m [36mstdio[0m=[35mstderr[0m
[2025-06-25T21:55:36.953+0000] {docker.py:429} INFO - [2m2025-06-25T21:55:36.951935Z[0m [[32m[1minfo     [0m] [1mMETRIC: {"type": "counter", "metric": "record_count", "value": 2155, "tags": {"stream": "order_details", "pid": 176, "context": {}}}[0m [36mcmd_type[0m=[35mextractor[0m [36mname[0m=[35mtap-csv[0m [36mrun_id[0m=[35m10ebfcda-b136-4266-92a0-35ba819447fd[0m [36mstate_id[0m=[35m2025-06-25T215534--tap-csv--target-csv-csv[0m [36mstdio[0m=[35mstderr[0m
[2025-06-25T21:55:37.080+0000] {docker.py:429} INFO - [2m2025-06-25T21:55:37.079961Z[0m [[32m[1minfo     [0m] [1mUsing systemdb state backend  [0m
[2025-06-25T21:55:37.093+0000] {docker.py:429} INFO - [2m2025-06-25T21:55:37.092837Z[0m [[32m[1minfo     [0m] [1mIncremental state has been updated at 2025-06-25 21:55:37.092779+00:00.[0m
[2025-06-25T21:55:37.096+0000] {docker.py:429} INFO - [2m2025-06-25T21:55:37.095512Z[0m [[32m[1minfo     [0m] [1mExtract & load complete!      [0m [36mname[0m=[35mmeltano[0m [36mrun_id[0m=[35m10ebfcda-b136-4266-92a0-35ba819447fd[0m [36mstate_id[0m=[35m2025-06-25T215534--tap-csv--target-csv-csv[0m
[2025-06-25T21:55:37.098+0000] {docker.py:429} INFO - [2m2025-06-25T21:55:37.095941Z[0m [[32m[1minfo     [0m] [1mTransformation skipped.       [0m [36mname[0m=[35mmeltano[0m [36mrun_id[0m=[35m10ebfcda-b136-4266-92a0-35ba819447fd[0m [36mstate_id[0m=[35m2025-06-25T215534--tap-csv--target-csv-csv[0m
[2025-06-25T21:55:38.258+0000] {taskinstance.py:1138} INFO - Marking task as SUCCESS. dag_id=northwind, task_id=extração_csv, execution_date=20250625T215453, start_date=20250625T215522, end_date=20250625T215538
[2025-06-25T21:55:38.279+0000] {local_task_job_runner.py:234} INFO - Task exited with return code 0
[2025-06-25T21:55:38.299+0000] {taskinstance.py:3280} INFO - 2 downstream tasks scheduled from follow-on schedule check
