[2025-07-01T21:06:37.580+0000] {taskinstance.py:1956} INFO - Dependencies all met for dep_context=non-requeueable deps ti=<TaskInstance: northwind.carregamento_postgres manual__2025-07-01T21:05:35.910926+00:00 [queued]>
[2025-07-01T21:06:37.589+0000] {taskinstance.py:1956} INFO - Dependencies all met for dep_context=requeueable deps ti=<TaskInstance: northwind.carregamento_postgres manual__2025-07-01T21:05:35.910926+00:00 [queued]>
[2025-07-01T21:06:37.590+0000] {taskinstance.py:2170} INFO - Starting attempt 1 of 2
[2025-07-01T21:06:37.601+0000] {taskinstance.py:2191} INFO - Executing <Task(DockerOperator): carregamento_postgres> on 2025-07-01 21:05:35.910926+00:00
[2025-07-01T21:06:37.606+0000] {standard_task_runner.py:60} INFO - Started process 198 to run task
[2025-07-01T21:06:37.608+0000] {standard_task_runner.py:87} INFO - Running: ['***', 'tasks', 'run', 'northwind', 'carregamento_postgres', 'manual__2025-07-01T21:05:35.910926+00:00', '--job-id', '11', '--raw', '--subdir', 'DAGS_FOLDER/northwind.py', '--cfg-path', '/tmp/tmpo41bnh43']
[2025-07-01T21:06:37.611+0000] {standard_task_runner.py:88} INFO - Job 11: Subtask carregamento_postgres
[2025-07-01T21:06:37.657+0000] {task_command.py:423} INFO - Running <TaskInstance: northwind.carregamento_postgres manual__2025-07-01T21:05:35.910926+00:00 [running]> on host 018d2949d085
[2025-07-01T21:06:37.733+0000] {taskinstance.py:2480} INFO - Exporting env vars: AIRFLOW_CTX_DAG_EMAIL='lrbf@cin.ufpe.br' AIRFLOW_CTX_DAG_OWNER='***' AIRFLOW_CTX_DAG_ID='northwind' AIRFLOW_CTX_TASK_ID='carregamento_postgres' AIRFLOW_CTX_EXECUTION_DATE='2025-07-01T21:05:35.910926+00:00' AIRFLOW_CTX_TRY_NUMBER='1' AIRFLOW_CTX_DAG_RUN_ID='manual__2025-07-01T21:05:35.910926+00:00'
[2025-07-01T21:06:37.783+0000] {docker.py:359} INFO - Starting docker container from image meltano:latest
[2025-07-01T21:06:38.106+0000] {docker.py:429} INFO - Running meltano install...
[2025-07-01T21:06:40.575+0000] {docker.py:429} INFO - [2m2025-07-01T21:06:40.574690Z[0m [[32m[1minfo     [0m] [1mInstalling 7 plugins          [0m
[2025-07-01T21:06:40.597+0000] {docker.py:429} INFO - [2m2025-07-01T21:06:40.596638Z[0m [[32m[1minfo     [0m] [1mInstalling extractor 'tap-postgres'[0m
[2025-07-01T21:06:40.618+0000] {docker.py:429} INFO - [2m2025-07-01T21:06:40.618042Z[0m [[32m[1minfo     [0m] [1mInstalling extractor 'tap-csv'[0m
[2025-07-01T21:06:40.645+0000] {docker.py:429} INFO - [2m2025-07-01T21:06:40.644704Z[0m [[32m[1minfo     [0m] [1mInstalling extractor 'tap-csv-latest'[0m
[2025-07-01T21:06:40.674+0000] {docker.py:429} INFO - [2m2025-07-01T21:06:40.673987Z[0m [[32m[1minfo     [0m] [1mInstalling loader 'target-postgres'[0m
[2025-07-01T21:06:40.708+0000] {docker.py:429} INFO - [2m2025-07-01T21:06:40.707413Z[0m [[32m[1minfo     [0m] [1mInstalling loader 'target-csv'[0m
[2025-07-01T21:06:40.746+0000] {docker.py:429} INFO - [2m2025-07-01T21:06:40.745464Z[0m [[32m[1minfo     [0m] [1mInstalling loader 'target-csv-postgres'[0m
[2025-07-01T21:06:40.787+0000] {docker.py:429} INFO - [2m2025-07-01T21:06:40.786311Z[0m [[32m[1minfo     [0m] [1mInstalling loader 'target-csv-csv'[0m
[2025-07-01T21:06:42.757+0000] {docker.py:429} INFO - [2m2025-07-01T21:06:42.755589Z[0m [[32m[1minfo     [0m] [1mInstalled loader 'target-postgres'[0m
[2025-07-01T21:06:43.776+0000] {docker.py:429} INFO - [2m2025-07-01T21:06:43.775535Z[0m [[32m[1minfo     [0m] [1mInstalled extractor 'tap-postgres'[0m
[2025-07-01T21:06:53.511+0000] {docker.py:429} INFO - [2m2025-07-01T21:06:53.505911Z[0m [[32m[1minfo     [0m] [1mInstalled extractor 'tap-csv-latest'[0m
[2025-07-01T21:06:53.596+0000] {docker.py:429} INFO - [2m2025-07-01T21:06:53.595855Z[0m [[32m[1minfo     [0m] [1mInstalled extractor 'tap-csv' [0m
[2025-07-01T21:06:54.396+0000] {docker.py:429} INFO - [2m2025-07-01T21:06:54.396118Z[0m [[32m[1minfo     [0m] [1mInstalled loader 'target-csv-postgres'[0m
[2025-07-01T21:06:54.495+0000] {docker.py:429} INFO - [2m2025-07-01T21:06:54.494777Z[0m [[32m[1minfo     [0m] [1mInstalled loader 'target-csv' [0m
[2025-07-01T21:06:54.721+0000] {docker.py:429} INFO - [2m2025-07-01T21:06:54.720811Z[0m [[32m[1minfo     [0m] [1mInstalled loader 'target-csv-csv'[0m
[2025-07-01T21:06:54.722+0000] {docker.py:429} INFO - [2m2025-07-01T21:06:54.721365Z[0m [[32m[1minfo     [0m] [1mInstalled 7/7 plugins         [0m
[2025-07-01T21:06:55.767+0000] {docker.py:429} INFO - Meltano install completed. Executing command: meltano el tap-csv target-postgres --catalog /opt/meltano/config/tap-csv-latest.json
[2025-07-01T21:06:56.911+0000] {docker.py:429} INFO - [2m2025-07-01T21:06:56.910869Z[0m [[32m[1minfo     [0m] [1mEnvironment 'dev' is active   [0m
[2025-07-01T21:06:57.362+0000] {docker.py:429} INFO - [2m2025-07-01T21:06:57.361413Z[0m [[32m[1minfo     [0m] [1mRunning extract & load...     [0m [36mname[0m=[35mmeltano[0m [36mrun_id[0m=[35mec8261bf-9a3e-4aab-a579-16af81b6e8ab[0m [36mstate_id[0m=[35m2025-07-01T210657--tap-csv--target-postgres[0m
[2025-07-01T21:06:57.569+0000] {docker.py:429} INFO - [2m2025-07-01T21:06:57.568859Z[0m [[32m[1minfo     [0m] [1mUsing custom catalog in /opt/meltano/config/tap-csv-latest.json[0m
[2025-07-01T21:06:58.588+0000] {docker.py:429} INFO - [2m2025-07-01T21:06:58.587562Z[0m [[32m[1minfo     [0m] [1m/opt/meltano/.meltano/extractors/tap-csv/venv/lib/python3.9/site-packages/singer_sdk/tap_base.py:516: SingerSDKDeprecationWarning: Passing a catalog file path is deprecated. Please pass the catalog as a dictionary or Catalog object instead.[0m [36mcmd_type[0m=[35mextractor[0m [36mname[0m=[35mtap-csv[0m [36mrun_id[0m=[35mec8261bf-9a3e-4aab-a579-16af81b6e8ab[0m [36mstate_id[0m=[35m2025-07-01T210657--tap-csv--target-postgres[0m [36mstdio[0m=[35mstderr[0m
[2025-07-01T21:06:58.589+0000] {docker.py:429} INFO - [2m2025-07-01T21:06:58.588010Z[0m [[32m[1minfo     [0m] [1m  tap = cls(                  [0m [36mcmd_type[0m=[35mextractor[0m [36mname[0m=[35mtap-csv[0m [36mrun_id[0m=[35mec8261bf-9a3e-4aab-a579-16af81b6e8ab[0m [36mstate_id[0m=[35m2025-07-01T210657--tap-csv--target-postgres[0m [36mstdio[0m=[35mstderr[0m
[2025-07-01T21:06:58.589+0000] {docker.py:429} INFO - [2m2025-07-01T21:06:58.588321Z[0m [[32m[1minfo     [0m] [1m                              [0m [36mcmd_type[0m=[35mextractor[0m [36mname[0m=[35mtap-csv[0m [36mrun_id[0m=[35mec8261bf-9a3e-4aab-a579-16af81b6e8ab[0m [36mstate_id[0m=[35m2025-07-01T210657--tap-csv--target-postgres[0m [36mstdio[0m=[35mstderr[0m
[2025-07-01T21:06:58.589+0000] {docker.py:429} INFO - [2m2025-07-01T21:06:58.588735Z[0m [[32m[1minfo     [0m] [1mSkipping deselected stream 'order_details'.[0m [36mcmd_type[0m=[35mextractor[0m [36mname[0m=[35mtap-csv[0m [36mrun_id[0m=[35mec8261bf-9a3e-4aab-a579-16af81b6e8ab[0m [36mstate_id[0m=[35m2025-07-01T210657--tap-csv--target-postgres[0m [36mstdio[0m=[35mstderr[0m
[2025-07-01T21:06:58.900+0000] {docker.py:429} INFO - [2m2025-07-01T21:06:58.900059Z[0m [[32m[1minfo     [0m] [1mtarget-postgres v0.4.3, Meltano SDK v0.47.4[0m [36mcmd_type[0m=[35mloader[0m [36mname[0m=[35mtarget-postgres[0m [36mrun_id[0m=[35mec8261bf-9a3e-4aab-a579-16af81b6e8ab[0m [36mstate_id[0m=[35m2025-07-01T210657--tap-csv--target-postgres[0m [36mstdio[0m=[35mstderr[0m
[2025-07-01T21:06:58.902+0000] {docker.py:429} INFO - [2m2025-07-01T21:06:58.901492Z[0m [[32m[1minfo     [0m] [1m/opt/meltano/.meltano/loaders/target-postgres/venv/lib/python3.9/site-packages/singer_sdk/plugin_base.py:715: SingerSDKDeprecationWarning: Passing a list of config file paths is deprecated. Please pass the config as a dictionary instead.[0m [36mcmd_type[0m=[35mloader[0m [36mname[0m=[35mtarget-postgres[0m [36mrun_id[0m=[35mec8261bf-9a3e-4aab-a579-16af81b6e8ab[0m [36mstate_id[0m=[35m2025-07-01T210657--tap-csv--target-postgres[0m [36mstdio[0m=[35mstderr[0m
[2025-07-01T21:06:58.903+0000] {docker.py:429} INFO - [2m2025-07-01T21:06:58.901900Z[0m [[32m[1minfo     [0m] [1m  super().__init__(           [0m [36mcmd_type[0m=[35mloader[0m [36mname[0m=[35mtarget-postgres[0m [36mrun_id[0m=[35mec8261bf-9a3e-4aab-a579-16af81b6e8ab[0m [36mstate_id[0m=[35m2025-07-01T210657--tap-csv--target-postgres[0m [36mstdio[0m=[35mstderr[0m
[2m2025-07-01T21:06:58.902237Z[0m [[32m[1minfo     [0m] [1m                              [0m [36mcmd_type[0m=[35mloader[0m [36mname[0m=[35mtarget-postgres[0m [36mrun_id[0m=[35mec8261bf-9a3e-4aab-a579-16af81b6e8ab[0m [36mstate_id[0m=[35m2025-07-01T210657--tap-csv--target-postgres[0m [36mstdio[0m=[35mstderr[0m
[2025-07-01T21:06:58.903+0000] {docker.py:429} INFO - [2m2025-07-01T21:06:58.902532Z[0m [[32m[1minfo     [0m] [1mSkipping parse of env var settings...[0m [36mcmd_type[0m=[35mloader[0m [36mname[0m=[35mtarget-postgres[0m [36mrun_id[0m=[35mec8261bf-9a3e-4aab-a579-16af81b6e8ab[0m [36mstate_id[0m=[35m2025-07-01T210657--tap-csv--target-postgres[0m [36mstdio[0m=[35mstderr[0m
[2025-07-01T21:06:58.903+0000] {docker.py:429} INFO - [2m2025-07-01T21:06:58.902972Z[0m [[32m[1minfo     [0m] [1mThe `dialect+driver` configuration option is deprecated. Please set it to `postgresql+psycopg`, as this will be the hard-coded value in the future.[0m [36mcmd_type[0m=[35mloader[0m [36mname[0m=[35mtarget-postgres[0m [36mrun_id[0m=[35mec8261bf-9a3e-4aab-a579-16af81b6e8ab[0m [36mstate_id[0m=[35m2025-07-01T210657--tap-csv--target-postgres[0m [36mstdio[0m=[35mstderr[0m
[2025-07-01T21:06:58.904+0000] {docker.py:429} INFO - [2m2025-07-01T21:06:58.903383Z[0m [[32m[1minfo     [0m] [1mReader 'target-postgres' completed processing 0 lines of input (0 schemas, 0 records, 0 batch manifests, 0 state messages, 0 activate version messages).[0m [36mcmd_type[0m=[35mloader[0m [36mname[0m=[35mtarget-postgres[0m [36mrun_id[0m=[35mec8261bf-9a3e-4aab-a579-16af81b6e8ab[0m [36mstate_id[0m=[35m2025-07-01T210657--tap-csv--target-postgres[0m [36mstdio[0m=[35mstderr[0m
[2025-07-01T21:06:59.019+0000] {docker.py:429} INFO - [2m2025-07-01T21:06:59.018847Z[0m [[32m[1minfo     [0m] [1mExtract & load complete!      [0m [36mname[0m=[35mmeltano[0m [36mrun_id[0m=[35mec8261bf-9a3e-4aab-a579-16af81b6e8ab[0m [36mstate_id[0m=[35m2025-07-01T210657--tap-csv--target-postgres[0m
[2m2025-07-01T21:06:59.019128Z[0m [[32m[1minfo     [0m] [1mTransformation skipped.       [0m [36mname[0m=[35mmeltano[0m [36mrun_id[0m=[35mec8261bf-9a3e-4aab-a579-16af81b6e8ab[0m [36mstate_id[0m=[35m2025-07-01T210657--tap-csv--target-postgres[0m
[2025-07-01T21:07:00.270+0000] {taskinstance.py:1138} INFO - Marking task as SUCCESS. dag_id=northwind, task_id=carregamento_postgres, execution_date=20250701T210535, start_date=20250701T210637, end_date=20250701T210700
[2025-07-01T21:07:00.332+0000] {local_task_job_runner.py:234} INFO - Task exited with return code 0
[2025-07-01T21:07:00.363+0000] {taskinstance.py:3280} INFO - 0 downstream tasks scheduled from follow-on schedule check
