[2025-06-26T15:10:05.252+0000] {taskinstance.py:1956} INFO - Dependencies all met for dep_context=non-requeueable deps ti=<TaskInstance: northwind.gerar_config_csv_dinamica manual__2025-06-26T15:03:36.633712+00:00 [queued]>
[2025-06-26T15:10:05.267+0000] {taskinstance.py:1956} INFO - Dependencies all met for dep_context=requeueable deps ti=<TaskInstance: northwind.gerar_config_csv_dinamica manual__2025-06-26T15:03:36.633712+00:00 [queued]>
[2025-06-26T15:10:05.268+0000] {taskinstance.py:2170} INFO - Starting attempt 1 of 2
[2025-06-26T15:10:05.290+0000] {taskinstance.py:2191} INFO - Executing <Task(DockerOperator): gerar_config_csv_dinamica> on 2025-06-26 15:03:36.633712+00:00
[2025-06-26T15:10:05.297+0000] {standard_task_runner.py:60} INFO - Started process 180 to run task
[2025-06-26T15:10:05.302+0000] {standard_task_runner.py:87} INFO - Running: ['***', 'tasks', 'run', 'northwind', 'gerar_config_csv_dinamica', 'manual__2025-06-26T15:03:36.633712+00:00', '--job-id', '265', '--raw', '--subdir', 'DAGS_FOLDER/dag.py', '--cfg-path', '/tmp/tmpoa4b86xt']
[2025-06-26T15:10:05.306+0000] {standard_task_runner.py:88} INFO - Job 265: Subtask gerar_config_csv_dinamica
[2025-06-26T15:10:05.374+0000] {task_command.py:423} INFO - Running <TaskInstance: northwind.gerar_config_csv_dinamica manual__2025-06-26T15:03:36.633712+00:00 [running]> on host 6afc1f3750fb
[2025-06-26T15:10:05.481+0000] {taskinstance.py:2480} INFO - Exporting env vars: AIRFLOW_CTX_DAG_EMAIL='lrbf@cin.ufpe.br' AIRFLOW_CTX_DAG_OWNER='***' AIRFLOW_CTX_DAG_ID='northwind' AIRFLOW_CTX_TASK_ID='gerar_config_csv_dinamica' AIRFLOW_CTX_EXECUTION_DATE='2025-06-26T15:03:36.633712+00:00' AIRFLOW_CTX_TRY_NUMBER='1' AIRFLOW_CTX_DAG_RUN_ID='manual__2025-06-26T15:03:36.633712+00:00'
[2025-06-26T15:10:05.722+0000] {docker.py:359} INFO - Starting docker container from image meltano:latest
[2025-06-26T15:10:06.202+0000] {docker.py:429} INFO - Running meltano install...
[2025-06-26T15:10:07.572+0000] {docker.py:429} INFO - [2m2025-06-26T15:10:07.571591Z[0m [[32m[1minfo     [0m] [1mInstalling 7 plugins          [0m
[2025-06-26T15:10:07.586+0000] {docker.py:429} INFO - [2m2025-06-26T15:10:07.586025Z[0m [[32m[1minfo     [0m] [1mInstalling extractor 'tap-postgres'[0m
[2025-06-26T15:10:07.605+0000] {docker.py:429} INFO - [2m2025-06-26T15:10:07.604160Z[0m [[32m[1minfo     [0m] [1mInstalling extractor 'tap-csv'[0m
[2025-06-26T15:10:07.635+0000] {docker.py:429} INFO - [2m2025-06-26T15:10:07.634147Z[0m [[32m[1minfo     [0m] [1mInstalling extractor 'tap-csv-latest'[0m
[2025-06-26T15:10:07.660+0000] {docker.py:429} INFO - [2m2025-06-26T15:10:07.659679Z[0m [[32m[1minfo     [0m] [1mInstalling loader 'target-postgres'[0m
[2025-06-26T15:10:07.689+0000] {docker.py:429} INFO - [2m2025-06-26T15:10:07.688971Z[0m [[32m[1minfo     [0m] [1mInstalling loader 'target-csv'[0m
[2025-06-26T15:10:07.724+0000] {docker.py:429} INFO - [2m2025-06-26T15:10:07.723585Z[0m [[32m[1minfo     [0m] [1mInstalling loader 'target-csv-postgres'[0m
[2025-06-26T15:10:07.764+0000] {docker.py:429} INFO - [2m2025-06-26T15:10:07.762017Z[0m [[32m[1minfo     [0m] [1mInstalling loader 'target-csv-csv'[0m
[2025-06-26T15:10:09.748+0000] {docker.py:429} INFO - [2m2025-06-26T15:10:09.747655Z[0m [[32m[1minfo     [0m] [1mInstalled extractor 'tap-postgres'[0m
[2025-06-26T15:10:09.813+0000] {docker.py:429} INFO - [2m2025-06-26T15:10:09.812309Z[0m [[32m[1minfo     [0m] [1mInstalled loader 'target-postgres'[0m
[2025-06-26T15:10:14.157+0000] {docker.py:429} INFO - [2m2025-06-26T15:10:14.156203Z[0m [[32m[1minfo     [0m] [1mInstalled extractor 'tap-csv' [0m
[2025-06-26T15:10:14.349+0000] {docker.py:429} INFO - [2m2025-06-26T15:10:14.348714Z[0m [[32m[1minfo     [0m] [1mInstalled extractor 'tap-csv-latest'[0m
[2025-06-26T15:10:14.398+0000] {docker.py:429} INFO - [2m2025-06-26T15:10:14.397505Z[0m [[32m[1minfo     [0m] [1mInstalled loader 'target-csv' [0m
[2025-06-26T15:10:16.694+0000] {docker.py:429} INFO - [2m2025-06-26T15:10:16.693546Z[0m [[32m[1minfo     [0m] [1mInstalled loader 'target-csv-postgres'[0m
[2025-06-26T15:10:16.781+0000] {docker.py:429} INFO - [2m2025-06-26T15:10:16.780315Z[0m [[32m[1minfo     [0m] [1mInstalled loader 'target-csv-csv'[0m
[2025-06-26T15:10:16.782+0000] {docker.py:429} INFO - [2m2025-06-26T15:10:16.781249Z[0m [[32m[1minfo     [0m] [1mInstalled 7/7 plugins         [0m
[2025-06-26T15:10:17.826+0000] {docker.py:429} INFO - Meltano install completed. Executing command: python /opt/meltano/scripts/generate_tap_csv_config.py
[2025-06-26T15:10:17.873+0000] {docker.py:429} INFO - {"files": [{"entity": "order_details", "path": "/opt/output_data/csv/order_details/2025-06-26/file.csv", "keys": ["order_id", "product_id"], "delimiter": ",", "encoding": "utf-8"}, {"entity": "public-categories", "path": "/opt/output_data/postgres/public-categories/2025-06-26/file.csv", "keys": ["category_id"], "delimiter": ",", "encoding": "utf-8"}, {"entity": "public-products", "path": "/opt/output_data/postgres/public-products/2025-06-26/file.csv", "keys": ["product_id"], "delimiter": ",", "encoding": "utf-8"}, {"entity": "public-suppliers", "path": "/opt/output_data/postgres/public-suppliers/2025-06-26/file.csv", "keys": ["supplier_id"], "delimiter": ",", "encoding": "utf-8"}, {"entity": "public-orders", "path": "/opt/output_data/postgres/public-orders/2025-06-26/file.csv", "keys": ["order_id"], "delimiter": ",", "encoding": "utf-8"}, {"entity": "public-customers", "path": "/opt/output_data/postgres/public-customers/2025-06-26/file.csv", "keys": ["customer_id"], "delimiter": ",", "encoding": "utf-8"}, {"entity": "public-employees", "path": "/opt/output_data/postgres/public-employees/2025-06-26/file.csv", "keys": ["employee_id"], "delimiter": ",", "encoding": "utf-8"}, {"entity": "public-employee_territories", "path": "/opt/output_data/postgres/public-employee_territories/2025-06-26/file.csv", "keys": ["employee_id", "territory_id"], "delimiter": ",", "encoding": "utf-8"}, {"entity": "public-territories", "path": "/opt/output_data/postgres/public-territories/2025-06-26/file.csv", "keys": ["territory_id"], "delimiter": ",", "encoding": "utf-8"}, {"entity": "public-region", "path": "/opt/output_data/postgres/public-region/2025-06-26/file.csv", "keys": ["region_id"], "delimiter": ",", "encoding": "utf-8"}, {"entity": "public-shippers", "path": "/opt/output_data/postgres/public-shippers/2025-06-26/file.csv", "keys": ["shipper_id"], "delimiter": ",", "encoding": "utf-8"}, {"entity": "public-us_states", "path": "/opt/output_data/postgres/public-us_states/2025-06-26/file.csv", "keys": ["state_id"], "delimiter": ",", "encoding": "utf-8"}]}
[2025-06-26T15:10:18.163+0000] {taskinstance.py:1138} INFO - Marking task as SUCCESS. dag_id=northwind, task_id=gerar_config_csv_dinamica, execution_date=20250626T150336, start_date=20250626T151005, end_date=20250626T151018
[2025-06-26T15:10:18.215+0000] {local_task_job_runner.py:234} INFO - Task exited with return code 0
[2025-06-26T15:10:18.244+0000] {taskinstance.py:3280} INFO - 1 downstream tasks scheduled from follow-on schedule check
