[2025-07-01T21:06:18.396+0000] {taskinstance.py:1956} INFO - Dependencies all met for dep_context=non-requeueable deps ti=<TaskInstance: northwind.gerar_config_csv_dinamica manual__2025-07-01T21:05:35.910926+00:00 [queued]>
[2025-07-01T21:06:18.403+0000] {taskinstance.py:1956} INFO - Dependencies all met for dep_context=requeueable deps ti=<TaskInstance: northwind.gerar_config_csv_dinamica manual__2025-07-01T21:05:35.910926+00:00 [queued]>
[2025-07-01T21:06:18.403+0000] {taskinstance.py:2170} INFO - Starting attempt 1 of 2
[2025-07-01T21:06:18.413+0000] {taskinstance.py:2191} INFO - Executing <Task(DockerOperator): gerar_config_csv_dinamica> on 2025-07-01 21:05:35.910926+00:00
[2025-07-01T21:06:18.416+0000] {standard_task_runner.py:60} INFO - Started process 194 to run task
[2025-07-01T21:06:18.419+0000] {standard_task_runner.py:87} INFO - Running: ['***', 'tasks', 'run', 'northwind', 'gerar_config_csv_dinamica', 'manual__2025-07-01T21:05:35.910926+00:00', '--job-id', '9', '--raw', '--subdir', 'DAGS_FOLDER/northwind.py', '--cfg-path', '/tmp/tmp3qf4z5mn']
[2025-07-01T21:06:18.421+0000] {standard_task_runner.py:88} INFO - Job 9: Subtask gerar_config_csv_dinamica
[2025-07-01T21:06:18.462+0000] {task_command.py:423} INFO - Running <TaskInstance: northwind.gerar_config_csv_dinamica manual__2025-07-01T21:05:35.910926+00:00 [running]> on host 018d2949d085
[2025-07-01T21:06:18.526+0000] {taskinstance.py:2480} INFO - Exporting env vars: AIRFLOW_CTX_DAG_EMAIL='lrbf@cin.ufpe.br' AIRFLOW_CTX_DAG_OWNER='***' AIRFLOW_CTX_DAG_ID='northwind' AIRFLOW_CTX_TASK_ID='gerar_config_csv_dinamica' AIRFLOW_CTX_EXECUTION_DATE='2025-07-01T21:05:35.910926+00:00' AIRFLOW_CTX_TRY_NUMBER='1' AIRFLOW_CTX_DAG_RUN_ID='manual__2025-07-01T21:05:35.910926+00:00'
[2025-07-01T21:06:18.572+0000] {docker.py:359} INFO - Starting docker container from image meltano:latest
[2025-07-01T21:06:18.805+0000] {docker.py:429} INFO - Running meltano install...
[2025-07-01T21:06:19.952+0000] {docker.py:429} INFO - [2m2025-07-01T21:06:19.951986Z[0m [[32m[1minfo     [0m] [1mInstalling 7 plugins          [0m
[2025-07-01T21:06:19.962+0000] {docker.py:429} INFO - [2m2025-07-01T21:06:19.962114Z[0m [[32m[1minfo     [0m] [1mInstalling extractor 'tap-postgres'[0m
[2025-07-01T21:06:19.980+0000] {docker.py:429} INFO - [2m2025-07-01T21:06:19.979405Z[0m [[32m[1minfo     [0m] [1mInstalling extractor 'tap-csv'[0m
[2025-07-01T21:06:19.998+0000] {docker.py:429} INFO - [2m2025-07-01T21:06:19.998194Z[0m [[32m[1minfo     [0m] [1mInstalling extractor 'tap-csv-latest'[0m
[2025-07-01T21:06:20.019+0000] {docker.py:429} INFO - [2m2025-07-01T21:06:20.017952Z[0m [[32m[1minfo     [0m] [1mInstalling loader 'target-postgres'[0m
[2025-07-01T21:06:20.053+0000] {docker.py:429} INFO - [2m2025-07-01T21:06:20.052885Z[0m [[32m[1minfo     [0m] [1mInstalling loader 'target-csv'[0m
[2025-07-01T21:06:20.090+0000] {docker.py:429} INFO - [2m2025-07-01T21:06:20.089132Z[0m [[32m[1minfo     [0m] [1mInstalling loader 'target-csv-postgres'[0m
[2025-07-01T21:06:20.133+0000] {docker.py:429} INFO - [2m2025-07-01T21:06:20.132248Z[0m [[32m[1minfo     [0m] [1mInstalling loader 'target-csv-csv'[0m
[2025-07-01T21:06:21.518+0000] {docker.py:429} INFO - [2m2025-07-01T21:06:21.518052Z[0m [[32m[1minfo     [0m] [1mInstalled extractor 'tap-postgres'[0m
[2025-07-01T21:06:21.633+0000] {docker.py:429} INFO - [2m2025-07-01T21:06:21.633298Z[0m [[32m[1minfo     [0m] [1mInstalled loader 'target-postgres'[0m
[2025-07-01T21:06:28.681+0000] {docker.py:429} INFO - [2m2025-07-01T21:06:28.680251Z[0m [[32m[1minfo     [0m] [1mInstalled extractor 'tap-csv-latest'[0m
[2025-07-01T21:06:33.029+0000] {docker.py:429} INFO - [2m2025-07-01T21:06:33.028503Z[0m [[32m[1minfo     [0m] [1mInstalled extractor 'tap-csv' [0m
[2025-07-01T21:06:35.458+0000] {docker.py:429} INFO - [2m2025-07-01T21:06:35.457713Z[0m [[32m[1minfo     [0m] [1mInstalled loader 'target-csv' [0m
[2025-07-01T21:06:35.592+0000] {docker.py:429} INFO - [2m2025-07-01T21:06:35.592154Z[0m [[32m[1minfo     [0m] [1mInstalled loader 'target-csv-postgres'[0m
[2025-07-01T21:06:35.608+0000] {docker.py:429} INFO - [2m2025-07-01T21:06:35.607937Z[0m [[32m[1minfo     [0m] [1mInstalled loader 'target-csv-csv'[0m
[2m2025-07-01T21:06:35.608220Z[0m [[32m[1minfo     [0m] [1mInstalled 7/7 plugins         [0m
[2025-07-01T21:06:36.441+0000] {docker.py:429} INFO - Meltano install completed. Executing command: python /opt/meltano/scripts/generate_csv_config.py
[2025-07-01T21:06:36.470+0000] {docker.py:429} INFO - {"files": [{"entity": "order_details", "path": "/opt/output_data/csv/order_details/2025-07-01/file.csv", "keys": ["order_id", "product_id"], "delimiter": ",", "encoding": "utf-8"}, {"entity": "public-categories", "path": "/opt/output_data/postgres/public-categories/2025-07-01/file.csv", "keys": ["category_id"], "delimiter": ",", "encoding": "utf-8"}, {"entity": "public-products", "path": "/opt/output_data/postgres/public-products/2025-07-01/file.csv", "keys": ["product_id"], "delimiter": ",", "encoding": "utf-8"}, {"entity": "public-suppliers", "path": "/opt/output_data/postgres/public-suppliers/2025-07-01/file.csv", "keys": ["supplier_id"], "delimiter": ",", "encoding": "utf-8"}, {"entity": "public-orders", "path": "/opt/output_data/postgres/public-orders/2025-07-01/file.csv", "keys": ["order_id"], "delimiter": ",", "encoding": "utf-8"}, {"entity": "public-customers", "path": "/opt/output_data/postgres/public-customers/2025-07-01/file.csv", "keys": ["customer_id"], "delimiter": ",", "encoding": "utf-8"}, {"entity": "public-employees", "path": "/opt/output_data/postgres/public-employees/2025-07-01/file.csv", "keys": ["employee_id"], "delimiter": ",", "encoding": "utf-8"}, {"entity": "public-employee_territories", "path": "/opt/output_data/postgres/public-employee_territories/2025-07-01/file.csv", "keys": ["employee_id", "territory_id"], "delimiter": ",", "encoding": "utf-8"}, {"entity": "public-territories", "path": "/opt/output_data/postgres/public-territories/2025-07-01/file.csv", "keys": ["territory_id"], "delimiter": ",", "encoding": "utf-8"}, {"entity": "public-region", "path": "/opt/output_data/postgres/public-region/2025-07-01/file.csv", "keys": ["region_id"], "delimiter": ",", "encoding": "utf-8"}, {"entity": "public-shippers", "path": "/opt/output_data/postgres/public-shippers/2025-07-01/file.csv", "keys": ["shipper_id"], "delimiter": ",", "encoding": "utf-8"}, {"entity": "public-us_states", "path": "/opt/output_data/postgres/public-us_states/2025-07-01/file.csv", "keys": ["state_id"], "delimiter": ",", "encoding": "utf-8"}]}
[2025-07-01T21:06:36.720+0000] {taskinstance.py:1138} INFO - Marking task as SUCCESS. dag_id=northwind, task_id=gerar_config_csv_dinamica, execution_date=20250701T210535, start_date=20250701T210618, end_date=20250701T210636
[2025-07-01T21:06:36.756+0000] {local_task_job_runner.py:234} INFO - Task exited with return code 0
[2025-07-01T21:06:36.777+0000] {taskinstance.py:3280} INFO - 1 downstream tasks scheduled from follow-on schedule check
