[2025-07-08T14:29:19.535+0000] {taskinstance.py:1956} INFO - Dependencies all met for dep_context=non-requeueable deps ti=<TaskInstance: northwind.extração_csv manual__2025-07-08T14:28:54.847579+00:00 [queued]>
[2025-07-08T14:29:19.544+0000] {taskinstance.py:1956} INFO - Dependencies all met for dep_context=requeueable deps ti=<TaskInstance: northwind.extração_csv manual__2025-07-08T14:28:54.847579+00:00 [queued]>
[2025-07-08T14:29:19.544+0000] {taskinstance.py:2170} INFO - Starting attempt 1 of 2
[2025-07-08T14:29:19.560+0000] {taskinstance.py:2191} INFO - Executing <Task(DockerOperator): extração_csv> on 2025-07-08 14:28:54.847579+00:00
[2025-07-08T14:29:19.568+0000] {standard_task_runner.py:60} INFO - Started process 273 to run task
[2025-07-08T14:29:19.572+0000] {standard_task_runner.py:87} INFO - Running: ['***', 'tasks', 'run', 'northwind', 'extração_csv', 'manual__2025-07-08T14:28:54.847579+00:00', '--job-id', '59', '--raw', '--subdir', 'DAGS_FOLDER/northwind.py', '--cfg-path', '/tmp/tmpdlaazrel']
[2025-07-08T14:29:19.574+0000] {standard_task_runner.py:88} INFO - Job 59: Subtask extração_csv
[2025-07-08T14:29:19.632+0000] {task_command.py:423} INFO - Running <TaskInstance: northwind.extração_csv manual__2025-07-08T14:28:54.847579+00:00 [running]> on host eee4e987cd13
[2025-07-08T14:29:19.735+0000] {taskinstance.py:2480} INFO - Exporting env vars: AIRFLOW_CTX_DAG_EMAIL='lrbf@cin.ufpe.br' AIRFLOW_CTX_DAG_OWNER='***' AIRFLOW_CTX_DAG_ID='northwind' AIRFLOW_CTX_TASK_ID='extração_csv' AIRFLOW_CTX_EXECUTION_DATE='2025-07-08T14:28:54.847579+00:00' AIRFLOW_CTX_TRY_NUMBER='1' AIRFLOW_CTX_DAG_RUN_ID='manual__2025-07-08T14:28:54.847579+00:00'
[2025-07-08T14:29:19.804+0000] {docker.py:359} INFO - Starting docker container from image meltano:latest
[2025-07-08T14:29:20.202+0000] {docker.py:429} INFO - Running meltano install...
[2025-07-08T14:29:22.593+0000] {docker.py:429} INFO - [2m2025-07-08T14:29:22.592760Z[0m [[32m[1minfo     [0m] [1mInstalling 7 plugins          [0m
[2025-07-08T14:29:22.609+0000] {docker.py:429} INFO - [2m2025-07-08T14:29:22.609028Z[0m [[32m[1minfo     [0m] [1mInstalling extractor 'tap-postgres'[0m
[2025-07-08T14:29:22.641+0000] {docker.py:429} INFO - [2m2025-07-08T14:29:22.640269Z[0m [[32m[1minfo     [0m] [1mInstalling extractor 'tap-csv'[0m
[2025-07-08T14:29:22.668+0000] {docker.py:429} INFO - [2m2025-07-08T14:29:22.667718Z[0m [[32m[1minfo     [0m] [1mInstalling extractor 'tap-csv-latest'[0m
[2025-07-08T14:29:22.699+0000] {docker.py:429} INFO - [2m2025-07-08T14:29:22.698468Z[0m [[32m[1minfo     [0m] [1mInstalling loader 'target-postgres'[0m
[2025-07-08T14:29:22.735+0000] {docker.py:429} INFO - [2m2025-07-08T14:29:22.734072Z[0m [[32m[1minfo     [0m] [1mInstalling loader 'target-csv'[0m
[2025-07-08T14:29:22.774+0000] {docker.py:429} INFO - [2m2025-07-08T14:29:22.773007Z[0m [[32m[1minfo     [0m] [1mInstalling loader 'target-csv-postgres'[0m
[2025-07-08T14:29:22.816+0000] {docker.py:429} INFO - [2m2025-07-08T14:29:22.815415Z[0m [[32m[1minfo     [0m] [1mInstalling loader 'target-csv-csv'[0m
[2025-07-08T14:29:24.246+0000] {docker.py:429} INFO - [2m2025-07-08T14:29:24.245435Z[0m [[32m[1minfo     [0m] [1mInstalled extractor 'tap-postgres'[0m
[2025-07-08T14:29:24.343+0000] {docker.py:429} INFO - [2m2025-07-08T14:29:24.342268Z[0m [[32m[1minfo     [0m] [1mInstalled loader 'target-postgres'[0m
[2025-07-08T14:29:32.121+0000] {docker.py:429} INFO - [2m2025-07-08T14:29:32.120249Z[0m [[32m[1minfo     [0m] [1mInstalled extractor 'tap-csv' [0m
[2025-07-08T14:29:32.131+0000] {docker.py:429} INFO - [2m2025-07-08T14:29:32.131227Z[0m [[32m[1minfo     [0m] [1mInstalled extractor 'tap-csv-latest'[0m
[2025-07-08T14:29:34.177+0000] {docker.py:429} INFO - [2m2025-07-08T14:29:34.176442Z[0m [[32m[1minfo     [0m] [1mInstalled loader 'target-csv-csv'[0m
[2025-07-08T14:29:34.483+0000] {docker.py:429} INFO - [2m2025-07-08T14:29:34.483004Z[0m [[32m[1minfo     [0m] [1mInstalled loader 'target-csv' [0m
[2025-07-08T14:29:34.820+0000] {docker.py:429} INFO - [2m2025-07-08T14:29:34.819188Z[0m [[32m[1minfo     [0m] [1mInstalled loader 'target-csv-postgres'[0m
[2025-07-08T14:29:34.821+0000] {docker.py:429} INFO - [2m2025-07-08T14:29:34.819878Z[0m [[32m[1minfo     [0m] [1mInstalled 7/7 plugins         [0m
[2025-07-08T14:29:35.886+0000] {docker.py:429} INFO - Meltano install completed. Executing command: meltano el tap-csv target-csv-csv
[2025-07-08T14:29:37.800+0000] {docker.py:429} INFO - [2m2025-07-08T14:29:37.799294Z[0m [[32m[1minfo     [0m] [1mEnvironment 'dev' is active   [0m
[2025-07-08T14:29:38.279+0000] {docker.py:429} INFO - [2m2025-07-08T14:29:38.278433Z[0m [[32m[1minfo     [0m] [1mRunning extract & load...     [0m [36mname[0m=[35mmeltano[0m [36mrun_id[0m=[35m60c48ac0-2dc7-4ea8-8d91-527e7befbc03[0m [36mstate_id[0m=[35m2025-07-08T142938--tap-csv--target-csv-csv[0m
[2025-07-08T14:29:39.758+0000] {docker.py:429} INFO - [2m2025-07-08T14:29:39.757821Z[0m [[32m[1minfo     [0m] [1mINFO Sending version information to singer.io. To disable sending anonymous usage data, set the config parameter "disable_collection" to true[0m [36mcmd_type[0m=[35mloader[0m [36mname[0m=[35mtarget-csv-csv[0m [36mrun_id[0m=[35m60c48ac0-2dc7-4ea8-8d91-527e7befbc03[0m [36mstate_id[0m=[35m2025-07-08T142938--tap-csv--target-csv-csv[0m [36mstdio[0m=[35mstderr[0m
[2025-07-08T14:29:40.146+0000] {docker.py:429} INFO - [2m2025-07-08T14:29:40.146222Z[0m [[32m[1minfo     [0m] [1m/opt/meltano/.meltano/extractors/tap-csv/venv/lib/python3.9/site-packages/singer_sdk/tap_base.py:516: SingerSDKDeprecationWarning: Passing a catalog file path is deprecated. Please pass the catalog as a dictionary or Catalog object instead.[0m [36mcmd_type[0m=[35mextractor[0m [36mname[0m=[35mtap-csv[0m [36mrun_id[0m=[35m60c48ac0-2dc7-4ea8-8d91-527e7befbc03[0m [36mstate_id[0m=[35m2025-07-08T142938--tap-csv--target-csv-csv[0m [36mstdio[0m=[35mstderr[0m
[2025-07-08T14:29:40.147+0000] {docker.py:429} INFO - [2m2025-07-08T14:29:40.146661Z[0m [[32m[1minfo     [0m] [1m  tap = cls(                  [0m [36mcmd_type[0m=[35mextractor[0m [36mname[0m=[35mtap-csv[0m [36mrun_id[0m=[35m60c48ac0-2dc7-4ea8-8d91-527e7befbc03[0m [36mstate_id[0m=[35m2025-07-08T142938--tap-csv--target-csv-csv[0m [36mstdio[0m=[35mstderr[0m
[2025-07-08T14:29:40.147+0000] {docker.py:429} INFO - [2m2025-07-08T14:29:40.147090Z[0m [[32m[1minfo     [0m] [1m                              [0m [36mcmd_type[0m=[35mextractor[0m [36mname[0m=[35mtap-csv[0m [36mrun_id[0m=[35m60c48ac0-2dc7-4ea8-8d91-527e7befbc03[0m [36mstate_id[0m=[35m2025-07-08T142938--tap-csv--target-csv-csv[0m [36mstdio[0m=[35mstderr[0m
[2025-07-08T14:29:40.148+0000] {docker.py:429} INFO - [2m2025-07-08T14:29:40.147396Z[0m [[32m[1minfo     [0m] [1mBeginning full_table sync of 'order_details'...[0m [36mcmd_type[0m=[35mextractor[0m [36mname[0m=[35mtap-csv[0m [36mrun_id[0m=[35m60c48ac0-2dc7-4ea8-8d91-527e7befbc03[0m [36mstate_id[0m=[35m2025-07-08T142938--tap-csv--target-csv-csv[0m [36mstdio[0m=[35mstderr[0m
[2025-07-08T14:29:40.148+0000] {docker.py:429} INFO - [2m2025-07-08T14:29:40.147701Z[0m [[32m[1minfo     [0m] [1mTap has custom mapper. Using 1 provided map(s).[0m [36mcmd_type[0m=[35mextractor[0m [36mname[0m=[35mtap-csv[0m [36mrun_id[0m=[35m60c48ac0-2dc7-4ea8-8d91-527e7befbc03[0m [36mstate_id[0m=[35m2025-07-08T142938--tap-csv--target-csv-csv[0m [36mstdio[0m=[35mstderr[0m
[2025-07-08T14:29:40.286+0000] {docker.py:429} INFO - [2m2025-07-08T14:29:40.286181Z[0m [[32m[1minfo     [0m] [1mMETRIC: {"type": "timer", "metric": "sync_duration", "value": 0.1475832462310791, "tags": {"stream": "order_details", "pid": 176, "context": {}, "status": "succeeded"}}[0m [36mcmd_type[0m=[35mextractor[0m [36mname[0m=[35mtap-csv[0m [36mrun_id[0m=[35m60c48ac0-2dc7-4ea8-8d91-527e7befbc03[0m [36mstate_id[0m=[35m2025-07-08T142938--tap-csv--target-csv-csv[0m [36mstdio[0m=[35mstderr[0m
[2025-07-08T14:29:40.287+0000] {docker.py:429} INFO - [2m2025-07-08T14:29:40.286520Z[0m [[32m[1minfo     [0m] [1mMETRIC: {"type": "counter", "metric": "record_count", "value": 2155, "tags": {"stream": "order_details", "pid": 176, "context": {}}}[0m [36mcmd_type[0m=[35mextractor[0m [36mname[0m=[35mtap-csv[0m [36mrun_id[0m=[35m60c48ac0-2dc7-4ea8-8d91-527e7befbc03[0m [36mstate_id[0m=[35m2025-07-08T142938--tap-csv--target-csv-csv[0m [36mstdio[0m=[35mstderr[0m
[2025-07-08T14:29:40.416+0000] {docker.py:429} INFO - [2m2025-07-08T14:29:40.415184Z[0m [[32m[1minfo     [0m] [1mUsing systemdb state backend  [0m
[2025-07-08T14:29:40.429+0000] {docker.py:429} INFO - [2m2025-07-08T14:29:40.428874Z[0m [[32m[1minfo     [0m] [1mIncremental state has been updated at 2025-07-08 14:29:40.428837+00:00.[0m
[2025-07-08T14:29:40.432+0000] {docker.py:429} INFO - [2m2025-07-08T14:29:40.431246Z[0m [[32m[1minfo     [0m] [1mExtract & load complete!      [0m [36mname[0m=[35mmeltano[0m [36mrun_id[0m=[35m60c48ac0-2dc7-4ea8-8d91-527e7befbc03[0m [36mstate_id[0m=[35m2025-07-08T142938--tap-csv--target-csv-csv[0m
[2025-07-08T14:29:40.433+0000] {docker.py:429} INFO - [2m2025-07-08T14:29:40.431651Z[0m [[32m[1minfo     [0m] [1mTransformation skipped.       [0m [36mname[0m=[35mmeltano[0m [36mrun_id[0m=[35m60c48ac0-2dc7-4ea8-8d91-527e7befbc03[0m [36mstate_id[0m=[35m2025-07-08T142938--tap-csv--target-csv-csv[0m
[2025-07-08T14:29:42.399+0000] {taskinstance.py:1138} INFO - Marking task as SUCCESS. dag_id=northwind, task_id=extração_csv, execution_date=20250708T142854, start_date=20250708T142919, end_date=20250708T142942
[2025-07-08T14:29:42.450+0000] {local_task_job_runner.py:234} INFO - Task exited with return code 0
[2025-07-08T14:29:42.506+0000] {taskinstance.py:3280} INFO - 1 downstream tasks scheduled from follow-on schedule check
