[2025-07-10T15:17:35.755+0000] {taskinstance.py:1956} INFO - Dependencies all met for dep_context=non-requeueable deps ti=<TaskInstance: northwind.extração_csv manual__2025-07-10T15:17:11.680336+00:00 [queued]>
[2025-07-10T15:17:35.763+0000] {taskinstance.py:1956} INFO - Dependencies all met for dep_context=requeueable deps ti=<TaskInstance: northwind.extração_csv manual__2025-07-10T15:17:11.680336+00:00 [queued]>
[2025-07-10T15:17:35.763+0000] {taskinstance.py:2170} INFO - Starting attempt 1 of 2
[2025-07-10T15:17:35.775+0000] {taskinstance.py:2191} INFO - Executing <Task(DockerOperator): extração_csv> on 2025-07-10 15:17:11.680336+00:00
[2025-07-10T15:17:35.779+0000] {standard_task_runner.py:60} INFO - Started process 179 to run task
[2025-07-10T15:17:35.782+0000] {standard_task_runner.py:87} INFO - Running: ['***', 'tasks', 'run', 'northwind', 'extração_csv', 'manual__2025-07-10T15:17:11.680336+00:00', '--job-id', '105', '--raw', '--subdir', 'DAGS_FOLDER/northwind.py', '--cfg-path', '/tmp/tmpingihse8']
[2025-07-10T15:17:35.784+0000] {standard_task_runner.py:88} INFO - Job 105: Subtask extração_csv
[2025-07-10T15:17:35.834+0000] {task_command.py:423} INFO - Running <TaskInstance: northwind.extração_csv manual__2025-07-10T15:17:11.680336+00:00 [running]> on host 8ddbac0a6dc1
[2025-07-10T15:17:35.911+0000] {taskinstance.py:2480} INFO - Exporting env vars: AIRFLOW_CTX_DAG_EMAIL='lrbf@cin.ufpe.br' AIRFLOW_CTX_DAG_OWNER='***' AIRFLOW_CTX_DAG_ID='northwind' AIRFLOW_CTX_TASK_ID='extração_csv' AIRFLOW_CTX_EXECUTION_DATE='2025-07-10T15:17:11.680336+00:00' AIRFLOW_CTX_TRY_NUMBER='1' AIRFLOW_CTX_DAG_RUN_ID='manual__2025-07-10T15:17:11.680336+00:00'
[2025-07-10T15:17:35.969+0000] {docker.py:359} INFO - Starting docker container from image meltano:latest
[2025-07-10T15:17:36.253+0000] {docker.py:429} INFO - Running meltano install...
[2025-07-10T15:17:37.487+0000] {docker.py:429} INFO - [2m2025-07-10T15:17:37.487111Z[0m [[32m[1minfo     [0m] [1mInstalling 7 plugins          [0m
[2025-07-10T15:17:37.498+0000] {docker.py:429} INFO - [2m2025-07-10T15:17:37.497219Z[0m [[32m[1minfo     [0m] [1mInstalling extractor 'tap-postgres'[0m
[2025-07-10T15:17:37.517+0000] {docker.py:429} INFO - [2m2025-07-10T15:17:37.516277Z[0m [[32m[1minfo     [0m] [1mInstalling extractor 'tap-csv'[0m
[2025-07-10T15:17:37.542+0000] {docker.py:429} INFO - [2m2025-07-10T15:17:37.541645Z[0m [[32m[1minfo     [0m] [1mInstalling extractor 'tap-csv-latest'[0m
[2025-07-10T15:17:37.565+0000] {docker.py:429} INFO - [2m2025-07-10T15:17:37.564468Z[0m [[32m[1minfo     [0m] [1mInstalling loader 'target-postgres'[0m
[2025-07-10T15:17:37.596+0000] {docker.py:429} INFO - [2m2025-07-10T15:17:37.595064Z[0m [[32m[1minfo     [0m] [1mInstalling loader 'target-csv'[0m
[2025-07-10T15:17:37.636+0000] {docker.py:429} INFO - [2m2025-07-10T15:17:37.635745Z[0m [[32m[1minfo     [0m] [1mInstalling loader 'target-csv-postgres'[0m
[2025-07-10T15:17:37.676+0000] {docker.py:429} INFO - [2m2025-07-10T15:17:37.675185Z[0m [[32m[1minfo     [0m] [1mInstalling loader 'target-csv-csv'[0m
[2025-07-10T15:17:36.296+0000] {docker.py:429} INFO - [2m2025-07-10T15:17:36.295878Z[0m [[32m[1minfo     [0m] [1mInstalled extractor 'tap-postgres'[0m
[2025-07-10T15:17:36.313+0000] {docker.py:429} INFO - [2m2025-07-10T15:17:36.312282Z[0m [[32m[1minfo     [0m] [1mInstalled loader 'target-postgres'[0m
[2025-07-10T15:17:41.422+0000] {docker.py:429} INFO - [2m2025-07-10T15:17:41.421942Z[0m [[32m[1minfo     [0m] [1mInstalled extractor 'tap-csv-latest'[0m
[2025-07-10T15:17:41.516+0000] {docker.py:429} INFO - [2m2025-07-10T15:17:41.515665Z[0m [[32m[1minfo     [0m] [1mInstalled extractor 'tap-csv' [0m
[2025-07-10T15:17:42.059+0000] {docker.py:429} INFO - [2m2025-07-10T15:17:42.058461Z[0m [[32m[1minfo     [0m] [1mInstalled loader 'target-csv' [0m
[2025-07-10T15:17:42.330+0000] {docker.py:429} INFO - [2m2025-07-10T15:17:42.330067Z[0m [[32m[1minfo     [0m] [1mInstalled loader 'target-csv-postgres'[0m
[2025-07-10T15:17:42.419+0000] {docker.py:429} INFO - [2m2025-07-10T15:17:42.419036Z[0m [[32m[1minfo     [0m] [1mInstalled loader 'target-csv-csv'[0m
[2025-07-10T15:17:42.420+0000] {docker.py:429} INFO - [2m2025-07-10T15:17:42.419391Z[0m [[32m[1minfo     [0m] [1mInstalled 7/7 plugins         [0m
[2025-07-10T15:17:43.244+0000] {docker.py:429} INFO - Meltano install completed. Executing command: meltano el tap-csv target-csv-csv
[2025-07-10T15:17:44.363+0000] {docker.py:429} INFO - [2m2025-07-10T15:17:44.361986Z[0m [[32m[1minfo     [0m] [1mEnvironment 'dev' is active   [0m
[2025-07-10T15:17:44.693+0000] {docker.py:429} INFO - [2m2025-07-10T15:17:44.692179Z[0m [[32m[1minfo     [0m] [1mRunning extract & load...     [0m [36mname[0m=[35mmeltano[0m [36mrun_id[0m=[35m612414ae-0f44-481e-b359-18f2685f9ee2[0m [36mstate_id[0m=[35m2025-07-10T151744--tap-csv--target-csv-csv[0m
[2025-07-10T15:17:46.630+0000] {docker.py:429} INFO - [2m2025-07-10T15:17:46.628987Z[0m [[32m[1minfo     [0m] [1mINFO Sending version information to singer.io. To disable sending anonymous usage data, set the config parameter "disable_collection" to true[0m [36mcmd_type[0m=[35mloader[0m [36mname[0m=[35mtarget-csv-csv[0m [36mrun_id[0m=[35m612414ae-0f44-481e-b359-18f2685f9ee2[0m [36mstate_id[0m=[35m2025-07-10T151744--tap-csv--target-csv-csv[0m [36mstdio[0m=[35mstderr[0m
[2025-07-10T15:17:47.041+0000] {docker.py:429} INFO - [2m2025-07-10T15:17:47.040445Z[0m [[32m[1minfo     [0m] [1m/opt/meltano/.meltano/extractors/tap-csv/venv/lib/python3.9/site-packages/singer_sdk/tap_base.py:516: SingerSDKDeprecationWarning: Passing a catalog file path is deprecated. Please pass the catalog as a dictionary or Catalog object instead.[0m [36mcmd_type[0m=[35mextractor[0m [36mname[0m=[35mtap-csv[0m [36mrun_id[0m=[35m612414ae-0f44-481e-b359-18f2685f9ee2[0m [36mstate_id[0m=[35m2025-07-10T151744--tap-csv--target-csv-csv[0m [36mstdio[0m=[35mstderr[0m
[2025-07-10T15:17:47.041+0000] {docker.py:429} INFO - [2m2025-07-10T15:17:47.040787Z[0m [[32m[1minfo     [0m] [1m  tap = cls(                  [0m [36mcmd_type[0m=[35mextractor[0m [36mname[0m=[35mtap-csv[0m [36mrun_id[0m=[35m612414ae-0f44-481e-b359-18f2685f9ee2[0m [36mstate_id[0m=[35m2025-07-10T151744--tap-csv--target-csv-csv[0m [36mstdio[0m=[35mstderr[0m
[2025-07-10T15:17:47.041+0000] {docker.py:429} INFO - [2m2025-07-10T15:17:47.041006Z[0m [[32m[1minfo     [0m] [1m                              [0m [36mcmd_type[0m=[35mextractor[0m [36mname[0m=[35mtap-csv[0m [36mrun_id[0m=[35m612414ae-0f44-481e-b359-18f2685f9ee2[0m [36mstate_id[0m=[35m2025-07-10T151744--tap-csv--target-csv-csv[0m [36mstdio[0m=[35mstderr[0m
[2025-07-10T15:17:47.042+0000] {docker.py:429} INFO - [2m2025-07-10T15:17:47.041371Z[0m [[32m[1minfo     [0m] [1mBeginning full_table sync of 'order_details'...[0m [36mcmd_type[0m=[35mextractor[0m [36mname[0m=[35mtap-csv[0m [36mrun_id[0m=[35m612414ae-0f44-481e-b359-18f2685f9ee2[0m [36mstate_id[0m=[35m2025-07-10T151744--tap-csv--target-csv-csv[0m [36mstdio[0m=[35mstderr[0m
[2025-07-10T15:17:47.042+0000] {docker.py:429} INFO - [2m2025-07-10T15:17:47.041621Z[0m [[32m[1minfo     [0m] [1mTap has custom mapper. Using 1 provided map(s).[0m [36mcmd_type[0m=[35mextractor[0m [36mname[0m=[35mtap-csv[0m [36mrun_id[0m=[35m612414ae-0f44-481e-b359-18f2685f9ee2[0m [36mstate_id[0m=[35m2025-07-10T151744--tap-csv--target-csv-csv[0m [36mstdio[0m=[35mstderr[0m
[2025-07-10T15:17:47.194+0000] {docker.py:429} INFO - [2m2025-07-10T15:17:47.193233Z[0m [[32m[1minfo     [0m] [1mMETRIC: {"type": "timer", "metric": "sync_duration", "value": 0.1519942283630371, "tags": {"stream": "order_details", "pid": 176, "context": {}, "status": "succeeded"}}[0m [36mcmd_type[0m=[35mextractor[0m [36mname[0m=[35mtap-csv[0m [36mrun_id[0m=[35m612414ae-0f44-481e-b359-18f2685f9ee2[0m [36mstate_id[0m=[35m2025-07-10T151744--tap-csv--target-csv-csv[0m [36mstdio[0m=[35mstderr[0m
[2m2025-07-10T15:17:47.193601Z[0m [[32m[1minfo     [0m] [1mMETRIC: {"type": "counter", "metric": "record_count", "value": 2155, "tags": {"stream": "order_details", "pid": 176, "context": {}}}[0m [36mcmd_type[0m=[35mextractor[0m [36mname[0m=[35mtap-csv[0m [36mrun_id[0m=[35m612414ae-0f44-481e-b359-18f2685f9ee2[0m [36mstate_id[0m=[35m2025-07-10T151744--tap-csv--target-csv-csv[0m [36mstdio[0m=[35mstderr[0m
[2025-07-10T15:17:47.286+0000] {docker.py:429} INFO - [2m2025-07-10T15:17:47.285632Z[0m [[32m[1minfo     [0m] [1mUsing systemdb state backend  [0m
[2025-07-10T15:17:47.298+0000] {docker.py:429} INFO - [2m2025-07-10T15:17:47.297496Z[0m [[32m[1minfo     [0m] [1mIncremental state has been updated at 2025-07-10 15:17:47.297463+00:00.[0m
[2025-07-10T15:17:47.299+0000] {docker.py:429} INFO - [2m2025-07-10T15:17:47.298562Z[0m [[32m[1minfo     [0m] [1mExtract & load complete!      [0m [36mname[0m=[35mmeltano[0m [36mrun_id[0m=[35m612414ae-0f44-481e-b359-18f2685f9ee2[0m [36mstate_id[0m=[35m2025-07-10T151744--tap-csv--target-csv-csv[0m
[2m2025-07-10T15:17:47.298849Z[0m [[32m[1minfo     [0m] [1mTransformation skipped.       [0m [36mname[0m=[35mmeltano[0m [36mrun_id[0m=[35m612414ae-0f44-481e-b359-18f2685f9ee2[0m [36mstate_id[0m=[35m2025-07-10T151744--tap-csv--target-csv-csv[0m
[2025-07-10T15:17:48.361+0000] {taskinstance.py:1138} INFO - Marking task as SUCCESS. dag_id=northwind, task_id=extração_csv, execution_date=20250710T151711, start_date=20250710T151735, end_date=20250710T151748
[2025-07-10T15:17:48.396+0000] {local_task_job_runner.py:234} INFO - Task exited with return code 0
[2025-07-10T15:17:48.416+0000] {taskinstance.py:3280} INFO - 1 downstream tasks scheduled from follow-on schedule check
