[2025-07-09T19:32:58.073+0000] {taskinstance.py:1956} INFO - Dependencies all met for dep_context=non-requeueable deps ti=<TaskInstance: northwind.extração_csv manual__2025-07-09T19:32:38.412898+00:00 [queued]>
[2025-07-09T19:32:58.083+0000] {taskinstance.py:1956} INFO - Dependencies all met for dep_context=requeueable deps ti=<TaskInstance: northwind.extração_csv manual__2025-07-09T19:32:38.412898+00:00 [queued]>
[2025-07-09T19:32:58.084+0000] {taskinstance.py:2170} INFO - Starting attempt 1 of 2
[2025-07-09T19:32:58.099+0000] {taskinstance.py:2191} INFO - Executing <Task(DockerOperator): extração_csv> on 2025-07-09 19:32:38.412898+00:00
[2025-07-09T19:32:58.106+0000] {standard_task_runner.py:60} INFO - Started process 192 to run task
[2025-07-09T19:32:58.109+0000] {standard_task_runner.py:87} INFO - Running: ['***', 'tasks', 'run', 'northwind', 'extração_csv', 'manual__2025-07-09T19:32:38.412898+00:00', '--job-id', '72', '--raw', '--subdir', 'DAGS_FOLDER/northwind.py', '--cfg-path', '/tmp/tmppt_y4ie5']
[2025-07-09T19:32:58.111+0000] {standard_task_runner.py:88} INFO - Job 72: Subtask extração_csv
[2025-07-09T19:32:58.162+0000] {task_command.py:423} INFO - Running <TaskInstance: northwind.extração_csv manual__2025-07-09T19:32:38.412898+00:00 [running]> on host 37ac8c63b729
[2025-07-09T19:32:58.257+0000] {taskinstance.py:2480} INFO - Exporting env vars: AIRFLOW_CTX_DAG_EMAIL='lrbf@cin.ufpe.br' AIRFLOW_CTX_DAG_OWNER='***' AIRFLOW_CTX_DAG_ID='northwind' AIRFLOW_CTX_TASK_ID='extração_csv' AIRFLOW_CTX_EXECUTION_DATE='2025-07-09T19:32:38.412898+00:00' AIRFLOW_CTX_TRY_NUMBER='1' AIRFLOW_CTX_DAG_RUN_ID='manual__2025-07-09T19:32:38.412898+00:00'
[2025-07-09T19:32:58.372+0000] {docker.py:359} INFO - Starting docker container from image meltano:latest
[2025-07-09T19:32:58.770+0000] {docker.py:429} INFO - Running meltano install...
[2025-07-09T19:33:00.157+0000] {docker.py:429} INFO - [2m2025-07-09T19:33:00.156272Z[0m [[32m[1minfo     [0m] [1mInstalling 7 plugins          [0m
[2025-07-09T19:33:00.168+0000] {docker.py:429} INFO - [2m2025-07-09T19:33:00.167267Z[0m [[32m[1minfo     [0m] [1mInstalling extractor 'tap-postgres'[0m
[2025-07-09T19:33:00.194+0000] {docker.py:429} INFO - [2m2025-07-09T19:33:00.193434Z[0m [[32m[1minfo     [0m] [1mInstalling extractor 'tap-csv'[0m
[2025-07-09T19:33:00.216+0000] {docker.py:429} INFO - [2m2025-07-09T19:33:00.215910Z[0m [[32m[1minfo     [0m] [1mInstalling extractor 'tap-csv-latest'[0m
[2025-07-09T19:33:00.248+0000] {docker.py:429} INFO - [2m2025-07-09T19:33:00.246977Z[0m [[32m[1minfo     [0m] [1mInstalling loader 'target-postgres'[0m
[2025-07-09T19:33:00.285+0000] {docker.py:429} INFO - [2m2025-07-09T19:33:00.284022Z[0m [[32m[1minfo     [0m] [1mInstalling loader 'target-csv'[0m
[2025-07-09T19:33:00.323+0000] {docker.py:429} INFO - [2m2025-07-09T19:33:00.321609Z[0m [[32m[1minfo     [0m] [1mInstalling loader 'target-csv-postgres'[0m
[2025-07-09T19:33:00.376+0000] {docker.py:429} INFO - [2m2025-07-09T19:33:00.374684Z[0m [[32m[1minfo     [0m] [1mInstalling loader 'target-csv-csv'[0m
[2025-07-09T19:33:01.930+0000] {docker.py:429} INFO - [2m2025-07-09T19:33:01.929440Z[0m [[32m[1minfo     [0m] [1mInstalled extractor 'tap-postgres'[0m
[2025-07-09T19:33:01.979+0000] {docker.py:429} INFO - [2m2025-07-09T19:33:01.979148Z[0m [[32m[1minfo     [0m] [1mInstalled loader 'target-postgres'[0m
[2025-07-09T19:33:06.129+0000] {docker.py:429} INFO - [2m2025-07-09T19:33:06.128985Z[0m [[32m[1minfo     [0m] [1mInstalled extractor 'tap-csv' [0m
[2025-07-09T19:33:06.140+0000] {docker.py:429} INFO - [2m2025-07-09T19:33:06.140108Z[0m [[32m[1minfo     [0m] [1mInstalled extractor 'tap-csv-latest'[0m
[2025-07-09T19:33:06.636+0000] {docker.py:429} INFO - [2m2025-07-09T19:33:06.636069Z[0m [[32m[1minfo     [0m] [1mInstalled loader 'target-csv' [0m
[2025-07-09T19:33:06.852+0000] {docker.py:429} INFO - [2m2025-07-09T19:33:06.851437Z[0m [[32m[1minfo     [0m] [1mInstalled loader 'target-csv-postgres'[0m
[2025-07-09T19:33:06.976+0000] {docker.py:429} INFO - [2m2025-07-09T19:33:06.975325Z[0m [[32m[1minfo     [0m] [1mInstalled loader 'target-csv-csv'[0m
[2025-07-09T19:33:06.976+0000] {docker.py:429} INFO - [2m2025-07-09T19:33:06.975688Z[0m [[32m[1minfo     [0m] [1mInstalled 7/7 plugins         [0m
[2025-07-09T19:33:07.802+0000] {docker.py:429} INFO - Meltano install completed. Executing command: meltano el tap-csv target-csv-csv
[2025-07-09T19:33:08.794+0000] {docker.py:429} INFO - [2m2025-07-09T19:33:08.793171Z[0m [[32m[1minfo     [0m] [1mEnvironment 'dev' is active   [0m
[2025-07-09T19:33:09.261+0000] {docker.py:429} INFO - [2m2025-07-09T19:33:09.260554Z[0m [[32m[1minfo     [0m] [1mRunning extract & load...     [0m [36mname[0m=[35mmeltano[0m [36mrun_id[0m=[35mb3cbf855-e3ee-418c-aad7-04a93fbab1e4[0m [36mstate_id[0m=[35m2025-07-09T193308--tap-csv--target-csv-csv[0m
[2025-07-09T19:33:10.694+0000] {docker.py:429} INFO - [2m2025-07-09T19:33:10.693104Z[0m [[32m[1minfo     [0m] [1mINFO Sending version information to singer.io. To disable sending anonymous usage data, set the config parameter "disable_collection" to true[0m [36mcmd_type[0m=[35mloader[0m [36mname[0m=[35mtarget-csv-csv[0m [36mrun_id[0m=[35mb3cbf855-e3ee-418c-aad7-04a93fbab1e4[0m [36mstate_id[0m=[35m2025-07-09T193308--tap-csv--target-csv-csv[0m [36mstdio[0m=[35mstderr[0m
[2025-07-09T19:33:10.911+0000] {docker.py:429} INFO - [2m2025-07-09T19:33:10.910464Z[0m [[32m[1minfo     [0m] [1m/opt/meltano/.meltano/extractors/tap-csv/venv/lib/python3.9/site-packages/singer_sdk/tap_base.py:516: SingerSDKDeprecationWarning: Passing a catalog file path is deprecated. Please pass the catalog as a dictionary or Catalog object instead.[0m [36mcmd_type[0m=[35mextractor[0m [36mname[0m=[35mtap-csv[0m [36mrun_id[0m=[35mb3cbf855-e3ee-418c-aad7-04a93fbab1e4[0m [36mstate_id[0m=[35m2025-07-09T193308--tap-csv--target-csv-csv[0m [36mstdio[0m=[35mstderr[0m
[2m2025-07-09T19:33:10.910891Z[0m [[32m[1minfo     [0m] [1m  tap = cls(                  [0m [36mcmd_type[0m=[35mextractor[0m [36mname[0m=[35mtap-csv[0m [36mrun_id[0m=[35mb3cbf855-e3ee-418c-aad7-04a93fbab1e4[0m [36mstate_id[0m=[35m2025-07-09T193308--tap-csv--target-csv-csv[0m [36mstdio[0m=[35mstderr[0m
[2025-07-09T19:33:10.912+0000] {docker.py:429} INFO - [2m2025-07-09T19:33:10.911135Z[0m [[32m[1minfo     [0m] [1m                              [0m [36mcmd_type[0m=[35mextractor[0m [36mname[0m=[35mtap-csv[0m [36mrun_id[0m=[35mb3cbf855-e3ee-418c-aad7-04a93fbab1e4[0m [36mstate_id[0m=[35m2025-07-09T193308--tap-csv--target-csv-csv[0m [36mstdio[0m=[35mstderr[0m
[2025-07-09T19:33:10.912+0000] {docker.py:429} INFO - [2m2025-07-09T19:33:10.911508Z[0m [[32m[1minfo     [0m] [1mBeginning full_table sync of 'order_details'...[0m [36mcmd_type[0m=[35mextractor[0m [36mname[0m=[35mtap-csv[0m [36mrun_id[0m=[35mb3cbf855-e3ee-418c-aad7-04a93fbab1e4[0m [36mstate_id[0m=[35m2025-07-09T193308--tap-csv--target-csv-csv[0m [36mstdio[0m=[35mstderr[0m
[2025-07-09T19:33:10.912+0000] {docker.py:429} INFO - [2m2025-07-09T19:33:10.911735Z[0m [[32m[1minfo     [0m] [1mTap has custom mapper. Using 1 provided map(s).[0m [36mcmd_type[0m=[35mextractor[0m [36mname[0m=[35mtap-csv[0m [36mrun_id[0m=[35mb3cbf855-e3ee-418c-aad7-04a93fbab1e4[0m [36mstate_id[0m=[35m2025-07-09T193308--tap-csv--target-csv-csv[0m [36mstdio[0m=[35mstderr[0m
[2025-07-09T19:33:11.062+0000] {docker.py:429} INFO - [2m2025-07-09T19:33:11.061778Z[0m [[32m[1minfo     [0m] [1mMETRIC: {"type": "timer", "metric": "sync_duration", "value": 0.15061092376708984, "tags": {"stream": "order_details", "pid": 176, "context": {}, "status": "succeeded"}}[0m [36mcmd_type[0m=[35mextractor[0m [36mname[0m=[35mtap-csv[0m [36mrun_id[0m=[35mb3cbf855-e3ee-418c-aad7-04a93fbab1e4[0m [36mstate_id[0m=[35m2025-07-09T193308--tap-csv--target-csv-csv[0m [36mstdio[0m=[35mstderr[0m
[2025-07-09T19:33:11.063+0000] {docker.py:429} INFO - [2m2025-07-09T19:33:11.062339Z[0m [[32m[1minfo     [0m] [1mMETRIC: {"type": "counter", "metric": "record_count", "value": 2155, "tags": {"stream": "order_details", "pid": 176, "context": {}}}[0m [36mcmd_type[0m=[35mextractor[0m [36mname[0m=[35mtap-csv[0m [36mrun_id[0m=[35mb3cbf855-e3ee-418c-aad7-04a93fbab1e4[0m [36mstate_id[0m=[35m2025-07-09T193308--tap-csv--target-csv-csv[0m [36mstdio[0m=[35mstderr[0m
[2025-07-09T19:33:11.165+0000] {docker.py:429} INFO - [2m2025-07-09T19:33:11.164318Z[0m [[32m[1minfo     [0m] [1mUsing systemdb state backend  [0m
[2025-07-09T19:33:11.180+0000] {docker.py:429} INFO - [2m2025-07-09T19:33:11.179315Z[0m [[32m[1minfo     [0m] [1mIncremental state has been updated at 2025-07-09 19:33:11.179276+00:00.[0m
[2025-07-09T19:33:11.180+0000] {docker.py:429} INFO - [2m2025-07-09T19:33:11.180321Z[0m [[32m[1minfo     [0m] [1mExtract & load complete!      [0m [36mname[0m=[35mmeltano[0m [36mrun_id[0m=[35mb3cbf855-e3ee-418c-aad7-04a93fbab1e4[0m [36mstate_id[0m=[35m2025-07-09T193308--tap-csv--target-csv-csv[0m
[2025-07-09T19:33:11.181+0000] {docker.py:429} INFO - [2m2025-07-09T19:33:11.180564Z[0m [[32m[1minfo     [0m] [1mTransformation skipped.       [0m [36mname[0m=[35mmeltano[0m [36mrun_id[0m=[35mb3cbf855-e3ee-418c-aad7-04a93fbab1e4[0m [36mstate_id[0m=[35m2025-07-09T193308--tap-csv--target-csv-csv[0m
[2025-07-09T19:33:12.182+0000] {taskinstance.py:1138} INFO - Marking task as SUCCESS. dag_id=northwind, task_id=extração_csv, execution_date=20250709T193238, start_date=20250709T193258, end_date=20250709T193312
[2025-07-09T19:33:12.214+0000] {local_task_job_runner.py:234} INFO - Task exited with return code 0
[2025-07-09T19:33:12.237+0000] {taskinstance.py:3280} INFO - 1 downstream tasks scheduled from follow-on schedule check
