[2025-06-26T18:02:24.043+0000] {taskinstance.py:1956} INFO - Dependencies all met for dep_context=non-requeueable deps ti=<TaskInstance: northwind.gerar_config_csv_dinamica manual__2025-06-26T18:01:27.215496+00:00 [queued]>
[2025-06-26T18:02:24.055+0000] {taskinstance.py:1956} INFO - Dependencies all met for dep_context=requeueable deps ti=<TaskInstance: northwind.gerar_config_csv_dinamica manual__2025-06-26T18:01:27.215496+00:00 [queued]>
[2025-06-26T18:02:24.055+0000] {taskinstance.py:2170} INFO - Starting attempt 1 of 2
[2025-06-26T18:02:24.076+0000] {taskinstance.py:2191} INFO - Executing <Task(DockerOperator): gerar_config_csv_dinamica> on 2025-06-26 18:01:27.215496+00:00
[2025-06-26T18:02:24.082+0000] {standard_task_runner.py:60} INFO - Started process 237 to run task
[2025-06-26T18:02:24.089+0000] {standard_task_runner.py:87} INFO - Running: ['***', 'tasks', 'run', 'northwind', 'gerar_config_csv_dinamica', 'manual__2025-06-26T18:01:27.215496+00:00', '--job-id', '325', '--raw', '--subdir', 'DAGS_FOLDER/dag.py', '--cfg-path', '/tmp/tmph0acpml3']
[2025-06-26T18:02:24.092+0000] {standard_task_runner.py:88} INFO - Job 325: Subtask gerar_config_csv_dinamica
[2025-06-26T18:02:24.167+0000] {task_command.py:423} INFO - Running <TaskInstance: northwind.gerar_config_csv_dinamica manual__2025-06-26T18:01:27.215496+00:00 [running]> on host 6afc1f3750fb
[2025-06-26T18:02:24.283+0000] {taskinstance.py:2480} INFO - Exporting env vars: AIRFLOW_CTX_DAG_EMAIL='lrbf@cin.ufpe.br' AIRFLOW_CTX_DAG_OWNER='***' AIRFLOW_CTX_DAG_ID='northwind' AIRFLOW_CTX_TASK_ID='gerar_config_csv_dinamica' AIRFLOW_CTX_EXECUTION_DATE='2025-06-26T18:01:27.215496+00:00' AIRFLOW_CTX_TRY_NUMBER='1' AIRFLOW_CTX_DAG_RUN_ID='manual__2025-06-26T18:01:27.215496+00:00'
[2025-06-26T18:02:24.374+0000] {docker.py:359} INFO - Starting docker container from image meltano:latest
[2025-06-26T18:02:24.699+0000] {docker.py:429} INFO - Running meltano install...
[2025-06-26T18:02:26.294+0000] {docker.py:429} INFO - [2m2025-06-26T18:02:26.293613Z[0m [[32m[1minfo     [0m] [1mInstalling 7 plugins          [0m
[2025-06-26T18:02:26.309+0000] {docker.py:429} INFO - [2m2025-06-26T18:02:26.308205Z[0m [[32m[1minfo     [0m] [1mInstalling extractor 'tap-postgres'[0m
[2025-06-26T18:02:26.337+0000] {docker.py:429} INFO - [2m2025-06-26T18:02:26.336493Z[0m [[32m[1minfo     [0m] [1mInstalling extractor 'tap-csv'[0m
[2025-06-26T18:02:26.358+0000] {docker.py:429} INFO - [2m2025-06-26T18:02:26.357058Z[0m [[32m[1minfo     [0m] [1mInstalling extractor 'tap-csv-latest'[0m
[2025-06-26T18:02:26.382+0000] {docker.py:429} INFO - [2m2025-06-26T18:02:26.380970Z[0m [[32m[1minfo     [0m] [1mInstalling loader 'target-postgres'[0m
[2025-06-26T18:02:26.424+0000] {docker.py:429} INFO - [2m2025-06-26T18:02:26.423702Z[0m [[32m[1minfo     [0m] [1mInstalling loader 'target-csv'[0m
[2025-06-26T18:02:26.482+0000] {docker.py:429} INFO - [2m2025-06-26T18:02:26.481390Z[0m [[32m[1minfo     [0m] [1mInstalling loader 'target-csv-postgres'[0m
[2025-06-26T18:02:26.539+0000] {docker.py:429} INFO - [2m2025-06-26T18:02:26.537945Z[0m [[32m[1minfo     [0m] [1mInstalling loader 'target-csv-csv'[0m
[2025-06-26T18:02:29.009+0000] {docker.py:429} INFO - [2m2025-06-26T18:02:29.008008Z[0m [[32m[1minfo     [0m] [1mInstalled extractor 'tap-postgres'[0m
[2025-06-26T18:02:29.053+0000] {docker.py:429} INFO - [2m2025-06-26T18:02:29.052213Z[0m [[32m[1minfo     [0m] [1mInstalled loader 'target-postgres'[0m
[2025-06-26T18:02:31.357+0000] {docker.py:429} INFO - [2m2025-06-26T18:02:31.356151Z[0m [[32m[1minfo     [0m] [1mInstalled extractor 'tap-csv' [0m
[2025-06-26T18:02:31.361+0000] {docker.py:429} INFO - [2m2025-06-26T18:02:31.360350Z[0m [[32m[1minfo     [0m] [1mInstalled extractor 'tap-csv-latest'[0m
[2025-06-26T18:02:33.870+0000] {docker.py:429} INFO - [2m2025-06-26T18:02:33.869729Z[0m [[32m[1minfo     [0m] [1mInstalled loader 'target-csv' [0m
[2025-06-26T18:02:34.040+0000] {docker.py:429} INFO - [2m2025-06-26T18:02:34.039643Z[0m [[32m[1minfo     [0m] [1mInstalled loader 'target-csv-csv'[0m
[2025-06-26T18:02:34.218+0000] {docker.py:429} INFO - [2m2025-06-26T18:02:34.216548Z[0m [[32m[1minfo     [0m] [1mInstalled loader 'target-csv-postgres'[0m
[2m2025-06-26T18:02:34.217062Z[0m [[32m[1minfo     [0m] [1mInstalled 7/7 plugins         [0m
[2025-06-26T18:02:35.337+0000] {docker.py:429} INFO - Meltano install completed. Executing command: python /opt/meltano/scripts/generate_tap_csv_config.py
[2025-06-26T18:02:35.367+0000] {docker.py:429} INFO - {"files": [{"entity": "order_details", "path": "/opt/output_data/csv/order_details/2025-06-26/file.csv", "keys": ["order_id", "product_id"], "delimiter": ",", "encoding": "utf-8"}, {"entity": "public-categories", "path": "/opt/output_data/postgres/public-categories/2025-06-26/file.csv", "keys": ["category_id"], "delimiter": ",", "encoding": "utf-8"}, {"entity": "public-products", "path": "/opt/output_data/postgres/public-products/2025-06-26/file.csv", "keys": ["product_id"], "delimiter": ",", "encoding": "utf-8"}, {"entity": "public-suppliers", "path": "/opt/output_data/postgres/public-suppliers/2025-06-26/file.csv", "keys": ["supplier_id"], "delimiter": ",", "encoding": "utf-8"}, {"entity": "public-orders", "path": "/opt/output_data/postgres/public-orders/2025-06-26/file.csv", "keys": ["order_id"], "delimiter": ",", "encoding": "utf-8"}, {"entity": "public-customers", "path": "/opt/output_data/postgres/public-customers/2025-06-26/file.csv", "keys": ["customer_id"], "delimiter": ",", "encoding": "utf-8"}, {"entity": "public-employees", "path": "/opt/output_data/postgres/public-employees/2025-06-26/file.csv", "keys": ["employee_id"], "delimiter": ",", "encoding": "utf-8"}, {"entity": "public-employee_territories", "path": "/opt/output_data/postgres/public-employee_territories/2025-06-26/file.csv", "keys": ["employee_id", "territory_id"], "delimiter": ",", "encoding": "utf-8"}, {"entity": "public-territories", "path": "/opt/output_data/postgres/public-territories/2025-06-26/file.csv", "keys": ["territory_id"], "delimiter": ",", "encoding": "utf-8"}, {"entity": "public-region", "path": "/opt/output_data/postgres/public-region/2025-06-26/file.csv", "keys": ["region_id"], "delimiter": ",", "encoding": "utf-8"}, {"entity": "public-shippers", "path": "/opt/output_data/postgres/public-shippers/2025-06-26/file.csv", "keys": ["shipper_id"], "delimiter": ",", "encoding": "utf-8"}, {"entity": "public-us_states", "path": "/opt/output_data/postgres/public-us_states/2025-06-26/file.csv", "keys": ["state_id"], "delimiter": ",", "encoding": "utf-8"}]}
[2025-06-26T18:02:35.595+0000] {taskinstance.py:1138} INFO - Marking task as SUCCESS. dag_id=northwind, task_id=gerar_config_csv_dinamica, execution_date=20250626T180127, start_date=20250626T180224, end_date=20250626T180235
[2025-06-26T18:02:35.650+0000] {local_task_job_runner.py:234} INFO - Task exited with return code 0
[2025-06-26T18:02:35.667+0000] {taskinstance.py:3280} INFO - 1 downstream tasks scheduled from follow-on schedule check
