[2025-06-24T20:04:47.914+0000] {taskinstance.py:1956} INFO - Dependencies all met for dep_context=non-requeueable deps ti=<TaskInstance: northwind.extração_csv manual__2025-06-24T20:04:13.108195+00:00 [queued]>
[2025-06-24T20:04:47.937+0000] {taskinstance.py:1956} INFO - Dependencies all met for dep_context=requeueable deps ti=<TaskInstance: northwind.extração_csv manual__2025-06-24T20:04:13.108195+00:00 [queued]>
[2025-06-24T20:04:47.937+0000] {taskinstance.py:2170} INFO - Starting attempt 1 of 2
[2025-06-24T20:04:47.957+0000] {taskinstance.py:2191} INFO - Executing <Task(DockerOperator): extração_csv> on 2025-06-24 20:04:13.108195+00:00
[2025-06-24T20:04:47.963+0000] {standard_task_runner.py:60} INFO - Started process 177 to run task
[2025-06-24T20:04:47.967+0000] {standard_task_runner.py:87} INFO - Running: ['***', 'tasks', 'run', 'northwind', 'extração_csv', 'manual__2025-06-24T20:04:13.108195+00:00', '--job-id', '95', '--raw', '--subdir', 'DAGS_FOLDER/dag.py', '--cfg-path', '/tmp/tmp5y00mrt0']
[2025-06-24T20:04:47.970+0000] {standard_task_runner.py:88} INFO - Job 95: Subtask extração_csv
[2025-06-24T20:04:48.022+0000] {task_command.py:423} INFO - Running <TaskInstance: northwind.extração_csv manual__2025-06-24T20:04:13.108195+00:00 [running]> on host 2f206bf85820
[2025-06-24T20:04:48.125+0000] {taskinstance.py:2480} INFO - Exporting env vars: AIRFLOW_CTX_DAG_EMAIL='lrbf@cin.ufpe.br' AIRFLOW_CTX_DAG_OWNER='***' AIRFLOW_CTX_DAG_ID='northwind' AIRFLOW_CTX_TASK_ID='extração_csv' AIRFLOW_CTX_EXECUTION_DATE='2025-06-24T20:04:13.108195+00:00' AIRFLOW_CTX_TRY_NUMBER='1' AIRFLOW_CTX_DAG_RUN_ID='manual__2025-06-24T20:04:13.108195+00:00'
[2025-06-24T20:04:48.548+0000] {docker.py:359} INFO - Starting docker container from image meltano:latest
[2025-06-24T20:04:48.557+0000] {docker.py:367} WARNING - Using remote engine or docker-in-docker and mounting temporary volume from host is not supported. Falling back to `mount_tmp_dir=False` mode. You can set `mount_tmp_dir` parameter to False to disable mounting and remove the warning
[2025-06-24T20:04:49.231+0000] {docker.py:429} INFO - Running meltano install...
[2025-06-24T20:04:51.135+0000] {docker.py:429} INFO - [2m2025-06-24T20:04:51.135044Z[0m [[32m[1minfo     [0m] [1mInstalling 7 plugins          [0m
[2025-06-24T20:04:51.159+0000] {docker.py:429} INFO - [2m2025-06-24T20:04:51.159174Z[0m [[32m[1minfo     [0m] [1mInstalling extractor 'tap-postgres'[0m
[2025-06-24T20:04:51.185+0000] {docker.py:429} INFO - [2m2025-06-24T20:04:51.184482Z[0m [[32m[1minfo     [0m] [1mInstalling extractor 'tap-csv'[0m
[2025-06-24T20:04:51.217+0000] {docker.py:429} INFO - [2m2025-06-24T20:04:51.216185Z[0m [[32m[1minfo     [0m] [1mInstalling extractor 'tap-csv-latest'[0m
[2025-06-24T20:04:51.253+0000] {docker.py:429} INFO - [2m2025-06-24T20:04:51.253002Z[0m [[32m[1minfo     [0m] [1mInstalling loader 'target-postgres'[0m
[2025-06-24T20:04:51.306+0000] {docker.py:429} INFO - [2m2025-06-24T20:04:51.305891Z[0m [[32m[1minfo     [0m] [1mInstalling loader 'target-csv'[0m
[2025-06-24T20:04:51.356+0000] {docker.py:429} INFO - [2m2025-06-24T20:04:51.347842Z[0m [[32m[1minfo     [0m] [1mInstalling loader 'target-csv-postgres'[0m
[2025-06-24T20:04:51.420+0000] {docker.py:429} INFO - [2m2025-06-24T20:04:51.411461Z[0m [[32m[1minfo     [0m] [1mInstalling loader 'target-csv-csv'[0m
[2025-06-24T20:04:53.817+0000] {docker.py:429} INFO - [2m2025-06-24T20:04:53.816373Z[0m [[32m[1minfo     [0m] [1mInstalled loader 'target-postgres'[0m
[2025-06-24T20:04:53.818+0000] {docker.py:429} INFO - [2m2025-06-24T20:04:53.817117Z[0m [[32m[1minfo     [0m] [1mInstalled extractor 'tap-postgres'[0m
[2025-06-24T20:04:58.084+0000] {docker.py:429} INFO - [2m2025-06-24T20:04:58.083370Z[0m [[32m[1minfo     [0m] [1mInstalled extractor 'tap-csv-latest'[0m
[2025-06-24T20:04:58.213+0000] {docker.py:429} INFO - [2m2025-06-24T20:04:58.212760Z[0m [[32m[1minfo     [0m] [1mInstalled extractor 'tap-csv' [0m
[2025-06-24T20:04:58.336+0000] {docker.py:429} INFO - [2m2025-06-24T20:04:58.335795Z[0m [[32m[1minfo     [0m] [1mInstalled loader 'target-csv' [0m
[2025-06-24T20:04:58.487+0000] {docker.py:429} INFO - [2m2025-06-24T20:04:58.486885Z[0m [[32m[1minfo     [0m] [1mInstalled loader 'target-csv-csv'[0m
[2025-06-24T20:04:58.517+0000] {docker.py:429} INFO - [2m2025-06-24T20:04:58.516857Z[0m [[32m[1minfo     [0m] [1mInstalled loader 'target-csv-postgres'[0m
[2025-06-24T20:04:58.518+0000] {docker.py:429} INFO - [2m2025-06-24T20:04:58.517362Z[0m [[32m[1minfo     [0m] [1mInstalled 7/7 plugins         [0m
[2025-06-24T20:04:59.445+0000] {docker.py:429} INFO - Meltano install completed. Executing command: meltano el tap-csv target-csv-csv
[2025-06-24T20:05:00.583+0000] {docker.py:429} INFO - [2m2025-06-24T20:05:00.582964Z[0m [[32m[1minfo     [0m] [1mEnvironment 'dev' is active   [0m
[2025-06-24T20:05:01.625+0000] {docker.py:429} INFO - [2m2025-06-24T20:05:01.624637Z[0m [[32m[1minfo     [0m] [1mRunning extract & load...     [0m [36mname[0m=[35mmeltano[0m [36mrun_id[0m=[35md7a4486f-2d8c-44ec-8903-258db29a458f[0m [36mstate_id[0m=[35m2025-06-24T200501--tap-csv--target-csv-csv[0m
[2025-06-24T20:05:03.083+0000] {docker.py:429} INFO - [2m2025-06-24T20:05:03.081651Z[0m [[32m[1minfo     [0m] [1mINFO Sending version information to singer.io. To disable sending anonymous usage data, set the config parameter "disable_collection" to true[0m [36mcmd_type[0m=[35mloader[0m [36mname[0m=[35mtarget-csv-csv[0m [36mrun_id[0m=[35md7a4486f-2d8c-44ec-8903-258db29a458f[0m [36mstate_id[0m=[35m2025-06-24T200501--tap-csv--target-csv-csv[0m [36mstdio[0m=[35mstderr[0m
[2025-06-24T20:05:03.428+0000] {docker.py:429} INFO - [2m2025-06-24T20:05:03.427491Z[0m [[32m[1minfo     [0m] [1mBeginning full_table sync of 'order_details'...[0m [36mcmd_type[0m=[35mextractor[0m [36mname[0m=[35mtap-csv[0m [36mrun_id[0m=[35md7a4486f-2d8c-44ec-8903-258db29a458f[0m [36mstate_id[0m=[35m2025-06-24T200501--tap-csv--target-csv-csv[0m [36mstdio[0m=[35mstderr[0m
[2025-06-24T20:05:03.429+0000] {docker.py:429} INFO - [2m2025-06-24T20:05:03.427956Z[0m [[32m[1minfo     [0m] [1mTap has custom mapper. Using 1 provided map(s).[0m [36mcmd_type[0m=[35mextractor[0m [36mname[0m=[35mtap-csv[0m [36mrun_id[0m=[35md7a4486f-2d8c-44ec-8903-258db29a458f[0m [36mstate_id[0m=[35m2025-06-24T200501--tap-csv--target-csv-csv[0m [36mstdio[0m=[35mstderr[0m
[2025-06-24T20:05:03.607+0000] {docker.py:429} INFO - [2m2025-06-24T20:05:03.606199Z[0m [[32m[1minfo     [0m] [1mMETRIC: {"type": "timer", "metric": "sync_duration", "value": 0.1780104637145996, "tags": {"stream": "order_details", "pid": 176, "context": {}, "status": "succeeded"}}[0m [36mcmd_type[0m=[35mextractor[0m [36mname[0m=[35mtap-csv[0m [36mrun_id[0m=[35md7a4486f-2d8c-44ec-8903-258db29a458f[0m [36mstate_id[0m=[35m2025-06-24T200501--tap-csv--target-csv-csv[0m [36mstdio[0m=[35mstderr[0m
[2025-06-24T20:05:03.607+0000] {docker.py:429} INFO - [2m2025-06-24T20:05:03.606722Z[0m [[32m[1minfo     [0m] [1mMETRIC: {"type": "counter", "metric": "record_count", "value": 2155, "tags": {"stream": "order_details", "pid": 176, "context": {}}}[0m [36mcmd_type[0m=[35mextractor[0m [36mname[0m=[35mtap-csv[0m [36mrun_id[0m=[35md7a4486f-2d8c-44ec-8903-258db29a458f[0m [36mstate_id[0m=[35m2025-06-24T200501--tap-csv--target-csv-csv[0m [36mstdio[0m=[35mstderr[0m
[2025-06-24T20:05:03.730+0000] {docker.py:429} INFO - [2m2025-06-24T20:05:03.729896Z[0m [[32m[1minfo     [0m] [1mUsing systemdb state backend  [0m
[2025-06-24T20:05:03.742+0000] {docker.py:429} INFO - [2m2025-06-24T20:05:03.741628Z[0m [[32m[1minfo     [0m] [1mIncremental state has been updated at 2025-06-24 20:05:03.741596+00:00.[0m
[2025-06-24T20:05:03.743+0000] {docker.py:429} INFO - [2m2025-06-24T20:05:03.742734Z[0m [[32m[1minfo     [0m] [1mExtract & load complete!      [0m [36mname[0m=[35mmeltano[0m [36mrun_id[0m=[35md7a4486f-2d8c-44ec-8903-258db29a458f[0m [36mstate_id[0m=[35m2025-06-24T200501--tap-csv--target-csv-csv[0m
[2025-06-24T20:05:03.743+0000] {docker.py:429} INFO - [2m2025-06-24T20:05:03.743012Z[0m [[32m[1minfo     [0m] [1mTransformation skipped.       [0m [36mname[0m=[35mmeltano[0m [36mrun_id[0m=[35md7a4486f-2d8c-44ec-8903-258db29a458f[0m [36mstate_id[0m=[35m2025-06-24T200501--tap-csv--target-csv-csv[0m
[2025-06-24T20:05:04.901+0000] {taskinstance.py:1138} INFO - Marking task as SUCCESS. dag_id=northwind, task_id=extração_csv, execution_date=20250624T200413, start_date=20250624T200447, end_date=20250624T200504
[2025-06-24T20:05:04.931+0000] {local_task_job_runner.py:234} INFO - Task exited with return code 0
[2025-06-24T20:05:04.952+0000] {taskinstance.py:3280} INFO - 1 downstream tasks scheduled from follow-on schedule check
