[2025-07-10T12:29:40.469+0000] {taskinstance.py:1956} INFO - Dependencies all met for dep_context=non-requeueable deps ti=<TaskInstance: northwind.extração_csv manual__2025-07-10T12:29:20.413772+00:00 [queued]>
[2025-07-10T12:29:40.479+0000] {taskinstance.py:1956} INFO - Dependencies all met for dep_context=requeueable deps ti=<TaskInstance: northwind.extração_csv manual__2025-07-10T12:29:20.413772+00:00 [queued]>
[2025-07-10T12:29:40.479+0000] {taskinstance.py:2170} INFO - Starting attempt 1 of 2
[2025-07-10T12:29:40.500+0000] {taskinstance.py:2191} INFO - Executing <Task(DockerOperator): extração_csv> on 2025-07-10 12:29:20.413772+00:00
[2025-07-10T12:29:40.509+0000] {standard_task_runner.py:60} INFO - Started process 177 to run task
[2025-07-10T12:29:40.513+0000] {standard_task_runner.py:87} INFO - Running: ['***', 'tasks', 'run', 'northwind', 'extração_csv', 'manual__2025-07-10T12:29:20.413772+00:00', '--job-id', '15', '--raw', '--subdir', 'DAGS_FOLDER/northwind.py', '--cfg-path', '/tmp/tmpllzur610']
[2025-07-10T12:29:40.516+0000] {standard_task_runner.py:88} INFO - Job 15: Subtask extração_csv
[2025-07-10T12:29:40.580+0000] {task_command.py:423} INFO - Running <TaskInstance: northwind.extração_csv manual__2025-07-10T12:29:20.413772+00:00 [running]> on host 7ad2b0e001d7
[2025-07-10T12:29:40.674+0000] {taskinstance.py:2480} INFO - Exporting env vars: AIRFLOW_CTX_DAG_EMAIL='lrbf@cin.ufpe.br' AIRFLOW_CTX_DAG_OWNER='***' AIRFLOW_CTX_DAG_ID='northwind' AIRFLOW_CTX_TASK_ID='extração_csv' AIRFLOW_CTX_EXECUTION_DATE='2025-07-10T12:29:20.413772+00:00' AIRFLOW_CTX_TRY_NUMBER='1' AIRFLOW_CTX_DAG_RUN_ID='manual__2025-07-10T12:29:20.413772+00:00'
[2025-07-10T12:29:40.750+0000] {docker.py:359} INFO - Starting docker container from image meltano:latest
[2025-07-10T12:29:41.208+0000] {docker.py:429} INFO - Running meltano install...
[2025-07-10T12:29:42.978+0000] {docker.py:429} INFO - [2m2025-07-10T12:29:42.977815Z[0m [[32m[1minfo     [0m] [1mInstalling 7 plugins          [0m
[2025-07-10T12:29:42.996+0000] {docker.py:429} INFO - [2m2025-07-10T12:29:42.995430Z[0m [[32m[1minfo     [0m] [1mInstalling extractor 'tap-postgres'[0m
[2025-07-10T12:29:43.023+0000] {docker.py:429} INFO - [2m2025-07-10T12:29:43.022054Z[0m [[32m[1minfo     [0m] [1mInstalling extractor 'tap-csv'[0m
[2025-07-10T12:29:43.051+0000] {docker.py:429} INFO - [2m2025-07-10T12:29:43.050443Z[0m [[32m[1minfo     [0m] [1mInstalling extractor 'tap-csv-latest'[0m
[2025-07-10T12:29:43.081+0000] {docker.py:429} INFO - [2m2025-07-10T12:29:43.080409Z[0m [[32m[1minfo     [0m] [1mInstalling loader 'target-postgres'[0m
[2025-07-10T12:29:43.104+0000] {docker.py:429} INFO - [2m2025-07-10T12:29:43.103165Z[0m [[32m[1minfo     [0m] [1mInstalling loader 'target-csv'[0m
[2025-07-10T12:29:43.138+0000] {docker.py:429} INFO - [2m2025-07-10T12:29:43.138002Z[0m [[32m[1minfo     [0m] [1mInstalling loader 'target-csv-postgres'[0m
[2025-07-10T12:29:43.181+0000] {docker.py:429} INFO - [2m2025-07-10T12:29:43.180128Z[0m [[32m[1minfo     [0m] [1mInstalling loader 'target-csv-csv'[0m
[2025-07-10T12:29:44.346+0000] {docker.py:429} INFO - [2m2025-07-10T12:29:44.345551Z[0m [[32m[1minfo     [0m] [1mInstalled extractor 'tap-postgres'[0m
[2025-07-10T12:29:44.475+0000] {docker.py:429} INFO - [2m2025-07-10T12:29:44.474552Z[0m [[32m[1minfo     [0m] [1mInstalled loader 'target-postgres'[0m
[2025-07-10T12:29:48.437+0000] {docker.py:429} INFO - [2m2025-07-10T12:29:48.436548Z[0m [[32m[1minfo     [0m] [1mInstalled extractor 'tap-csv' [0m
[2025-07-10T12:29:48.541+0000] {docker.py:429} INFO - [2m2025-07-10T12:29:48.540538Z[0m [[32m[1minfo     [0m] [1mInstalled extractor 'tap-csv-latest'[0m
[2025-07-10T12:29:49.246+0000] {docker.py:429} INFO - [2m2025-07-10T12:29:49.245663Z[0m [[32m[1minfo     [0m] [1mInstalled loader 'target-csv' [0m
[2025-07-10T12:29:49.438+0000] {docker.py:429} INFO - [2m2025-07-10T12:29:49.437273Z[0m [[32m[1minfo     [0m] [1mInstalled loader 'target-csv-csv'[0m
[2025-07-10T12:29:49.573+0000] {docker.py:429} INFO - [2m2025-07-10T12:29:49.572356Z[0m [[32m[1minfo     [0m] [1mInstalled loader 'target-csv-postgres'[0m
[2025-07-10T12:29:49.574+0000] {docker.py:429} INFO - [2m2025-07-10T12:29:49.572965Z[0m [[32m[1minfo     [0m] [1mInstalled 7/7 plugins         [0m
[2025-07-10T12:29:50.875+0000] {docker.py:429} INFO - Meltano install completed. Executing command: meltano el tap-csv target-csv-csv
[2025-07-10T12:29:52.394+0000] {docker.py:429} INFO - [2m2025-07-10T12:29:52.393900Z[0m [[32m[1minfo     [0m] [1mEnvironment 'dev' is active   [0m
[2025-07-10T12:29:53.102+0000] {docker.py:429} INFO - [2m2025-07-10T12:29:53.101036Z[0m [[32m[1minfo     [0m] [1mRunning extract & load...     [0m [36mname[0m=[35mmeltano[0m [36mrun_id[0m=[35m74ae1f39-976f-42de-bf28-f8a6a9f9d725[0m [36mstate_id[0m=[35m2025-07-10T122952--tap-csv--target-csv-csv[0m
[2025-07-10T12:29:54.950+0000] {docker.py:429} INFO - [2m2025-07-10T12:29:54.949859Z[0m [[32m[1minfo     [0m] [1mINFO Sending version information to singer.io. To disable sending anonymous usage data, set the config parameter "disable_collection" to true[0m [36mcmd_type[0m=[35mloader[0m [36mname[0m=[35mtarget-csv-csv[0m [36mrun_id[0m=[35m74ae1f39-976f-42de-bf28-f8a6a9f9d725[0m [36mstate_id[0m=[35m2025-07-10T122952--tap-csv--target-csv-csv[0m [36mstdio[0m=[35mstderr[0m
[2025-07-10T12:29:55.274+0000] {docker.py:429} INFO - [2m2025-07-10T12:29:55.273254Z[0m [[32m[1minfo     [0m] [1m/opt/meltano/.meltano/extractors/tap-csv/venv/lib/python3.9/site-packages/singer_sdk/tap_base.py:516: SingerSDKDeprecationWarning: Passing a catalog file path is deprecated. Please pass the catalog as a dictionary or Catalog object instead.[0m [36mcmd_type[0m=[35mextractor[0m [36mname[0m=[35mtap-csv[0m [36mrun_id[0m=[35m74ae1f39-976f-42de-bf28-f8a6a9f9d725[0m [36mstate_id[0m=[35m2025-07-10T122952--tap-csv--target-csv-csv[0m [36mstdio[0m=[35mstderr[0m
[2025-07-10T12:29:55.275+0000] {docker.py:429} INFO - [2m2025-07-10T12:29:55.273956Z[0m [[32m[1minfo     [0m] [1m  tap = cls(                  [0m [36mcmd_type[0m=[35mextractor[0m [36mname[0m=[35mtap-csv[0m [36mrun_id[0m=[35m74ae1f39-976f-42de-bf28-f8a6a9f9d725[0m [36mstate_id[0m=[35m2025-07-10T122952--tap-csv--target-csv-csv[0m [36mstdio[0m=[35mstderr[0m
[2025-07-10T12:29:55.276+0000] {docker.py:429} INFO - [2m2025-07-10T12:29:55.274581Z[0m [[32m[1minfo     [0m] [1m                              [0m [36mcmd_type[0m=[35mextractor[0m [36mname[0m=[35mtap-csv[0m [36mrun_id[0m=[35m74ae1f39-976f-42de-bf28-f8a6a9f9d725[0m [36mstate_id[0m=[35m2025-07-10T122952--tap-csv--target-csv-csv[0m [36mstdio[0m=[35mstderr[0m
[2025-07-10T12:29:55.276+0000] {docker.py:429} INFO - [2m2025-07-10T12:29:55.275309Z[0m [[32m[1minfo     [0m] [1mBeginning full_table sync of 'order_details'...[0m [36mcmd_type[0m=[35mextractor[0m [36mname[0m=[35mtap-csv[0m [36mrun_id[0m=[35m74ae1f39-976f-42de-bf28-f8a6a9f9d725[0m [36mstate_id[0m=[35m2025-07-10T122952--tap-csv--target-csv-csv[0m [36mstdio[0m=[35mstderr[0m
[2025-07-10T12:29:55.277+0000] {docker.py:429} INFO - [2m2025-07-10T12:29:55.276115Z[0m [[32m[1minfo     [0m] [1mTap has custom mapper. Using 1 provided map(s).[0m [36mcmd_type[0m=[35mextractor[0m [36mname[0m=[35mtap-csv[0m [36mrun_id[0m=[35m74ae1f39-976f-42de-bf28-f8a6a9f9d725[0m [36mstate_id[0m=[35m2025-07-10T122952--tap-csv--target-csv-csv[0m [36mstdio[0m=[35mstderr[0m
[2025-07-10T12:29:55.467+0000] {docker.py:429} INFO - [2m2025-07-10T12:29:55.466754Z[0m [[32m[1minfo     [0m] [1mMETRIC: {"type": "timer", "metric": "sync_duration", "value": 0.18990111351013184, "tags": {"stream": "order_details", "pid": 176, "context": {}, "status": "succeeded"}}[0m [36mcmd_type[0m=[35mextractor[0m [36mname[0m=[35mtap-csv[0m [36mrun_id[0m=[35m74ae1f39-976f-42de-bf28-f8a6a9f9d725[0m [36mstate_id[0m=[35m2025-07-10T122952--tap-csv--target-csv-csv[0m [36mstdio[0m=[35mstderr[0m
[2025-07-10T12:29:55.468+0000] {docker.py:429} INFO - [2m2025-07-10T12:29:55.467232Z[0m [[32m[1minfo     [0m] [1mMETRIC: {"type": "counter", "metric": "record_count", "value": 2155, "tags": {"stream": "order_details", "pid": 176, "context": {}}}[0m [36mcmd_type[0m=[35mextractor[0m [36mname[0m=[35mtap-csv[0m [36mrun_id[0m=[35m74ae1f39-976f-42de-bf28-f8a6a9f9d725[0m [36mstate_id[0m=[35m2025-07-10T122952--tap-csv--target-csv-csv[0m [36mstdio[0m=[35mstderr[0m
[2025-07-10T12:29:55.604+0000] {docker.py:429} INFO - [2m2025-07-10T12:29:55.603897Z[0m [[32m[1minfo     [0m] [1mUsing systemdb state backend  [0m
[2025-07-10T12:29:55.615+0000] {docker.py:429} INFO - [2m2025-07-10T12:29:55.614271Z[0m [[32m[1minfo     [0m] [1mIncremental state has been updated at 2025-07-10 12:29:55.614232+00:00.[0m
[2025-07-10T12:29:55.616+0000] {docker.py:429} INFO - [2m2025-07-10T12:29:55.615941Z[0m [[32m[1minfo     [0m] [1mExtract & load complete!      [0m [36mname[0m=[35mmeltano[0m [36mrun_id[0m=[35m74ae1f39-976f-42de-bf28-f8a6a9f9d725[0m [36mstate_id[0m=[35m2025-07-10T122952--tap-csv--target-csv-csv[0m
[2025-07-10T12:29:55.617+0000] {docker.py:429} INFO - [2m2025-07-10T12:29:55.616315Z[0m [[32m[1minfo     [0m] [1mTransformation skipped.       [0m [36mname[0m=[35mmeltano[0m [36mrun_id[0m=[35m74ae1f39-976f-42de-bf28-f8a6a9f9d725[0m [36mstate_id[0m=[35m2025-07-10T122952--tap-csv--target-csv-csv[0m
[2025-07-10T12:29:57.235+0000] {taskinstance.py:1138} INFO - Marking task as SUCCESS. dag_id=northwind, task_id=extração_csv, execution_date=20250710T122920, start_date=20250710T122940, end_date=20250710T122957
[2025-07-10T12:29:57.259+0000] {local_task_job_runner.py:234} INFO - Task exited with return code 0
[2025-07-10T12:29:57.287+0000] {taskinstance.py:3280} INFO - 1 downstream tasks scheduled from follow-on schedule check
