[2025-07-01T13:45:50.301+0000] {taskinstance.py:1956} INFO - Dependencies all met for dep_context=non-requeueable deps ti=<TaskInstance: northwind.extração_csv manual__2025-07-01T13:45:28.592454+00:00 [queued]>
[2025-07-01T13:45:50.312+0000] {taskinstance.py:1956} INFO - Dependencies all met for dep_context=requeueable deps ti=<TaskInstance: northwind.extração_csv manual__2025-07-01T13:45:28.592454+00:00 [queued]>
[2025-07-01T13:45:50.312+0000] {taskinstance.py:2170} INFO - Starting attempt 1 of 2
[2025-07-01T13:45:50.325+0000] {taskinstance.py:2191} INFO - Executing <Task(DockerOperator): extração_csv> on 2025-07-01 13:45:28.592454+00:00
[2025-07-01T13:45:50.330+0000] {standard_task_runner.py:60} INFO - Started process 179 to run task
[2025-07-01T13:45:50.334+0000] {standard_task_runner.py:87} INFO - Running: ['***', 'tasks', 'run', 'northwind', 'extração_csv', 'manual__2025-07-01T13:45:28.592454+00:00', '--job-id', '57', '--raw', '--subdir', 'DAGS_FOLDER/dag.py', '--cfg-path', '/tmp/tmpbbzj158y']
[2025-07-01T13:45:50.337+0000] {standard_task_runner.py:88} INFO - Job 57: Subtask extração_csv
[2025-07-01T13:45:50.385+0000] {task_command.py:423} INFO - Running <TaskInstance: northwind.extração_csv manual__2025-07-01T13:45:28.592454+00:00 [running]> on host ce92131f8d82
[2025-07-01T13:45:50.480+0000] {taskinstance.py:2480} INFO - Exporting env vars: AIRFLOW_CTX_DAG_EMAIL='lrbf@cin.ufpe.br' AIRFLOW_CTX_DAG_OWNER='***' AIRFLOW_CTX_DAG_ID='northwind' AIRFLOW_CTX_TASK_ID='extração_csv' AIRFLOW_CTX_EXECUTION_DATE='2025-07-01T13:45:28.592454+00:00' AIRFLOW_CTX_TRY_NUMBER='1' AIRFLOW_CTX_DAG_RUN_ID='manual__2025-07-01T13:45:28.592454+00:00'
[2025-07-01T13:45:50.563+0000] {docker.py:359} INFO - Starting docker container from image meltano:latest
[2025-07-01T13:45:50.890+0000] {docker.py:429} INFO - Running meltano install...
[2025-07-01T13:45:52.241+0000] {docker.py:429} INFO - [2m2025-07-01T13:45:52.241020Z[0m [[32m[1minfo     [0m] [1mInstalling 7 plugins          [0m
[2025-07-01T13:45:52.256+0000] {docker.py:429} INFO - [2m2025-07-01T13:45:52.255485Z[0m [[32m[1minfo     [0m] [1mInstalling extractor 'tap-postgres'[0m
[2025-07-01T13:45:52.275+0000] {docker.py:429} INFO - [2m2025-07-01T13:45:52.274786Z[0m [[32m[1minfo     [0m] [1mInstalling extractor 'tap-csv'[0m
[2025-07-01T13:45:52.304+0000] {docker.py:429} INFO - [2m2025-07-01T13:45:52.303235Z[0m [[32m[1minfo     [0m] [1mInstalling extractor 'tap-csv-latest'[0m
[2025-07-01T13:45:52.333+0000] {docker.py:429} INFO - [2m2025-07-01T13:45:52.332839Z[0m [[32m[1minfo     [0m] [1mInstalling loader 'target-postgres'[0m
[2025-07-01T13:45:52.378+0000] {docker.py:429} INFO - [2m2025-07-01T13:45:52.377524Z[0m [[32m[1minfo     [0m] [1mInstalling loader 'target-csv'[0m
[2025-07-01T13:45:52.425+0000] {docker.py:429} INFO - [2m2025-07-01T13:45:52.423163Z[0m [[32m[1minfo     [0m] [1mInstalling loader 'target-csv-postgres'[0m
[2025-07-01T13:45:52.474+0000] {docker.py:429} INFO - [2m2025-07-01T13:45:52.473236Z[0m [[32m[1minfo     [0m] [1mInstalling loader 'target-csv-csv'[0m
[2025-07-01T13:45:53.820+0000] {docker.py:429} INFO - [2m2025-07-01T13:45:53.818343Z[0m [[32m[1minfo     [0m] [1mInstalled extractor 'tap-postgres'[0m
[2025-07-01T13:45:53.852+0000] {docker.py:429} INFO - [2m2025-07-01T13:45:53.851805Z[0m [[32m[1minfo     [0m] [1mInstalled loader 'target-postgres'[0m
[2025-07-01T13:45:59.233+0000] {docker.py:429} INFO - [2m2025-07-01T13:45:59.232155Z[0m [[32m[1minfo     [0m] [1mInstalled extractor 'tap-csv' [0m
[2025-07-01T13:45:59.284+0000] {docker.py:429} INFO - [2m2025-07-01T13:45:59.284170Z[0m [[32m[1minfo     [0m] [1mInstalled extractor 'tap-csv-latest'[0m
[2025-07-01T13:45:59.417+0000] {docker.py:429} INFO - [2m2025-07-01T13:45:59.416373Z[0m [[32m[1minfo     [0m] [1mInstalled loader 'target-csv' [0m
[2025-07-01T13:45:59.539+0000] {docker.py:429} INFO - [2m2025-07-01T13:45:59.539090Z[0m [[32m[1minfo     [0m] [1mInstalled loader 'target-csv-postgres'[0m
[2025-07-01T13:46:00.306+0000] {docker.py:429} INFO - [2m2025-07-01T13:46:00.305714Z[0m [[32m[1minfo     [0m] [1mInstalled loader 'target-csv-csv'[0m
[2025-07-01T13:46:00.307+0000] {docker.py:429} INFO - [2m2025-07-01T13:46:00.306329Z[0m [[32m[1minfo     [0m] [1mInstalled 7/7 plugins         [0m
[2025-07-01T13:46:01.249+0000] {docker.py:429} INFO - Meltano install completed. Executing command: meltano el tap-csv target-csv-csv
[2025-07-01T13:46:02.757+0000] {docker.py:429} INFO - [2m2025-07-01T13:46:02.753862Z[0m [[32m[1minfo     [0m] [1mEnvironment 'dev' is active   [0m
[2025-07-01T13:46:03.518+0000] {docker.py:429} INFO - [2m2025-07-01T13:46:03.517563Z[0m [[32m[1minfo     [0m] [1mRunning extract & load...     [0m [36mname[0m=[35mmeltano[0m [36mrun_id[0m=[35m84e82019-2ad6-4855-8a12-574133ad3be9[0m [36mstate_id[0m=[35m2025-07-01T134603--tap-csv--target-csv-csv[0m
[2025-07-01T13:46:04.928+0000] {docker.py:429} INFO - [2m2025-07-01T13:46:04.927011Z[0m [[32m[1minfo     [0m] [1mINFO Sending version information to singer.io. To disable sending anonymous usage data, set the config parameter "disable_collection" to true[0m [36mcmd_type[0m=[35mloader[0m [36mname[0m=[35mtarget-csv-csv[0m [36mrun_id[0m=[35m84e82019-2ad6-4855-8a12-574133ad3be9[0m [36mstate_id[0m=[35m2025-07-01T134603--tap-csv--target-csv-csv[0m [36mstdio[0m=[35mstderr[0m
[2025-07-01T13:46:05.223+0000] {docker.py:429} INFO - [2m2025-07-01T13:46:05.222822Z[0m [[32m[1minfo     [0m] [1m/opt/meltano/.meltano/extractors/tap-csv/venv/lib/python3.9/site-packages/singer_sdk/tap_base.py:516: SingerSDKDeprecationWarning: Passing a catalog file path is deprecated. Please pass the catalog as a dictionary or Catalog object instead.[0m [36mcmd_type[0m=[35mextractor[0m [36mname[0m=[35mtap-csv[0m [36mrun_id[0m=[35m84e82019-2ad6-4855-8a12-574133ad3be9[0m [36mstate_id[0m=[35m2025-07-01T134603--tap-csv--target-csv-csv[0m [36mstdio[0m=[35mstderr[0m
[2m2025-07-01T13:46:05.223217Z[0m [[32m[1minfo     [0m] [1m  tap = cls(                  [0m [36mcmd_type[0m=[35mextractor[0m [36mname[0m=[35mtap-csv[0m [36mrun_id[0m=[35m84e82019-2ad6-4855-8a12-574133ad3be9[0m [36mstate_id[0m=[35m2025-07-01T134603--tap-csv--target-csv-csv[0m [36mstdio[0m=[35mstderr[0m
[2025-07-01T13:46:05.224+0000] {docker.py:429} INFO - [2m2025-07-01T13:46:05.223474Z[0m [[32m[1minfo     [0m] [1m                              [0m [36mcmd_type[0m=[35mextractor[0m [36mname[0m=[35mtap-csv[0m [36mrun_id[0m=[35m84e82019-2ad6-4855-8a12-574133ad3be9[0m [36mstate_id[0m=[35m2025-07-01T134603--tap-csv--target-csv-csv[0m [36mstdio[0m=[35mstderr[0m
[2025-07-01T13:46:05.224+0000] {docker.py:429} INFO - [2m2025-07-01T13:46:05.223837Z[0m [[32m[1minfo     [0m] [1mBeginning full_table sync of 'order_details'...[0m [36mcmd_type[0m=[35mextractor[0m [36mname[0m=[35mtap-csv[0m [36mrun_id[0m=[35m84e82019-2ad6-4855-8a12-574133ad3be9[0m [36mstate_id[0m=[35m2025-07-01T134603--tap-csv--target-csv-csv[0m [36mstdio[0m=[35mstderr[0m
[2025-07-01T13:46:05.224+0000] {docker.py:429} INFO - [2m2025-07-01T13:46:05.224056Z[0m [[32m[1minfo     [0m] [1mTap has custom mapper. Using 1 provided map(s).[0m [36mcmd_type[0m=[35mextractor[0m [36mname[0m=[35mtap-csv[0m [36mrun_id[0m=[35m84e82019-2ad6-4855-8a12-574133ad3be9[0m [36mstate_id[0m=[35m2025-07-01T134603--tap-csv--target-csv-csv[0m [36mstdio[0m=[35mstderr[0m
[2025-07-01T13:46:05.464+0000] {docker.py:429} INFO - [2m2025-07-01T13:46:05.464034Z[0m [[32m[1minfo     [0m] [1mMETRIC: {"type": "timer", "metric": "sync_duration", "value": 0.24020791053771973, "tags": {"stream": "order_details", "pid": 176, "context": {}, "status": "succeeded"}}[0m [36mcmd_type[0m=[35mextractor[0m [36mname[0m=[35mtap-csv[0m [36mrun_id[0m=[35m84e82019-2ad6-4855-8a12-574133ad3be9[0m [36mstate_id[0m=[35m2025-07-01T134603--tap-csv--target-csv-csv[0m [36mstdio[0m=[35mstderr[0m
[2025-07-01T13:46:05.465+0000] {docker.py:429} INFO - [2m2025-07-01T13:46:05.464814Z[0m [[32m[1minfo     [0m] [1mMETRIC: {"type": "counter", "metric": "record_count", "value": 2155, "tags": {"stream": "order_details", "pid": 176, "context": {}}}[0m [36mcmd_type[0m=[35mextractor[0m [36mname[0m=[35mtap-csv[0m [36mrun_id[0m=[35m84e82019-2ad6-4855-8a12-574133ad3be9[0m [36mstate_id[0m=[35m2025-07-01T134603--tap-csv--target-csv-csv[0m [36mstdio[0m=[35mstderr[0m
[2025-07-01T13:46:05.621+0000] {docker.py:429} INFO - [2m2025-07-01T13:46:05.620309Z[0m [[32m[1minfo     [0m] [1mUsing systemdb state backend  [0m
[2025-07-01T13:46:05.693+0000] {docker.py:429} INFO - [2m2025-07-01T13:46:05.692617Z[0m [[32m[1minfo     [0m] [1mIncremental state has been updated at 2025-07-01 13:46:05.692577+00:00.[0m
[2025-07-01T13:46:05.694+0000] {docker.py:429} INFO - [2m2025-07-01T13:46:05.693670Z[0m [[32m[1minfo     [0m] [1mExtract & load complete!      [0m [36mname[0m=[35mmeltano[0m [36mrun_id[0m=[35m84e82019-2ad6-4855-8a12-574133ad3be9[0m [36mstate_id[0m=[35m2025-07-01T134603--tap-csv--target-csv-csv[0m
[2m2025-07-01T13:46:05.693916Z[0m [[32m[1minfo     [0m] [1mTransformation skipped.       [0m [36mname[0m=[35mmeltano[0m [36mrun_id[0m=[35m84e82019-2ad6-4855-8a12-574133ad3be9[0m [36mstate_id[0m=[35m2025-07-01T134603--tap-csv--target-csv-csv[0m
[2025-07-01T13:46:06.860+0000] {taskinstance.py:1138} INFO - Marking task as SUCCESS. dag_id=northwind, task_id=extração_csv, execution_date=20250701T134528, start_date=20250701T134550, end_date=20250701T134606
[2025-07-01T13:46:06.887+0000] {local_task_job_runner.py:234} INFO - Task exited with return code 0
[2025-07-01T13:46:06.909+0000] {taskinstance.py:3280} INFO - 1 downstream tasks scheduled from follow-on schedule check
