[2025-06-27T18:49:07.042+0000] {processor.py:161} INFO - Started process (PID=194) to work on /opt/airflow/dags/northwind.py
[2025-06-27T18:49:07.044+0000] {processor.py:830} INFO - Processing file /opt/airflow/dags/northwind.py for tasks to queue
[2025-06-27T18:49:07.055+0000] {logging_mixin.py:188} INFO - [2025-06-27T18:49:07.050+0000] {dagbag.py:538} INFO - Filling up the DagBag from /opt/airflow/dags/northwind.py
[2025-06-27T18:49:08.654+0000] {logging_mixin.py:188} INFO - [2025-06-27T18:49:08.649+0000] {templater.py:103} ERROR - Failed to get source /opt/meltano/scripts/load_meltano.sh
Traceback (most recent call last):
  File "/home/airflow/.local/lib/python3.10/site-packages/airflow/template/templater.py", line 101, in resolve_template_files
    content[i] = env.loader.get_source(env, item)[0]  # type: ignore
  File "/home/airflow/.local/lib/python3.10/site-packages/jinja2/loaders.py", line 204, in get_source
    raise TemplateNotFound(template)
jinja2.exceptions.TemplateNotFound: /opt/meltano/scripts/load_meltano.sh
[2025-06-27T18:49:08.698+0000] {processor.py:840} INFO - DAG(s) 'northwind' retrieved from /opt/airflow/dags/northwind.py
[2025-06-27T18:49:10.900+0000] {logging_mixin.py:188} INFO - [2025-06-27T18:49:10.899+0000] {dag.py:3036} INFO - Sync 1 DAGs
[2025-06-27T18:49:11.005+0000] {logging_mixin.py:188} INFO - [2025-06-27T18:49:11.004+0000] {dag.py:3823} INFO - Setting next_dagrun for northwind to None, run_after=None
[2025-06-27T18:49:11.204+0000] {processor.py:183} INFO - Processing /opt/airflow/dags/northwind.py took 4.247 seconds
[2025-06-27T18:49:42.008+0000] {processor.py:161} INFO - Started process (PID=199) to work on /opt/airflow/dags/northwind.py
[2025-06-27T18:49:42.014+0000] {processor.py:830} INFO - Processing file /opt/airflow/dags/northwind.py for tasks to queue
[2025-06-27T18:49:42.030+0000] {logging_mixin.py:188} INFO - [2025-06-27T18:49:42.023+0000] {dagbag.py:538} INFO - Filling up the DagBag from /opt/airflow/dags/northwind.py
[2025-06-27T18:49:48.335+0000] {logging_mixin.py:188} INFO - [2025-06-27T18:49:48.330+0000] {templater.py:103} ERROR - Failed to get source /opt/meltano/scripts/load_meltano.sh
Traceback (most recent call last):
  File "/home/airflow/.local/lib/python3.10/site-packages/airflow/template/templater.py", line 101, in resolve_template_files
    content[i] = env.loader.get_source(env, item)[0]  # type: ignore
  File "/home/airflow/.local/lib/python3.10/site-packages/jinja2/loaders.py", line 204, in get_source
    raise TemplateNotFound(template)
jinja2.exceptions.TemplateNotFound: /opt/meltano/scripts/load_meltano.sh
[2025-06-27T18:49:48.361+0000] {processor.py:840} INFO - DAG(s) 'northwind' retrieved from /opt/airflow/dags/northwind.py
[2025-06-27T18:49:43.246+0000] {logging_mixin.py:188} INFO - [2025-06-27T18:49:43.245+0000] {dag.py:3036} INFO - Sync 1 DAGs
[2025-06-27T18:49:43.385+0000] {logging_mixin.py:188} INFO - [2025-06-27T18:49:43.384+0000] {dag.py:3823} INFO - Setting next_dagrun for northwind to None, run_after=None
[2025-06-27T18:49:43.454+0000] {processor.py:183} INFO - Processing /opt/airflow/dags/northwind.py took 1.504 seconds
[2025-06-27T18:50:13.284+0000] {processor.py:161} INFO - Started process (PID=204) to work on /opt/airflow/dags/northwind.py
[2025-06-27T18:50:13.337+0000] {processor.py:830} INFO - Processing file /opt/airflow/dags/northwind.py for tasks to queue
[2025-06-27T18:50:13.355+0000] {logging_mixin.py:188} INFO - [2025-06-27T18:50:13.351+0000] {dagbag.py:538} INFO - Filling up the DagBag from /opt/airflow/dags/northwind.py
[2025-06-27T18:50:13.838+0000] {logging_mixin.py:188} INFO - [2025-06-27T18:50:13.836+0000] {templater.py:103} ERROR - Failed to get source /opt/meltano/scripts/load_meltano.sh
Traceback (most recent call last):
  File "/home/airflow/.local/lib/python3.10/site-packages/airflow/template/templater.py", line 101, in resolve_template_files
    content[i] = env.loader.get_source(env, item)[0]  # type: ignore
  File "/home/airflow/.local/lib/python3.10/site-packages/jinja2/loaders.py", line 204, in get_source
    raise TemplateNotFound(template)
jinja2.exceptions.TemplateNotFound: /opt/meltano/scripts/load_meltano.sh
[2025-06-27T18:50:13.851+0000] {processor.py:840} INFO - DAG(s) 'northwind' retrieved from /opt/airflow/dags/northwind.py
[2025-06-27T18:50:13.958+0000] {logging_mixin.py:188} INFO - [2025-06-27T18:50:13.957+0000] {dag.py:3036} INFO - Sync 1 DAGs
[2025-06-27T18:50:14.024+0000] {logging_mixin.py:188} INFO - [2025-06-27T18:50:14.023+0000] {dag.py:3823} INFO - Setting next_dagrun for northwind to None, run_after=None
[2025-06-27T18:50:14.065+0000] {processor.py:183} INFO - Processing /opt/airflow/dags/northwind.py took 0.882 seconds
[2025-06-27T18:50:44.304+0000] {processor.py:161} INFO - Started process (PID=209) to work on /opt/airflow/dags/northwind.py
[2025-06-27T18:50:44.307+0000] {processor.py:830} INFO - Processing file /opt/airflow/dags/northwind.py for tasks to queue
[2025-06-27T18:50:44.308+0000] {logging_mixin.py:188} INFO - [2025-06-27T18:50:44.308+0000] {dagbag.py:538} INFO - Filling up the DagBag from /opt/airflow/dags/northwind.py
[2025-06-27T18:50:44.713+0000] {logging_mixin.py:188} INFO - [2025-06-27T18:50:44.712+0000] {templater.py:103} ERROR - Failed to get source /opt/meltano/scripts/load_meltano.sh
Traceback (most recent call last):
  File "/home/airflow/.local/lib/python3.10/site-packages/airflow/template/templater.py", line 101, in resolve_template_files
    content[i] = env.loader.get_source(env, item)[0]  # type: ignore
  File "/home/airflow/.local/lib/python3.10/site-packages/jinja2/loaders.py", line 204, in get_source
    raise TemplateNotFound(template)
jinja2.exceptions.TemplateNotFound: /opt/meltano/scripts/load_meltano.sh
[2025-06-27T18:50:44.721+0000] {processor.py:840} INFO - DAG(s) 'northwind' retrieved from /opt/airflow/dags/northwind.py
[2025-06-27T18:50:44.812+0000] {logging_mixin.py:188} INFO - [2025-06-27T18:50:44.812+0000] {dag.py:3036} INFO - Sync 1 DAGs
[2025-06-27T18:50:44.836+0000] {logging_mixin.py:188} INFO - [2025-06-27T18:50:44.835+0000] {dag.py:3823} INFO - Setting next_dagrun for northwind to None, run_after=None
[2025-06-27T18:50:44.875+0000] {processor.py:183} INFO - Processing /opt/airflow/dags/northwind.py took 0.576 seconds
[2025-06-27T18:51:18.615+0000] {processor.py:161} INFO - Started process (PID=214) to work on /opt/airflow/dags/northwind.py
[2025-06-27T18:51:18.620+0000] {processor.py:830} INFO - Processing file /opt/airflow/dags/northwind.py for tasks to queue
[2025-06-27T18:51:18.625+0000] {logging_mixin.py:188} INFO - [2025-06-27T18:51:18.623+0000] {dagbag.py:538} INFO - Filling up the DagBag from /opt/airflow/dags/northwind.py
[2025-06-27T18:51:13.493+0000] {logging_mixin.py:188} INFO - [2025-06-27T18:51:13.491+0000] {templater.py:103} ERROR - Failed to get source /opt/meltano/scripts/load_meltano.sh
Traceback (most recent call last):
  File "/home/airflow/.local/lib/python3.10/site-packages/airflow/template/templater.py", line 101, in resolve_template_files
    content[i] = env.loader.get_source(env, item)[0]  # type: ignore
  File "/home/airflow/.local/lib/python3.10/site-packages/jinja2/loaders.py", line 204, in get_source
    raise TemplateNotFound(template)
jinja2.exceptions.TemplateNotFound: /opt/meltano/scripts/load_meltano.sh
[2025-06-27T18:51:13.501+0000] {processor.py:840} INFO - DAG(s) 'northwind' retrieved from /opt/airflow/dags/northwind.py
[2025-06-27T18:51:13.570+0000] {logging_mixin.py:188} INFO - [2025-06-27T18:51:13.570+0000] {dag.py:3036} INFO - Sync 1 DAGs
[2025-06-27T18:51:13.594+0000] {logging_mixin.py:188} INFO - [2025-06-27T18:51:13.594+0000] {dag.py:3823} INFO - Setting next_dagrun for northwind to None, run_after=None
[2025-06-27T18:51:13.642+0000] {processor.py:183} INFO - Processing /opt/airflow/dags/northwind.py took 0.463 seconds
[2025-06-27T18:51:44.038+0000] {processor.py:161} INFO - Started process (PID=221) to work on /opt/airflow/dags/northwind.py
[2025-06-27T18:51:44.041+0000] {processor.py:830} INFO - Processing file /opt/airflow/dags/northwind.py for tasks to queue
[2025-06-27T18:51:44.042+0000] {logging_mixin.py:188} INFO - [2025-06-27T18:51:44.041+0000] {dagbag.py:538} INFO - Filling up the DagBag from /opt/airflow/dags/northwind.py
[2025-06-27T18:51:44.165+0000] {logging_mixin.py:188} INFO - [2025-06-27T18:51:44.164+0000] {templater.py:103} ERROR - Failed to get source /opt/meltano/scripts/load_meltano.sh
Traceback (most recent call last):
  File "/home/airflow/.local/lib/python3.10/site-packages/airflow/template/templater.py", line 101, in resolve_template_files
    content[i] = env.loader.get_source(env, item)[0]  # type: ignore
  File "/home/airflow/.local/lib/python3.10/site-packages/jinja2/loaders.py", line 204, in get_source
    raise TemplateNotFound(template)
jinja2.exceptions.TemplateNotFound: /opt/meltano/scripts/load_meltano.sh
[2025-06-27T18:51:44.170+0000] {processor.py:840} INFO - DAG(s) 'northwind' retrieved from /opt/airflow/dags/northwind.py
[2025-06-27T18:51:44.278+0000] {logging_mixin.py:188} INFO - [2025-06-27T18:51:44.278+0000] {dag.py:3036} INFO - Sync 1 DAGs
[2025-06-27T18:51:44.308+0000] {logging_mixin.py:188} INFO - [2025-06-27T18:51:44.308+0000] {dag.py:3823} INFO - Setting next_dagrun for northwind to None, run_after=None
[2025-06-27T18:51:44.341+0000] {processor.py:183} INFO - Processing /opt/airflow/dags/northwind.py took 0.312 seconds
[2025-06-27T18:52:13.444+0000] {processor.py:161} INFO - Started process (PID=228) to work on /opt/airflow/dags/northwind.py
[2025-06-27T18:52:13.447+0000] {processor.py:830} INFO - Processing file /opt/airflow/dags/northwind.py for tasks to queue
[2025-06-27T18:52:13.449+0000] {logging_mixin.py:188} INFO - [2025-06-27T18:52:13.448+0000] {dagbag.py:538} INFO - Filling up the DagBag from /opt/airflow/dags/northwind.py
[2025-06-27T18:52:13.574+0000] {logging_mixin.py:188} INFO - [2025-06-27T18:52:13.572+0000] {templater.py:103} ERROR - Failed to get source /opt/meltano/scripts/load_meltano.sh
Traceback (most recent call last):
  File "/home/airflow/.local/lib/python3.10/site-packages/airflow/template/templater.py", line 101, in resolve_template_files
    content[i] = env.loader.get_source(env, item)[0]  # type: ignore
  File "/home/airflow/.local/lib/python3.10/site-packages/jinja2/loaders.py", line 204, in get_source
    raise TemplateNotFound(template)
jinja2.exceptions.TemplateNotFound: /opt/meltano/scripts/load_meltano.sh
[2025-06-27T18:52:13.583+0000] {processor.py:840} INFO - DAG(s) 'northwind' retrieved from /opt/airflow/dags/northwind.py
[2025-06-27T18:52:13.649+0000] {logging_mixin.py:188} INFO - [2025-06-27T18:52:13.648+0000] {dag.py:3036} INFO - Sync 1 DAGs
[2025-06-27T18:52:13.681+0000] {logging_mixin.py:188} INFO - [2025-06-27T18:52:13.681+0000] {dag.py:3823} INFO - Setting next_dagrun for northwind to None, run_after=None
[2025-06-27T18:52:13.727+0000] {processor.py:183} INFO - Processing /opt/airflow/dags/northwind.py took 0.289 seconds
[2025-06-27T18:52:44.052+0000] {processor.py:161} INFO - Started process (PID=239) to work on /opt/airflow/dags/northwind.py
[2025-06-27T18:52:44.055+0000] {processor.py:830} INFO - Processing file /opt/airflow/dags/northwind.py for tasks to queue
[2025-06-27T18:52:44.058+0000] {logging_mixin.py:188} INFO - [2025-06-27T18:52:44.057+0000] {dagbag.py:538} INFO - Filling up the DagBag from /opt/airflow/dags/northwind.py
[2025-06-27T18:52:44.155+0000] {logging_mixin.py:188} INFO - [2025-06-27T18:52:44.154+0000] {templater.py:103} ERROR - Failed to get source /opt/meltano/scripts/load_meltano.sh
Traceback (most recent call last):
  File "/home/airflow/.local/lib/python3.10/site-packages/airflow/template/templater.py", line 101, in resolve_template_files
    content[i] = env.loader.get_source(env, item)[0]  # type: ignore
  File "/home/airflow/.local/lib/python3.10/site-packages/jinja2/loaders.py", line 204, in get_source
    raise TemplateNotFound(template)
jinja2.exceptions.TemplateNotFound: /opt/meltano/scripts/load_meltano.sh
[2025-06-27T18:52:44.158+0000] {processor.py:840} INFO - DAG(s) 'northwind' retrieved from /opt/airflow/dags/northwind.py
[2025-06-27T18:52:44.188+0000] {logging_mixin.py:188} INFO - [2025-06-27T18:52:44.188+0000] {dag.py:3036} INFO - Sync 1 DAGs
[2025-06-27T18:52:44.202+0000] {logging_mixin.py:188} INFO - [2025-06-27T18:52:44.202+0000] {dag.py:3823} INFO - Setting next_dagrun for northwind to None, run_after=None
[2025-06-27T18:52:44.224+0000] {processor.py:183} INFO - Processing /opt/airflow/dags/northwind.py took 0.180 seconds
[2025-06-27T18:53:18.756+0000] {processor.py:161} INFO - Started process (PID=244) to work on /opt/airflow/dags/northwind.py
[2025-06-27T18:53:18.760+0000] {processor.py:830} INFO - Processing file /opt/airflow/dags/northwind.py for tasks to queue
[2025-06-27T18:53:18.763+0000] {logging_mixin.py:188} INFO - [2025-06-27T18:53:18.762+0000] {dagbag.py:538} INFO - Filling up the DagBag from /opt/airflow/dags/northwind.py
[2025-06-27T18:53:18.892+0000] {logging_mixin.py:188} INFO - [2025-06-27T18:53:18.892+0000] {templater.py:103} ERROR - Failed to get source /opt/meltano/scripts/load_meltano.sh
Traceback (most recent call last):
  File "/home/airflow/.local/lib/python3.10/site-packages/airflow/template/templater.py", line 101, in resolve_template_files
    content[i] = env.loader.get_source(env, item)[0]  # type: ignore
  File "/home/airflow/.local/lib/python3.10/site-packages/jinja2/loaders.py", line 204, in get_source
    raise TemplateNotFound(template)
jinja2.exceptions.TemplateNotFound: /opt/meltano/scripts/load_meltano.sh
[2025-06-27T18:53:18.896+0000] {processor.py:840} INFO - DAG(s) 'northwind' retrieved from /opt/airflow/dags/northwind.py
[2025-06-27T18:53:13.542+0000] {logging_mixin.py:188} INFO - [2025-06-27T18:53:13.542+0000] {dag.py:3036} INFO - Sync 1 DAGs
[2025-06-27T18:53:13.562+0000] {logging_mixin.py:188} INFO - [2025-06-27T18:53:13.562+0000] {dag.py:3823} INFO - Setting next_dagrun for northwind to None, run_after=None
[2025-06-27T18:53:13.587+0000] {processor.py:183} INFO - Processing /opt/airflow/dags/northwind.py took 0.229 seconds
[2025-06-27T18:53:43.828+0000] {processor.py:161} INFO - Started process (PID=249) to work on /opt/airflow/dags/northwind.py
[2025-06-27T18:53:43.830+0000] {processor.py:830} INFO - Processing file /opt/airflow/dags/northwind.py for tasks to queue
[2025-06-27T18:53:43.832+0000] {logging_mixin.py:188} INFO - [2025-06-27T18:53:43.831+0000] {dagbag.py:538} INFO - Filling up the DagBag from /opt/airflow/dags/northwind.py
[2025-06-27T18:53:43.921+0000] {logging_mixin.py:188} INFO - [2025-06-27T18:53:43.920+0000] {templater.py:103} ERROR - Failed to get source /opt/meltano/scripts/load_meltano.sh
Traceback (most recent call last):
  File "/home/airflow/.local/lib/python3.10/site-packages/airflow/template/templater.py", line 101, in resolve_template_files
    content[i] = env.loader.get_source(env, item)[0]  # type: ignore
  File "/home/airflow/.local/lib/python3.10/site-packages/jinja2/loaders.py", line 204, in get_source
    raise TemplateNotFound(template)
jinja2.exceptions.TemplateNotFound: /opt/meltano/scripts/load_meltano.sh
[2025-06-27T18:53:43.932+0000] {processor.py:840} INFO - DAG(s) 'northwind' retrieved from /opt/airflow/dags/northwind.py
[2025-06-27T18:53:44.002+0000] {logging_mixin.py:188} INFO - [2025-06-27T18:53:44.001+0000] {dag.py:3036} INFO - Sync 1 DAGs
[2025-06-27T18:53:44.031+0000] {logging_mixin.py:188} INFO - [2025-06-27T18:53:44.031+0000] {dag.py:3823} INFO - Setting next_dagrun for northwind to None, run_after=None
[2025-06-27T18:53:44.076+0000] {processor.py:183} INFO - Processing /opt/airflow/dags/northwind.py took 0.257 seconds
[2025-06-27T18:54:14.408+0000] {processor.py:161} INFO - Started process (PID=254) to work on /opt/airflow/dags/northwind.py
[2025-06-27T18:54:14.410+0000] {processor.py:830} INFO - Processing file /opt/airflow/dags/northwind.py for tasks to queue
[2025-06-27T18:54:14.411+0000] {logging_mixin.py:188} INFO - [2025-06-27T18:54:14.411+0000] {dagbag.py:538} INFO - Filling up the DagBag from /opt/airflow/dags/northwind.py
[2025-06-27T18:54:14.481+0000] {logging_mixin.py:188} INFO - [2025-06-27T18:54:14.480+0000] {templater.py:103} ERROR - Failed to get source /opt/meltano/scripts/load_meltano.sh
Traceback (most recent call last):
  File "/home/airflow/.local/lib/python3.10/site-packages/airflow/template/templater.py", line 101, in resolve_template_files
    content[i] = env.loader.get_source(env, item)[0]  # type: ignore
  File "/home/airflow/.local/lib/python3.10/site-packages/jinja2/loaders.py", line 204, in get_source
    raise TemplateNotFound(template)
jinja2.exceptions.TemplateNotFound: /opt/meltano/scripts/load_meltano.sh
[2025-06-27T18:54:14.485+0000] {processor.py:840} INFO - DAG(s) 'northwind' retrieved from /opt/airflow/dags/northwind.py
[2025-06-27T18:54:14.522+0000] {logging_mixin.py:188} INFO - [2025-06-27T18:54:14.522+0000] {dag.py:3036} INFO - Sync 1 DAGs
[2025-06-27T18:54:14.538+0000] {logging_mixin.py:188} INFO - [2025-06-27T18:54:14.537+0000] {dag.py:3823} INFO - Setting next_dagrun for northwind to None, run_after=None
[2025-06-27T18:54:14.571+0000] {processor.py:183} INFO - Processing /opt/airflow/dags/northwind.py took 0.169 seconds
[2025-06-27T18:54:45.489+0000] {processor.py:161} INFO - Started process (PID=259) to work on /opt/airflow/dags/northwind.py
[2025-06-27T18:54:45.491+0000] {processor.py:830} INFO - Processing file /opt/airflow/dags/northwind.py for tasks to queue
[2025-06-27T18:54:45.492+0000] {logging_mixin.py:188} INFO - [2025-06-27T18:54:45.491+0000] {dagbag.py:538} INFO - Filling up the DagBag from /opt/airflow/dags/northwind.py
[2025-06-27T18:54:45.604+0000] {logging_mixin.py:188} INFO - [2025-06-27T18:54:45.603+0000] {templater.py:103} ERROR - Failed to get source /opt/meltano/scripts/load_meltano.sh
Traceback (most recent call last):
  File "/home/airflow/.local/lib/python3.10/site-packages/airflow/template/templater.py", line 101, in resolve_template_files
    content[i] = env.loader.get_source(env, item)[0]  # type: ignore
  File "/home/airflow/.local/lib/python3.10/site-packages/jinja2/loaders.py", line 204, in get_source
    raise TemplateNotFound(template)
jinja2.exceptions.TemplateNotFound: /opt/meltano/scripts/load_meltano.sh
[2025-06-27T18:54:45.613+0000] {processor.py:840} INFO - DAG(s) 'northwind' retrieved from /opt/airflow/dags/northwind.py
[2025-06-27T18:54:45.664+0000] {logging_mixin.py:188} INFO - [2025-06-27T18:54:45.664+0000] {dag.py:3036} INFO - Sync 1 DAGs
[2025-06-27T18:54:45.734+0000] {logging_mixin.py:188} INFO - [2025-06-27T18:54:45.732+0000] {dag.py:3823} INFO - Setting next_dagrun for northwind to None, run_after=None
[2025-06-27T18:54:45.760+0000] {processor.py:183} INFO - Processing /opt/airflow/dags/northwind.py took 0.278 seconds
[2025-06-27T18:55:13.764+0000] {processor.py:161} INFO - Started process (PID=264) to work on /opt/airflow/dags/northwind.py
[2025-06-27T18:55:13.768+0000] {processor.py:830} INFO - Processing file /opt/airflow/dags/northwind.py for tasks to queue
[2025-06-27T18:55:13.770+0000] {logging_mixin.py:188} INFO - [2025-06-27T18:55:13.769+0000] {dagbag.py:538} INFO - Filling up the DagBag from /opt/airflow/dags/northwind.py
[2025-06-27T18:55:13.879+0000] {logging_mixin.py:188} INFO - [2025-06-27T18:55:13.878+0000] {templater.py:103} ERROR - Failed to get source /opt/meltano/scripts/load_meltano.sh
Traceback (most recent call last):
  File "/home/airflow/.local/lib/python3.10/site-packages/airflow/template/templater.py", line 101, in resolve_template_files
    content[i] = env.loader.get_source(env, item)[0]  # type: ignore
  File "/home/airflow/.local/lib/python3.10/site-packages/jinja2/loaders.py", line 204, in get_source
    raise TemplateNotFound(template)
jinja2.exceptions.TemplateNotFound: /opt/meltano/scripts/load_meltano.sh
[2025-06-27T18:55:13.885+0000] {processor.py:840} INFO - DAG(s) 'northwind' retrieved from /opt/airflow/dags/northwind.py
[2025-06-27T18:55:13.921+0000] {logging_mixin.py:188} INFO - [2025-06-27T18:55:13.921+0000] {dag.py:3036} INFO - Sync 1 DAGs
[2025-06-27T18:55:13.937+0000] {logging_mixin.py:188} INFO - [2025-06-27T18:55:13.937+0000] {dag.py:3823} INFO - Setting next_dagrun for northwind to None, run_after=None
[2025-06-27T18:55:13.977+0000] {processor.py:183} INFO - Processing /opt/airflow/dags/northwind.py took 0.226 seconds
[2025-06-27T18:55:44.412+0000] {processor.py:161} INFO - Started process (PID=269) to work on /opt/airflow/dags/northwind.py
[2025-06-27T18:55:44.415+0000] {processor.py:830} INFO - Processing file /opt/airflow/dags/northwind.py for tasks to queue
[2025-06-27T18:55:44.417+0000] {logging_mixin.py:188} INFO - [2025-06-27T18:55:44.417+0000] {dagbag.py:538} INFO - Filling up the DagBag from /opt/airflow/dags/northwind.py
[2025-06-27T18:55:44.581+0000] {logging_mixin.py:188} INFO - [2025-06-27T18:55:44.580+0000] {templater.py:103} ERROR - Failed to get source /opt/meltano/scripts/load_meltano.sh
Traceback (most recent call last):
  File "/home/airflow/.local/lib/python3.10/site-packages/airflow/template/templater.py", line 101, in resolve_template_files
    content[i] = env.loader.get_source(env, item)[0]  # type: ignore
  File "/home/airflow/.local/lib/python3.10/site-packages/jinja2/loaders.py", line 204, in get_source
    raise TemplateNotFound(template)
jinja2.exceptions.TemplateNotFound: /opt/meltano/scripts/load_meltano.sh
[2025-06-27T18:55:44.586+0000] {processor.py:840} INFO - DAG(s) 'northwind' retrieved from /opt/airflow/dags/northwind.py
[2025-06-27T18:55:44.637+0000] {logging_mixin.py:188} INFO - [2025-06-27T18:55:44.637+0000] {dag.py:3036} INFO - Sync 1 DAGs
[2025-06-27T18:55:44.650+0000] {logging_mixin.py:188} INFO - [2025-06-27T18:55:44.649+0000] {dag.py:3823} INFO - Setting next_dagrun for northwind to None, run_after=None
[2025-06-27T18:55:44.760+0000] {processor.py:183} INFO - Processing /opt/airflow/dags/northwind.py took 0.356 seconds
[2025-06-27T18:56:15.686+0000] {processor.py:161} INFO - Started process (PID=274) to work on /opt/airflow/dags/northwind.py
[2025-06-27T18:56:15.689+0000] {processor.py:830} INFO - Processing file /opt/airflow/dags/northwind.py for tasks to queue
[2025-06-27T18:56:15.692+0000] {logging_mixin.py:188} INFO - [2025-06-27T18:56:15.691+0000] {dagbag.py:538} INFO - Filling up the DagBag from /opt/airflow/dags/northwind.py
[2025-06-27T18:56:15.769+0000] {logging_mixin.py:188} INFO - [2025-06-27T18:56:15.768+0000] {templater.py:103} ERROR - Failed to get source /opt/meltano/scripts/load_meltano.sh
Traceback (most recent call last):
  File "/home/airflow/.local/lib/python3.10/site-packages/airflow/template/templater.py", line 101, in resolve_template_files
    content[i] = env.loader.get_source(env, item)[0]  # type: ignore
  File "/home/airflow/.local/lib/python3.10/site-packages/jinja2/loaders.py", line 204, in get_source
    raise TemplateNotFound(template)
jinja2.exceptions.TemplateNotFound: /opt/meltano/scripts/load_meltano.sh
[2025-06-27T18:56:15.775+0000] {processor.py:840} INFO - DAG(s) 'northwind' retrieved from /opt/airflow/dags/northwind.py
[2025-06-27T18:56:15.810+0000] {logging_mixin.py:188} INFO - [2025-06-27T18:56:15.810+0000] {dag.py:3036} INFO - Sync 1 DAGs
[2025-06-27T18:56:15.823+0000] {logging_mixin.py:188} INFO - [2025-06-27T18:56:15.823+0000] {dag.py:3823} INFO - Setting next_dagrun for northwind to None, run_after=None
[2025-06-27T18:56:15.843+0000] {processor.py:183} INFO - Processing /opt/airflow/dags/northwind.py took 0.182 seconds
[2025-06-27T18:56:49.207+0000] {processor.py:161} INFO - Started process (PID=279) to work on /opt/airflow/dags/northwind.py
[2025-06-27T18:56:49.210+0000] {processor.py:830} INFO - Processing file /opt/airflow/dags/northwind.py for tasks to queue
[2025-06-27T18:56:49.211+0000] {logging_mixin.py:188} INFO - [2025-06-27T18:56:49.211+0000] {dagbag.py:538} INFO - Filling up the DagBag from /opt/airflow/dags/northwind.py
[2025-06-27T18:56:49.466+0000] {logging_mixin.py:188} INFO - [2025-06-27T18:56:49.464+0000] {templater.py:103} ERROR - Failed to get source /opt/meltano/scripts/load_meltano.sh
Traceback (most recent call last):
  File "/home/airflow/.local/lib/python3.10/site-packages/airflow/template/templater.py", line 101, in resolve_template_files
    content[i] = env.loader.get_source(env, item)[0]  # type: ignore
  File "/home/airflow/.local/lib/python3.10/site-packages/jinja2/loaders.py", line 204, in get_source
    raise TemplateNotFound(template)
jinja2.exceptions.TemplateNotFound: /opt/meltano/scripts/load_meltano.sh
[2025-06-27T18:56:44.027+0000] {processor.py:840} INFO - DAG(s) 'northwind' retrieved from /opt/airflow/dags/northwind.py
[2025-06-27T18:56:44.099+0000] {logging_mixin.py:188} INFO - [2025-06-27T18:56:44.099+0000] {dag.py:3036} INFO - Sync 1 DAGs
[2025-06-27T18:56:44.126+0000] {logging_mixin.py:188} INFO - [2025-06-27T18:56:44.126+0000] {dag.py:3823} INFO - Setting next_dagrun for northwind to None, run_after=None
[2025-06-27T18:56:44.159+0000] {processor.py:183} INFO - Processing /opt/airflow/dags/northwind.py took 0.411 seconds
[2025-06-27T18:57:14.693+0000] {processor.py:161} INFO - Started process (PID=284) to work on /opt/airflow/dags/northwind.py
[2025-06-27T18:57:14.695+0000] {processor.py:830} INFO - Processing file /opt/airflow/dags/northwind.py for tasks to queue
[2025-06-27T18:57:14.696+0000] {logging_mixin.py:188} INFO - [2025-06-27T18:57:14.696+0000] {dagbag.py:538} INFO - Filling up the DagBag from /opt/airflow/dags/northwind.py
[2025-06-27T18:57:15.059+0000] {logging_mixin.py:188} INFO - [2025-06-27T18:57:15.057+0000] {templater.py:103} ERROR - Failed to get source /opt/meltano/scripts/load_meltano.sh
Traceback (most recent call last):
  File "/home/airflow/.local/lib/python3.10/site-packages/airflow/template/templater.py", line 101, in resolve_template_files
    content[i] = env.loader.get_source(env, item)[0]  # type: ignore
  File "/home/airflow/.local/lib/python3.10/site-packages/jinja2/loaders.py", line 204, in get_source
    raise TemplateNotFound(template)
jinja2.exceptions.TemplateNotFound: /opt/meltano/scripts/load_meltano.sh
[2025-06-27T18:57:15.068+0000] {processor.py:840} INFO - DAG(s) 'northwind' retrieved from /opt/airflow/dags/northwind.py
[2025-06-27T18:57:15.155+0000] {logging_mixin.py:188} INFO - [2025-06-27T18:57:15.154+0000] {dag.py:3036} INFO - Sync 1 DAGs
[2025-06-27T18:57:15.169+0000] {logging_mixin.py:188} INFO - [2025-06-27T18:57:15.169+0000] {dag.py:3823} INFO - Setting next_dagrun for northwind to None, run_after=None
[2025-06-27T18:57:15.209+0000] {processor.py:183} INFO - Processing /opt/airflow/dags/northwind.py took 0.524 seconds
[2025-06-27T18:57:45.468+0000] {processor.py:161} INFO - Started process (PID=291) to work on /opt/airflow/dags/northwind.py
[2025-06-27T18:57:45.471+0000] {processor.py:830} INFO - Processing file /opt/airflow/dags/northwind.py for tasks to queue
[2025-06-27T18:57:45.473+0000] {logging_mixin.py:188} INFO - [2025-06-27T18:57:45.472+0000] {dagbag.py:538} INFO - Filling up the DagBag from /opt/airflow/dags/northwind.py
[2025-06-27T18:57:45.625+0000] {logging_mixin.py:188} INFO - [2025-06-27T18:57:45.624+0000] {templater.py:103} ERROR - Failed to get source /opt/meltano/scripts/load_meltano.sh
Traceback (most recent call last):
  File "/home/airflow/.local/lib/python3.10/site-packages/airflow/template/templater.py", line 101, in resolve_template_files
    content[i] = env.loader.get_source(env, item)[0]  # type: ignore
  File "/home/airflow/.local/lib/python3.10/site-packages/jinja2/loaders.py", line 204, in get_source
    raise TemplateNotFound(template)
jinja2.exceptions.TemplateNotFound: /opt/meltano/scripts/load_meltano.sh
[2025-06-27T18:57:45.632+0000] {processor.py:840} INFO - DAG(s) 'northwind' retrieved from /opt/airflow/dags/northwind.py
[2025-06-27T18:57:45.690+0000] {logging_mixin.py:188} INFO - [2025-06-27T18:57:45.689+0000] {dag.py:3036} INFO - Sync 1 DAGs
[2025-06-27T18:57:45.706+0000] {logging_mixin.py:188} INFO - [2025-06-27T18:57:45.705+0000] {dag.py:3823} INFO - Setting next_dagrun for northwind to None, run_after=None
[2025-06-27T18:57:45.731+0000] {processor.py:183} INFO - Processing /opt/airflow/dags/northwind.py took 0.289 seconds
[2025-06-27T18:58:16.351+0000] {processor.py:161} INFO - Started process (PID=296) to work on /opt/airflow/dags/northwind.py
[2025-06-27T18:58:16.360+0000] {processor.py:830} INFO - Processing file /opt/airflow/dags/northwind.py for tasks to queue
[2025-06-27T18:58:16.362+0000] {logging_mixin.py:188} INFO - [2025-06-27T18:58:16.361+0000] {dagbag.py:538} INFO - Filling up the DagBag from /opt/airflow/dags/northwind.py
[2025-06-27T18:58:16.708+0000] {logging_mixin.py:188} INFO - [2025-06-27T18:58:16.706+0000] {templater.py:103} ERROR - Failed to get source /opt/meltano/scripts/load_meltano.sh
Traceback (most recent call last):
  File "/home/airflow/.local/lib/python3.10/site-packages/airflow/template/templater.py", line 101, in resolve_template_files
    content[i] = env.loader.get_source(env, item)[0]  # type: ignore
  File "/home/airflow/.local/lib/python3.10/site-packages/jinja2/loaders.py", line 204, in get_source
    raise TemplateNotFound(template)
jinja2.exceptions.TemplateNotFound: /opt/meltano/scripts/load_meltano.sh
[2025-06-27T18:58:16.717+0000] {processor.py:840} INFO - DAG(s) 'northwind' retrieved from /opt/airflow/dags/northwind.py
[2025-06-27T18:58:16.802+0000] {logging_mixin.py:188} INFO - [2025-06-27T18:58:16.801+0000] {dag.py:3036} INFO - Sync 1 DAGs
[2025-06-27T18:58:16.823+0000] {logging_mixin.py:188} INFO - [2025-06-27T18:58:16.822+0000] {dag.py:3823} INFO - Setting next_dagrun for northwind to None, run_after=None
[2025-06-27T18:58:16.863+0000] {processor.py:183} INFO - Processing /opt/airflow/dags/northwind.py took 0.522 seconds
[2025-06-27T18:58:47.094+0000] {processor.py:161} INFO - Started process (PID=301) to work on /opt/airflow/dags/northwind.py
[2025-06-27T18:58:47.099+0000] {processor.py:830} INFO - Processing file /opt/airflow/dags/northwind.py for tasks to queue
[2025-06-27T18:58:47.102+0000] {logging_mixin.py:188} INFO - [2025-06-27T18:58:47.101+0000] {dagbag.py:538} INFO - Filling up the DagBag from /opt/airflow/dags/northwind.py
[2025-06-27T18:58:47.284+0000] {logging_mixin.py:188} INFO - [2025-06-27T18:58:47.282+0000] {templater.py:103} ERROR - Failed to get source /opt/meltano/scripts/load_meltano.sh
Traceback (most recent call last):
  File "/home/airflow/.local/lib/python3.10/site-packages/airflow/template/templater.py", line 101, in resolve_template_files
    content[i] = env.loader.get_source(env, item)[0]  # type: ignore
  File "/home/airflow/.local/lib/python3.10/site-packages/jinja2/loaders.py", line 204, in get_source
    raise TemplateNotFound(template)
jinja2.exceptions.TemplateNotFound: /opt/meltano/scripts/load_meltano.sh
[2025-06-27T18:58:47.296+0000] {processor.py:840} INFO - DAG(s) 'northwind' retrieved from /opt/airflow/dags/northwind.py
[2025-06-27T18:58:47.370+0000] {logging_mixin.py:188} INFO - [2025-06-27T18:58:47.369+0000] {dag.py:3036} INFO - Sync 1 DAGs
[2025-06-27T18:58:47.397+0000] {logging_mixin.py:188} INFO - [2025-06-27T18:58:47.396+0000] {dag.py:3823} INFO - Setting next_dagrun for northwind to None, run_after=None
[2025-06-27T18:58:47.432+0000] {processor.py:183} INFO - Processing /opt/airflow/dags/northwind.py took 0.348 seconds
[2025-06-27T18:59:17.569+0000] {processor.py:161} INFO - Started process (PID=306) to work on /opt/airflow/dags/northwind.py
[2025-06-27T18:59:17.570+0000] {processor.py:830} INFO - Processing file /opt/airflow/dags/northwind.py for tasks to queue
[2025-06-27T18:59:17.572+0000] {logging_mixin.py:188} INFO - [2025-06-27T18:59:17.571+0000] {dagbag.py:538} INFO - Filling up the DagBag from /opt/airflow/dags/northwind.py
[2025-06-27T18:59:17.645+0000] {logging_mixin.py:188} INFO - [2025-06-27T18:59:17.644+0000] {templater.py:103} ERROR - Failed to get source /opt/meltano/scripts/load_meltano.sh
Traceback (most recent call last):
  File "/home/airflow/.local/lib/python3.10/site-packages/airflow/template/templater.py", line 101, in resolve_template_files
    content[i] = env.loader.get_source(env, item)[0]  # type: ignore
  File "/home/airflow/.local/lib/python3.10/site-packages/jinja2/loaders.py", line 204, in get_source
    raise TemplateNotFound(template)
jinja2.exceptions.TemplateNotFound: /opt/meltano/scripts/load_meltano.sh
[2025-06-27T18:59:17.649+0000] {processor.py:840} INFO - DAG(s) 'northwind' retrieved from /opt/airflow/dags/northwind.py
[2025-06-27T18:59:17.682+0000] {logging_mixin.py:188} INFO - [2025-06-27T18:59:17.682+0000] {dag.py:3036} INFO - Sync 1 DAGs
[2025-06-27T18:59:17.695+0000] {logging_mixin.py:188} INFO - [2025-06-27T18:59:17.695+0000] {dag.py:3823} INFO - Setting next_dagrun for northwind to None, run_after=None
[2025-06-27T18:59:17.755+0000] {processor.py:183} INFO - Processing /opt/airflow/dags/northwind.py took 0.193 seconds
[2025-06-27T18:59:48.740+0000] {processor.py:161} INFO - Started process (PID=311) to work on /opt/airflow/dags/northwind.py
[2025-06-27T18:59:48.742+0000] {processor.py:830} INFO - Processing file /opt/airflow/dags/northwind.py for tasks to queue
[2025-06-27T18:59:48.743+0000] {logging_mixin.py:188} INFO - [2025-06-27T18:59:48.743+0000] {dagbag.py:538} INFO - Filling up the DagBag from /opt/airflow/dags/northwind.py
[2025-06-27T18:59:48.894+0000] {logging_mixin.py:188} INFO - [2025-06-27T18:59:48.893+0000] {templater.py:103} ERROR - Failed to get source /opt/meltano/scripts/load_meltano.sh
Traceback (most recent call last):
  File "/home/airflow/.local/lib/python3.10/site-packages/airflow/template/templater.py", line 101, in resolve_template_files
    content[i] = env.loader.get_source(env, item)[0]  # type: ignore
  File "/home/airflow/.local/lib/python3.10/site-packages/jinja2/loaders.py", line 204, in get_source
    raise TemplateNotFound(template)
jinja2.exceptions.TemplateNotFound: /opt/meltano/scripts/load_meltano.sh
[2025-06-27T18:59:48.900+0000] {processor.py:840} INFO - DAG(s) 'northwind' retrieved from /opt/airflow/dags/northwind.py
[2025-06-27T18:59:48.953+0000] {logging_mixin.py:188} INFO - [2025-06-27T18:59:48.952+0000] {dag.py:3036} INFO - Sync 1 DAGs
[2025-06-27T18:59:48.976+0000] {logging_mixin.py:188} INFO - [2025-06-27T18:59:48.976+0000] {dag.py:3823} INFO - Setting next_dagrun for northwind to None, run_after=None
[2025-06-27T18:59:49.021+0000] {processor.py:183} INFO - Processing /opt/airflow/dags/northwind.py took 0.287 seconds
[2025-06-27T19:00:19.605+0000] {processor.py:161} INFO - Started process (PID=316) to work on /opt/airflow/dags/northwind.py
[2025-06-27T19:00:19.608+0000] {processor.py:830} INFO - Processing file /opt/airflow/dags/northwind.py for tasks to queue
[2025-06-27T19:00:19.610+0000] {logging_mixin.py:188} INFO - [2025-06-27T19:00:19.610+0000] {dagbag.py:538} INFO - Filling up the DagBag from /opt/airflow/dags/northwind.py
[2025-06-27T19:00:19.739+0000] {logging_mixin.py:188} INFO - [2025-06-27T19:00:19.739+0000] {templater.py:103} ERROR - Failed to get source /opt/meltano/scripts/load_meltano.sh
Traceback (most recent call last):
  File "/home/airflow/.local/lib/python3.10/site-packages/airflow/template/templater.py", line 101, in resolve_template_files
    content[i] = env.loader.get_source(env, item)[0]  # type: ignore
  File "/home/airflow/.local/lib/python3.10/site-packages/jinja2/loaders.py", line 204, in get_source
    raise TemplateNotFound(template)
jinja2.exceptions.TemplateNotFound: /opt/meltano/scripts/load_meltano.sh
[2025-06-27T19:00:19.744+0000] {processor.py:840} INFO - DAG(s) 'northwind' retrieved from /opt/airflow/dags/northwind.py
[2025-06-27T19:00:19.810+0000] {logging_mixin.py:188} INFO - [2025-06-27T19:00:19.809+0000] {dag.py:3036} INFO - Sync 1 DAGs
[2025-06-27T19:00:19.829+0000] {logging_mixin.py:188} INFO - [2025-06-27T19:00:19.829+0000] {dag.py:3823} INFO - Setting next_dagrun for northwind to None, run_after=None
[2025-06-27T19:00:19.850+0000] {processor.py:183} INFO - Processing /opt/airflow/dags/northwind.py took 0.254 seconds
[2025-06-27T19:00:49.984+0000] {processor.py:161} INFO - Started process (PID=321) to work on /opt/airflow/dags/northwind.py
[2025-06-27T19:00:49.986+0000] {processor.py:830} INFO - Processing file /opt/airflow/dags/northwind.py for tasks to queue
[2025-06-27T19:00:49.987+0000] {logging_mixin.py:188} INFO - [2025-06-27T19:00:49.987+0000] {dagbag.py:538} INFO - Filling up the DagBag from /opt/airflow/dags/northwind.py
[2025-06-27T19:00:50.109+0000] {logging_mixin.py:188} INFO - [2025-06-27T19:00:50.108+0000] {templater.py:103} ERROR - Failed to get source /opt/meltano/scripts/load_meltano.sh
Traceback (most recent call last):
  File "/home/airflow/.local/lib/python3.10/site-packages/airflow/template/templater.py", line 101, in resolve_template_files
    content[i] = env.loader.get_source(env, item)[0]  # type: ignore
  File "/home/airflow/.local/lib/python3.10/site-packages/jinja2/loaders.py", line 204, in get_source
    raise TemplateNotFound(template)
jinja2.exceptions.TemplateNotFound: /opt/meltano/scripts/load_meltano.sh
[2025-06-27T19:00:50.113+0000] {processor.py:840} INFO - DAG(s) 'northwind' retrieved from /opt/airflow/dags/northwind.py
[2025-06-27T19:00:50.164+0000] {logging_mixin.py:188} INFO - [2025-06-27T19:00:50.164+0000] {dag.py:3036} INFO - Sync 1 DAGs
[2025-06-27T19:00:50.192+0000] {logging_mixin.py:188} INFO - [2025-06-27T19:00:50.192+0000] {dag.py:3823} INFO - Setting next_dagrun for northwind to None, run_after=None
[2025-06-27T19:00:50.244+0000] {processor.py:183} INFO - Processing /opt/airflow/dags/northwind.py took 0.267 seconds
[2025-06-27T19:01:20.788+0000] {processor.py:161} INFO - Started process (PID=326) to work on /opt/airflow/dags/northwind.py
[2025-06-27T19:01:20.789+0000] {processor.py:830} INFO - Processing file /opt/airflow/dags/northwind.py for tasks to queue
[2025-06-27T19:01:20.790+0000] {logging_mixin.py:188} INFO - [2025-06-27T19:01:20.790+0000] {dagbag.py:538} INFO - Filling up the DagBag from /opt/airflow/dags/northwind.py
[2025-06-27T19:01:20.889+0000] {logging_mixin.py:188} INFO - [2025-06-27T19:01:20.888+0000] {templater.py:103} ERROR - Failed to get source /opt/meltano/scripts/load_meltano.sh
Traceback (most recent call last):
  File "/home/airflow/.local/lib/python3.10/site-packages/airflow/template/templater.py", line 101, in resolve_template_files
    content[i] = env.loader.get_source(env, item)[0]  # type: ignore
  File "/home/airflow/.local/lib/python3.10/site-packages/jinja2/loaders.py", line 204, in get_source
    raise TemplateNotFound(template)
jinja2.exceptions.TemplateNotFound: /opt/meltano/scripts/load_meltano.sh
[2025-06-27T19:01:20.893+0000] {processor.py:840} INFO - DAG(s) 'northwind' retrieved from /opt/airflow/dags/northwind.py
[2025-06-27T19:01:20.945+0000] {logging_mixin.py:188} INFO - [2025-06-27T19:01:20.945+0000] {dag.py:3036} INFO - Sync 1 DAGs
[2025-06-27T19:01:20.971+0000] {logging_mixin.py:188} INFO - [2025-06-27T19:01:20.971+0000] {dag.py:3823} INFO - Setting next_dagrun for northwind to None, run_after=None
[2025-06-27T19:01:21.072+0000] {processor.py:183} INFO - Processing /opt/airflow/dags/northwind.py took 0.288 seconds
[2025-06-27T19:01:51.182+0000] {processor.py:161} INFO - Started process (PID=331) to work on /opt/airflow/dags/northwind.py
[2025-06-27T19:01:51.195+0000] {processor.py:830} INFO - Processing file /opt/airflow/dags/northwind.py for tasks to queue
[2025-06-27T19:01:51.197+0000] {logging_mixin.py:188} INFO - [2025-06-27T19:01:51.197+0000] {dagbag.py:538} INFO - Filling up the DagBag from /opt/airflow/dags/northwind.py
[2025-06-27T19:01:51.539+0000] {logging_mixin.py:188} INFO - [2025-06-27T19:01:51.524+0000] {templater.py:103} ERROR - Failed to get source /opt/meltano/scripts/load_meltano.sh
Traceback (most recent call last):
  File "/home/airflow/.local/lib/python3.10/site-packages/airflow/template/templater.py", line 101, in resolve_template_files
    content[i] = env.loader.get_source(env, item)[0]  # type: ignore
  File "/home/airflow/.local/lib/python3.10/site-packages/jinja2/loaders.py", line 204, in get_source
    raise TemplateNotFound(template)
jinja2.exceptions.TemplateNotFound: /opt/meltano/scripts/load_meltano.sh
[2025-06-27T19:01:51.573+0000] {processor.py:840} INFO - DAG(s) 'northwind' retrieved from /opt/airflow/dags/northwind.py
[2025-06-27T19:01:51.754+0000] {logging_mixin.py:188} INFO - [2025-06-27T19:01:51.754+0000] {dag.py:3036} INFO - Sync 1 DAGs
[2025-06-27T19:01:51.785+0000] {logging_mixin.py:188} INFO - [2025-06-27T19:01:51.784+0000] {dag.py:3823} INFO - Setting next_dagrun for northwind to None, run_after=None
[2025-06-27T19:01:51.863+0000] {processor.py:183} INFO - Processing /opt/airflow/dags/northwind.py took 0.686 seconds
[2025-06-27T19:02:22.507+0000] {processor.py:161} INFO - Started process (PID=336) to work on /opt/airflow/dags/northwind.py
[2025-06-27T19:02:22.509+0000] {processor.py:830} INFO - Processing file /opt/airflow/dags/northwind.py for tasks to queue
[2025-06-27T19:02:22.511+0000] {logging_mixin.py:188} INFO - [2025-06-27T19:02:22.510+0000] {dagbag.py:538} INFO - Filling up the DagBag from /opt/airflow/dags/northwind.py
[2025-06-27T19:02:22.610+0000] {logging_mixin.py:188} INFO - [2025-06-27T19:02:22.609+0000] {templater.py:103} ERROR - Failed to get source /opt/meltano/scripts/load_meltano.sh
Traceback (most recent call last):
  File "/home/airflow/.local/lib/python3.10/site-packages/airflow/template/templater.py", line 101, in resolve_template_files
    content[i] = env.loader.get_source(env, item)[0]  # type: ignore
  File "/home/airflow/.local/lib/python3.10/site-packages/jinja2/loaders.py", line 204, in get_source
    raise TemplateNotFound(template)
jinja2.exceptions.TemplateNotFound: /opt/meltano/scripts/load_meltano.sh
[2025-06-27T19:02:22.617+0000] {processor.py:840} INFO - DAG(s) 'northwind' retrieved from /opt/airflow/dags/northwind.py
[2025-06-27T19:02:22.668+0000] {logging_mixin.py:188} INFO - [2025-06-27T19:02:22.668+0000] {dag.py:3036} INFO - Sync 1 DAGs
[2025-06-27T19:02:22.692+0000] {logging_mixin.py:188} INFO - [2025-06-27T19:02:22.691+0000] {dag.py:3823} INFO - Setting next_dagrun for northwind to None, run_after=None
[2025-06-27T19:02:22.722+0000] {processor.py:183} INFO - Processing /opt/airflow/dags/northwind.py took 0.222 seconds
[2025-06-27T19:02:53.497+0000] {processor.py:161} INFO - Started process (PID=341) to work on /opt/airflow/dags/northwind.py
[2025-06-27T19:02:53.511+0000] {processor.py:830} INFO - Processing file /opt/airflow/dags/northwind.py for tasks to queue
[2025-06-27T19:02:53.513+0000] {logging_mixin.py:188} INFO - [2025-06-27T19:02:53.512+0000] {dagbag.py:538} INFO - Filling up the DagBag from /opt/airflow/dags/northwind.py
[2025-06-27T19:02:53.615+0000] {logging_mixin.py:188} INFO - [2025-06-27T19:02:53.614+0000] {templater.py:103} ERROR - Failed to get source /opt/meltano/scripts/load_meltano.sh
Traceback (most recent call last):
  File "/home/airflow/.local/lib/python3.10/site-packages/airflow/template/templater.py", line 101, in resolve_template_files
    content[i] = env.loader.get_source(env, item)[0]  # type: ignore
  File "/home/airflow/.local/lib/python3.10/site-packages/jinja2/loaders.py", line 204, in get_source
    raise TemplateNotFound(template)
jinja2.exceptions.TemplateNotFound: /opt/meltano/scripts/load_meltano.sh
[2025-06-27T19:02:53.619+0000] {processor.py:840} INFO - DAG(s) 'northwind' retrieved from /opt/airflow/dags/northwind.py
[2025-06-27T19:02:53.653+0000] {logging_mixin.py:188} INFO - [2025-06-27T19:02:53.653+0000] {dag.py:3036} INFO - Sync 1 DAGs
[2025-06-27T19:02:53.665+0000] {logging_mixin.py:188} INFO - [2025-06-27T19:02:53.665+0000] {dag.py:3823} INFO - Setting next_dagrun for northwind to None, run_after=None
[2025-06-27T19:02:53.687+0000] {processor.py:183} INFO - Processing /opt/airflow/dags/northwind.py took 0.197 seconds
[2025-06-27T19:03:24.636+0000] {processor.py:161} INFO - Started process (PID=346) to work on /opt/airflow/dags/northwind.py
[2025-06-27T19:03:24.637+0000] {processor.py:830} INFO - Processing file /opt/airflow/dags/northwind.py for tasks to queue
[2025-06-27T19:03:24.639+0000] {logging_mixin.py:188} INFO - [2025-06-27T19:03:24.638+0000] {dagbag.py:538} INFO - Filling up the DagBag from /opt/airflow/dags/northwind.py
[2025-06-27T19:03:24.739+0000] {logging_mixin.py:188} INFO - [2025-06-27T19:03:24.738+0000] {templater.py:103} ERROR - Failed to get source /opt/meltano/scripts/load_meltano.sh
Traceback (most recent call last):
  File "/home/airflow/.local/lib/python3.10/site-packages/airflow/template/templater.py", line 101, in resolve_template_files
    content[i] = env.loader.get_source(env, item)[0]  # type: ignore
  File "/home/airflow/.local/lib/python3.10/site-packages/jinja2/loaders.py", line 204, in get_source
    raise TemplateNotFound(template)
jinja2.exceptions.TemplateNotFound: /opt/meltano/scripts/load_meltano.sh
[2025-06-27T19:03:24.744+0000] {processor.py:840} INFO - DAG(s) 'northwind' retrieved from /opt/airflow/dags/northwind.py
[2025-06-27T19:03:24.784+0000] {logging_mixin.py:188} INFO - [2025-06-27T19:03:24.784+0000] {dag.py:3036} INFO - Sync 1 DAGs
[2025-06-27T19:03:24.796+0000] {logging_mixin.py:188} INFO - [2025-06-27T19:03:24.796+0000] {dag.py:3823} INFO - Setting next_dagrun for northwind to None, run_after=None
[2025-06-27T19:03:24.822+0000] {processor.py:183} INFO - Processing /opt/airflow/dags/northwind.py took 0.192 seconds
[2025-06-27T19:03:54.957+0000] {processor.py:161} INFO - Started process (PID=351) to work on /opt/airflow/dags/northwind.py
[2025-06-27T19:03:54.959+0000] {processor.py:830} INFO - Processing file /opt/airflow/dags/northwind.py for tasks to queue
[2025-06-27T19:03:54.960+0000] {logging_mixin.py:188} INFO - [2025-06-27T19:03:54.960+0000] {dagbag.py:538} INFO - Filling up the DagBag from /opt/airflow/dags/northwind.py
[2025-06-27T19:03:55.031+0000] {logging_mixin.py:188} INFO - [2025-06-27T19:03:55.031+0000] {templater.py:103} ERROR - Failed to get source /opt/meltano/scripts/load_meltano.sh
Traceback (most recent call last):
  File "/home/airflow/.local/lib/python3.10/site-packages/airflow/template/templater.py", line 101, in resolve_template_files
    content[i] = env.loader.get_source(env, item)[0]  # type: ignore
  File "/home/airflow/.local/lib/python3.10/site-packages/jinja2/loaders.py", line 204, in get_source
    raise TemplateNotFound(template)
jinja2.exceptions.TemplateNotFound: /opt/meltano/scripts/load_meltano.sh
[2025-06-27T19:03:55.036+0000] {processor.py:840} INFO - DAG(s) 'northwind' retrieved from /opt/airflow/dags/northwind.py
[2025-06-27T19:03:55.200+0000] {logging_mixin.py:188} INFO - [2025-06-27T19:03:55.200+0000] {dag.py:3036} INFO - Sync 1 DAGs
[2025-06-27T19:03:55.312+0000] {logging_mixin.py:188} INFO - [2025-06-27T19:03:55.309+0000] {dag.py:3823} INFO - Setting next_dagrun for northwind to None, run_after=None
[2025-06-27T19:03:55.386+0000] {processor.py:183} INFO - Processing /opt/airflow/dags/northwind.py took 0.435 seconds
[2025-06-27T19:04:25.635+0000] {processor.py:161} INFO - Started process (PID=356) to work on /opt/airflow/dags/northwind.py
[2025-06-27T19:04:25.639+0000] {processor.py:830} INFO - Processing file /opt/airflow/dags/northwind.py for tasks to queue
[2025-06-27T19:04:25.643+0000] {logging_mixin.py:188} INFO - [2025-06-27T19:04:25.641+0000] {dagbag.py:538} INFO - Filling up the DagBag from /opt/airflow/dags/northwind.py
[2025-06-27T19:04:25.769+0000] {logging_mixin.py:188} INFO - [2025-06-27T19:04:25.768+0000] {templater.py:103} ERROR - Failed to get source /opt/meltano/scripts/load_meltano.sh
Traceback (most recent call last):
  File "/home/airflow/.local/lib/python3.10/site-packages/airflow/template/templater.py", line 101, in resolve_template_files
    content[i] = env.loader.get_source(env, item)[0]  # type: ignore
  File "/home/airflow/.local/lib/python3.10/site-packages/jinja2/loaders.py", line 204, in get_source
    raise TemplateNotFound(template)
jinja2.exceptions.TemplateNotFound: /opt/meltano/scripts/load_meltano.sh
[2025-06-27T19:04:25.773+0000] {processor.py:840} INFO - DAG(s) 'northwind' retrieved from /opt/airflow/dags/northwind.py
[2025-06-27T19:04:25.808+0000] {logging_mixin.py:188} INFO - [2025-06-27T19:04:25.808+0000] {dag.py:3036} INFO - Sync 1 DAGs
[2025-06-27T19:04:25.828+0000] {logging_mixin.py:188} INFO - [2025-06-27T19:04:25.828+0000] {dag.py:3823} INFO - Setting next_dagrun for northwind to None, run_after=None
[2025-06-27T19:04:25.861+0000] {processor.py:183} INFO - Processing /opt/airflow/dags/northwind.py took 0.236 seconds
[2025-06-27T19:04:56.116+0000] {processor.py:161} INFO - Started process (PID=361) to work on /opt/airflow/dags/northwind.py
[2025-06-27T19:04:56.118+0000] {processor.py:830} INFO - Processing file /opt/airflow/dags/northwind.py for tasks to queue
[2025-06-27T19:04:56.120+0000] {logging_mixin.py:188} INFO - [2025-06-27T19:04:56.119+0000] {dagbag.py:538} INFO - Filling up the DagBag from /opt/airflow/dags/northwind.py
[2025-06-27T19:04:56.239+0000] {logging_mixin.py:188} INFO - [2025-06-27T19:04:56.238+0000] {templater.py:103} ERROR - Failed to get source /opt/meltano/scripts/load_meltano.sh
Traceback (most recent call last):
  File "/home/airflow/.local/lib/python3.10/site-packages/airflow/template/templater.py", line 101, in resolve_template_files
    content[i] = env.loader.get_source(env, item)[0]  # type: ignore
  File "/home/airflow/.local/lib/python3.10/site-packages/jinja2/loaders.py", line 204, in get_source
    raise TemplateNotFound(template)
jinja2.exceptions.TemplateNotFound: /opt/meltano/scripts/load_meltano.sh
[2025-06-27T19:04:56.246+0000] {processor.py:840} INFO - DAG(s) 'northwind' retrieved from /opt/airflow/dags/northwind.py
[2025-06-27T19:04:56.285+0000] {logging_mixin.py:188} INFO - [2025-06-27T19:04:56.285+0000] {dag.py:3036} INFO - Sync 1 DAGs
[2025-06-27T19:04:56.301+0000] {logging_mixin.py:188} INFO - [2025-06-27T19:04:56.301+0000] {dag.py:3823} INFO - Setting next_dagrun for northwind to None, run_after=None
[2025-06-27T19:04:56.335+0000] {processor.py:183} INFO - Processing /opt/airflow/dags/northwind.py took 0.230 seconds
[2025-06-27T19:05:27.405+0000] {processor.py:161} INFO - Started process (PID=366) to work on /opt/airflow/dags/northwind.py
[2025-06-27T19:05:27.407+0000] {processor.py:830} INFO - Processing file /opt/airflow/dags/northwind.py for tasks to queue
[2025-06-27T19:05:27.409+0000] {logging_mixin.py:188} INFO - [2025-06-27T19:05:27.408+0000] {dagbag.py:538} INFO - Filling up the DagBag from /opt/airflow/dags/northwind.py
[2025-06-27T19:05:27.698+0000] {logging_mixin.py:188} INFO - [2025-06-27T19:05:27.697+0000] {templater.py:103} ERROR - Failed to get source /opt/meltano/scripts/load_meltano.sh
Traceback (most recent call last):
  File "/home/airflow/.local/lib/python3.10/site-packages/airflow/template/templater.py", line 101, in resolve_template_files
    content[i] = env.loader.get_source(env, item)[0]  # type: ignore
  File "/home/airflow/.local/lib/python3.10/site-packages/jinja2/loaders.py", line 204, in get_source
    raise TemplateNotFound(template)
jinja2.exceptions.TemplateNotFound: /opt/meltano/scripts/load_meltano.sh
[2025-06-27T19:05:27.705+0000] {processor.py:840} INFO - DAG(s) 'northwind' retrieved from /opt/airflow/dags/northwind.py
[2025-06-27T19:05:27.761+0000] {logging_mixin.py:188} INFO - [2025-06-27T19:05:27.761+0000] {dag.py:3036} INFO - Sync 1 DAGs
[2025-06-27T19:05:27.788+0000] {logging_mixin.py:188} INFO - [2025-06-27T19:05:27.787+0000] {dag.py:3823} INFO - Setting next_dagrun for northwind to None, run_after=None
[2025-06-27T19:05:27.821+0000] {processor.py:183} INFO - Processing /opt/airflow/dags/northwind.py took 0.424 seconds
[2025-06-27T19:05:58.563+0000] {processor.py:161} INFO - Started process (PID=371) to work on /opt/airflow/dags/northwind.py
[2025-06-27T19:05:58.578+0000] {processor.py:830} INFO - Processing file /opt/airflow/dags/northwind.py for tasks to queue
[2025-06-27T19:05:58.580+0000] {logging_mixin.py:188} INFO - [2025-06-27T19:05:58.579+0000] {dagbag.py:538} INFO - Filling up the DagBag from /opt/airflow/dags/northwind.py
[2025-06-27T19:05:58.786+0000] {logging_mixin.py:188} INFO - [2025-06-27T19:05:58.783+0000] {templater.py:103} ERROR - Failed to get source /opt/meltano/scripts/load_meltano.sh
Traceback (most recent call last):
  File "/home/airflow/.local/lib/python3.10/site-packages/airflow/template/templater.py", line 101, in resolve_template_files
    content[i] = env.loader.get_source(env, item)[0]  # type: ignore
  File "/home/airflow/.local/lib/python3.10/site-packages/jinja2/loaders.py", line 204, in get_source
    raise TemplateNotFound(template)
jinja2.exceptions.TemplateNotFound: /opt/meltano/scripts/load_meltano.sh
[2025-06-27T19:05:58.802+0000] {processor.py:840} INFO - DAG(s) 'northwind' retrieved from /opt/airflow/dags/northwind.py
[2025-06-27T19:05:58.877+0000] {logging_mixin.py:188} INFO - [2025-06-27T19:05:58.877+0000] {dag.py:3036} INFO - Sync 1 DAGs
[2025-06-27T19:05:58.909+0000] {logging_mixin.py:188} INFO - [2025-06-27T19:05:58.908+0000] {dag.py:3823} INFO - Setting next_dagrun for northwind to None, run_after=None
[2025-06-27T19:05:58.969+0000] {processor.py:183} INFO - Processing /opt/airflow/dags/northwind.py took 0.418 seconds
[2025-06-27T19:06:29.323+0000] {processor.py:161} INFO - Started process (PID=376) to work on /opt/airflow/dags/northwind.py
[2025-06-27T19:06:29.328+0000] {processor.py:830} INFO - Processing file /opt/airflow/dags/northwind.py for tasks to queue
[2025-06-27T19:06:29.332+0000] {logging_mixin.py:188} INFO - [2025-06-27T19:06:29.330+0000] {dagbag.py:538} INFO - Filling up the DagBag from /opt/airflow/dags/northwind.py
[2025-06-27T19:06:29.937+0000] {logging_mixin.py:188} INFO - [2025-06-27T19:06:29.934+0000] {templater.py:103} ERROR - Failed to get source /opt/meltano/scripts/load_meltano.sh
Traceback (most recent call last):
  File "/home/airflow/.local/lib/python3.10/site-packages/airflow/template/templater.py", line 101, in resolve_template_files
    content[i] = env.loader.get_source(env, item)[0]  # type: ignore
  File "/home/airflow/.local/lib/python3.10/site-packages/jinja2/loaders.py", line 204, in get_source
    raise TemplateNotFound(template)
jinja2.exceptions.TemplateNotFound: /opt/meltano/scripts/load_meltano.sh
[2025-06-27T19:06:29.964+0000] {processor.py:840} INFO - DAG(s) 'northwind' retrieved from /opt/airflow/dags/northwind.py
[2025-06-27T19:06:30.284+0000] {logging_mixin.py:188} INFO - [2025-06-27T19:06:30.283+0000] {dag.py:3036} INFO - Sync 1 DAGs
[2025-06-27T19:06:30.435+0000] {logging_mixin.py:188} INFO - [2025-06-27T19:06:30.434+0000] {dag.py:3823} INFO - Setting next_dagrun for northwind to None, run_after=None
[2025-06-27T19:06:30.620+0000] {processor.py:183} INFO - Processing /opt/airflow/dags/northwind.py took 1.357 seconds
[2025-06-27T19:07:00.834+0000] {processor.py:161} INFO - Started process (PID=381) to work on /opt/airflow/dags/northwind.py
[2025-06-27T19:07:00.845+0000] {processor.py:830} INFO - Processing file /opt/airflow/dags/northwind.py for tasks to queue
[2025-06-27T19:07:00.851+0000] {logging_mixin.py:188} INFO - [2025-06-27T19:07:00.849+0000] {dagbag.py:538} INFO - Filling up the DagBag from /opt/airflow/dags/northwind.py
[2025-06-27T19:07:01.534+0000] {logging_mixin.py:188} INFO - [2025-06-27T19:07:01.526+0000] {templater.py:103} ERROR - Failed to get source /opt/meltano/scripts/load_meltano.sh
Traceback (most recent call last):
  File "/home/airflow/.local/lib/python3.10/site-packages/airflow/template/templater.py", line 101, in resolve_template_files
    content[i] = env.loader.get_source(env, item)[0]  # type: ignore
  File "/home/airflow/.local/lib/python3.10/site-packages/jinja2/loaders.py", line 204, in get_source
    raise TemplateNotFound(template)
jinja2.exceptions.TemplateNotFound: /opt/meltano/scripts/load_meltano.sh
[2025-06-27T19:07:01.574+0000] {processor.py:840} INFO - DAG(s) 'northwind' retrieved from /opt/airflow/dags/northwind.py
[2025-06-27T19:07:01.915+0000] {logging_mixin.py:188} INFO - [2025-06-27T19:07:01.912+0000] {dag.py:3036} INFO - Sync 1 DAGs
[2025-06-27T19:07:02.018+0000] {logging_mixin.py:188} INFO - [2025-06-27T19:07:02.016+0000] {dag.py:3823} INFO - Setting next_dagrun for northwind to None, run_after=None
[2025-06-27T19:07:02.198+0000] {processor.py:183} INFO - Processing /opt/airflow/dags/northwind.py took 1.397 seconds
[2025-06-27T19:07:32.551+0000] {processor.py:161} INFO - Started process (PID=386) to work on /opt/airflow/dags/northwind.py
[2025-06-27T19:07:32.564+0000] {processor.py:830} INFO - Processing file /opt/airflow/dags/northwind.py for tasks to queue
[2025-06-27T19:07:32.573+0000] {logging_mixin.py:188} INFO - [2025-06-27T19:07:32.570+0000] {dagbag.py:538} INFO - Filling up the DagBag from /opt/airflow/dags/northwind.py
[2025-06-27T19:07:33.190+0000] {logging_mixin.py:188} INFO - [2025-06-27T19:07:33.183+0000] {templater.py:103} ERROR - Failed to get source /opt/meltano/scripts/load_meltano.sh
Traceback (most recent call last):
  File "/home/airflow/.local/lib/python3.10/site-packages/airflow/template/templater.py", line 101, in resolve_template_files
    content[i] = env.loader.get_source(env, item)[0]  # type: ignore
  File "/home/airflow/.local/lib/python3.10/site-packages/jinja2/loaders.py", line 204, in get_source
    raise TemplateNotFound(template)
jinja2.exceptions.TemplateNotFound: /opt/meltano/scripts/load_meltano.sh
[2025-06-27T19:07:33.227+0000] {processor.py:840} INFO - DAG(s) 'northwind' retrieved from /opt/airflow/dags/northwind.py
[2025-06-27T19:07:33.493+0000] {logging_mixin.py:188} INFO - [2025-06-27T19:07:33.491+0000] {dag.py:3036} INFO - Sync 1 DAGs
[2025-06-27T19:07:33.606+0000] {logging_mixin.py:188} INFO - [2025-06-27T19:07:33.604+0000] {dag.py:3823} INFO - Setting next_dagrun for northwind to None, run_after=None
[2025-06-27T19:07:33.761+0000] {processor.py:183} INFO - Processing /opt/airflow/dags/northwind.py took 1.254 seconds
[2025-06-27T19:08:04.034+0000] {processor.py:161} INFO - Started process (PID=391) to work on /opt/airflow/dags/northwind.py
[2025-06-27T19:08:04.057+0000] {processor.py:830} INFO - Processing file /opt/airflow/dags/northwind.py for tasks to queue
[2025-06-27T19:08:04.066+0000] {logging_mixin.py:188} INFO - [2025-06-27T19:08:04.063+0000] {dagbag.py:538} INFO - Filling up the DagBag from /opt/airflow/dags/northwind.py
[2025-06-27T19:08:04.721+0000] {logging_mixin.py:188} INFO - [2025-06-27T19:08:04.714+0000] {templater.py:103} ERROR - Failed to get source /opt/meltano/scripts/load_meltano.sh
Traceback (most recent call last):
  File "/home/airflow/.local/lib/python3.10/site-packages/airflow/template/templater.py", line 101, in resolve_template_files
    content[i] = env.loader.get_source(env, item)[0]  # type: ignore
  File "/home/airflow/.local/lib/python3.10/site-packages/jinja2/loaders.py", line 204, in get_source
    raise TemplateNotFound(template)
jinja2.exceptions.TemplateNotFound: /opt/meltano/scripts/load_meltano.sh
[2025-06-27T19:08:04.759+0000] {processor.py:840} INFO - DAG(s) 'northwind' retrieved from /opt/airflow/dags/northwind.py
[2025-06-27T19:08:05.004+0000] {logging_mixin.py:188} INFO - [2025-06-27T19:08:05.002+0000] {dag.py:3036} INFO - Sync 1 DAGs
[2025-06-27T19:08:05.102+0000] {logging_mixin.py:188} INFO - [2025-06-27T19:08:05.100+0000] {dag.py:3823} INFO - Setting next_dagrun for northwind to None, run_after=None
[2025-06-27T19:08:05.272+0000] {processor.py:183} INFO - Processing /opt/airflow/dags/northwind.py took 1.279 seconds
[2025-06-27T19:08:35.672+0000] {processor.py:161} INFO - Started process (PID=396) to work on /opt/airflow/dags/northwind.py
[2025-06-27T19:08:35.682+0000] {processor.py:830} INFO - Processing file /opt/airflow/dags/northwind.py for tasks to queue
[2025-06-27T19:08:35.690+0000] {logging_mixin.py:188} INFO - [2025-06-27T19:08:35.687+0000] {dagbag.py:538} INFO - Filling up the DagBag from /opt/airflow/dags/northwind.py
[2025-06-27T19:08:36.450+0000] {logging_mixin.py:188} INFO - [2025-06-27T19:08:36.444+0000] {templater.py:103} ERROR - Failed to get source /opt/meltano/scripts/load_meltano.sh
Traceback (most recent call last):
  File "/home/airflow/.local/lib/python3.10/site-packages/airflow/template/templater.py", line 101, in resolve_template_files
    content[i] = env.loader.get_source(env, item)[0]  # type: ignore
  File "/home/airflow/.local/lib/python3.10/site-packages/jinja2/loaders.py", line 204, in get_source
    raise TemplateNotFound(template)
jinja2.exceptions.TemplateNotFound: /opt/meltano/scripts/load_meltano.sh
[2025-06-27T19:08:36.483+0000] {processor.py:840} INFO - DAG(s) 'northwind' retrieved from /opt/airflow/dags/northwind.py
[2025-06-27T19:08:36.716+0000] {logging_mixin.py:188} INFO - [2025-06-27T19:08:36.714+0000] {dag.py:3036} INFO - Sync 1 DAGs
[2025-06-27T19:08:36.823+0000] {logging_mixin.py:188} INFO - [2025-06-27T19:08:36.821+0000] {dag.py:3823} INFO - Setting next_dagrun for northwind to None, run_after=None
[2025-06-27T19:08:36.995+0000] {processor.py:183} INFO - Processing /opt/airflow/dags/northwind.py took 1.361 seconds
[2025-06-27T19:09:07.426+0000] {processor.py:161} INFO - Started process (PID=401) to work on /opt/airflow/dags/northwind.py
[2025-06-27T19:09:07.436+0000] {processor.py:830} INFO - Processing file /opt/airflow/dags/northwind.py for tasks to queue
[2025-06-27T19:09:07.445+0000] {logging_mixin.py:188} INFO - [2025-06-27T19:09:07.441+0000] {dagbag.py:538} INFO - Filling up the DagBag from /opt/airflow/dags/northwind.py
[2025-06-27T19:09:08.080+0000] {logging_mixin.py:188} INFO - [2025-06-27T19:09:08.075+0000] {templater.py:103} ERROR - Failed to get source /opt/meltano/scripts/load_meltano.sh
Traceback (most recent call last):
  File "/home/airflow/.local/lib/python3.10/site-packages/airflow/template/templater.py", line 101, in resolve_template_files
    content[i] = env.loader.get_source(env, item)[0]  # type: ignore
  File "/home/airflow/.local/lib/python3.10/site-packages/jinja2/loaders.py", line 204, in get_source
    raise TemplateNotFound(template)
jinja2.exceptions.TemplateNotFound: /opt/meltano/scripts/load_meltano.sh
[2025-06-27T19:09:08.108+0000] {processor.py:840} INFO - DAG(s) 'northwind' retrieved from /opt/airflow/dags/northwind.py
[2025-06-27T19:09:08.363+0000] {logging_mixin.py:188} INFO - [2025-06-27T19:09:08.361+0000] {dag.py:3036} INFO - Sync 1 DAGs
[2025-06-27T19:09:08.476+0000] {logging_mixin.py:188} INFO - [2025-06-27T19:09:08.475+0000] {dag.py:3823} INFO - Setting next_dagrun for northwind to None, run_after=None
[2025-06-27T19:09:08.629+0000] {processor.py:183} INFO - Processing /opt/airflow/dags/northwind.py took 1.233 seconds
[2025-06-27T19:09:38.938+0000] {processor.py:161} INFO - Started process (PID=406) to work on /opt/airflow/dags/northwind.py
[2025-06-27T19:09:38.962+0000] {processor.py:830} INFO - Processing file /opt/airflow/dags/northwind.py for tasks to queue
[2025-06-27T19:09:38.970+0000] {logging_mixin.py:188} INFO - [2025-06-27T19:09:38.968+0000] {dagbag.py:538} INFO - Filling up the DagBag from /opt/airflow/dags/northwind.py
[2025-06-27T19:09:39.589+0000] {logging_mixin.py:188} INFO - [2025-06-27T19:09:39.583+0000] {templater.py:103} ERROR - Failed to get source /opt/meltano/scripts/load_meltano.sh
Traceback (most recent call last):
  File "/home/airflow/.local/lib/python3.10/site-packages/airflow/template/templater.py", line 101, in resolve_template_files
    content[i] = env.loader.get_source(env, item)[0]  # type: ignore
  File "/home/airflow/.local/lib/python3.10/site-packages/jinja2/loaders.py", line 204, in get_source
    raise TemplateNotFound(template)
jinja2.exceptions.TemplateNotFound: /opt/meltano/scripts/load_meltano.sh
[2025-06-27T19:09:39.620+0000] {processor.py:840} INFO - DAG(s) 'northwind' retrieved from /opt/airflow/dags/northwind.py
[2025-06-27T19:09:39.885+0000] {logging_mixin.py:188} INFO - [2025-06-27T19:09:39.883+0000] {dag.py:3036} INFO - Sync 1 DAGs
[2025-06-27T19:09:39.995+0000] {logging_mixin.py:188} INFO - [2025-06-27T19:09:39.993+0000] {dag.py:3823} INFO - Setting next_dagrun for northwind to None, run_after=None
[2025-06-27T19:09:40.160+0000] {processor.py:183} INFO - Processing /opt/airflow/dags/northwind.py took 1.260 seconds
[2025-06-27T19:10:10.839+0000] {processor.py:161} INFO - Started process (PID=411) to work on /opt/airflow/dags/northwind.py
[2025-06-27T19:10:10.849+0000] {processor.py:830} INFO - Processing file /opt/airflow/dags/northwind.py for tasks to queue
[2025-06-27T19:10:10.856+0000] {logging_mixin.py:188} INFO - [2025-06-27T19:10:10.853+0000] {dagbag.py:538} INFO - Filling up the DagBag from /opt/airflow/dags/northwind.py
[2025-06-27T19:10:11.506+0000] {logging_mixin.py:188} INFO - [2025-06-27T19:10:11.500+0000] {templater.py:103} ERROR - Failed to get source /opt/meltano/scripts/load_meltano.sh
Traceback (most recent call last):
  File "/home/airflow/.local/lib/python3.10/site-packages/airflow/template/templater.py", line 101, in resolve_template_files
    content[i] = env.loader.get_source(env, item)[0]  # type: ignore
  File "/home/airflow/.local/lib/python3.10/site-packages/jinja2/loaders.py", line 204, in get_source
    raise TemplateNotFound(template)
jinja2.exceptions.TemplateNotFound: /opt/meltano/scripts/load_meltano.sh
[2025-06-27T19:10:11.537+0000] {processor.py:840} INFO - DAG(s) 'northwind' retrieved from /opt/airflow/dags/northwind.py
[2025-06-27T19:10:11.809+0000] {logging_mixin.py:188} INFO - [2025-06-27T19:10:11.808+0000] {dag.py:3036} INFO - Sync 1 DAGs
[2025-06-27T19:10:11.919+0000] {logging_mixin.py:188} INFO - [2025-06-27T19:10:11.917+0000] {dag.py:3823} INFO - Setting next_dagrun for northwind to None, run_after=None
[2025-06-27T19:10:12.095+0000] {processor.py:183} INFO - Processing /opt/airflow/dags/northwind.py took 1.286 seconds
[2025-06-27T19:10:42.927+0000] {processor.py:161} INFO - Started process (PID=416) to work on /opt/airflow/dags/northwind.py
[2025-06-27T19:10:42.936+0000] {processor.py:830} INFO - Processing file /opt/airflow/dags/northwind.py for tasks to queue
[2025-06-27T19:10:42.943+0000] {logging_mixin.py:188} INFO - [2025-06-27T19:10:42.940+0000] {dagbag.py:538} INFO - Filling up the DagBag from /opt/airflow/dags/northwind.py
[2025-06-27T19:10:41.022+0000] {logging_mixin.py:188} INFO - [2025-06-27T19:10:41.016+0000] {templater.py:103} ERROR - Failed to get source /opt/meltano/scripts/load_meltano.sh
Traceback (most recent call last):
  File "/home/airflow/.local/lib/python3.10/site-packages/airflow/template/templater.py", line 101, in resolve_template_files
    content[i] = env.loader.get_source(env, item)[0]  # type: ignore
  File "/home/airflow/.local/lib/python3.10/site-packages/jinja2/loaders.py", line 204, in get_source
    raise TemplateNotFound(template)
jinja2.exceptions.TemplateNotFound: /opt/meltano/scripts/load_meltano.sh
[2025-06-27T19:10:41.056+0000] {processor.py:840} INFO - DAG(s) 'northwind' retrieved from /opt/airflow/dags/northwind.py
[2025-06-27T19:10:41.352+0000] {logging_mixin.py:188} INFO - [2025-06-27T19:10:41.351+0000] {dag.py:3036} INFO - Sync 1 DAGs
[2025-06-27T19:10:41.445+0000] {logging_mixin.py:188} INFO - [2025-06-27T19:10:41.444+0000] {dag.py:3823} INFO - Setting next_dagrun for northwind to None, run_after=None
[2025-06-27T19:10:41.603+0000] {processor.py:183} INFO - Processing /opt/airflow/dags/northwind.py took 1.127 seconds
[2025-06-27T19:11:12.333+0000] {processor.py:161} INFO - Started process (PID=421) to work on /opt/airflow/dags/northwind.py
[2025-06-27T19:11:12.334+0000] {processor.py:830} INFO - Processing file /opt/airflow/dags/northwind.py for tasks to queue
[2025-06-27T19:11:12.336+0000] {logging_mixin.py:188} INFO - [2025-06-27T19:11:12.335+0000] {dagbag.py:538} INFO - Filling up the DagBag from /opt/airflow/dags/northwind.py
[2025-06-27T19:11:12.417+0000] {logging_mixin.py:188} INFO - [2025-06-27T19:11:12.417+0000] {templater.py:103} ERROR - Failed to get source /opt/meltano/scripts/load_meltano.sh
Traceback (most recent call last):
  File "/home/airflow/.local/lib/python3.10/site-packages/airflow/template/templater.py", line 101, in resolve_template_files
    content[i] = env.loader.get_source(env, item)[0]  # type: ignore
  File "/home/airflow/.local/lib/python3.10/site-packages/jinja2/loaders.py", line 204, in get_source
    raise TemplateNotFound(template)
jinja2.exceptions.TemplateNotFound: /opt/meltano/scripts/load_meltano.sh
[2025-06-27T19:11:12.422+0000] {processor.py:840} INFO - DAG(s) 'northwind' retrieved from /opt/airflow/dags/northwind.py
[2025-06-27T19:11:12.457+0000] {logging_mixin.py:188} INFO - [2025-06-27T19:11:12.457+0000] {dag.py:3036} INFO - Sync 1 DAGs
[2025-06-27T19:11:12.472+0000] {logging_mixin.py:188} INFO - [2025-06-27T19:11:12.471+0000] {dag.py:3823} INFO - Setting next_dagrun for northwind to None, run_after=None
[2025-06-27T19:11:12.508+0000] {processor.py:183} INFO - Processing /opt/airflow/dags/northwind.py took 0.181 seconds
[2025-06-27T19:11:42.704+0000] {processor.py:161} INFO - Started process (PID=426) to work on /opt/airflow/dags/northwind.py
[2025-06-27T19:11:42.719+0000] {processor.py:830} INFO - Processing file /opt/airflow/dags/northwind.py for tasks to queue
[2025-06-27T19:11:42.721+0000] {logging_mixin.py:188} INFO - [2025-06-27T19:11:42.720+0000] {dagbag.py:538} INFO - Filling up the DagBag from /opt/airflow/dags/northwind.py
[2025-06-27T19:11:43.229+0000] {logging_mixin.py:188} INFO - [2025-06-27T19:11:43.225+0000] {templater.py:103} ERROR - Failed to get source /opt/meltano/scripts/load_meltano.sh
Traceback (most recent call last):
  File "/home/airflow/.local/lib/python3.10/site-packages/airflow/template/templater.py", line 101, in resolve_template_files
    content[i] = env.loader.get_source(env, item)[0]  # type: ignore
  File "/home/airflow/.local/lib/python3.10/site-packages/jinja2/loaders.py", line 204, in get_source
    raise TemplateNotFound(template)
jinja2.exceptions.TemplateNotFound: /opt/meltano/scripts/load_meltano.sh
[2025-06-27T19:11:43.236+0000] {processor.py:840} INFO - DAG(s) 'northwind' retrieved from /opt/airflow/dags/northwind.py
[2025-06-27T19:11:43.320+0000] {logging_mixin.py:188} INFO - [2025-06-27T19:11:43.319+0000] {dag.py:3036} INFO - Sync 1 DAGs
[2025-06-27T19:11:43.357+0000] {logging_mixin.py:188} INFO - [2025-06-27T19:11:43.357+0000] {dag.py:3823} INFO - Setting next_dagrun for northwind to None, run_after=None
[2025-06-27T19:11:43.390+0000] {processor.py:183} INFO - Processing /opt/airflow/dags/northwind.py took 0.696 seconds
[2025-06-27T19:12:14.079+0000] {processor.py:161} INFO - Started process (PID=431) to work on /opt/airflow/dags/northwind.py
[2025-06-27T19:12:14.081+0000] {processor.py:830} INFO - Processing file /opt/airflow/dags/northwind.py for tasks to queue
[2025-06-27T19:12:14.083+0000] {logging_mixin.py:188} INFO - [2025-06-27T19:12:14.082+0000] {dagbag.py:538} INFO - Filling up the DagBag from /opt/airflow/dags/northwind.py
[2025-06-27T19:12:14.173+0000] {logging_mixin.py:188} INFO - [2025-06-27T19:12:14.172+0000] {templater.py:103} ERROR - Failed to get source /opt/meltano/scripts/load_meltano.sh
Traceback (most recent call last):
  File "/home/airflow/.local/lib/python3.10/site-packages/airflow/template/templater.py", line 101, in resolve_template_files
    content[i] = env.loader.get_source(env, item)[0]  # type: ignore
  File "/home/airflow/.local/lib/python3.10/site-packages/jinja2/loaders.py", line 204, in get_source
    raise TemplateNotFound(template)
jinja2.exceptions.TemplateNotFound: /opt/meltano/scripts/load_meltano.sh
[2025-06-27T19:12:14.177+0000] {processor.py:840} INFO - DAG(s) 'northwind' retrieved from /opt/airflow/dags/northwind.py
[2025-06-27T19:12:14.214+0000] {logging_mixin.py:188} INFO - [2025-06-27T19:12:14.214+0000] {dag.py:3036} INFO - Sync 1 DAGs
[2025-06-27T19:12:14.230+0000] {logging_mixin.py:188} INFO - [2025-06-27T19:12:14.230+0000] {dag.py:3823} INFO - Setting next_dagrun for northwind to None, run_after=None
[2025-06-27T19:12:14.253+0000] {processor.py:183} INFO - Processing /opt/airflow/dags/northwind.py took 0.183 seconds
[2025-06-27T19:12:45.196+0000] {processor.py:161} INFO - Started process (PID=436) to work on /opt/airflow/dags/northwind.py
[2025-06-27T19:12:45.206+0000] {processor.py:830} INFO - Processing file /opt/airflow/dags/northwind.py for tasks to queue
[2025-06-27T19:12:45.207+0000] {logging_mixin.py:188} INFO - [2025-06-27T19:12:45.207+0000] {dagbag.py:538} INFO - Filling up the DagBag from /opt/airflow/dags/northwind.py
[2025-06-27T19:12:45.290+0000] {logging_mixin.py:188} INFO - [2025-06-27T19:12:45.288+0000] {templater.py:103} ERROR - Failed to get source /opt/meltano/scripts/load_meltano.sh
Traceback (most recent call last):
  File "/home/airflow/.local/lib/python3.10/site-packages/airflow/template/templater.py", line 101, in resolve_template_files
    content[i] = env.loader.get_source(env, item)[0]  # type: ignore
  File "/home/airflow/.local/lib/python3.10/site-packages/jinja2/loaders.py", line 204, in get_source
    raise TemplateNotFound(template)
jinja2.exceptions.TemplateNotFound: /opt/meltano/scripts/load_meltano.sh
[2025-06-27T19:12:45.308+0000] {processor.py:840} INFO - DAG(s) 'northwind' retrieved from /opt/airflow/dags/northwind.py
[2025-06-27T19:12:45.430+0000] {logging_mixin.py:188} INFO - [2025-06-27T19:12:45.429+0000] {dag.py:3036} INFO - Sync 1 DAGs
[2025-06-27T19:12:45.442+0000] {logging_mixin.py:188} INFO - [2025-06-27T19:12:45.442+0000] {dag.py:3823} INFO - Setting next_dagrun for northwind to None, run_after=None
[2025-06-27T19:12:45.467+0000] {processor.py:183} INFO - Processing /opt/airflow/dags/northwind.py took 0.276 seconds
[2025-06-27T19:13:15.745+0000] {processor.py:161} INFO - Started process (PID=441) to work on /opt/airflow/dags/northwind.py
[2025-06-27T19:13:15.747+0000] {processor.py:830} INFO - Processing file /opt/airflow/dags/northwind.py for tasks to queue
[2025-06-27T19:13:15.748+0000] {logging_mixin.py:188} INFO - [2025-06-27T19:13:15.748+0000] {dagbag.py:538} INFO - Filling up the DagBag from /opt/airflow/dags/northwind.py
[2025-06-27T19:13:15.998+0000] {logging_mixin.py:188} INFO - [2025-06-27T19:13:15.982+0000] {templater.py:103} ERROR - Failed to get source /opt/meltano/scripts/load_meltano.sh
Traceback (most recent call last):
  File "/home/airflow/.local/lib/python3.10/site-packages/airflow/template/templater.py", line 101, in resolve_template_files
    content[i] = env.loader.get_source(env, item)[0]  # type: ignore
  File "/home/airflow/.local/lib/python3.10/site-packages/jinja2/loaders.py", line 204, in get_source
    raise TemplateNotFound(template)
jinja2.exceptions.TemplateNotFound: /opt/meltano/scripts/load_meltano.sh
[2025-06-27T19:13:16.066+0000] {processor.py:840} INFO - DAG(s) 'northwind' retrieved from /opt/airflow/dags/northwind.py
[2025-06-27T19:13:16.176+0000] {logging_mixin.py:188} INFO - [2025-06-27T19:13:16.173+0000] {dag.py:3036} INFO - Sync 1 DAGs
[2025-06-27T19:13:16.270+0000] {logging_mixin.py:188} INFO - [2025-06-27T19:13:16.269+0000] {dag.py:3823} INFO - Setting next_dagrun for northwind to None, run_after=None
[2025-06-27T19:13:16.347+0000] {processor.py:183} INFO - Processing /opt/airflow/dags/northwind.py took 0.606 seconds
[2025-06-27T19:13:46.701+0000] {processor.py:161} INFO - Started process (PID=446) to work on /opt/airflow/dags/northwind.py
[2025-06-27T19:13:46.703+0000] {processor.py:830} INFO - Processing file /opt/airflow/dags/northwind.py for tasks to queue
[2025-06-27T19:13:46.706+0000] {logging_mixin.py:188} INFO - [2025-06-27T19:13:46.705+0000] {dagbag.py:538} INFO - Filling up the DagBag from /opt/airflow/dags/northwind.py
[2025-06-27T19:13:46.784+0000] {logging_mixin.py:188} INFO - [2025-06-27T19:13:46.783+0000] {templater.py:103} ERROR - Failed to get source /opt/meltano/scripts/load_meltano.sh
Traceback (most recent call last):
  File "/home/airflow/.local/lib/python3.10/site-packages/airflow/template/templater.py", line 101, in resolve_template_files
    content[i] = env.loader.get_source(env, item)[0]  # type: ignore
  File "/home/airflow/.local/lib/python3.10/site-packages/jinja2/loaders.py", line 204, in get_source
    raise TemplateNotFound(template)
jinja2.exceptions.TemplateNotFound: /opt/meltano/scripts/load_meltano.sh
[2025-06-27T19:13:46.789+0000] {processor.py:840} INFO - DAG(s) 'northwind' retrieved from /opt/airflow/dags/northwind.py
[2025-06-27T19:13:46.841+0000] {logging_mixin.py:188} INFO - [2025-06-27T19:13:46.840+0000] {dag.py:3036} INFO - Sync 1 DAGs
[2025-06-27T19:13:46.857+0000] {logging_mixin.py:188} INFO - [2025-06-27T19:13:46.857+0000] {dag.py:3823} INFO - Setting next_dagrun for northwind to None, run_after=None
[2025-06-27T19:13:46.878+0000] {processor.py:183} INFO - Processing /opt/airflow/dags/northwind.py took 0.185 seconds
[2025-06-27T19:14:17.443+0000] {processor.py:161} INFO - Started process (PID=451) to work on /opt/airflow/dags/northwind.py
[2025-06-27T19:14:17.446+0000] {processor.py:830} INFO - Processing file /opt/airflow/dags/northwind.py for tasks to queue
[2025-06-27T19:14:17.448+0000] {logging_mixin.py:188} INFO - [2025-06-27T19:14:17.447+0000] {dagbag.py:538} INFO - Filling up the DagBag from /opt/airflow/dags/northwind.py
[2025-06-27T19:14:17.622+0000] {logging_mixin.py:188} INFO - [2025-06-27T19:14:17.620+0000] {templater.py:103} ERROR - Failed to get source /opt/meltano/scripts/load_meltano.sh
Traceback (most recent call last):
  File "/home/airflow/.local/lib/python3.10/site-packages/airflow/template/templater.py", line 101, in resolve_template_files
    content[i] = env.loader.get_source(env, item)[0]  # type: ignore
  File "/home/airflow/.local/lib/python3.10/site-packages/jinja2/loaders.py", line 204, in get_source
    raise TemplateNotFound(template)
jinja2.exceptions.TemplateNotFound: /opt/meltano/scripts/load_meltano.sh
[2025-06-27T19:14:17.634+0000] {processor.py:840} INFO - DAG(s) 'northwind' retrieved from /opt/airflow/dags/northwind.py
[2025-06-27T19:14:17.705+0000] {logging_mixin.py:188} INFO - [2025-06-27T19:14:17.705+0000] {dag.py:3036} INFO - Sync 1 DAGs
[2025-06-27T19:14:17.723+0000] {logging_mixin.py:188} INFO - [2025-06-27T19:14:17.723+0000] {dag.py:3823} INFO - Setting next_dagrun for northwind to None, run_after=None
[2025-06-27T19:14:17.750+0000] {processor.py:183} INFO - Processing /opt/airflow/dags/northwind.py took 0.314 seconds
[2025-06-27T19:14:48.802+0000] {processor.py:161} INFO - Started process (PID=456) to work on /opt/airflow/dags/northwind.py
[2025-06-27T19:14:48.805+0000] {processor.py:830} INFO - Processing file /opt/airflow/dags/northwind.py for tasks to queue
[2025-06-27T19:14:48.806+0000] {logging_mixin.py:188} INFO - [2025-06-27T19:14:48.806+0000] {dagbag.py:538} INFO - Filling up the DagBag from /opt/airflow/dags/northwind.py
[2025-06-27T19:14:48.958+0000] {logging_mixin.py:188} INFO - [2025-06-27T19:14:48.956+0000] {templater.py:103} ERROR - Failed to get source /opt/meltano/scripts/load_meltano.sh
Traceback (most recent call last):
  File "/home/airflow/.local/lib/python3.10/site-packages/airflow/template/templater.py", line 101, in resolve_template_files
    content[i] = env.loader.get_source(env, item)[0]  # type: ignore
  File "/home/airflow/.local/lib/python3.10/site-packages/jinja2/loaders.py", line 204, in get_source
    raise TemplateNotFound(template)
jinja2.exceptions.TemplateNotFound: /opt/meltano/scripts/load_meltano.sh
[2025-06-27T19:14:48.965+0000] {processor.py:840} INFO - DAG(s) 'northwind' retrieved from /opt/airflow/dags/northwind.py
[2025-06-27T19:14:49.021+0000] {logging_mixin.py:188} INFO - [2025-06-27T19:14:49.020+0000] {dag.py:3036} INFO - Sync 1 DAGs
[2025-06-27T19:14:49.048+0000] {logging_mixin.py:188} INFO - [2025-06-27T19:14:49.047+0000] {dag.py:3823} INFO - Setting next_dagrun for northwind to None, run_after=None
[2025-06-27T19:14:49.100+0000] {processor.py:183} INFO - Processing /opt/airflow/dags/northwind.py took 0.306 seconds
[2025-06-27T19:15:19.167+0000] {processor.py:161} INFO - Started process (PID=461) to work on /opt/airflow/dags/northwind.py
[2025-06-27T19:15:19.170+0000] {processor.py:830} INFO - Processing file /opt/airflow/dags/northwind.py for tasks to queue
[2025-06-27T19:15:19.173+0000] {logging_mixin.py:188} INFO - [2025-06-27T19:15:19.172+0000] {dagbag.py:538} INFO - Filling up the DagBag from /opt/airflow/dags/northwind.py
[2025-06-27T19:15:19.354+0000] {logging_mixin.py:188} INFO - [2025-06-27T19:15:19.353+0000] {templater.py:103} ERROR - Failed to get source /opt/meltano/scripts/load_meltano.sh
Traceback (most recent call last):
  File "/home/airflow/.local/lib/python3.10/site-packages/airflow/template/templater.py", line 101, in resolve_template_files
    content[i] = env.loader.get_source(env, item)[0]  # type: ignore
  File "/home/airflow/.local/lib/python3.10/site-packages/jinja2/loaders.py", line 204, in get_source
    raise TemplateNotFound(template)
jinja2.exceptions.TemplateNotFound: /opt/meltano/scripts/load_meltano.sh
[2025-06-27T19:15:19.365+0000] {processor.py:840} INFO - DAG(s) 'northwind' retrieved from /opt/airflow/dags/northwind.py
[2025-06-27T19:15:19.439+0000] {logging_mixin.py:188} INFO - [2025-06-27T19:15:19.439+0000] {dag.py:3036} INFO - Sync 1 DAGs
[2025-06-27T19:15:19.470+0000] {logging_mixin.py:188} INFO - [2025-06-27T19:15:19.469+0000] {dag.py:3823} INFO - Setting next_dagrun for northwind to None, run_after=None
[2025-06-27T19:15:19.530+0000] {processor.py:183} INFO - Processing /opt/airflow/dags/northwind.py took 0.374 seconds
