[2025-07-01T21:53:11.184+0000] {taskinstance.py:1956} INFO - Dependencies all met for dep_context=non-requeueable deps ti=<TaskInstance: northwind.gerar_config_csv_dinamica manual__2025-07-01T21:52:34.958775+00:00 [queued]>
[2025-07-01T21:53:11.193+0000] {taskinstance.py:1956} INFO - Dependencies all met for dep_context=requeueable deps ti=<TaskInstance: northwind.gerar_config_csv_dinamica manual__2025-07-01T21:52:34.958775+00:00 [queued]>
[2025-07-01T21:53:11.193+0000] {taskinstance.py:2170} INFO - Starting attempt 1 of 2
[2025-07-01T21:53:11.205+0000] {taskinstance.py:2191} INFO - Executing <Task(DockerOperator): gerar_config_csv_dinamica> on 2025-07-01 21:52:34.958775+00:00
[2025-07-01T21:53:11.209+0000] {standard_task_runner.py:60} INFO - Started process 179 to run task
[2025-07-01T21:53:11.212+0000] {standard_task_runner.py:87} INFO - Running: ['***', 'tasks', 'run', 'northwind', 'gerar_config_csv_dinamica', 'manual__2025-07-01T21:52:34.958775+00:00', '--job-id', '10', '--raw', '--subdir', 'DAGS_FOLDER/northwind.py', '--cfg-path', '/tmp/tmpoim3g84f']
[2025-07-01T21:53:11.214+0000] {standard_task_runner.py:88} INFO - Job 10: Subtask gerar_config_csv_dinamica
[2025-07-01T21:53:11.261+0000] {task_command.py:423} INFO - Running <TaskInstance: northwind.gerar_config_csv_dinamica manual__2025-07-01T21:52:34.958775+00:00 [running]> on host e62fc41f1c39
[2025-07-01T21:53:11.333+0000] {taskinstance.py:2480} INFO - Exporting env vars: AIRFLOW_CTX_DAG_EMAIL='lrbf@cin.ufpe.br' AIRFLOW_CTX_DAG_OWNER='***' AIRFLOW_CTX_DAG_ID='northwind' AIRFLOW_CTX_TASK_ID='gerar_config_csv_dinamica' AIRFLOW_CTX_EXECUTION_DATE='2025-07-01T21:52:34.958775+00:00' AIRFLOW_CTX_TRY_NUMBER='1' AIRFLOW_CTX_DAG_RUN_ID='manual__2025-07-01T21:52:34.958775+00:00'
[2025-07-01T21:53:11.385+0000] {docker.py:359} INFO - Starting docker container from image meltano:latest
[2025-07-01T21:53:11.656+0000] {docker.py:429} INFO - Running meltano install...
[2025-07-01T21:53:12.818+0000] {docker.py:429} INFO - [2m2025-07-01T21:53:12.817964Z[0m [[32m[1minfo     [0m] [1mInstalling 7 plugins          [0m
[2025-07-01T21:53:12.827+0000] {docker.py:429} INFO - [2m2025-07-01T21:53:12.826804Z[0m [[32m[1minfo     [0m] [1mInstalling extractor 'tap-postgres'[0m
[2025-07-01T21:53:12.842+0000] {docker.py:429} INFO - [2m2025-07-01T21:53:12.841206Z[0m [[32m[1minfo     [0m] [1mInstalling extractor 'tap-csv'[0m
[2025-07-01T21:53:12.859+0000] {docker.py:429} INFO - [2m2025-07-01T21:53:12.858420Z[0m [[32m[1minfo     [0m] [1mInstalling extractor 'tap-csv-latest'[0m
[2025-07-01T21:53:12.881+0000] {docker.py:429} INFO - [2m2025-07-01T21:53:12.880307Z[0m [[32m[1minfo     [0m] [1mInstalling loader 'target-postgres'[0m
[2025-07-01T21:53:12.904+0000] {docker.py:429} INFO - [2m2025-07-01T21:53:12.903167Z[0m [[32m[1minfo     [0m] [1mInstalling loader 'target-csv'[0m
[2025-07-01T21:53:12.939+0000] {docker.py:429} INFO - [2m2025-07-01T21:53:12.938316Z[0m [[32m[1minfo     [0m] [1mInstalling loader 'target-csv-postgres'[0m
[2025-07-01T21:53:12.976+0000] {docker.py:429} INFO - [2m2025-07-01T21:53:12.975532Z[0m [[32m[1minfo     [0m] [1mInstalling loader 'target-csv-csv'[0m
[2025-07-01T21:53:14.444+0000] {docker.py:429} INFO - [2m2025-07-01T21:53:14.443274Z[0m [[32m[1minfo     [0m] [1mInstalled extractor 'tap-postgres'[0m
[2025-07-01T21:53:14.464+0000] {docker.py:429} INFO - [2m2025-07-01T21:53:14.464152Z[0m [[32m[1minfo     [0m] [1mInstalled loader 'target-postgres'[0m
[2025-07-01T21:53:17.791+0000] {docker.py:429} INFO - [2m2025-07-01T21:53:17.787406Z[0m [[32m[1minfo     [0m] [1mInstalled extractor 'tap-csv-latest'[0m
[2025-07-01T21:53:18.828+0000] {docker.py:429} INFO - [2m2025-07-01T21:53:18.827714Z[0m [[32m[1minfo     [0m] [1mInstalled loader 'target-csv' [0m
[2025-07-01T21:53:19.425+0000] {docker.py:429} INFO - [2m2025-07-01T21:53:19.424785Z[0m [[32m[1minfo     [0m] [1mInstalled extractor 'tap-csv' [0m
[2025-07-01T21:53:20.996+0000] {docker.py:429} INFO - [2m2025-07-01T21:53:20.995487Z[0m [[32m[1minfo     [0m] [1mInstalled loader 'target-csv-postgres'[0m
[2025-07-01T21:53:21.007+0000] {docker.py:429} INFO - [2m2025-07-01T21:53:21.007258Z[0m [[32m[1minfo     [0m] [1mInstalled loader 'target-csv-csv'[0m
[2m2025-07-01T21:53:21.007537Z[0m [[32m[1minfo     [0m] [1mInstalled 7/7 plugins         [0m
[2025-07-01T21:53:21.780+0000] {docker.py:429} INFO - Meltano install completed. Executing command: python /opt/meltano/scripts/generate_csv_config.py
[2025-07-01T21:53:21.810+0000] {docker.py:429} INFO - {"files": [{"entity": "order_details", "path": "/opt/output_data/csv/order_details/2025-07-01/file.csv", "keys": ["order_id", "product_id"], "delimiter": ",", "encoding": "utf-8"}, {"entity": "public-categories", "path": "/opt/output_data/postgres/public-categories/2025-07-01/file.csv", "keys": ["category_id"], "delimiter": ",", "encoding": "utf-8"}, {"entity": "public-products", "path": "/opt/output_data/postgres/public-products/2025-07-01/file.csv", "keys": ["product_id"], "delimiter": ",", "encoding": "utf-8"}, {"entity": "public-suppliers", "path": "/opt/output_data/postgres/public-suppliers/2025-07-01/file.csv", "keys": ["supplier_id"], "delimiter": ",", "encoding": "utf-8"}, {"entity": "public-orders", "path": "/opt/output_data/postgres/public-orders/2025-07-01/file.csv", "keys": ["order_id"], "delimiter": ",", "encoding": "utf-8"}, {"entity": "public-customers", "path": "/opt/output_data/postgres/public-customers/2025-07-01/file.csv", "keys": ["customer_id"], "delimiter": ",", "encoding": "utf-8"}, {"entity": "public-employees", "path": "/opt/output_data/postgres/public-employees/2025-07-01/file.csv", "keys": ["employee_id"], "delimiter": ",", "encoding": "utf-8"}, {"entity": "public-employee_territories", "path": "/opt/output_data/postgres/public-employee_territories/2025-07-01/file.csv", "keys": ["employee_id", "territory_id"], "delimiter": ",", "encoding": "utf-8"}, {"entity": "public-territories", "path": "/opt/output_data/postgres/public-territories/2025-07-01/file.csv", "keys": ["territory_id"], "delimiter": ",", "encoding": "utf-8"}, {"entity": "public-region", "path": "/opt/output_data/postgres/public-region/2025-07-01/file.csv", "keys": ["region_id"], "delimiter": ",", "encoding": "utf-8"}, {"entity": "public-shippers", "path": "/opt/output_data/postgres/public-shippers/2025-07-01/file.csv", "keys": ["shipper_id"], "delimiter": ",", "encoding": "utf-8"}, {"entity": "public-us_states", "path": "/opt/output_data/postgres/public-us_states/2025-07-01/file.csv", "keys": ["state_id"], "delimiter": ",", "encoding": "utf-8"}]}
[2025-07-01T21:53:22.040+0000] {taskinstance.py:1138} INFO - Marking task as SUCCESS. dag_id=northwind, task_id=gerar_config_csv_dinamica, execution_date=20250701T215234, start_date=20250701T215311, end_date=20250701T215322
[2025-07-01T21:53:22.086+0000] {local_task_job_runner.py:234} INFO - Task exited with return code 0
[2025-07-01T21:53:22.101+0000] {taskinstance.py:3280} INFO - 1 downstream tasks scheduled from follow-on schedule check
