[2025-07-09T20:49:49.955+0000] {taskinstance.py:1956} INFO - Dependencies all met for dep_context=non-requeueable deps ti=<TaskInstance: northwind.gerar_config_csv_dinamica manual__2025-07-09T20:49:20.073907+00:00 [queued]>
[2025-07-09T20:49:49.963+0000] {taskinstance.py:1956} INFO - Dependencies all met for dep_context=requeueable deps ti=<TaskInstance: northwind.gerar_config_csv_dinamica manual__2025-07-09T20:49:20.073907+00:00 [queued]>
[2025-07-09T20:49:49.963+0000] {taskinstance.py:2170} INFO - Starting attempt 1 of 2
[2025-07-09T20:49:49.974+0000] {taskinstance.py:2191} INFO - Executing <Task(DockerOperator): gerar_config_csv_dinamica> on 2025-07-09 20:49:20.073907+00:00
[2025-07-09T20:49:49.977+0000] {standard_task_runner.py:60} INFO - Started process 189 to run task
[2025-07-09T20:49:49.981+0000] {standard_task_runner.py:87} INFO - Running: ['***', 'tasks', 'run', 'northwind', 'gerar_config_csv_dinamica', 'manual__2025-07-09T20:49:20.073907+00:00', '--job-id', '95', '--raw', '--subdir', 'DAGS_FOLDER/northwind.py', '--cfg-path', '/tmp/tmpkcd2vofv']
[2025-07-09T20:49:49.983+0000] {standard_task_runner.py:88} INFO - Job 95: Subtask gerar_config_csv_dinamica
[2025-07-09T20:49:50.025+0000] {task_command.py:423} INFO - Running <TaskInstance: northwind.gerar_config_csv_dinamica manual__2025-07-09T20:49:20.073907+00:00 [running]> on host 9d65785a077b
[2025-07-09T20:49:50.093+0000] {taskinstance.py:2480} INFO - Exporting env vars: AIRFLOW_CTX_DAG_EMAIL='lrbf@cin.ufpe.br' AIRFLOW_CTX_DAG_OWNER='***' AIRFLOW_CTX_DAG_ID='northwind' AIRFLOW_CTX_TASK_ID='gerar_config_csv_dinamica' AIRFLOW_CTX_EXECUTION_DATE='2025-07-09T20:49:20.073907+00:00' AIRFLOW_CTX_TRY_NUMBER='1' AIRFLOW_CTX_DAG_RUN_ID='manual__2025-07-09T20:49:20.073907+00:00'
[2025-07-09T20:49:50.154+0000] {docker.py:359} INFO - Starting docker container from image meltano:latest
[2025-07-09T20:49:50.413+0000] {docker.py:429} INFO - Running meltano install...
[2025-07-09T20:49:51.879+0000] {docker.py:429} INFO - [2m2025-07-09T20:49:51.878781Z[0m [[32m[1minfo     [0m] [1mInstalling 7 plugins          [0m
[2025-07-09T20:49:51.891+0000] {docker.py:429} INFO - [2m2025-07-09T20:49:51.890332Z[0m [[32m[1minfo     [0m] [1mInstalling extractor 'tap-postgres'[0m
[2025-07-09T20:49:51.915+0000] {docker.py:429} INFO - [2m2025-07-09T20:49:51.914760Z[0m [[32m[1minfo     [0m] [1mInstalling extractor 'tap-csv'[0m
[2025-07-09T20:49:51.941+0000] {docker.py:429} INFO - [2m2025-07-09T20:49:51.940344Z[0m [[32m[1minfo     [0m] [1mInstalling extractor 'tap-csv-latest'[0m
[2025-07-09T20:49:51.969+0000] {docker.py:429} INFO - [2m2025-07-09T20:49:51.968389Z[0m [[32m[1minfo     [0m] [1mInstalling loader 'target-postgres'[0m
[2025-07-09T20:49:52.003+0000] {docker.py:429} INFO - [2m2025-07-09T20:49:52.001526Z[0m [[32m[1minfo     [0m] [1mInstalling loader 'target-csv'[0m
[2025-07-09T20:49:52.043+0000] {docker.py:429} INFO - [2m2025-07-09T20:49:52.042627Z[0m [[32m[1minfo     [0m] [1mInstalling loader 'target-csv-postgres'[0m
[2025-07-09T20:49:52.080+0000] {docker.py:429} INFO - [2m2025-07-09T20:49:52.079105Z[0m [[32m[1minfo     [0m] [1mInstalling loader 'target-csv-csv'[0m
[2025-07-09T20:49:53.309+0000] {docker.py:429} INFO - [2m2025-07-09T20:49:53.308723Z[0m [[32m[1minfo     [0m] [1mInstalled extractor 'tap-postgres'[0m
[2025-07-09T20:49:53.365+0000] {docker.py:429} INFO - [2m2025-07-09T20:49:53.364917Z[0m [[32m[1minfo     [0m] [1mInstalled loader 'target-postgres'[0m
[2025-07-09T20:49:54.744+0000] {docker.py:429} INFO - [2m2025-07-09T20:49:54.743971Z[0m [[32m[1minfo     [0m] [1mInstalled extractor 'tap-csv' [0m
[2025-07-09T20:49:54.869+0000] {docker.py:429} INFO - [2m2025-07-09T20:49:54.869167Z[0m [[32m[1minfo     [0m] [1mInstalled extractor 'tap-csv-latest'[0m
[2025-07-09T20:49:55.870+0000] {docker.py:429} INFO - [2m2025-07-09T20:49:55.869493Z[0m [[32m[1minfo     [0m] [1mInstalled loader 'target-csv' [0m
[2025-07-09T20:49:56.011+0000] {docker.py:429} INFO - [2m2025-07-09T20:49:56.010632Z[0m [[32m[1minfo     [0m] [1mInstalled loader 'target-csv-csv'[0m
[2025-07-09T20:49:56.072+0000] {docker.py:429} INFO - [2m2025-07-09T20:49:56.071396Z[0m [[32m[1minfo     [0m] [1mInstalled loader 'target-csv-postgres'[0m
[2m2025-07-09T20:49:56.071666Z[0m [[32m[1minfo     [0m] [1mInstalled 7/7 plugins         [0m
[2025-07-09T20:49:56.862+0000] {docker.py:429} INFO - Meltano install completed. Executing command: python /opt/meltano/scripts/generate_csv_config.py
[2025-07-09T20:49:56.910+0000] {docker.py:429} INFO - [{"entity": "order_details", "path": "/opt/output_data/csv/order_details/2025-07-09/file.csv", "keys": ["order_id", "product_id"], "delimiter": ",", "encoding": "utf-8"}, {"entity": "public-categories", "path": "/opt/output_data/postgres/public-categories/2025-07-09/file.csv", "keys": ["category_id"], "delimiter": ",", "encoding": "utf-8"}, {"entity": "public-products", "path": "/opt/output_data/postgres/public-products/2025-07-09/file.csv", "keys": ["product_id"], "delimiter": ",", "encoding": "utf-8"}, {"entity": "public-suppliers", "path": "/opt/output_data/postgres/public-suppliers/2025-07-09/file.csv", "keys": ["supplier_id"], "delimiter": ",", "encoding": "utf-8"}, {"entity": "public-orders", "path": "/opt/output_data/postgres/public-orders/2025-07-09/file.csv", "keys": ["order_id"], "delimiter": ",", "encoding": "utf-8"}, {"entity": "public-customers", "path": "/opt/output_data/postgres/public-customers/2025-07-09/file.csv", "keys": ["customer_id"], "delimiter": ",", "encoding": "utf-8"}, {"entity": "public-employees", "path": "/opt/output_data/postgres/public-employees/2025-07-09/file.csv", "keys": ["employee_id"], "delimiter": ",", "encoding": "utf-8"}, {"entity": "public-employee_territories", "path": "/opt/output_data/postgres/public-employee_territories/2025-07-09/file.csv", "keys": ["employee_id", "territory_id"], "delimiter": ",", "encoding": "utf-8"}, {"entity": "public-territories", "path": "/opt/output_data/postgres/public-territories/2025-07-09/file.csv", "keys": ["territory_id"], "delimiter": ",", "encoding": "utf-8"}, {"entity": "public-region", "path": "/opt/output_data/postgres/public-region/2025-07-09/file.csv", "keys": ["region_id"], "delimiter": ",", "encoding": "utf-8"}, {"entity": "public-shippers", "path": "/opt/output_data/postgres/public-shippers/2025-07-09/file.csv", "keys": ["shipper_id"], "delimiter": ",", "encoding": "utf-8"}, {"entity": "public-us_states", "path": "/opt/output_data/postgres/public-us_states/2025-07-09/file.csv", "keys": ["state_id"], "delimiter": ",", "encoding": "utf-8"}]
[2025-07-09T20:49:57.116+0000] {taskinstance.py:1138} INFO - Marking task as SUCCESS. dag_id=northwind, task_id=gerar_config_csv_dinamica, execution_date=20250709T204920, start_date=20250709T204949, end_date=20250709T204957
[2025-07-09T20:49:57.146+0000] {local_task_job_runner.py:234} INFO - Task exited with return code 0
[2025-07-09T20:49:57.165+0000] {taskinstance.py:3280} INFO - 1 downstream tasks scheduled from follow-on schedule check
