[2025-06-17T20:34:19.149+0000] {taskinstance.py:1956} INFO - Dependencies all met for dep_context=non-requeueable deps ti=<TaskInstance: northwind.extração_postgres manual__2025-06-17T20:34:18.056209+00:00 [queued]>
[2025-06-17T20:34:19.166+0000] {taskinstance.py:1956} INFO - Dependencies all met for dep_context=requeueable deps ti=<TaskInstance: northwind.extração_postgres manual__2025-06-17T20:34:18.056209+00:00 [queued]>
[2025-06-17T20:34:19.167+0000] {taskinstance.py:2170} INFO - Starting attempt 1 of 2
[2025-06-17T20:34:19.182+0000] {taskinstance.py:2191} INFO - Executing <Task(DockerOperator): extração_postgres> on 2025-06-17 20:34:18.056209+00:00
[2025-06-17T20:34:19.187+0000] {standard_task_runner.py:60} INFO - Started process 175 to run task
[2025-06-17T20:34:19.195+0000] {standard_task_runner.py:87} INFO - Running: ['***', 'tasks', 'run', 'northwind', 'extração_postgres', 'manual__2025-06-17T20:34:18.056209+00:00', '--job-id', '2', '--raw', '--subdir', 'DAGS_FOLDER/dag.py', '--cfg-path', '/tmp/tmpy49hk6zg']
[2025-06-17T20:34:19.212+0000] {standard_task_runner.py:88} INFO - Job 2: Subtask extração_postgres
[2025-06-17T20:34:19.335+0000] {task_command.py:423} INFO - Running <TaskInstance: northwind.extração_postgres manual__2025-06-17T20:34:18.056209+00:00 [running]> on host bb5b68c5e47d
[2025-06-17T20:34:19.457+0000] {taskinstance.py:2480} INFO - Exporting env vars: AIRFLOW_CTX_DAG_EMAIL='lrbf@cin.ufpe.br' AIRFLOW_CTX_DAG_OWNER='***' AIRFLOW_CTX_DAG_ID='northwind' AIRFLOW_CTX_TASK_ID='extração_postgres' AIRFLOW_CTX_EXECUTION_DATE='2025-06-17T20:34:18.056209+00:00' AIRFLOW_CTX_TRY_NUMBER='1' AIRFLOW_CTX_DAG_RUN_ID='manual__2025-06-17T20:34:18.056209+00:00'
[2025-06-17T20:34:19.567+0000] {docker.py:359} INFO - Starting docker container from image indicium_pipeline-meltano:latest
[2025-06-17T20:34:21.510+0000] {docker.py:429} INFO - [2m2025-06-17T20:34:21.509672Z[0m [[32m[1minfo     [0m] [1mEnvironment 'dev' is active   [0m
[2025-06-17T20:34:21.786+0000] {docker.py:429} INFO - [2m2025-06-17T20:34:21.785377Z[0m [[33m[1mwarning  [0m] [1mThe `elt` command is deprecated in favor of `el`[0m
[2025-06-17T20:34:22.189+0000] {docker.py:429} INFO - [2m2025-06-17T20:34:22.188725Z[0m [[32m[1minfo     [0m] [1mRunning extract & load...     [0m [36mname[0m=[35mmeltano[0m [36mrun_id[0m=[35me559f08b-0a3c-4a45-a96e-d1482bfcbf48[0m [36mstate_id[0m=[35m2025-06-17T203421--tap-postgres--target-csv-postgres[0m
[2025-06-17T20:34:22.424+0000] {docker.py:429} INFO - [2m2025-06-17T20:34:22.423483Z[0m [[32m[1minfo     [0m] [1mUsing systemdb state backend  [0m
[2025-06-17T20:34:22.426+0000] {docker.py:429} INFO - [2m2025-06-17T20:34:22.425261Z[0m [[33m[1mwarning  [0m] [1mNo state was found, complete import.[0m
[2025-06-17T20:34:22.431+0000] {docker.py:429} INFO - [2m2025-06-17T20:34:22.429869Z[0m [[32m[1minfo     [0m] [1mUsing custom catalog in /opt/meltano/catalog_discovery.json[0m
[2025-06-17T20:34:22.443+0000] {docker.py:429} INFO - [2m2025-06-17T20:34:22.442725Z[0m [[32m[1minfo     [0m] [1mELT could not be completed: Cannot start extractor: Executable 'tap-postgres' could not be found. Extractor 'tap-postgres' may not have been installed yet using `meltano install extractor tap-postgres`, or the executable name may be incorrect..[0m [36mcmd_type[0m=[35melt[0m [36mname[0m=[35mmeltano[0m [36mrun_id[0m=[35me559f08b-0a3c-4a45-a96e-d1482bfcbf48[0m [36mstate_id[0m=[35m2025-06-17T203421--tap-postgres--target-csv-postgres[0m [36mstdio[0m=[35mstderr[0m
[2m2025-06-17T20:34:22.442962Z[0m [[32m[1minfo     [0m] [1mFor more detailed log messages re-run the command using 'meltano --log-level=debug ...' CLI flag.[0m [36mcmd_type[0m=[35melt[0m [36mname[0m=[35mmeltano[0m [36mrun_id[0m=[35me559f08b-0a3c-4a45-a96e-d1482bfcbf48[0m [36mstate_id[0m=[35m2025-06-17T203421--tap-postgres--target-csv-postgres[0m [36mstdio[0m=[35mstderr[0m
[2025-06-17T20:34:22.443+0000] {docker.py:429} INFO - [2m2025-06-17T20:34:22.443101Z[0m [[32m[1minfo     [0m] [1mNote that you can also check the generated log file at '/opt/meltano/.meltano/logs/elt/2025-06-17T203421--tap-postgres--target-csv-postgres/e559f08b-0a3c-4a45-a96e-d1482bfcbf48/elt.log'.[0m [36mcmd_type[0m=[35melt[0m [36mname[0m=[35mmeltano[0m [36mrun_id[0m=[35me559f08b-0a3c-4a45-a96e-d1482bfcbf48[0m [36mstate_id[0m=[35m2025-06-17T203421--tap-postgres--target-csv-postgres[0m [36mstdio[0m=[35mstderr[0m
[2025-06-17T20:34:22.444+0000] {docker.py:429} INFO - [2m2025-06-17T20:34:22.443233Z[0m [[32m[1minfo     [0m] [1mFor more information on debugging and logging: https://docs.meltano.com/reference/command-line-interface#debugging[0m [36mcmd_type[0m=[35melt[0m [36mname[0m=[35mmeltano[0m [36mrun_id[0m=[35me559f08b-0a3c-4a45-a96e-d1482bfcbf48[0m [36mstate_id[0m=[35m2025-06-17T203421--tap-postgres--target-csv-postgres[0m [36mstdio[0m=[35mstderr[0m
[2025-06-17T20:34:22.454+0000] {docker.py:429} INFO - Need help fixing this problem? Visit http://melta.no/ for troubleshooting steps, or to
join our friendly Slack community.

ELT could not be completed: Cannot start extractor: Executable 'tap-postgres' could not be found. Extractor 'tap-postgres' may not have been installed yet using `meltano install extractor tap-postgres`, or the executable name may be incorrect..
For more detailed log messages re-run the command using 'meltano --log-level=debug ...' CLI flag.
Note that you can also check the generated log file at '/opt/meltano/.meltano/logs/elt/2025-06-17T203421--tap-postgres--target-csv-postgres/e559f08b-0a3c-4a45-a96e-d1482bfcbf48/elt.log'.
For more information on debugging and logging: https://docs.meltano.com/reference/command-line-interface#debugging
[2025-06-17T20:34:23.609+0000] {taskinstance.py:2698} ERROR - Task failed with exception
Traceback (most recent call last):
  File "/home/airflow/.local/lib/python3.10/site-packages/airflow/models/taskinstance.py", line 433, in _execute_task
    result = execute_callable(context=context, **execute_callable_kwargs)
  File "/home/airflow/.local/lib/python3.10/site-packages/airflow/providers/docker/operators/docker.py", line 502, in execute
    return self._run_image()
  File "/home/airflow/.local/lib/python3.10/site-packages/airflow/providers/docker/operators/docker.py", line 376, in _run_image
    return self._run_image_with_mounts(self.mounts, add_tmp_variable=False)
  File "/home/airflow/.local/lib/python3.10/site-packages/airflow/providers/docker/operators/docker.py", line 437, in _run_image_with_mounts
    raise DockerContainerFailedException(f"Docker container failed: {result!r}", logs=log_lines)
airflow.providers.docker.exceptions.DockerContainerFailedException: Docker container failed: {'StatusCode': 1}
[2025-06-17T20:34:23.613+0000] {taskinstance.py:1138} INFO - Marking task as UP_FOR_RETRY. dag_id=northwind, task_id=extração_postgres, execution_date=20250617T203418, start_date=20250617T203419, end_date=20250617T203423
[2025-06-17T20:34:23.627+0000] {standard_task_runner.py:107} ERROR - Failed to execute job 2 for task extração_postgres (Docker container failed: {'StatusCode': 1}; 175)
[2025-06-17T20:34:23.645+0000] {local_task_job_runner.py:234} INFO - Task exited with return code 1
[2025-06-17T20:34:23.673+0000] {taskinstance.py:3280} INFO - 0 downstream tasks scheduled from follow-on schedule check
