[2025-07-07T20:53:55.761+0000] {taskinstance.py:1956} INFO - Dependencies all met for dep_context=non-requeueable deps ti=<TaskInstance: northwind.extração_csv manual__2025-07-07T20:50:46.614225+00:00 [queued]>
[2025-07-07T20:53:55.834+0000] {taskinstance.py:1956} INFO - Dependencies all met for dep_context=requeueable deps ti=<TaskInstance: northwind.extração_csv manual__2025-07-07T20:50:46.614225+00:00 [queued]>
[2025-07-07T20:53:55.836+0000] {taskinstance.py:2170} INFO - Starting attempt 1 of 2
[2025-07-07T20:53:55.959+0000] {taskinstance.py:2191} INFO - Executing <Task(DockerOperator): extração_csv> on 2025-07-07 20:50:46.614225+00:00
[2025-07-07T20:53:55.990+0000] {standard_task_runner.py:60} INFO - Started process 242 to run task
[2025-07-07T20:53:56.024+0000] {standard_task_runner.py:87} INFO - Running: ['***', 'tasks', 'run', 'northwind', 'extração_csv', 'manual__2025-07-07T20:50:46.614225+00:00', '--job-id', '27', '--raw', '--subdir', 'DAGS_FOLDER/northwind.py', '--cfg-path', '/tmp/tmpydx4kebd']
[2025-07-07T20:53:56.043+0000] {standard_task_runner.py:88} INFO - Job 27: Subtask extração_csv
[2025-07-07T20:53:56.449+0000] {task_command.py:423} INFO - Running <TaskInstance: northwind.extração_csv manual__2025-07-07T20:50:46.614225+00:00 [running]> on host c71ab7515ae3
[2025-07-07T20:53:57.070+0000] {taskinstance.py:2480} INFO - Exporting env vars: AIRFLOW_CTX_DAG_EMAIL='lrbf@cin.ufpe.br' AIRFLOW_CTX_DAG_OWNER='***' AIRFLOW_CTX_DAG_ID='northwind' AIRFLOW_CTX_TASK_ID='extração_csv' AIRFLOW_CTX_EXECUTION_DATE='2025-07-07T20:50:46.614225+00:00' AIRFLOW_CTX_TRY_NUMBER='1' AIRFLOW_CTX_DAG_RUN_ID='manual__2025-07-07T20:50:46.614225+00:00'
[2025-07-07T20:53:57.639+0000] {docker.py:359} INFO - Starting docker container from image meltano:latest
[2025-07-07T20:54:00.146+0000] {docker.py:429} INFO - Running meltano install...
[2025-07-07T20:54:15.928+0000] {docker.py:429} INFO - [2m2025-07-07T20:54:15.923705Z[0m [[32m[1minfo     [0m] [1mInstalling 7 plugins          [0m
[2025-07-07T20:54:16.055+0000] {docker.py:429} INFO - [2m2025-07-07T20:54:16.050696Z[0m [[32m[1minfo     [0m] [1mInstalling extractor 'tap-postgres'[0m
[2025-07-07T20:54:16.261+0000] {docker.py:429} INFO - [2m2025-07-07T20:54:16.255403Z[0m [[32m[1minfo     [0m] [1mInstalling extractor 'tap-csv'[0m
[2025-07-07T20:54:16.495+0000] {docker.py:429} INFO - [2m2025-07-07T20:54:16.489919Z[0m [[32m[1minfo     [0m] [1mInstalling extractor 'tap-csv-latest'[0m
[2025-07-07T20:54:16.700+0000] {docker.py:429} INFO - [2m2025-07-07T20:54:16.695153Z[0m [[32m[1minfo     [0m] [1mInstalling loader 'target-postgres'[0m
[2025-07-07T20:54:16.942+0000] {docker.py:429} INFO - [2m2025-07-07T20:54:16.936861Z[0m [[32m[1minfo     [0m] [1mInstalling loader 'target-csv'[0m
[2025-07-07T20:54:17.235+0000] {docker.py:429} INFO - [2m2025-07-07T20:54:17.228836Z[0m [[32m[1minfo     [0m] [1mInstalling loader 'target-csv-postgres'[0m
[2025-07-07T20:54:17.557+0000] {docker.py:429} INFO - [2m2025-07-07T20:54:17.552787Z[0m [[32m[1minfo     [0m] [1mInstalling loader 'target-csv-csv'[0m
[2025-07-07T20:54:30.786+0000] {docker.py:429} INFO - [2m2025-07-07T20:54:30.779393Z[0m [[32m[1minfo     [0m] [1mInstalled extractor 'tap-postgres'[0m
[2025-07-07T20:54:32.053+0000] {docker.py:429} INFO - [2m2025-07-07T20:54:32.050483Z[0m [[32m[1minfo     [0m] [1mInstalled loader 'target-postgres'[0m
[2025-07-07T20:54:53.635+0000] {docker.py:429} INFO - [2m2025-07-07T20:54:53.628112Z[0m [[32m[1minfo     [0m] [1mInstalled extractor 'tap-csv-latest'[0m
[2025-07-07T20:54:53.701+0000] {docker.py:429} INFO - [2m2025-07-07T20:54:53.696315Z[0m [[32m[1minfo     [0m] [1mInstalled extractor 'tap-csv' [0m
[2025-07-07T20:55:00.389+0000] {docker.py:429} INFO - [2m2025-07-07T20:55:00.376740Z[0m [[32m[1minfo     [0m] [1mInstalled loader 'target-csv' [0m
[2025-07-07T20:55:02.852+0000] {docker.py:429} INFO - [2m2025-07-07T20:55:02.848102Z[0m [[32m[1minfo     [0m] [1mInstalled loader 'target-csv-csv'[0m
[2025-07-07T20:55:03.635+0000] {docker.py:429} INFO - [2m2025-07-07T20:55:03.631077Z[0m [[32m[1minfo     [0m] [1mInstalled loader 'target-csv-postgres'[0m
[2025-07-07T20:55:03.639+0000] {docker.py:429} INFO - [2m2025-07-07T20:55:03.634078Z[0m [[32m[1minfo     [0m] [1mInstalled 7/7 plugins         [0m
[2025-07-07T20:55:06.949+0000] {docker.py:429} INFO - Meltano install completed. Executing command: meltano el tap-csv target-csv-csv
[2025-07-07T20:55:19.741+0000] {docker.py:429} INFO - [2m2025-07-07T20:55:19.737025Z[0m [[32m[1minfo     [0m] [1mEnvironment 'dev' is active   [0m
[2025-07-07T20:55:23.686+0000] {docker.py:429} INFO - [2m2025-07-07T20:55:23.679960Z[0m [[32m[1minfo     [0m] [1mRunning extract & load...     [0m [36mname[0m=[35mmeltano[0m [36mrun_id[0m=[35m96a5b897-1c8f-4bad-a52a-e639752ac05e[0m [36mstate_id[0m=[35m2025-07-07T205521--tap-csv--target-csv-csv[0m
[2025-07-07T20:55:34.689+0000] {docker.py:429} INFO - [2m2025-07-07T20:55:34.682060Z[0m [[32m[1minfo     [0m] [1mINFO Sending version information to singer.io. To disable sending anonymous usage data, set the config parameter "disable_collection" to true[0m [36mcmd_type[0m=[35mloader[0m [36mname[0m=[35mtarget-csv-csv[0m [36mrun_id[0m=[35m96a5b897-1c8f-4bad-a52a-e639752ac05e[0m [36mstate_id[0m=[35m2025-07-07T205521--tap-csv--target-csv-csv[0m [36mstdio[0m=[35mstderr[0m
[2025-07-07T20:55:38.756+0000] {docker.py:429} INFO - [2m2025-07-07T20:55:38.751888Z[0m [[32m[1minfo     [0m] [1m/opt/meltano/.meltano/extractors/tap-csv/venv/lib/python3.9/site-packages/singer_sdk/tap_base.py:516: SingerSDKDeprecationWarning: Passing a catalog file path is deprecated. Please pass the catalog as a dictionary or Catalog object instead.[0m [36mcmd_type[0m=[35mextractor[0m [36mname[0m=[35mtap-csv[0m [36mrun_id[0m=[35m96a5b897-1c8f-4bad-a52a-e639752ac05e[0m [36mstate_id[0m=[35m2025-07-07T205521--tap-csv--target-csv-csv[0m [36mstdio[0m=[35mstderr[0m
[2025-07-07T20:55:38.766+0000] {docker.py:429} INFO - [2m2025-07-07T20:55:38.754691Z[0m [[32m[1minfo     [0m] [1m  tap = cls(                  [0m [36mcmd_type[0m=[35mextractor[0m [36mname[0m=[35mtap-csv[0m [36mrun_id[0m=[35m96a5b897-1c8f-4bad-a52a-e639752ac05e[0m [36mstate_id[0m=[35m2025-07-07T205521--tap-csv--target-csv-csv[0m [36mstdio[0m=[35mstderr[0m
[2025-07-07T20:55:38.770+0000] {docker.py:429} INFO - [2m2025-07-07T20:55:38.758760Z[0m [[32m[1minfo     [0m] [1m                              [0m [36mcmd_type[0m=[35mextractor[0m [36mname[0m=[35mtap-csv[0m [36mrun_id[0m=[35m96a5b897-1c8f-4bad-a52a-e639752ac05e[0m [36mstate_id[0m=[35m2025-07-07T205521--tap-csv--target-csv-csv[0m [36mstdio[0m=[35mstderr[0m
[2025-07-07T20:55:38.772+0000] {docker.py:429} INFO - [2m2025-07-07T20:55:38.765374Z[0m [[32m[1minfo     [0m] [1mBeginning full_table sync of 'order_details'...[0m [36mcmd_type[0m=[35mextractor[0m [36mname[0m=[35mtap-csv[0m [36mrun_id[0m=[35m96a5b897-1c8f-4bad-a52a-e639752ac05e[0m [36mstate_id[0m=[35m2025-07-07T205521--tap-csv--target-csv-csv[0m [36mstdio[0m=[35mstderr[0m
[2025-07-07T20:55:38.775+0000] {docker.py:429} INFO - [2m2025-07-07T20:55:38.770332Z[0m [[32m[1minfo     [0m] [1mTap has custom mapper. Using 1 provided map(s).[0m [36mcmd_type[0m=[35mextractor[0m [36mname[0m=[35mtap-csv[0m [36mrun_id[0m=[35m96a5b897-1c8f-4bad-a52a-e639752ac05e[0m [36mstate_id[0m=[35m2025-07-07T205521--tap-csv--target-csv-csv[0m [36mstdio[0m=[35mstderr[0m
[2025-07-07T20:55:40.760+0000] {docker.py:429} INFO - [2m2025-07-07T20:55:40.756086Z[0m [[32m[1minfo     [0m] [1mMETRIC: {"type": "timer", "metric": "sync_duration", "value": 1.9933700561523438, "tags": {"stream": "order_details", "pid": 177, "context": {}, "status": "succeeded"}}[0m [36mcmd_type[0m=[35mextractor[0m [36mname[0m=[35mtap-csv[0m [36mrun_id[0m=[35m96a5b897-1c8f-4bad-a52a-e639752ac05e[0m [36mstate_id[0m=[35m2025-07-07T205521--tap-csv--target-csv-csv[0m [36mstdio[0m=[35mstderr[0m
[2025-07-07T20:55:40.764+0000] {docker.py:429} INFO - [2m2025-07-07T20:55:40.760614Z[0m [[32m[1minfo     [0m] [1mMETRIC: {"type": "counter", "metric": "record_count", "value": 2155, "tags": {"stream": "order_details", "pid": 177, "context": {}}}[0m [36mcmd_type[0m=[35mextractor[0m [36mname[0m=[35mtap-csv[0m [36mrun_id[0m=[35m96a5b897-1c8f-4bad-a52a-e639752ac05e[0m [36mstate_id[0m=[35m2025-07-07T205521--tap-csv--target-csv-csv[0m [36mstdio[0m=[35mstderr[0m
[2025-07-07T20:55:42.056+0000] {docker.py:429} INFO - [2m2025-07-07T20:55:42.052636Z[0m [[32m[1minfo     [0m] [1mUsing systemdb state backend  [0m
[2025-07-07T20:55:42.144+0000] {docker.py:429} INFO - [2m2025-07-07T20:55:42.140291Z[0m [[32m[1minfo     [0m] [1mIncremental state has been updated at 2025-07-07 20:55:42.140090+00:00.[0m
[2025-07-07T20:55:42.215+0000] {docker.py:429} INFO - [2m2025-07-07T20:55:42.209321Z[0m [[32m[1minfo     [0m] [1mExtract & load complete!      [0m [36mname[0m=[35mmeltano[0m [36mrun_id[0m=[35m96a5b897-1c8f-4bad-a52a-e639752ac05e[0m [36mstate_id[0m=[35m2025-07-07T205521--tap-csv--target-csv-csv[0m
[2025-07-07T20:55:42.218+0000] {docker.py:429} INFO - [2m2025-07-07T20:55:42.213458Z[0m [[32m[1minfo     [0m] [1mTransformation skipped.       [0m [36mname[0m=[35mmeltano[0m [36mrun_id[0m=[35m96a5b897-1c8f-4bad-a52a-e639752ac05e[0m [36mstate_id[0m=[35m2025-07-07T205521--tap-csv--target-csv-csv[0m
[2025-07-07T20:55:45.805+0000] {taskinstance.py:1138} INFO - Marking task as SUCCESS. dag_id=northwind, task_id=extração_csv, execution_date=20250707T205046, start_date=20250707T205355, end_date=20250707T205545
[2025-07-07T20:55:45.981+0000] {local_task_job_runner.py:234} INFO - Task exited with return code 0
[2025-07-07T20:55:46.174+0000] {taskinstance.py:3280} INFO - 1 downstream tasks scheduled from follow-on schedule check
