[2025-07-07T20:12:12.554+0000] {taskinstance.py:1956} INFO - Dependencies all met for dep_context=non-requeueable deps ti=<TaskInstance: northwind.carregamento_postgres manual__2025-07-07T20:10:36.921622+00:00 [queued]>
[2025-07-07T20:12:12.574+0000] {taskinstance.py:1956} INFO - Dependencies all met for dep_context=requeueable deps ti=<TaskInstance: northwind.carregamento_postgres manual__2025-07-07T20:10:36.921622+00:00 [queued]>
[2025-07-07T20:12:12.575+0000] {taskinstance.py:2170} INFO - Starting attempt 1 of 2
[2025-07-07T20:12:12.636+0000] {taskinstance.py:2191} INFO - Executing <Task(DockerOperator): carregamento_postgres> on 2025-07-07 20:10:36.921622+00:00
[2025-07-07T20:12:12.701+0000] {standard_task_runner.py:60} INFO - Started process 196 to run task
[2025-07-07T20:12:12.727+0000] {standard_task_runner.py:87} INFO - Running: ['***', 'tasks', 'run', 'northwind', 'carregamento_postgres', 'manual__2025-07-07T20:10:36.921622+00:00', '--job-id', '23', '--raw', '--subdir', 'DAGS_FOLDER/northwind.py', '--cfg-path', '/tmp/tmp_yvnmf90']
[2025-07-07T20:12:12.737+0000] {standard_task_runner.py:88} INFO - Job 23: Subtask carregamento_postgres
[2025-07-07T20:12:13.061+0000] {task_command.py:423} INFO - Running <TaskInstance: northwind.carregamento_postgres manual__2025-07-07T20:10:36.921622+00:00 [running]> on host f4a43ea430c1
[2025-07-07T20:12:13.431+0000] {taskinstance.py:2480} INFO - Exporting env vars: AIRFLOW_CTX_DAG_EMAIL='lrbf@cin.ufpe.br' AIRFLOW_CTX_DAG_OWNER='***' AIRFLOW_CTX_DAG_ID='northwind' AIRFLOW_CTX_TASK_ID='carregamento_postgres' AIRFLOW_CTX_EXECUTION_DATE='2025-07-07T20:10:36.921622+00:00' AIRFLOW_CTX_TRY_NUMBER='1' AIRFLOW_CTX_DAG_RUN_ID='manual__2025-07-07T20:10:36.921622+00:00'
[2025-07-07T20:12:13.622+0000] {docker.py:359} INFO - Starting docker container from image meltano:latest
[2025-07-07T20:12:14.364+0000] {docker.py:429} INFO - Running meltano install...
[2025-07-07T20:12:18.181+0000] {docker.py:429} INFO - [2m2025-07-07T20:12:18.180075Z[0m [[32m[1minfo     [0m] [1mInstalling 7 plugins          [0m
[2025-07-07T20:12:18.221+0000] {docker.py:429} INFO - [2m2025-07-07T20:12:18.220138Z[0m [[32m[1minfo     [0m] [1mInstalling extractor 'tap-postgres'[0m
[2025-07-07T20:12:18.256+0000] {docker.py:429} INFO - [2m2025-07-07T20:12:18.255451Z[0m [[32m[1minfo     [0m] [1mInstalling extractor 'tap-csv'[0m
[2025-07-07T20:12:18.294+0000] {docker.py:429} INFO - [2m2025-07-07T20:12:18.293621Z[0m [[32m[1minfo     [0m] [1mInstalling extractor 'tap-csv-latest'[0m
[2025-07-07T20:12:18.336+0000] {docker.py:429} INFO - [2m2025-07-07T20:12:18.334451Z[0m [[32m[1minfo     [0m] [1mInstalling loader 'target-postgres'[0m
[2025-07-07T20:12:18.395+0000] {docker.py:429} INFO - [2m2025-07-07T20:12:18.394118Z[0m [[32m[1minfo     [0m] [1mInstalling loader 'target-csv'[0m
[2025-07-07T20:12:18.470+0000] {docker.py:429} INFO - [2m2025-07-07T20:12:18.468533Z[0m [[32m[1minfo     [0m] [1mInstalling loader 'target-csv-postgres'[0m
[2025-07-07T20:12:18.562+0000] {docker.py:429} INFO - [2m2025-07-07T20:12:18.556795Z[0m [[32m[1minfo     [0m] [1mInstalling loader 'target-csv-csv'[0m
[2025-07-07T20:12:19.939+0000] {docker.py:429} INFO - [2m2025-07-07T20:12:19.937962Z[0m [[32m[1minfo     [0m] [1mInstalled extractor 'tap-postgres'[0m
[2025-07-07T20:12:20.234+0000] {docker.py:429} INFO - [2m2025-07-07T20:12:20.233641Z[0m [[32m[1minfo     [0m] [1mInstalled loader 'target-postgres'[0m
[2025-07-07T20:12:27.621+0000] {docker.py:429} INFO - [2m2025-07-07T20:12:27.619560Z[0m [[32m[1minfo     [0m] [1mInstalled extractor 'tap-csv-latest'[0m
[2025-07-07T20:12:29.098+0000] {docker.py:429} INFO - [2m2025-07-07T20:12:29.097501Z[0m [[32m[1minfo     [0m] [1mInstalled extractor 'tap-csv' [0m
[2025-07-07T20:12:29.393+0000] {docker.py:429} INFO - [2m2025-07-07T20:12:29.391556Z[0m [[32m[1minfo     [0m] [1mInstalled loader 'target-csv' [0m
[2025-07-07T20:12:29.687+0000] {docker.py:429} INFO - [2m2025-07-07T20:12:29.686766Z[0m [[32m[1minfo     [0m] [1mInstalled loader 'target-csv-csv'[0m
[2025-07-07T20:12:29.809+0000] {docker.py:429} INFO - [2m2025-07-07T20:12:29.808791Z[0m [[32m[1minfo     [0m] [1mInstalled loader 'target-csv-postgres'[0m
[2025-07-07T20:12:29.810+0000] {docker.py:429} INFO - [2m2025-07-07T20:12:29.809325Z[0m [[32m[1minfo     [0m] [1mInstalled 7/7 plugins         [0m
[2025-07-07T20:12:31.474+0000] {docker.py:429} INFO - Meltano install completed. Executing command: bash -c meltano config tap-csv-latest set csv_files_definition /opt/meltano/config/tap-csv-latest.json && meltano el tap-csv-latest target-postgres
[2025-07-07T20:12:35.080+0000] {docker.py:429} INFO - [2m2025-07-07T20:12:35.079809Z[0m [[32m[1minfo     [0m] [1mThe default environment 'dev' will be ignored for `meltano config`. To configure a specific environment, please use the option `--environment=<environment name>`.[0m
[2025-07-07T20:12:36.010+0000] {docker.py:429} INFO - Extractor 'tap-csv-latest' setting 'csv_files_definition' was set in `meltano.yml`: '/opt/meltano/config/tap-csv-latest.json'
[2025-07-07T20:12:39.573+0000] {docker.py:429} INFO - [2m2025-07-07T20:12:39.570305Z[0m [[32m[1minfo     [0m] [1mEnvironment 'dev' is active   [0m
[2025-07-07T20:12:40.401+0000] {docker.py:429} INFO - [2m2025-07-07T20:12:40.399900Z[0m [[32m[1minfo     [0m] [1mRunning extract & load...     [0m [36mname[0m=[35mmeltano[0m [36mrun_id[0m=[35mfd16d637-c19a-4d15-a3dc-161c33f5b695[0m [36mstate_id[0m=[35m2025-07-07T201239--tap-csv-latest--target-postgres[0m
[2025-07-07T20:12:41.958+0000] {docker.py:429} INFO - [2m2025-07-07T20:12:41.956611Z[0m [[32m[1minfo     [0m] [1mTraceback (most recent call last):[0m [36mcmd_type[0m=[35mextractor[0m [36mname[0m=[35mtap-csv-latest[0m [36mrun_id[0m=[35mfd16d637-c19a-4d15-a3dc-161c33f5b695[0m [36mstate_id[0m=[35m2025-07-07T201239--tap-csv-latest--target-postgres[0m [36mstdio[0m=[35mstderr[0m
[2025-07-07T20:12:41.959+0000] {docker.py:429} INFO - [2m2025-07-07T20:12:41.958098Z[0m [[32m[1minfo     [0m] [1m  File "/opt/meltano/.meltano/extractors/tap-csv-latest/venv/bin/tap-csv", line 8, in <module>[0m [36mcmd_type[0m=[35mextractor[0m [36mname[0m=[35mtap-csv-latest[0m [36mrun_id[0m=[35mfd16d637-c19a-4d15-a3dc-161c33f5b695[0m [36mstate_id[0m=[35m2025-07-07T201239--tap-csv-latest--target-postgres[0m [36mstdio[0m=[35mstderr[0m
[2025-07-07T20:12:41.961+0000] {docker.py:429} INFO - [2m2025-07-07T20:12:41.958893Z[0m [[32m[1minfo     [0m] [1m    sys.exit(TapCSV.cli())    [0m [36mcmd_type[0m=[35mextractor[0m [36mname[0m=[35mtap-csv-latest[0m [36mrun_id[0m=[35mfd16d637-c19a-4d15-a3dc-161c33f5b695[0m [36mstate_id[0m=[35m2025-07-07T201239--tap-csv-latest--target-postgres[0m [36mstdio[0m=[35mstderr[0m
[2m2025-07-07T20:12:41.959578Z[0m [[32m[1minfo     [0m] [1m  File "/opt/meltano/.meltano/extractors/tap-csv-latest/venv/lib/python3.9/site-packages/click/core.py", line 1161, in __call__[0m [36mcmd_type[0m=[35mextractor[0m [36mname[0m=[35mtap-csv-latest[0m [36mrun_id[0m=[35mfd16d637-c19a-4d15-a3dc-161c33f5b695[0m [36mstate_id[0m=[35m2025-07-07T201239--tap-csv-latest--target-postgres[0m [36mstdio[0m=[35mstderr[0m
[2025-07-07T20:12:41.962+0000] {docker.py:429} INFO - [2m2025-07-07T20:12:41.960566Z[0m [[32m[1minfo     [0m] [1m    return self.main(*args, **kwargs)[0m [36mcmd_type[0m=[35mextractor[0m [36mname[0m=[35mtap-csv-latest[0m [36mrun_id[0m=[35mfd16d637-c19a-4d15-a3dc-161c33f5b695[0m [36mstate_id[0m=[35m2025-07-07T201239--tap-csv-latest--target-postgres[0m [36mstdio[0m=[35mstderr[0m
[2025-07-07T20:12:41.963+0000] {docker.py:429} INFO - [2m2025-07-07T20:12:41.961334Z[0m [[32m[1minfo     [0m] [1m  File "/opt/meltano/.meltano/extractors/tap-csv-latest/venv/lib/python3.9/site-packages/click/core.py", line 1082, in main[0m [36mcmd_type[0m=[35mextractor[0m [36mname[0m=[35mtap-csv-latest[0m [36mrun_id[0m=[35mfd16d637-c19a-4d15-a3dc-161c33f5b695[0m [36mstate_id[0m=[35m2025-07-07T201239--tap-csv-latest--target-postgres[0m [36mstdio[0m=[35mstderr[0m
[2025-07-07T20:12:41.963+0000] {docker.py:429} INFO - [2m2025-07-07T20:12:41.962068Z[0m [[32m[1minfo     [0m] [1m    rv = self.invoke(ctx)     [0m [36mcmd_type[0m=[35mextractor[0m [36mname[0m=[35mtap-csv-latest[0m [36mrun_id[0m=[35mfd16d637-c19a-4d15-a3dc-161c33f5b695[0m [36mstate_id[0m=[35m2025-07-07T201239--tap-csv-latest--target-postgres[0m [36mstdio[0m=[35mstderr[0m
[2025-07-07T20:12:41.964+0000] {docker.py:429} INFO - [2m2025-07-07T20:12:41.962773Z[0m [[32m[1minfo     [0m] [1m  File "/opt/meltano/.meltano/extractors/tap-csv-latest/venv/lib/python3.9/site-packages/singer_sdk/plugin_base.py", line 93, in invoke[0m [36mcmd_type[0m=[35mextractor[0m [36mname[0m=[35mtap-csv-latest[0m [36mrun_id[0m=[35mfd16d637-c19a-4d15-a3dc-161c33f5b695[0m [36mstate_id[0m=[35m2025-07-07T201239--tap-csv-latest--target-postgres[0m [36mstdio[0m=[35mstderr[0m
[2025-07-07T20:12:41.964+0000] {docker.py:429} INFO - [2m2025-07-07T20:12:41.963733Z[0m [[32m[1minfo     [0m] [1m    return super().invoke(ctx)[0m [36mcmd_type[0m=[35mextractor[0m [36mname[0m=[35mtap-csv-latest[0m [36mrun_id[0m=[35mfd16d637-c19a-4d15-a3dc-161c33f5b695[0m [36mstate_id[0m=[35m2025-07-07T201239--tap-csv-latest--target-postgres[0m [36mstdio[0m=[35mstderr[0m
[2025-07-07T20:12:41.965+0000] {docker.py:429} INFO - [2m2025-07-07T20:12:41.964616Z[0m [[32m[1minfo     [0m] [1m  File "/opt/meltano/.meltano/extractors/tap-csv-latest/venv/lib/python3.9/site-packages/click/core.py", line 1443, in invoke[0m [36mcmd_type[0m=[35mextractor[0m [36mname[0m=[35mtap-csv-latest[0m [36mrun_id[0m=[35mfd16d637-c19a-4d15-a3dc-161c33f5b695[0m [36mstate_id[0m=[35m2025-07-07T201239--tap-csv-latest--target-postgres[0m [36mstdio[0m=[35mstderr[0m
[2025-07-07T20:12:41.966+0000] {docker.py:429} INFO - [2m2025-07-07T20:12:41.965365Z[0m [[32m[1minfo     [0m] [1m    return ctx.invoke(self.callback, **ctx.params)[0m [36mcmd_type[0m=[35mextractor[0m [36mname[0m=[35mtap-csv-latest[0m [36mrun_id[0m=[35mfd16d637-c19a-4d15-a3dc-161c33f5b695[0m [36mstate_id[0m=[35m2025-07-07T201239--tap-csv-latest--target-postgres[0m [36mstdio[0m=[35mstderr[0m
[2025-07-07T20:12:41.967+0000] {docker.py:429} INFO - [2m2025-07-07T20:12:41.966140Z[0m [[32m[1minfo     [0m] [1m  File "/opt/meltano/.meltano/extractors/tap-csv-latest/venv/lib/python3.9/site-packages/click/core.py", line 788, in invoke[0m [36mcmd_type[0m=[35mextractor[0m [36mname[0m=[35mtap-csv-latest[0m [36mrun_id[0m=[35mfd16d637-c19a-4d15-a3dc-161c33f5b695[0m [36mstate_id[0m=[35m2025-07-07T201239--tap-csv-latest--target-postgres[0m [36mstdio[0m=[35mstderr[0m
[2025-07-07T20:12:41.968+0000] {docker.py:429} INFO - [2m2025-07-07T20:12:41.967597Z[0m [[32m[1minfo     [0m] [1m    return __callback(*args, **kwargs)[0m [36mcmd_type[0m=[35mextractor[0m [36mname[0m=[35mtap-csv-latest[0m [36mrun_id[0m=[35mfd16d637-c19a-4d15-a3dc-161c33f5b695[0m [36mstate_id[0m=[35m2025-07-07T201239--tap-csv-latest--target-postgres[0m [36mstdio[0m=[35mstderr[0m
[2025-07-07T20:12:41.970+0000] {docker.py:429} INFO - [2m2025-07-07T20:12:41.968921Z[0m [[32m[1minfo     [0m] [1m  File "/opt/meltano/.meltano/extractors/tap-csv-latest/venv/lib/python3.9/site-packages/singer_sdk/tap_base.py", line 516, in invoke[0m [36mcmd_type[0m=[35mextractor[0m [36mname[0m=[35mtap-csv-latest[0m [36mrun_id[0m=[35mfd16d637-c19a-4d15-a3dc-161c33f5b695[0m [36mstate_id[0m=[35m2025-07-07T201239--tap-csv-latest--target-postgres[0m [36mstdio[0m=[35mstderr[0m
[2025-07-07T20:12:41.971+0000] {docker.py:429} INFO - [2m2025-07-07T20:12:41.969733Z[0m [[32m[1minfo     [0m] [1m    tap = cls(                [0m [36mcmd_type[0m=[35mextractor[0m [36mname[0m=[35mtap-csv-latest[0m [36mrun_id[0m=[35mfd16d637-c19a-4d15-a3dc-161c33f5b695[0m [36mstate_id[0m=[35m2025-07-07T201239--tap-csv-latest--target-postgres[0m [36mstdio[0m=[35mstderr[0m
[2025-07-07T20:12:41.972+0000] {docker.py:429} INFO - [2m2025-07-07T20:12:41.970674Z[0m [[32m[1minfo     [0m] [1m  File "/opt/meltano/.meltano/extractors/tap-csv-latest/venv/lib/python3.9/site-packages/singer_sdk/tap_base.py", line 118, in __init__[0m [36mcmd_type[0m=[35mextractor[0m [36mname[0m=[35mtap-csv-latest[0m [36mrun_id[0m=[35mfd16d637-c19a-4d15-a3dc-161c33f5b695[0m [36mstate_id[0m=[35m2025-07-07T201239--tap-csv-latest--target-postgres[0m [36mstdio[0m=[35mstderr[0m
[2025-07-07T20:12:41.973+0000] {docker.py:429} INFO - [2m2025-07-07T20:12:41.971544Z[0m [[32m[1minfo     [0m] [1m    self.setup_mapper()       [0m [36mcmd_type[0m=[35mextractor[0m [36mname[0m=[35mtap-csv-latest[0m [36mrun_id[0m=[35mfd16d637-c19a-4d15-a3dc-161c33f5b695[0m [36mstate_id[0m=[35m2025-07-07T201239--tap-csv-latest--target-postgres[0m [36mstdio[0m=[35mstderr[0m
[2025-07-07T20:12:41.973+0000] {docker.py:429} INFO - [2m2025-07-07T20:12:41.972266Z[0m [[32m[1minfo     [0m] [1m  File "/opt/meltano/.meltano/extractors/tap-csv-latest/venv/lib/python3.9/site-packages/singer_sdk/tap_base.py", line 194, in setup_mapper[0m [36mcmd_type[0m=[35mextractor[0m [36mname[0m=[35mtap-csv-latest[0m [36mrun_id[0m=[35mfd16d637-c19a-4d15-a3dc-161c33f5b695[0m [36mstate_id[0m=[35m2025-07-07T201239--tap-csv-latest--target-postgres[0m [36mstdio[0m=[35mstderr[0m
[2025-07-07T20:12:41.974+0000] {docker.py:429} INFO - [2m2025-07-07T20:12:41.973044Z[0m [[32m[1minfo     [0m] [1m    self.mapper.register_raw_streams_from_catalog(self.catalog)[0m [36mcmd_type[0m=[35mextractor[0m [36mname[0m=[35mtap-csv-latest[0m [36mrun_id[0m=[35mfd16d637-c19a-4d15-a3dc-161c33f5b695[0m [36mstate_id[0m=[35m2025-07-07T201239--tap-csv-latest--target-postgres[0m [36mstdio[0m=[35mstderr[0m
[2025-07-07T20:12:41.975+0000] {docker.py:429} INFO - [2m2025-07-07T20:12:41.973692Z[0m [[32m[1minfo     [0m] [1m  File "/opt/meltano/.meltano/extractors/tap-csv-latest/venv/lib/python3.9/site-packages/singer_sdk/tap_base.py", line 187, in catalog[0m [36mcmd_type[0m=[35mextractor[0m [36mname[0m=[35mtap-csv-latest[0m [36mrun_id[0m=[35mfd16d637-c19a-4d15-a3dc-161c33f5b695[0m [36mstate_id[0m=[35m2025-07-07T201239--tap-csv-latest--target-postgres[0m [36mstdio[0m=[35mstderr[0m
[2025-07-07T20:12:41.977+0000] {docker.py:429} INFO - [2m2025-07-07T20:12:41.974368Z[0m [[32m[1minfo     [0m] [1m    self._catalog = self.input_catalog or self._singer_catalog[0m [36mcmd_type[0m=[35mextractor[0m [36mname[0m=[35mtap-csv-latest[0m [36mrun_id[0m=[35mfd16d637-c19a-4d15-a3dc-161c33f5b695[0m [36mstate_id[0m=[35m2025-07-07T201239--tap-csv-latest--target-postgres[0m [36mstdio[0m=[35mstderr[0m
[2025-07-07T20:12:41.987+0000] {docker.py:429} INFO - [2m2025-07-07T20:12:41.975009Z[0m [[32m[1minfo     [0m] [1m  File "/opt/meltano/.meltano/extractors/tap-csv-latest/venv/lib/python3.9/site-packages/singer_sdk/tap_base.py", line 340, in _singer_catalog[0m [36mcmd_type[0m=[35mextractor[0m [36mname[0m=[35mtap-csv-latest[0m [36mrun_id[0m=[35mfd16d637-c19a-4d15-a3dc-161c33f5b695[0m [36mstate_id[0m=[35m2025-07-07T201239--tap-csv-latest--target-postgres[0m [36mstdio[0m=[35mstderr[0m
[2025-07-07T20:12:41.992+0000] {docker.py:429} INFO - [2m2025-07-07T20:12:41.975671Z[0m [[32m[1minfo     [0m] [1m    for stream in self.streams.values()[0m [36mcmd_type[0m=[35mextractor[0m [36mname[0m=[35mtap-csv-latest[0m [36mrun_id[0m=[35mfd16d637-c19a-4d15-a3dc-161c33f5b695[0m [36mstate_id[0m=[35m2025-07-07T201239--tap-csv-latest--target-postgres[0m [36mstdio[0m=[35mstderr[0m
[2025-07-07T20:12:41.996+0000] {docker.py:429} INFO - [2m2025-07-07T20:12:41.979115Z[0m [[32m[1minfo     [0m] [1m  File "/opt/meltano/.meltano/extractors/tap-csv-latest/venv/lib/python3.9/site-packages/singer_sdk/tap_base.py", line 149, in streams[0m [36mcmd_type[0m=[35mextractor[0m [36mname[0m=[35mtap-csv-latest[0m [36mrun_id[0m=[35mfd16d637-c19a-4d15-a3dc-161c33f5b695[0m [36mstate_id[0m=[35m2025-07-07T201239--tap-csv-latest--target-postgres[0m [36mstdio[0m=[35mstderr[0m
[2025-07-07T20:12:41.997+0000] {docker.py:429} INFO - [2m2025-07-07T20:12:41.985882Z[0m [[32m[1minfo     [0m] [1m    for stream in self.load_streams():[0m [36mcmd_type[0m=[35mextractor[0m [36mname[0m=[35mtap-csv-latest[0m [36mrun_id[0m=[35mfd16d637-c19a-4d15-a3dc-161c33f5b695[0m [36mstate_id[0m=[35m2025-07-07T201239--tap-csv-latest--target-postgres[0m [36mstdio[0m=[35mstderr[0m
[2025-07-07T20:12:41.998+0000] {docker.py:429} INFO - [2m2025-07-07T20:12:41.994009Z[0m [[32m[1minfo     [0m] [1m  File "/opt/meltano/.meltano/extractors/tap-csv-latest/venv/lib/python3.9/site-packages/singer_sdk/tap_base.py", line 373, in load_streams[0m [36mcmd_type[0m=[35mextractor[0m [36mname[0m=[35mtap-csv-latest[0m [36mrun_id[0m=[35mfd16d637-c19a-4d15-a3dc-161c33f5b695[0m [36mstate_id[0m=[35m2025-07-07T201239--tap-csv-latest--target-postgres[0m [36mstdio[0m=[35mstderr[0m
[2025-07-07T20:12:41.998+0000] {docker.py:429} INFO - [2m2025-07-07T20:12:41.997356Z[0m [[32m[1minfo     [0m] [1m    for stream in self.discover_streams():[0m [36mcmd_type[0m=[35mextractor[0m [36mname[0m=[35mtap-csv-latest[0m [36mrun_id[0m=[35mfd16d637-c19a-4d15-a3dc-161c33f5b695[0m [36mstate_id[0m=[35m2025-07-07T201239--tap-csv-latest--target-postgres[0m [36mstdio[0m=[35mstderr[0m
[2025-07-07T20:12:41.999+0000] {docker.py:429} INFO - [2m2025-07-07T20:12:41.998123Z[0m [[32m[1minfo     [0m] [1m  File "/opt/meltano/.meltano/extractors/tap-csv-latest/venv/lib/python3.9/site-packages/tap_csv/tap.py", line 89, in discover_streams[0m [36mcmd_type[0m=[35mextractor[0m [36mname[0m=[35mtap-csv-latest[0m [36mrun_id[0m=[35mfd16d637-c19a-4d15-a3dc-161c33f5b695[0m [36mstate_id[0m=[35m2025-07-07T201239--tap-csv-latest--target-postgres[0m [36mstdio[0m=[35mstderr[0m
[2025-07-07T20:12:42.000+0000] {docker.py:429} INFO - [2m2025-07-07T20:12:41.998805Z[0m [[32m[1minfo     [0m] [1m    return [                  [0m [36mcmd_type[0m=[35mextractor[0m [36mname[0m=[35mtap-csv-latest[0m [36mrun_id[0m=[35mfd16d637-c19a-4d15-a3dc-161c33f5b695[0m [36mstate_id[0m=[35m2025-07-07T201239--tap-csv-latest--target-postgres[0m [36mstdio[0m=[35mstderr[0m
[2025-07-07T20:12:42.001+0000] {docker.py:429} INFO - [2m2025-07-07T20:12:41.999491Z[0m [[32m[1minfo     [0m] [1m  File "/opt/meltano/.meltano/extractors/tap-csv-latest/venv/lib/python3.9/site-packages/tap_csv/tap.py", line 92, in <listcomp>[0m [36mcmd_type[0m=[35mextractor[0m [36mname[0m=[35mtap-csv-latest[0m [36mrun_id[0m=[35mfd16d637-c19a-4d15-a3dc-161c33f5b695[0m [36mstate_id[0m=[35m2025-07-07T201239--tap-csv-latest--target-postgres[0m [36mstdio[0m=[35mstderr[0m
[2025-07-07T20:12:42.002+0000] {docker.py:429} INFO - [2m2025-07-07T20:12:42.000280Z[0m [[32m[1minfo     [0m] [1m    name=file_config.get("entity"),[0m [36mcmd_type[0m=[35mextractor[0m [36mname[0m=[35mtap-csv-latest[0m [36mrun_id[0m=[35mfd16d637-c19a-4d15-a3dc-161c33f5b695[0m [36mstate_id[0m=[35m2025-07-07T201239--tap-csv-latest--target-postgres[0m [36mstdio[0m=[35mstderr[0m
[2025-07-07T20:12:42.002+0000] {docker.py:429} INFO - [2m2025-07-07T20:12:42.001065Z[0m [[32m[1minfo     [0m] [1mAttributeError: 'str' object has no attribute 'get'[0m [36mcmd_type[0m=[35mextractor[0m [36mname[0m=[35mtap-csv-latest[0m [36mrun_id[0m=[35mfd16d637-c19a-4d15-a3dc-161c33f5b695[0m [36mstate_id[0m=[35m2025-07-07T201239--tap-csv-latest--target-postgres[0m [36mstdio[0m=[35mstderr[0m
[2025-07-07T20:12:42.241+0000] {docker.py:429} INFO - [2m2025-07-07T20:12:42.240477Z[0m [[32m[1minfo     [0m] [1mtarget-postgres v0.4.3, Meltano SDK v0.47.4[0m [36mcmd_type[0m=[35mloader[0m [36mname[0m=[35mtarget-postgres[0m [36mrun_id[0m=[35mfd16d637-c19a-4d15-a3dc-161c33f5b695[0m [36mstate_id[0m=[35m2025-07-07T201239--tap-csv-latest--target-postgres[0m [36mstdio[0m=[35mstderr[0m
[2025-07-07T20:12:42.242+0000] {docker.py:429} INFO - [2m2025-07-07T20:12:42.241031Z[0m [[32m[1minfo     [0m] [1m/opt/meltano/.meltano/loaders/target-postgres/venv/lib/python3.9/site-packages/singer_sdk/plugin_base.py:715: SingerSDKDeprecationWarning: Passing a list of config file paths is deprecated. Please pass the config as a dictionary instead.[0m [36mcmd_type[0m=[35mloader[0m [36mname[0m=[35mtarget-postgres[0m [36mrun_id[0m=[35mfd16d637-c19a-4d15-a3dc-161c33f5b695[0m [36mstate_id[0m=[35m2025-07-07T201239--tap-csv-latest--target-postgres[0m [36mstdio[0m=[35mstderr[0m
[2025-07-07T20:12:42.242+0000] {docker.py:429} INFO - [2m2025-07-07T20:12:42.241403Z[0m [[32m[1minfo     [0m] [1m  super().__init__(           [0m [36mcmd_type[0m=[35mloader[0m [36mname[0m=[35mtarget-postgres[0m [36mrun_id[0m=[35mfd16d637-c19a-4d15-a3dc-161c33f5b695[0m [36mstate_id[0m=[35m2025-07-07T201239--tap-csv-latest--target-postgres[0m [36mstdio[0m=[35mstderr[0m
[2025-07-07T20:12:42.242+0000] {docker.py:429} INFO - [2m2025-07-07T20:12:42.241761Z[0m [[32m[1minfo     [0m] [1m                              [0m [36mcmd_type[0m=[35mloader[0m [36mname[0m=[35mtarget-postgres[0m [36mrun_id[0m=[35mfd16d637-c19a-4d15-a3dc-161c33f5b695[0m [36mstate_id[0m=[35m2025-07-07T201239--tap-csv-latest--target-postgres[0m [36mstdio[0m=[35mstderr[0m
[2m2025-07-07T20:12:42.242072Z[0m [[32m[1minfo     [0m] [1mSkipping parse of env var settings...[0m [36mcmd_type[0m=[35mloader[0m [36mname[0m=[35mtarget-postgres[0m [36mrun_id[0m=[35mfd16d637-c19a-4d15-a3dc-161c33f5b695[0m [36mstate_id[0m=[35m2025-07-07T201239--tap-csv-latest--target-postgres[0m [36mstdio[0m=[35mstderr[0m
[2025-07-07T20:12:42.243+0000] {docker.py:429} INFO - [2m2025-07-07T20:12:42.242353Z[0m [[32m[1minfo     [0m] [1mThe `dialect+driver` configuration option is deprecated. Please set it to `postgresql+psycopg`, as this will be the hard-coded value in the future.[0m [36mcmd_type[0m=[35mloader[0m [36mname[0m=[35mtarget-postgres[0m [36mrun_id[0m=[35mfd16d637-c19a-4d15-a3dc-161c33f5b695[0m [36mstate_id[0m=[35m2025-07-07T201239--tap-csv-latest--target-postgres[0m [36mstdio[0m=[35mstderr[0m
[2025-07-07T20:12:42.243+0000] {docker.py:429} INFO - [2m2025-07-07T20:12:42.242689Z[0m [[32m[1minfo     [0m] [1mReader 'target-postgres' completed processing 0 lines of input (0 schemas, 0 records, 0 batch manifests, 0 state messages, 0 activate version messages).[0m [36mcmd_type[0m=[35mloader[0m [36mname[0m=[35mtarget-postgres[0m [36mrun_id[0m=[35mfd16d637-c19a-4d15-a3dc-161c33f5b695[0m [36mstate_id[0m=[35m2025-07-07T201239--tap-csv-latest--target-postgres[0m [36mstdio[0m=[35mstderr[0m
[2025-07-07T20:12:42.329+0000] {docker.py:429} INFO - [2m2025-07-07T20:12:42.329057Z[0m [[31m[1merror    [0m] [1mExtraction failed             [0m [36mcode[0m=[35m1[0m [36mmessage[0m=[35m"AttributeError: 'str' object has no attribute 'get'"[0m [36mname[0m=[35mmeltano[0m [36mrun_id[0m=[35mfd16d637-c19a-4d15-a3dc-161c33f5b695[0m [36mstate_id[0m=[35m2025-07-07T201239--tap-csv-latest--target-postgres[0m
[2025-07-07T20:12:42.330+0000] {docker.py:429} INFO - [2m2025-07-07T20:12:42.329889Z[0m [[32m[1minfo     [0m] [1mELT could not be completed: Extractor failed.[0m [36mcmd_type[0m=[35melt[0m [36mname[0m=[35mmeltano[0m [36mrun_id[0m=[35mfd16d637-c19a-4d15-a3dc-161c33f5b695[0m [36mstate_id[0m=[35m2025-07-07T201239--tap-csv-latest--target-postgres[0m [36mstdio[0m=[35mstderr[0m
[2025-07-07T20:12:42.330+0000] {docker.py:429} INFO - [2m2025-07-07T20:12:42.330210Z[0m [[32m[1minfo     [0m] [1mFor more detailed log messages re-run the command using 'meltano --log-level=debug ...' CLI flag.[0m [36mcmd_type[0m=[35melt[0m [36mname[0m=[35mmeltano[0m [36mrun_id[0m=[35mfd16d637-c19a-4d15-a3dc-161c33f5b695[0m [36mstate_id[0m=[35m2025-07-07T201239--tap-csv-latest--target-postgres[0m [36mstdio[0m=[35mstderr[0m
[2025-07-07T20:12:42.330+0000] {docker.py:429} INFO - [2m2025-07-07T20:12:42.330520Z[0m [[32m[1minfo     [0m] [1mNote that you can also check the generated log file at '/opt/meltano/.meltano/logs/elt/2025-07-07T201239--tap-csv-latest--target-postgres/fd16d637-c19a-4d15-a3dc-161c33f5b695/elt.log'.[0m [36mcmd_type[0m=[35melt[0m [36mname[0m=[35mmeltano[0m [36mrun_id[0m=[35mfd16d637-c19a-4d15-a3dc-161c33f5b695[0m [36mstate_id[0m=[35m2025-07-07T201239--tap-csv-latest--target-postgres[0m [36mstdio[0m=[35mstderr[0m
[2025-07-07T20:12:42.331+0000] {docker.py:429} INFO - [2m2025-07-07T20:12:42.330800Z[0m [[32m[1minfo     [0m] [1mFor more information on debugging and logging: https://docs.meltano.com/reference/command-line-interface#debugging[0m [36mcmd_type[0m=[35melt[0m [36mname[0m=[35mmeltano[0m [36mrun_id[0m=[35mfd16d637-c19a-4d15-a3dc-161c33f5b695[0m [36mstate_id[0m=[35m2025-07-07T201239--tap-csv-latest--target-postgres[0m [36mstdio[0m=[35mstderr[0m
[2025-07-07T20:12:42.343+0000] {docker.py:429} INFO - Need help fixing this problem? Visit http://melta.no/ for troubleshooting steps, or to
join our friendly Slack community.

ELT could not be completed: Extractor failed.
For more detailed log messages re-run the command using 'meltano --log-level=debug ...' CLI flag.
Note that you can also check the generated log file at '/opt/meltano/.meltano/logs/elt/2025-07-07T201239--tap-csv-latest--target-postgres/fd16d637-c19a-4d15-a3dc-161c33f5b695/elt.log'.
For more information on debugging and logging: https://docs.meltano.com/reference/command-line-interface#debugging
[2025-07-07T20:12:43.545+0000] {taskinstance.py:2698} ERROR - Task failed with exception
Traceback (most recent call last):
  File "/home/airflow/.local/lib/python3.10/site-packages/airflow/models/taskinstance.py", line 433, in _execute_task
    result = execute_callable(context=context, **execute_callable_kwargs)
  File "/home/airflow/.local/lib/python3.10/site-packages/airflow/providers/docker/operators/docker.py", line 502, in execute
    return self._run_image()
  File "/home/airflow/.local/lib/python3.10/site-packages/airflow/providers/docker/operators/docker.py", line 376, in _run_image
    return self._run_image_with_mounts(self.mounts, add_tmp_variable=False)
  File "/home/airflow/.local/lib/python3.10/site-packages/airflow/providers/docker/operators/docker.py", line 437, in _run_image_with_mounts
    raise DockerContainerFailedException(f"Docker container failed: {result!r}", logs=log_lines)
airflow.providers.docker.exceptions.DockerContainerFailedException: Docker container failed: {'StatusCode': 1}
[2025-07-07T20:12:43.556+0000] {taskinstance.py:1138} INFO - Marking task as UP_FOR_RETRY. dag_id=northwind, task_id=carregamento_postgres, execution_date=20250707T201036, start_date=20250707T201212, end_date=20250707T201243
[2025-07-07T20:12:43.590+0000] {standard_task_runner.py:107} ERROR - Failed to execute job 23 for task carregamento_postgres (Docker container failed: {'StatusCode': 1}; 196)
[2025-07-07T20:12:43.626+0000] {local_task_job_runner.py:234} INFO - Task exited with return code 1
[2025-07-07T20:12:43.650+0000] {taskinstance.py:3280} INFO - 0 downstream tasks scheduled from follow-on schedule check
