[2025-07-10T12:35:07.816+0000] {taskinstance.py:1956} INFO - Dependencies all met for dep_context=non-requeueable deps ti=<TaskInstance: northwind.extração_csv manual__2025-07-10T12:34:48.221208+00:00 [queued]>
[2025-07-10T12:35:07.829+0000] {taskinstance.py:1956} INFO - Dependencies all met for dep_context=requeueable deps ti=<TaskInstance: northwind.extração_csv manual__2025-07-10T12:34:48.221208+00:00 [queued]>
[2025-07-10T12:35:07.830+0000] {taskinstance.py:2170} INFO - Starting attempt 1 of 2
[2025-07-10T12:35:07.845+0000] {taskinstance.py:2191} INFO - Executing <Task(DockerOperator): extração_csv> on 2025-07-10 12:34:48.221208+00:00
[2025-07-10T12:35:07.851+0000] {standard_task_runner.py:60} INFO - Started process 177 to run task
[2025-07-10T12:35:07.855+0000] {standard_task_runner.py:87} INFO - Running: ['***', 'tasks', 'run', 'northwind', 'extração_csv', 'manual__2025-07-10T12:34:48.221208+00:00', '--job-id', '20', '--raw', '--subdir', 'DAGS_FOLDER/northwind.py', '--cfg-path', '/tmp/tmp5r42xxxp']
[2025-07-10T12:35:07.858+0000] {standard_task_runner.py:88} INFO - Job 20: Subtask extração_csv
[2025-07-10T12:35:07.918+0000] {task_command.py:423} INFO - Running <TaskInstance: northwind.extração_csv manual__2025-07-10T12:34:48.221208+00:00 [running]> on host 7ad2b0e001d7
[2025-07-10T12:35:08.015+0000] {taskinstance.py:2480} INFO - Exporting env vars: AIRFLOW_CTX_DAG_EMAIL='lrbf@cin.ufpe.br' AIRFLOW_CTX_DAG_OWNER='***' AIRFLOW_CTX_DAG_ID='northwind' AIRFLOW_CTX_TASK_ID='extração_csv' AIRFLOW_CTX_EXECUTION_DATE='2025-07-10T12:34:48.221208+00:00' AIRFLOW_CTX_TRY_NUMBER='1' AIRFLOW_CTX_DAG_RUN_ID='manual__2025-07-10T12:34:48.221208+00:00'
[2025-07-10T12:35:08.117+0000] {docker.py:359} INFO - Starting docker container from image meltano:latest
[2025-07-10T12:35:08.533+0000] {docker.py:429} INFO - Running meltano install...
[2025-07-10T12:35:10.993+0000] {docker.py:429} INFO - [2m2025-07-10T12:35:10.992834Z[0m [[32m[1minfo     [0m] [1mInstalling 7 plugins          [0m
[2025-07-10T12:35:11.011+0000] {docker.py:429} INFO - [2m2025-07-10T12:35:11.010917Z[0m [[32m[1minfo     [0m] [1mInstalling extractor 'tap-postgres'[0m
[2025-07-10T12:35:11.039+0000] {docker.py:429} INFO - [2m2025-07-10T12:35:11.038302Z[0m [[32m[1minfo     [0m] [1mInstalling extractor 'tap-csv'[0m
[2025-07-10T12:35:11.069+0000] {docker.py:429} INFO - [2m2025-07-10T12:35:11.068489Z[0m [[32m[1minfo     [0m] [1mInstalling extractor 'tap-csv-latest'[0m
[2025-07-10T12:35:11.101+0000] {docker.py:429} INFO - [2m2025-07-10T12:35:11.100504Z[0m [[32m[1minfo     [0m] [1mInstalling loader 'target-postgres'[0m
[2025-07-10T12:35:11.136+0000] {docker.py:429} INFO - [2m2025-07-10T12:35:11.135423Z[0m [[32m[1minfo     [0m] [1mInstalling loader 'target-csv'[0m
[2025-07-10T12:35:11.171+0000] {docker.py:429} INFO - [2m2025-07-10T12:35:11.170566Z[0m [[32m[1minfo     [0m] [1mInstalling loader 'target-csv-postgres'[0m
[2025-07-10T12:35:11.208+0000] {docker.py:429} INFO - [2m2025-07-10T12:35:11.206496Z[0m [[32m[1minfo     [0m] [1mInstalling loader 'target-csv-csv'[0m
[2025-07-10T12:35:12.417+0000] {docker.py:429} INFO - [2m2025-07-10T12:35:12.416295Z[0m [[32m[1minfo     [0m] [1mInstalled extractor 'tap-postgres'[0m
[2025-07-10T12:35:12.593+0000] {docker.py:429} INFO - [2m2025-07-10T12:35:12.592712Z[0m [[32m[1minfo     [0m] [1mInstalled loader 'target-postgres'[0m
[2025-07-10T12:35:16.704+0000] {docker.py:429} INFO - [2m2025-07-10T12:35:16.703993Z[0m [[32m[1minfo     [0m] [1mInstalled extractor 'tap-csv' [0m
[2025-07-10T12:35:16.768+0000] {docker.py:429} INFO - [2m2025-07-10T12:35:16.767922Z[0m [[32m[1minfo     [0m] [1mInstalled extractor 'tap-csv-latest'[0m
[2025-07-10T12:35:17.367+0000] {docker.py:429} INFO - [2m2025-07-10T12:35:17.366626Z[0m [[32m[1minfo     [0m] [1mInstalled loader 'target-csv' [0m
[2025-07-10T12:35:17.595+0000] {docker.py:429} INFO - [2m2025-07-10T12:35:17.594768Z[0m [[32m[1minfo     [0m] [1mInstalled loader 'target-csv-csv'[0m
[2025-07-10T12:35:17.674+0000] {docker.py:429} INFO - [2m2025-07-10T12:35:17.672978Z[0m [[32m[1minfo     [0m] [1mInstalled loader 'target-csv-postgres'[0m
[2025-07-10T12:35:17.675+0000] {docker.py:429} INFO - [2m2025-07-10T12:35:17.673684Z[0m [[32m[1minfo     [0m] [1mInstalled 7/7 plugins         [0m
[2025-07-10T12:35:18.637+0000] {docker.py:429} INFO - Meltano install completed. Executing command: meltano el tap-csv target-csv-csv
[2025-07-10T12:35:20.130+0000] {docker.py:429} INFO - [2m2025-07-10T12:35:20.129399Z[0m [[32m[1minfo     [0m] [1mEnvironment 'dev' is active   [0m
[2025-07-10T12:35:20.864+0000] {docker.py:429} INFO - [2m2025-07-10T12:35:20.863699Z[0m [[32m[1minfo     [0m] [1mRunning extract & load...     [0m [36mname[0m=[35mmeltano[0m [36mrun_id[0m=[35m970659e4-2348-4255-bb5c-9e52516ac0c8[0m [36mstate_id[0m=[35m2025-07-10T123520--tap-csv--target-csv-csv[0m
[2025-07-10T12:35:22.381+0000] {docker.py:429} INFO - [2m2025-07-10T12:35:22.379779Z[0m [[32m[1minfo     [0m] [1mINFO Sending version information to singer.io. To disable sending anonymous usage data, set the config parameter "disable_collection" to true[0m [36mcmd_type[0m=[35mloader[0m [36mname[0m=[35mtarget-csv-csv[0m [36mrun_id[0m=[35m970659e4-2348-4255-bb5c-9e52516ac0c8[0m [36mstate_id[0m=[35m2025-07-10T123520--tap-csv--target-csv-csv[0m [36mstdio[0m=[35mstderr[0m
[2025-07-10T12:35:22.686+0000] {docker.py:429} INFO - [2m2025-07-10T12:35:22.686056Z[0m [[32m[1minfo     [0m] [1m/opt/meltano/.meltano/extractors/tap-csv/venv/lib/python3.9/site-packages/singer_sdk/tap_base.py:516: SingerSDKDeprecationWarning: Passing a catalog file path is deprecated. Please pass the catalog as a dictionary or Catalog object instead.[0m [36mcmd_type[0m=[35mextractor[0m [36mname[0m=[35mtap-csv[0m [36mrun_id[0m=[35m970659e4-2348-4255-bb5c-9e52516ac0c8[0m [36mstate_id[0m=[35m2025-07-10T123520--tap-csv--target-csv-csv[0m [36mstdio[0m=[35mstderr[0m
[2025-07-10T12:35:22.687+0000] {docker.py:429} INFO - [2m2025-07-10T12:35:22.686555Z[0m [[32m[1minfo     [0m] [1m  tap = cls(                  [0m [36mcmd_type[0m=[35mextractor[0m [36mname[0m=[35mtap-csv[0m [36mrun_id[0m=[35m970659e4-2348-4255-bb5c-9e52516ac0c8[0m [36mstate_id[0m=[35m2025-07-10T123520--tap-csv--target-csv-csv[0m [36mstdio[0m=[35mstderr[0m
[2025-07-10T12:35:22.687+0000] {docker.py:429} INFO - [2m2025-07-10T12:35:22.686943Z[0m [[32m[1minfo     [0m] [1m                              [0m [36mcmd_type[0m=[35mextractor[0m [36mname[0m=[35mtap-csv[0m [36mrun_id[0m=[35m970659e4-2348-4255-bb5c-9e52516ac0c8[0m [36mstate_id[0m=[35m2025-07-10T123520--tap-csv--target-csv-csv[0m [36mstdio[0m=[35mstderr[0m
[2025-07-10T12:35:22.688+0000] {docker.py:429} INFO - [2m2025-07-10T12:35:22.687475Z[0m [[32m[1minfo     [0m] [1mBeginning full_table sync of 'order_details'...[0m [36mcmd_type[0m=[35mextractor[0m [36mname[0m=[35mtap-csv[0m [36mrun_id[0m=[35m970659e4-2348-4255-bb5c-9e52516ac0c8[0m [36mstate_id[0m=[35m2025-07-10T123520--tap-csv--target-csv-csv[0m [36mstdio[0m=[35mstderr[0m
[2025-07-10T12:35:22.688+0000] {docker.py:429} INFO - [2m2025-07-10T12:35:22.687852Z[0m [[32m[1minfo     [0m] [1mTap has custom mapper. Using 1 provided map(s).[0m [36mcmd_type[0m=[35mextractor[0m [36mname[0m=[35mtap-csv[0m [36mrun_id[0m=[35m970659e4-2348-4255-bb5c-9e52516ac0c8[0m [36mstate_id[0m=[35m2025-07-10T123520--tap-csv--target-csv-csv[0m [36mstdio[0m=[35mstderr[0m
[2025-07-10T12:35:22.890+0000] {docker.py:429} INFO - [2m2025-07-10T12:35:22.889937Z[0m [[32m[1minfo     [0m] [1mMETRIC: {"type": "timer", "metric": "sync_duration", "value": 0.20047807693481445, "tags": {"stream": "order_details", "pid": 176, "context": {}, "status": "succeeded"}}[0m [36mcmd_type[0m=[35mextractor[0m [36mname[0m=[35mtap-csv[0m [36mrun_id[0m=[35m970659e4-2348-4255-bb5c-9e52516ac0c8[0m [36mstate_id[0m=[35m2025-07-10T123520--tap-csv--target-csv-csv[0m [36mstdio[0m=[35mstderr[0m
[2025-07-10T12:35:22.891+0000] {docker.py:429} INFO - [2m2025-07-10T12:35:22.890789Z[0m [[32m[1minfo     [0m] [1mMETRIC: {"type": "counter", "metric": "record_count", "value": 2155, "tags": {"stream": "order_details", "pid": 176, "context": {}}}[0m [36mcmd_type[0m=[35mextractor[0m [36mname[0m=[35mtap-csv[0m [36mrun_id[0m=[35m970659e4-2348-4255-bb5c-9e52516ac0c8[0m [36mstate_id[0m=[35m2025-07-10T123520--tap-csv--target-csv-csv[0m [36mstdio[0m=[35mstderr[0m
[2025-07-10T12:35:23.078+0000] {docker.py:429} INFO - [2m2025-07-10T12:35:23.076551Z[0m [[32m[1minfo     [0m] [1mUsing systemdb state backend  [0m
[2025-07-10T12:35:23.102+0000] {docker.py:429} INFO - [2m2025-07-10T12:35:23.101566Z[0m [[32m[1minfo     [0m] [1mIncremental state has been updated at 2025-07-10 12:35:23.101496+00:00.[0m
[2025-07-10T12:35:23.105+0000] {docker.py:429} INFO - [2m2025-07-10T12:35:23.104309Z[0m [[32m[1minfo     [0m] [1mExtract & load complete!      [0m [36mname[0m=[35mmeltano[0m [36mrun_id[0m=[35m970659e4-2348-4255-bb5c-9e52516ac0c8[0m [36mstate_id[0m=[35m2025-07-10T123520--tap-csv--target-csv-csv[0m
[2025-07-10T12:35:23.107+0000] {docker.py:429} INFO - [2m2025-07-10T12:35:23.104982Z[0m [[32m[1minfo     [0m] [1mTransformation skipped.       [0m [36mname[0m=[35mmeltano[0m [36mrun_id[0m=[35m970659e4-2348-4255-bb5c-9e52516ac0c8[0m [36mstate_id[0m=[35m2025-07-10T123520--tap-csv--target-csv-csv[0m
[2025-07-10T12:35:24.543+0000] {taskinstance.py:1138} INFO - Marking task as SUCCESS. dag_id=northwind, task_id=extração_csv, execution_date=20250710T123448, start_date=20250710T123507, end_date=20250710T123524
[2025-07-10T12:35:24.600+0000] {local_task_job_runner.py:234} INFO - Task exited with return code 0
[2025-07-10T12:35:24.652+0000] {taskinstance.py:3280} INFO - 1 downstream tasks scheduled from follow-on schedule check
