[2025-07-08T13:59:29.701+0000] {taskinstance.py:1956} INFO - Dependencies all met for dep_context=non-requeueable deps ti=<TaskInstance: northwind.extração_csv manual__2025-07-08T13:58:35.258092+00:00 [queued]>
[2025-07-08T13:59:29.716+0000] {taskinstance.py:1956} INFO - Dependencies all met for dep_context=requeueable deps ti=<TaskInstance: northwind.extração_csv manual__2025-07-08T13:58:35.258092+00:00 [queued]>
[2025-07-08T13:59:29.717+0000] {taskinstance.py:2170} INFO - Starting attempt 1 of 2
[2025-07-08T13:59:29.735+0000] {taskinstance.py:2191} INFO - Executing <Task(DockerOperator): extração_csv> on 2025-07-08 13:58:35.258092+00:00
[2025-07-08T13:59:29.744+0000] {standard_task_runner.py:60} INFO - Started process 232 to run task
[2025-07-08T13:59:29.753+0000] {standard_task_runner.py:87} INFO - Running: ['***', 'tasks', 'run', 'northwind', 'extração_csv', 'manual__2025-07-08T13:58:35.258092+00:00', '--job-id', '40', '--raw', '--subdir', 'DAGS_FOLDER/northwind.py', '--cfg-path', '/tmp/tmp7z1ks8fd']
[2025-07-08T13:59:29.762+0000] {standard_task_runner.py:88} INFO - Job 40: Subtask extração_csv
[2025-07-08T13:59:29.826+0000] {task_command.py:423} INFO - Running <TaskInstance: northwind.extração_csv manual__2025-07-08T13:58:35.258092+00:00 [running]> on host eee4e987cd13
[2025-07-08T13:59:29.952+0000] {taskinstance.py:2480} INFO - Exporting env vars: AIRFLOW_CTX_DAG_EMAIL='lrbf@cin.ufpe.br' AIRFLOW_CTX_DAG_OWNER='***' AIRFLOW_CTX_DAG_ID='northwind' AIRFLOW_CTX_TASK_ID='extração_csv' AIRFLOW_CTX_EXECUTION_DATE='2025-07-08T13:58:35.258092+00:00' AIRFLOW_CTX_TRY_NUMBER='1' AIRFLOW_CTX_DAG_RUN_ID='manual__2025-07-08T13:58:35.258092+00:00'
[2025-07-08T13:59:30.138+0000] {docker.py:359} INFO - Starting docker container from image meltano:latest
[2025-07-08T13:59:31.561+0000] {docker.py:429} INFO - Running meltano install...
[2025-07-08T13:59:34.691+0000] {docker.py:429} INFO - [2m2025-07-08T13:59:34.690177Z[0m [[32m[1minfo     [0m] [1mInstalling 7 plugins          [0m
[2025-07-08T13:59:34.719+0000] {docker.py:429} INFO - [2m2025-07-08T13:59:34.718321Z[0m [[32m[1minfo     [0m] [1mInstalling extractor 'tap-postgres'[0m
[2025-07-08T13:59:34.769+0000] {docker.py:429} INFO - [2m2025-07-08T13:59:34.768343Z[0m [[32m[1minfo     [0m] [1mInstalling extractor 'tap-csv'[0m
[2025-07-08T13:59:34.844+0000] {docker.py:429} INFO - [2m2025-07-08T13:59:34.842258Z[0m [[32m[1minfo     [0m] [1mInstalling extractor 'tap-csv-latest'[0m
[2025-07-08T13:59:34.919+0000] {docker.py:429} INFO - [2m2025-07-08T13:59:34.918396Z[0m [[32m[1minfo     [0m] [1mInstalling loader 'target-postgres'[0m
[2025-07-08T13:59:34.995+0000] {docker.py:429} INFO - [2m2025-07-08T13:59:34.994034Z[0m [[32m[1minfo     [0m] [1mInstalling loader 'target-csv'[0m
[2025-07-08T13:59:35.082+0000] {docker.py:429} INFO - [2m2025-07-08T13:59:35.078512Z[0m [[32m[1minfo     [0m] [1mInstalling loader 'target-csv-postgres'[0m
[2025-07-08T13:59:35.197+0000] {docker.py:429} INFO - [2m2025-07-08T13:59:35.196072Z[0m [[32m[1minfo     [0m] [1mInstalling loader 'target-csv-csv'[0m
[2025-07-08T13:59:39.265+0000] {docker.py:429} INFO - [2m2025-07-08T13:59:39.264208Z[0m [[32m[1minfo     [0m] [1mInstalled extractor 'tap-postgres'[0m
[2025-07-08T13:59:37.779+0000] {docker.py:429} INFO - [2m2025-07-08T13:59:37.777728Z[0m [[32m[1minfo     [0m] [1mInstalled loader 'target-postgres'[0m
[2025-07-08T13:59:47.644+0000] {docker.py:429} INFO - [2m2025-07-08T13:59:47.642488Z[0m [[32m[1minfo     [0m] [1mInstalled extractor 'tap-csv-latest'[0m
[2025-07-08T13:59:47.667+0000] {docker.py:429} INFO - [2m2025-07-08T13:59:47.666372Z[0m [[32m[1minfo     [0m] [1mInstalled extractor 'tap-csv' [0m
[2025-07-08T13:59:50.834+0000] {docker.py:429} INFO - [2m2025-07-08T13:59:50.832298Z[0m [[32m[1minfo     [0m] [1mInstalled loader 'target-csv' [0m
[2025-07-08T13:59:51.170+0000] {docker.py:429} INFO - [2m2025-07-08T13:59:51.169981Z[0m [[32m[1minfo     [0m] [1mInstalled loader 'target-csv-csv'[0m
[2025-07-08T13:59:51.178+0000] {docker.py:429} INFO - [2m2025-07-08T13:59:51.178159Z[0m [[32m[1minfo     [0m] [1mInstalled loader 'target-csv-postgres'[0m
[2025-07-08T13:59:51.179+0000] {docker.py:429} INFO - [2m2025-07-08T13:59:51.178530Z[0m [[32m[1minfo     [0m] [1mInstalled 7/7 plugins         [0m
[2025-07-08T13:59:52.374+0000] {docker.py:429} INFO - Meltano install completed. Executing command: meltano el tap-csv target-csv-csv
[2025-07-08T13:59:54.045+0000] {docker.py:429} INFO - [2m2025-07-08T13:59:54.045017Z[0m [[32m[1minfo     [0m] [1mEnvironment 'dev' is active   [0m
[2025-07-08T13:59:55.673+0000] {docker.py:429} INFO - [2m2025-07-08T13:59:55.671417Z[0m [[32m[1minfo     [0m] [1mRunning extract & load...     [0m [36mname[0m=[35mmeltano[0m [36mrun_id[0m=[35m50a51ce3-7134-4379-8259-31e15711eb2a[0m [36mstate_id[0m=[35m2025-07-08T135955--tap-csv--target-csv-csv[0m
[2025-07-08T13:59:57.431+0000] {docker.py:429} INFO - [2m2025-07-08T13:59:57.430289Z[0m [[32m[1minfo     [0m] [1mINFO Sending version information to singer.io. To disable sending anonymous usage data, set the config parameter "disable_collection" to true[0m [36mcmd_type[0m=[35mloader[0m [36mname[0m=[35mtarget-csv-csv[0m [36mrun_id[0m=[35m50a51ce3-7134-4379-8259-31e15711eb2a[0m [36mstate_id[0m=[35m2025-07-08T135955--tap-csv--target-csv-csv[0m [36mstdio[0m=[35mstderr[0m
[2025-07-08T13:59:57.901+0000] {docker.py:429} INFO - [2m2025-07-08T13:59:57.900661Z[0m [[32m[1minfo     [0m] [1m/opt/meltano/.meltano/extractors/tap-csv/venv/lib/python3.9/site-packages/singer_sdk/tap_base.py:516: SingerSDKDeprecationWarning: Passing a catalog file path is deprecated. Please pass the catalog as a dictionary or Catalog object instead.[0m [36mcmd_type[0m=[35mextractor[0m [36mname[0m=[35mtap-csv[0m [36mrun_id[0m=[35m50a51ce3-7134-4379-8259-31e15711eb2a[0m [36mstate_id[0m=[35m2025-07-08T135955--tap-csv--target-csv-csv[0m [36mstdio[0m=[35mstderr[0m
[2025-07-08T13:59:57.902+0000] {docker.py:429} INFO - [2m2025-07-08T13:59:57.901240Z[0m [[32m[1minfo     [0m] [1m  tap = cls(                  [0m [36mcmd_type[0m=[35mextractor[0m [36mname[0m=[35mtap-csv[0m [36mrun_id[0m=[35m50a51ce3-7134-4379-8259-31e15711eb2a[0m [36mstate_id[0m=[35m2025-07-08T135955--tap-csv--target-csv-csv[0m [36mstdio[0m=[35mstderr[0m
[2025-07-08T13:59:57.902+0000] {docker.py:429} INFO - [2m2025-07-08T13:59:57.901625Z[0m [[32m[1minfo     [0m] [1m                              [0m [36mcmd_type[0m=[35mextractor[0m [36mname[0m=[35mtap-csv[0m [36mrun_id[0m=[35m50a51ce3-7134-4379-8259-31e15711eb2a[0m [36mstate_id[0m=[35m2025-07-08T135955--tap-csv--target-csv-csv[0m [36mstdio[0m=[35mstderr[0m
[2025-07-08T13:59:57.902+0000] {docker.py:429} INFO - [2m2025-07-08T13:59:57.902115Z[0m [[32m[1minfo     [0m] [1mBeginning full_table sync of 'order_details'...[0m [36mcmd_type[0m=[35mextractor[0m [36mname[0m=[35mtap-csv[0m [36mrun_id[0m=[35m50a51ce3-7134-4379-8259-31e15711eb2a[0m [36mstate_id[0m=[35m2025-07-08T135955--tap-csv--target-csv-csv[0m [36mstdio[0m=[35mstderr[0m
[2025-07-08T13:59:57.903+0000] {docker.py:429} INFO - [2m2025-07-08T13:59:57.903184Z[0m [[32m[1minfo     [0m] [1mTap has custom mapper. Using 1 provided map(s).[0m [36mcmd_type[0m=[35mextractor[0m [36mname[0m=[35mtap-csv[0m [36mrun_id[0m=[35m50a51ce3-7134-4379-8259-31e15711eb2a[0m [36mstate_id[0m=[35m2025-07-08T135955--tap-csv--target-csv-csv[0m [36mstdio[0m=[35mstderr[0m
[2025-07-08T13:59:58.399+0000] {docker.py:429} INFO - [2m2025-07-08T13:59:58.398677Z[0m [[32m[1minfo     [0m] [1mMETRIC: {"type": "timer", "metric": "sync_duration", "value": 0.49387574195861816, "tags": {"stream": "order_details", "pid": 176, "context": {}, "status": "succeeded"}}[0m [36mcmd_type[0m=[35mextractor[0m [36mname[0m=[35mtap-csv[0m [36mrun_id[0m=[35m50a51ce3-7134-4379-8259-31e15711eb2a[0m [36mstate_id[0m=[35m2025-07-08T135955--tap-csv--target-csv-csv[0m [36mstdio[0m=[35mstderr[0m
[2025-07-08T13:59:58.400+0000] {docker.py:429} INFO - [2m2025-07-08T13:59:58.399260Z[0m [[32m[1minfo     [0m] [1mMETRIC: {"type": "counter", "metric": "record_count", "value": 2155, "tags": {"stream": "order_details", "pid": 176, "context": {}}}[0m [36mcmd_type[0m=[35mextractor[0m [36mname[0m=[35mtap-csv[0m [36mrun_id[0m=[35m50a51ce3-7134-4379-8259-31e15711eb2a[0m [36mstate_id[0m=[35m2025-07-08T135955--tap-csv--target-csv-csv[0m [36mstdio[0m=[35mstderr[0m
[2025-07-08T13:59:58.750+0000] {docker.py:429} INFO - [2m2025-07-08T13:59:58.749541Z[0m [[32m[1minfo     [0m] [1mUsing systemdb state backend  [0m
[2025-07-08T13:59:58.766+0000] {docker.py:429} INFO - [2m2025-07-08T13:59:58.765379Z[0m [[32m[1minfo     [0m] [1mIncremental state has been updated at 2025-07-08 13:59:58.765316+00:00.[0m
[2025-07-08T13:59:58.768+0000] {docker.py:429} INFO - [2m2025-07-08T13:59:58.767411Z[0m [[32m[1minfo     [0m] [1mExtract & load complete!      [0m [36mname[0m=[35mmeltano[0m [36mrun_id[0m=[35m50a51ce3-7134-4379-8259-31e15711eb2a[0m [36mstate_id[0m=[35m2025-07-08T135955--tap-csv--target-csv-csv[0m
[2025-07-08T13:59:58.768+0000] {docker.py:429} INFO - [2m2025-07-08T13:59:58.767923Z[0m [[32m[1minfo     [0m] [1mTransformation skipped.       [0m [36mname[0m=[35mmeltano[0m [36mrun_id[0m=[35m50a51ce3-7134-4379-8259-31e15711eb2a[0m [36mstate_id[0m=[35m2025-07-08T135955--tap-csv--target-csv-csv[0m
[2025-07-08T14:00:00.265+0000] {taskinstance.py:1138} INFO - Marking task as SUCCESS. dag_id=northwind, task_id=extração_csv, execution_date=20250708T135835, start_date=20250708T135929, end_date=20250708T140000
[2025-07-08T14:00:00.303+0000] {local_task_job_runner.py:234} INFO - Task exited with return code 0
[2025-07-08T14:00:00.341+0000] {taskinstance.py:3280} INFO - 1 downstream tasks scheduled from follow-on schedule check
