[2025-07-10T12:19:41.353+0000] {taskinstance.py:1956} INFO - Dependencies all met for dep_context=non-requeueable deps ti=<TaskInstance: northwind.carregamento_postgres manual__2025-07-10T12:18:44.775290+00:00 [queued]>
[2025-07-10T12:19:41.362+0000] {taskinstance.py:1956} INFO - Dependencies all met for dep_context=requeueable deps ti=<TaskInstance: northwind.carregamento_postgres manual__2025-07-10T12:18:44.775290+00:00 [queued]>
[2025-07-10T12:19:41.362+0000] {taskinstance.py:2170} INFO - Starting attempt 1 of 2
[2025-07-10T12:19:41.378+0000] {taskinstance.py:2191} INFO - Executing <Task(DockerOperator): carregamento_postgres> on 2025-07-10 12:18:44.775290+00:00
[2025-07-10T12:19:41.383+0000] {standard_task_runner.py:60} INFO - Started process 186 to run task
[2025-07-10T12:19:41.391+0000] {standard_task_runner.py:87} INFO - Running: ['***', 'tasks', 'run', 'northwind', 'carregamento_postgres', 'manual__2025-07-10T12:18:44.775290+00:00', '--job-id', '11', '--raw', '--subdir', 'DAGS_FOLDER/northwind.py', '--cfg-path', '/tmp/tmps6mvfg8k']
[2025-07-10T12:19:41.394+0000] {standard_task_runner.py:88} INFO - Job 11: Subtask carregamento_postgres
[2025-07-10T12:19:41.451+0000] {task_command.py:423} INFO - Running <TaskInstance: northwind.carregamento_postgres manual__2025-07-10T12:18:44.775290+00:00 [running]> on host 7ad2b0e001d7
[2025-07-10T12:19:41.544+0000] {taskinstance.py:2480} INFO - Exporting env vars: AIRFLOW_CTX_DAG_EMAIL='lrbf@cin.ufpe.br' AIRFLOW_CTX_DAG_OWNER='***' AIRFLOW_CTX_DAG_ID='northwind' AIRFLOW_CTX_TASK_ID='carregamento_postgres' AIRFLOW_CTX_EXECUTION_DATE='2025-07-10T12:18:44.775290+00:00' AIRFLOW_CTX_TRY_NUMBER='1' AIRFLOW_CTX_DAG_RUN_ID='manual__2025-07-10T12:18:44.775290+00:00'
[2025-07-10T12:19:41.607+0000] {docker.py:359} INFO - Starting docker container from image meltano:latest
[2025-07-10T12:19:41.991+0000] {docker.py:429} INFO - Running meltano install...
[2025-07-10T12:19:44.145+0000] {docker.py:429} INFO - [2m2025-07-10T12:19:44.144668Z[0m [[32m[1minfo     [0m] [1mInstalling 7 plugins          [0m
[2025-07-10T12:19:44.161+0000] {docker.py:429} INFO - [2m2025-07-10T12:19:44.160397Z[0m [[32m[1minfo     [0m] [1mInstalling extractor 'tap-postgres'[0m
[2025-07-10T12:19:44.188+0000] {docker.py:429} INFO - [2m2025-07-10T12:19:44.187032Z[0m [[32m[1minfo     [0m] [1mInstalling extractor 'tap-csv'[0m
[2025-07-10T12:19:44.225+0000] {docker.py:429} INFO - [2m2025-07-10T12:19:44.224034Z[0m [[32m[1minfo     [0m] [1mInstalling extractor 'tap-csv-latest'[0m
[2025-07-10T12:19:44.262+0000] {docker.py:429} INFO - [2m2025-07-10T12:19:44.261687Z[0m [[32m[1minfo     [0m] [1mInstalling loader 'target-postgres'[0m
[2025-07-10T12:19:44.298+0000] {docker.py:429} INFO - [2m2025-07-10T12:19:44.297169Z[0m [[32m[1minfo     [0m] [1mInstalling loader 'target-csv'[0m
[2025-07-10T12:19:44.331+0000] {docker.py:429} INFO - [2m2025-07-10T12:19:44.330633Z[0m [[32m[1minfo     [0m] [1mInstalling loader 'target-csv-postgres'[0m
[2025-07-10T12:19:41.848+0000] {docker.py:429} INFO - [2m2025-07-10T12:19:41.845636Z[0m [[32m[1minfo     [0m] [1mInstalling loader 'target-csv-csv'[0m
[2025-07-10T12:19:43.010+0000] {docker.py:429} INFO - [2m2025-07-10T12:19:43.008727Z[0m [[32m[1minfo     [0m] [1mInstalled extractor 'tap-postgres'[0m
[2025-07-10T12:19:43.166+0000] {docker.py:429} INFO - [2m2025-07-10T12:19:43.166156Z[0m [[32m[1minfo     [0m] [1mInstalled loader 'target-postgres'[0m
[2025-07-10T12:19:47.149+0000] {docker.py:429} INFO - [2m2025-07-10T12:19:47.148211Z[0m [[32m[1minfo     [0m] [1mInstalled extractor 'tap-csv' [0m
[2025-07-10T12:19:47.166+0000] {docker.py:429} INFO - [2m2025-07-10T12:19:47.165900Z[0m [[32m[1minfo     [0m] [1mInstalled extractor 'tap-csv-latest'[0m
[2025-07-10T12:19:47.999+0000] {docker.py:429} INFO - [2m2025-07-10T12:19:47.998426Z[0m [[32m[1minfo     [0m] [1mInstalled loader 'target-csv' [0m
[2025-07-10T12:19:48.437+0000] {docker.py:429} INFO - [2m2025-07-10T12:19:48.436105Z[0m [[32m[1minfo     [0m] [1mInstalled loader 'target-csv-csv'[0m
[2025-07-10T12:19:48.480+0000] {docker.py:429} INFO - [2m2025-07-10T12:19:48.479974Z[0m [[32m[1minfo     [0m] [1mInstalled loader 'target-csv-postgres'[0m
[2025-07-10T12:19:48.481+0000] {docker.py:429} INFO - [2m2025-07-10T12:19:48.480423Z[0m [[32m[1minfo     [0m] [1mInstalled 7/7 plugins         [0m
[2025-07-10T12:19:49.466+0000] {docker.py:429} INFO - Meltano install completed. Executing command: bash -c meltano config tap-csv-latest set csv_files_definition /opt/meltano/config/tap-csv-latest.json && meltano el tap-csv-latest target-postgres
[2025-07-10T12:19:50.927+0000] {docker.py:429} INFO - [2m2025-07-10T12:19:50.925903Z[0m [[32m[1minfo     [0m] [1mThe default environment 'dev' will be ignored for `meltano config`. To configure a specific environment, please use the option `--environment=<environment name>`.[0m
[2025-07-10T12:19:51.213+0000] {docker.py:429} INFO - Extractor 'tap-csv-latest' setting 'csv_files_definition' was set in `meltano.yml`: '/opt/meltano/config/tap-csv-latest.json'
[2025-07-10T12:19:54.628+0000] {docker.py:429} INFO - [2m2025-07-10T12:19:54.627849Z[0m [[32m[1minfo     [0m] [1mEnvironment 'dev' is active   [0m
[2025-07-10T12:19:55.112+0000] {docker.py:429} INFO - [2m2025-07-10T12:19:55.112125Z[0m [[32m[1minfo     [0m] [1mRunning extract & load...     [0m [36mname[0m=[35mmeltano[0m [36mrun_id[0m=[35mfbf0dfd4-64a1-4b9c-9c9e-5873d6d91261[0m [36mstate_id[0m=[35m2025-07-10T121954--tap-csv-latest--target-postgres[0m
[2025-07-10T12:19:56.170+0000] {docker.py:429} INFO - [2m2025-07-10T12:19:56.169409Z[0m [[32m[1minfo     [0m] [1mBeginning full_table sync of 'order_details'...[0m [36mcmd_type[0m=[35mextractor[0m [36mname[0m=[35mtap-csv-latest[0m [36mrun_id[0m=[35mfbf0dfd4-64a1-4b9c-9c9e-5873d6d91261[0m [36mstate_id[0m=[35m2025-07-10T121954--tap-csv-latest--target-postgres[0m [36mstdio[0m=[35mstderr[0m
[2025-07-10T12:19:56.171+0000] {docker.py:429} INFO - [2m2025-07-10T12:19:56.170223Z[0m [[32m[1minfo     [0m] [1mTap has custom mapper. Using 1 provided map(s).[0m [36mcmd_type[0m=[35mextractor[0m [36mname[0m=[35mtap-csv-latest[0m [36mrun_id[0m=[35mfbf0dfd4-64a1-4b9c-9c9e-5873d6d91261[0m [36mstate_id[0m=[35m2025-07-10T121954--tap-csv-latest--target-postgres[0m [36mstdio[0m=[35mstderr[0m
[2025-07-10T12:19:56.365+0000] {docker.py:429} INFO - [2m2025-07-10T12:19:56.364852Z[0m [[32m[1minfo     [0m] [1mtarget-postgres v0.4.3, Meltano SDK v0.47.4[0m [36mcmd_type[0m=[35mloader[0m [36mname[0m=[35mtarget-postgres[0m [36mrun_id[0m=[35mfbf0dfd4-64a1-4b9c-9c9e-5873d6d91261[0m [36mstate_id[0m=[35m2025-07-10T121954--tap-csv-latest--target-postgres[0m [36mstdio[0m=[35mstderr[0m
[2025-07-10T12:19:56.367+0000] {docker.py:429} INFO - [2m2025-07-10T12:19:56.366692Z[0m [[32m[1minfo     [0m] [1m/opt/meltano/.meltano/loaders/target-postgres/venv/lib/python3.9/site-packages/singer_sdk/plugin_base.py:715: SingerSDKDeprecationWarning: Passing a list of config file paths is deprecated. Please pass the config as a dictionary instead.[0m [36mcmd_type[0m=[35mloader[0m [36mname[0m=[35mtarget-postgres[0m [36mrun_id[0m=[35mfbf0dfd4-64a1-4b9c-9c9e-5873d6d91261[0m [36mstate_id[0m=[35m2025-07-10T121954--tap-csv-latest--target-postgres[0m [36mstdio[0m=[35mstderr[0m
[2025-07-10T12:19:56.369+0000] {docker.py:429} INFO - [2m2025-07-10T12:19:56.368275Z[0m [[32m[1minfo     [0m] [1m  super().__init__(           [0m [36mcmd_type[0m=[35mloader[0m [36mname[0m=[35mtarget-postgres[0m [36mrun_id[0m=[35mfbf0dfd4-64a1-4b9c-9c9e-5873d6d91261[0m [36mstate_id[0m=[35m2025-07-10T121954--tap-csv-latest--target-postgres[0m [36mstdio[0m=[35mstderr[0m
[2025-07-10T12:19:56.371+0000] {docker.py:429} INFO - [2m2025-07-10T12:19:56.369857Z[0m [[32m[1minfo     [0m] [1m                              [0m [36mcmd_type[0m=[35mloader[0m [36mname[0m=[35mtarget-postgres[0m [36mrun_id[0m=[35mfbf0dfd4-64a1-4b9c-9c9e-5873d6d91261[0m [36mstate_id[0m=[35m2025-07-10T121954--tap-csv-latest--target-postgres[0m [36mstdio[0m=[35mstderr[0m
[2025-07-10T12:19:56.372+0000] {docker.py:429} INFO - [2m2025-07-10T12:19:56.371491Z[0m [[32m[1minfo     [0m] [1mSkipping parse of env var settings...[0m [36mcmd_type[0m=[35mloader[0m [36mname[0m=[35mtarget-postgres[0m [36mrun_id[0m=[35mfbf0dfd4-64a1-4b9c-9c9e-5873d6d91261[0m [36mstate_id[0m=[35m2025-07-10T121954--tap-csv-latest--target-postgres[0m [36mstdio[0m=[35mstderr[0m
[2025-07-10T12:19:56.373+0000] {docker.py:429} INFO - [2m2025-07-10T12:19:56.372488Z[0m [[32m[1minfo     [0m] [1mTraceback (most recent call last):[0m [36mcmd_type[0m=[35mloader[0m [36mname[0m=[35mtarget-postgres[0m [36mrun_id[0m=[35mfbf0dfd4-64a1-4b9c-9c9e-5873d6d91261[0m [36mstate_id[0m=[35m2025-07-10T121954--tap-csv-latest--target-postgres[0m [36mstdio[0m=[35mstderr[0m
[2025-07-10T12:19:56.374+0000] {docker.py:429} INFO - [2m2025-07-10T12:19:56.373940Z[0m [[32m[1minfo     [0m] [1m  File "/opt/meltano/.meltano/loaders/target-postgres/venv/bin/target-postgres", line 8, in <module>[0m [36mcmd_type[0m=[35mloader[0m [36mname[0m=[35mtarget-postgres[0m [36mrun_id[0m=[35mfbf0dfd4-64a1-4b9c-9c9e-5873d6d91261[0m [36mstate_id[0m=[35m2025-07-10T121954--tap-csv-latest--target-postgres[0m [36mstdio[0m=[35mstderr[0m
[2025-07-10T12:19:56.375+0000] {docker.py:429} INFO - [2m2025-07-10T12:19:56.374685Z[0m [[32m[1minfo     [0m] [1m    sys.exit(TargetPostgres.cli())[0m [36mcmd_type[0m=[35mloader[0m [36mname[0m=[35mtarget-postgres[0m [36mrun_id[0m=[35mfbf0dfd4-64a1-4b9c-9c9e-5873d6d91261[0m [36mstate_id[0m=[35m2025-07-10T121954--tap-csv-latest--target-postgres[0m [36mstdio[0m=[35mstderr[0m
[2025-07-10T12:19:56.378+0000] {docker.py:429} INFO - [2m2025-07-10T12:19:56.376666Z[0m [[32m[1minfo     [0m] [1m  File "/opt/meltano/.meltano/loaders/target-postgres/venv/lib/python3.9/site-packages/click/core.py", line 1161, in __call__[0m [36mcmd_type[0m=[35mloader[0m [36mname[0m=[35mtarget-postgres[0m [36mrun_id[0m=[35mfbf0dfd4-64a1-4b9c-9c9e-5873d6d91261[0m [36mstate_id[0m=[35m2025-07-10T121954--tap-csv-latest--target-postgres[0m [36mstdio[0m=[35mstderr[0m
[2025-07-10T12:19:56.379+0000] {docker.py:429} INFO - [2m2025-07-10T12:19:56.378188Z[0m [[32m[1minfo     [0m] [1mMETRIC: {"type": "timer", "metric": "sync_duration", "value": 0.20092511177062988, "tags": {"stream": "order_details", "pid": 176, "context": {}, "status": "succeeded"}}[0m [36mcmd_type[0m=[35mextractor[0m [36mname[0m=[35mtap-csv-latest[0m [36mrun_id[0m=[35mfbf0dfd4-64a1-4b9c-9c9e-5873d6d91261[0m [36mstate_id[0m=[35m2025-07-10T121954--tap-csv-latest--target-postgres[0m [36mstdio[0m=[35mstderr[0m
[2m2025-07-10T12:19:56.379130Z[0m [[32m[1minfo     [0m] [1mMETRIC: {"type": "counter", "metric": "record_count", "value": 2155, "tags": {"stream": "order_details", "pid": 176, "context": {}}}[0m [36mcmd_type[0m=[35mextractor[0m [36mname[0m=[35mtap-csv-latest[0m [36mrun_id[0m=[35mfbf0dfd4-64a1-4b9c-9c9e-5873d6d91261[0m [36mstate_id[0m=[35m2025-07-10T121954--tap-csv-latest--target-postgres[0m [36mstdio[0m=[35mstderr[0m
[2025-07-10T12:19:56.380+0000] {docker.py:429} INFO - [2m2025-07-10T12:19:56.379327Z[0m [[32m[1minfo     [0m] [1mBeginning full_table sync of 'public-categories'...[0m [36mcmd_type[0m=[35mextractor[0m [36mname[0m=[35mtap-csv-latest[0m [36mrun_id[0m=[35mfbf0dfd4-64a1-4b9c-9c9e-5873d6d91261[0m [36mstate_id[0m=[35m2025-07-10T121954--tap-csv-latest--target-postgres[0m [36mstdio[0m=[35mstderr[0m
[2025-07-10T12:19:56.380+0000] {docker.py:429} INFO - [2m2025-07-10T12:19:56.379786Z[0m [[32m[1minfo     [0m] [1mTap has custom mapper. Using 1 provided map(s).[0m [36mcmd_type[0m=[35mextractor[0m [36mname[0m=[35mtap-csv-latest[0m [36mrun_id[0m=[35mfbf0dfd4-64a1-4b9c-9c9e-5873d6d91261[0m [36mstate_id[0m=[35m2025-07-10T121954--tap-csv-latest--target-postgres[0m [36mstdio[0m=[35mstderr[0m
[2m2025-07-10T12:19:56.380031Z[0m [[32m[1minfo     [0m] [1mMETRIC: {"type": "timer", "metric": "sync_duration", "value": 0.001066446304321289, "tags": {"stream": "public-categories", "pid": 176, "context": {}, "status": "succeeded"}}[0m [36mcmd_type[0m=[35mextractor[0m [36mname[0m=[35mtap-csv-latest[0m [36mrun_id[0m=[35mfbf0dfd4-64a1-4b9c-9c9e-5873d6d91261[0m [36mstate_id[0m=[35m2025-07-10T121954--tap-csv-latest--target-postgres[0m [36mstdio[0m=[35mstderr[0m
[2025-07-10T12:19:56.381+0000] {docker.py:429} INFO - [2m2025-07-10T12:19:56.380198Z[0m [[32m[1minfo     [0m] [1mMETRIC: {"type": "counter", "metric": "record_count", "value": 8, "tags": {"stream": "public-categories", "pid": 176, "context": {}}}[0m [36mcmd_type[0m=[35mextractor[0m [36mname[0m=[35mtap-csv-latest[0m [36mrun_id[0m=[35mfbf0dfd4-64a1-4b9c-9c9e-5873d6d91261[0m [36mstate_id[0m=[35m2025-07-10T121954--tap-csv-latest--target-postgres[0m [36mstdio[0m=[35mstderr[0m
[2m2025-07-10T12:19:56.380523Z[0m [[32m[1minfo     [0m] [1mBeginning full_table sync of 'public-customers'...[0m [36mcmd_type[0m=[35mextractor[0m [36mname[0m=[35mtap-csv-latest[0m [36mrun_id[0m=[35mfbf0dfd4-64a1-4b9c-9c9e-5873d6d91261[0m [36mstate_id[0m=[35m2025-07-10T121954--tap-csv-latest--target-postgres[0m [36mstdio[0m=[35mstderr[0m
[2025-07-10T12:19:56.381+0000] {docker.py:429} INFO - [2m2025-07-10T12:19:56.380708Z[0m [[32m[1minfo     [0m] [1mTap has custom mapper. Using 1 provided map(s).[0m [36mcmd_type[0m=[35mextractor[0m [36mname[0m=[35mtap-csv-latest[0m [36mrun_id[0m=[35mfbf0dfd4-64a1-4b9c-9c9e-5873d6d91261[0m [36mstate_id[0m=[35m2025-07-10T121954--tap-csv-latest--target-postgres[0m [36mstdio[0m=[35mstderr[0m
[2m2025-07-10T12:19:56.380940Z[0m [[32m[1minfo     [0m] [1m    return self.main(*args, **kwargs)[0m [36mcmd_type[0m=[35mloader[0m [36mname[0m=[35mtarget-postgres[0m [36mrun_id[0m=[35mfbf0dfd4-64a1-4b9c-9c9e-5873d6d91261[0m [36mstate_id[0m=[35m2025-07-10T121954--tap-csv-latest--target-postgres[0m [36mstdio[0m=[35mstderr[0m
[2025-07-10T12:19:56.381+0000] {docker.py:429} INFO - [2m2025-07-10T12:19:56.381120Z[0m [[32m[1minfo     [0m] [1m  File "/opt/meltano/.meltano/loaders/target-postgres/venv/lib/python3.9/site-packages/click/core.py", line 1082, in main[0m [36mcmd_type[0m=[35mloader[0m [36mname[0m=[35mtarget-postgres[0m [36mrun_id[0m=[35mfbf0dfd4-64a1-4b9c-9c9e-5873d6d91261[0m [36mstate_id[0m=[35m2025-07-10T121954--tap-csv-latest--target-postgres[0m [36mstdio[0m=[35mstderr[0m
[2m2025-07-10T12:19:56.381327Z[0m [[32m[1minfo     [0m] [1m    rv = self.invoke(ctx)     [0m [36mcmd_type[0m=[35mloader[0m [36mname[0m=[35mtarget-postgres[0m [36mrun_id[0m=[35mfbf0dfd4-64a1-4b9c-9c9e-5873d6d91261[0m [36mstate_id[0m=[35m2025-07-10T121954--tap-csv-latest--target-postgres[0m [36mstdio[0m=[35mstderr[0m
[2025-07-10T12:19:56.382+0000] {docker.py:429} INFO - [2m2025-07-10T12:19:56.381493Z[0m [[32m[1minfo     [0m] [1m  File "/opt/meltano/.meltano/loaders/target-postgres/venv/lib/python3.9/site-packages/singer_sdk/plugin_base.py", line 98, in invoke[0m [36mcmd_type[0m=[35mloader[0m [36mname[0m=[35mtarget-postgres[0m [36mrun_id[0m=[35mfbf0dfd4-64a1-4b9c-9c9e-5873d6d91261[0m [36mstate_id[0m=[35m2025-07-10T121954--tap-csv-latest--target-postgres[0m [36mstdio[0m=[35mstderr[0m
[2025-07-10T12:19:56.382+0000] {docker.py:429} INFO - [2m2025-07-10T12:19:56.381726Z[0m [[32m[1minfo     [0m] [1m    return super().invoke(ctx)[0m [36mcmd_type[0m=[35mloader[0m [36mname[0m=[35mtarget-postgres[0m [36mrun_id[0m=[35mfbf0dfd4-64a1-4b9c-9c9e-5873d6d91261[0m [36mstate_id[0m=[35m2025-07-10T121954--tap-csv-latest--target-postgres[0m [36mstdio[0m=[35mstderr[0m
[2025-07-10T12:19:56.382+0000] {docker.py:429} INFO - [2m2025-07-10T12:19:56.381942Z[0m [[32m[1minfo     [0m] [1m  File "/opt/meltano/.meltano/loaders/target-postgres/venv/lib/python3.9/site-packages/click/core.py", line 1443, in invoke[0m [36mcmd_type[0m=[35mloader[0m [36mname[0m=[35mtarget-postgres[0m [36mrun_id[0m=[35mfbf0dfd4-64a1-4b9c-9c9e-5873d6d91261[0m [36mstate_id[0m=[35m2025-07-10T121954--tap-csv-latest--target-postgres[0m [36mstdio[0m=[35mstderr[0m
[2025-07-10T12:19:56.382+0000] {docker.py:429} INFO - [2m2025-07-10T12:19:56.382146Z[0m [[32m[1minfo     [0m] [1m    return ctx.invoke(self.callback, **ctx.params)[0m [36mcmd_type[0m=[35mloader[0m [36mname[0m=[35mtarget-postgres[0m [36mrun_id[0m=[35mfbf0dfd4-64a1-4b9c-9c9e-5873d6d91261[0m [36mstate_id[0m=[35m2025-07-10T121954--tap-csv-latest--target-postgres[0m [36mstdio[0m=[35mstderr[0m
[2m2025-07-10T12:19:56.382347Z[0m [[32m[1minfo     [0m] [1m  File "/opt/meltano/.meltano/loaders/target-postgres/venv/lib/python3.9/site-packages/click/core.py", line 788, in invoke[0m [36mcmd_type[0m=[35mloader[0m [36mname[0m=[35mtarget-postgres[0m [36mrun_id[0m=[35mfbf0dfd4-64a1-4b9c-9c9e-5873d6d91261[0m [36mstate_id[0m=[35m2025-07-10T121954--tap-csv-latest--target-postgres[0m [36mstdio[0m=[35mstderr[0m
[2025-07-10T12:19:56.383+0000] {docker.py:429} INFO - [2m2025-07-10T12:19:56.382505Z[0m [[32m[1minfo     [0m] [1m    return __callback(*args, **kwargs)[0m [36mcmd_type[0m=[35mloader[0m [36mname[0m=[35mtarget-postgres[0m [36mrun_id[0m=[35mfbf0dfd4-64a1-4b9c-9c9e-5873d6d91261[0m [36mstate_id[0m=[35m2025-07-10T121954--tap-csv-latest--target-postgres[0m [36mstdio[0m=[35mstderr[0m
[2m2025-07-10T12:19:56.382666Z[0m [[32m[1minfo     [0m] [1m  File "/opt/meltano/.meltano/loaders/target-postgres/venv/lib/python3.9/site-packages/singer_sdk/target_base.py", line 583, in invoke[0m [36mcmd_type[0m=[35mloader[0m [36mname[0m=[35mtarget-postgres[0m [36mrun_id[0m=[35mfbf0dfd4-64a1-4b9c-9c9e-5873d6d91261[0m [36mstate_id[0m=[35m2025-07-10T121954--tap-csv-latest--target-postgres[0m [36mstdio[0m=[35mstderr[0m
[2025-07-10T12:19:56.383+0000] {docker.py:429} INFO - [2m2025-07-10T12:19:56.382828Z[0m [[32m[1minfo     [0m] [1m    target = cls(             [0m [36mcmd_type[0m=[35mloader[0m [36mname[0m=[35mtarget-postgres[0m [36mrun_id[0m=[35mfbf0dfd4-64a1-4b9c-9c9e-5873d6d91261[0m [36mstate_id[0m=[35m2025-07-10T121954--tap-csv-latest--target-postgres[0m [36mstdio[0m=[35mstderr[0m
[2025-07-10T12:19:56.383+0000] {docker.py:429} INFO - [2m2025-07-10T12:19:56.382993Z[0m [[32m[1minfo     [0m] [1m  File "/opt/meltano/.meltano/loaders/target-postgres/venv/lib/python3.9/site-packages/target_postgres/target.py", line 62, in __init__[0m [36mcmd_type[0m=[35mloader[0m [36mname[0m=[35mtarget-postgres[0m [36mrun_id[0m=[35mfbf0dfd4-64a1-4b9c-9c9e-5873d6d91261[0m [36mstate_id[0m=[35m2025-07-10T121954--tap-csv-latest--target-postgres[0m [36mstdio[0m=[35mstderr[0m
[2025-07-10T12:19:56.383+0000] {docker.py:429} INFO - [2m2025-07-10T12:19:56.383183Z[0m [[32m[1minfo     [0m] [1m    assert (self.config.get("sqlalchemy_url") is not None) or ([0m [36mcmd_type[0m=[35mloader[0m [36mname[0m=[35mtarget-postgres[0m [36mrun_id[0m=[35mfbf0dfd4-64a1-4b9c-9c9e-5873d6d91261[0m [36mstate_id[0m=[35m2025-07-10T121954--tap-csv-latest--target-postgres[0m [36mstdio[0m=[35mstderr[0m
[2025-07-10T12:19:56.384+0000] {docker.py:429} INFO - [2m2025-07-10T12:19:56.383366Z[0m [[32m[1minfo     [0m] [1mAssertionError: Need either the sqlalchemy_url to be set or host, port, user, password, and dialect+driver to be set[0m [36mcmd_type[0m=[35mloader[0m [36mname[0m=[35mtarget-postgres[0m [36mrun_id[0m=[35mfbf0dfd4-64a1-4b9c-9c9e-5873d6d91261[0m [36mstate_id[0m=[35m2025-07-10T121954--tap-csv-latest--target-postgres[0m [36mstdio[0m=[35mstderr[0m
[2025-07-10T12:19:56.385+0000] {docker.py:429} INFO - [2m2025-07-10T12:19:56.384868Z[0m [[32m[1minfo     [0m] [1mMETRIC: {"type": "timer", "metric": "sync_duration", "value": 0.009243965148925781, "tags": {"stream": "public-customers", "pid": 176, "context": {}, "status": "succeeded"}}[0m [36mcmd_type[0m=[35mextractor[0m [36mname[0m=[35mtap-csv-latest[0m [36mrun_id[0m=[35mfbf0dfd4-64a1-4b9c-9c9e-5873d6d91261[0m [36mstate_id[0m=[35m2025-07-10T121954--tap-csv-latest--target-postgres[0m [36mstdio[0m=[35mstderr[0m
[2025-07-10T12:19:56.388+0000] {docker.py:429} INFO - [2m2025-07-10T12:19:56.385533Z[0m [[32m[1minfo     [0m] [1mMETRIC: {"type": "counter", "metric": "record_count", "value": 91, "tags": {"stream": "public-customers", "pid": 176, "context": {}}}[0m [36mcmd_type[0m=[35mextractor[0m [36mname[0m=[35mtap-csv-latest[0m [36mrun_id[0m=[35mfbf0dfd4-64a1-4b9c-9c9e-5873d6d91261[0m [36mstate_id[0m=[35m2025-07-10T121954--tap-csv-latest--target-postgres[0m [36mstdio[0m=[35mstderr[0m
[2m2025-07-10T12:19:56.386138Z[0m [[32m[1minfo     [0m] [1mBeginning full_table sync of 'public-employee_territories'...[0m [36mcmd_type[0m=[35mextractor[0m [36mname[0m=[35mtap-csv-latest[0m [36mrun_id[0m=[35mfbf0dfd4-64a1-4b9c-9c9e-5873d6d91261[0m [36mstate_id[0m=[35m2025-07-10T121954--tap-csv-latest--target-postgres[0m [36mstdio[0m=[35mstderr[0m
[2m2025-07-10T12:19:56.386882Z[0m [[32m[1minfo     [0m] [1mTap has custom mapper. Using 1 provided map(s).[0m [36mcmd_type[0m=[35mextractor[0m [36mname[0m=[35mtap-csv-latest[0m [36mrun_id[0m=[35mfbf0dfd4-64a1-4b9c-9c9e-5873d6d91261[0m [36mstate_id[0m=[35m2025-07-10T121954--tap-csv-latest--target-postgres[0m [36mstdio[0m=[35mstderr[0m
[2025-07-10T12:19:56.394+0000] {docker.py:429} INFO - [2m2025-07-10T12:19:56.392604Z[0m [[32m[1minfo     [0m] [1mMETRIC: {"type": "timer", "metric": "sync_duration", "value": 0.0070343017578125, "tags": {"stream": "public-employee_territories", "pid": 176, "context": {}, "status": "succeeded"}}[0m [36mcmd_type[0m=[35mextractor[0m [36mname[0m=[35mtap-csv-latest[0m [36mrun_id[0m=[35mfbf0dfd4-64a1-4b9c-9c9e-5873d6d91261[0m [36mstate_id[0m=[35m2025-07-10T121954--tap-csv-latest--target-postgres[0m [36mstdio[0m=[35mstderr[0m
[2025-07-10T12:19:56.394+0000] {docker.py:429} INFO - [2m2025-07-10T12:19:56.393390Z[0m [[32m[1minfo     [0m] [1mMETRIC: {"type": "counter", "metric": "record_count", "value": 49, "tags": {"stream": "public-employee_territories", "pid": 176, "context": {}}}[0m [36mcmd_type[0m=[35mextractor[0m [36mname[0m=[35mtap-csv-latest[0m [36mrun_id[0m=[35mfbf0dfd4-64a1-4b9c-9c9e-5873d6d91261[0m [36mstate_id[0m=[35m2025-07-10T121954--tap-csv-latest--target-postgres[0m [36mstdio[0m=[35mstderr[0m
[2025-07-10T12:19:56.395+0000] {docker.py:429} INFO - [2m2025-07-10T12:19:56.393797Z[0m [[32m[1minfo     [0m] [1mBeginning full_table sync of 'public-employees'...[0m [36mcmd_type[0m=[35mextractor[0m [36mname[0m=[35mtap-csv-latest[0m [36mrun_id[0m=[35mfbf0dfd4-64a1-4b9c-9c9e-5873d6d91261[0m [36mstate_id[0m=[35m2025-07-10T121954--tap-csv-latest--target-postgres[0m [36mstdio[0m=[35mstderr[0m
[2025-07-10T12:19:56.395+0000] {docker.py:429} INFO - [2m2025-07-10T12:19:56.394132Z[0m [[32m[1minfo     [0m] [1mTap has custom mapper. Using 1 provided map(s).[0m [36mcmd_type[0m=[35mextractor[0m [36mname[0m=[35mtap-csv-latest[0m [36mrun_id[0m=[35mfbf0dfd4-64a1-4b9c-9c9e-5873d6d91261[0m [36mstate_id[0m=[35m2025-07-10T121954--tap-csv-latest--target-postgres[0m [36mstdio[0m=[35mstderr[0m
[2025-07-10T12:19:56.396+0000] {docker.py:429} INFO - [2m2025-07-10T12:19:56.396030Z[0m [[32m[1minfo     [0m] [1mMETRIC: {"type": "timer", "metric": "sync_duration", "value": 0.0019309520721435547, "tags": {"stream": "public-employees", "pid": 176, "context": {}, "status": "succeeded"}}[0m [36mcmd_type[0m=[35mextractor[0m [36mname[0m=[35mtap-csv-latest[0m [36mrun_id[0m=[35mfbf0dfd4-64a1-4b9c-9c9e-5873d6d91261[0m [36mstate_id[0m=[35m2025-07-10T121954--tap-csv-latest--target-postgres[0m [36mstdio[0m=[35mstderr[0m
[2025-07-10T12:19:56.397+0000] {docker.py:429} INFO - [2m2025-07-10T12:19:56.396715Z[0m [[32m[1minfo     [0m] [1mMETRIC: {"type": "counter", "metric": "record_count", "value": 9, "tags": {"stream": "public-employees", "pid": 176, "context": {}}}[0m [36mcmd_type[0m=[35mextractor[0m [36mname[0m=[35mtap-csv-latest[0m [36mrun_id[0m=[35mfbf0dfd4-64a1-4b9c-9c9e-5873d6d91261[0m [36mstate_id[0m=[35m2025-07-10T121954--tap-csv-latest--target-postgres[0m [36mstdio[0m=[35mstderr[0m
[2025-07-10T12:19:56.398+0000] {docker.py:429} INFO - [2m2025-07-10T12:19:56.397183Z[0m [[32m[1minfo     [0m] [1mBeginning full_table sync of 'public-orders'...[0m [36mcmd_type[0m=[35mextractor[0m [36mname[0m=[35mtap-csv-latest[0m [36mrun_id[0m=[35mfbf0dfd4-64a1-4b9c-9c9e-5873d6d91261[0m [36mstate_id[0m=[35m2025-07-10T121954--tap-csv-latest--target-postgres[0m [36mstdio[0m=[35mstderr[0m
[2m2025-07-10T12:19:56.397533Z[0m [[32m[1minfo     [0m] [1mTap has custom mapper. Using 1 provided map(s).[0m [36mcmd_type[0m=[35mextractor[0m [36mname[0m=[35mtap-csv-latest[0m [36mrun_id[0m=[35mfbf0dfd4-64a1-4b9c-9c9e-5873d6d91261[0m [36mstate_id[0m=[35m2025-07-10T121954--tap-csv-latest--target-postgres[0m [36mstdio[0m=[35mstderr[0m
[2025-07-10T12:19:56.984+0000] {docker.py:429} INFO - [2m2025-07-10T12:19:56.528465Z[0m [[31m[1merror    [0m] [1m                              [0m
[31mâ•­â”€[0m[31mâ”€â”€â”€â”€â”€â”€â”€â”€â”€â”€â”€â”€â”€â”€â”€â”€â”€â”€â”€â”€[0m[31m [0m[1;31mTraceback [0m[1;2;31m(most recent call last)[0m[31m [0m[31mâ”€â”€â”€â”€â”€â”€â”€â”€â”€â”€â”€â”€â”€â”€â”€â”€â”€â”€â”€â”€â”€[0m[31mâ”€â•®[0m
[31mâ”‚[0m [2m/venv/lib/python3.9/site-packages/meltano/core/logging/[0m[1moutput_logger.py[0m:217  [31mâ”‚[0m
[31mâ”‚[0m in redirect_logging                                                          [31mâ”‚[0m
[31mâ”‚[0m                                                                              [31mâ”‚[0m
[31mâ”‚[0m   [2m214 [0m[2mâ”‚   â”‚   â”‚   [0m*ignore_errors,                                            [31mâ”‚[0m
[31mâ”‚[0m   [2m215 [0m[2mâ”‚   â”‚   [0m)                                                              [31mâ”‚[0m
[31mâ”‚[0m   [2m216 [0m[2mâ”‚   â”‚   [0m[94mtry[0m:                                                           [31mâ”‚[0m
[31mâ”‚[0m [31mâ± [0m217 [2mâ”‚   â”‚   â”‚   [0m[94myield[0m                                                      [31mâ”‚[0m
[31mâ”‚[0m   [2m218 [0m[2mâ”‚   â”‚   [0m[94mexcept[0m ignored_errors:                                         [31mâ”‚[0m
[31mâ”‚[0m   [2m219 [0m[2mâ”‚   â”‚   â”‚   [0m[94mraise[0m                                                      [31mâ”‚[0m
[31mâ”‚[0m   [2m220 [0m[2mâ”‚   â”‚   [0m[94mexcept[0m RunnerError [94mas[0m err:                                     [31mâ”‚[0m
[31mâ”‚[0m                                                                              [31mâ”‚[0m
[31mâ”‚[0m [2m/venv/lib/python3.9/site-packages/meltano/cli/[0m[1melt.py[0m:475 in _redirect_output [31mâ”‚[0m
[31mâ”‚[0m                                                                              [31mâ”‚[0m
[31mâ”‚[0m   [2m472 [0m[2mâ”‚   [0m[94mwith[0m meltano_stdout.redirect_logging(ignore_errors=(CliError,)):   [31mâ”‚[0m
[31mâ”‚[0m   [2m473 [0m[2mâ”‚   â”‚   [0m[94masync[0m [94mwith[0m meltano_stdout.redirect_stdout(), meltano_stderr.re [31mâ”‚[0m
[31mâ”‚[0m   [2m474 [0m[2mâ”‚   â”‚   â”‚   [0m[94mtry[0m:                                                       [31mâ”‚[0m
[31mâ”‚[0m [31mâ± [0m475 [2mâ”‚   â”‚   â”‚   â”‚   [0m[94myield[0m                                                  [31mâ”‚[0m
[31mâ”‚[0m   [2m476 [0m[2mâ”‚   â”‚   â”‚   [0m[94mexcept[0m CliError [94mas[0m err:                                    [31mâ”‚[0m
[31mâ”‚[0m   [2m477 [0m[2mâ”‚   â”‚   â”‚   â”‚   [0merr.print()                                            [31mâ”‚[0m
[31mâ”‚[0m   [2m478 [0m[2mâ”‚   â”‚   â”‚   â”‚   [0m[94mraise[0m                                                  [31mâ”‚[0m
[31mâ”‚[0m                                                                              [31mâ”‚[0m
[31mâ”‚[0m [2m/venv/lib/python3.9/site-packages/meltano/cli/[0m[1melt.py[0m:508 in _run_elt         [31mâ”‚[0m
[31mâ”‚[0m                                                                              [31mâ”‚[0m
[31mâ”‚[0m   [2m505 [0m[2mâ”‚   â”‚   â”‚   [0m[94mif[0m elt_context.only_transform:                             [31mâ”‚[0m
[31mâ”‚[0m   [2m506 [0m[2mâ”‚   â”‚   â”‚   â”‚   [0mlog.info([33m"[0m[33mExtract & load skipped.[0m[33m"[0m)                    [31mâ”‚[0m
[31mâ”‚[0m   [2m507 [0m[2mâ”‚   â”‚   â”‚   [0m[94melse[0m:                                                      [31mâ”‚[0m
[31mâ”‚[0m [31mâ± [0m508 [2mâ”‚   â”‚   â”‚   â”‚   [0m[94mawait[0m _run_extract_load(log, elt_context, output_logge [31mâ”‚[0m
[31mâ”‚[0m   [2m509 [0m[2mâ”‚   â”‚   â”‚   [0m                                                           [31mâ”‚[0m
[31mâ”‚[0m   [2m510 [0m[2mâ”‚   â”‚   â”‚   [0m[94mif[0m elt_context.transformer:                                [31mâ”‚[0m
[31mâ”‚[0m   [2m511 [0m[2mâ”‚   â”‚   â”‚   â”‚   [0mlog.warning(                                           [31mâ”‚[0m
[31mâ”‚[0m                                                                              [31mâ”‚[0m
[31mâ”‚[0m [2m/venv/lib/python3.9/site-packages/meltano/cli/[0m[1melt.py[0m:581 in                  [31mâ”‚[0m
[31mâ”‚[0m _run_extract_load                                                            [31mâ”‚[0m
[31mâ”‚[0m                                                                              [31mâ”‚[0m
[31mâ”‚[0m   [2m578 [0m[2mâ”‚   â”‚   â”‚   [0m[94mwith[0m loader_log.line_writer() [94mas[0m loader_log_writer:        [31mâ”‚[0m
[31mâ”‚[0m   [2m579 [0m[2mâ”‚   â”‚   â”‚   â”‚   [0m[94mwith[0m extractor_out_writer_ctxmgr() [94mas[0m extractor_out_wr [31mâ”‚[0m
[31mâ”‚[0m   [2m580 [0m[2mâ”‚   â”‚   â”‚   â”‚   â”‚   [0m[94mwith[0m loader_out_writer_ctxmgr() [94mas[0m loader_out_writ [31mâ”‚[0m
[31mâ”‚[0m [31mâ± [0m581 [2mâ”‚   â”‚   â”‚   â”‚   â”‚   â”‚   [0m[94mawait[0m singer_runner.run(                       [31mâ”‚[0m
[31mâ”‚[0m   [2m582 [0m[2mâ”‚   â”‚   â”‚   â”‚   â”‚   â”‚   â”‚   [0m**kwargs,                                  [31mâ”‚[0m
[31mâ”‚[0m   [2m583 [0m[2mâ”‚   â”‚   â”‚   â”‚   â”‚   â”‚   â”‚   [0mextractor_log=extractor_log_writer,        [31mâ”‚[0m
[31mâ”‚[0m   [2m584 [0m[2mâ”‚   â”‚   â”‚   â”‚   â”‚   â”‚   â”‚   [0mloader_log=loader_log_writer,              [31mâ”‚[0m
[31mâ”‚[0m                                                                              [31mâ”‚[0m
[31mâ”‚[0m [2m/venv/lib/python3.9/site-packages/meltano/core/runner/[0m[1msinger.py[0m:229 in run   [31mâ”‚[0m
[31mâ”‚[0m                                                                              [31mâ”‚[0m
[31mâ”‚[0m   [2m226 [0m[2mâ”‚   â”‚   â”‚   [0mtap.prepared([96mself[0m.context.session),                        [31mâ”‚[0m
[31mâ”‚[0m   [2m227 [0m[2mâ”‚   â”‚   â”‚   [0mtarget.prepared([96mself[0m.context.session),                     [31mâ”‚[0m
[31mâ”‚[0m   [2m228 [0m[2mâ”‚   â”‚   [0m):                                                             [31mâ”‚[0m
[31mâ”‚[0m [31mâ± [0m229 [2mâ”‚   â”‚   â”‚   [0m[94mawait[0m [96mself[0m.invoke(  [2m# noqa: RET503[0m                         [31mâ”‚[0m
[31mâ”‚[0m   [2m230 [0m[2mâ”‚   â”‚   â”‚   â”‚   [0mtap,                                                   [31mâ”‚[0m
[31mâ”‚[0m   [2m231 [0m[2mâ”‚   â”‚   â”‚   â”‚   [0mtarget,                                                [31mâ”‚[0m
[31mâ”‚[0m   [2m232 [0m[2mâ”‚   â”‚   â”‚   â”‚   [0mextractor_log=extractor_log,                           [31mâ”‚[0m
[31mâ”‚[0m                                                                              [31mâ”‚[0m
[31mâ”‚[0m [2m/venv/lib/python3.9/site-packages/meltano/core/runner/[0m[1msinger.py[0m:148 in       [31mâ”‚[0m
[31mâ”‚[0m invoke                                                                       [31mâ”‚[0m
[31mâ”‚[0m                                                                              [31mâ”‚[0m
[31mâ”‚[0m   [2m145 [0m[2mâ”‚   â”‚   â”‚   â”‚   â”‚   [0m)                                                  [31mâ”‚[0m
[31mâ”‚[0m   [2m146 [0m[2mâ”‚   â”‚   â”‚   â”‚   [0m                                                       [31mâ”‚[0m
[31mâ”‚[0m   [2m147 [0m[2mâ”‚   â”‚   â”‚   â”‚   [0mfailed_future = output_futures_failed.pop()            [31mâ”‚[0m
[31mâ”‚[0m [31mâ± [0m148 [2mâ”‚   â”‚   â”‚   â”‚   [0m[94mraise[0m failed_future.exception()                        [31mâ”‚[0m
[31mâ”‚[0m   [2m149 [0m[2mâ”‚   â”‚   â”‚   [0m                                                           [31mâ”‚[0m
[31mâ”‚[0m   [2m150 [0m[2mâ”‚   â”‚   â”‚   [0m[2m# If all of the output handlers completed without raising [0m [31mâ”‚[0m
[31mâ”‚[0m   [2m151 [0m[2mâ”‚   â”‚   â”‚   [0m[2m# exception, we still need to wait for the tap or target t[0m [31mâ”‚[0m
[31mâ”‚[0m                                                                              [31mâ”‚[0m
[31mâ”‚[0m [2m/venv/lib/python3.9/site-packages/meltano/core/logging/[0m[1mutils.py[0m:305 in       [31mâ”‚[0m
[31mâ”‚[0m capture_subprocess_output                                                    [31mâ”‚[0m
[31mâ”‚[0m                                                                              [31mâ”‚[0m
[31mâ”‚[0m   [2m302 [0m[2mâ”‚   â”‚   â”‚   [0m[94mcontinue[0m                                                   [31mâ”‚[0m
[31mâ”‚[0m   [2m303 [0m[2mâ”‚   â”‚   [0m                                                               [31mâ”‚[0m
[31mâ”‚[0m   [2m304 [0m[2mâ”‚   â”‚   [0m[94mfor[0m writer [95min[0m line_writers:                                    [31mâ”‚[0m
[31mâ”‚[0m [31mâ± [0m305 [2mâ”‚   â”‚   â”‚   [0m[94mif[0m [95mnot[0m [94mawait[0m _write_line_writer(writer, line):             [31mâ”‚[0m
[31mâ”‚[0m   [2m306 [0m[2mâ”‚   â”‚   â”‚   â”‚   [0m[2m# If the destination stream is closed, we can stop cap[0m [31mâ”‚[0m
[31mâ”‚[0m   [2m307 [0m[2mâ”‚   â”‚   â”‚   â”‚   [0m[94mreturn[0m                                                 [31mâ”‚[0m
[31mâ”‚[0m   [2m308 [0m                                                                       [31mâ”‚[0m
[31mâ”‚[0m                                                                              [31mâ”‚[0m
[31mâ”‚[0m [2m/venv/lib/python3.9/site-packages/meltano/core/logging/[0m[1mutils.py[0m:273 in       [31mâ”‚[0m
[31mâ”‚[0m _write_line_writer                                                           [31mâ”‚[0m
[31mâ”‚[0m                                                                              [31mâ”‚[0m
[31mâ”‚[0m   [2m270 [0m[2mâ”‚   â”‚   â”‚   [0mwriter.write(line)                                         [31mâ”‚[0m
[31mâ”‚[0m   [2m271 [0m[2mâ”‚   â”‚   â”‚   [0m[94mawait[0m writer.drain()                                       [31mâ”‚[0m
[31mâ”‚[0m   [2m272 [0m[2mâ”‚   â”‚   [0m[94mexcept[0m ([96mBrokenPipeError[0m, [96mConnectionResetError[0m):                [31mâ”‚[0m
[31mâ”‚[0m [31mâ± [0m273 [2mâ”‚   â”‚   â”‚   [0m[94mawait[0m writer.wait_closed()                                 [31mâ”‚[0m
[31mâ”‚[0m   [2m274 [0m[2mâ”‚   â”‚   â”‚   [0m[94mreturn[0m [94mFalse[0m                                               [31mâ”‚[0m
[31mâ”‚[0m   [2m275 [0m[2mâ”‚   [0m[94melse[0m:                                                              [31mâ”‚[0m
[31mâ”‚[0m   [2m276 [0m[2mâ”‚   â”‚   [0mwriter.writeline(line.decode(errors=[33m"[0m[33mreplace[0m[33m"[0m))                [31mâ”‚[0m
[31mâ”‚[0m                                                                              [31mâ”‚[0m
[31mâ”‚[0m [2m/usr/local/lib/python3.9/asyncio/[0m[1mstreams.py[0m:359 in wait_closed               [31mâ”‚[0m
[31mâ”‚[0m                                                                              [31mâ”‚[0m
[31mâ”‚[0m   [2m356 [0m[2mâ”‚   â”‚   [0m[94mreturn[0m [96mself[0m._transport.is_closing()                            [31mâ”‚[0m
[31mâ”‚[0m   [2m357 [0m[2mâ”‚   [0m                                                                   [31mâ”‚[0m
[31mâ”‚[0m   [2m358 [0m[2mâ”‚   [0m[94masync[0m [94mdef[0m[90m [0m[92mwait_closed[0m([96mself[0m):                                       [31mâ”‚[0m
[31mâ”‚[0m [31mâ± [0m359 [2mâ”‚   â”‚   [0m[94mawait[0m [96mself[0m._protocol._get_close_waiter([96mself[0m)                   [31mâ”‚[0m
[31mâ”‚[0m   [2m360 [0m[2mâ”‚   [0m                                                                   [31mâ”‚[0m
[31mâ”‚[0m   [2m361 [0m[2mâ”‚   [0m[94mdef[0m[90m [0m[92mget_extra_info[0m([96mself[0m, name, default=[94mNone[0m):                      [31mâ”‚[0m
[31mâ”‚[0m   [2m362 [0m[2mâ”‚   â”‚   [0m[94mreturn[0m [96mself[0m._transport.get_extra_info(name, default)           [31mâ”‚[0m
[31mâ”‚[0m                                                                              [31mâ”‚[0m
[31mâ”‚[0m [2m/venv/lib/python3.9/site-packages/meltano/core/logging/[0m[1mutils.py[0m:271 in       [31mâ”‚[0m
[31mâ”‚[0m _write_line_writer                                                           [31mâ”‚[0m
[31mâ”‚[0m                                                                              [31mâ”‚[0m
[31mâ”‚[0m   [2m268 [0m[2mâ”‚   [0m[94mif[0m [96misinstance[0m(writer, asyncio.StreamWriter):                       [31mâ”‚[0m
[31mâ”‚[0m   [2m269 [0m[2mâ”‚   â”‚   [0m[94mtry[0m:                                                           [31mâ”‚[0m
[31mâ”‚[0m   [2m270 [0m[2mâ”‚   â”‚   â”‚   [0mwriter.write(line)                                         [31mâ”‚[0m
[31mâ”‚[0m [31mâ± [0m271 [2mâ”‚   â”‚   â”‚   [0m[94mawait[0m writer.drain()                                       [31mâ”‚[0m
[31mâ”‚[0m   [2m272 [0m[2mâ”‚   â”‚   [0m[94mexcept[0m ([96mBrokenPipeError[0m, [96mConnectionResetError[0m):                [31mâ”‚[0m
[31mâ”‚[0m   [2m273 [0m[2mâ”‚   â”‚   â”‚   [0m[94mawait[0m writer.wait_closed()                                 [31mâ”‚[0m
[31mâ”‚[0m   [2m274 [0m[2mâ”‚   â”‚   â”‚   [0m[94mreturn[0m [94mFalse[0m                                               [31mâ”‚[0m
[31mâ”‚[0m                                                                              [31mâ”‚[0m
[31mâ”‚[0m [2m/usr/local/lib/python3.9/asyncio/[0m[1mstreams.py[0m:387 in drain                     [31mâ”‚[0m
[31mâ”‚[0m                                                                              [31mâ”‚[0m
[31mâ”‚[0m   [2m384 [0m[2mâ”‚   â”‚   â”‚   [0m[2m# in a loop would never call connection_lost(), so it[0m      [31mâ”‚[0m
[31mâ”‚[0m   [2m385 [0m[2mâ”‚   â”‚   â”‚   [0m[2m# would not see an error when the socket is closed.[0m        [31mâ”‚[0m
[31mâ”‚[0m   [2m386 [0m[2mâ”‚   â”‚   â”‚   [0m[94mawait[0m sleep([94m0[0m)                                             [31mâ”‚[0m
[31mâ”‚[0m [31mâ± [0m387 [2mâ”‚   â”‚   [0m[94mawait[0m [96mself[0m._protocol._drain_helper()                           [31mâ”‚[0m
[31mâ”‚[0m   [2m388 [0m                                                                       [31mâ”‚[0m
[31mâ”‚[0m   [2m389 [0m                                                                       [31mâ”‚[0m
[31mâ”‚[0m   [2m390 [0m[94mclass[0m[90m [0m[4;92mStreamReader[0m:                                                    [31mâ”‚[0m
[31mâ”‚[0m                                                                              [31mâ”‚[0m
[31mâ”‚[0m [2m/usr/local/lib/python3.9/asyncio/[0m[1mstreams.py[0m:197 in _drain_helper             [31mâ”‚[0m
[31mâ”‚[0m                                                                              [31mâ”‚[0m
[31mâ”‚[0m   [2m194 [0m[2mâ”‚   â”‚   [0m[94massert[0m waiter [95mis[0m [94mNone[0m [95mor[0m waiter.cancelled()                    [31mâ”‚[0m
[31mâ”‚[0m   [2m195 [0m[2mâ”‚   â”‚   [0mwaiter = [96mself[0m._loop.create_future()                            [31mâ”‚[0m
[31mâ”‚[0m   [2m196 [0m[2mâ”‚   â”‚   [0m[96mself[0m._drain_waiter = waiter                                    [31mâ”‚[0m
[31mâ”‚[0m [31mâ± [0m197 [2mâ”‚   â”‚   [0m[94mawait[0m waiter                                                   [31mâ”‚[0m
[31mâ”‚[0m   [2m198 [0m[2mâ”‚   [0m                                                                   [31mâ”‚[0m
[31mâ”‚[0m   [2m199 [0m[2mâ”‚   [0m[94mdef[0m[90m [0m[92m_get_close_waiter[0m([96mself[0m, stream):                               [31mâ”‚[0m
[31mâ”‚[0m   [2m200 [0m[2mâ”‚   â”‚   [0m[94mraise[0m [96mNotImplementedError[0m                                      [31mâ”‚[0m
[31mâ•°â”€â”€â”€â”€â”€â”€â”€â”€â”€â”€â”€â”€â”€â”€â”€â”€â”€â”€â”€â”€â”€â”€â”€â”€â”€â”€â”€â”€â”€â”€â”€â”€â”€â”€â”€â”€â”€â”€â”€â”€â”€â”€â”€â”€â”€â”€â”€â”€â”€â”€â”€â”€â”€â”€â”€â”€â”€â”€â”€â”€â”€â”€â”€â”€â”€â”€â”€â”€â”€â”€â”€â”€â”€â”€â”€â”€â”€â”€â•¯[0m
[1;91mBrokenPipeError[0m
[2025-07-10T12:19:57.013+0000] {docker.py:429} INFO - [2m2025-07-10T12:19:57.012359Z[0m [[32m[1minfo     [0m] [1mMETRIC: {"type": "timer", "metric": "sync_duration", "value": 0.13960623741149902, "tags": {"stream": "public-orders", "pid": 176, "context": {}, "status": "succeeded"}}[0m [36mcmd_type[0m=[35mextractor[0m [36mname[0m=[35mtap-csv-latest[0m [36mrun_id[0m=[35mfbf0dfd4-64a1-4b9c-9c9e-5873d6d91261[0m [36mstate_id[0m=[35m2025-07-10T121954--tap-csv-latest--target-postgres[0m [36mstdio[0m=[35mstderr[0m
[2025-07-10T12:19:57.014+0000] {docker.py:429} INFO - [2m2025-07-10T12:19:57.013362Z[0m [[32m[1minfo     [0m] [1mMETRIC: {"type": "counter", "metric": "record_count", "value": 830, "tags": {"stream": "public-orders", "pid": 176, "context": {}}}[0m [36mcmd_type[0m=[35mextractor[0m [36mname[0m=[35mtap-csv-latest[0m [36mrun_id[0m=[35mfbf0dfd4-64a1-4b9c-9c9e-5873d6d91261[0m [36mstate_id[0m=[35m2025-07-10T121954--tap-csv-latest--target-postgres[0m [36mstdio[0m=[35mstderr[0m
[2025-07-10T12:19:57.014+0000] {docker.py:429} INFO - [2m2025-07-10T12:19:57.014020Z[0m [[32m[1minfo     [0m] [1mBeginning full_table sync of 'public-products'...[0m [36mcmd_type[0m=[35mextractor[0m [36mname[0m=[35mtap-csv-latest[0m [36mrun_id[0m=[35mfbf0dfd4-64a1-4b9c-9c9e-5873d6d91261[0m [36mstate_id[0m=[35m2025-07-10T121954--tap-csv-latest--target-postgres[0m [36mstdio[0m=[35mstderr[0m
[2025-07-10T12:19:57.015+0000] {docker.py:429} INFO - [2m2025-07-10T12:19:57.014552Z[0m [[32m[1minfo     [0m] [1mTap has custom mapper. Using 1 provided map(s).[0m [36mcmd_type[0m=[35mextractor[0m [36mname[0m=[35mtap-csv-latest[0m [36mrun_id[0m=[35mfbf0dfd4-64a1-4b9c-9c9e-5873d6d91261[0m [36mstate_id[0m=[35m2025-07-10T121954--tap-csv-latest--target-postgres[0m [36mstdio[0m=[35mstderr[0m
[2025-07-10T12:19:57.015+0000] {docker.py:429} INFO - [2m2025-07-10T12:19:57.015054Z[0m [[32m[1minfo     [0m] [1mMETRIC: {"type": "timer", "metric": "sync_duration", "value": 0.010554790496826172, "tags": {"stream": "public-products", "pid": 176, "context": {}, "status": "succeeded"}}[0m [36mcmd_type[0m=[35mextractor[0m [36mname[0m=[35mtap-csv-latest[0m [36mrun_id[0m=[35mfbf0dfd4-64a1-4b9c-9c9e-5873d6d91261[0m [36mstate_id[0m=[35m2025-07-10T121954--tap-csv-latest--target-postgres[0m [36mstdio[0m=[35mstderr[0m
[2025-07-10T12:19:57.016+0000] {docker.py:429} INFO - [2m2025-07-10T12:19:57.015493Z[0m [[32m[1minfo     [0m] [1mMETRIC: {"type": "counter", "metric": "record_count", "value": 77, "tags": {"stream": "public-products", "pid": 176, "context": {}}}[0m [36mcmd_type[0m=[35mextractor[0m [36mname[0m=[35mtap-csv-latest[0m [36mrun_id[0m=[35mfbf0dfd4-64a1-4b9c-9c9e-5873d6d91261[0m [36mstate_id[0m=[35m2025-07-10T121954--tap-csv-latest--target-postgres[0m [36mstdio[0m=[35mstderr[0m
[2025-07-10T12:19:57.016+0000] {docker.py:429} INFO - [2m2025-07-10T12:19:57.016010Z[0m [[32m[1minfo     [0m] [1mBeginning full_table sync of 'public-region'...[0m [36mcmd_type[0m=[35mextractor[0m [36mname[0m=[35mtap-csv-latest[0m [36mrun_id[0m=[35mfbf0dfd4-64a1-4b9c-9c9e-5873d6d91261[0m [36mstate_id[0m=[35m2025-07-10T121954--tap-csv-latest--target-postgres[0m [36mstdio[0m=[35mstderr[0m
[2025-07-10T12:19:57.017+0000] {docker.py:429} INFO - [2m2025-07-10T12:19:57.016425Z[0m [[32m[1minfo     [0m] [1mTap has custom mapper. Using 1 provided map(s).[0m [36mcmd_type[0m=[35mextractor[0m [36mname[0m=[35mtap-csv-latest[0m [36mrun_id[0m=[35mfbf0dfd4-64a1-4b9c-9c9e-5873d6d91261[0m [36mstate_id[0m=[35m2025-07-10T121954--tap-csv-latest--target-postgres[0m [36mstdio[0m=[35mstderr[0m
[2025-07-10T12:19:57.017+0000] {docker.py:429} INFO - [2m2025-07-10T12:19:57.016788Z[0m [[32m[1minfo     [0m] [1mMETRIC: {"type": "timer", "metric": "sync_duration", "value": 0.0009610652923583984, "tags": {"stream": "public-region", "pid": 176, "context": {}, "status": "succeeded"}}[0m [36mcmd_type[0m=[35mextractor[0m [36mname[0m=[35mtap-csv-latest[0m [36mrun_id[0m=[35mfbf0dfd4-64a1-4b9c-9c9e-5873d6d91261[0m [36mstate_id[0m=[35m2025-07-10T121954--tap-csv-latest--target-postgres[0m [36mstdio[0m=[35mstderr[0m
[2025-07-10T12:19:57.017+0000] {docker.py:429} INFO - [2m2025-07-10T12:19:57.017108Z[0m [[32m[1minfo     [0m] [1mMETRIC: {"type": "counter", "metric": "record_count", "value": 4, "tags": {"stream": "public-region", "pid": 176, "context": {}}}[0m [36mcmd_type[0m=[35mextractor[0m [36mname[0m=[35mtap-csv-latest[0m [36mrun_id[0m=[35mfbf0dfd4-64a1-4b9c-9c9e-5873d6d91261[0m [36mstate_id[0m=[35m2025-07-10T121954--tap-csv-latest--target-postgres[0m [36mstdio[0m=[35mstderr[0m
[2025-07-10T12:19:57.017+0000] {docker.py:429} INFO - [2m2025-07-10T12:19:57.017482Z[0m [[32m[1minfo     [0m] [1mBeginning full_table sync of 'public-shippers'...[0m [36mcmd_type[0m=[35mextractor[0m [36mname[0m=[35mtap-csv-latest[0m [36mrun_id[0m=[35mfbf0dfd4-64a1-4b9c-9c9e-5873d6d91261[0m [36mstate_id[0m=[35m2025-07-10T121954--tap-csv-latest--target-postgres[0m [36mstdio[0m=[35mstderr[0m
[2025-07-10T12:19:57.018+0000] {docker.py:429} INFO - [2m2025-07-10T12:19:57.017846Z[0m [[32m[1minfo     [0m] [1mTap has custom mapper. Using 1 provided map(s).[0m [36mcmd_type[0m=[35mextractor[0m [36mname[0m=[35mtap-csv-latest[0m [36mrun_id[0m=[35mfbf0dfd4-64a1-4b9c-9c9e-5873d6d91261[0m [36mstate_id[0m=[35m2025-07-10T121954--tap-csv-latest--target-postgres[0m [36mstdio[0m=[35mstderr[0m
[2025-07-10T12:19:57.019+0000] {docker.py:429} INFO - [2m2025-07-10T12:19:57.018519Z[0m [[32m[1minfo     [0m] [1mMETRIC: {"type": "timer", "metric": "sync_duration", "value": 0.0007364749908447266, "tags": {"stream": "public-shippers", "pid": 176, "context": {}, "status": "succeeded"}}[0m [36mcmd_type[0m=[35mextractor[0m [36mname[0m=[35mtap-csv-latest[0m [36mrun_id[0m=[35mfbf0dfd4-64a1-4b9c-9c9e-5873d6d91261[0m [36mstate_id[0m=[35m2025-07-10T121954--tap-csv-latest--target-postgres[0m [36mstdio[0m=[35mstderr[0m
[2025-07-10T12:19:57.019+0000] {docker.py:429} INFO - [2m2025-07-10T12:19:57.019020Z[0m [[32m[1minfo     [0m] [1mMETRIC: {"type": "counter", "metric": "record_count", "value": 6, "tags": {"stream": "public-shippers", "pid": 176, "context": {}}}[0m [36mcmd_type[0m=[35mextractor[0m [36mname[0m=[35mtap-csv-latest[0m [36mrun_id[0m=[35mfbf0dfd4-64a1-4b9c-9c9e-5873d6d91261[0m [36mstate_id[0m=[35m2025-07-10T121954--tap-csv-latest--target-postgres[0m [36mstdio[0m=[35mstderr[0m
[2025-07-10T12:19:57.020+0000] {docker.py:429} INFO - [2m2025-07-10T12:19:57.019555Z[0m [[32m[1minfo     [0m] [1mBeginning full_table sync of 'public-suppliers'...[0m [36mcmd_type[0m=[35mextractor[0m [36mname[0m=[35mtap-csv-latest[0m [36mrun_id[0m=[35mfbf0dfd4-64a1-4b9c-9c9e-5873d6d91261[0m [36mstate_id[0m=[35m2025-07-10T121954--tap-csv-latest--target-postgres[0m [36mstdio[0m=[35mstderr[0m
[2025-07-10T12:19:57.021+0000] {docker.py:429} INFO - [2m2025-07-10T12:19:57.020551Z[0m [[32m[1minfo     [0m] [1mTap has custom mapper. Using 1 provided map(s).[0m [36mcmd_type[0m=[35mextractor[0m [36mname[0m=[35mtap-csv-latest[0m [36mrun_id[0m=[35mfbf0dfd4-64a1-4b9c-9c9e-5873d6d91261[0m [36mstate_id[0m=[35m2025-07-10T121954--tap-csv-latest--target-postgres[0m [36mstdio[0m=[35mstderr[0m
[2025-07-10T12:19:57.024+0000] {docker.py:429} INFO - Need help fixing this problem? Visit http://melta.no/ for troubleshooting steps, or to
join our friendly Slack community.
[2025-07-10T12:19:57.097+0000] {docker.py:429} INFO - [2m2025-07-10T12:19:57.096832Z[0m [[33m[1mwarning  [0m] [1mLoop <_UnixSelectorEventLoop running=False closed=True debug=False> that handles pid 176 is closed[0m
[2025-07-10T12:19:58.502+0000] {taskinstance.py:2698} ERROR - Task failed with exception
Traceback (most recent call last):
  File "/home/airflow/.local/lib/python3.10/site-packages/airflow/models/taskinstance.py", line 433, in _execute_task
    result = execute_callable(context=context, **execute_callable_kwargs)
  File "/home/airflow/.local/lib/python3.10/site-packages/airflow/providers/docker/operators/docker.py", line 502, in execute
    return self._run_image()
  File "/home/airflow/.local/lib/python3.10/site-packages/airflow/providers/docker/operators/docker.py", line 376, in _run_image
    return self._run_image_with_mounts(self.mounts, add_tmp_variable=False)
  File "/home/airflow/.local/lib/python3.10/site-packages/airflow/providers/docker/operators/docker.py", line 437, in _run_image_with_mounts
    raise DockerContainerFailedException(f"Docker container failed: {result!r}", logs=log_lines)
airflow.providers.docker.exceptions.DockerContainerFailedException: Docker container failed: {'StatusCode': 1}
[2025-07-10T12:19:58.514+0000] {taskinstance.py:1138} INFO - Marking task as UP_FOR_RETRY. dag_id=northwind, task_id=carregamento_postgres, execution_date=20250710T121844, start_date=20250710T121941, end_date=20250710T121958
[2025-07-10T12:19:58.539+0000] {standard_task_runner.py:107} ERROR - Failed to execute job 11 for task carregamento_postgres (Docker container failed: {'StatusCode': 1}; 186)
[2025-07-10T12:19:58.562+0000] {local_task_job_runner.py:234} INFO - Task exited with return code 1
[2025-07-10T12:19:58.599+0000] {taskinstance.py:3280} INFO - 0 downstream tasks scheduled from follow-on schedule check
