[2025-06-25T23:02:49.634+0000] {taskinstance.py:1956} INFO - Dependencies all met for dep_context=non-requeueable deps ti=<TaskInstance: northwind.extração_csv manual__2025-06-25T23:01:35.308206+00:00 [queued]>
[2025-06-25T23:02:49.657+0000] {taskinstance.py:1956} INFO - Dependencies all met for dep_context=requeueable deps ti=<TaskInstance: northwind.extração_csv manual__2025-06-25T23:01:35.308206+00:00 [queued]>
[2025-06-25T23:02:49.657+0000] {taskinstance.py:2170} INFO - Starting attempt 1 of 2
[2025-06-25T23:02:49.688+0000] {taskinstance.py:2191} INFO - Executing <Task(DockerOperator): extração_csv> on 2025-06-25 23:01:35.308206+00:00
[2025-06-25T23:02:49.696+0000] {standard_task_runner.py:60} INFO - Started process 192 to run task
[2025-06-25T23:02:49.702+0000] {standard_task_runner.py:87} INFO - Running: ['***', 'tasks', 'run', 'northwind', 'extração_csv', 'manual__2025-06-25T23:01:35.308206+00:00', '--job-id', '238', '--raw', '--subdir', 'DAGS_FOLDER/dag.py', '--cfg-path', '/tmp/tmp6ly4aiid']
[2025-06-25T23:02:49.706+0000] {standard_task_runner.py:88} INFO - Job 238: Subtask extração_csv
[2025-06-25T23:02:49.775+0000] {task_command.py:423} INFO - Running <TaskInstance: northwind.extração_csv manual__2025-06-25T23:01:35.308206+00:00 [running]> on host 6afc1f3750fb
[2025-06-25T23:02:49.904+0000] {taskinstance.py:2480} INFO - Exporting env vars: AIRFLOW_CTX_DAG_EMAIL='lrbf@cin.ufpe.br' AIRFLOW_CTX_DAG_OWNER='***' AIRFLOW_CTX_DAG_ID='northwind' AIRFLOW_CTX_TASK_ID='extração_csv' AIRFLOW_CTX_EXECUTION_DATE='2025-06-25T23:01:35.308206+00:00' AIRFLOW_CTX_TRY_NUMBER='1' AIRFLOW_CTX_DAG_RUN_ID='manual__2025-06-25T23:01:35.308206+00:00'
[2025-06-25T23:02:50.347+0000] {docker.py:359} INFO - Starting docker container from image meltano:latest
[2025-06-25T23:02:50.359+0000] {docker.py:367} WARNING - Using remote engine or docker-in-docker and mounting temporary volume from host is not supported. Falling back to `mount_tmp_dir=False` mode. You can set `mount_tmp_dir` parameter to False to disable mounting and remove the warning
[2025-06-25T23:02:51.448+0000] {docker.py:429} INFO - Running meltano install...
[2025-06-25T23:02:53.399+0000] {docker.py:429} INFO - [2m2025-06-25T23:02:53.399141Z[0m [[32m[1minfo     [0m] [1mInstalling 7 plugins          [0m
[2025-06-25T23:02:53.420+0000] {docker.py:429} INFO - [2m2025-06-25T23:02:53.419687Z[0m [[32m[1minfo     [0m] [1mInstalling extractor 'tap-postgres'[0m
[2025-06-25T23:02:53.457+0000] {docker.py:429} INFO - [2m2025-06-25T23:02:53.455999Z[0m [[32m[1minfo     [0m] [1mInstalling extractor 'tap-csv'[0m
[2025-06-25T23:02:53.507+0000] {docker.py:429} INFO - [2m2025-06-25T23:02:53.505428Z[0m [[32m[1minfo     [0m] [1mInstalling extractor 'tap-csv-latest'[0m
[2025-06-25T23:02:53.553+0000] {docker.py:429} INFO - [2m2025-06-25T23:02:53.552692Z[0m [[32m[1minfo     [0m] [1mInstalling loader 'target-postgres'[0m
[2025-06-25T23:02:53.587+0000] {docker.py:429} INFO - [2m2025-06-25T23:02:53.586235Z[0m [[32m[1minfo     [0m] [1mInstalling loader 'target-csv'[0m
[2025-06-25T23:02:53.616+0000] {docker.py:429} INFO - [2m2025-06-25T23:02:53.615674Z[0m [[32m[1minfo     [0m] [1mInstalling loader 'target-csv-postgres'[0m
[2025-06-25T23:02:53.647+0000] {docker.py:429} INFO - [2m2025-06-25T23:02:53.646997Z[0m [[32m[1minfo     [0m] [1mInstalling loader 'target-csv-csv'[0m
[2025-06-25T23:03:01.393+0000] {docker.py:429} INFO - [2m2025-06-25T23:03:01.392256Z[0m [[32m[1minfo     [0m] [1mInstalled loader 'target-postgres'[0m
[2025-06-25T23:03:01.397+0000] {docker.py:429} INFO - [2m2025-06-25T23:03:01.395580Z[0m [[32m[1minfo     [0m] [1mInstalled extractor 'tap-postgres'[0m
[2025-06-25T23:03:18.638+0000] {docker.py:429} INFO - [2m2025-06-25T23:03:18.635709Z[0m [[32m[1minfo     [0m] [1mInstalled extractor 'tap-csv' [0m
[2025-06-25T23:03:18.881+0000] {docker.py:429} INFO - [2m2025-06-25T23:03:18.880766Z[0m [[32m[1minfo     [0m] [1mInstalled extractor 'tap-csv-latest'[0m
[2025-06-25T23:03:24.288+0000] {docker.py:429} INFO - [2m2025-06-25T23:03:24.287385Z[0m [[32m[1minfo     [0m] [1mInstalled loader 'target-csv' [0m
[2025-06-25T23:03:25.012+0000] {docker.py:429} INFO - [2m2025-06-25T23:03:25.011892Z[0m [[32m[1minfo     [0m] [1mInstalled loader 'target-csv-csv'[0m
[2025-06-25T23:03:26.807+0000] {docker.py:429} INFO - [2m2025-06-25T23:03:26.806679Z[0m [[32m[1minfo     [0m] [1mInstalled loader 'target-csv-postgres'[0m
[2025-06-25T23:03:26.808+0000] {docker.py:429} INFO - [2m2025-06-25T23:03:26.807001Z[0m [[32m[1minfo     [0m] [1mInstalled 7/7 plugins         [0m
[2025-06-25T23:03:27.820+0000] {docker.py:429} INFO - Meltano install completed. Executing command: meltano el tap-csv target-csv-csv
[2025-06-25T23:03:29.161+0000] {docker.py:429} INFO - [2m2025-06-25T23:03:29.160851Z[0m [[32m[1minfo     [0m] [1mEnvironment 'dev' is active   [0m
[2025-06-25T23:03:29.617+0000] {docker.py:429} INFO - [2m2025-06-25T23:03:29.616780Z[0m [[32m[1minfo     [0m] [1mRunning extract & load...     [0m [36mname[0m=[35mmeltano[0m [36mrun_id[0m=[35m55376c2f-b067-4a4e-a5dd-6dc85c85390d[0m [36mstate_id[0m=[35m2025-06-25T230329--tap-csv--target-csv-csv[0m
[2025-06-25T23:03:31.817+0000] {docker.py:429} INFO - [2m2025-06-25T23:03:31.817022Z[0m [[32m[1minfo     [0m] [1mINFO Sending version information to singer.io. To disable sending anonymous usage data, set the config parameter "disable_collection" to true[0m [36mcmd_type[0m=[35mloader[0m [36mname[0m=[35mtarget-csv-csv[0m [36mrun_id[0m=[35m55376c2f-b067-4a4e-a5dd-6dc85c85390d[0m [36mstate_id[0m=[35m2025-06-25T230329--tap-csv--target-csv-csv[0m [36mstdio[0m=[35mstderr[0m
[2025-06-25T23:03:32.066+0000] {docker.py:429} INFO - [2m2025-06-25T23:03:32.065019Z[0m [[32m[1minfo     [0m] [1mBeginning full_table sync of 'order_details'...[0m [36mcmd_type[0m=[35mextractor[0m [36mname[0m=[35mtap-csv[0m [36mrun_id[0m=[35m55376c2f-b067-4a4e-a5dd-6dc85c85390d[0m [36mstate_id[0m=[35m2025-06-25T230329--tap-csv--target-csv-csv[0m [36mstdio[0m=[35mstderr[0m
[2025-06-25T23:03:32.066+0000] {docker.py:429} INFO - [2m2025-06-25T23:03:32.065546Z[0m [[32m[1minfo     [0m] [1mTap has custom mapper. Using 1 provided map(s).[0m [36mcmd_type[0m=[35mextractor[0m [36mname[0m=[35mtap-csv[0m [36mrun_id[0m=[35m55376c2f-b067-4a4e-a5dd-6dc85c85390d[0m [36mstate_id[0m=[35m2025-06-25T230329--tap-csv--target-csv-csv[0m [36mstdio[0m=[35mstderr[0m
[2025-06-25T23:03:32.230+0000] {docker.py:429} INFO - [2m2025-06-25T23:03:32.229554Z[0m [[32m[1minfo     [0m] [1mMETRIC: {"type": "timer", "metric": "sync_duration", "value": 0.16388297080993652, "tags": {"stream": "order_details", "pid": 176, "context": {}, "status": "succeeded"}}[0m [36mcmd_type[0m=[35mextractor[0m [36mname[0m=[35mtap-csv[0m [36mrun_id[0m=[35m55376c2f-b067-4a4e-a5dd-6dc85c85390d[0m [36mstate_id[0m=[35m2025-06-25T230329--tap-csv--target-csv-csv[0m [36mstdio[0m=[35mstderr[0m
[2025-06-25T23:03:32.231+0000] {docker.py:429} INFO - [2m2025-06-25T23:03:32.230154Z[0m [[32m[1minfo     [0m] [1mMETRIC: {"type": "counter", "metric": "record_count", "value": 2155, "tags": {"stream": "order_details", "pid": 176, "context": {}}}[0m [36mcmd_type[0m=[35mextractor[0m [36mname[0m=[35mtap-csv[0m [36mrun_id[0m=[35m55376c2f-b067-4a4e-a5dd-6dc85c85390d[0m [36mstate_id[0m=[35m2025-06-25T230329--tap-csv--target-csv-csv[0m [36mstdio[0m=[35mstderr[0m
[2025-06-25T23:03:32.348+0000] {docker.py:429} INFO - [2m2025-06-25T23:03:32.347596Z[0m [[32m[1minfo     [0m] [1mUsing systemdb state backend  [0m
[2025-06-25T23:03:32.370+0000] {docker.py:429} INFO - [2m2025-06-25T23:03:32.369992Z[0m [[32m[1minfo     [0m] [1mIncremental state has been updated at 2025-06-25 23:03:32.369938+00:00.[0m
[2025-06-25T23:03:32.373+0000] {docker.py:429} INFO - [2m2025-06-25T23:03:32.372593Z[0m [[32m[1minfo     [0m] [1mExtract & load complete!      [0m [36mname[0m=[35mmeltano[0m [36mrun_id[0m=[35m55376c2f-b067-4a4e-a5dd-6dc85c85390d[0m [36mstate_id[0m=[35m2025-06-25T230329--tap-csv--target-csv-csv[0m
[2025-06-25T23:03:32.373+0000] {docker.py:429} INFO - [2m2025-06-25T23:03:32.372929Z[0m [[32m[1minfo     [0m] [1mTransformation skipped.       [0m [36mname[0m=[35mmeltano[0m [36mrun_id[0m=[35m55376c2f-b067-4a4e-a5dd-6dc85c85390d[0m [36mstate_id[0m=[35m2025-06-25T230329--tap-csv--target-csv-csv[0m
[2025-06-25T23:03:33.860+0000] {taskinstance.py:1138} INFO - Marking task as SUCCESS. dag_id=northwind, task_id=extração_csv, execution_date=20250625T230135, start_date=20250625T230249, end_date=20250625T230333
[2025-06-25T23:03:33.893+0000] {local_task_job_runner.py:234} INFO - Task exited with return code 0
[2025-06-25T23:03:33.927+0000] {taskinstance.py:3280} INFO - 2 downstream tasks scheduled from follow-on schedule check
