[2025-07-08T14:29:43.381+0000] {taskinstance.py:1956} INFO - Dependencies all met for dep_context=non-requeueable deps ti=<TaskInstance: northwind.gerar_config_csv_dinamica manual__2025-07-08T14:28:54.847579+00:00 [queued]>
[2025-07-08T14:29:43.394+0000] {taskinstance.py:1956} INFO - Dependencies all met for dep_context=requeueable deps ti=<TaskInstance: northwind.gerar_config_csv_dinamica manual__2025-07-08T14:28:54.847579+00:00 [queued]>
[2025-07-08T14:29:43.394+0000] {taskinstance.py:2170} INFO - Starting attempt 1 of 2
[2025-07-08T14:29:43.413+0000] {taskinstance.py:2191} INFO - Executing <Task(DockerOperator): gerar_config_csv_dinamica> on 2025-07-08 14:28:54.847579+00:00
[2025-07-08T14:29:43.422+0000] {standard_task_runner.py:60} INFO - Started process 280 to run task
[2025-07-08T14:29:43.427+0000] {standard_task_runner.py:87} INFO - Running: ['***', 'tasks', 'run', 'northwind', 'gerar_config_csv_dinamica', 'manual__2025-07-08T14:28:54.847579+00:00', '--job-id', '60', '--raw', '--subdir', 'DAGS_FOLDER/northwind.py', '--cfg-path', '/tmp/tmpx14ayava']
[2025-07-08T14:29:43.430+0000] {standard_task_runner.py:88} INFO - Job 60: Subtask gerar_config_csv_dinamica
[2025-07-08T14:29:43.487+0000] {task_command.py:423} INFO - Running <TaskInstance: northwind.gerar_config_csv_dinamica manual__2025-07-08T14:28:54.847579+00:00 [running]> on host eee4e987cd13
[2025-07-08T14:29:43.577+0000] {taskinstance.py:2480} INFO - Exporting env vars: AIRFLOW_CTX_DAG_EMAIL='lrbf@cin.ufpe.br' AIRFLOW_CTX_DAG_OWNER='***' AIRFLOW_CTX_DAG_ID='northwind' AIRFLOW_CTX_TASK_ID='gerar_config_csv_dinamica' AIRFLOW_CTX_EXECUTION_DATE='2025-07-08T14:28:54.847579+00:00' AIRFLOW_CTX_TRY_NUMBER='1' AIRFLOW_CTX_DAG_RUN_ID='manual__2025-07-08T14:28:54.847579+00:00'
[2025-07-08T14:29:43.644+0000] {docker.py:359} INFO - Starting docker container from image meltano:latest
[2025-07-08T14:29:44.016+0000] {docker.py:429} INFO - Running meltano install...
[2025-07-08T14:29:46.478+0000] {docker.py:429} INFO - [2m2025-07-08T14:29:46.477119Z[0m [[32m[1minfo     [0m] [1mInstalling 7 plugins          [0m
[2025-07-08T14:29:46.505+0000] {docker.py:429} INFO - [2m2025-07-08T14:29:46.504651Z[0m [[32m[1minfo     [0m] [1mInstalling extractor 'tap-postgres'[0m
[2025-07-08T14:29:46.546+0000] {docker.py:429} INFO - [2m2025-07-08T14:29:46.545161Z[0m [[32m[1minfo     [0m] [1mInstalling extractor 'tap-csv'[0m
[2025-07-08T14:29:46.581+0000] {docker.py:429} INFO - [2m2025-07-08T14:29:46.580748Z[0m [[32m[1minfo     [0m] [1mInstalling extractor 'tap-csv-latest'[0m
[2025-07-08T14:29:46.618+0000] {docker.py:429} INFO - [2m2025-07-08T14:29:46.617474Z[0m [[32m[1minfo     [0m] [1mInstalling loader 'target-postgres'[0m
[2025-07-08T14:29:46.670+0000] {docker.py:429} INFO - [2m2025-07-08T14:29:46.669486Z[0m [[32m[1minfo     [0m] [1mInstalling loader 'target-csv'[0m
[2025-07-08T14:29:46.721+0000] {docker.py:429} INFO - [2m2025-07-08T14:29:46.720156Z[0m [[32m[1minfo     [0m] [1mInstalling loader 'target-csv-postgres'[0m
[2025-07-08T14:29:46.767+0000] {docker.py:429} INFO - [2m2025-07-08T14:29:46.764198Z[0m [[32m[1minfo     [0m] [1mInstalling loader 'target-csv-csv'[0m
[2025-07-08T14:29:48.057+0000] {docker.py:429} INFO - [2m2025-07-08T14:29:48.056203Z[0m [[32m[1minfo     [0m] [1mInstalled extractor 'tap-postgres'[0m
[2025-07-08T14:29:48.090+0000] {docker.py:429} INFO - [2m2025-07-08T14:29:48.090259Z[0m [[32m[1minfo     [0m] [1mInstalled loader 'target-postgres'[0m
[2025-07-08T14:29:53.763+0000] {docker.py:429} INFO - [2m2025-07-08T14:29:53.762282Z[0m [[32m[1minfo     [0m] [1mInstalled extractor 'tap-csv' [0m
[2025-07-08T14:29:53.815+0000] {docker.py:429} INFO - [2m2025-07-08T14:29:53.814525Z[0m [[32m[1minfo     [0m] [1mInstalled extractor 'tap-csv-latest'[0m
[2025-07-08T14:29:55.360+0000] {docker.py:429} INFO - [2m2025-07-08T14:29:55.359424Z[0m [[32m[1minfo     [0m] [1mInstalled loader 'target-csv' [0m
[2025-07-08T14:29:55.480+0000] {docker.py:429} INFO - [2m2025-07-08T14:29:55.478802Z[0m [[32m[1minfo     [0m] [1mInstalled loader 'target-csv-csv'[0m
[2025-07-08T14:29:55.543+0000] {docker.py:429} INFO - [2m2025-07-08T14:29:55.542507Z[0m [[32m[1minfo     [0m] [1mInstalled loader 'target-csv-postgres'[0m
[2025-07-08T14:29:55.543+0000] {docker.py:429} INFO - [2m2025-07-08T14:29:55.542984Z[0m [[32m[1minfo     [0m] [1mInstalled 7/7 plugins         [0m
[2025-07-08T14:29:56.446+0000] {docker.py:429} INFO - Meltano install completed. Executing command: python /opt/meltano/scripts/generate_csv_config.py
[2025-07-08T14:29:56.501+0000] {docker.py:429} INFO - [{"entity": "order_details", "path": "/opt/output_data/csv/order_details/2025-07-08/file.csv", "keys": ["order_id", "product_id"], "delimiter": ",", "encoding": "utf-8"}, {"entity": "public-categories", "path": "/opt/output_data/postgres/public-categories/2025-07-08/file.csv", "keys": ["category_id"], "delimiter": ",", "encoding": "utf-8"}, {"entity": "public-products", "path": "/opt/output_data/postgres/public-products/2025-07-08/file.csv", "keys": ["product_id"], "delimiter": ",", "encoding": "utf-8"}, {"entity": "public-suppliers", "path": "/opt/output_data/postgres/public-suppliers/2025-07-08/file.csv", "keys": ["supplier_id"], "delimiter": ",", "encoding": "utf-8"}, {"entity": "public-orders", "path": "/opt/output_data/postgres/public-orders/2025-07-08/file.csv", "keys": ["order_id"], "delimiter": ",", "encoding": "utf-8"}, {"entity": "public-customers", "path": "/opt/output_data/postgres/public-customers/2025-07-08/file.csv", "keys": ["customer_id"], "delimiter": ",", "encoding": "utf-8"}, {"entity": "public-employees", "path": "/opt/output_data/postgres/public-employees/2025-07-08/file.csv", "keys": ["employee_id"], "delimiter": ",", "encoding": "utf-8"}, {"entity": "public-employee_territories", "path": "/opt/output_data/postgres/public-employee_territories/2025-07-08/file.csv", "keys": ["employee_id", "territory_id"], "delimiter": ",", "encoding": "utf-8"}, {"entity": "public-territories", "path": "/opt/output_data/postgres/public-territories/2025-07-08/file.csv", "keys": ["territory_id"], "delimiter": ",", "encoding": "utf-8"}, {"entity": "public-region", "path": "/opt/output_data/postgres/public-region/2025-07-08/file.csv", "keys": ["region_id"], "delimiter": ",", "encoding": "utf-8"}, {"entity": "public-shippers", "path": "/opt/output_data/postgres/public-shippers/2025-07-08/file.csv", "keys": ["shipper_id"], "delimiter": ",", "encoding": "utf-8"}, {"entity": "public-us_states", "path": "/opt/output_data/postgres/public-us_states/2025-07-08/file.csv", "keys": ["state_id"], "delimiter": ",", "encoding": "utf-8"}]
[2025-07-08T14:29:56.813+0000] {taskinstance.py:1138} INFO - Marking task as SUCCESS. dag_id=northwind, task_id=gerar_config_csv_dinamica, execution_date=20250708T142854, start_date=20250708T142943, end_date=20250708T142956
[2025-07-08T14:29:56.865+0000] {local_task_job_runner.py:234} INFO - Task exited with return code 0
[2025-07-08T14:29:56.918+0000] {taskinstance.py:3280} INFO - 1 downstream tasks scheduled from follow-on schedule check
