[2025-06-26T16:29:09.913+0000] {taskinstance.py:1956} INFO - Dependencies all met for dep_context=non-requeueable deps ti=<TaskInstance: northwind.extração_csv manual__2025-06-26T16:23:37.797096+00:00 [queued]>
[2025-06-26T16:29:09.930+0000] {taskinstance.py:1956} INFO - Dependencies all met for dep_context=requeueable deps ti=<TaskInstance: northwind.extração_csv manual__2025-06-26T16:23:37.797096+00:00 [queued]>
[2025-06-26T16:29:09.931+0000] {taskinstance.py:2170} INFO - Starting attempt 1 of 2
[2025-06-26T16:29:09.948+0000] {taskinstance.py:2191} INFO - Executing <Task(DockerOperator): extração_csv> on 2025-06-26 16:23:37.797096+00:00
[2025-06-26T16:29:09.953+0000] {standard_task_runner.py:60} INFO - Started process 172 to run task
[2025-06-26T16:29:09.957+0000] {standard_task_runner.py:87} INFO - Running: ['***', 'tasks', 'run', 'northwind', 'extração_csv', 'manual__2025-06-26T16:23:37.797096+00:00', '--job-id', '279', '--raw', '--subdir', 'DAGS_FOLDER/dag.py', '--cfg-path', '/tmp/tmpxp783h1k']
[2025-06-26T16:29:09.960+0000] {standard_task_runner.py:88} INFO - Job 279: Subtask extração_csv
[2025-06-26T16:29:10.014+0000] {task_command.py:423} INFO - Running <TaskInstance: northwind.extração_csv manual__2025-06-26T16:23:37.797096+00:00 [running]> on host 6afc1f3750fb
[2025-06-26T16:29:10.115+0000] {taskinstance.py:2480} INFO - Exporting env vars: AIRFLOW_CTX_DAG_EMAIL='lrbf@cin.ufpe.br' AIRFLOW_CTX_DAG_OWNER='***' AIRFLOW_CTX_DAG_ID='northwind' AIRFLOW_CTX_TASK_ID='extração_csv' AIRFLOW_CTX_EXECUTION_DATE='2025-06-26T16:23:37.797096+00:00' AIRFLOW_CTX_TRY_NUMBER='1' AIRFLOW_CTX_DAG_RUN_ID='manual__2025-06-26T16:23:37.797096+00:00'
[2025-06-26T16:29:10.582+0000] {docker.py:359} INFO - Starting docker container from image meltano:latest
[2025-06-26T16:29:10.588+0000] {docker.py:367} WARNING - Using remote engine or docker-in-docker and mounting temporary volume from host is not supported. Falling back to `mount_tmp_dir=False` mode. You can set `mount_tmp_dir` parameter to False to disable mounting and remove the warning
[2025-06-26T16:29:11.023+0000] {docker.py:429} INFO - Running meltano install...
[2025-06-26T16:29:12.348+0000] {docker.py:429} INFO - [2m2025-06-26T16:29:12.348059Z[0m [[32m[1minfo     [0m] [1mInstalling 7 plugins          [0m
[2025-06-26T16:29:12.363+0000] {docker.py:429} INFO - [2m2025-06-26T16:29:12.363016Z[0m [[32m[1minfo     [0m] [1mInstalling extractor 'tap-postgres'[0m
[2025-06-26T16:29:12.380+0000] {docker.py:429} INFO - [2m2025-06-26T16:29:12.379236Z[0m [[32m[1minfo     [0m] [1mInstalling extractor 'tap-csv'[0m
[2025-06-26T16:29:12.396+0000] {docker.py:429} INFO - [2m2025-06-26T16:29:12.395701Z[0m [[32m[1minfo     [0m] [1mInstalling extractor 'tap-csv-latest'[0m
[2025-06-26T16:29:12.420+0000] {docker.py:429} INFO - [2m2025-06-26T16:29:12.419577Z[0m [[32m[1minfo     [0m] [1mInstalling loader 'target-postgres'[0m
[2025-06-26T16:29:12.452+0000] {docker.py:429} INFO - [2m2025-06-26T16:29:12.451738Z[0m [[32m[1minfo     [0m] [1mInstalling loader 'target-csv'[0m
[2025-06-26T16:29:12.490+0000] {docker.py:429} INFO - [2m2025-06-26T16:29:12.489173Z[0m [[32m[1minfo     [0m] [1mInstalling loader 'target-csv-postgres'[0m
[2025-06-26T16:29:12.530+0000] {docker.py:429} INFO - [2m2025-06-26T16:29:12.529853Z[0m [[32m[1minfo     [0m] [1mInstalling loader 'target-csv-csv'[0m
[2025-06-26T16:29:14.260+0000] {docker.py:429} INFO - [2m2025-06-26T16:29:14.259382Z[0m [[32m[1minfo     [0m] [1mInstalled extractor 'tap-postgres'[0m
[2025-06-26T16:29:14.291+0000] {docker.py:429} INFO - [2m2025-06-26T16:29:14.290290Z[0m [[32m[1minfo     [0m] [1mInstalled loader 'target-postgres'[0m
[2025-06-26T16:29:21.387+0000] {docker.py:429} INFO - [2m2025-06-26T16:29:21.386118Z[0m [[32m[1minfo     [0m] [1mInstalled extractor 'tap-csv' [0m
[2025-06-26T16:29:21.576+0000] {docker.py:429} INFO - [2m2025-06-26T16:29:21.576281Z[0m [[32m[1minfo     [0m] [1mInstalled extractor 'tap-csv-latest'[0m
[2025-06-26T16:29:23.372+0000] {docker.py:429} INFO - [2m2025-06-26T16:29:23.371161Z[0m [[32m[1minfo     [0m] [1mInstalled loader 'target-csv' [0m
[2025-06-26T16:29:24.197+0000] {docker.py:429} INFO - [2m2025-06-26T16:29:24.196634Z[0m [[32m[1minfo     [0m] [1mInstalled loader 'target-csv-csv'[0m
[2025-06-26T16:29:26.058+0000] {docker.py:429} INFO - [2m2025-06-26T16:29:26.057114Z[0m [[32m[1minfo     [0m] [1mInstalled loader 'target-csv-postgres'[0m
[2025-06-26T16:29:26.059+0000] {docker.py:429} INFO - [2m2025-06-26T16:29:26.057450Z[0m [[32m[1minfo     [0m] [1mInstalled 7/7 plugins         [0m
[2025-06-26T16:29:27.335+0000] {docker.py:429} INFO - Meltano install completed. Executing command: meltano el tap-csv target-csv-csv
[2025-06-26T16:29:28.720+0000] {docker.py:429} INFO - [2m2025-06-26T16:29:28.719789Z[0m [[32m[1minfo     [0m] [1mEnvironment 'dev' is active   [0m
[2025-06-26T16:29:29.170+0000] {docker.py:429} INFO - [2m2025-06-26T16:29:29.169602Z[0m [[32m[1minfo     [0m] [1mRunning extract & load...     [0m [36mname[0m=[35mmeltano[0m [36mrun_id[0m=[35mf35e7001-a1d8-4310-a563-adb139cb6447[0m [36mstate_id[0m=[35m2025-06-26T162928--tap-csv--target-csv-csv[0m
[2025-06-26T16:29:30.871+0000] {docker.py:429} INFO - [2m2025-06-26T16:29:30.869693Z[0m [[32m[1minfo     [0m] [1mINFO Sending version information to singer.io. To disable sending anonymous usage data, set the config parameter "disable_collection" to true[0m [36mcmd_type[0m=[35mloader[0m [36mname[0m=[35mtarget-csv-csv[0m [36mrun_id[0m=[35mf35e7001-a1d8-4310-a563-adb139cb6447[0m [36mstate_id[0m=[35m2025-06-26T162928--tap-csv--target-csv-csv[0m [36mstdio[0m=[35mstderr[0m
[2025-06-26T16:29:31.264+0000] {docker.py:429} INFO - [2m2025-06-26T16:29:31.263194Z[0m [[32m[1minfo     [0m] [1mBeginning full_table sync of 'order_details'...[0m [36mcmd_type[0m=[35mextractor[0m [36mname[0m=[35mtap-csv[0m [36mrun_id[0m=[35mf35e7001-a1d8-4310-a563-adb139cb6447[0m [36mstate_id[0m=[35m2025-06-26T162928--tap-csv--target-csv-csv[0m [36mstdio[0m=[35mstderr[0m
[2m2025-06-26T16:29:31.263564Z[0m [[32m[1minfo     [0m] [1mTap has custom mapper. Using 1 provided map(s).[0m [36mcmd_type[0m=[35mextractor[0m [36mname[0m=[35mtap-csv[0m [36mrun_id[0m=[35mf35e7001-a1d8-4310-a563-adb139cb6447[0m [36mstate_id[0m=[35m2025-06-26T162928--tap-csv--target-csv-csv[0m [36mstdio[0m=[35mstderr[0m
[2025-06-26T16:29:31.526+0000] {docker.py:429} INFO - [2m2025-06-26T16:29:31.525673Z[0m [[32m[1minfo     [0m] [1mMETRIC: {"type": "timer", "metric": "sync_duration", "value": 0.2617647647857666, "tags": {"stream": "order_details", "pid": 176, "context": {}, "status": "succeeded"}}[0m [36mcmd_type[0m=[35mextractor[0m [36mname[0m=[35mtap-csv[0m [36mrun_id[0m=[35mf35e7001-a1d8-4310-a563-adb139cb6447[0m [36mstate_id[0m=[35m2025-06-26T162928--tap-csv--target-csv-csv[0m [36mstdio[0m=[35mstderr[0m
[2025-06-26T16:29:31.527+0000] {docker.py:429} INFO - [2m2025-06-26T16:29:31.526524Z[0m [[32m[1minfo     [0m] [1mMETRIC: {"type": "counter", "metric": "record_count", "value": 2155, "tags": {"stream": "order_details", "pid": 176, "context": {}}}[0m [36mcmd_type[0m=[35mextractor[0m [36mname[0m=[35mtap-csv[0m [36mrun_id[0m=[35mf35e7001-a1d8-4310-a563-adb139cb6447[0m [36mstate_id[0m=[35m2025-06-26T162928--tap-csv--target-csv-csv[0m [36mstdio[0m=[35mstderr[0m
[2025-06-26T16:29:31.699+0000] {docker.py:429} INFO - [2m2025-06-26T16:29:31.697564Z[0m [[32m[1minfo     [0m] [1mUsing systemdb state backend  [0m
[2025-06-26T16:29:31.717+0000] {docker.py:429} INFO - [2m2025-06-26T16:29:31.714875Z[0m [[32m[1minfo     [0m] [1mIncremental state has been updated at 2025-06-26 16:29:31.714798+00:00.[0m
[2025-06-26T16:29:31.729+0000] {docker.py:429} INFO - [2m2025-06-26T16:29:31.728933Z[0m [[32m[1minfo     [0m] [1mExtract & load complete!      [0m [36mname[0m=[35mmeltano[0m [36mrun_id[0m=[35mf35e7001-a1d8-4310-a563-adb139cb6447[0m [36mstate_id[0m=[35m2025-06-26T162928--tap-csv--target-csv-csv[0m
[2025-06-26T16:29:31.730+0000] {docker.py:429} INFO - [2m2025-06-26T16:29:31.729502Z[0m [[32m[1minfo     [0m] [1mTransformation skipped.       [0m [36mname[0m=[35mmeltano[0m [36mrun_id[0m=[35mf35e7001-a1d8-4310-a563-adb139cb6447[0m [36mstate_id[0m=[35m2025-06-26T162928--tap-csv--target-csv-csv[0m
[2025-06-26T16:29:33.165+0000] {taskinstance.py:1138} INFO - Marking task as SUCCESS. dag_id=northwind, task_id=extração_csv, execution_date=20250626T162337, start_date=20250626T162909, end_date=20250626T162933
[2025-06-26T16:29:33.230+0000] {local_task_job_runner.py:234} INFO - Task exited with return code 0
[2025-06-26T16:29:33.266+0000] {taskinstance.py:3280} INFO - 2 downstream tasks scheduled from follow-on schedule check
