[2025-07-01T20:05:09.024+0000] {taskinstance.py:1956} INFO - Dependencies all met for dep_context=non-requeueable deps ti=<TaskInstance: northwind.extração_csv manual__2025-07-01T19:59:27.292636+00:00 [queued]>
[2025-07-01T20:05:09.031+0000] {taskinstance.py:1956} INFO - Dependencies all met for dep_context=requeueable deps ti=<TaskInstance: northwind.extração_csv manual__2025-07-01T19:59:27.292636+00:00 [queued]>
[2025-07-01T20:05:09.032+0000] {taskinstance.py:2170} INFO - Starting attempt 1 of 2
[2025-07-01T20:05:09.042+0000] {taskinstance.py:2191} INFO - Executing <Task(DockerOperator): extração_csv> on 2025-07-01 19:59:27.292636+00:00
[2025-07-01T20:05:09.046+0000] {standard_task_runner.py:60} INFO - Started process 242 to run task
[2025-07-01T20:05:09.049+0000] {standard_task_runner.py:87} INFO - Running: ['***', 'tasks', 'run', 'northwind', 'extração_csv', 'manual__2025-07-01T19:59:27.292636+00:00', '--job-id', '8', '--raw', '--subdir', 'DAGS_FOLDER/northwind.py', '--cfg-path', '/tmp/tmptbiqoq3d']
[2025-07-01T20:05:09.051+0000] {standard_task_runner.py:88} INFO - Job 8: Subtask extração_csv
[2025-07-01T20:05:09.092+0000] {task_command.py:423} INFO - Running <TaskInstance: northwind.extração_csv manual__2025-07-01T19:59:27.292636+00:00 [running]> on host 75ef599f9042
[2025-07-01T20:05:09.155+0000] {taskinstance.py:2480} INFO - Exporting env vars: AIRFLOW_CTX_DAG_EMAIL='lrbf@cin.ufpe.br' AIRFLOW_CTX_DAG_OWNER='***' AIRFLOW_CTX_DAG_ID='northwind' AIRFLOW_CTX_TASK_ID='extração_csv' AIRFLOW_CTX_EXECUTION_DATE='2025-07-01T19:59:27.292636+00:00' AIRFLOW_CTX_TRY_NUMBER='1' AIRFLOW_CTX_DAG_RUN_ID='manual__2025-07-01T19:59:27.292636+00:00'
[2025-07-01T20:05:09.205+0000] {docker.py:359} INFO - Starting docker container from image meltano:latest
[2025-07-01T20:05:09.446+0000] {docker.py:429} INFO - Running meltano install...
[2025-07-01T20:05:10.611+0000] {docker.py:429} INFO - [2m2025-07-01T20:05:10.610292Z[0m [[32m[1minfo     [0m] [1mInstalling 7 plugins          [0m
[2025-07-01T20:05:10.621+0000] {docker.py:429} INFO - [2m2025-07-01T20:05:10.621268Z[0m [[32m[1minfo     [0m] [1mInstalling extractor 'tap-postgres'[0m
[2025-07-01T20:05:10.636+0000] {docker.py:429} INFO - [2m2025-07-01T20:05:10.635485Z[0m [[32m[1minfo     [0m] [1mInstalling extractor 'tap-csv'[0m
[2025-07-01T20:05:10.654+0000] {docker.py:429} INFO - [2m2025-07-01T20:05:10.653903Z[0m [[32m[1minfo     [0m] [1mInstalling extractor 'tap-csv-latest'[0m
[2025-07-01T20:05:10.677+0000] {docker.py:429} INFO - [2m2025-07-01T20:05:10.676854Z[0m [[32m[1minfo     [0m] [1mInstalling loader 'target-postgres'[0m
[2025-07-01T20:05:10.697+0000] {docker.py:429} INFO - [2m2025-07-01T20:05:10.696883Z[0m [[32m[1minfo     [0m] [1mInstalling loader 'target-csv'[0m
[2025-07-01T20:05:10.717+0000] {docker.py:429} INFO - [2m2025-07-01T20:05:10.716952Z[0m [[32m[1minfo     [0m] [1mInstalling loader 'target-csv-postgres'[0m
[2025-07-01T20:05:10.741+0000] {docker.py:429} INFO - [2m2025-07-01T20:05:10.740884Z[0m [[32m[1minfo     [0m] [1mInstalling loader 'target-csv-csv'[0m
[2025-07-01T20:05:11.692+0000] {docker.py:429} INFO - [2m2025-07-01T20:05:11.691369Z[0m [[32m[1minfo     [0m] [1mInstalled extractor 'tap-postgres'[0m
[2025-07-01T20:05:11.782+0000] {docker.py:429} INFO - [2m2025-07-01T20:05:11.781551Z[0m [[32m[1minfo     [0m] [1mInstalled loader 'target-postgres'[0m
[2025-07-01T20:05:16.920+0000] {docker.py:429} INFO - [2m2025-07-01T20:05:16.919883Z[0m [[32m[1minfo     [0m] [1mInstalled extractor 'tap-csv-latest'[0m
[2025-07-01T20:05:16.921+0000] {docker.py:429} INFO - [2m2025-07-01T20:05:16.920683Z[0m [[32m[1minfo     [0m] [1mInstalled extractor 'tap-csv' [0m
[2025-07-01T20:05:18.433+0000] {docker.py:429} INFO - [2m2025-07-01T20:05:18.433188Z[0m [[32m[1minfo     [0m] [1mInstalled loader 'target-csv' [0m
[2025-07-01T20:05:19.457+0000] {docker.py:429} INFO - [2m2025-07-01T20:05:19.457192Z[0m [[32m[1minfo     [0m] [1mInstalled loader 'target-csv-csv'[0m
[2025-07-01T20:05:19.460+0000] {docker.py:429} INFO - [2m2025-07-01T20:05:19.459553Z[0m [[32m[1minfo     [0m] [1mInstalled loader 'target-csv-postgres'[0m
[2025-07-01T20:05:19.460+0000] {docker.py:429} INFO - [2m2025-07-01T20:05:19.459853Z[0m [[32m[1minfo     [0m] [1mInstalled 7/7 plugins         [0m
[2025-07-01T20:05:20.569+0000] {docker.py:429} INFO - Meltano install completed. Executing command: meltano el tap-csv target-csv-csv
[2025-07-01T20:05:21.507+0000] {docker.py:429} INFO - [2m2025-07-01T20:05:21.506817Z[0m [[32m[1minfo     [0m] [1mEnvironment 'dev' is active   [0m
[2025-07-01T20:05:21.810+0000] {docker.py:429} INFO - [2m2025-07-01T20:05:21.809243Z[0m [[32m[1minfo     [0m] [1mRunning extract & load...     [0m [36mname[0m=[35mmeltano[0m [36mrun_id[0m=[35m5928a71c-cfea-4d2d-a828-cf10e4d1123e[0m [36mstate_id[0m=[35m2025-07-01T200521--tap-csv--target-csv-csv[0m
[2025-07-01T20:05:22.693+0000] {docker.py:429} INFO - [2m2025-07-01T20:05:22.693058Z[0m [[32m[1minfo     [0m] [1mINFO Sending version information to singer.io. To disable sending anonymous usage data, set the config parameter "disable_collection" to true[0m [36mcmd_type[0m=[35mloader[0m [36mname[0m=[35mtarget-csv-csv[0m [36mrun_id[0m=[35m5928a71c-cfea-4d2d-a828-cf10e4d1123e[0m [36mstate_id[0m=[35m2025-07-01T200521--tap-csv--target-csv-csv[0m [36mstdio[0m=[35mstderr[0m
[2025-07-01T20:05:22.938+0000] {docker.py:429} INFO - [2m2025-07-01T20:05:22.937790Z[0m [[32m[1minfo     [0m] [1m/opt/meltano/.meltano/extractors/tap-csv/venv/lib/python3.9/site-packages/singer_sdk/tap_base.py:516: SingerSDKDeprecationWarning: Passing a catalog file path is deprecated. Please pass the catalog as a dictionary or Catalog object instead.[0m [36mcmd_type[0m=[35mextractor[0m [36mname[0m=[35mtap-csv[0m [36mrun_id[0m=[35m5928a71c-cfea-4d2d-a828-cf10e4d1123e[0m [36mstate_id[0m=[35m2025-07-01T200521--tap-csv--target-csv-csv[0m [36mstdio[0m=[35mstderr[0m
[2m2025-07-01T20:05:22.938082Z[0m [[32m[1minfo     [0m] [1m  tap = cls(                  [0m [36mcmd_type[0m=[35mextractor[0m [36mname[0m=[35mtap-csv[0m [36mrun_id[0m=[35m5928a71c-cfea-4d2d-a828-cf10e4d1123e[0m [36mstate_id[0m=[35m2025-07-01T200521--tap-csv--target-csv-csv[0m [36mstdio[0m=[35mstderr[0m
[2025-07-01T20:05:22.939+0000] {docker.py:429} INFO - [2m2025-07-01T20:05:22.938251Z[0m [[32m[1minfo     [0m] [1m                              [0m [36mcmd_type[0m=[35mextractor[0m [36mname[0m=[35mtap-csv[0m [36mrun_id[0m=[35m5928a71c-cfea-4d2d-a828-cf10e4d1123e[0m [36mstate_id[0m=[35m2025-07-01T200521--tap-csv--target-csv-csv[0m [36mstdio[0m=[35mstderr[0m
[2025-07-01T20:05:22.939+0000] {docker.py:429} INFO - [2m2025-07-01T20:05:22.938625Z[0m [[32m[1minfo     [0m] [1mBeginning full_table sync of 'order_details'...[0m [36mcmd_type[0m=[35mextractor[0m [36mname[0m=[35mtap-csv[0m [36mrun_id[0m=[35m5928a71c-cfea-4d2d-a828-cf10e4d1123e[0m [36mstate_id[0m=[35m2025-07-01T200521--tap-csv--target-csv-csv[0m [36mstdio[0m=[35mstderr[0m
[2025-07-01T20:05:22.939+0000] {docker.py:429} INFO - [2m2025-07-01T20:05:22.938831Z[0m [[32m[1minfo     [0m] [1mTap has custom mapper. Using 1 provided map(s).[0m [36mcmd_type[0m=[35mextractor[0m [36mname[0m=[35mtap-csv[0m [36mrun_id[0m=[35m5928a71c-cfea-4d2d-a828-cf10e4d1123e[0m [36mstate_id[0m=[35m2025-07-01T200521--tap-csv--target-csv-csv[0m [36mstdio[0m=[35mstderr[0m
[2025-07-01T20:05:23.040+0000] {docker.py:429} INFO - [2m2025-07-01T20:05:23.039907Z[0m [[32m[1minfo     [0m] [1mMETRIC: {"type": "timer", "metric": "sync_duration", "value": 0.10150265693664551, "tags": {"stream": "order_details", "pid": 176, "context": {}, "status": "succeeded"}}[0m [36mcmd_type[0m=[35mextractor[0m [36mname[0m=[35mtap-csv[0m [36mrun_id[0m=[35m5928a71c-cfea-4d2d-a828-cf10e4d1123e[0m [36mstate_id[0m=[35m2025-07-01T200521--tap-csv--target-csv-csv[0m [36mstdio[0m=[35mstderr[0m
[2025-07-01T20:05:23.041+0000] {docker.py:429} INFO - [2m2025-07-01T20:05:23.040439Z[0m [[32m[1minfo     [0m] [1mMETRIC: {"type": "counter", "metric": "record_count", "value": 2155, "tags": {"stream": "order_details", "pid": 176, "context": {}}}[0m [36mcmd_type[0m=[35mextractor[0m [36mname[0m=[35mtap-csv[0m [36mrun_id[0m=[35m5928a71c-cfea-4d2d-a828-cf10e4d1123e[0m [36mstate_id[0m=[35m2025-07-01T200521--tap-csv--target-csv-csv[0m [36mstdio[0m=[35mstderr[0m
[2025-07-01T20:05:23.140+0000] {docker.py:429} INFO - [2m2025-07-01T20:05:23.139921Z[0m [[32m[1minfo     [0m] [1mUsing systemdb state backend  [0m
[2025-07-01T20:05:23.150+0000] {docker.py:429} INFO - [2m2025-07-01T20:05:23.149488Z[0m [[32m[1minfo     [0m] [1mIncremental state has been updated at 2025-07-01 20:05:23.149441+00:00.[0m
[2025-07-01T20:05:23.150+0000] {docker.py:429} INFO - [2m2025-07-01T20:05:23.150442Z[0m [[32m[1minfo     [0m] [1mExtract & load complete!      [0m [36mname[0m=[35mmeltano[0m [36mrun_id[0m=[35m5928a71c-cfea-4d2d-a828-cf10e4d1123e[0m [36mstate_id[0m=[35m2025-07-01T200521--tap-csv--target-csv-csv[0m
[2025-07-01T20:05:23.151+0000] {docker.py:429} INFO - [2m2025-07-01T20:05:23.150713Z[0m [[32m[1minfo     [0m] [1mTransformation skipped.       [0m [36mname[0m=[35mmeltano[0m [36mrun_id[0m=[35m5928a71c-cfea-4d2d-a828-cf10e4d1123e[0m [36mstate_id[0m=[35m2025-07-01T200521--tap-csv--target-csv-csv[0m
[2025-07-01T20:05:24.294+0000] {taskinstance.py:1138} INFO - Marking task as SUCCESS. dag_id=northwind, task_id=extração_csv, execution_date=20250701T195927, start_date=20250701T200509, end_date=20250701T200524
[2025-07-01T20:05:24.328+0000] {local_task_job_runner.py:234} INFO - Task exited with return code 0
[2025-07-01T20:05:24.347+0000] {taskinstance.py:3280} INFO - 1 downstream tasks scheduled from follow-on schedule check
