[2025-06-26T14:41:41.504+0000] {taskinstance.py:1956} INFO - Dependencies all met for dep_context=non-requeueable deps ti=<TaskInstance: northwind.gerar_config_csv_dinamica manual__2025-06-26T14:40:31.847033+00:00 [queued]>
[2025-06-26T14:41:41.514+0000] {taskinstance.py:1956} INFO - Dependencies all met for dep_context=requeueable deps ti=<TaskInstance: northwind.gerar_config_csv_dinamica manual__2025-06-26T14:40:31.847033+00:00 [queued]>
[2025-06-26T14:41:41.515+0000] {taskinstance.py:2170} INFO - Starting attempt 1 of 2
[2025-06-26T14:41:41.531+0000] {taskinstance.py:2191} INFO - Executing <Task(DockerOperator): gerar_config_csv_dinamica> on 2025-06-26 14:40:31.847033+00:00
[2025-06-26T14:41:41.537+0000] {standard_task_runner.py:60} INFO - Started process 210 to run task
[2025-06-26T14:41:41.541+0000] {standard_task_runner.py:87} INFO - Running: ['***', 'tasks', 'run', 'northwind', 'gerar_config_csv_dinamica', 'manual__2025-06-26T14:40:31.847033+00:00', '--job-id', '256', '--raw', '--subdir', 'DAGS_FOLDER/dag.py', '--cfg-path', '/tmp/tmpy_cew6xi']
[2025-06-26T14:41:41.544+0000] {standard_task_runner.py:88} INFO - Job 256: Subtask gerar_config_csv_dinamica
[2025-06-26T14:41:41.605+0000] {task_command.py:423} INFO - Running <TaskInstance: northwind.gerar_config_csv_dinamica manual__2025-06-26T14:40:31.847033+00:00 [running]> on host 6afc1f3750fb
[2025-06-26T14:41:41.700+0000] {taskinstance.py:2480} INFO - Exporting env vars: AIRFLOW_CTX_DAG_EMAIL='lrbf@cin.ufpe.br' AIRFLOW_CTX_DAG_OWNER='***' AIRFLOW_CTX_DAG_ID='northwind' AIRFLOW_CTX_TASK_ID='gerar_config_csv_dinamica' AIRFLOW_CTX_EXECUTION_DATE='2025-06-26T14:40:31.847033+00:00' AIRFLOW_CTX_TRY_NUMBER='1' AIRFLOW_CTX_DAG_RUN_ID='manual__2025-06-26T14:40:31.847033+00:00'
[2025-06-26T14:41:41.783+0000] {docker.py:359} INFO - Starting docker container from image meltano:latest
[2025-06-26T14:41:42.217+0000] {docker.py:429} INFO - Running meltano install...
[2025-06-26T14:41:41.531+0000] {docker.py:429} INFO - [2m2025-06-26T14:41:41.530819Z[0m [[32m[1minfo     [0m] [1mInstalling 7 plugins          [0m
[2025-06-26T14:41:41.565+0000] {docker.py:429} INFO - [2m2025-06-26T14:41:41.564339Z[0m [[32m[1minfo     [0m] [1mInstalling extractor 'tap-postgres'[0m
[2025-06-26T14:41:41.593+0000] {docker.py:429} INFO - [2m2025-06-26T14:41:41.592157Z[0m [[32m[1minfo     [0m] [1mInstalling extractor 'tap-csv'[0m
[2025-06-26T14:41:41.618+0000] {docker.py:429} INFO - [2m2025-06-26T14:41:41.617876Z[0m [[32m[1minfo     [0m] [1mInstalling extractor 'tap-csv-latest'[0m
[2025-06-26T14:41:41.652+0000] {docker.py:429} INFO - [2m2025-06-26T14:41:41.651364Z[0m [[32m[1minfo     [0m] [1mInstalling loader 'target-postgres'[0m
[2025-06-26T14:41:41.685+0000] {docker.py:429} INFO - [2m2025-06-26T14:41:41.684850Z[0m [[32m[1minfo     [0m] [1mInstalling loader 'target-csv'[0m
[2025-06-26T14:41:41.723+0000] {docker.py:429} INFO - [2m2025-06-26T14:41:41.721897Z[0m [[32m[1minfo     [0m] [1mInstalling loader 'target-csv-postgres'[0m
[2025-06-26T14:41:41.759+0000] {docker.py:429} INFO - [2m2025-06-26T14:41:41.758133Z[0m [[32m[1minfo     [0m] [1mInstalling loader 'target-csv-csv'[0m
[2025-06-26T14:41:43.648+0000] {docker.py:429} INFO - [2m2025-06-26T14:41:43.646558Z[0m [[32m[1minfo     [0m] [1mInstalled extractor 'tap-postgres'[0m
[2025-06-26T14:41:43.658+0000] {docker.py:429} INFO - [2m2025-06-26T14:41:43.657183Z[0m [[32m[1minfo     [0m] [1mInstalled loader 'target-postgres'[0m
[2025-06-26T14:41:48.870+0000] {docker.py:429} INFO - [2m2025-06-26T14:41:48.869497Z[0m [[32m[1minfo     [0m] [1mInstalled extractor 'tap-csv' [0m
[2025-06-26T14:41:48.907+0000] {docker.py:429} INFO - [2m2025-06-26T14:41:48.906175Z[0m [[32m[1minfo     [0m] [1mInstalled extractor 'tap-csv-latest'[0m
[2025-06-26T14:41:50.193+0000] {docker.py:429} INFO - [2m2025-06-26T14:41:50.192904Z[0m [[32m[1minfo     [0m] [1mInstalled loader 'target-csv' [0m
[2025-06-26T14:41:50.478+0000] {docker.py:429} INFO - [2m2025-06-26T14:41:50.477105Z[0m [[32m[1minfo     [0m] [1mInstalled loader 'target-csv-csv'[0m
[2025-06-26T14:41:50.499+0000] {docker.py:429} INFO - [2m2025-06-26T14:41:50.498311Z[0m [[32m[1minfo     [0m] [1mInstalled loader 'target-csv-postgres'[0m
[2m2025-06-26T14:41:50.498600Z[0m [[32m[1minfo     [0m] [1mInstalled 7/7 plugins         [0m
[2025-06-26T14:41:51.656+0000] {docker.py:429} INFO - Meltano install completed. Executing command: python /opt/meltano/scripts/generate_tap_csv_config.py
[2025-06-26T14:41:51.701+0000] {docker.py:429} INFO - {"files": [{"entity": "order_details", "path": "/opt/output_data/csv/order_details/2025-06-26/file.csv", "keys": ["order_id", "product_id"], "delimiter": ",", "encoding": "utf-8"}, {"entity": "public-categories", "path": "/opt/output_data/postgres/public-categories/2025-06-26/file.csv", "keys": ["category_id"], "delimiter": ",", "encoding": "utf-8"}, {"entity": "public-products", "path": "/opt/output_data/postgres/public-products/2025-06-26/file.csv", "keys": ["product_id"], "delimiter": ",", "encoding": "utf-8"}, {"entity": "public-suppliers", "path": "/opt/output_data/postgres/public-suppliers/2025-06-26/file.csv", "keys": ["supplier_id"], "delimiter": ",", "encoding": "utf-8"}, {"entity": "public-orders", "path": "/opt/output_data/postgres/public-orders/2025-06-26/file.csv", "keys": ["order_id"], "delimiter": ",", "encoding": "utf-8"}, {"entity": "public-customers", "path": "/opt/output_data/postgres/public-customers/2025-06-26/file.csv", "keys": ["customer_id"], "delimiter": ",", "encoding": "utf-8"}, {"entity": "public-employees", "path": "/opt/output_data/postgres/public-employees/2025-06-26/file.csv", "keys": ["employee_id"], "delimiter": ",", "encoding": "utf-8"}, {"entity": "public-employee_territories", "path": "/opt/output_data/postgres/public-employee_territories/2025-06-26/file.csv", "keys": ["employee_id", "territory_id"], "delimiter": ",", "encoding": "utf-8"}, {"entity": "public-territories", "path": "/opt/output_data/postgres/public-territories/2025-06-26/file.csv", "keys": ["territory_id"], "delimiter": ",", "encoding": "utf-8"}, {"entity": "public-region", "path": "/opt/output_data/postgres/public-region/2025-06-26/file.csv", "keys": ["region_id"], "delimiter": ",", "encoding": "utf-8"}, {"entity": "public-shippers", "path": "/opt/output_data/postgres/public-shippers/2025-06-26/file.csv", "keys": ["shipper_id"], "delimiter": ",", "encoding": "utf-8"}, {"entity": "public-us_states", "path": "/opt/output_data/postgres/public-us_states/2025-06-26/file.csv", "keys": ["state_id"], "delimiter": ",", "encoding": "utf-8"}]}
[2025-06-26T14:41:51.918+0000] {taskinstance.py:1138} INFO - Marking task as SUCCESS. dag_id=northwind, task_id=gerar_config_csv_dinamica, execution_date=20250626T144031, start_date=20250626T144141, end_date=20250626T144151
[2025-06-26T14:41:51.954+0000] {local_task_job_runner.py:234} INFO - Task exited with return code 0
[2025-06-26T14:41:51.974+0000] {taskinstance.py:3280} INFO - 1 downstream tasks scheduled from follow-on schedule check
