[2025-07-01T13:18:06.953+0000] {taskinstance.py:1956} INFO - Dependencies all met for dep_context=non-requeueable deps ti=<TaskInstance: northwind.gerar_config_csv_dinamica manual__2025-07-01T13:17:27.016808+00:00 [queued]>
[2025-07-01T13:18:06.964+0000] {taskinstance.py:1956} INFO - Dependencies all met for dep_context=requeueable deps ti=<TaskInstance: northwind.gerar_config_csv_dinamica manual__2025-07-01T13:17:27.016808+00:00 [queued]>
[2025-07-01T13:18:06.964+0000] {taskinstance.py:2170} INFO - Starting attempt 1 of 2
[2025-07-01T13:18:06.980+0000] {taskinstance.py:2191} INFO - Executing <Task(DockerOperator): gerar_config_csv_dinamica> on 2025-07-01 13:17:27.016808+00:00
[2025-07-01T13:18:06.986+0000] {standard_task_runner.py:60} INFO - Started process 191 to run task
[2025-07-01T13:18:06.990+0000] {standard_task_runner.py:87} INFO - Running: ['***', 'tasks', 'run', 'northwind', 'gerar_config_csv_dinamica', 'manual__2025-07-01T13:17:27.016808+00:00', '--job-id', '39', '--raw', '--subdir', 'DAGS_FOLDER/dag.py', '--cfg-path', '/tmp/tmp9946pa62']
[2025-07-01T13:18:06.993+0000] {standard_task_runner.py:88} INFO - Job 39: Subtask gerar_config_csv_dinamica
[2025-07-01T13:18:07.040+0000] {task_command.py:423} INFO - Running <TaskInstance: northwind.gerar_config_csv_dinamica manual__2025-07-01T13:17:27.016808+00:00 [running]> on host a0138d8cef03
[2025-07-01T13:18:07.109+0000] {taskinstance.py:2480} INFO - Exporting env vars: AIRFLOW_CTX_DAG_EMAIL='lrbf@cin.ufpe.br' AIRFLOW_CTX_DAG_OWNER='***' AIRFLOW_CTX_DAG_ID='northwind' AIRFLOW_CTX_TASK_ID='gerar_config_csv_dinamica' AIRFLOW_CTX_EXECUTION_DATE='2025-07-01T13:17:27.016808+00:00' AIRFLOW_CTX_TRY_NUMBER='1' AIRFLOW_CTX_DAG_RUN_ID='manual__2025-07-01T13:17:27.016808+00:00'
[2025-07-01T13:18:07.171+0000] {docker.py:359} INFO - Starting docker container from image meltano:latest
[2025-07-01T13:18:07.487+0000] {docker.py:429} INFO - Running meltano install...
[2025-07-01T13:18:08.929+0000] {docker.py:429} INFO - [2m2025-07-01T13:18:08.928278Z[0m [[32m[1minfo     [0m] [1mInstalling 7 plugins          [0m
[2025-07-01T13:18:08.940+0000] {docker.py:429} INFO - [2m2025-07-01T13:18:08.940295Z[0m [[32m[1minfo     [0m] [1mInstalling extractor 'tap-postgres'[0m
[2025-07-01T13:18:08.962+0000] {docker.py:429} INFO - [2m2025-07-01T13:18:08.961876Z[0m [[32m[1minfo     [0m] [1mInstalling extractor 'tap-csv'[0m
[2025-07-01T13:18:08.985+0000] {docker.py:429} INFO - [2m2025-07-01T13:18:08.984506Z[0m [[32m[1minfo     [0m] [1mInstalling extractor 'tap-csv-latest'[0m
[2025-07-01T13:18:09.012+0000] {docker.py:429} INFO - [2m2025-07-01T13:18:09.011685Z[0m [[32m[1minfo     [0m] [1mInstalling loader 'target-postgres'[0m
[2025-07-01T13:18:09.053+0000] {docker.py:429} INFO - [2m2025-07-01T13:18:09.052041Z[0m [[32m[1minfo     [0m] [1mInstalling loader 'target-csv'[0m
[2025-07-01T13:18:09.098+0000] {docker.py:429} INFO - [2m2025-07-01T13:18:09.097378Z[0m [[32m[1minfo     [0m] [1mInstalling loader 'target-csv-postgres'[0m
[2025-07-01T13:18:09.151+0000] {docker.py:429} INFO - [2m2025-07-01T13:18:09.142605Z[0m [[32m[1minfo     [0m] [1mInstalling loader 'target-csv-csv'[0m
[2025-07-01T13:18:10.283+0000] {docker.py:429} INFO - [2m2025-07-01T13:18:10.281990Z[0m [[32m[1minfo     [0m] [1mInstalled extractor 'tap-postgres'[0m
[2025-07-01T13:18:10.354+0000] {docker.py:429} INFO - [2m2025-07-01T13:18:10.354138Z[0m [[32m[1minfo     [0m] [1mInstalled loader 'target-postgres'[0m
[2025-07-01T13:18:16.148+0000] {docker.py:429} INFO - [2m2025-07-01T13:18:16.146974Z[0m [[32m[1minfo     [0m] [1mInstalled extractor 'tap-csv' [0m
[2025-07-01T13:18:16.257+0000] {docker.py:429} INFO - [2m2025-07-01T13:18:16.255593Z[0m [[32m[1minfo     [0m] [1mInstalled extractor 'tap-csv-latest'[0m
[2025-07-01T13:18:16.482+0000] {docker.py:429} INFO - [2m2025-07-01T13:18:16.481825Z[0m [[32m[1minfo     [0m] [1mInstalled loader 'target-csv' [0m
[2025-07-01T13:18:16.612+0000] {docker.py:429} INFO - [2m2025-07-01T13:18:16.611335Z[0m [[32m[1minfo     [0m] [1mInstalled loader 'target-csv-postgres'[0m
[2025-07-01T13:18:17.266+0000] {docker.py:429} INFO - [2m2025-07-01T13:18:17.265757Z[0m [[32m[1minfo     [0m] [1mInstalled loader 'target-csv-csv'[0m
[2025-07-01T13:18:17.267+0000] {docker.py:429} INFO - [2m2025-07-01T13:18:17.266147Z[0m [[32m[1minfo     [0m] [1mInstalled 7/7 plugins         [0m
[2025-07-01T13:18:18.078+0000] {docker.py:429} INFO - Meltano install completed. Executing command: python /opt/meltano/scripts/generate_csv_config.py
[2025-07-01T13:18:18.110+0000] {docker.py:429} INFO - ✔️ Configuração para tap-csv-latest gerada com sucesso em: /opt/meltano/config/tap-csv-latest.json
[2025-07-01T13:18:18.390+0000] {taskinstance.py:1138} INFO - Marking task as SUCCESS. dag_id=northwind, task_id=gerar_config_csv_dinamica, execution_date=20250701T131727, start_date=20250701T131806, end_date=20250701T131818
[2025-07-01T13:18:18.430+0000] {local_task_job_runner.py:234} INFO - Task exited with return code 0
[2025-07-01T13:18:18.447+0000] {taskinstance.py:3280} INFO - 1 downstream tasks scheduled from follow-on schedule check
