[2025-07-01T21:43:06.636+0000] {taskinstance.py:1956} INFO - Dependencies all met for dep_context=non-requeueable deps ti=<TaskInstance: northwind.extração_csv manual__2025-07-01T21:42:40.684961+00:00 [queued]>
[2025-07-01T21:43:06.654+0000] {taskinstance.py:1956} INFO - Dependencies all met for dep_context=requeueable deps ti=<TaskInstance: northwind.extração_csv manual__2025-07-01T21:42:40.684961+00:00 [queued]>
[2025-07-01T21:43:06.655+0000] {taskinstance.py:2170} INFO - Starting attempt 1 of 2
[2025-07-01T21:43:06.677+0000] {taskinstance.py:2191} INFO - Executing <Task(DockerOperator): extração_csv> on 2025-07-01 21:42:40.684961+00:00
[2025-07-01T21:43:06.680+0000] {standard_task_runner.py:60} INFO - Started process 182 to run task
[2025-07-01T21:43:06.683+0000] {standard_task_runner.py:87} INFO - Running: ['***', 'tasks', 'run', 'northwind', 'extração_csv', 'manual__2025-07-01T21:42:40.684961+00:00', '--job-id', '3', '--raw', '--subdir', 'DAGS_FOLDER/northwind.py', '--cfg-path', '/tmp/tmpchgy_xn2']
[2025-07-01T21:43:06.685+0000] {standard_task_runner.py:88} INFO - Job 3: Subtask extração_csv
[2025-07-01T21:43:06.733+0000] {task_command.py:423} INFO - Running <TaskInstance: northwind.extração_csv manual__2025-07-01T21:42:40.684961+00:00 [running]> on host e62fc41f1c39
[2025-07-01T21:43:06.816+0000] {taskinstance.py:2480} INFO - Exporting env vars: AIRFLOW_CTX_DAG_EMAIL='lrbf@cin.ufpe.br' AIRFLOW_CTX_DAG_OWNER='***' AIRFLOW_CTX_DAG_ID='northwind' AIRFLOW_CTX_TASK_ID='extração_csv' AIRFLOW_CTX_EXECUTION_DATE='2025-07-01T21:42:40.684961+00:00' AIRFLOW_CTX_TRY_NUMBER='1' AIRFLOW_CTX_DAG_RUN_ID='manual__2025-07-01T21:42:40.684961+00:00'
[2025-07-01T21:43:06.893+0000] {docker.py:359} INFO - Starting docker container from image meltano:latest
[2025-07-01T21:43:07.191+0000] {docker.py:429} INFO - Running meltano install...
[2025-07-01T21:43:08.386+0000] {docker.py:429} INFO - [2m2025-07-01T21:43:08.385571Z[0m [[32m[1minfo     [0m] [1mInstalling 7 plugins          [0m
[2025-07-01T21:43:08.396+0000] {docker.py:429} INFO - [2m2025-07-01T21:43:08.396129Z[0m [[32m[1minfo     [0m] [1mInstalling extractor 'tap-postgres'[0m
[2025-07-01T21:43:08.412+0000] {docker.py:429} INFO - [2m2025-07-01T21:43:08.411921Z[0m [[32m[1minfo     [0m] [1mInstalling extractor 'tap-csv'[0m
[2025-07-01T21:43:08.436+0000] {docker.py:429} INFO - [2m2025-07-01T21:43:08.435869Z[0m [[32m[1minfo     [0m] [1mInstalling extractor 'tap-csv-latest'[0m
[2025-07-01T21:43:08.463+0000] {docker.py:429} INFO - [2m2025-07-01T21:43:08.462973Z[0m [[32m[1minfo     [0m] [1mInstalling loader 'target-postgres'[0m
[2025-07-01T21:43:08.497+0000] {docker.py:429} INFO - [2m2025-07-01T21:43:08.496896Z[0m [[32m[1minfo     [0m] [1mInstalling loader 'target-csv'[0m
[2025-07-01T21:43:08.534+0000] {docker.py:429} INFO - [2m2025-07-01T21:43:08.533339Z[0m [[32m[1minfo     [0m] [1mInstalling loader 'target-csv-postgres'[0m
[2025-07-01T21:43:08.573+0000] {docker.py:429} INFO - [2m2025-07-01T21:43:08.572885Z[0m [[32m[1minfo     [0m] [1mInstalling loader 'target-csv-csv'[0m
[2025-07-01T21:43:09.701+0000] {docker.py:429} INFO - [2m2025-07-01T21:43:09.700227Z[0m [[32m[1minfo     [0m] [1mInstalled extractor 'tap-postgres'[0m
[2025-07-01T21:43:09.781+0000] {docker.py:429} INFO - [2m2025-07-01T21:43:09.780590Z[0m [[32m[1minfo     [0m] [1mInstalled loader 'target-postgres'[0m
[2025-07-01T21:43:14.916+0000] {docker.py:429} INFO - [2m2025-07-01T21:43:14.916102Z[0m [[32m[1minfo     [0m] [1mInstalled extractor 'tap-csv-latest'[0m
[2025-07-01T21:43:15.131+0000] {docker.py:429} INFO - [2m2025-07-01T21:43:15.130577Z[0m [[32m[1minfo     [0m] [1mInstalled extractor 'tap-csv' [0m
[2025-07-01T21:43:16.678+0000] {docker.py:429} INFO - [2m2025-07-01T21:43:16.677770Z[0m [[32m[1minfo     [0m] [1mInstalled loader 'target-csv' [0m
[2025-07-01T21:43:16.727+0000] {docker.py:429} INFO - [2m2025-07-01T21:43:16.726458Z[0m [[32m[1minfo     [0m] [1mInstalled loader 'target-csv-csv'[0m
[2025-07-01T21:43:16.821+0000] {docker.py:429} INFO - [2m2025-07-01T21:43:16.820538Z[0m [[32m[1minfo     [0m] [1mInstalled loader 'target-csv-postgres'[0m
[2025-07-01T21:43:16.821+0000] {docker.py:429} INFO - [2m2025-07-01T21:43:16.820825Z[0m [[32m[1minfo     [0m] [1mInstalled 7/7 plugins         [0m
[2025-07-01T21:43:17.783+0000] {docker.py:429} INFO - Meltano install completed. Executing command: meltano el tap-csv target-csv-csv
[2025-07-01T21:43:19.055+0000] {docker.py:429} INFO - [2m2025-07-01T21:43:19.055017Z[0m [[32m[1minfo     [0m] [1mEnvironment 'dev' is active   [0m
[2025-07-01T21:43:19.424+0000] {docker.py:429} INFO - [2m2025-07-01T21:43:19.423243Z[0m [[32m[1minfo     [0m] [1mRunning extract & load...     [0m [36mname[0m=[35mmeltano[0m [36mrun_id[0m=[35m67610d8e-41a2-4ff3-8bcb-9937fc378080[0m [36mstate_id[0m=[35m2025-07-01T214319--tap-csv--target-csv-csv[0m
[2025-07-01T21:43:20.673+0000] {docker.py:429} INFO - [2m2025-07-01T21:43:20.672485Z[0m [[32m[1minfo     [0m] [1mINFO Sending version information to singer.io. To disable sending anonymous usage data, set the config parameter "disable_collection" to true[0m [36mcmd_type[0m=[35mloader[0m [36mname[0m=[35mtarget-csv-csv[0m [36mrun_id[0m=[35m67610d8e-41a2-4ff3-8bcb-9937fc378080[0m [36mstate_id[0m=[35m2025-07-01T214319--tap-csv--target-csv-csv[0m [36mstdio[0m=[35mstderr[0m
[2025-07-01T21:43:20.947+0000] {docker.py:429} INFO - [2m2025-07-01T21:43:20.946942Z[0m [[32m[1minfo     [0m] [1m/opt/meltano/.meltano/extractors/tap-csv/venv/lib/python3.9/site-packages/singer_sdk/tap_base.py:516: SingerSDKDeprecationWarning: Passing a catalog file path is deprecated. Please pass the catalog as a dictionary or Catalog object instead.[0m [36mcmd_type[0m=[35mextractor[0m [36mname[0m=[35mtap-csv[0m [36mrun_id[0m=[35m67610d8e-41a2-4ff3-8bcb-9937fc378080[0m [36mstate_id[0m=[35m2025-07-01T214319--tap-csv--target-csv-csv[0m [36mstdio[0m=[35mstderr[0m
[2025-07-01T21:43:20.948+0000] {docker.py:429} INFO - [2m2025-07-01T21:43:20.947278Z[0m [[32m[1minfo     [0m] [1m  tap = cls(                  [0m [36mcmd_type[0m=[35mextractor[0m [36mname[0m=[35mtap-csv[0m [36mrun_id[0m=[35m67610d8e-41a2-4ff3-8bcb-9937fc378080[0m [36mstate_id[0m=[35m2025-07-01T214319--tap-csv--target-csv-csv[0m [36mstdio[0m=[35mstderr[0m
[2025-07-01T21:43:20.948+0000] {docker.py:429} INFO - [2m2025-07-01T21:43:20.947537Z[0m [[32m[1minfo     [0m] [1m                              [0m [36mcmd_type[0m=[35mextractor[0m [36mname[0m=[35mtap-csv[0m [36mrun_id[0m=[35m67610d8e-41a2-4ff3-8bcb-9937fc378080[0m [36mstate_id[0m=[35m2025-07-01T214319--tap-csv--target-csv-csv[0m [36mstdio[0m=[35mstderr[0m
[2025-07-01T21:43:20.948+0000] {docker.py:429} INFO - [2m2025-07-01T21:43:20.948003Z[0m [[32m[1minfo     [0m] [1mBeginning full_table sync of 'order_details'...[0m [36mcmd_type[0m=[35mextractor[0m [36mname[0m=[35mtap-csv[0m [36mrun_id[0m=[35m67610d8e-41a2-4ff3-8bcb-9937fc378080[0m [36mstate_id[0m=[35m2025-07-01T214319--tap-csv--target-csv-csv[0m [36mstdio[0m=[35mstderr[0m
[2025-07-01T21:43:20.948+0000] {docker.py:429} INFO - [2m2025-07-01T21:43:20.948238Z[0m [[32m[1minfo     [0m] [1mTap has custom mapper. Using 1 provided map(s).[0m [36mcmd_type[0m=[35mextractor[0m [36mname[0m=[35mtap-csv[0m [36mrun_id[0m=[35m67610d8e-41a2-4ff3-8bcb-9937fc378080[0m [36mstate_id[0m=[35m2025-07-01T214319--tap-csv--target-csv-csv[0m [36mstdio[0m=[35mstderr[0m
[2025-07-01T21:43:21.138+0000] {docker.py:429} INFO - [2m2025-07-01T21:43:21.137470Z[0m [[32m[1minfo     [0m] [1mMETRIC: {"type": "timer", "metric": "sync_duration", "value": 0.18961191177368164, "tags": {"stream": "order_details", "pid": 176, "context": {}, "status": "succeeded"}}[0m [36mcmd_type[0m=[35mextractor[0m [36mname[0m=[35mtap-csv[0m [36mrun_id[0m=[35m67610d8e-41a2-4ff3-8bcb-9937fc378080[0m [36mstate_id[0m=[35m2025-07-01T214319--tap-csv--target-csv-csv[0m [36mstdio[0m=[35mstderr[0m
[2025-07-01T21:43:21.139+0000] {docker.py:429} INFO - [2m2025-07-01T21:43:21.138072Z[0m [[32m[1minfo     [0m] [1mMETRIC: {"type": "counter", "metric": "record_count", "value": 2155, "tags": {"stream": "order_details", "pid": 176, "context": {}}}[0m [36mcmd_type[0m=[35mextractor[0m [36mname[0m=[35mtap-csv[0m [36mrun_id[0m=[35m67610d8e-41a2-4ff3-8bcb-9937fc378080[0m [36mstate_id[0m=[35m2025-07-01T214319--tap-csv--target-csv-csv[0m [36mstdio[0m=[35mstderr[0m
[2025-07-01T21:43:21.275+0000] {docker.py:429} INFO - [2m2025-07-01T21:43:21.274400Z[0m [[32m[1minfo     [0m] [1mUsing systemdb state backend  [0m
[2025-07-01T21:43:21.290+0000] {docker.py:429} INFO - [2m2025-07-01T21:43:21.289516Z[0m [[32m[1minfo     [0m] [1mIncremental state has been updated at 2025-07-01 21:43:21.289449+00:00.[0m
[2025-07-01T21:43:21.293+0000] {docker.py:429} INFO - [2m2025-07-01T21:43:21.293044Z[0m [[32m[1minfo     [0m] [1mExtract & load complete!      [0m [36mname[0m=[35mmeltano[0m [36mrun_id[0m=[35m67610d8e-41a2-4ff3-8bcb-9937fc378080[0m [36mstate_id[0m=[35m2025-07-01T214319--tap-csv--target-csv-csv[0m
[2025-07-01T21:43:21.294+0000] {docker.py:429} INFO - [2m2025-07-01T21:43:21.293558Z[0m [[32m[1minfo     [0m] [1mTransformation skipped.       [0m [36mname[0m=[35mmeltano[0m [36mrun_id[0m=[35m67610d8e-41a2-4ff3-8bcb-9937fc378080[0m [36mstate_id[0m=[35m2025-07-01T214319--tap-csv--target-csv-csv[0m
[2025-07-01T21:43:22.244+0000] {taskinstance.py:1138} INFO - Marking task as SUCCESS. dag_id=northwind, task_id=extração_csv, execution_date=20250701T214240, start_date=20250701T214306, end_date=20250701T214322
[2025-07-01T21:43:22.273+0000] {local_task_job_runner.py:234} INFO - Task exited with return code 0
[2025-07-01T21:43:22.295+0000] {taskinstance.py:3280} INFO - 1 downstream tasks scheduled from follow-on schedule check
