[2025-07-08T14:24:15.542+0000] {taskinstance.py:1956} INFO - Dependencies all met for dep_context=non-requeueable deps ti=<TaskInstance: northwind.gerar_config_csv_dinamica manual__2025-07-08T14:23:24.796708+00:00 [queued]>
[2025-07-08T14:24:15.556+0000] {taskinstance.py:1956} INFO - Dependencies all met for dep_context=requeueable deps ti=<TaskInstance: northwind.gerar_config_csv_dinamica manual__2025-07-08T14:23:24.796708+00:00 [queued]>
[2025-07-08T14:24:15.556+0000] {taskinstance.py:2170} INFO - Starting attempt 1 of 2
[2025-07-08T14:24:15.572+0000] {taskinstance.py:2191} INFO - Executing <Task(DockerOperator): gerar_config_csv_dinamica> on 2025-07-08 14:23:24.796708+00:00
[2025-07-08T14:24:15.579+0000] {standard_task_runner.py:60} INFO - Started process 213 to run task
[2025-07-08T14:24:15.585+0000] {standard_task_runner.py:87} INFO - Running: ['***', 'tasks', 'run', 'northwind', 'gerar_config_csv_dinamica', 'manual__2025-07-08T14:23:24.796708+00:00', '--job-id', '54', '--raw', '--subdir', 'DAGS_FOLDER/northwind.py', '--cfg-path', '/tmp/tmpec0fw6kp']
[2025-07-08T14:24:15.590+0000] {standard_task_runner.py:88} INFO - Job 54: Subtask gerar_config_csv_dinamica
[2025-07-08T14:24:15.672+0000] {task_command.py:423} INFO - Running <TaskInstance: northwind.gerar_config_csv_dinamica manual__2025-07-08T14:23:24.796708+00:00 [running]> on host eee4e987cd13
[2025-07-08T14:24:15.776+0000] {taskinstance.py:2480} INFO - Exporting env vars: AIRFLOW_CTX_DAG_EMAIL='lrbf@cin.ufpe.br' AIRFLOW_CTX_DAG_OWNER='***' AIRFLOW_CTX_DAG_ID='northwind' AIRFLOW_CTX_TASK_ID='gerar_config_csv_dinamica' AIRFLOW_CTX_EXECUTION_DATE='2025-07-08T14:23:24.796708+00:00' AIRFLOW_CTX_TRY_NUMBER='1' AIRFLOW_CTX_DAG_RUN_ID='manual__2025-07-08T14:23:24.796708+00:00'
[2025-07-08T14:24:15.855+0000] {docker.py:359} INFO - Starting docker container from image meltano:latest
[2025-07-08T14:24:16.193+0000] {docker.py:429} INFO - Running meltano install...
[2025-07-08T14:24:17.892+0000] {docker.py:429} INFO - [2m2025-07-08T14:24:17.891776Z[0m [[32m[1minfo     [0m] [1mInstalling 7 plugins          [0m
[2025-07-08T14:24:17.911+0000] {docker.py:429} INFO - [2m2025-07-08T14:24:17.910894Z[0m [[32m[1minfo     [0m] [1mInstalling extractor 'tap-postgres'[0m
[2025-07-08T14:24:17.941+0000] {docker.py:429} INFO - [2m2025-07-08T14:24:17.940965Z[0m [[32m[1minfo     [0m] [1mInstalling extractor 'tap-csv'[0m
[2025-07-08T14:24:17.969+0000] {docker.py:429} INFO - [2m2025-07-08T14:24:17.968811Z[0m [[32m[1minfo     [0m] [1mInstalling extractor 'tap-csv-latest'[0m
[2025-07-08T14:24:18.002+0000] {docker.py:429} INFO - [2m2025-07-08T14:24:18.001224Z[0m [[32m[1minfo     [0m] [1mInstalling loader 'target-postgres'[0m
[2025-07-08T14:24:18.035+0000] {docker.py:429} INFO - [2m2025-07-08T14:24:18.034745Z[0m [[32m[1minfo     [0m] [1mInstalling loader 'target-csv'[0m
[2025-07-08T14:24:18.069+0000] {docker.py:429} INFO - [2m2025-07-08T14:24:18.068524Z[0m [[32m[1minfo     [0m] [1mInstalling loader 'target-csv-postgres'[0m
[2025-07-08T14:24:18.108+0000] {docker.py:429} INFO - [2m2025-07-08T14:24:18.106822Z[0m [[32m[1minfo     [0m] [1mInstalling loader 'target-csv-csv'[0m
[2025-07-08T14:24:19.857+0000] {docker.py:429} INFO - [2m2025-07-08T14:24:19.855858Z[0m [[32m[1minfo     [0m] [1mInstalled loader 'target-postgres'[0m
[2025-07-08T14:24:20.023+0000] {docker.py:429} INFO - [2m2025-07-08T14:24:20.022120Z[0m [[32m[1minfo     [0m] [1mInstalled extractor 'tap-postgres'[0m
[2025-07-08T14:24:34.510+0000] {docker.py:429} INFO - [2m2025-07-08T14:24:34.509919Z[0m [[32m[1minfo     [0m] [1mInstalled extractor 'tap-csv' [0m
[2025-07-08T14:24:39.330+0000] {docker.py:429} INFO - [2m2025-07-08T14:24:39.329285Z[0m [[32m[1minfo     [0m] [1mInstalled extractor 'tap-csv-latest'[0m
[2025-07-08T14:24:40.740+0000] {docker.py:429} INFO - [2m2025-07-08T14:24:40.740019Z[0m [[32m[1minfo     [0m] [1mInstalled loader 'target-csv-csv'[0m
[2025-07-08T14:24:41.051+0000] {docker.py:429} INFO - [2m2025-07-08T14:24:41.050280Z[0m [[32m[1minfo     [0m] [1mInstalled loader 'target-csv' [0m
[2025-07-08T14:24:41.063+0000] {docker.py:429} INFO - [2m2025-07-08T14:24:41.062570Z[0m [[32m[1minfo     [0m] [1mInstalled loader 'target-csv-postgres'[0m
[2025-07-08T14:24:41.063+0000] {docker.py:429} INFO - [2m2025-07-08T14:24:41.062973Z[0m [[32m[1minfo     [0m] [1mInstalled 7/7 plugins         [0m
[2025-07-08T14:24:42.343+0000] {docker.py:429} INFO - Meltano install completed. Executing command: python /opt/meltano/scripts/generate_csv_config.py
[2025-07-08T14:24:42.383+0000] {docker.py:429} INFO - [{"entity": "order_details", "path": "/opt/output_data/csv/order_details/2025-07-08/file.csv", "keys": ["order_id", "product_id"], "delimiter": ",", "encoding": "utf-8"}, {"entity": "public-categories", "path": "/opt/output_data/postgres/public-categories/2025-07-08/file.csv", "keys": ["category_id"], "delimiter": ",", "encoding": "utf-8"}, {"entity": "public-products", "path": "/opt/output_data/postgres/public-products/2025-07-08/file.csv", "keys": ["product_id"], "delimiter": ",", "encoding": "utf-8"}, {"entity": "public-suppliers", "path": "/opt/output_data/postgres/public-suppliers/2025-07-08/file.csv", "keys": ["supplier_id"], "delimiter": ",", "encoding": "utf-8"}, {"entity": "public-orders", "path": "/opt/output_data/postgres/public-orders/2025-07-08/file.csv", "keys": ["order_id"], "delimiter": ",", "encoding": "utf-8"}, {"entity": "public-customers", "path": "/opt/output_data/postgres/public-customers/2025-07-08/file.csv", "keys": ["customer_id"], "delimiter": ",", "encoding": "utf-8"}, {"entity": "public-employees", "path": "/opt/output_data/postgres/public-employees/2025-07-08/file.csv", "keys": ["employee_id"], "delimiter": ",", "encoding": "utf-8"}, {"entity": "public-employee_territories", "path": "/opt/output_data/postgres/public-employee_territories/2025-07-08/file.csv", "keys": ["employee_id", "territory_id"], "delimiter": ",", "encoding": "utf-8"}, {"entity": "public-territories", "path": "/opt/output_data/postgres/public-territories/2025-07-08/file.csv", "keys": ["territory_id"], "delimiter": ",", "encoding": "utf-8"}, {"entity": "public-region", "path": "/opt/output_data/postgres/public-region/2025-07-08/file.csv", "keys": ["region_id"], "delimiter": ",", "encoding": "utf-8"}, {"entity": "public-shippers", "path": "/opt/output_data/postgres/public-shippers/2025-07-08/file.csv", "keys": ["shipper_id"], "delimiter": ",", "encoding": "utf-8"}, {"entity": "public-us_states", "path": "/opt/output_data/postgres/public-us_states/2025-07-08/file.csv", "keys": ["state_id"], "delimiter": ",", "encoding": "utf-8"}]
[2025-07-08T14:24:41.010+0000] {taskinstance.py:1138} INFO - Marking task as SUCCESS. dag_id=northwind, task_id=gerar_config_csv_dinamica, execution_date=20250708T142324, start_date=20250708T142415, end_date=20250708T142441
[2025-07-08T14:24:41.066+0000] {local_task_job_runner.py:234} INFO - Task exited with return code 0
[2025-07-08T14:24:41.094+0000] {taskinstance.py:3280} INFO - 1 downstream tasks scheduled from follow-on schedule check
