[2025-06-26T15:09:43.124+0000] {taskinstance.py:1956} INFO - Dependencies all met for dep_context=non-requeueable deps ti=<TaskInstance: northwind.extração_csv manual__2025-06-26T15:03:36.633712+00:00 [queued]>
[2025-06-26T15:09:43.140+0000] {taskinstance.py:1956} INFO - Dependencies all met for dep_context=requeueable deps ti=<TaskInstance: northwind.extração_csv manual__2025-06-26T15:03:36.633712+00:00 [queued]>
[2025-06-26T15:09:43.141+0000] {taskinstance.py:2170} INFO - Starting attempt 1 of 2
[2025-06-26T15:09:43.158+0000] {taskinstance.py:2191} INFO - Executing <Task(DockerOperator): extração_csv> on 2025-06-26 15:03:36.633712+00:00
[2025-06-26T15:09:43.163+0000] {standard_task_runner.py:60} INFO - Started process 177 to run task
[2025-06-26T15:09:43.167+0000] {standard_task_runner.py:87} INFO - Running: ['***', 'tasks', 'run', 'northwind', 'extração_csv', 'manual__2025-06-26T15:03:36.633712+00:00', '--job-id', '264', '--raw', '--subdir', 'DAGS_FOLDER/dag.py', '--cfg-path', '/tmp/tmpw3etik2e']
[2025-06-26T15:09:43.170+0000] {standard_task_runner.py:88} INFO - Job 264: Subtask extração_csv
[2025-06-26T15:09:43.230+0000] {task_command.py:423} INFO - Running <TaskInstance: northwind.extração_csv manual__2025-06-26T15:03:36.633712+00:00 [running]> on host 6afc1f3750fb
[2025-06-26T15:09:43.343+0000] {taskinstance.py:2480} INFO - Exporting env vars: AIRFLOW_CTX_DAG_EMAIL='lrbf@cin.ufpe.br' AIRFLOW_CTX_DAG_OWNER='***' AIRFLOW_CTX_DAG_ID='northwind' AIRFLOW_CTX_TASK_ID='extração_csv' AIRFLOW_CTX_EXECUTION_DATE='2025-06-26T15:03:36.633712+00:00' AIRFLOW_CTX_TRY_NUMBER='1' AIRFLOW_CTX_DAG_RUN_ID='manual__2025-06-26T15:03:36.633712+00:00'
[2025-06-26T15:09:43.720+0000] {docker.py:359} INFO - Starting docker container from image meltano:latest
[2025-06-26T15:09:43.725+0000] {docker.py:367} WARNING - Using remote engine or docker-in-docker and mounting temporary volume from host is not supported. Falling back to `mount_tmp_dir=False` mode. You can set `mount_tmp_dir` parameter to False to disable mounting and remove the warning
[2025-06-26T15:09:44.317+0000] {docker.py:429} INFO - Running meltano install...
[2025-06-26T15:09:45.924+0000] {docker.py:429} INFO - [2m2025-06-26T15:09:45.923717Z[0m [[32m[1minfo     [0m] [1mInstalling 7 plugins          [0m
[2025-06-26T15:09:45.945+0000] {docker.py:429} INFO - [2m2025-06-26T15:09:45.944381Z[0m [[32m[1minfo     [0m] [1mInstalling extractor 'tap-postgres'[0m
[2025-06-26T15:09:45.970+0000] {docker.py:429} INFO - [2m2025-06-26T15:09:45.969228Z[0m [[32m[1minfo     [0m] [1mInstalling extractor 'tap-csv'[0m
[2025-06-26T15:09:45.993+0000] {docker.py:429} INFO - [2m2025-06-26T15:09:45.992890Z[0m [[32m[1minfo     [0m] [1mInstalling extractor 'tap-csv-latest'[0m
[2025-06-26T15:09:46.021+0000] {docker.py:429} INFO - [2m2025-06-26T15:09:46.020211Z[0m [[32m[1minfo     [0m] [1mInstalling loader 'target-postgres'[0m
[2025-06-26T15:09:46.053+0000] {docker.py:429} INFO - [2m2025-06-26T15:09:46.053028Z[0m [[32m[1minfo     [0m] [1mInstalling loader 'target-csv'[0m
[2025-06-26T15:09:46.091+0000] {docker.py:429} INFO - [2m2025-06-26T15:09:46.089086Z[0m [[32m[1minfo     [0m] [1mInstalling loader 'target-csv-postgres'[0m
[2025-06-26T15:09:46.136+0000] {docker.py:429} INFO - [2m2025-06-26T15:09:46.133142Z[0m [[32m[1minfo     [0m] [1mInstalling loader 'target-csv-csv'[0m
[2025-06-26T15:09:48.346+0000] {docker.py:429} INFO - [2m2025-06-26T15:09:48.345598Z[0m [[32m[1minfo     [0m] [1mInstalled extractor 'tap-postgres'[0m
[2025-06-26T15:09:48.439+0000] {docker.py:429} INFO - [2m2025-06-26T15:09:48.438269Z[0m [[32m[1minfo     [0m] [1mInstalled loader 'target-postgres'[0m
[2025-06-26T15:09:56.980+0000] {docker.py:429} INFO - [2m2025-06-26T15:09:56.978809Z[0m [[32m[1minfo     [0m] [1mInstalled extractor 'tap-csv' [0m
[2025-06-26T15:09:57.199+0000] {docker.py:429} INFO - [2m2025-06-26T15:09:57.197924Z[0m [[32m[1minfo     [0m] [1mInstalled extractor 'tap-csv-latest'[0m
[2025-06-26T15:09:57.924+0000] {docker.py:429} INFO - [2m2025-06-26T15:09:57.923788Z[0m [[32m[1minfo     [0m] [1mInstalled loader 'target-csv-postgres'[0m
[2025-06-26T15:09:58.020+0000] {docker.py:429} INFO - [2m2025-06-26T15:09:58.019950Z[0m [[32m[1minfo     [0m] [1mInstalled loader 'target-csv-csv'[0m
[2025-06-26T15:09:58.391+0000] {docker.py:429} INFO - [2m2025-06-26T15:09:58.390523Z[0m [[32m[1minfo     [0m] [1mInstalled loader 'target-csv' [0m
[2025-06-26T15:09:58.392+0000] {docker.py:429} INFO - [2m2025-06-26T15:09:58.390987Z[0m [[32m[1minfo     [0m] [1mInstalled 7/7 plugins         [0m
[2025-06-26T15:09:59.380+0000] {docker.py:429} INFO - Meltano install completed. Executing command: meltano el tap-csv target-csv-csv
[2025-06-26T15:10:00.758+0000] {docker.py:429} INFO - [2m2025-06-26T15:10:00.757123Z[0m [[32m[1minfo     [0m] [1mEnvironment 'dev' is active   [0m
[2025-06-26T15:10:01.112+0000] {docker.py:429} INFO - [2m2025-06-26T15:10:01.111639Z[0m [[32m[1minfo     [0m] [1mRunning extract & load...     [0m [36mname[0m=[35mmeltano[0m [36mrun_id[0m=[35m13ea72d5-9f62-4717-8346-a45879360522[0m [36mstate_id[0m=[35m2025-06-26T151000--tap-csv--target-csv-csv[0m
[2025-06-26T15:10:02.339+0000] {docker.py:429} INFO - [2m2025-06-26T15:10:02.338300Z[0m [[32m[1minfo     [0m] [1mINFO Sending version information to singer.io. To disable sending anonymous usage data, set the config parameter "disable_collection" to true[0m [36mcmd_type[0m=[35mloader[0m [36mname[0m=[35mtarget-csv-csv[0m [36mrun_id[0m=[35m13ea72d5-9f62-4717-8346-a45879360522[0m [36mstate_id[0m=[35m2025-06-26T151000--tap-csv--target-csv-csv[0m [36mstdio[0m=[35mstderr[0m
[2025-06-26T15:10:02.590+0000] {docker.py:429} INFO - [2m2025-06-26T15:10:02.589727Z[0m [[32m[1minfo     [0m] [1mBeginning full_table sync of 'order_details'...[0m [36mcmd_type[0m=[35mextractor[0m [36mname[0m=[35mtap-csv[0m [36mrun_id[0m=[35m13ea72d5-9f62-4717-8346-a45879360522[0m [36mstate_id[0m=[35m2025-06-26T151000--tap-csv--target-csv-csv[0m [36mstdio[0m=[35mstderr[0m
[2m2025-06-26T15:10:02.590059Z[0m [[32m[1minfo     [0m] [1mTap has custom mapper. Using 1 provided map(s).[0m [36mcmd_type[0m=[35mextractor[0m [36mname[0m=[35mtap-csv[0m [36mrun_id[0m=[35m13ea72d5-9f62-4717-8346-a45879360522[0m [36mstate_id[0m=[35m2025-06-26T151000--tap-csv--target-csv-csv[0m [36mstdio[0m=[35mstderr[0m
[2025-06-26T15:10:02.813+0000] {docker.py:429} INFO - [2m2025-06-26T15:10:02.812836Z[0m [[32m[1minfo     [0m] [1mMETRIC: {"type": "timer", "metric": "sync_duration", "value": 0.2226090431213379, "tags": {"stream": "order_details", "pid": 176, "context": {}, "status": "succeeded"}}[0m [36mcmd_type[0m=[35mextractor[0m [36mname[0m=[35mtap-csv[0m [36mrun_id[0m=[35m13ea72d5-9f62-4717-8346-a45879360522[0m [36mstate_id[0m=[35m2025-06-26T151000--tap-csv--target-csv-csv[0m [36mstdio[0m=[35mstderr[0m
[2025-06-26T15:10:02.814+0000] {docker.py:429} INFO - [2m2025-06-26T15:10:02.813271Z[0m [[32m[1minfo     [0m] [1mMETRIC: {"type": "counter", "metric": "record_count", "value": 2155, "tags": {"stream": "order_details", "pid": 176, "context": {}}}[0m [36mcmd_type[0m=[35mextractor[0m [36mname[0m=[35mtap-csv[0m [36mrun_id[0m=[35m13ea72d5-9f62-4717-8346-a45879360522[0m [36mstate_id[0m=[35m2025-06-26T151000--tap-csv--target-csv-csv[0m [36mstdio[0m=[35mstderr[0m
[2025-06-26T15:10:02.919+0000] {docker.py:429} INFO - [2m2025-06-26T15:10:02.918290Z[0m [[32m[1minfo     [0m] [1mUsing systemdb state backend  [0m
[2025-06-26T15:10:02.930+0000] {docker.py:429} INFO - [2m2025-06-26T15:10:02.929946Z[0m [[32m[1minfo     [0m] [1mIncremental state has been updated at 2025-06-26 15:10:02.929896+00:00.[0m
[2025-06-26T15:10:02.938+0000] {docker.py:429} INFO - [2m2025-06-26T15:10:02.937947Z[0m [[32m[1minfo     [0m] [1mExtract & load complete!      [0m [36mname[0m=[35mmeltano[0m [36mrun_id[0m=[35m13ea72d5-9f62-4717-8346-a45879360522[0m [36mstate_id[0m=[35m2025-06-26T151000--tap-csv--target-csv-csv[0m
[2025-06-26T15:10:02.939+0000] {docker.py:429} INFO - [2m2025-06-26T15:10:02.938267Z[0m [[32m[1minfo     [0m] [1mTransformation skipped.       [0m [36mname[0m=[35mmeltano[0m [36mrun_id[0m=[35m13ea72d5-9f62-4717-8346-a45879360522[0m [36mstate_id[0m=[35m2025-06-26T151000--tap-csv--target-csv-csv[0m
[2025-06-26T15:10:04.422+0000] {taskinstance.py:1138} INFO - Marking task as SUCCESS. dag_id=northwind, task_id=extração_csv, execution_date=20250626T150336, start_date=20250626T150943, end_date=20250626T151004
[2025-06-26T15:10:04.473+0000] {local_task_job_runner.py:234} INFO - Task exited with return code 0
[2025-06-26T15:10:04.518+0000] {taskinstance.py:3280} INFO - 2 downstream tasks scheduled from follow-on schedule check
