[2025-07-01T21:06:02.010+0000] {taskinstance.py:1956} INFO - Dependencies all met for dep_context=non-requeueable deps ti=<TaskInstance: northwind.extração_csv manual__2025-07-01T21:05:35.910926+00:00 [queued]>
[2025-07-01T21:06:02.022+0000] {taskinstance.py:1956} INFO - Dependencies all met for dep_context=requeueable deps ti=<TaskInstance: northwind.extração_csv manual__2025-07-01T21:05:35.910926+00:00 [queued]>
[2025-07-01T21:06:02.022+0000] {taskinstance.py:2170} INFO - Starting attempt 1 of 2
[2025-07-01T21:06:02.038+0000] {taskinstance.py:2191} INFO - Executing <Task(DockerOperator): extração_csv> on 2025-07-01 21:05:35.910926+00:00
[2025-07-01T21:06:02.042+0000] {standard_task_runner.py:60} INFO - Started process 187 to run task
[2025-07-01T21:06:02.045+0000] {standard_task_runner.py:87} INFO - Running: ['***', 'tasks', 'run', 'northwind', 'extração_csv', 'manual__2025-07-01T21:05:35.910926+00:00', '--job-id', '8', '--raw', '--subdir', 'DAGS_FOLDER/northwind.py', '--cfg-path', '/tmp/tmpz6rrcj7_']
[2025-07-01T21:06:02.047+0000] {standard_task_runner.py:88} INFO - Job 8: Subtask extração_csv
[2025-07-01T21:06:02.095+0000] {task_command.py:423} INFO - Running <TaskInstance: northwind.extração_csv manual__2025-07-01T21:05:35.910926+00:00 [running]> on host 018d2949d085
[2025-07-01T21:06:02.167+0000] {taskinstance.py:2480} INFO - Exporting env vars: AIRFLOW_CTX_DAG_EMAIL='lrbf@cin.ufpe.br' AIRFLOW_CTX_DAG_OWNER='***' AIRFLOW_CTX_DAG_ID='northwind' AIRFLOW_CTX_TASK_ID='extração_csv' AIRFLOW_CTX_EXECUTION_DATE='2025-07-01T21:05:35.910926+00:00' AIRFLOW_CTX_TRY_NUMBER='1' AIRFLOW_CTX_DAG_RUN_ID='manual__2025-07-01T21:05:35.910926+00:00'
[2025-07-01T21:06:02.236+0000] {docker.py:359} INFO - Starting docker container from image meltano:latest
[2025-07-01T21:06:02.534+0000] {docker.py:429} INFO - Running meltano install...
[2025-07-01T21:06:03.783+0000] {docker.py:429} INFO - [2m2025-07-01T21:06:03.782659Z[0m [[32m[1minfo     [0m] [1mInstalling 7 plugins          [0m
[2025-07-01T21:06:03.792+0000] {docker.py:429} INFO - [2m2025-07-01T21:06:03.791885Z[0m [[32m[1minfo     [0m] [1mInstalling extractor 'tap-postgres'[0m
[2025-07-01T21:06:03.809+0000] {docker.py:429} INFO - [2m2025-07-01T21:06:03.808281Z[0m [[32m[1minfo     [0m] [1mInstalling extractor 'tap-csv'[0m
[2025-07-01T21:06:03.832+0000] {docker.py:429} INFO - [2m2025-07-01T21:06:03.831759Z[0m [[32m[1minfo     [0m] [1mInstalling extractor 'tap-csv-latest'[0m
[2025-07-01T21:06:03.859+0000] {docker.py:429} INFO - [2m2025-07-01T21:06:03.858461Z[0m [[32m[1minfo     [0m] [1mInstalling loader 'target-postgres'[0m
[2025-07-01T21:06:03.896+0000] {docker.py:429} INFO - [2m2025-07-01T21:06:03.895242Z[0m [[32m[1minfo     [0m] [1mInstalling loader 'target-csv'[0m
[2025-07-01T21:06:03.929+0000] {docker.py:429} INFO - [2m2025-07-01T21:06:03.928344Z[0m [[32m[1minfo     [0m] [1mInstalling loader 'target-csv-postgres'[0m
[2025-07-01T21:06:03.970+0000] {docker.py:429} INFO - [2m2025-07-01T21:06:03.969408Z[0m [[32m[1minfo     [0m] [1mInstalling loader 'target-csv-csv'[0m
[2025-07-01T21:06:05.088+0000] {docker.py:429} INFO - [2m2025-07-01T21:06:05.087436Z[0m [[32m[1minfo     [0m] [1mInstalled extractor 'tap-postgres'[0m
[2025-07-01T21:06:05.173+0000] {docker.py:429} INFO - [2m2025-07-01T21:06:05.172318Z[0m [[32m[1minfo     [0m] [1mInstalled loader 'target-postgres'[0m
[2025-07-01T21:06:11.391+0000] {docker.py:429} INFO - [2m2025-07-01T21:06:11.390611Z[0m [[32m[1minfo     [0m] [1mInstalled extractor 'tap-csv-latest'[0m
[2025-07-01T21:06:11.393+0000] {docker.py:429} INFO - [2m2025-07-01T21:06:11.392752Z[0m [[32m[1minfo     [0m] [1mInstalled extractor 'tap-csv' [0m
[2025-07-01T21:06:11.750+0000] {docker.py:429} INFO - [2m2025-07-01T21:06:11.749326Z[0m [[32m[1minfo     [0m] [1mInstalled loader 'target-csv' [0m
[2025-07-01T21:06:12.375+0000] {docker.py:429} INFO - [2m2025-07-01T21:06:12.374994Z[0m [[32m[1minfo     [0m] [1mInstalled loader 'target-csv-csv'[0m
[2025-07-01T21:06:12.522+0000] {docker.py:429} INFO - [2m2025-07-01T21:06:12.521469Z[0m [[32m[1minfo     [0m] [1mInstalled loader 'target-csv-postgres'[0m
[2025-07-01T21:06:12.522+0000] {docker.py:429} INFO - [2m2025-07-01T21:06:12.521886Z[0m [[32m[1minfo     [0m] [1mInstalled 7/7 plugins         [0m
[2025-07-01T21:06:13.363+0000] {docker.py:429} INFO - Meltano install completed. Executing command: meltano el tap-csv target-csv-csv
[2025-07-01T21:06:14.405+0000] {docker.py:429} INFO - [2m2025-07-01T21:06:14.404733Z[0m [[32m[1minfo     [0m] [1mEnvironment 'dev' is active   [0m
[2025-07-01T21:06:14.789+0000] {docker.py:429} INFO - [2m2025-07-01T21:06:14.789084Z[0m [[32m[1minfo     [0m] [1mRunning extract & load...     [0m [36mname[0m=[35mmeltano[0m [36mrun_id[0m=[35m0da2c129-b1cb-4dbe-a8ad-5c98949ce0d6[0m [36mstate_id[0m=[35m2025-07-01T210614--tap-csv--target-csv-csv[0m
[2025-07-01T21:06:15.933+0000] {docker.py:429} INFO - [2m2025-07-01T21:06:15.932677Z[0m [[32m[1minfo     [0m] [1mINFO Sending version information to singer.io. To disable sending anonymous usage data, set the config parameter "disable_collection" to true[0m [36mcmd_type[0m=[35mloader[0m [36mname[0m=[35mtarget-csv-csv[0m [36mrun_id[0m=[35m0da2c129-b1cb-4dbe-a8ad-5c98949ce0d6[0m [36mstate_id[0m=[35m2025-07-01T210614--tap-csv--target-csv-csv[0m [36mstdio[0m=[35mstderr[0m
[2025-07-01T21:06:16.109+0000] {docker.py:429} INFO - [2m2025-07-01T21:06:16.109117Z[0m [[32m[1minfo     [0m] [1m/opt/meltano/.meltano/extractors/tap-csv/venv/lib/python3.9/site-packages/singer_sdk/tap_base.py:516: SingerSDKDeprecationWarning: Passing a catalog file path is deprecated. Please pass the catalog as a dictionary or Catalog object instead.[0m [36mcmd_type[0m=[35mextractor[0m [36mname[0m=[35mtap-csv[0m [36mrun_id[0m=[35m0da2c129-b1cb-4dbe-a8ad-5c98949ce0d6[0m [36mstate_id[0m=[35m2025-07-01T210614--tap-csv--target-csv-csv[0m [36mstdio[0m=[35mstderr[0m
[2m2025-07-01T21:06:16.109420Z[0m [[32m[1minfo     [0m] [1m  tap = cls(                  [0m [36mcmd_type[0m=[35mextractor[0m [36mname[0m=[35mtap-csv[0m [36mrun_id[0m=[35m0da2c129-b1cb-4dbe-a8ad-5c98949ce0d6[0m [36mstate_id[0m=[35m2025-07-01T210614--tap-csv--target-csv-csv[0m [36mstdio[0m=[35mstderr[0m
[2025-07-01T21:06:16.110+0000] {docker.py:429} INFO - [2m2025-07-01T21:06:16.109637Z[0m [[32m[1minfo     [0m] [1m                              [0m [36mcmd_type[0m=[35mextractor[0m [36mname[0m=[35mtap-csv[0m [36mrun_id[0m=[35m0da2c129-b1cb-4dbe-a8ad-5c98949ce0d6[0m [36mstate_id[0m=[35m2025-07-01T210614--tap-csv--target-csv-csv[0m [36mstdio[0m=[35mstderr[0m
[2025-07-01T21:06:16.110+0000] {docker.py:429} INFO - [2m2025-07-01T21:06:16.109983Z[0m [[32m[1minfo     [0m] [1mBeginning full_table sync of 'order_details'...[0m [36mcmd_type[0m=[35mextractor[0m [36mname[0m=[35mtap-csv[0m [36mrun_id[0m=[35m0da2c129-b1cb-4dbe-a8ad-5c98949ce0d6[0m [36mstate_id[0m=[35m2025-07-01T210614--tap-csv--target-csv-csv[0m [36mstdio[0m=[35mstderr[0m
[2025-07-01T21:06:16.110+0000] {docker.py:429} INFO - [2m2025-07-01T21:06:16.110234Z[0m [[32m[1minfo     [0m] [1mTap has custom mapper. Using 1 provided map(s).[0m [36mcmd_type[0m=[35mextractor[0m [36mname[0m=[35mtap-csv[0m [36mrun_id[0m=[35m0da2c129-b1cb-4dbe-a8ad-5c98949ce0d6[0m [36mstate_id[0m=[35m2025-07-01T210614--tap-csv--target-csv-csv[0m [36mstdio[0m=[35mstderr[0m
[2025-07-01T21:06:16.264+0000] {docker.py:429} INFO - [2m2025-07-01T21:06:16.263311Z[0m [[32m[1minfo     [0m] [1mMETRIC: {"type": "timer", "metric": "sync_duration", "value": 0.1533796787261963, "tags": {"stream": "order_details", "pid": 176, "context": {}, "status": "succeeded"}}[0m [36mcmd_type[0m=[35mextractor[0m [36mname[0m=[35mtap-csv[0m [36mrun_id[0m=[35m0da2c129-b1cb-4dbe-a8ad-5c98949ce0d6[0m [36mstate_id[0m=[35m2025-07-01T210614--tap-csv--target-csv-csv[0m [36mstdio[0m=[35mstderr[0m
[2m2025-07-01T21:06:16.263639Z[0m [[32m[1minfo     [0m] [1mMETRIC: {"type": "counter", "metric": "record_count", "value": 2155, "tags": {"stream": "order_details", "pid": 176, "context": {}}}[0m [36mcmd_type[0m=[35mextractor[0m [36mname[0m=[35mtap-csv[0m [36mrun_id[0m=[35m0da2c129-b1cb-4dbe-a8ad-5c98949ce0d6[0m [36mstate_id[0m=[35m2025-07-01T210614--tap-csv--target-csv-csv[0m [36mstdio[0m=[35mstderr[0m
[2025-07-01T21:06:16.355+0000] {docker.py:429} INFO - [2m2025-07-01T21:06:16.354978Z[0m [[32m[1minfo     [0m] [1mUsing systemdb state backend  [0m
[2025-07-01T21:06:16.363+0000] {docker.py:429} INFO - [2m2025-07-01T21:06:16.362606Z[0m [[32m[1minfo     [0m] [1mIncremental state has been updated at 2025-07-01 21:06:16.362567+00:00.[0m
[2025-07-01T21:06:16.364+0000] {docker.py:429} INFO - [2m2025-07-01T21:06:16.364421Z[0m [[32m[1minfo     [0m] [1mExtract & load complete!      [0m [36mname[0m=[35mmeltano[0m [36mrun_id[0m=[35m0da2c129-b1cb-4dbe-a8ad-5c98949ce0d6[0m [36mstate_id[0m=[35m2025-07-01T210614--tap-csv--target-csv-csv[0m
[2025-07-01T21:06:16.365+0000] {docker.py:429} INFO - [2m2025-07-01T21:06:16.364646Z[0m [[32m[1minfo     [0m] [1mTransformation skipped.       [0m [36mname[0m=[35mmeltano[0m [36mrun_id[0m=[35m0da2c129-b1cb-4dbe-a8ad-5c98949ce0d6[0m [36mstate_id[0m=[35m2025-07-01T210614--tap-csv--target-csv-csv[0m
[2025-07-01T21:06:17.511+0000] {taskinstance.py:1138} INFO - Marking task as SUCCESS. dag_id=northwind, task_id=extração_csv, execution_date=20250701T210535, start_date=20250701T210602, end_date=20250701T210617
[2025-07-01T21:06:17.562+0000] {local_task_job_runner.py:234} INFO - Task exited with return code 0
[2025-07-01T21:06:17.581+0000] {taskinstance.py:3280} INFO - 1 downstream tasks scheduled from follow-on schedule check
