[2025-06-26T15:47:00.984+0000] {taskinstance.py:1956} INFO - Dependencies all met for dep_context=non-requeueable deps ti=<TaskInstance: northwind.extração_csv manual__2025-06-26T15:46:36.563044+00:00 [queued]>
[2025-06-26T15:47:00.993+0000] {taskinstance.py:1956} INFO - Dependencies all met for dep_context=requeueable deps ti=<TaskInstance: northwind.extração_csv manual__2025-06-26T15:46:36.563044+00:00 [queued]>
[2025-06-26T15:47:00.994+0000] {taskinstance.py:2170} INFO - Starting attempt 1 of 2
[2025-06-26T15:47:01.010+0000] {taskinstance.py:2191} INFO - Executing <Task(DockerOperator): extração_csv> on 2025-06-26 15:46:36.563044+00:00
[2025-06-26T15:47:01.014+0000] {standard_task_runner.py:60} INFO - Started process 417 to run task
[2025-06-26T15:47:01.018+0000] {standard_task_runner.py:87} INFO - Running: ['***', 'tasks', 'run', 'northwind', 'extração_csv', 'manual__2025-06-26T15:46:36.563044+00:00', '--job-id', '271', '--raw', '--subdir', 'DAGS_FOLDER/dag.py', '--cfg-path', '/tmp/tmpl72ld3r4']
[2025-06-26T15:47:01.020+0000] {standard_task_runner.py:88} INFO - Job 271: Subtask extração_csv
[2025-06-26T15:47:01.070+0000] {task_command.py:423} INFO - Running <TaskInstance: northwind.extração_csv manual__2025-06-26T15:46:36.563044+00:00 [running]> on host 6afc1f3750fb
[2025-06-26T15:47:01.156+0000] {taskinstance.py:2480} INFO - Exporting env vars: AIRFLOW_CTX_DAG_EMAIL='lrbf@cin.ufpe.br' AIRFLOW_CTX_DAG_OWNER='***' AIRFLOW_CTX_DAG_ID='northwind' AIRFLOW_CTX_TASK_ID='extração_csv' AIRFLOW_CTX_EXECUTION_DATE='2025-06-26T15:46:36.563044+00:00' AIRFLOW_CTX_TRY_NUMBER='1' AIRFLOW_CTX_DAG_RUN_ID='manual__2025-06-26T15:46:36.563044+00:00'
[2025-06-26T15:47:01.329+0000] {docker.py:359} INFO - Starting docker container from image meltano:latest
[2025-06-26T15:47:01.333+0000] {docker.py:367} WARNING - Using remote engine or docker-in-docker and mounting temporary volume from host is not supported. Falling back to `mount_tmp_dir=False` mode. You can set `mount_tmp_dir` parameter to False to disable mounting and remove the warning
[2025-06-26T15:47:01.714+0000] {docker.py:429} INFO - Running meltano install...
[2025-06-26T15:47:03.483+0000] {docker.py:429} INFO - [2m2025-06-26T15:47:03.482982Z[0m [[32m[1minfo     [0m] [1mInstalling 7 plugins          [0m
[2025-06-26T15:47:03.495+0000] {docker.py:429} INFO - [2m2025-06-26T15:47:03.494544Z[0m [[32m[1minfo     [0m] [1mInstalling extractor 'tap-postgres'[0m
[2025-06-26T15:47:03.511+0000] {docker.py:429} INFO - [2m2025-06-26T15:47:03.510691Z[0m [[32m[1minfo     [0m] [1mInstalling extractor 'tap-csv'[0m
[2025-06-26T15:47:03.526+0000] {docker.py:429} INFO - [2m2025-06-26T15:47:03.525692Z[0m [[32m[1minfo     [0m] [1mInstalling extractor 'tap-csv-latest'[0m
[2025-06-26T15:47:03.548+0000] {docker.py:429} INFO - [2m2025-06-26T15:47:03.547852Z[0m [[32m[1minfo     [0m] [1mInstalling loader 'target-postgres'[0m
[2025-06-26T15:47:03.573+0000] {docker.py:429} INFO - [2m2025-06-26T15:47:03.569273Z[0m [[32m[1minfo     [0m] [1mInstalling loader 'target-csv'[0m
[2025-06-26T15:47:03.593+0000] {docker.py:429} INFO - [2m2025-06-26T15:47:03.592624Z[0m [[32m[1minfo     [0m] [1mInstalling loader 'target-csv-postgres'[0m
[2025-06-26T15:47:03.622+0000] {docker.py:429} INFO - [2m2025-06-26T15:47:03.621241Z[0m [[32m[1minfo     [0m] [1mInstalling loader 'target-csv-csv'[0m
[2025-06-26T15:47:05.735+0000] {docker.py:429} INFO - [2m2025-06-26T15:47:05.734881Z[0m [[32m[1minfo     [0m] [1mInstalled extractor 'tap-postgres'[0m
[2025-06-26T15:47:05.742+0000] {docker.py:429} INFO - [2m2025-06-26T15:47:05.741538Z[0m [[32m[1minfo     [0m] [1mInstalled loader 'target-postgres'[0m
[2025-06-26T15:47:11.922+0000] {docker.py:429} INFO - [2m2025-06-26T15:47:11.921860Z[0m [[32m[1minfo     [0m] [1mInstalled extractor 'tap-csv-latest'[0m
[2025-06-26T15:47:12.479+0000] {docker.py:429} INFO - [2m2025-06-26T15:47:12.478422Z[0m [[32m[1minfo     [0m] [1mInstalled extractor 'tap-csv' [0m
[2025-06-26T15:47:12.920+0000] {docker.py:429} INFO - [2m2025-06-26T15:47:12.918816Z[0m [[32m[1minfo     [0m] [1mInstalled loader 'target-csv' [0m
[2025-06-26T15:47:13.071+0000] {docker.py:429} INFO - [2m2025-06-26T15:47:13.070844Z[0m [[32m[1minfo     [0m] [1mInstalled loader 'target-csv-csv'[0m
[2025-06-26T15:47:13.136+0000] {docker.py:429} INFO - [2m2025-06-26T15:47:13.135987Z[0m [[32m[1minfo     [0m] [1mInstalled loader 'target-csv-postgres'[0m
[2m2025-06-26T15:47:13.136227Z[0m [[32m[1minfo     [0m] [1mInstalled 7/7 plugins         [0m
[2025-06-26T15:47:14.063+0000] {docker.py:429} INFO - Meltano install completed. Executing command: meltano el tap-csv target-csv-csv
[2025-06-26T15:47:12.721+0000] {docker.py:429} INFO - [2m2025-06-26T15:47:12.720437Z[0m [[32m[1minfo     [0m] [1mEnvironment 'dev' is active   [0m
[2025-06-26T15:47:13.061+0000] {docker.py:429} INFO - [2m2025-06-26T15:47:13.060817Z[0m [[32m[1minfo     [0m] [1mRunning extract & load...     [0m [36mname[0m=[35mmeltano[0m [36mrun_id[0m=[35mfd02defd-da01-4e32-9c5a-9741f3b9dc60[0m [36mstate_id[0m=[35m2025-06-26T154712--tap-csv--target-csv-csv[0m
[2025-06-26T15:47:14.295+0000] {docker.py:429} INFO - [2m2025-06-26T15:47:14.294530Z[0m [[32m[1minfo     [0m] [1mINFO Sending version information to singer.io. To disable sending anonymous usage data, set the config parameter "disable_collection" to true[0m [36mcmd_type[0m=[35mloader[0m [36mname[0m=[35mtarget-csv-csv[0m [36mrun_id[0m=[35mfd02defd-da01-4e32-9c5a-9741f3b9dc60[0m [36mstate_id[0m=[35m2025-06-26T154712--tap-csv--target-csv-csv[0m [36mstdio[0m=[35mstderr[0m
[2025-06-26T15:47:14.451+0000] {docker.py:429} INFO - [2m2025-06-26T15:47:14.450258Z[0m [[32m[1minfo     [0m] [1mBeginning full_table sync of 'order_details'...[0m [36mcmd_type[0m=[35mextractor[0m [36mname[0m=[35mtap-csv[0m [36mrun_id[0m=[35mfd02defd-da01-4e32-9c5a-9741f3b9dc60[0m [36mstate_id[0m=[35m2025-06-26T154712--tap-csv--target-csv-csv[0m [36mstdio[0m=[35mstderr[0m
[2m2025-06-26T15:47:14.450582Z[0m [[32m[1minfo     [0m] [1mTap has custom mapper. Using 1 provided map(s).[0m [36mcmd_type[0m=[35mextractor[0m [36mname[0m=[35mtap-csv[0m [36mrun_id[0m=[35mfd02defd-da01-4e32-9c5a-9741f3b9dc60[0m [36mstate_id[0m=[35m2025-06-26T154712--tap-csv--target-csv-csv[0m [36mstdio[0m=[35mstderr[0m
[2025-06-26T15:47:14.594+0000] {docker.py:429} INFO - [2m2025-06-26T15:47:14.594247Z[0m [[32m[1minfo     [0m] [1mMETRIC: {"type": "timer", "metric": "sync_duration", "value": 0.14338016510009766, "tags": {"stream": "order_details", "pid": 177, "context": {}, "status": "succeeded"}}[0m [36mcmd_type[0m=[35mextractor[0m [36mname[0m=[35mtap-csv[0m [36mrun_id[0m=[35mfd02defd-da01-4e32-9c5a-9741f3b9dc60[0m [36mstate_id[0m=[35m2025-06-26T154712--tap-csv--target-csv-csv[0m [36mstdio[0m=[35mstderr[0m
[2025-06-26T15:47:14.595+0000] {docker.py:429} INFO - [2m2025-06-26T15:47:14.594571Z[0m [[32m[1minfo     [0m] [1mMETRIC: {"type": "counter", "metric": "record_count", "value": 2155, "tags": {"stream": "order_details", "pid": 177, "context": {}}}[0m [36mcmd_type[0m=[35mextractor[0m [36mname[0m=[35mtap-csv[0m [36mrun_id[0m=[35mfd02defd-da01-4e32-9c5a-9741f3b9dc60[0m [36mstate_id[0m=[35m2025-06-26T154712--tap-csv--target-csv-csv[0m [36mstdio[0m=[35mstderr[0m
[2025-06-26T15:47:14.695+0000] {docker.py:429} INFO - [2m2025-06-26T15:47:14.694610Z[0m [[32m[1minfo     [0m] [1mUsing systemdb state backend  [0m
[2025-06-26T15:47:14.704+0000] {docker.py:429} INFO - [2m2025-06-26T15:47:14.704119Z[0m [[32m[1minfo     [0m] [1mIncremental state has been updated at 2025-06-26 15:47:14.704087+00:00.[0m
[2025-06-26T15:47:14.705+0000] {docker.py:429} INFO - [2m2025-06-26T15:47:14.705067Z[0m [[32m[1minfo     [0m] [1mExtract & load complete!      [0m [36mname[0m=[35mmeltano[0m [36mrun_id[0m=[35mfd02defd-da01-4e32-9c5a-9741f3b9dc60[0m [36mstate_id[0m=[35m2025-06-26T154712--tap-csv--target-csv-csv[0m
[2025-06-26T15:47:14.706+0000] {docker.py:429} INFO - [2m2025-06-26T15:47:14.705378Z[0m [[32m[1minfo     [0m] [1mTransformation skipped.       [0m [36mname[0m=[35mmeltano[0m [36mrun_id[0m=[35mfd02defd-da01-4e32-9c5a-9741f3b9dc60[0m [36mstate_id[0m=[35m2025-06-26T154712--tap-csv--target-csv-csv[0m
[2025-06-26T15:47:15.955+0000] {taskinstance.py:1138} INFO - Marking task as SUCCESS. dag_id=northwind, task_id=extração_csv, execution_date=20250626T154636, start_date=20250626T154700, end_date=20250626T154715
[2025-06-26T15:47:16.102+0000] {local_task_job_runner.py:234} INFO - Task exited with return code 0
[2025-06-26T15:47:16.127+0000] {taskinstance.py:3280} INFO - 0 downstream tasks scheduled from follow-on schedule check
