[2025-07-09T21:28:38.851+0000] {taskinstance.py:1956} INFO - Dependencies all met for dep_context=non-requeueable deps ti=<TaskInstance: northwind.gerar_config_csv_dinamica manual__2025-07-09T21:28:08.448433+00:00 [queued]>
[2025-07-09T21:28:38.861+0000] {taskinstance.py:1956} INFO - Dependencies all met for dep_context=requeueable deps ti=<TaskInstance: northwind.gerar_config_csv_dinamica manual__2025-07-09T21:28:08.448433+00:00 [queued]>
[2025-07-09T21:28:38.862+0000] {taskinstance.py:2170} INFO - Starting attempt 1 of 2
[2025-07-09T21:28:38.880+0000] {taskinstance.py:2191} INFO - Executing <Task(DockerOperator): gerar_config_csv_dinamica> on 2025-07-09 21:28:08.448433+00:00
[2025-07-09T21:28:38.886+0000] {standard_task_runner.py:60} INFO - Started process 180 to run task
[2025-07-09T21:28:38.890+0000] {standard_task_runner.py:87} INFO - Running: ['***', 'tasks', 'run', 'northwind', 'gerar_config_csv_dinamica', 'manual__2025-07-09T21:28:08.448433+00:00', '--job-id', '111', '--raw', '--subdir', 'DAGS_FOLDER/northwind.py', '--cfg-path', '/tmp/tmpl6b3i3kz']
[2025-07-09T21:28:38.892+0000] {standard_task_runner.py:88} INFO - Job 111: Subtask gerar_config_csv_dinamica
[2025-07-09T21:28:38.960+0000] {task_command.py:423} INFO - Running <TaskInstance: northwind.gerar_config_csv_dinamica manual__2025-07-09T21:28:08.448433+00:00 [running]> on host 9d65785a077b
[2025-07-09T21:28:39.035+0000] {taskinstance.py:2480} INFO - Exporting env vars: AIRFLOW_CTX_DAG_EMAIL='lrbf@cin.ufpe.br' AIRFLOW_CTX_DAG_OWNER='***' AIRFLOW_CTX_DAG_ID='northwind' AIRFLOW_CTX_TASK_ID='gerar_config_csv_dinamica' AIRFLOW_CTX_EXECUTION_DATE='2025-07-09T21:28:08.448433+00:00' AIRFLOW_CTX_TRY_NUMBER='1' AIRFLOW_CTX_DAG_RUN_ID='manual__2025-07-09T21:28:08.448433+00:00'
[2025-07-09T21:28:39.083+0000] {docker.py:359} INFO - Starting docker container from image meltano:latest
[2025-07-09T21:28:39.392+0000] {docker.py:429} INFO - Running meltano install...
[2025-07-09T21:28:40.764+0000] {docker.py:429} INFO - [2m2025-07-09T21:28:40.763957Z[0m [[32m[1minfo     [0m] [1mInstalling 7 plugins          [0m
[2025-07-09T21:28:40.776+0000] {docker.py:429} INFO - [2m2025-07-09T21:28:40.775166Z[0m [[32m[1minfo     [0m] [1mInstalling extractor 'tap-postgres'[0m
[2025-07-09T21:28:40.798+0000] {docker.py:429} INFO - [2m2025-07-09T21:28:40.798042Z[0m [[32m[1minfo     [0m] [1mInstalling extractor 'tap-csv'[0m
[2025-07-09T21:28:40.820+0000] {docker.py:429} INFO - [2m2025-07-09T21:28:40.819584Z[0m [[32m[1minfo     [0m] [1mInstalling extractor 'tap-csv-latest'[0m
[2025-07-09T21:28:40.847+0000] {docker.py:429} INFO - [2m2025-07-09T21:28:40.846323Z[0m [[32m[1minfo     [0m] [1mInstalling loader 'target-postgres'[0m
[2025-07-09T21:28:40.882+0000] {docker.py:429} INFO - [2m2025-07-09T21:28:40.881647Z[0m [[32m[1minfo     [0m] [1mInstalling loader 'target-csv'[0m
[2025-07-09T21:28:40.927+0000] {docker.py:429} INFO - [2m2025-07-09T21:28:40.926669Z[0m [[32m[1minfo     [0m] [1mInstalling loader 'target-csv-postgres'[0m
[2025-07-09T21:28:40.976+0000] {docker.py:429} INFO - [2m2025-07-09T21:28:40.973251Z[0m [[32m[1minfo     [0m] [1mInstalling loader 'target-csv-csv'[0m
[2025-07-09T21:28:42.200+0000] {docker.py:429} INFO - [2m2025-07-09T21:28:42.200073Z[0m [[32m[1minfo     [0m] [1mInstalled extractor 'tap-postgres'[0m
[2025-07-09T21:28:42.271+0000] {docker.py:429} INFO - [2m2025-07-09T21:28:42.271007Z[0m [[32m[1minfo     [0m] [1mInstalled loader 'target-postgres'[0m
[2025-07-09T21:28:46.432+0000] {docker.py:429} INFO - [2m2025-07-09T21:28:46.432218Z[0m [[32m[1minfo     [0m] [1mInstalled extractor 'tap-csv' [0m
[2025-07-09T21:28:46.554+0000] {docker.py:429} INFO - [2m2025-07-09T21:28:46.554163Z[0m [[32m[1minfo     [0m] [1mInstalled extractor 'tap-csv-latest'[0m
[2025-07-09T21:28:47.181+0000] {docker.py:429} INFO - [2m2025-07-09T21:28:47.180468Z[0m [[32m[1minfo     [0m] [1mInstalled loader 'target-csv' [0m
[2025-07-09T21:28:47.386+0000] {docker.py:429} INFO - [2m2025-07-09T21:28:47.385582Z[0m [[32m[1minfo     [0m] [1mInstalled loader 'target-csv-csv'[0m
[2025-07-09T21:28:48.246+0000] {docker.py:429} INFO - [2m2025-07-09T21:28:48.245801Z[0m [[32m[1minfo     [0m] [1mInstalled loader 'target-csv-postgres'[0m
[2025-07-09T21:28:48.246+0000] {docker.py:429} INFO - [2m2025-07-09T21:28:48.246157Z[0m [[32m[1minfo     [0m] [1mInstalled 7/7 plugins         [0m
[2025-07-09T21:28:49.060+0000] {docker.py:429} INFO - Meltano install completed. Executing command: python /opt/meltano/scripts/generate_csv_config.py
[2025-07-09T21:28:49.109+0000] {docker.py:429} INFO - [{"entity": "order_details", "path": "/opt/output_data/csv/order_details/2025-07-09/file.csv", "keys": ["order_id", "product_id"], "delimiter": ",", "encoding": "utf-8"}, {"entity": "public-categories", "path": "/opt/output_data/postgres/public-categories/2025-07-09/file.csv", "keys": ["category_id"], "delimiter": ",", "encoding": "utf-8"}, {"entity": "public-products", "path": "/opt/output_data/postgres/public-products/2025-07-09/file.csv", "keys": ["product_id"], "delimiter": ",", "encoding": "utf-8"}, {"entity": "public-suppliers", "path": "/opt/output_data/postgres/public-suppliers/2025-07-09/file.csv", "keys": ["supplier_id"], "delimiter": ",", "encoding": "utf-8"}, {"entity": "public-orders", "path": "/opt/output_data/postgres/public-orders/2025-07-09/file.csv", "keys": ["order_id"], "delimiter": ",", "encoding": "utf-8"}, {"entity": "public-customers", "path": "/opt/output_data/postgres/public-customers/2025-07-09/file.csv", "keys": ["customer_id"], "delimiter": ",", "encoding": "utf-8"}, {"entity": "public-employees", "path": "/opt/output_data/postgres/public-employees/2025-07-09/file.csv", "keys": ["employee_id"], "delimiter": ",", "encoding": "utf-8"}, {"entity": "public-employee_territories", "path": "/opt/output_data/postgres/public-employee_territories/2025-07-09/file.csv", "keys": ["employee_id", "territory_id"], "delimiter": ",", "encoding": "utf-8"}, {"entity": "public-territories", "path": "/opt/output_data/postgres/public-territories/2025-07-09/file.csv", "keys": ["territory_id"], "delimiter": ",", "encoding": "utf-8"}, {"entity": "public-region", "path": "/opt/output_data/postgres/public-region/2025-07-09/file.csv", "keys": ["region_id"], "delimiter": ",", "encoding": "utf-8"}, {"entity": "public-shippers", "path": "/opt/output_data/postgres/public-shippers/2025-07-09/file.csv", "keys": ["shipper_id"], "delimiter": ",", "encoding": "utf-8"}, {"entity": "public-us_states", "path": "/opt/output_data/postgres/public-us_states/2025-07-09/file.csv", "keys": ["state_id"], "delimiter": ",", "encoding": "utf-8"}]
[2025-07-09T21:28:49.343+0000] {taskinstance.py:1138} INFO - Marking task as SUCCESS. dag_id=northwind, task_id=gerar_config_csv_dinamica, execution_date=20250709T212808, start_date=20250709T212838, end_date=20250709T212849
[2025-07-09T21:28:49.384+0000] {local_task_job_runner.py:234} INFO - Task exited with return code 0
[2025-07-09T21:28:49.406+0000] {taskinstance.py:3280} INFO - 1 downstream tasks scheduled from follow-on schedule check
