[2025-06-25T20:28:10.435+0000] {taskinstance.py:1956} INFO - Dependencies all met for dep_context=non-requeueable deps ti=<TaskInstance: northwind.carregamento_postgres manual__2025-06-25T20:27:32.655230+00:00 [queued]>
[2025-06-25T20:28:10.443+0000] {taskinstance.py:1956} INFO - Dependencies all met for dep_context=requeueable deps ti=<TaskInstance: northwind.carregamento_postgres manual__2025-06-25T20:27:32.655230+00:00 [queued]>
[2025-06-25T20:28:10.444+0000] {taskinstance.py:2170} INFO - Starting attempt 1 of 2
[2025-06-25T20:28:10.458+0000] {taskinstance.py:2191} INFO - Executing <Task(DockerOperator): carregamento_postgres> on 2025-06-25 20:27:32.655230+00:00
[2025-06-25T20:28:10.464+0000] {standard_task_runner.py:60} INFO - Started process 254 to run task
[2025-06-25T20:28:10.467+0000] {standard_task_runner.py:87} INFO - Running: ['***', 'tasks', 'run', 'northwind', 'carregamento_postgres', 'manual__2025-06-25T20:27:32.655230+00:00', '--job-id', '175', '--raw', '--subdir', 'DAGS_FOLDER/dag.py', '--cfg-path', '/tmp/tmpszy_8fkc']
[2025-06-25T20:28:10.470+0000] {standard_task_runner.py:88} INFO - Job 175: Subtask carregamento_postgres
[2025-06-25T20:28:10.517+0000] {task_command.py:423} INFO - Running <TaskInstance: northwind.carregamento_postgres manual__2025-06-25T20:27:32.655230+00:00 [running]> on host 6afc1f3750fb
[2025-06-25T20:28:10.610+0000] {taskinstance.py:2480} INFO - Exporting env vars: AIRFLOW_CTX_DAG_EMAIL='lrbf@cin.ufpe.br' AIRFLOW_CTX_DAG_OWNER='***' AIRFLOW_CTX_DAG_ID='northwind' AIRFLOW_CTX_TASK_ID='carregamento_postgres' AIRFLOW_CTX_EXECUTION_DATE='2025-06-25T20:27:32.655230+00:00' AIRFLOW_CTX_TRY_NUMBER='1' AIRFLOW_CTX_DAG_RUN_ID='manual__2025-06-25T20:27:32.655230+00:00'
[2025-06-25T20:28:10.658+0000] {docker.py:359} INFO - Starting docker container from image meltano:latest
[2025-06-25T20:28:10.941+0000] {docker.py:429} INFO - Running meltano install...
[2025-06-25T20:28:12.287+0000] {docker.py:429} INFO - [2m2025-06-25T20:28:12.286984Z[0m [[32m[1minfo     [0m] [1mInstalling 7 plugins          [0m
[2025-06-25T20:28:12.303+0000] {docker.py:429} INFO - [2m2025-06-25T20:28:12.302886Z[0m [[32m[1minfo     [0m] [1mInstalling extractor 'tap-postgres'[0m
[2025-06-25T20:28:12.324+0000] {docker.py:429} INFO - [2m2025-06-25T20:28:12.324219Z[0m [[32m[1minfo     [0m] [1mInstalling extractor 'tap-csv'[0m
[2025-06-25T20:28:12.352+0000] {docker.py:429} INFO - [2m2025-06-25T20:28:12.351717Z[0m [[32m[1minfo     [0m] [1mInstalling extractor 'tap-csv-latest'[0m
[2025-06-25T20:28:12.379+0000] {docker.py:429} INFO - [2m2025-06-25T20:28:12.378211Z[0m [[32m[1minfo     [0m] [1mInstalling loader 'target-postgres'[0m
[2025-06-25T20:28:12.413+0000] {docker.py:429} INFO - [2m2025-06-25T20:28:12.412182Z[0m [[32m[1minfo     [0m] [1mInstalling loader 'target-csv'[0m
[2025-06-25T20:28:12.452+0000] {docker.py:429} INFO - [2m2025-06-25T20:28:12.451076Z[0m [[32m[1minfo     [0m] [1mInstalling loader 'target-csv-postgres'[0m
[2025-06-25T20:28:12.496+0000] {docker.py:429} INFO - [2m2025-06-25T20:28:12.493024Z[0m [[32m[1minfo     [0m] [1mInstalling loader 'target-csv-csv'[0m
[2025-06-25T20:28:14.122+0000] {docker.py:429} INFO - [2m2025-06-25T20:28:14.121829Z[0m [[32m[1minfo     [0m] [1mInstalled extractor 'tap-postgres'[0m
[2025-06-25T20:28:14.176+0000] {docker.py:429} INFO - [2m2025-06-25T20:28:14.176071Z[0m [[32m[1minfo     [0m] [1mInstalled loader 'target-postgres'[0m
[2025-06-25T20:28:19.754+0000] {docker.py:429} INFO - [2m2025-06-25T20:28:19.753641Z[0m [[32m[1minfo     [0m] [1mInstalled extractor 'tap-csv' [0m
[2025-06-25T20:28:19.779+0000] {docker.py:429} INFO - [2m2025-06-25T20:28:19.778289Z[0m [[32m[1minfo     [0m] [1mInstalled extractor 'tap-csv-latest'[0m
[2025-06-25T20:28:20.363+0000] {docker.py:429} INFO - [2m2025-06-25T20:28:20.362184Z[0m [[32m[1minfo     [0m] [1mInstalled loader 'target-csv' [0m
[2025-06-25T20:28:20.748+0000] {docker.py:429} INFO - [2m2025-06-25T20:28:20.747693Z[0m [[32m[1minfo     [0m] [1mInstalled loader 'target-csv-csv'[0m
[2025-06-25T20:28:20.807+0000] {docker.py:429} INFO - [2m2025-06-25T20:28:20.806782Z[0m [[32m[1minfo     [0m] [1mInstalled loader 'target-csv-postgres'[0m
[2025-06-25T20:28:20.808+0000] {docker.py:429} INFO - [2m2025-06-25T20:28:20.807139Z[0m [[32m[1minfo     [0m] [1mInstalled 7/7 plugins         [0m
[2025-06-25T20:28:21.722+0000] {docker.py:429} INFO - Meltano install completed. Executing command: meltano el tap-csv-latest target-postgres
[2025-06-25T20:28:22.805+0000] {docker.py:429} INFO - [2m2025-06-25T20:28:22.804846Z[0m [[32m[1minfo     [0m] [1mEnvironment 'dev' is active   [0m
[2025-06-25T20:28:23.165+0000] {docker.py:429} INFO - [2m2025-06-25T20:28:23.164698Z[0m [[32m[1minfo     [0m] [1mRunning extract & load...     [0m [36mname[0m=[35mmeltano[0m [36mrun_id[0m=[35m8d271835-48f9-4add-983b-c62245e1e0c6[0m [36mstate_id[0m=[35m2025-06-25T202822--tap-csv-latest--target-postgres[0m
[2025-06-25T20:28:23.962+0000] {docker.py:429} INFO - [2m2025-06-25T20:28:23.962021Z[0m [[32m[1minfo     [0m] [1mNo CSV file definitions found.[0m [36mcmd_type[0m=[35mextractor[0m [36mname[0m=[35mtap-csv-latest[0m [36mrun_id[0m=[35m8d271835-48f9-4add-983b-c62245e1e0c6[0m [36mstate_id[0m=[35m2025-06-25T202822--tap-csv-latest--target-postgres[0m [36mstdio[0m=[35mstderr[0m
[2025-06-25T20:28:24.114+0000] {docker.py:429} INFO - [2m2025-06-25T20:28:24.113887Z[0m [[32m[1minfo     [0m] [1mtarget-postgres v0.4.3, Meltano SDK v0.47.2[0m [36mcmd_type[0m=[35mloader[0m [36mname[0m=[35mtarget-postgres[0m [36mrun_id[0m=[35m8d271835-48f9-4add-983b-c62245e1e0c6[0m [36mstate_id[0m=[35m2025-06-25T202822--tap-csv-latest--target-postgres[0m [36mstdio[0m=[35mstderr[0m
[2m2025-06-25T20:28:24.114274Z[0m [[32m[1minfo     [0m] [1mSkipping parse of env var settings...[0m [36mcmd_type[0m=[35mloader[0m [36mname[0m=[35mtarget-postgres[0m [36mrun_id[0m=[35m8d271835-48f9-4add-983b-c62245e1e0c6[0m [36mstate_id[0m=[35m2025-06-25T202822--tap-csv-latest--target-postgres[0m [36mstdio[0m=[35mstderr[0m
[2025-06-25T20:28:24.115+0000] {docker.py:429} INFO - [2m2025-06-25T20:28:24.114508Z[0m [[32m[1minfo     [0m] [1mTraceback (most recent call last):[0m [36mcmd_type[0m=[35mloader[0m [36mname[0m=[35mtarget-postgres[0m [36mrun_id[0m=[35m8d271835-48f9-4add-983b-c62245e1e0c6[0m [36mstate_id[0m=[35m2025-06-25T202822--tap-csv-latest--target-postgres[0m [36mstdio[0m=[35mstderr[0m
[2025-06-25T20:28:24.115+0000] {docker.py:429} INFO - [2m2025-06-25T20:28:24.114760Z[0m [[32m[1minfo     [0m] [1m  File "/opt/meltano/.meltano/loaders/target-postgres/venv/bin/target-postgres", line 8, in <module>[0m [36mcmd_type[0m=[35mloader[0m [36mname[0m=[35mtarget-postgres[0m [36mrun_id[0m=[35m8d271835-48f9-4add-983b-c62245e1e0c6[0m [36mstate_id[0m=[35m2025-06-25T202822--tap-csv-latest--target-postgres[0m [36mstdio[0m=[35mstderr[0m
[2025-06-25T20:28:24.115+0000] {docker.py:429} INFO - [2m2025-06-25T20:28:24.115096Z[0m [[32m[1minfo     [0m] [1m    sys.exit(TargetPostgres.cli())[0m [36mcmd_type[0m=[35mloader[0m [36mname[0m=[35mtarget-postgres[0m [36mrun_id[0m=[35m8d271835-48f9-4add-983b-c62245e1e0c6[0m [36mstate_id[0m=[35m2025-06-25T202822--tap-csv-latest--target-postgres[0m [36mstdio[0m=[35mstderr[0m
[2025-06-25T20:28:24.115+0000] {docker.py:429} INFO - [2m2025-06-25T20:28:24.115351Z[0m [[32m[1minfo     [0m] [1m  File "/opt/meltano/.meltano/loaders/target-postgres/venv/lib/python3.10/site-packages/click/core.py", line 1442, in __call__[0m [36mcmd_type[0m=[35mloader[0m [36mname[0m=[35mtarget-postgres[0m [36mrun_id[0m=[35m8d271835-48f9-4add-983b-c62245e1e0c6[0m [36mstate_id[0m=[35m2025-06-25T202822--tap-csv-latest--target-postgres[0m [36mstdio[0m=[35mstderr[0m
[2025-06-25T20:28:24.117+0000] {docker.py:429} INFO - [2m2025-06-25T20:28:24.116152Z[0m [[32m[1minfo     [0m] [1m    return self.main(*args, **kwargs)[0m [36mcmd_type[0m=[35mloader[0m [36mname[0m=[35mtarget-postgres[0m [36mrun_id[0m=[35m8d271835-48f9-4add-983b-c62245e1e0c6[0m [36mstate_id[0m=[35m2025-06-25T202822--tap-csv-latest--target-postgres[0m [36mstdio[0m=[35mstderr[0m
[2025-06-25T20:28:24.118+0000] {docker.py:429} INFO - [2m2025-06-25T20:28:24.116520Z[0m [[32m[1minfo     [0m] [1m  File "/opt/meltano/.meltano/loaders/target-postgres/venv/lib/python3.10/site-packages/click/core.py", line 1363, in main[0m [36mcmd_type[0m=[35mloader[0m [36mname[0m=[35mtarget-postgres[0m [36mrun_id[0m=[35m8d271835-48f9-4add-983b-c62245e1e0c6[0m [36mstate_id[0m=[35m2025-06-25T202822--tap-csv-latest--target-postgres[0m [36mstdio[0m=[35mstderr[0m
[2025-06-25T20:28:24.118+0000] {docker.py:429} INFO - [2m2025-06-25T20:28:24.116954Z[0m [[32m[1minfo     [0m] [1m    rv = self.invoke(ctx)     [0m [36mcmd_type[0m=[35mloader[0m [36mname[0m=[35mtarget-postgres[0m [36mrun_id[0m=[35m8d271835-48f9-4add-983b-c62245e1e0c6[0m [36mstate_id[0m=[35m2025-06-25T202822--tap-csv-latest--target-postgres[0m [36mstdio[0m=[35mstderr[0m
[2025-06-25T20:28:24.119+0000] {docker.py:429} INFO - [2m2025-06-25T20:28:24.117490Z[0m [[32m[1minfo     [0m] [1m  File "/opt/meltano/.meltano/loaders/target-postgres/venv/lib/python3.10/site-packages/singer_sdk/plugin_base.py", line 97, in invoke[0m [36mcmd_type[0m=[35mloader[0m [36mname[0m=[35mtarget-postgres[0m [36mrun_id[0m=[35m8d271835-48f9-4add-983b-c62245e1e0c6[0m [36mstate_id[0m=[35m2025-06-25T202822--tap-csv-latest--target-postgres[0m [36mstdio[0m=[35mstderr[0m
[2025-06-25T20:28:24.119+0000] {docker.py:429} INFO - [2m2025-06-25T20:28:24.117976Z[0m [[32m[1minfo     [0m] [1m    return super().invoke(ctx)[0m [36mcmd_type[0m=[35mloader[0m [36mname[0m=[35mtarget-postgres[0m [36mrun_id[0m=[35m8d271835-48f9-4add-983b-c62245e1e0c6[0m [36mstate_id[0m=[35m2025-06-25T202822--tap-csv-latest--target-postgres[0m [36mstdio[0m=[35mstderr[0m
[2025-06-25T20:28:24.119+0000] {docker.py:429} INFO - [2m2025-06-25T20:28:24.118398Z[0m [[32m[1minfo     [0m] [1m  File "/opt/meltano/.meltano/loaders/target-postgres/venv/lib/python3.10/site-packages/click/core.py", line 1226, in invoke[0m [36mcmd_type[0m=[35mloader[0m [36mname[0m=[35mtarget-postgres[0m [36mrun_id[0m=[35m8d271835-48f9-4add-983b-c62245e1e0c6[0m [36mstate_id[0m=[35m2025-06-25T202822--tap-csv-latest--target-postgres[0m [36mstdio[0m=[35mstderr[0m
[2025-06-25T20:28:24.120+0000] {docker.py:429} INFO - [2m2025-06-25T20:28:24.118702Z[0m [[32m[1minfo     [0m] [1m    return ctx.invoke(self.callback, **ctx.params)[0m [36mcmd_type[0m=[35mloader[0m [36mname[0m=[35mtarget-postgres[0m [36mrun_id[0m=[35m8d271835-48f9-4add-983b-c62245e1e0c6[0m [36mstate_id[0m=[35m2025-06-25T202822--tap-csv-latest--target-postgres[0m [36mstdio[0m=[35mstderr[0m
[2025-06-25T20:28:24.120+0000] {docker.py:429} INFO - [2m2025-06-25T20:28:24.119034Z[0m [[32m[1minfo     [0m] [1m  File "/opt/meltano/.meltano/loaders/target-postgres/venv/lib/python3.10/site-packages/click/core.py", line 794, in invoke[0m [36mcmd_type[0m=[35mloader[0m [36mname[0m=[35mtarget-postgres[0m [36mrun_id[0m=[35m8d271835-48f9-4add-983b-c62245e1e0c6[0m [36mstate_id[0m=[35m2025-06-25T202822--tap-csv-latest--target-postgres[0m [36mstdio[0m=[35mstderr[0m
[2025-06-25T20:28:24.121+0000] {docker.py:429} INFO - [2m2025-06-25T20:28:24.119558Z[0m [[32m[1minfo     [0m] [1m    return callback(*args, **kwargs)[0m [36mcmd_type[0m=[35mloader[0m [36mname[0m=[35mtarget-postgres[0m [36mrun_id[0m=[35m8d271835-48f9-4add-983b-c62245e1e0c6[0m [36mstate_id[0m=[35m2025-06-25T202822--tap-csv-latest--target-postgres[0m [36mstdio[0m=[35mstderr[0m
[2025-06-25T20:28:24.121+0000] {docker.py:429} INFO - [2m2025-06-25T20:28:24.120136Z[0m [[32m[1minfo     [0m] [1m  File "/opt/meltano/.meltano/loaders/target-postgres/venv/lib/python3.10/site-packages/singer_sdk/target_base.py", line 583, in invoke[0m [36mcmd_type[0m=[35mloader[0m [36mname[0m=[35mtarget-postgres[0m [36mrun_id[0m=[35m8d271835-48f9-4add-983b-c62245e1e0c6[0m [36mstate_id[0m=[35m2025-06-25T202822--tap-csv-latest--target-postgres[0m [36mstdio[0m=[35mstderr[0m
[2025-06-25T20:28:24.122+0000] {docker.py:429} INFO - [2m2025-06-25T20:28:24.121271Z[0m [[32m[1minfo     [0m] [1m    target = cls(             [0m [36mcmd_type[0m=[35mloader[0m [36mname[0m=[35mtarget-postgres[0m [36mrun_id[0m=[35m8d271835-48f9-4add-983b-c62245e1e0c6[0m [36mstate_id[0m=[35m2025-06-25T202822--tap-csv-latest--target-postgres[0m [36mstdio[0m=[35mstderr[0m
[2025-06-25T20:28:24.122+0000] {docker.py:429} INFO - [2m2025-06-25T20:28:24.121767Z[0m [[32m[1minfo     [0m] [1m  File "/opt/meltano/.meltano/loaders/target-postgres/venv/lib/python3.10/site-packages/target_postgres/target.py", line 67, in __init__[0m [36mcmd_type[0m=[35mloader[0m [36mname[0m=[35mtarget-postgres[0m [36mrun_id[0m=[35m8d271835-48f9-4add-983b-c62245e1e0c6[0m [36mstate_id[0m=[35m2025-06-25T202822--tap-csv-latest--target-postgres[0m [36mstdio[0m=[35mstderr[0m
[2025-06-25T20:28:24.122+0000] {docker.py:429} INFO - [2m2025-06-25T20:28:24.122198Z[0m [[32m[1minfo     [0m] [1m    and self.config.get("dialect+driver") is not None[0m [36mcmd_type[0m=[35mloader[0m [36mname[0m=[35mtarget-postgres[0m [36mrun_id[0m=[35m8d271835-48f9-4add-983b-c62245e1e0c6[0m [36mstate_id[0m=[35m2025-06-25T202822--tap-csv-latest--target-postgres[0m [36mstdio[0m=[35mstderr[0m
[2025-06-25T20:28:24.122+0000] {docker.py:429} INFO - [2m2025-06-25T20:28:24.122572Z[0m [[32m[1minfo     [0m] [1mAssertionError: Need either the sqlalchemy_url to be set or host, port, user, password, and dialect+driver to be set[0m [36mcmd_type[0m=[35mloader[0m [36mname[0m=[35mtarget-postgres[0m [36mrun_id[0m=[35m8d271835-48f9-4add-983b-c62245e1e0c6[0m [36mstate_id[0m=[35m2025-06-25T202822--tap-csv-latest--target-postgres[0m [36mstdio[0m=[35mstderr[0m
[2025-06-25T20:28:24.224+0000] {docker.py:429} INFO - [2m2025-06-25T20:28:24.223203Z[0m [[31m[1merror    [0m] [1mExtraction failed             [0m [36mcode[0m=[35m1[0m [36mmessage[0m=[35m'No CSV file definitions found.'[0m [36mname[0m=[35mmeltano[0m [36mrun_id[0m=[35m8d271835-48f9-4add-983b-c62245e1e0c6[0m [36mstate_id[0m=[35m2025-06-25T202822--tap-csv-latest--target-postgres[0m
[2m2025-06-25T20:28:24.223580Z[0m [[31m[1merror    [0m] [1mLoading failed                [0m [36mcode[0m=[35m1[0m [36mmessage[0m=[35m'AssertionError: Need either the sqlalchemy_url to be set or host, port, user, password, and dialect+driver to be set'[0m [36mname[0m=[35mmeltano[0m [36mrun_id[0m=[35m8d271835-48f9-4add-983b-c62245e1e0c6[0m [36mstate_id[0m=[35m2025-06-25T202822--tap-csv-latest--target-postgres[0m
[2025-06-25T20:28:24.224+0000] {docker.py:429} INFO - [2m2025-06-25T20:28:24.224068Z[0m [[32m[1minfo     [0m] [1mELT could not be completed: Extractor and loader failed.[0m [36mcmd_type[0m=[35melt[0m [36mname[0m=[35mmeltano[0m [36mrun_id[0m=[35m8d271835-48f9-4add-983b-c62245e1e0c6[0m [36mstate_id[0m=[35m2025-06-25T202822--tap-csv-latest--target-postgres[0m [36mstdio[0m=[35mstderr[0m
[2025-06-25T20:28:24.225+0000] {docker.py:429} INFO - [2m2025-06-25T20:28:24.224402Z[0m [[32m[1minfo     [0m] [1mFor more detailed log messages re-run the command using 'meltano --log-level=debug ...' CLI flag.[0m [36mcmd_type[0m=[35melt[0m [36mname[0m=[35mmeltano[0m [36mrun_id[0m=[35m8d271835-48f9-4add-983b-c62245e1e0c6[0m [36mstate_id[0m=[35m2025-06-25T202822--tap-csv-latest--target-postgres[0m [36mstdio[0m=[35mstderr[0m
[2025-06-25T20:28:24.225+0000] {docker.py:429} INFO - [2m2025-06-25T20:28:24.224690Z[0m [[32m[1minfo     [0m] [1mNote that you can also check the generated log file at '/opt/meltano/.meltano/logs/elt/2025-06-25T202822--tap-csv-latest--target-postgres/8d271835-48f9-4add-983b-c62245e1e0c6/elt.log'.[0m [36mcmd_type[0m=[35melt[0m [36mname[0m=[35mmeltano[0m [36mrun_id[0m=[35m8d271835-48f9-4add-983b-c62245e1e0c6[0m [36mstate_id[0m=[35m2025-06-25T202822--tap-csv-latest--target-postgres[0m [36mstdio[0m=[35mstderr[0m
[2m2025-06-25T20:28:24.224977Z[0m [[32m[1minfo     [0m] [1mFor more information on debugging and logging: https://docs.meltano.com/reference/command-line-interface#debugging[0m [36mcmd_type[0m=[35melt[0m [36mname[0m=[35mmeltano[0m [36mrun_id[0m=[35m8d271835-48f9-4add-983b-c62245e1e0c6[0m [36mstate_id[0m=[35m2025-06-25T202822--tap-csv-latest--target-postgres[0m [36mstdio[0m=[35mstderr[0m
[2025-06-25T20:28:24.239+0000] {docker.py:429} INFO - Need help fixing this problem? Visit http://melta.no/ for troubleshooting steps, or to
join our friendly Slack community.

ELT could not be completed: Extractor and loader failed.
For more detailed log messages re-run the command using 'meltano --log-level=debug ...' CLI flag.
Note that you can also check the generated log file at '/opt/meltano/.meltano/logs/elt/2025-06-25T202822--tap-csv-latest--target-postgres/8d271835-48f9-4add-983b-c62245e1e0c6/elt.log'.
For more information on debugging and logging: https://docs.meltano.com/reference/command-line-interface#debugging
[2025-06-25T20:28:25.372+0000] {taskinstance.py:2698} ERROR - Task failed with exception
Traceback (most recent call last):
  File "/home/airflow/.local/lib/python3.10/site-packages/airflow/models/taskinstance.py", line 433, in _execute_task
    result = execute_callable(context=context, **execute_callable_kwargs)
  File "/home/airflow/.local/lib/python3.10/site-packages/airflow/providers/docker/operators/docker.py", line 502, in execute
    return self._run_image()
  File "/home/airflow/.local/lib/python3.10/site-packages/airflow/providers/docker/operators/docker.py", line 376, in _run_image
    return self._run_image_with_mounts(self.mounts, add_tmp_variable=False)
  File "/home/airflow/.local/lib/python3.10/site-packages/airflow/providers/docker/operators/docker.py", line 437, in _run_image_with_mounts
    raise DockerContainerFailedException(f"Docker container failed: {result!r}", logs=log_lines)
airflow.providers.docker.exceptions.DockerContainerFailedException: Docker container failed: {'StatusCode': 1}
[2025-06-25T20:28:25.378+0000] {taskinstance.py:1138} INFO - Marking task as UP_FOR_RETRY. dag_id=northwind, task_id=carregamento_postgres, execution_date=20250625T202732, start_date=20250625T202810, end_date=20250625T202825
[2025-06-25T20:28:25.393+0000] {standard_task_runner.py:107} ERROR - Failed to execute job 175 for task carregamento_postgres (Docker container failed: {'StatusCode': 1}; 254)
[2025-06-25T20:28:25.420+0000] {local_task_job_runner.py:234} INFO - Task exited with return code 1
[2025-06-25T20:28:25.433+0000] {taskinstance.py:3280} INFO - 0 downstream tasks scheduled from follow-on schedule check
