[2025-07-09T21:14:25.062+0000] {taskinstance.py:1956} INFO - Dependencies all met for dep_context=non-requeueable deps ti=<TaskInstance: northwind.extração_csv manual__2025-07-09T21:14:05.861123+00:00 [queued]>
[2025-07-09T21:14:25.070+0000] {taskinstance.py:1956} INFO - Dependencies all met for dep_context=requeueable deps ti=<TaskInstance: northwind.extração_csv manual__2025-07-09T21:14:05.861123+00:00 [queued]>
[2025-07-09T21:14:25.070+0000] {taskinstance.py:2170} INFO - Starting attempt 1 of 2
[2025-07-09T21:14:25.085+0000] {taskinstance.py:2191} INFO - Executing <Task(DockerOperator): extração_csv> on 2025-07-09 21:14:05.861123+00:00
[2025-07-09T21:14:25.089+0000] {standard_task_runner.py:60} INFO - Started process 177 to run task
[2025-07-09T21:14:25.092+0000] {standard_task_runner.py:87} INFO - Running: ['***', 'tasks', 'run', 'northwind', 'extração_csv', 'manual__2025-07-09T21:14:05.861123+00:00', '--job-id', '101', '--raw', '--subdir', 'DAGS_FOLDER/northwind.py', '--cfg-path', '/tmp/tmp0qlp3q43']
[2025-07-09T21:14:25.095+0000] {standard_task_runner.py:88} INFO - Job 101: Subtask extração_csv
[2025-07-09T21:14:25.143+0000] {task_command.py:423} INFO - Running <TaskInstance: northwind.extração_csv manual__2025-07-09T21:14:05.861123+00:00 [running]> on host 9d65785a077b
[2025-07-09T21:14:25.239+0000] {taskinstance.py:2480} INFO - Exporting env vars: AIRFLOW_CTX_DAG_EMAIL='lrbf@cin.ufpe.br' AIRFLOW_CTX_DAG_OWNER='***' AIRFLOW_CTX_DAG_ID='northwind' AIRFLOW_CTX_TASK_ID='extração_csv' AIRFLOW_CTX_EXECUTION_DATE='2025-07-09T21:14:05.861123+00:00' AIRFLOW_CTX_TRY_NUMBER='1' AIRFLOW_CTX_DAG_RUN_ID='manual__2025-07-09T21:14:05.861123+00:00'
[2025-07-09T21:14:25.305+0000] {docker.py:359} INFO - Starting docker container from image meltano:latest
[2025-07-09T21:14:25.563+0000] {docker.py:429} INFO - Running meltano install...
[2025-07-09T21:14:26.855+0000] {docker.py:429} INFO - [2m2025-07-09T21:14:26.854373Z[0m [[32m[1minfo     [0m] [1mInstalling 7 plugins          [0m
[2025-07-09T21:14:26.866+0000] {docker.py:429} INFO - [2m2025-07-09T21:14:26.866201Z[0m [[32m[1minfo     [0m] [1mInstalling extractor 'tap-postgres'[0m
[2025-07-09T21:14:26.884+0000] {docker.py:429} INFO - [2m2025-07-09T21:14:26.883869Z[0m [[32m[1minfo     [0m] [1mInstalling extractor 'tap-csv'[0m
[2025-07-09T21:14:26.902+0000] {docker.py:429} INFO - [2m2025-07-09T21:14:26.901941Z[0m [[32m[1minfo     [0m] [1mInstalling extractor 'tap-csv-latest'[0m
[2025-07-09T21:14:26.922+0000] {docker.py:429} INFO - [2m2025-07-09T21:14:26.922207Z[0m [[32m[1minfo     [0m] [1mInstalling loader 'target-postgres'[0m
[2025-07-09T21:14:26.949+0000] {docker.py:429} INFO - [2m2025-07-09T21:14:26.948385Z[0m [[32m[1minfo     [0m] [1mInstalling loader 'target-csv'[0m
[2025-07-09T21:14:26.973+0000] {docker.py:429} INFO - [2m2025-07-09T21:14:26.972472Z[0m [[32m[1minfo     [0m] [1mInstalling loader 'target-csv-postgres'[0m
[2025-07-09T21:14:27.000+0000] {docker.py:429} INFO - [2m2025-07-09T21:14:26.999191Z[0m [[32m[1minfo     [0m] [1mInstalling loader 'target-csv-csv'[0m
[2025-07-09T21:14:27.944+0000] {docker.py:429} INFO - [2m2025-07-09T21:14:27.943769Z[0m [[32m[1minfo     [0m] [1mInstalled extractor 'tap-postgres'[0m
[2025-07-09T21:14:28.029+0000] {docker.py:429} INFO - [2m2025-07-09T21:14:28.028826Z[0m [[32m[1minfo     [0m] [1mInstalled loader 'target-postgres'[0m
[2025-07-09T21:14:31.526+0000] {docker.py:429} INFO - [2m2025-07-09T21:14:31.525572Z[0m [[32m[1minfo     [0m] [1mInstalled extractor 'tap-csv-latest'[0m
[2025-07-09T21:14:31.602+0000] {docker.py:429} INFO - [2m2025-07-09T21:14:31.601537Z[0m [[32m[1minfo     [0m] [1mInstalled extractor 'tap-csv' [0m
[2025-07-09T21:14:32.175+0000] {docker.py:429} INFO - [2m2025-07-09T21:14:32.174278Z[0m [[32m[1minfo     [0m] [1mInstalled loader 'target-csv-csv'[0m
[2025-07-09T21:14:32.191+0000] {docker.py:429} INFO - [2m2025-07-09T21:14:32.190974Z[0m [[32m[1minfo     [0m] [1mInstalled loader 'target-csv' [0m
[2025-07-09T21:14:32.792+0000] {docker.py:429} INFO - [2m2025-07-09T21:14:32.792041Z[0m [[32m[1minfo     [0m] [1mInstalled loader 'target-csv-postgres'[0m
[2m2025-07-09T21:14:32.792302Z[0m [[32m[1minfo     [0m] [1mInstalled 7/7 plugins         [0m
[2025-07-09T21:14:33.681+0000] {docker.py:429} INFO - Meltano install completed. Executing command: meltano el tap-csv target-csv-csv
[2025-07-09T21:14:34.911+0000] {docker.py:429} INFO - [2m2025-07-09T21:14:34.910200Z[0m [[32m[1minfo     [0m] [1mEnvironment 'dev' is active   [0m
[2025-07-09T21:14:35.548+0000] {docker.py:429} INFO - [2m2025-07-09T21:14:35.547829Z[0m [[32m[1minfo     [0m] [1mRunning extract & load...     [0m [36mname[0m=[35mmeltano[0m [36mrun_id[0m=[35mf9c38ea8-e5ad-4392-a24b-ed8d83d14b10[0m [36mstate_id[0m=[35m2025-07-09T211435--tap-csv--target-csv-csv[0m
[2025-07-09T21:14:37.183+0000] {docker.py:429} INFO - [2m2025-07-09T21:14:37.182054Z[0m [[32m[1minfo     [0m] [1mINFO Sending version information to singer.io. To disable sending anonymous usage data, set the config parameter "disable_collection" to true[0m [36mcmd_type[0m=[35mloader[0m [36mname[0m=[35mtarget-csv-csv[0m [36mrun_id[0m=[35mf9c38ea8-e5ad-4392-a24b-ed8d83d14b10[0m [36mstate_id[0m=[35m2025-07-09T211435--tap-csv--target-csv-csv[0m [36mstdio[0m=[35mstderr[0m
[2025-07-09T21:14:37.639+0000] {docker.py:429} INFO - [2m2025-07-09T21:14:37.638512Z[0m [[32m[1minfo     [0m] [1m/opt/meltano/.meltano/extractors/tap-csv/venv/lib/python3.9/site-packages/singer_sdk/tap_base.py:516: SingerSDKDeprecationWarning: Passing a catalog file path is deprecated. Please pass the catalog as a dictionary or Catalog object instead.[0m [36mcmd_type[0m=[35mextractor[0m [36mname[0m=[35mtap-csv[0m [36mrun_id[0m=[35mf9c38ea8-e5ad-4392-a24b-ed8d83d14b10[0m [36mstate_id[0m=[35m2025-07-09T211435--tap-csv--target-csv-csv[0m [36mstdio[0m=[35mstderr[0m
[2025-07-09T21:14:37.640+0000] {docker.py:429} INFO - [2m2025-07-09T21:14:37.639200Z[0m [[32m[1minfo     [0m] [1m  tap = cls(                  [0m [36mcmd_type[0m=[35mextractor[0m [36mname[0m=[35mtap-csv[0m [36mrun_id[0m=[35mf9c38ea8-e5ad-4392-a24b-ed8d83d14b10[0m [36mstate_id[0m=[35m2025-07-09T211435--tap-csv--target-csv-csv[0m [36mstdio[0m=[35mstderr[0m
[2025-07-09T21:14:37.642+0000] {docker.py:429} INFO - [2m2025-07-09T21:14:37.639582Z[0m [[32m[1minfo     [0m] [1m                              [0m [36mcmd_type[0m=[35mextractor[0m [36mname[0m=[35mtap-csv[0m [36mrun_id[0m=[35mf9c38ea8-e5ad-4392-a24b-ed8d83d14b10[0m [36mstate_id[0m=[35m2025-07-09T211435--tap-csv--target-csv-csv[0m [36mstdio[0m=[35mstderr[0m
[2025-07-09T21:14:37.646+0000] {docker.py:429} INFO - [2m2025-07-09T21:14:37.640092Z[0m [[32m[1minfo     [0m] [1mBeginning full_table sync of 'order_details'...[0m [36mcmd_type[0m=[35mextractor[0m [36mname[0m=[35mtap-csv[0m [36mrun_id[0m=[35mf9c38ea8-e5ad-4392-a24b-ed8d83d14b10[0m [36mstate_id[0m=[35m2025-07-09T211435--tap-csv--target-csv-csv[0m [36mstdio[0m=[35mstderr[0m
[2025-07-09T21:14:37.648+0000] {docker.py:429} INFO - [2m2025-07-09T21:14:37.640439Z[0m [[32m[1minfo     [0m] [1mTap has custom mapper. Using 1 provided map(s).[0m [36mcmd_type[0m=[35mextractor[0m [36mname[0m=[35mtap-csv[0m [36mrun_id[0m=[35mf9c38ea8-e5ad-4392-a24b-ed8d83d14b10[0m [36mstate_id[0m=[35m2025-07-09T211435--tap-csv--target-csv-csv[0m [36mstdio[0m=[35mstderr[0m
[2025-07-09T21:14:38.002+0000] {docker.py:429} INFO - [2m2025-07-09T21:14:37.999654Z[0m [[32m[1minfo     [0m] [1mMETRIC: {"type": "timer", "metric": "sync_duration", "value": 0.35890626907348633, "tags": {"stream": "order_details", "pid": 176, "context": {}, "status": "succeeded"}}[0m [36mcmd_type[0m=[35mextractor[0m [36mname[0m=[35mtap-csv[0m [36mrun_id[0m=[35mf9c38ea8-e5ad-4392-a24b-ed8d83d14b10[0m [36mstate_id[0m=[35m2025-07-09T211435--tap-csv--target-csv-csv[0m [36mstdio[0m=[35mstderr[0m
[2m2025-07-09T21:14:38.000333Z[0m [[32m[1minfo     [0m] [1mMETRIC: {"type": "counter", "metric": "record_count", "value": 2155, "tags": {"stream": "order_details", "pid": 176, "context": {}}}[0m [36mcmd_type[0m=[35mextractor[0m [36mname[0m=[35mtap-csv[0m [36mrun_id[0m=[35mf9c38ea8-e5ad-4392-a24b-ed8d83d14b10[0m [36mstate_id[0m=[35m2025-07-09T211435--tap-csv--target-csv-csv[0m [36mstdio[0m=[35mstderr[0m
[2025-07-09T21:14:38.225+0000] {docker.py:429} INFO - [2m2025-07-09T21:14:38.225037Z[0m [[32m[1minfo     [0m] [1mUsing systemdb state backend  [0m
[2025-07-09T21:14:38.238+0000] {docker.py:429} INFO - [2m2025-07-09T21:14:38.237486Z[0m [[32m[1minfo     [0m] [1mIncremental state has been updated at 2025-07-09 21:14:38.237446+00:00.[0m
[2025-07-09T21:14:38.241+0000] {docker.py:429} INFO - [2m2025-07-09T21:14:38.240584Z[0m [[32m[1minfo     [0m] [1mExtract & load complete!      [0m [36mname[0m=[35mmeltano[0m [36mrun_id[0m=[35mf9c38ea8-e5ad-4392-a24b-ed8d83d14b10[0m [36mstate_id[0m=[35m2025-07-09T211435--tap-csv--target-csv-csv[0m
[2025-07-09T21:14:38.243+0000] {docker.py:429} INFO - [2m2025-07-09T21:14:38.240862Z[0m [[32m[1minfo     [0m] [1mTransformation skipped.       [0m [36mname[0m=[35mmeltano[0m [36mrun_id[0m=[35mf9c38ea8-e5ad-4392-a24b-ed8d83d14b10[0m [36mstate_id[0m=[35m2025-07-09T211435--tap-csv--target-csv-csv[0m
[2025-07-09T21:14:36.787+0000] {taskinstance.py:1138} INFO - Marking task as SUCCESS. dag_id=northwind, task_id=extração_csv, execution_date=20250709T211405, start_date=20250709T211425, end_date=20250709T211436
[2025-07-09T21:14:36.813+0000] {local_task_job_runner.py:234} INFO - Task exited with return code 0
[2025-07-09T21:14:36.837+0000] {taskinstance.py:3280} INFO - 1 downstream tasks scheduled from follow-on schedule check
