[2025-07-01T14:57:56.120+0000] {taskinstance.py:1956} INFO - Dependencies all met for dep_context=non-requeueable deps ti=<TaskInstance: northwind.gerar_config_csv_dinamica manual__2025-07-01T14:57:27.657423+00:00 [queued]>
[2025-07-01T14:57:56.127+0000] {taskinstance.py:1956} INFO - Dependencies all met for dep_context=requeueable deps ti=<TaskInstance: northwind.gerar_config_csv_dinamica manual__2025-07-01T14:57:27.657423+00:00 [queued]>
[2025-07-01T14:57:56.128+0000] {taskinstance.py:2170} INFO - Starting attempt 1 of 2
[2025-07-01T14:57:56.141+0000] {taskinstance.py:2191} INFO - Executing <Task(DockerOperator): gerar_config_csv_dinamica> on 2025-07-01 14:57:27.657423+00:00
[2025-07-01T14:57:56.145+0000] {standard_task_runner.py:60} INFO - Started process 216 to run task
[2025-07-01T14:57:56.148+0000] {standard_task_runner.py:87} INFO - Running: ['***', 'tasks', 'run', 'northwind', 'gerar_config_csv_dinamica', 'manual__2025-07-01T14:57:27.657423+00:00', '--job-id', '5', '--raw', '--subdir', 'DAGS_FOLDER/northwind.py', '--cfg-path', '/tmp/tmpizlmbiri']
[2025-07-01T14:57:56.150+0000] {standard_task_runner.py:88} INFO - Job 5: Subtask gerar_config_csv_dinamica
[2025-07-01T14:57:56.197+0000] {task_command.py:423} INFO - Running <TaskInstance: northwind.gerar_config_csv_dinamica manual__2025-07-01T14:57:27.657423+00:00 [running]> on host 64e5e3bd5aa6
[2025-07-01T14:57:56.268+0000] {taskinstance.py:2480} INFO - Exporting env vars: AIRFLOW_CTX_DAG_EMAIL='lrbf@cin.ufpe.br' AIRFLOW_CTX_DAG_OWNER='***' AIRFLOW_CTX_DAG_ID='northwind' AIRFLOW_CTX_TASK_ID='gerar_config_csv_dinamica' AIRFLOW_CTX_EXECUTION_DATE='2025-07-01T14:57:27.657423+00:00' AIRFLOW_CTX_TRY_NUMBER='1' AIRFLOW_CTX_DAG_RUN_ID='manual__2025-07-01T14:57:27.657423+00:00'
[2025-07-01T14:57:56.316+0000] {docker.py:359} INFO - Starting docker container from image meltano:latest
[2025-07-01T14:57:56.597+0000] {docker.py:429} INFO - Running meltano install...
[2025-07-01T14:58:04.748+0000] {docker.py:429} INFO - [2m2025-07-01T14:58:04.747875Z[0m [[32m[1minfo     [0m] [1mInstalling 7 plugins          [0m
[2025-07-01T14:58:04.759+0000] {docker.py:429} INFO - [2m2025-07-01T14:58:04.759148Z[0m [[32m[1minfo     [0m] [1mInstalling extractor 'tap-postgres'[0m
[2025-07-01T14:58:04.776+0000] {docker.py:429} INFO - [2m2025-07-01T14:58:04.775494Z[0m [[32m[1minfo     [0m] [1mInstalling extractor 'tap-csv'[0m
[2025-07-01T14:58:04.793+0000] {docker.py:429} INFO - [2m2025-07-01T14:58:04.793068Z[0m [[32m[1minfo     [0m] [1mInstalling extractor 'tap-csv-latest'[0m
[2025-07-01T14:58:04.812+0000] {docker.py:429} INFO - [2m2025-07-01T14:58:04.811740Z[0m [[32m[1minfo     [0m] [1mInstalling loader 'target-postgres'[0m
[2025-07-01T14:58:04.836+0000] {docker.py:429} INFO - [2m2025-07-01T14:58:04.836022Z[0m [[32m[1minfo     [0m] [1mInstalling loader 'target-csv'[0m
[2025-07-01T14:57:57.398+0000] {docker.py:429} INFO - [2m2025-07-01T14:57:57.398009Z[0m [[32m[1minfo     [0m] [1mInstalling loader 'target-csv-postgres'[0m
[2025-07-01T14:57:57.429+0000] {docker.py:429} INFO - [2m2025-07-01T14:57:57.428718Z[0m [[32m[1minfo     [0m] [1mInstalling loader 'target-csv-csv'[0m
[2025-07-01T14:57:58.444+0000] {docker.py:429} INFO - [2m2025-07-01T14:57:58.443789Z[0m [[32m[1minfo     [0m] [1mInstalled extractor 'tap-postgres'[0m
[2025-07-01T14:57:58.464+0000] {docker.py:429} INFO - [2m2025-07-01T14:57:58.464002Z[0m [[32m[1minfo     [0m] [1mInstalled loader 'target-postgres'[0m
[2025-07-01T14:58:02.238+0000] {docker.py:429} INFO - [2m2025-07-01T14:58:02.238075Z[0m [[32m[1minfo     [0m] [1mInstalled extractor 'tap-csv' [0m
[2025-07-01T14:58:02.277+0000] {docker.py:429} INFO - [2m2025-07-01T14:58:02.276548Z[0m [[32m[1minfo     [0m] [1mInstalled extractor 'tap-csv-latest'[0m
[2025-07-01T14:58:02.648+0000] {docker.py:429} INFO - [2m2025-07-01T14:58:02.647668Z[0m [[32m[1minfo     [0m] [1mInstalled loader 'target-csv' [0m
[2025-07-01T14:58:09.808+0000] {docker.py:429} INFO - [2m2025-07-01T14:58:09.807938Z[0m [[32m[1minfo     [0m] [1mInstalled loader 'target-csv-csv'[0m
[2025-07-01T14:58:02.455+0000] {docker.py:429} INFO - [2m2025-07-01T14:58:02.455048Z[0m [[32m[1minfo     [0m] [1mInstalled loader 'target-csv-postgres'[0m
[2m2025-07-01T14:58:02.455328Z[0m [[32m[1minfo     [0m] [1mInstalled 7/7 plugins         [0m
[2025-07-01T14:58:03.267+0000] {docker.py:429} INFO - Meltano install completed. Executing command: python /opt/meltano/scripts/generate_csv_config.py
[2025-07-01T14:58:03.301+0000] {docker.py:429} INFO - {"files": [{"entity": "order_details", "path": "/opt/output_data/csv/order_details/2025-07-01/file.csv", "keys": ["order_id", "product_id"], "delimiter": ",", "encoding": "utf-8"}, {"entity": "public-categories", "path": "/opt/output_data/postgres/public-categories/2025-07-01/file.csv", "keys": ["category_id"], "delimiter": ",", "encoding": "utf-8"}, {"entity": "public-products", "path": "/opt/output_data/postgres/public-products/2025-07-01/file.csv", "keys": ["product_id"], "delimiter": ",", "encoding": "utf-8"}, {"entity": "public-suppliers", "path": "/opt/output_data/postgres/public-suppliers/2025-07-01/file.csv", "keys": ["supplier_id"], "delimiter": ",", "encoding": "utf-8"}, {"entity": "public-orders", "path": "/opt/output_data/postgres/public-orders/2025-07-01/file.csv", "keys": ["order_id"], "delimiter": ",", "encoding": "utf-8"}, {"entity": "public-customers", "path": "/opt/output_data/postgres/public-customers/2025-07-01/file.csv", "keys": ["customer_id"], "delimiter": ",", "encoding": "utf-8"}, {"entity": "public-employees", "path": "/opt/output_data/postgres/public-employees/2025-07-01/file.csv", "keys": ["employee_id"], "delimiter": ",", "encoding": "utf-8"}, {"entity": "public-employee_territories", "path": "/opt/output_data/postgres/public-employee_territories/2025-07-01/file.csv", "keys": ["employee_id", "territory_id"], "delimiter": ",", "encoding": "utf-8"}, {"entity": "public-territories", "path": "/opt/output_data/postgres/public-territories/2025-07-01/file.csv", "keys": ["territory_id"], "delimiter": ",", "encoding": "utf-8"}, {"entity": "public-region", "path": "/opt/output_data/postgres/public-region/2025-07-01/file.csv", "keys": ["region_id"], "delimiter": ",", "encoding": "utf-8"}, {"entity": "public-shippers", "path": "/opt/output_data/postgres/public-shippers/2025-07-01/file.csv", "keys": ["shipper_id"], "delimiter": ",", "encoding": "utf-8"}, {"entity": "public-us_states", "path": "/opt/output_data/postgres/public-us_states/2025-07-01/file.csv", "keys": ["state_id"], "delimiter": ",", "encoding": "utf-8"}]}
[2025-07-01T14:58:03.487+0000] {taskinstance.py:1138} INFO - Marking task as SUCCESS. dag_id=northwind, task_id=gerar_config_csv_dinamica, execution_date=20250701T145727, start_date=20250701T145756, end_date=20250701T145803
[2025-07-01T14:58:03.520+0000] {local_task_job_runner.py:234} INFO - Task exited with return code 0
[2025-07-01T14:58:03.540+0000] {taskinstance.py:3280} INFO - 1 downstream tasks scheduled from follow-on schedule check
