[2025-07-01T20:11:35.117+0000] {taskinstance.py:1956} INFO - Dependencies all met for dep_context=non-requeueable deps ti=<TaskInstance: northwind.extração_csv manual__2025-07-01T20:11:11.240416+00:00 [queued]>
[2025-07-01T20:11:35.125+0000] {taskinstance.py:1956} INFO - Dependencies all met for dep_context=requeueable deps ti=<TaskInstance: northwind.extração_csv manual__2025-07-01T20:11:11.240416+00:00 [queued]>
[2025-07-01T20:11:35.125+0000] {taskinstance.py:2170} INFO - Starting attempt 1 of 2
[2025-07-01T20:11:35.136+0000] {taskinstance.py:2191} INFO - Executing <Task(DockerOperator): extração_csv> on 2025-07-01 20:11:11.240416+00:00
[2025-07-01T20:11:35.141+0000] {standard_task_runner.py:60} INFO - Started process 187 to run task
[2025-07-01T20:11:35.144+0000] {standard_task_runner.py:87} INFO - Running: ['***', 'tasks', 'run', 'northwind', 'extração_csv', 'manual__2025-07-01T20:11:11.240416+00:00', '--job-id', '3', '--raw', '--subdir', 'DAGS_FOLDER/northwind.py', '--cfg-path', '/tmp/tmpjskozvo3']
[2025-07-01T20:11:35.146+0000] {standard_task_runner.py:88} INFO - Job 3: Subtask extração_csv
[2025-07-01T20:11:35.189+0000] {task_command.py:423} INFO - Running <TaskInstance: northwind.extração_csv manual__2025-07-01T20:11:11.240416+00:00 [running]> on host ba7982ddf433
[2025-07-01T20:11:35.256+0000] {taskinstance.py:2480} INFO - Exporting env vars: AIRFLOW_CTX_DAG_EMAIL='lrbf@cin.ufpe.br' AIRFLOW_CTX_DAG_OWNER='***' AIRFLOW_CTX_DAG_ID='northwind' AIRFLOW_CTX_TASK_ID='extração_csv' AIRFLOW_CTX_EXECUTION_DATE='2025-07-01T20:11:11.240416+00:00' AIRFLOW_CTX_TRY_NUMBER='1' AIRFLOW_CTX_DAG_RUN_ID='manual__2025-07-01T20:11:11.240416+00:00'
[2025-07-01T20:11:35.303+0000] {docker.py:359} INFO - Starting docker container from image meltano:latest
[2025-07-01T20:11:35.540+0000] {docker.py:429} INFO - Running meltano install...
[2025-07-01T20:11:36.721+0000] {docker.py:429} INFO - [2m2025-07-01T20:11:36.720757Z[0m [[32m[1minfo     [0m] [1mInstalling 7 plugins          [0m
[2025-07-01T20:11:36.734+0000] {docker.py:429} INFO - [2m2025-07-01T20:11:36.734243Z[0m [[32m[1minfo     [0m] [1mInstalling extractor 'tap-postgres'[0m
[2025-07-01T20:11:36.755+0000] {docker.py:429} INFO - [2m2025-07-01T20:11:36.754271Z[0m [[32m[1minfo     [0m] [1mInstalling extractor 'tap-csv'[0m
[2025-07-01T20:11:36.774+0000] {docker.py:429} INFO - [2m2025-07-01T20:11:36.773669Z[0m [[32m[1minfo     [0m] [1mInstalling extractor 'tap-csv-latest'[0m
[2025-07-01T20:11:36.801+0000] {docker.py:429} INFO - [2m2025-07-01T20:11:36.800176Z[0m [[32m[1minfo     [0m] [1mInstalling loader 'target-postgres'[0m
[2025-07-01T20:11:36.835+0000] {docker.py:429} INFO - [2m2025-07-01T20:11:36.834641Z[0m [[32m[1minfo     [0m] [1mInstalling loader 'target-csv'[0m
[2025-07-01T20:11:36.875+0000] {docker.py:429} INFO - [2m2025-07-01T20:11:36.874327Z[0m [[32m[1minfo     [0m] [1mInstalling loader 'target-csv-postgres'[0m
[2025-07-01T20:11:36.919+0000] {docker.py:429} INFO - [2m2025-07-01T20:11:36.916241Z[0m [[32m[1minfo     [0m] [1mInstalling loader 'target-csv-csv'[0m
[2025-07-01T20:11:38.173+0000] {docker.py:429} INFO - [2m2025-07-01T20:11:38.172690Z[0m [[32m[1minfo     [0m] [1mInstalled extractor 'tap-postgres'[0m
[2025-07-01T20:11:38.235+0000] {docker.py:429} INFO - [2m2025-07-01T20:11:38.235171Z[0m [[32m[1minfo     [0m] [1mInstalled loader 'target-postgres'[0m
[2025-07-01T20:11:43.245+0000] {docker.py:429} INFO - [2m2025-07-01T20:11:43.244490Z[0m [[32m[1minfo     [0m] [1mInstalled extractor 'tap-csv-latest'[0m
[2025-07-01T20:11:43.251+0000] {docker.py:429} INFO - [2m2025-07-01T20:11:43.250859Z[0m [[32m[1minfo     [0m] [1mInstalled extractor 'tap-csv' [0m
[2025-07-01T20:11:43.596+0000] {docker.py:429} INFO - [2m2025-07-01T20:11:43.595455Z[0m [[32m[1minfo     [0m] [1mInstalled loader 'target-csv' [0m
[2025-07-01T20:11:44.366+0000] {docker.py:429} INFO - [2m2025-07-01T20:11:44.365684Z[0m [[32m[1minfo     [0m] [1mInstalled loader 'target-csv-postgres'[0m
[2025-07-01T20:11:44.430+0000] {docker.py:429} INFO - [2m2025-07-01T20:11:44.429885Z[0m [[32m[1minfo     [0m] [1mInstalled loader 'target-csv-csv'[0m
[2m2025-07-01T20:11:44.430165Z[0m [[32m[1minfo     [0m] [1mInstalled 7/7 plugins         [0m
[2025-07-01T20:11:45.264+0000] {docker.py:429} INFO - Meltano install completed. Executing command: meltano el tap-csv target-csv-csv
[2025-07-01T20:11:46.194+0000] {docker.py:429} INFO - [2m2025-07-01T20:11:46.193747Z[0m [[32m[1minfo     [0m] [1mEnvironment 'dev' is active   [0m
[2025-07-01T20:11:46.490+0000] {docker.py:429} INFO - [2m2025-07-01T20:11:46.489549Z[0m [[32m[1minfo     [0m] [1mRunning extract & load...     [0m [36mname[0m=[35mmeltano[0m [36mrun_id[0m=[35m06140184-7c12-449e-9e8b-c1149bc1456f[0m [36mstate_id[0m=[35m2025-07-01T201146--tap-csv--target-csv-csv[0m
[2025-07-01T20:11:47.578+0000] {docker.py:429} INFO - [2m2025-07-01T20:11:47.577783Z[0m [[32m[1minfo     [0m] [1mINFO Sending version information to singer.io. To disable sending anonymous usage data, set the config parameter "disable_collection" to true[0m [36mcmd_type[0m=[35mloader[0m [36mname[0m=[35mtarget-csv-csv[0m [36mrun_id[0m=[35m06140184-7c12-449e-9e8b-c1149bc1456f[0m [36mstate_id[0m=[35m2025-07-01T201146--tap-csv--target-csv-csv[0m [36mstdio[0m=[35mstderr[0m
[2025-07-01T20:11:47.761+0000] {docker.py:429} INFO - [2m2025-07-01T20:11:47.761220Z[0m [[32m[1minfo     [0m] [1m/opt/meltano/.meltano/extractors/tap-csv/venv/lib/python3.9/site-packages/singer_sdk/tap_base.py:516: SingerSDKDeprecationWarning: Passing a catalog file path is deprecated. Please pass the catalog as a dictionary or Catalog object instead.[0m [36mcmd_type[0m=[35mextractor[0m [36mname[0m=[35mtap-csv[0m [36mrun_id[0m=[35m06140184-7c12-449e-9e8b-c1149bc1456f[0m [36mstate_id[0m=[35m2025-07-01T201146--tap-csv--target-csv-csv[0m [36mstdio[0m=[35mstderr[0m
[2m2025-07-01T20:11:47.761520Z[0m [[32m[1minfo     [0m] [1m  tap = cls(                  [0m [36mcmd_type[0m=[35mextractor[0m [36mname[0m=[35mtap-csv[0m [36mrun_id[0m=[35m06140184-7c12-449e-9e8b-c1149bc1456f[0m [36mstate_id[0m=[35m2025-07-01T201146--tap-csv--target-csv-csv[0m [36mstdio[0m=[35mstderr[0m
[2025-07-01T20:11:47.762+0000] {docker.py:429} INFO - [2m2025-07-01T20:11:47.761675Z[0m [[32m[1minfo     [0m] [1m                              [0m [36mcmd_type[0m=[35mextractor[0m [36mname[0m=[35mtap-csv[0m [36mrun_id[0m=[35m06140184-7c12-449e-9e8b-c1149bc1456f[0m [36mstate_id[0m=[35m2025-07-01T201146--tap-csv--target-csv-csv[0m [36mstdio[0m=[35mstderr[0m
[2025-07-01T20:11:47.762+0000] {docker.py:429} INFO - [2m2025-07-01T20:11:47.761985Z[0m [[32m[1minfo     [0m] [1mBeginning full_table sync of 'order_details'...[0m [36mcmd_type[0m=[35mextractor[0m [36mname[0m=[35mtap-csv[0m [36mrun_id[0m=[35m06140184-7c12-449e-9e8b-c1149bc1456f[0m [36mstate_id[0m=[35m2025-07-01T201146--tap-csv--target-csv-csv[0m [36mstdio[0m=[35mstderr[0m
[2m2025-07-01T20:11:47.762152Z[0m [[32m[1minfo     [0m] [1mTap has custom mapper. Using 1 provided map(s).[0m [36mcmd_type[0m=[35mextractor[0m [36mname[0m=[35mtap-csv[0m [36mrun_id[0m=[35m06140184-7c12-449e-9e8b-c1149bc1456f[0m [36mstate_id[0m=[35m2025-07-01T201146--tap-csv--target-csv-csv[0m [36mstdio[0m=[35mstderr[0m
[2025-07-01T20:11:47.882+0000] {docker.py:429} INFO - [2m2025-07-01T20:11:47.882061Z[0m [[32m[1minfo     [0m] [1mMETRIC: {"type": "timer", "metric": "sync_duration", "value": 0.12019681930541992, "tags": {"stream": "order_details", "pid": 176, "context": {}, "status": "succeeded"}}[0m [36mcmd_type[0m=[35mextractor[0m [36mname[0m=[35mtap-csv[0m [36mrun_id[0m=[35m06140184-7c12-449e-9e8b-c1149bc1456f[0m [36mstate_id[0m=[35m2025-07-01T201146--tap-csv--target-csv-csv[0m [36mstdio[0m=[35mstderr[0m
[2025-07-01T20:11:47.883+0000] {docker.py:429} INFO - [2m2025-07-01T20:11:47.882401Z[0m [[32m[1minfo     [0m] [1mMETRIC: {"type": "counter", "metric": "record_count", "value": 2155, "tags": {"stream": "order_details", "pid": 176, "context": {}}}[0m [36mcmd_type[0m=[35mextractor[0m [36mname[0m=[35mtap-csv[0m [36mrun_id[0m=[35m06140184-7c12-449e-9e8b-c1149bc1456f[0m [36mstate_id[0m=[35m2025-07-01T201146--tap-csv--target-csv-csv[0m [36mstdio[0m=[35mstderr[0m
[2025-07-01T20:11:47.963+0000] {docker.py:429} INFO - [2m2025-07-01T20:11:47.962637Z[0m [[32m[1minfo     [0m] [1mUsing systemdb state backend  [0m
[2025-07-01T20:11:47.975+0000] {docker.py:429} INFO - [2m2025-07-01T20:11:47.975260Z[0m [[32m[1minfo     [0m] [1mIncremental state has been updated at 2025-07-01 20:11:47.975227+00:00.[0m
[2025-07-01T20:11:47.976+0000] {docker.py:429} INFO - [2m2025-07-01T20:11:47.976207Z[0m [[32m[1minfo     [0m] [1mExtract & load complete!      [0m [36mname[0m=[35mmeltano[0m [36mrun_id[0m=[35m06140184-7c12-449e-9e8b-c1149bc1456f[0m [36mstate_id[0m=[35m2025-07-01T201146--tap-csv--target-csv-csv[0m
[2m2025-07-01T20:11:47.976412Z[0m [[32m[1minfo     [0m] [1mTransformation skipped.       [0m [36mname[0m=[35mmeltano[0m [36mrun_id[0m=[35m06140184-7c12-449e-9e8b-c1149bc1456f[0m [36mstate_id[0m=[35m2025-07-01T201146--tap-csv--target-csv-csv[0m
[2025-07-01T20:11:49.322+0000] {taskinstance.py:1138} INFO - Marking task as SUCCESS. dag_id=northwind, task_id=extração_csv, execution_date=20250701T201111, start_date=20250701T201135, end_date=20250701T201149
[2025-07-01T20:11:49.377+0000] {local_task_job_runner.py:234} INFO - Task exited with return code 0
[2025-07-01T20:11:49.437+0000] {taskinstance.py:3280} INFO - 1 downstream tasks scheduled from follow-on schedule check
