[2025-06-25T23:23:11.128+0000] {taskinstance.py:1956} INFO - Dependencies all met for dep_context=non-requeueable deps ti=<TaskInstance: northwind.extração_csv manual__2025-06-25T23:22:17.909284+00:00 [queued]>
[2025-06-25T23:23:11.203+0000] {taskinstance.py:1956} INFO - Dependencies all met for dep_context=requeueable deps ti=<TaskInstance: northwind.extração_csv manual__2025-06-25T23:22:17.909284+00:00 [queued]>
[2025-06-25T23:23:11.205+0000] {taskinstance.py:2170} INFO - Starting attempt 1 of 2
[2025-06-25T23:23:11.286+0000] {taskinstance.py:2191} INFO - Executing <Task(DockerOperator): extração_csv> on 2025-06-25 23:22:17.909284+00:00
[2025-06-25T23:23:11.295+0000] {standard_task_runner.py:60} INFO - Started process 241 to run task
[2025-06-25T23:23:11.304+0000] {standard_task_runner.py:87} INFO - Running: ['***', 'tasks', 'run', 'northwind', 'extração_csv', 'manual__2025-06-25T23:22:17.909284+00:00', '--job-id', '244', '--raw', '--subdir', 'DAGS_FOLDER/dag.py', '--cfg-path', '/tmp/tmpokf313oh']
[2025-06-25T23:23:11.308+0000] {standard_task_runner.py:88} INFO - Job 244: Subtask extração_csv
[2025-06-25T23:23:11.500+0000] {task_command.py:423} INFO - Running <TaskInstance: northwind.extração_csv manual__2025-06-25T23:22:17.909284+00:00 [running]> on host 6afc1f3750fb
[2025-06-25T23:23:11.623+0000] {taskinstance.py:2480} INFO - Exporting env vars: AIRFLOW_CTX_DAG_EMAIL='lrbf@cin.ufpe.br' AIRFLOW_CTX_DAG_OWNER='***' AIRFLOW_CTX_DAG_ID='northwind' AIRFLOW_CTX_TASK_ID='extração_csv' AIRFLOW_CTX_EXECUTION_DATE='2025-06-25T23:22:17.909284+00:00' AIRFLOW_CTX_TRY_NUMBER='1' AIRFLOW_CTX_DAG_RUN_ID='manual__2025-06-25T23:22:17.909284+00:00'
[2025-06-25T23:23:11.958+0000] {docker.py:359} INFO - Starting docker container from image meltano:latest
[2025-06-25T23:23:11.966+0000] {docker.py:367} WARNING - Using remote engine or docker-in-docker and mounting temporary volume from host is not supported. Falling back to `mount_tmp_dir=False` mode. You can set `mount_tmp_dir` parameter to False to disable mounting and remove the warning
[2025-06-25T23:23:10.324+0000] {docker.py:429} INFO - Running meltano install...
[2025-06-25T23:23:12.549+0000] {docker.py:429} INFO - [2m2025-06-25T23:23:12.548431Z[0m [[32m[1minfo     [0m] [1mInstalling 7 plugins          [0m
[2025-06-25T23:23:12.573+0000] {docker.py:429} INFO - [2m2025-06-25T23:23:12.571925Z[0m [[32m[1minfo     [0m] [1mInstalling extractor 'tap-postgres'[0m
[2025-06-25T23:23:12.606+0000] {docker.py:429} INFO - [2m2025-06-25T23:23:12.605291Z[0m [[32m[1minfo     [0m] [1mInstalling extractor 'tap-csv'[0m
[2025-06-25T23:23:12.639+0000] {docker.py:429} INFO - [2m2025-06-25T23:23:12.638755Z[0m [[32m[1minfo     [0m] [1mInstalling extractor 'tap-csv-latest'[0m
[2025-06-25T23:23:12.686+0000] {docker.py:429} INFO - [2m2025-06-25T23:23:12.682481Z[0m [[32m[1minfo     [0m] [1mInstalling loader 'target-postgres'[0m
[2025-06-25T23:23:12.784+0000] {docker.py:429} INFO - [2m2025-06-25T23:23:12.779307Z[0m [[32m[1minfo     [0m] [1mInstalling loader 'target-csv'[0m
[2025-06-25T23:23:12.892+0000] {docker.py:429} INFO - [2m2025-06-25T23:23:12.891032Z[0m [[32m[1minfo     [0m] [1mInstalling loader 'target-csv-postgres'[0m
[2025-06-25T23:23:13.005+0000] {docker.py:429} INFO - [2m2025-06-25T23:23:12.999307Z[0m [[32m[1minfo     [0m] [1mInstalling loader 'target-csv-csv'[0m
[2025-06-25T23:23:26.130+0000] {docker.py:429} INFO - [2m2025-06-25T23:23:25.993301Z[0m [[32m[1minfo     [0m] [1mInstalled extractor 'tap-postgres'[0m
[2025-06-25T23:23:26.235+0000] {docker.py:429} INFO - [2m2025-06-25T23:23:26.071088Z[0m [[32m[1minfo     [0m] [1mInstalled loader 'target-postgres'[0m
[2025-06-25T23:23:33.523+0000] {docker.py:429} INFO - [2m2025-06-25T23:23:33.522457Z[0m [[32m[1minfo     [0m] [1mInstalled extractor 'tap-csv' [0m
[2025-06-25T23:23:33.527+0000] {docker.py:429} INFO - [2m2025-06-25T23:23:33.526412Z[0m [[32m[1minfo     [0m] [1mInstalled extractor 'tap-csv-latest'[0m
[2025-06-25T23:23:35.094+0000] {docker.py:429} INFO - [2m2025-06-25T23:23:35.093324Z[0m [[32m[1minfo     [0m] [1mInstalled loader 'target-csv' [0m
[2025-06-25T23:23:35.257+0000] {docker.py:429} INFO - [2m2025-06-25T23:23:35.256818Z[0m [[32m[1minfo     [0m] [1mInstalled loader 'target-csv-csv'[0m
[2025-06-25T23:23:35.546+0000] {docker.py:429} INFO - [2m2025-06-25T23:23:35.545345Z[0m [[32m[1minfo     [0m] [1mInstalled loader 'target-csv-postgres'[0m
[2025-06-25T23:23:35.551+0000] {docker.py:429} INFO - [2m2025-06-25T23:23:35.547949Z[0m [[32m[1minfo     [0m] [1mInstalled 7/7 plugins         [0m
[2025-06-25T23:23:36.704+0000] {docker.py:429} INFO - Meltano install completed. Executing command: meltano el tap-csv target-csv-csv
[2025-06-25T23:23:38.683+0000] {docker.py:429} INFO - [2m2025-06-25T23:23:38.682102Z[0m [[32m[1minfo     [0m] [1mEnvironment 'dev' is active   [0m
[2025-06-25T23:23:39.634+0000] {docker.py:429} INFO - [2m2025-06-25T23:23:39.633409Z[0m [[32m[1minfo     [0m] [1mRunning extract & load...     [0m [36mname[0m=[35mmeltano[0m [36mrun_id[0m=[35m82a0a022-c1a7-4c89-a7a8-96e44e24329a[0m [36mstate_id[0m=[35m2025-06-25T232339--tap-csv--target-csv-csv[0m
[2025-06-25T23:23:41.190+0000] {docker.py:429} INFO - [2m2025-06-25T23:23:41.189566Z[0m [[32m[1minfo     [0m] [1mINFO Sending version information to singer.io. To disable sending anonymous usage data, set the config parameter "disable_collection" to true[0m [36mcmd_type[0m=[35mloader[0m [36mname[0m=[35mtarget-csv-csv[0m [36mrun_id[0m=[35m82a0a022-c1a7-4c89-a7a8-96e44e24329a[0m [36mstate_id[0m=[35m2025-06-25T232339--tap-csv--target-csv-csv[0m [36mstdio[0m=[35mstderr[0m
[2025-06-25T23:23:41.559+0000] {docker.py:429} INFO - [2m2025-06-25T23:23:41.558388Z[0m [[32m[1minfo     [0m] [1mBeginning full_table sync of 'order_details'...[0m [36mcmd_type[0m=[35mextractor[0m [36mname[0m=[35mtap-csv[0m [36mrun_id[0m=[35m82a0a022-c1a7-4c89-a7a8-96e44e24329a[0m [36mstate_id[0m=[35m2025-06-25T232339--tap-csv--target-csv-csv[0m [36mstdio[0m=[35mstderr[0m
[2025-06-25T23:23:41.559+0000] {docker.py:429} INFO - [2m2025-06-25T23:23:41.558720Z[0m [[32m[1minfo     [0m] [1mTap has custom mapper. Using 1 provided map(s).[0m [36mcmd_type[0m=[35mextractor[0m [36mname[0m=[35mtap-csv[0m [36mrun_id[0m=[35m82a0a022-c1a7-4c89-a7a8-96e44e24329a[0m [36mstate_id[0m=[35m2025-06-25T232339--tap-csv--target-csv-csv[0m [36mstdio[0m=[35mstderr[0m
[2025-06-25T23:23:41.827+0000] {docker.py:429} INFO - [2m2025-06-25T23:23:41.826246Z[0m [[32m[1minfo     [0m] [1mMETRIC: {"type": "timer", "metric": "sync_duration", "value": 0.267258882522583, "tags": {"stream": "order_details", "pid": 175, "context": {}, "status": "succeeded"}}[0m [36mcmd_type[0m=[35mextractor[0m [36mname[0m=[35mtap-csv[0m [36mrun_id[0m=[35m82a0a022-c1a7-4c89-a7a8-96e44e24329a[0m [36mstate_id[0m=[35m2025-06-25T232339--tap-csv--target-csv-csv[0m [36mstdio[0m=[35mstderr[0m
[2025-06-25T23:23:41.828+0000] {docker.py:429} INFO - [2m2025-06-25T23:23:41.826900Z[0m [[32m[1minfo     [0m] [1mMETRIC: {"type": "counter", "metric": "record_count", "value": 2155, "tags": {"stream": "order_details", "pid": 175, "context": {}}}[0m [36mcmd_type[0m=[35mextractor[0m [36mname[0m=[35mtap-csv[0m [36mrun_id[0m=[35m82a0a022-c1a7-4c89-a7a8-96e44e24329a[0m [36mstate_id[0m=[35m2025-06-25T232339--tap-csv--target-csv-csv[0m [36mstdio[0m=[35mstderr[0m
[2025-06-25T23:23:41.999+0000] {docker.py:429} INFO - [2m2025-06-25T23:23:41.996860Z[0m [[32m[1minfo     [0m] [1mUsing systemdb state backend  [0m
[2025-06-25T23:23:42.020+0000] {docker.py:429} INFO - [2m2025-06-25T23:23:42.019711Z[0m [[32m[1minfo     [0m] [1mIncremental state has been updated at 2025-06-25 23:23:42.019652+00:00.[0m
[2025-06-25T23:23:42.027+0000] {docker.py:429} INFO - [2m2025-06-25T23:23:42.026338Z[0m [[32m[1minfo     [0m] [1mExtract & load complete!      [0m [36mname[0m=[35mmeltano[0m [36mrun_id[0m=[35m82a0a022-c1a7-4c89-a7a8-96e44e24329a[0m [36mstate_id[0m=[35m2025-06-25T232339--tap-csv--target-csv-csv[0m
[2025-06-25T23:23:42.028+0000] {docker.py:429} INFO - [2m2025-06-25T23:23:42.026799Z[0m [[32m[1minfo     [0m] [1mTransformation skipped.       [0m [36mname[0m=[35mmeltano[0m [36mrun_id[0m=[35m82a0a022-c1a7-4c89-a7a8-96e44e24329a[0m [36mstate_id[0m=[35m2025-06-25T232339--tap-csv--target-csv-csv[0m
[2025-06-25T23:23:41.290+0000] {taskinstance.py:1138} INFO - Marking task as SUCCESS. dag_id=northwind, task_id=extração_csv, execution_date=20250625T232217, start_date=20250625T232311, end_date=20250625T232341
[2025-06-25T23:23:41.366+0000] {local_task_job_runner.py:234} INFO - Task exited with return code 0
[2025-06-25T23:23:41.470+0000] {taskinstance.py:3280} INFO - 2 downstream tasks scheduled from follow-on schedule check
