[2025-07-01T21:53:22.508+0000] {taskinstance.py:1956} INFO - Dependencies all met for dep_context=non-requeueable deps ti=<TaskInstance: northwind.carregamento_postgres manual__2025-07-01T21:52:34.958775+00:00 [queued]>
[2025-07-01T21:53:22.515+0000] {taskinstance.py:1956} INFO - Dependencies all met for dep_context=requeueable deps ti=<TaskInstance: northwind.carregamento_postgres manual__2025-07-01T21:52:34.958775+00:00 [queued]>
[2025-07-01T21:53:22.515+0000] {taskinstance.py:2170} INFO - Starting attempt 1 of 2
[2025-07-01T21:53:22.525+0000] {taskinstance.py:2191} INFO - Executing <Task(DockerOperator): carregamento_postgres> on 2025-07-01 21:52:34.958775+00:00
[2025-07-01T21:53:22.529+0000] {standard_task_runner.py:60} INFO - Started process 186 to run task
[2025-07-01T21:53:22.532+0000] {standard_task_runner.py:87} INFO - Running: ['***', 'tasks', 'run', 'northwind', 'carregamento_postgres', 'manual__2025-07-01T21:52:34.958775+00:00', '--job-id', '11', '--raw', '--subdir', 'DAGS_FOLDER/northwind.py', '--cfg-path', '/tmp/tmpgf52p49l']
[2025-07-01T21:53:22.534+0000] {standard_task_runner.py:88} INFO - Job 11: Subtask carregamento_postgres
[2025-07-01T21:53:22.574+0000] {task_command.py:423} INFO - Running <TaskInstance: northwind.carregamento_postgres manual__2025-07-01T21:52:34.958775+00:00 [running]> on host e62fc41f1c39
[2025-07-01T21:53:22.637+0000] {taskinstance.py:2480} INFO - Exporting env vars: AIRFLOW_CTX_DAG_EMAIL='lrbf@cin.ufpe.br' AIRFLOW_CTX_DAG_OWNER='***' AIRFLOW_CTX_DAG_ID='northwind' AIRFLOW_CTX_TASK_ID='carregamento_postgres' AIRFLOW_CTX_EXECUTION_DATE='2025-07-01T21:52:34.958775+00:00' AIRFLOW_CTX_TRY_NUMBER='1' AIRFLOW_CTX_DAG_RUN_ID='manual__2025-07-01T21:52:34.958775+00:00'
[2025-07-01T21:53:22.683+0000] {docker.py:359} INFO - Starting docker container from image meltano:latest
[2025-07-01T21:53:22.929+0000] {docker.py:429} INFO - Running meltano install...
[2025-07-01T21:53:24.013+0000] {docker.py:429} INFO - [2m2025-07-01T21:53:24.012672Z[0m [[32m[1minfo     [0m] [1mInstalling 7 plugins          [0m
[2025-07-01T21:53:24.027+0000] {docker.py:429} INFO - [2m2025-07-01T21:53:24.026735Z[0m [[32m[1minfo     [0m] [1mInstalling extractor 'tap-postgres'[0m
[2025-07-01T21:53:24.058+0000] {docker.py:429} INFO - [2m2025-07-01T21:53:24.057599Z[0m [[32m[1minfo     [0m] [1mInstalling extractor 'tap-csv'[0m
[2025-07-01T21:53:24.090+0000] {docker.py:429} INFO - [2m2025-07-01T21:53:24.089056Z[0m [[32m[1minfo     [0m] [1mInstalling extractor 'tap-csv-latest'[0m
[2025-07-01T21:53:24.121+0000] {docker.py:429} INFO - [2m2025-07-01T21:53:24.120572Z[0m [[32m[1minfo     [0m] [1mInstalling loader 'target-postgres'[0m
[2025-07-01T21:53:24.165+0000] {docker.py:429} INFO - [2m2025-07-01T21:53:24.162584Z[0m [[32m[1minfo     [0m] [1mInstalling loader 'target-csv'[0m
[2025-07-01T21:53:24.215+0000] {docker.py:429} INFO - [2m2025-07-01T21:53:24.213860Z[0m [[32m[1minfo     [0m] [1mInstalling loader 'target-csv-postgres'[0m
[2025-07-01T21:53:24.262+0000] {docker.py:429} INFO - [2m2025-07-01T21:53:24.257908Z[0m [[32m[1minfo     [0m] [1mInstalling loader 'target-csv-csv'[0m
[2025-07-01T21:53:25.362+0000] {docker.py:429} INFO - [2m2025-07-01T21:53:25.361388Z[0m [[32m[1minfo     [0m] [1mInstalled extractor 'tap-postgres'[0m
[2025-07-01T21:53:25.418+0000] {docker.py:429} INFO - [2m2025-07-01T21:53:25.418114Z[0m [[32m[1minfo     [0m] [1mInstalled loader 'target-postgres'[0m
[2025-07-01T21:53:31.046+0000] {docker.py:429} INFO - [2m2025-07-01T21:53:31.045235Z[0m [[32m[1minfo     [0m] [1mInstalled extractor 'tap-csv' [0m
[2025-07-01T21:53:31.484+0000] {docker.py:429} INFO - [2m2025-07-01T21:53:31.484110Z[0m [[32m[1minfo     [0m] [1mInstalled extractor 'tap-csv-latest'[0m
[2025-07-01T21:53:32.815+0000] {docker.py:429} INFO - [2m2025-07-01T21:53:32.814230Z[0m [[32m[1minfo     [0m] [1mInstalled loader 'target-csv' [0m
[2025-07-01T21:53:32.861+0000] {docker.py:429} INFO - [2m2025-07-01T21:53:32.860642Z[0m [[32m[1minfo     [0m] [1mInstalled loader 'target-csv-csv'[0m
[2025-07-01T21:53:33.019+0000] {docker.py:429} INFO - [2m2025-07-01T21:53:33.018682Z[0m [[32m[1minfo     [0m] [1mInstalled loader 'target-csv-postgres'[0m
[2025-07-01T21:53:33.019+0000] {docker.py:429} INFO - [2m2025-07-01T21:53:33.019051Z[0m [[32m[1minfo     [0m] [1mInstalled 7/7 plugins         [0m
[2025-07-01T21:53:33.812+0000] {docker.py:429} INFO - Meltano install completed. Executing command: meltano config tap-csv-latest set csv_files_definition /opt/meltano/config/tap-csv-latest.json && meltano el tap-csv-latest target-postgres
[2025-07-01T21:53:34.683+0000] {docker.py:429} INFO - [2m2025-07-01T21:53:34.683145Z[0m [[32m[1minfo     [0m] [1mThe default environment 'dev' will be ignored for `meltano config`. To configure a specific environment, please use the option `--environment=<environment name>`.[0m
[2025-07-01T21:53:34.820+0000] {docker.py:429} INFO - [2m2025-07-01T21:53:34.819724Z[0m [[33m[1mwarning  [0m] [1m/venv/lib/python3.9/site-packages/meltano/cli/interactive/config.py:403: RuntimeWarning: Unknown setting 'csv_files_definition./opt/meltano/config/tap-csv-latest.json.&&.meltano.el.tap-csv-latest'
  value, metadata = settings.set_with_metadata(
[0m
[2025-07-01T21:53:34.820+0000] {docker.py:429} INFO - Need help fixing this problem? Visit http://melta.no/ for troubleshooting steps, or to
join our friendly Slack community.

string indices must be integers
[2025-07-01T21:53:35.748+0000] {taskinstance.py:2698} ERROR - Task failed with exception
Traceback (most recent call last):
  File "/home/airflow/.local/lib/python3.10/site-packages/airflow/models/taskinstance.py", line 433, in _execute_task
    result = execute_callable(context=context, **execute_callable_kwargs)
  File "/home/airflow/.local/lib/python3.10/site-packages/airflow/providers/docker/operators/docker.py", line 502, in execute
    return self._run_image()
  File "/home/airflow/.local/lib/python3.10/site-packages/airflow/providers/docker/operators/docker.py", line 376, in _run_image
    return self._run_image_with_mounts(self.mounts, add_tmp_variable=False)
  File "/home/airflow/.local/lib/python3.10/site-packages/airflow/providers/docker/operators/docker.py", line 437, in _run_image_with_mounts
    raise DockerContainerFailedException(f"Docker container failed: {result!r}", logs=log_lines)
airflow.providers.docker.exceptions.DockerContainerFailedException: Docker container failed: {'StatusCode': 1}
[2025-07-01T21:53:35.751+0000] {taskinstance.py:1138} INFO - Marking task as UP_FOR_RETRY. dag_id=northwind, task_id=carregamento_postgres, execution_date=20250701T215234, start_date=20250701T215322, end_date=20250701T215335
[2025-07-01T21:53:35.764+0000] {standard_task_runner.py:107} ERROR - Failed to execute job 11 for task carregamento_postgres (Docker container failed: {'StatusCode': 1}; 186)
[2025-07-01T21:53:35.792+0000] {local_task_job_runner.py:234} INFO - Task exited with return code 1
[2025-07-01T21:53:35.804+0000] {taskinstance.py:3280} INFO - 0 downstream tasks scheduled from follow-on schedule check
