[2025-06-24T19:54:45.337+0000] {taskinstance.py:1956} INFO - Dependencies all met for dep_context=non-requeueable deps ti=<TaskInstance: northwind.carregamento_postgres manual__2025-06-24T19:48:36.653715+00:00 [queued]>
[2025-06-24T19:54:45.359+0000] {taskinstance.py:1956} INFO - Dependencies all met for dep_context=requeueable deps ti=<TaskInstance: northwind.carregamento_postgres manual__2025-06-24T19:48:36.653715+00:00 [queued]>
[2025-06-24T19:54:45.360+0000] {taskinstance.py:2170} INFO - Starting attempt 2 of 2
[2025-06-24T19:54:45.397+0000] {taskinstance.py:2191} INFO - Executing <Task(DockerOperator): carregamento_postgres> on 2025-06-24 19:48:36.653715+00:00
[2025-06-24T19:54:45.411+0000] {standard_task_runner.py:60} INFO - Started process 255 to run task
[2025-06-24T19:54:45.415+0000] {standard_task_runner.py:87} INFO - Running: ['***', 'tasks', 'run', 'northwind', 'carregamento_postgres', 'manual__2025-06-24T19:48:36.653715+00:00', '--job-id', '92', '--raw', '--subdir', 'DAGS_FOLDER/dag.py', '--cfg-path', '/tmp/tmp40ttmprm']
[2025-06-24T19:54:45.419+0000] {standard_task_runner.py:88} INFO - Job 92: Subtask carregamento_postgres
[2025-06-24T19:54:45.496+0000] {task_command.py:423} INFO - Running <TaskInstance: northwind.carregamento_postgres manual__2025-06-24T19:48:36.653715+00:00 [running]> on host 2f206bf85820
[2025-06-24T19:54:45.613+0000] {taskinstance.py:2480} INFO - Exporting env vars: AIRFLOW_CTX_DAG_EMAIL='lrbf@cin.ufpe.br' AIRFLOW_CTX_DAG_OWNER='***' AIRFLOW_CTX_DAG_ID='northwind' AIRFLOW_CTX_TASK_ID='carregamento_postgres' AIRFLOW_CTX_EXECUTION_DATE='2025-06-24T19:48:36.653715+00:00' AIRFLOW_CTX_TRY_NUMBER='2' AIRFLOW_CTX_DAG_RUN_ID='manual__2025-06-24T19:48:36.653715+00:00'
[2025-06-24T19:54:45.968+0000] {docker.py:359} INFO - Starting docker container from image meltano:latest
[2025-06-24T19:54:47.630+0000] {docker.py:429} INFO - Running meltano install...
[2025-06-24T19:54:51.397+0000] {docker.py:429} INFO - [2m2025-06-24T19:54:51.395988Z[0m [[32m[1minfo     [0m] [1mInstalling 7 plugins          [0m
[2025-06-24T19:54:51.409+0000] {docker.py:429} INFO - [2m2025-06-24T19:54:51.408991Z[0m [[32m[1minfo     [0m] [1mInstalling extractor 'tap-postgres'[0m
[2025-06-24T19:54:51.427+0000] {docker.py:429} INFO - [2m2025-06-24T19:54:51.427116Z[0m [[32m[1minfo     [0m] [1mInstalling extractor 'tap-csv'[0m
[2025-06-24T19:54:51.443+0000] {docker.py:429} INFO - [2m2025-06-24T19:54:51.443185Z[0m [[32m[1minfo     [0m] [1mInstalling extractor 'tap-csv-latest'[0m
[2025-06-24T19:54:51.462+0000] {docker.py:429} INFO - [2m2025-06-24T19:54:51.461817Z[0m [[32m[1minfo     [0m] [1mInstalling loader 'target-postgres'[0m
[2025-06-24T19:54:51.495+0000] {docker.py:429} INFO - [2m2025-06-24T19:54:51.494213Z[0m [[32m[1minfo     [0m] [1mInstalling loader 'target-csv'[0m
[2025-06-24T19:54:51.526+0000] {docker.py:429} INFO - [2m2025-06-24T19:54:51.525062Z[0m [[32m[1minfo     [0m] [1mInstalling loader 'target-csv-postgres'[0m
[2025-06-24T19:54:51.563+0000] {docker.py:429} INFO - [2m2025-06-24T19:54:51.561471Z[0m [[32m[1minfo     [0m] [1mInstalling loader 'target-csv-csv'[0m
[2025-06-24T19:54:57.170+0000] {docker.py:429} INFO - [2m2025-06-24T19:54:57.168736Z[0m [[32m[1minfo     [0m] [1mInstalled extractor 'tap-postgres'[0m
[2025-06-24T19:54:57.173+0000] {docker.py:429} INFO - [2m2025-06-24T19:54:57.171486Z[0m [[32m[1minfo     [0m] [1mInstalled loader 'target-postgres'[0m
[2025-06-24T19:55:01.706+0000] {docker.py:429} INFO - [2m2025-06-24T19:55:01.705092Z[0m [[32m[1minfo     [0m] [1mInstalled extractor 'tap-csv' [0m
[2025-06-24T19:55:01.742+0000] {docker.py:429} INFO - [2m2025-06-24T19:55:01.742006Z[0m [[32m[1minfo     [0m] [1mInstalled extractor 'tap-csv-latest'[0m
[2025-06-24T19:55:01.891+0000] {docker.py:429} INFO - [2m2025-06-24T19:55:01.890444Z[0m [[32m[1minfo     [0m] [1mInstalled loader 'target-csv' [0m
[2025-06-24T19:55:02.044+0000] {docker.py:429} INFO - [2m2025-06-24T19:55:02.043605Z[0m [[32m[1minfo     [0m] [1mInstalled loader 'target-csv-postgres'[0m
[2025-06-24T19:55:03.157+0000] {docker.py:429} INFO - [2m2025-06-24T19:55:03.156691Z[0m [[32m[1minfo     [0m] [1mInstalled loader 'target-csv-csv'[0m
[2025-06-24T19:55:03.158+0000] {docker.py:429} INFO - [2m2025-06-24T19:55:03.157214Z[0m [[32m[1minfo     [0m] [1mInstalled 7/7 plugins         [0m
[2025-06-24T19:55:04.533+0000] {docker.py:429} INFO - Meltano install completed. Executing command: meltano el tap-csv-latest target-postgres
[2025-06-24T19:55:06.053+0000] {docker.py:429} INFO - [2m2025-06-24T19:55:06.052476Z[0m [[32m[1minfo     [0m] [1mEnvironment 'dev' is active   [0m
[2025-06-24T19:55:06.521+0000] {docker.py:429} INFO - [2m2025-06-24T19:55:06.521162Z[0m [[32m[1minfo     [0m] [1mRunning extract & load...     [0m [36mname[0m=[35mmeltano[0m [36mrun_id[0m=[35mf2c1f9c0-fca2-4aa7-a6b2-654ccced6526[0m [36mstate_id[0m=[35m2025-06-24T195506--tap-csv-latest--target-postgres[0m
[2025-06-24T19:55:07.404+0000] {docker.py:429} INFO - [2m2025-06-24T19:55:07.403968Z[0m [[32m[1minfo     [0m] [1mTraceback (most recent call last):[0m [36mcmd_type[0m=[35mextractor[0m [36mname[0m=[35mtap-csv-latest[0m [36mrun_id[0m=[35mf2c1f9c0-fca2-4aa7-a6b2-654ccced6526[0m [36mstate_id[0m=[35m2025-06-24T195506--tap-csv-latest--target-postgres[0m [36mstdio[0m=[35mstderr[0m
[2025-06-24T19:55:07.405+0000] {docker.py:429} INFO - [2m2025-06-24T19:55:07.404471Z[0m [[32m[1minfo     [0m] [1m  File "/opt/meltano/.meltano/extractors/tap-csv-latest/venv/bin/tap-csv", line 8, in <module>[0m [36mcmd_type[0m=[35mextractor[0m [36mname[0m=[35mtap-csv-latest[0m [36mrun_id[0m=[35mf2c1f9c0-fca2-4aa7-a6b2-654ccced6526[0m [36mstate_id[0m=[35m2025-06-24T195506--tap-csv-latest--target-postgres[0m [36mstdio[0m=[35mstderr[0m
[2025-06-24T19:55:07.406+0000] {docker.py:429} INFO - [2m2025-06-24T19:55:07.404853Z[0m [[32m[1minfo     [0m] [1m    sys.exit(TapCSV.cli())    [0m [36mcmd_type[0m=[35mextractor[0m [36mname[0m=[35mtap-csv-latest[0m [36mrun_id[0m=[35mf2c1f9c0-fca2-4aa7-a6b2-654ccced6526[0m [36mstate_id[0m=[35m2025-06-24T195506--tap-csv-latest--target-postgres[0m [36mstdio[0m=[35mstderr[0m
[2025-06-24T19:55:07.407+0000] {docker.py:429} INFO - [2m2025-06-24T19:55:07.405230Z[0m [[32m[1minfo     [0m] [1m  File "/opt/meltano/.meltano/extractors/tap-csv-latest/venv/lib/python3.10/site-packages/click/core.py", line 1442, in __call__[0m [36mcmd_type[0m=[35mextractor[0m [36mname[0m=[35mtap-csv-latest[0m [36mrun_id[0m=[35mf2c1f9c0-fca2-4aa7-a6b2-654ccced6526[0m [36mstate_id[0m=[35m2025-06-24T195506--tap-csv-latest--target-postgres[0m [36mstdio[0m=[35mstderr[0m
[2025-06-24T19:55:07.409+0000] {docker.py:429} INFO - [2m2025-06-24T19:55:07.405794Z[0m [[32m[1minfo     [0m] [1m    return self.main(*args, **kwargs)[0m [36mcmd_type[0m=[35mextractor[0m [36mname[0m=[35mtap-csv-latest[0m [36mrun_id[0m=[35mf2c1f9c0-fca2-4aa7-a6b2-654ccced6526[0m [36mstate_id[0m=[35m2025-06-24T195506--tap-csv-latest--target-postgres[0m [36mstdio[0m=[35mstderr[0m
[2025-06-24T19:55:07.410+0000] {docker.py:429} INFO - [2m2025-06-24T19:55:07.406308Z[0m [[32m[1minfo     [0m] [1m  File "/opt/meltano/.meltano/extractors/tap-csv-latest/venv/lib/python3.10/site-packages/click/core.py", line 1363, in main[0m [36mcmd_type[0m=[35mextractor[0m [36mname[0m=[35mtap-csv-latest[0m [36mrun_id[0m=[35mf2c1f9c0-fca2-4aa7-a6b2-654ccced6526[0m [36mstate_id[0m=[35m2025-06-24T195506--tap-csv-latest--target-postgres[0m [36mstdio[0m=[35mstderr[0m
[2025-06-24T19:55:07.412+0000] {docker.py:429} INFO - [2m2025-06-24T19:55:07.406883Z[0m [[32m[1minfo     [0m] [1m    rv = self.invoke(ctx)     [0m [36mcmd_type[0m=[35mextractor[0m [36mname[0m=[35mtap-csv-latest[0m [36mrun_id[0m=[35mf2c1f9c0-fca2-4aa7-a6b2-654ccced6526[0m [36mstate_id[0m=[35m2025-06-24T195506--tap-csv-latest--target-postgres[0m [36mstdio[0m=[35mstderr[0m
[2025-06-24T19:55:07.412+0000] {docker.py:429} INFO - [2m2025-06-24T19:55:07.407280Z[0m [[32m[1minfo     [0m] [1m  File "/opt/meltano/.meltano/extractors/tap-csv-latest/venv/lib/python3.10/site-packages/singer_sdk/plugin_base.py", line 92, in invoke[0m [36mcmd_type[0m=[35mextractor[0m [36mname[0m=[35mtap-csv-latest[0m [36mrun_id[0m=[35mf2c1f9c0-fca2-4aa7-a6b2-654ccced6526[0m [36mstate_id[0m=[35m2025-06-24T195506--tap-csv-latest--target-postgres[0m [36mstdio[0m=[35mstderr[0m
[2025-06-24T19:55:07.414+0000] {docker.py:429} INFO - [2m2025-06-24T19:55:07.407902Z[0m [[32m[1minfo     [0m] [1m    return super().invoke(ctx)[0m [36mcmd_type[0m=[35mextractor[0m [36mname[0m=[35mtap-csv-latest[0m [36mrun_id[0m=[35mf2c1f9c0-fca2-4aa7-a6b2-654ccced6526[0m [36mstate_id[0m=[35m2025-06-24T195506--tap-csv-latest--target-postgres[0m [36mstdio[0m=[35mstderr[0m
[2025-06-24T19:55:07.414+0000] {docker.py:429} INFO - [2m2025-06-24T19:55:07.408349Z[0m [[32m[1minfo     [0m] [1m  File "/opt/meltano/.meltano/extractors/tap-csv-latest/venv/lib/python3.10/site-packages/click/core.py", line 1226, in invoke[0m [36mcmd_type[0m=[35mextractor[0m [36mname[0m=[35mtap-csv-latest[0m [36mrun_id[0m=[35mf2c1f9c0-fca2-4aa7-a6b2-654ccced6526[0m [36mstate_id[0m=[35m2025-06-24T195506--tap-csv-latest--target-postgres[0m [36mstdio[0m=[35mstderr[0m
[2025-06-24T19:55:07.415+0000] {docker.py:429} INFO - [2m2025-06-24T19:55:07.408729Z[0m [[32m[1minfo     [0m] [1m    return ctx.invoke(self.callback, **ctx.params)[0m [36mcmd_type[0m=[35mextractor[0m [36mname[0m=[35mtap-csv-latest[0m [36mrun_id[0m=[35mf2c1f9c0-fca2-4aa7-a6b2-654ccced6526[0m [36mstate_id[0m=[35m2025-06-24T195506--tap-csv-latest--target-postgres[0m [36mstdio[0m=[35mstderr[0m
[2025-06-24T19:55:07.416+0000] {docker.py:429} INFO - [2m2025-06-24T19:55:07.409123Z[0m [[32m[1minfo     [0m] [1m  File "/opt/meltano/.meltano/extractors/tap-csv-latest/venv/lib/python3.10/site-packages/click/core.py", line 794, in invoke[0m [36mcmd_type[0m=[35mextractor[0m [36mname[0m=[35mtap-csv-latest[0m [36mrun_id[0m=[35mf2c1f9c0-fca2-4aa7-a6b2-654ccced6526[0m [36mstate_id[0m=[35m2025-06-24T195506--tap-csv-latest--target-postgres[0m [36mstdio[0m=[35mstderr[0m
[2025-06-24T19:55:07.417+0000] {docker.py:429} INFO - [2m2025-06-24T19:55:07.409639Z[0m [[32m[1minfo     [0m] [1m    return callback(*args, **kwargs)[0m [36mcmd_type[0m=[35mextractor[0m [36mname[0m=[35mtap-csv-latest[0m [36mrun_id[0m=[35mf2c1f9c0-fca2-4aa7-a6b2-654ccced6526[0m [36mstate_id[0m=[35m2025-06-24T195506--tap-csv-latest--target-postgres[0m [36mstdio[0m=[35mstderr[0m
[2025-06-24T19:55:07.417+0000] {docker.py:429} INFO - [2m2025-06-24T19:55:07.410010Z[0m [[32m[1minfo     [0m] [1m  File "/opt/meltano/.meltano/extractors/tap-csv-latest/venv/lib/python3.10/site-packages/singer_sdk/tap_base.py", line 516, in invoke[0m [36mcmd_type[0m=[35mextractor[0m [36mname[0m=[35mtap-csv-latest[0m [36mrun_id[0m=[35mf2c1f9c0-fca2-4aa7-a6b2-654ccced6526[0m [36mstate_id[0m=[35m2025-06-24T195506--tap-csv-latest--target-postgres[0m [36mstdio[0m=[35mstderr[0m
[2025-06-24T19:55:07.417+0000] {docker.py:429} INFO - [2m2025-06-24T19:55:07.410342Z[0m [[32m[1minfo     [0m] [1m    tap = cls(                [0m [36mcmd_type[0m=[35mextractor[0m [36mname[0m=[35mtap-csv-latest[0m [36mrun_id[0m=[35mf2c1f9c0-fca2-4aa7-a6b2-654ccced6526[0m [36mstate_id[0m=[35m2025-06-24T195506--tap-csv-latest--target-postgres[0m [36mstdio[0m=[35mstderr[0m
[2025-06-24T19:55:07.418+0000] {docker.py:429} INFO - [2m2025-06-24T19:55:07.410698Z[0m [[32m[1minfo     [0m] [1m  File "/opt/meltano/.meltano/extractors/tap-csv-latest/venv/lib/python3.10/site-packages/singer_sdk/tap_base.py", line 118, in __init__[0m [36mcmd_type[0m=[35mextractor[0m [36mname[0m=[35mtap-csv-latest[0m [36mrun_id[0m=[35mf2c1f9c0-fca2-4aa7-a6b2-654ccced6526[0m [36mstate_id[0m=[35m2025-06-24T195506--tap-csv-latest--target-postgres[0m [36mstdio[0m=[35mstderr[0m
[2025-06-24T19:55:07.418+0000] {docker.py:429} INFO - [2m2025-06-24T19:55:07.411170Z[0m [[32m[1minfo     [0m] [1m    self.setup_mapper()       [0m [36mcmd_type[0m=[35mextractor[0m [36mname[0m=[35mtap-csv-latest[0m [36mrun_id[0m=[35mf2c1f9c0-fca2-4aa7-a6b2-654ccced6526[0m [36mstate_id[0m=[35m2025-06-24T195506--tap-csv-latest--target-postgres[0m [36mstdio[0m=[35mstderr[0m
[2025-06-24T19:55:07.419+0000] {docker.py:429} INFO - [2m2025-06-24T19:55:07.411637Z[0m [[32m[1minfo     [0m] [1m  File "/opt/meltano/.meltano/extractors/tap-csv-latest/venv/lib/python3.10/site-packages/singer_sdk/tap_base.py", line 194, in setup_mapper[0m [36mcmd_type[0m=[35mextractor[0m [36mname[0m=[35mtap-csv-latest[0m [36mrun_id[0m=[35mf2c1f9c0-fca2-4aa7-a6b2-654ccced6526[0m [36mstate_id[0m=[35m2025-06-24T195506--tap-csv-latest--target-postgres[0m [36mstdio[0m=[35mstderr[0m
[2025-06-24T19:55:07.419+0000] {docker.py:429} INFO - [2m2025-06-24T19:55:07.412057Z[0m [[32m[1minfo     [0m] [1m    self.mapper.register_raw_streams_from_catalog(self.catalog)[0m [36mcmd_type[0m=[35mextractor[0m [36mname[0m=[35mtap-csv-latest[0m [36mrun_id[0m=[35mf2c1f9c0-fca2-4aa7-a6b2-654ccced6526[0m [36mstate_id[0m=[35m2025-06-24T195506--tap-csv-latest--target-postgres[0m [36mstdio[0m=[35mstderr[0m
[2025-06-24T19:55:07.419+0000] {docker.py:429} INFO - [2m2025-06-24T19:55:07.412630Z[0m [[32m[1minfo     [0m] [1m  File "/opt/meltano/.meltano/extractors/tap-csv-latest/venv/lib/python3.10/site-packages/singer_sdk/tap_base.py", line 187, in catalog[0m [36mcmd_type[0m=[35mextractor[0m [36mname[0m=[35mtap-csv-latest[0m [36mrun_id[0m=[35mf2c1f9c0-fca2-4aa7-a6b2-654ccced6526[0m [36mstate_id[0m=[35m2025-06-24T195506--tap-csv-latest--target-postgres[0m [36mstdio[0m=[35mstderr[0m
[2025-06-24T19:55:07.420+0000] {docker.py:429} INFO - [2m2025-06-24T19:55:07.413390Z[0m [[32m[1minfo     [0m] [1m    self._catalog = self.input_catalog or self._singer_catalog[0m [36mcmd_type[0m=[35mextractor[0m [36mname[0m=[35mtap-csv-latest[0m [36mrun_id[0m=[35mf2c1f9c0-fca2-4aa7-a6b2-654ccced6526[0m [36mstate_id[0m=[35m2025-06-24T195506--tap-csv-latest--target-postgres[0m [36mstdio[0m=[35mstderr[0m
[2m2025-06-24T19:55:07.413895Z[0m [[32m[1minfo     [0m] [1m  File "/opt/meltano/.meltano/extractors/tap-csv-latest/venv/lib/python3.10/site-packages/singer_sdk/tap_base.py", line 340, in _singer_catalog[0m [36mcmd_type[0m=[35mextractor[0m [36mname[0m=[35mtap-csv-latest[0m [36mrun_id[0m=[35mf2c1f9c0-fca2-4aa7-a6b2-654ccced6526[0m [36mstate_id[0m=[35m2025-06-24T195506--tap-csv-latest--target-postgres[0m [36mstdio[0m=[35mstderr[0m
[2m2025-06-24T19:55:07.414320Z[0m [[32m[1minfo     [0m] [1m    for stream in self.streams.values()[0m [36mcmd_type[0m=[35mextractor[0m [36mname[0m=[35mtap-csv-latest[0m [36mrun_id[0m=[35mf2c1f9c0-fca2-4aa7-a6b2-654ccced6526[0m [36mstate_id[0m=[35m2025-06-24T195506--tap-csv-latest--target-postgres[0m [36mstdio[0m=[35mstderr[0m
[2m2025-06-24T19:55:07.414653Z[0m [[32m[1minfo     [0m] [1m  File "/opt/meltano/.meltano/extractors/tap-csv-latest/venv/lib/python3.10/site-packages/singer_sdk/tap_base.py", line 149, in streams[0m [36mcmd_type[0m=[35mextractor[0m [36mname[0m=[35mtap-csv-latest[0m [36mrun_id[0m=[35mf2c1f9c0-fca2-4aa7-a6b2-654ccced6526[0m [36mstate_id[0m=[35m2025-06-24T195506--tap-csv-latest--target-postgres[0m [36mstdio[0m=[35mstderr[0m
[2m2025-06-24T19:55:07.415006Z[0m [[32m[1minfo     [0m] [1m    for stream in self.load_streams():[0m [36mcmd_type[0m=[35mextractor[0m [36mname[0m=[35mtap-csv-latest[0m [36mrun_id[0m=[35mf2c1f9c0-fca2-4aa7-a6b2-654ccced6526[0m [36mstate_id[0m=[35m2025-06-24T195506--tap-csv-latest--target-postgres[0m [36mstdio[0m=[35mstderr[0m
[2025-06-24T19:55:07.420+0000] {docker.py:429} INFO - [2m2025-06-24T19:55:07.415746Z[0m [[32m[1minfo     [0m] [1m  File "/opt/meltano/.meltano/extractors/tap-csv-latest/venv/lib/python3.10/site-packages/singer_sdk/tap_base.py", line 373, in load_streams[0m [36mcmd_type[0m=[35mextractor[0m [36mname[0m=[35mtap-csv-latest[0m [36mrun_id[0m=[35mf2c1f9c0-fca2-4aa7-a6b2-654ccced6526[0m [36mstate_id[0m=[35m2025-06-24T195506--tap-csv-latest--target-postgres[0m [36mstdio[0m=[35mstderr[0m
[2025-06-24T19:55:07.421+0000] {docker.py:429} INFO - [2m2025-06-24T19:55:07.416470Z[0m [[32m[1minfo     [0m] [1m    for stream in self.discover_streams():[0m [36mcmd_type[0m=[35mextractor[0m [36mname[0m=[35mtap-csv-latest[0m [36mrun_id[0m=[35mf2c1f9c0-fca2-4aa7-a6b2-654ccced6526[0m [36mstate_id[0m=[35m2025-06-24T195506--tap-csv-latest--target-postgres[0m [36mstdio[0m=[35mstderr[0m
[2025-06-24T19:55:07.421+0000] {docker.py:429} INFO - [2m2025-06-24T19:55:07.417118Z[0m [[32m[1minfo     [0m] [1m  File "/opt/meltano/.meltano/extractors/tap-csv-latest/venv/lib/python3.10/site-packages/tap_csv/tap.py", line 89, in discover_streams[0m [36mcmd_type[0m=[35mextractor[0m [36mname[0m=[35mtap-csv-latest[0m [36mrun_id[0m=[35mf2c1f9c0-fca2-4aa7-a6b2-654ccced6526[0m [36mstate_id[0m=[35m2025-06-24T195506--tap-csv-latest--target-postgres[0m [36mstdio[0m=[35mstderr[0m
[2m2025-06-24T19:55:07.417531Z[0m [[32m[1minfo     [0m] [1m    return [                  [0m [36mcmd_type[0m=[35mextractor[0m [36mname[0m=[35mtap-csv-latest[0m [36mrun_id[0m=[35mf2c1f9c0-fca2-4aa7-a6b2-654ccced6526[0m [36mstate_id[0m=[35m2025-06-24T195506--tap-csv-latest--target-postgres[0m [36mstdio[0m=[35mstderr[0m
[2025-06-24T19:55:07.423+0000] {docker.py:429} INFO - [2m2025-06-24T19:55:07.418166Z[0m [[32m[1minfo     [0m] [1m  File "/opt/meltano/.meltano/extractors/tap-csv-latest/venv/lib/python3.10/site-packages/tap_csv/tap.py", line 92, in <listcomp>[0m [36mcmd_type[0m=[35mextractor[0m [36mname[0m=[35mtap-csv-latest[0m [36mrun_id[0m=[35mf2c1f9c0-fca2-4aa7-a6b2-654ccced6526[0m [36mstate_id[0m=[35m2025-06-24T195506--tap-csv-latest--target-postgres[0m [36mstdio[0m=[35mstderr[0m
[2025-06-24T19:55:07.423+0000] {docker.py:429} INFO - [2m2025-06-24T19:55:07.419008Z[0m [[32m[1minfo     [0m] [1m    name=file_config.get("entity"),[0m [36mcmd_type[0m=[35mextractor[0m [36mname[0m=[35mtap-csv-latest[0m [36mrun_id[0m=[35mf2c1f9c0-fca2-4aa7-a6b2-654ccced6526[0m [36mstate_id[0m=[35m2025-06-24T195506--tap-csv-latest--target-postgres[0m [36mstdio[0m=[35mstderr[0m
[2025-06-24T19:55:07.423+0000] {docker.py:429} INFO - [2m2025-06-24T19:55:07.420438Z[0m [[32m[1minfo     [0m] [1mAttributeError: 'str' object has no attribute 'get'[0m [36mcmd_type[0m=[35mextractor[0m [36mname[0m=[35mtap-csv-latest[0m [36mrun_id[0m=[35mf2c1f9c0-fca2-4aa7-a6b2-654ccced6526[0m [36mstate_id[0m=[35m2025-06-24T195506--tap-csv-latest--target-postgres[0m [36mstdio[0m=[35mstderr[0m
[2025-06-24T19:55:07.544+0000] {docker.py:429} INFO - [2m2025-06-24T19:55:07.543189Z[0m [[32m[1minfo     [0m] [1mtarget-postgres v0.4.3, Meltano SDK v0.47.2[0m [36mcmd_type[0m=[35mloader[0m [36mname[0m=[35mtarget-postgres[0m [36mrun_id[0m=[35mf2c1f9c0-fca2-4aa7-a6b2-654ccced6526[0m [36mstate_id[0m=[35m2025-06-24T195506--tap-csv-latest--target-postgres[0m [36mstdio[0m=[35mstderr[0m
[2m2025-06-24T19:55:07.543540Z[0m [[32m[1minfo     [0m] [1mSkipping parse of env var settings...[0m [36mcmd_type[0m=[35mloader[0m [36mname[0m=[35mtarget-postgres[0m [36mrun_id[0m=[35mf2c1f9c0-fca2-4aa7-a6b2-654ccced6526[0m [36mstate_id[0m=[35m2025-06-24T195506--tap-csv-latest--target-postgres[0m [36mstdio[0m=[35mstderr[0m
[2025-06-24T19:55:07.544+0000] {docker.py:429} INFO - [2m2025-06-24T19:55:07.543915Z[0m [[32m[1minfo     [0m] [1mTraceback (most recent call last):[0m [36mcmd_type[0m=[35mloader[0m [36mname[0m=[35mtarget-postgres[0m [36mrun_id[0m=[35mf2c1f9c0-fca2-4aa7-a6b2-654ccced6526[0m [36mstate_id[0m=[35m2025-06-24T195506--tap-csv-latest--target-postgres[0m [36mstdio[0m=[35mstderr[0m
[2025-06-24T19:55:07.545+0000] {docker.py:429} INFO - [2m2025-06-24T19:55:07.544192Z[0m [[32m[1minfo     [0m] [1m  File "/opt/meltano/.meltano/loaders/target-postgres/venv/bin/target-postgres", line 8, in <module>[0m [36mcmd_type[0m=[35mloader[0m [36mname[0m=[35mtarget-postgres[0m [36mrun_id[0m=[35mf2c1f9c0-fca2-4aa7-a6b2-654ccced6526[0m [36mstate_id[0m=[35m2025-06-24T195506--tap-csv-latest--target-postgres[0m [36mstdio[0m=[35mstderr[0m
[2025-06-24T19:55:07.545+0000] {docker.py:429} INFO - [2m2025-06-24T19:55:07.544452Z[0m [[32m[1minfo     [0m] [1m    sys.exit(TargetPostgres.cli())[0m [36mcmd_type[0m=[35mloader[0m [36mname[0m=[35mtarget-postgres[0m [36mrun_id[0m=[35mf2c1f9c0-fca2-4aa7-a6b2-654ccced6526[0m [36mstate_id[0m=[35m2025-06-24T195506--tap-csv-latest--target-postgres[0m [36mstdio[0m=[35mstderr[0m
[2025-06-24T19:55:07.545+0000] {docker.py:429} INFO - [2m2025-06-24T19:55:07.544687Z[0m [[32m[1minfo     [0m] [1m  File "/opt/meltano/.meltano/loaders/target-postgres/venv/lib/python3.10/site-packages/click/core.py", line 1442, in __call__[0m [36mcmd_type[0m=[35mloader[0m [36mname[0m=[35mtarget-postgres[0m [36mrun_id[0m=[35mf2c1f9c0-fca2-4aa7-a6b2-654ccced6526[0m [36mstate_id[0m=[35m2025-06-24T195506--tap-csv-latest--target-postgres[0m [36mstdio[0m=[35mstderr[0m
[2025-06-24T19:55:07.545+0000] {docker.py:429} INFO - [2m2025-06-24T19:55:07.545123Z[0m [[32m[1minfo     [0m] [1m    return self.main(*args, **kwargs)[0m [36mcmd_type[0m=[35mloader[0m [36mname[0m=[35mtarget-postgres[0m [36mrun_id[0m=[35mf2c1f9c0-fca2-4aa7-a6b2-654ccced6526[0m [36mstate_id[0m=[35m2025-06-24T195506--tap-csv-latest--target-postgres[0m [36mstdio[0m=[35mstderr[0m
[2025-06-24T19:55:07.546+0000] {docker.py:429} INFO - [2m2025-06-24T19:55:07.545535Z[0m [[32m[1minfo     [0m] [1m  File "/opt/meltano/.meltano/loaders/target-postgres/venv/lib/python3.10/site-packages/click/core.py", line 1363, in main[0m [36mcmd_type[0m=[35mloader[0m [36mname[0m=[35mtarget-postgres[0m [36mrun_id[0m=[35mf2c1f9c0-fca2-4aa7-a6b2-654ccced6526[0m [36mstate_id[0m=[35m2025-06-24T195506--tap-csv-latest--target-postgres[0m [36mstdio[0m=[35mstderr[0m
[2025-06-24T19:55:07.546+0000] {docker.py:429} INFO - [2m2025-06-24T19:55:07.545996Z[0m [[32m[1minfo     [0m] [1m    rv = self.invoke(ctx)     [0m [36mcmd_type[0m=[35mloader[0m [36mname[0m=[35mtarget-postgres[0m [36mrun_id[0m=[35mf2c1f9c0-fca2-4aa7-a6b2-654ccced6526[0m [36mstate_id[0m=[35m2025-06-24T195506--tap-csv-latest--target-postgres[0m [36mstdio[0m=[35mstderr[0m
[2025-06-24T19:55:07.546+0000] {docker.py:429} INFO - [2m2025-06-24T19:55:07.546285Z[0m [[32m[1minfo     [0m] [1m  File "/opt/meltano/.meltano/loaders/target-postgres/venv/lib/python3.10/site-packages/singer_sdk/plugin_base.py", line 97, in invoke[0m [36mcmd_type[0m=[35mloader[0m [36mname[0m=[35mtarget-postgres[0m [36mrun_id[0m=[35mf2c1f9c0-fca2-4aa7-a6b2-654ccced6526[0m [36mstate_id[0m=[35m2025-06-24T195506--tap-csv-latest--target-postgres[0m [36mstdio[0m=[35mstderr[0m
[2025-06-24T19:55:07.547+0000] {docker.py:429} INFO - [2m2025-06-24T19:55:07.546701Z[0m [[32m[1minfo     [0m] [1m    return super().invoke(ctx)[0m [36mcmd_type[0m=[35mloader[0m [36mname[0m=[35mtarget-postgres[0m [36mrun_id[0m=[35mf2c1f9c0-fca2-4aa7-a6b2-654ccced6526[0m [36mstate_id[0m=[35m2025-06-24T195506--tap-csv-latest--target-postgres[0m [36mstdio[0m=[35mstderr[0m
[2025-06-24T19:55:07.547+0000] {docker.py:429} INFO - [2m2025-06-24T19:55:07.547131Z[0m [[32m[1minfo     [0m] [1m  File "/opt/meltano/.meltano/loaders/target-postgres/venv/lib/python3.10/site-packages/click/core.py", line 1226, in invoke[0m [36mcmd_type[0m=[35mloader[0m [36mname[0m=[35mtarget-postgres[0m [36mrun_id[0m=[35mf2c1f9c0-fca2-4aa7-a6b2-654ccced6526[0m [36mstate_id[0m=[35m2025-06-24T195506--tap-csv-latest--target-postgres[0m [36mstdio[0m=[35mstderr[0m
[2025-06-24T19:55:07.549+0000] {docker.py:429} INFO - [2m2025-06-24T19:55:07.547822Z[0m [[32m[1minfo     [0m] [1m    return ctx.invoke(self.callback, **ctx.params)[0m [36mcmd_type[0m=[35mloader[0m [36mname[0m=[35mtarget-postgres[0m [36mrun_id[0m=[35mf2c1f9c0-fca2-4aa7-a6b2-654ccced6526[0m [36mstate_id[0m=[35m2025-06-24T195506--tap-csv-latest--target-postgres[0m [36mstdio[0m=[35mstderr[0m
[2025-06-24T19:55:07.550+0000] {docker.py:429} INFO - [2m2025-06-24T19:55:07.548288Z[0m [[32m[1minfo     [0m] [1m  File "/opt/meltano/.meltano/loaders/target-postgres/venv/lib/python3.10/site-packages/click/core.py", line 794, in invoke[0m [36mcmd_type[0m=[35mloader[0m [36mname[0m=[35mtarget-postgres[0m [36mrun_id[0m=[35mf2c1f9c0-fca2-4aa7-a6b2-654ccced6526[0m [36mstate_id[0m=[35m2025-06-24T195506--tap-csv-latest--target-postgres[0m [36mstdio[0m=[35mstderr[0m
[2025-06-24T19:55:07.550+0000] {docker.py:429} INFO - [2m2025-06-24T19:55:07.548721Z[0m [[32m[1minfo     [0m] [1m    return callback(*args, **kwargs)[0m [36mcmd_type[0m=[35mloader[0m [36mname[0m=[35mtarget-postgres[0m [36mrun_id[0m=[35mf2c1f9c0-fca2-4aa7-a6b2-654ccced6526[0m [36mstate_id[0m=[35m2025-06-24T195506--tap-csv-latest--target-postgres[0m [36mstdio[0m=[35mstderr[0m
[2025-06-24T19:55:07.550+0000] {docker.py:429} INFO - [2m2025-06-24T19:55:07.549137Z[0m [[32m[1minfo     [0m] [1m  File "/opt/meltano/.meltano/loaders/target-postgres/venv/lib/python3.10/site-packages/singer_sdk/target_base.py", line 583, in invoke[0m [36mcmd_type[0m=[35mloader[0m [36mname[0m=[35mtarget-postgres[0m [36mrun_id[0m=[35mf2c1f9c0-fca2-4aa7-a6b2-654ccced6526[0m [36mstate_id[0m=[35m2025-06-24T195506--tap-csv-latest--target-postgres[0m [36mstdio[0m=[35mstderr[0m
[2025-06-24T19:55:07.551+0000] {docker.py:429} INFO - [2m2025-06-24T19:55:07.549551Z[0m [[32m[1minfo     [0m] [1m    target = cls(             [0m [36mcmd_type[0m=[35mloader[0m [36mname[0m=[35mtarget-postgres[0m [36mrun_id[0m=[35mf2c1f9c0-fca2-4aa7-a6b2-654ccced6526[0m [36mstate_id[0m=[35m2025-06-24T195506--tap-csv-latest--target-postgres[0m [36mstdio[0m=[35mstderr[0m
[2025-06-24T19:55:07.551+0000] {docker.py:429} INFO - [2m2025-06-24T19:55:07.549800Z[0m [[32m[1minfo     [0m] [1m  File "/opt/meltano/.meltano/loaders/target-postgres/venv/lib/python3.10/site-packages/target_postgres/target.py", line 67, in __init__[0m [36mcmd_type[0m=[35mloader[0m [36mname[0m=[35mtarget-postgres[0m [36mrun_id[0m=[35mf2c1f9c0-fca2-4aa7-a6b2-654ccced6526[0m [36mstate_id[0m=[35m2025-06-24T195506--tap-csv-latest--target-postgres[0m [36mstdio[0m=[35mstderr[0m
[2025-06-24T19:55:07.552+0000] {docker.py:429} INFO - [2m2025-06-24T19:55:07.550379Z[0m [[32m[1minfo     [0m] [1m    and self.config.get("dialect+driver") is not None[0m [36mcmd_type[0m=[35mloader[0m [36mname[0m=[35mtarget-postgres[0m [36mrun_id[0m=[35mf2c1f9c0-fca2-4aa7-a6b2-654ccced6526[0m [36mstate_id[0m=[35m2025-06-24T195506--tap-csv-latest--target-postgres[0m [36mstdio[0m=[35mstderr[0m
[2025-06-24T19:55:07.552+0000] {docker.py:429} INFO - [2m2025-06-24T19:55:07.550937Z[0m [[32m[1minfo     [0m] [1mAssertionError: Need either the sqlalchemy_url to be set or host, port, user, password, and dialect+driver to be set[0m [36mcmd_type[0m=[35mloader[0m [36mname[0m=[35mtarget-postgres[0m [36mrun_id[0m=[35mf2c1f9c0-fca2-4aa7-a6b2-654ccced6526[0m [36mstate_id[0m=[35m2025-06-24T195506--tap-csv-latest--target-postgres[0m [36mstdio[0m=[35mstderr[0m
[2025-06-24T19:55:07.661+0000] {docker.py:429} INFO - [2m2025-06-24T19:55:07.660398Z[0m [[31m[1merror    [0m] [1mExtraction failed             [0m [36mcode[0m=[35m1[0m [36mmessage[0m=[35m"AttributeError: 'str' object has no attribute 'get'"[0m [36mname[0m=[35mmeltano[0m [36mrun_id[0m=[35mf2c1f9c0-fca2-4aa7-a6b2-654ccced6526[0m [36mstate_id[0m=[35m2025-06-24T195506--tap-csv-latest--target-postgres[0m
[2m2025-06-24T19:55:07.660703Z[0m [[31m[1merror    [0m] [1mLoading failed                [0m [36mcode[0m=[35m1[0m [36mmessage[0m=[35m'AssertionError: Need either the sqlalchemy_url to be set or host, port, user, password, and dialect+driver to be set'[0m [36mname[0m=[35mmeltano[0m [36mrun_id[0m=[35mf2c1f9c0-fca2-4aa7-a6b2-654ccced6526[0m [36mstate_id[0m=[35m2025-06-24T195506--tap-csv-latest--target-postgres[0m
[2025-06-24T19:55:07.661+0000] {docker.py:429} INFO - [2m2025-06-24T19:55:07.661377Z[0m [[32m[1minfo     [0m] [1mELT could not be completed: Extractor and loader failed.[0m [36mcmd_type[0m=[35melt[0m [36mname[0m=[35mmeltano[0m [36mrun_id[0m=[35mf2c1f9c0-fca2-4aa7-a6b2-654ccced6526[0m [36mstate_id[0m=[35m2025-06-24T195506--tap-csv-latest--target-postgres[0m [36mstdio[0m=[35mstderr[0m
[2025-06-24T19:55:07.662+0000] {docker.py:429} INFO - [2m2025-06-24T19:55:07.661676Z[0m [[32m[1minfo     [0m] [1mFor more detailed log messages re-run the command using 'meltano --log-level=debug ...' CLI flag.[0m [36mcmd_type[0m=[35melt[0m [36mname[0m=[35mmeltano[0m [36mrun_id[0m=[35mf2c1f9c0-fca2-4aa7-a6b2-654ccced6526[0m [36mstate_id[0m=[35m2025-06-24T195506--tap-csv-latest--target-postgres[0m [36mstdio[0m=[35mstderr[0m
[2025-06-24T19:55:07.662+0000] {docker.py:429} INFO - [2m2025-06-24T19:55:07.661911Z[0m [[32m[1minfo     [0m] [1mNote that you can also check the generated log file at '/opt/meltano/.meltano/logs/elt/2025-06-24T195506--tap-csv-latest--target-postgres/f2c1f9c0-fca2-4aa7-a6b2-654ccced6526/elt.log'.[0m [36mcmd_type[0m=[35melt[0m [36mname[0m=[35mmeltano[0m [36mrun_id[0m=[35mf2c1f9c0-fca2-4aa7-a6b2-654ccced6526[0m [36mstate_id[0m=[35m2025-06-24T195506--tap-csv-latest--target-postgres[0m [36mstdio[0m=[35mstderr[0m
[2025-06-24T19:55:07.662+0000] {docker.py:429} INFO - [2m2025-06-24T19:55:07.662185Z[0m [[32m[1minfo     [0m] [1mFor more information on debugging and logging: https://docs.meltano.com/reference/command-line-interface#debugging[0m [36mcmd_type[0m=[35melt[0m [36mname[0m=[35mmeltano[0m [36mrun_id[0m=[35mf2c1f9c0-fca2-4aa7-a6b2-654ccced6526[0m [36mstate_id[0m=[35m2025-06-24T195506--tap-csv-latest--target-postgres[0m [36mstdio[0m=[35mstderr[0m
[2025-06-24T19:55:07.678+0000] {docker.py:429} INFO - Need help fixing this problem? Visit http://melta.no/ for troubleshooting steps, or to
join our friendly Slack community.

ELT could not be completed: Extractor and loader failed.
For more detailed log messages re-run the command using 'meltano --log-level=debug ...' CLI flag.
Note that you can also check the generated log file at '/opt/meltano/.meltano/logs/elt/2025-06-24T195506--tap-csv-latest--target-postgres/f2c1f9c0-fca2-4aa7-a6b2-654ccced6526/elt.log'.
For more information on debugging and logging: https://docs.meltano.com/reference/command-line-interface#debugging
[2025-06-24T19:55:08.904+0000] {taskinstance.py:2698} ERROR - Task failed with exception
Traceback (most recent call last):
  File "/home/airflow/.local/lib/python3.10/site-packages/airflow/models/taskinstance.py", line 433, in _execute_task
    result = execute_callable(context=context, **execute_callable_kwargs)
  File "/home/airflow/.local/lib/python3.10/site-packages/airflow/providers/docker/operators/docker.py", line 502, in execute
    return self._run_image()
  File "/home/airflow/.local/lib/python3.10/site-packages/airflow/providers/docker/operators/docker.py", line 376, in _run_image
    return self._run_image_with_mounts(self.mounts, add_tmp_variable=False)
  File "/home/airflow/.local/lib/python3.10/site-packages/airflow/providers/docker/operators/docker.py", line 437, in _run_image_with_mounts
    raise DockerContainerFailedException(f"Docker container failed: {result!r}", logs=log_lines)
airflow.providers.docker.exceptions.DockerContainerFailedException: Docker container failed: {'StatusCode': 1}
[2025-06-24T19:55:08.910+0000] {taskinstance.py:1138} INFO - Marking task as FAILED. dag_id=northwind, task_id=carregamento_postgres, execution_date=20250624T194836, start_date=20250624T195445, end_date=20250624T195508
[2025-06-24T19:55:09.007+0000] {logging_mixin.py:188} WARNING - /home/***/.local/lib/python3.10/site-packages/***/utils/email.py:154 RemovedInAirflow3Warning: Fetching SMTP credentials from configuration variables will be deprecated in a future release. Please set credentials using a connection instead.
[2025-06-24T19:55:09.008+0000] {configuration.py:1046} WARNING - section/key [smtp/smtp_user] not found in config
[2025-06-24T19:55:09.009+0000] {email.py:270} INFO - Email alerting: attempt 1
[2025-06-24T19:55:09.022+0000] {configuration.py:1046} WARNING - section/key [smtp/smtp_user] not found in config
[2025-06-24T19:55:09.022+0000] {email.py:270} INFO - Email alerting: attempt 1
[2025-06-24T19:55:09.023+0000] {taskinstance.py:826} ERROR - Failed to send email to: ['lrbf@cin.ufpe.br']
Traceback (most recent call last):
  File "/home/airflow/.local/lib/python3.10/site-packages/airflow/models/taskinstance.py", line 2334, in _run_raw_task
    self._execute_task_with_callbacks(context, test_mode, session=session)
  File "/home/airflow/.local/lib/python3.10/site-packages/airflow/models/taskinstance.py", line 2499, in _execute_task_with_callbacks
    result = self._execute_task(context, task_orig)
  File "/home/airflow/.local/lib/python3.10/site-packages/airflow/models/taskinstance.py", line 2516, in _execute_task
    return _execute_task(self, context, task_orig)
  File "/home/airflow/.local/lib/python3.10/site-packages/airflow/models/taskinstance.py", line 433, in _execute_task
    result = execute_callable(context=context, **execute_callable_kwargs)
  File "/home/airflow/.local/lib/python3.10/site-packages/airflow/providers/docker/operators/docker.py", line 502, in execute
    return self._run_image()
  File "/home/airflow/.local/lib/python3.10/site-packages/airflow/providers/docker/operators/docker.py", line 376, in _run_image
    return self._run_image_with_mounts(self.mounts, add_tmp_variable=False)
  File "/home/airflow/.local/lib/python3.10/site-packages/airflow/providers/docker/operators/docker.py", line 437, in _run_image_with_mounts
    raise DockerContainerFailedException(f"Docker container failed: {result!r}", logs=log_lines)
airflow.providers.docker.exceptions.DockerContainerFailedException: Docker container failed: {'StatusCode': 1}

During handling of the above exception, another exception occurred:

Traceback (most recent call last):
  File "/home/airflow/.local/lib/python3.10/site-packages/airflow/models/taskinstance.py", line 1000, in _email_alert
    send_email(task.email, subject, html_content)
  File "/home/airflow/.local/lib/python3.10/site-packages/airflow/utils/email.py", line 80, in send_email
    return backend(
  File "/home/airflow/.local/lib/python3.10/site-packages/airflow/utils/email.py", line 154, in send_email_smtp
    send_mime_email(e_from=mail_from, e_to=recipients, mime_msg=msg, conn_id=conn_id, dryrun=dryrun)
  File "/home/airflow/.local/lib/python3.10/site-packages/airflow/utils/email.py", line 272, in send_mime_email
    smtp_conn = _get_smtp_connection(smtp_host, smtp_port, smtp_timeout, smtp_ssl)
  File "/home/airflow/.local/lib/python3.10/site-packages/airflow/utils/email.py", line 316, in _get_smtp_connection
    return smtplib.SMTP(host=host, port=port, timeout=timeout)
  File "/usr/local/lib/python3.10/smtplib.py", line 255, in __init__
    (code, msg) = self.connect(host, port)
  File "/usr/local/lib/python3.10/smtplib.py", line 341, in connect
    self.sock = self._get_socket(host, port, self.timeout)
  File "/usr/local/lib/python3.10/smtplib.py", line 312, in _get_socket
    return socket.create_connection((host, port), timeout,
  File "/usr/local/lib/python3.10/socket.py", line 845, in create_connection
    raise err
  File "/usr/local/lib/python3.10/socket.py", line 833, in create_connection
    sock.connect(sa)
ConnectionRefusedError: [Errno 111] Connection refused

During handling of the above exception, another exception occurred:

Traceback (most recent call last):
  File "/home/airflow/.local/lib/python3.10/site-packages/airflow/models/taskinstance.py", line 824, in _handle_failure
    task_instance.email_alert(error, failure_context["task"])
  File "/home/airflow/.local/lib/python3.10/site-packages/airflow/models/taskinstance.py", line 2946, in email_alert
    _email_alert(task_instance=self, exception=exception, task=task)
  File "/home/airflow/.local/lib/python3.10/site-packages/airflow/models/taskinstance.py", line 1002, in _email_alert
    send_email(task.email, subject, html_content_err)
  File "/home/airflow/.local/lib/python3.10/site-packages/airflow/utils/email.py", line 80, in send_email
    return backend(
  File "/home/airflow/.local/lib/python3.10/site-packages/airflow/utils/email.py", line 154, in send_email_smtp
    send_mime_email(e_from=mail_from, e_to=recipients, mime_msg=msg, conn_id=conn_id, dryrun=dryrun)
  File "/home/airflow/.local/lib/python3.10/site-packages/airflow/utils/email.py", line 272, in send_mime_email
    smtp_conn = _get_smtp_connection(smtp_host, smtp_port, smtp_timeout, smtp_ssl)
  File "/home/airflow/.local/lib/python3.10/site-packages/airflow/utils/email.py", line 316, in _get_smtp_connection
    return smtplib.SMTP(host=host, port=port, timeout=timeout)
  File "/usr/local/lib/python3.10/smtplib.py", line 255, in __init__
    (code, msg) = self.connect(host, port)
  File "/usr/local/lib/python3.10/smtplib.py", line 341, in connect
    self.sock = self._get_socket(host, port, self.timeout)
  File "/usr/local/lib/python3.10/smtplib.py", line 312, in _get_socket
    return socket.create_connection((host, port), timeout,
  File "/usr/local/lib/python3.10/socket.py", line 845, in create_connection
    raise err
  File "/usr/local/lib/python3.10/socket.py", line 833, in create_connection
    sock.connect(sa)
ConnectionRefusedError: [Errno 111] Connection refused
[2025-06-24T19:55:09.049+0000] {standard_task_runner.py:107} ERROR - Failed to execute job 92 for task carregamento_postgres (Docker container failed: {'StatusCode': 1}; 255)
[2025-06-24T19:55:09.076+0000] {local_task_job_runner.py:234} INFO - Task exited with return code 1
[2025-06-24T19:55:09.105+0000] {taskinstance.py:3280} INFO - 0 downstream tasks scheduled from follow-on schedule check
