[2025-07-01T12:46:58.637+0000] {taskinstance.py:1956} INFO - Dependencies all met for dep_context=non-requeueable deps ti=<TaskInstance: northwind.extração_csv manual__2025-07-01T12:46:33.097030+00:00 [queued]>
[2025-07-01T12:46:58.649+0000] {taskinstance.py:1956} INFO - Dependencies all met for dep_context=requeueable deps ti=<TaskInstance: northwind.extração_csv manual__2025-07-01T12:46:33.097030+00:00 [queued]>
[2025-07-01T12:46:58.650+0000] {taskinstance.py:2170} INFO - Starting attempt 1 of 2
[2025-07-01T12:46:58.667+0000] {taskinstance.py:2191} INFO - Executing <Task(DockerOperator): extração_csv> on 2025-07-01 12:46:33.097030+00:00
[2025-07-01T12:46:58.671+0000] {standard_task_runner.py:60} INFO - Started process 182 to run task
[2025-07-01T12:46:58.674+0000] {standard_task_runner.py:87} INFO - Running: ['***', 'tasks', 'run', 'northwind', 'extração_csv', 'manual__2025-07-01T12:46:33.097030+00:00', '--job-id', '29', '--raw', '--subdir', 'DAGS_FOLDER/dag.py', '--cfg-path', '/tmp/tmp_9rwncp3']
[2025-07-01T12:46:58.677+0000] {standard_task_runner.py:88} INFO - Job 29: Subtask extração_csv
[2025-07-01T12:46:58.725+0000] {task_command.py:423} INFO - Running <TaskInstance: northwind.extração_csv manual__2025-07-01T12:46:33.097030+00:00 [running]> on host b945f0fd27f1
[2025-07-01T12:46:58.804+0000] {taskinstance.py:2480} INFO - Exporting env vars: AIRFLOW_CTX_DAG_EMAIL='lrbf@cin.ufpe.br' AIRFLOW_CTX_DAG_OWNER='***' AIRFLOW_CTX_DAG_ID='northwind' AIRFLOW_CTX_TASK_ID='extração_csv' AIRFLOW_CTX_EXECUTION_DATE='2025-07-01T12:46:33.097030+00:00' AIRFLOW_CTX_TRY_NUMBER='1' AIRFLOW_CTX_DAG_RUN_ID='manual__2025-07-01T12:46:33.097030+00:00'
[2025-07-01T12:46:58.865+0000] {docker.py:359} INFO - Starting docker container from image meltano:latest
[2025-07-01T12:46:59.181+0000] {docker.py:429} INFO - Running meltano install...
[2025-07-01T12:47:00.530+0000] {docker.py:429} INFO - [2m2025-07-01T12:47:00.529772Z[0m [[32m[1minfo     [0m] [1mInstalling 7 plugins          [0m
[2025-07-01T12:47:00.544+0000] {docker.py:429} INFO - [2m2025-07-01T12:47:00.544122Z[0m [[32m[1minfo     [0m] [1mInstalling extractor 'tap-postgres'[0m
[2025-07-01T12:47:00.567+0000] {docker.py:429} INFO - [2m2025-07-01T12:47:00.566893Z[0m [[32m[1minfo     [0m] [1mInstalling extractor 'tap-csv'[0m
[2025-07-01T12:47:00.604+0000] {docker.py:429} INFO - [2m2025-07-01T12:47:00.603106Z[0m [[32m[1minfo     [0m] [1mInstalling extractor 'tap-csv-latest'[0m
[2025-07-01T12:47:00.643+0000] {docker.py:429} INFO - [2m2025-07-01T12:47:00.641656Z[0m [[32m[1minfo     [0m] [1mInstalling loader 'target-postgres'[0m
[2025-07-01T12:47:00.687+0000] {docker.py:429} INFO - [2m2025-07-01T12:47:00.686102Z[0m [[32m[1minfo     [0m] [1mInstalling loader 'target-csv'[0m
[2025-07-01T12:47:00.745+0000] {docker.py:429} INFO - [2m2025-07-01T12:47:00.742201Z[0m [[32m[1minfo     [0m] [1mInstalling loader 'target-csv-postgres'[0m
[2025-07-01T12:47:00.815+0000] {docker.py:429} INFO - [2m2025-07-01T12:47:00.814604Z[0m [[32m[1minfo     [0m] [1mInstalling loader 'target-csv-csv'[0m
[2025-07-01T12:47:01.845+0000] {docker.py:429} INFO - [2m2025-07-01T12:47:01.843731Z[0m [[32m[1minfo     [0m] [1mInstalled extractor 'tap-postgres'[0m
[2025-07-01T12:47:01.931+0000] {docker.py:429} INFO - [2m2025-07-01T12:47:01.930966Z[0m [[32m[1minfo     [0m] [1mInstalled loader 'target-postgres'[0m
[2025-07-01T12:47:08.462+0000] {docker.py:429} INFO - [2m2025-07-01T12:47:08.460139Z[0m [[32m[1minfo     [0m] [1mInstalled extractor 'tap-csv-latest'[0m
[2025-07-01T12:47:08.567+0000] {docker.py:429} INFO - [2m2025-07-01T12:47:08.566754Z[0m [[32m[1minfo     [0m] [1mInstalled extractor 'tap-csv' [0m
[2025-07-01T12:47:08.845+0000] {docker.py:429} INFO - [2m2025-07-01T12:47:08.842765Z[0m [[32m[1minfo     [0m] [1mInstalled loader 'target-csv' [0m
[2025-07-01T12:47:08.973+0000] {docker.py:429} INFO - [2m2025-07-01T12:47:08.972582Z[0m [[32m[1minfo     [0m] [1mInstalled loader 'target-csv-csv'[0m
[2025-07-01T12:47:09.018+0000] {docker.py:429} INFO - [2m2025-07-01T12:47:09.017679Z[0m [[32m[1minfo     [0m] [1mInstalled loader 'target-csv-postgres'[0m
[2025-07-01T12:47:09.019+0000] {docker.py:429} INFO - [2m2025-07-01T12:47:09.018248Z[0m [[32m[1minfo     [0m] [1mInstalled 7/7 plugins         [0m
[2025-07-01T12:47:09.959+0000] {docker.py:429} INFO - Meltano install completed. Executing command: meltano el tap-csv target-csv-csv
[2025-07-01T12:47:11.639+0000] {docker.py:429} INFO - [2m2025-07-01T12:47:11.638102Z[0m [[32m[1minfo     [0m] [1mEnvironment 'dev' is active   [0m
[2025-07-01T12:47:12.149+0000] {docker.py:429} INFO - [2m2025-07-01T12:47:12.148078Z[0m [[32m[1minfo     [0m] [1mRunning extract & load...     [0m [36mname[0m=[35mmeltano[0m [36mrun_id[0m=[35me1029589-9dab-4444-8b83-f5623f25c1d9[0m [36mstate_id[0m=[35m2025-07-01T124711--tap-csv--target-csv-csv[0m
[2025-07-01T12:47:13.813+0000] {docker.py:429} INFO - [2m2025-07-01T12:47:13.812208Z[0m [[32m[1minfo     [0m] [1mINFO Sending version information to singer.io. To disable sending anonymous usage data, set the config parameter "disable_collection" to true[0m [36mcmd_type[0m=[35mloader[0m [36mname[0m=[35mtarget-csv-csv[0m [36mrun_id[0m=[35me1029589-9dab-4444-8b83-f5623f25c1d9[0m [36mstate_id[0m=[35m2025-07-01T124711--tap-csv--target-csv-csv[0m [36mstdio[0m=[35mstderr[0m
[2025-07-01T12:47:14.048+0000] {docker.py:429} INFO - [2m2025-07-01T12:47:14.047354Z[0m [[32m[1minfo     [0m] [1m/opt/meltano/.meltano/extractors/tap-csv/venv/lib/python3.9/site-packages/singer_sdk/tap_base.py:516: SingerSDKDeprecationWarning: Passing a catalog file path is deprecated. Please pass the catalog as a dictionary or Catalog object instead.[0m [36mcmd_type[0m=[35mextractor[0m [36mname[0m=[35mtap-csv[0m [36mrun_id[0m=[35me1029589-9dab-4444-8b83-f5623f25c1d9[0m [36mstate_id[0m=[35m2025-07-01T124711--tap-csv--target-csv-csv[0m [36mstdio[0m=[35mstderr[0m
[2m2025-07-01T12:47:14.047705Z[0m [[32m[1minfo     [0m] [1m  tap = cls(                  [0m [36mcmd_type[0m=[35mextractor[0m [36mname[0m=[35mtap-csv[0m [36mrun_id[0m=[35me1029589-9dab-4444-8b83-f5623f25c1d9[0m [36mstate_id[0m=[35m2025-07-01T124711--tap-csv--target-csv-csv[0m [36mstdio[0m=[35mstderr[0m
[2025-07-01T12:47:14.048+0000] {docker.py:429} INFO - [2m2025-07-01T12:47:14.047903Z[0m [[32m[1minfo     [0m] [1m                              [0m [36mcmd_type[0m=[35mextractor[0m [36mname[0m=[35mtap-csv[0m [36mrun_id[0m=[35me1029589-9dab-4444-8b83-f5623f25c1d9[0m [36mstate_id[0m=[35m2025-07-01T124711--tap-csv--target-csv-csv[0m [36mstdio[0m=[35mstderr[0m
[2025-07-01T12:47:14.049+0000] {docker.py:429} INFO - [2m2025-07-01T12:47:14.048220Z[0m [[32m[1minfo     [0m] [1mBeginning full_table sync of 'order_details'...[0m [36mcmd_type[0m=[35mextractor[0m [36mname[0m=[35mtap-csv[0m [36mrun_id[0m=[35me1029589-9dab-4444-8b83-f5623f25c1d9[0m [36mstate_id[0m=[35m2025-07-01T124711--tap-csv--target-csv-csv[0m [36mstdio[0m=[35mstderr[0m
[2025-07-01T12:47:14.049+0000] {docker.py:429} INFO - [2m2025-07-01T12:47:14.048424Z[0m [[32m[1minfo     [0m] [1mTap has custom mapper. Using 1 provided map(s).[0m [36mcmd_type[0m=[35mextractor[0m [36mname[0m=[35mtap-csv[0m [36mrun_id[0m=[35me1029589-9dab-4444-8b83-f5623f25c1d9[0m [36mstate_id[0m=[35m2025-07-01T124711--tap-csv--target-csv-csv[0m [36mstdio[0m=[35mstderr[0m
[2025-07-01T12:47:14.213+0000] {docker.py:429} INFO - [2m2025-07-01T12:47:14.212386Z[0m [[32m[1minfo     [0m] [1mMETRIC: {"type": "timer", "metric": "sync_duration", "value": 0.16223359107971191, "tags": {"stream": "order_details", "pid": 176, "context": {}, "status": "succeeded"}}[0m [36mcmd_type[0m=[35mextractor[0m [36mname[0m=[35mtap-csv[0m [36mrun_id[0m=[35me1029589-9dab-4444-8b83-f5623f25c1d9[0m [36mstate_id[0m=[35m2025-07-01T124711--tap-csv--target-csv-csv[0m [36mstdio[0m=[35mstderr[0m
[2m2025-07-01T12:47:14.212955Z[0m [[32m[1minfo     [0m] [1mMETRIC: {"type": "counter", "metric": "record_count", "value": 2155, "tags": {"stream": "order_details", "pid": 176, "context": {}}}[0m [36mcmd_type[0m=[35mextractor[0m [36mname[0m=[35mtap-csv[0m [36mrun_id[0m=[35me1029589-9dab-4444-8b83-f5623f25c1d9[0m [36mstate_id[0m=[35m2025-07-01T124711--tap-csv--target-csv-csv[0m [36mstdio[0m=[35mstderr[0m
[2025-07-01T12:47:14.327+0000] {docker.py:429} INFO - [2m2025-07-01T12:47:14.326238Z[0m [[32m[1minfo     [0m] [1mUsing systemdb state backend  [0m
[2025-07-01T12:47:14.336+0000] {docker.py:429} INFO - [2m2025-07-01T12:47:14.335822Z[0m [[32m[1minfo     [0m] [1mIncremental state has been updated at 2025-07-01 12:47:14.335758+00:00.[0m
[2025-07-01T12:47:14.338+0000] {docker.py:429} INFO - [2m2025-07-01T12:47:14.337471Z[0m [[32m[1minfo     [0m] [1mExtract & load complete!      [0m [36mname[0m=[35mmeltano[0m [36mrun_id[0m=[35me1029589-9dab-4444-8b83-f5623f25c1d9[0m [36mstate_id[0m=[35m2025-07-01T124711--tap-csv--target-csv-csv[0m
[2025-07-01T12:47:14.338+0000] {docker.py:429} INFO - [2m2025-07-01T12:47:14.337794Z[0m [[32m[1minfo     [0m] [1mTransformation skipped.       [0m [36mname[0m=[35mmeltano[0m [36mrun_id[0m=[35me1029589-9dab-4444-8b83-f5623f25c1d9[0m [36mstate_id[0m=[35m2025-07-01T124711--tap-csv--target-csv-csv[0m
[2025-07-01T12:47:15.434+0000] {taskinstance.py:1138} INFO - Marking task as SUCCESS. dag_id=northwind, task_id=extração_csv, execution_date=20250701T124633, start_date=20250701T124658, end_date=20250701T124715
[2025-07-01T12:47:15.489+0000] {local_task_job_runner.py:234} INFO - Task exited with return code 0
[2025-07-01T12:47:15.513+0000] {taskinstance.py:3280} INFO - 1 downstream tasks scheduled from follow-on schedule check
