[2025-07-08T14:00:02.006+0000] {taskinstance.py:1956} INFO - Dependencies all met for dep_context=non-requeueable deps ti=<TaskInstance: northwind.gerar_config_csv_dinamica manual__2025-07-08T13:58:35.258092+00:00 [queued]>
[2025-07-08T14:00:02.028+0000] {taskinstance.py:1956} INFO - Dependencies all met for dep_context=requeueable deps ti=<TaskInstance: northwind.gerar_config_csv_dinamica manual__2025-07-08T13:58:35.258092+00:00 [queued]>
[2025-07-08T14:00:02.029+0000] {taskinstance.py:2170} INFO - Starting attempt 1 of 2
[2025-07-08T14:00:02.050+0000] {taskinstance.py:2191} INFO - Executing <Task(DockerOperator): gerar_config_csv_dinamica> on 2025-07-08 13:58:35.258092+00:00
[2025-07-08T14:00:02.057+0000] {standard_task_runner.py:60} INFO - Started process 239 to run task
[2025-07-08T14:00:02.064+0000] {standard_task_runner.py:87} INFO - Running: ['***', 'tasks', 'run', 'northwind', 'gerar_config_csv_dinamica', 'manual__2025-07-08T13:58:35.258092+00:00', '--job-id', '41', '--raw', '--subdir', 'DAGS_FOLDER/northwind.py', '--cfg-path', '/tmp/tmpdrgn0q_o']
[2025-07-08T14:00:02.068+0000] {standard_task_runner.py:88} INFO - Job 41: Subtask gerar_config_csv_dinamica
[2025-07-08T14:00:02.182+0000] {task_command.py:423} INFO - Running <TaskInstance: northwind.gerar_config_csv_dinamica manual__2025-07-08T13:58:35.258092+00:00 [running]> on host eee4e987cd13
[2025-07-08T14:00:02.395+0000] {taskinstance.py:2480} INFO - Exporting env vars: AIRFLOW_CTX_DAG_EMAIL='lrbf@cin.ufpe.br' AIRFLOW_CTX_DAG_OWNER='***' AIRFLOW_CTX_DAG_ID='northwind' AIRFLOW_CTX_TASK_ID='gerar_config_csv_dinamica' AIRFLOW_CTX_EXECUTION_DATE='2025-07-08T13:58:35.258092+00:00' AIRFLOW_CTX_TRY_NUMBER='1' AIRFLOW_CTX_DAG_RUN_ID='manual__2025-07-08T13:58:35.258092+00:00'
[2025-07-08T14:00:02.607+0000] {docker.py:359} INFO - Starting docker container from image meltano:latest
[2025-07-08T14:00:03.113+0000] {docker.py:429} INFO - Running meltano install...
[2025-07-08T14:00:06.367+0000] {docker.py:429} INFO - [2m2025-07-08T14:00:06.365820Z[0m [[32m[1minfo     [0m] [1mInstalling 7 plugins          [0m
[2025-07-08T14:00:06.396+0000] {docker.py:429} INFO - [2m2025-07-08T14:00:06.395923Z[0m [[32m[1minfo     [0m] [1mInstalling extractor 'tap-postgres'[0m
[2025-07-08T14:00:06.435+0000] {docker.py:429} INFO - [2m2025-07-08T14:00:06.434790Z[0m [[32m[1minfo     [0m] [1mInstalling extractor 'tap-csv'[0m
[2025-07-08T14:00:06.474+0000] {docker.py:429} INFO - [2m2025-07-08T14:00:06.473154Z[0m [[32m[1minfo     [0m] [1mInstalling extractor 'tap-csv-latest'[0m
[2025-07-08T14:00:06.524+0000] {docker.py:429} INFO - [2m2025-07-08T14:00:06.523244Z[0m [[32m[1minfo     [0m] [1mInstalling loader 'target-postgres'[0m
[2025-07-08T14:00:06.596+0000] {docker.py:429} INFO - [2m2025-07-08T14:00:06.594248Z[0m [[32m[1minfo     [0m] [1mInstalling loader 'target-csv'[0m
[2025-07-08T14:00:06.672+0000] {docker.py:429} INFO - [2m2025-07-08T14:00:06.671419Z[0m [[32m[1minfo     [0m] [1mInstalling loader 'target-csv-postgres'[0m
[2025-07-08T14:00:06.741+0000] {docker.py:429} INFO - [2m2025-07-08T14:00:06.739105Z[0m [[32m[1minfo     [0m] [1mInstalling loader 'target-csv-csv'[0m
[2025-07-08T14:00:09.470+0000] {docker.py:429} INFO - [2m2025-07-08T14:00:09.468659Z[0m [[32m[1minfo     [0m] [1mInstalled extractor 'tap-postgres'[0m
[2025-07-08T14:00:09.578+0000] {docker.py:429} INFO - [2m2025-07-08T14:00:09.577631Z[0m [[32m[1minfo     [0m] [1mInstalled loader 'target-postgres'[0m
[2025-07-08T14:00:14.862+0000] {docker.py:429} INFO - [2m2025-07-08T14:00:14.861093Z[0m [[32m[1minfo     [0m] [1mInstalled extractor 'tap-csv-latest'[0m
[2025-07-08T14:00:15.050+0000] {docker.py:429} INFO - [2m2025-07-08T14:00:15.049678Z[0m [[32m[1minfo     [0m] [1mInstalled extractor 'tap-csv' [0m
[2025-07-08T14:00:16.355+0000] {docker.py:429} INFO - [2m2025-07-08T14:00:16.353670Z[0m [[32m[1minfo     [0m] [1mInstalled loader 'target-csv-csv'[0m
[2025-07-08T14:00:16.455+0000] {docker.py:429} INFO - [2m2025-07-08T14:00:16.454041Z[0m [[32m[1minfo     [0m] [1mInstalled loader 'target-csv-postgres'[0m
[2025-07-08T14:00:17.208+0000] {docker.py:429} INFO - [2m2025-07-08T14:00:17.207737Z[0m [[32m[1minfo     [0m] [1mInstalled loader 'target-csv' [0m
[2025-07-08T14:00:17.209+0000] {docker.py:429} INFO - [2m2025-07-08T14:00:17.208518Z[0m [[32m[1minfo     [0m] [1mInstalled 7/7 plugins         [0m
[2025-07-08T14:00:18.408+0000] {docker.py:429} INFO - Meltano install completed. Executing command: python /opt/meltano/scripts/generate_csv_config.py
[2025-07-08T14:00:18.502+0000] {docker.py:429} INFO - [{"entity": "order_details", "path": "/opt/output_data/csv/order_details/2025-07-08/file.csv", "keys": ["order_id", "product_id"], "delimiter": ",", "encoding": "utf-8"}, {"entity": "public-categories", "path": "/opt/output_data/postgres/public-categories/2025-07-08/file.csv", "keys": ["category_id"], "delimiter": ",", "encoding": "utf-8"}, {"entity": "public-products", "path": "/opt/output_data/postgres/public-products/2025-07-08/file.csv", "keys": ["product_id"], "delimiter": ",", "encoding": "utf-8"}, {"entity": "public-suppliers", "path": "/opt/output_data/postgres/public-suppliers/2025-07-08/file.csv", "keys": ["supplier_id"], "delimiter": ",", "encoding": "utf-8"}, {"entity": "public-orders", "path": "/opt/output_data/postgres/public-orders/2025-07-08/file.csv", "keys": ["order_id"], "delimiter": ",", "encoding": "utf-8"}, {"entity": "public-customers", "path": "/opt/output_data/postgres/public-customers/2025-07-08/file.csv", "keys": ["customer_id"], "delimiter": ",", "encoding": "utf-8"}, {"entity": "public-employees", "path": "/opt/output_data/postgres/public-employees/2025-07-08/file.csv", "keys": ["employee_id"], "delimiter": ",", "encoding": "utf-8"}, {"entity": "public-employee_territories", "path": "/opt/output_data/postgres/public-employee_territories/2025-07-08/file.csv", "keys": ["employee_id", "territory_id"], "delimiter": ",", "encoding": "utf-8"}, {"entity": "public-territories", "path": "/opt/output_data/postgres/public-territories/2025-07-08/file.csv", "keys": ["territory_id"], "delimiter": ",", "encoding": "utf-8"}, {"entity": "public-region", "path": "/opt/output_data/postgres/public-region/2025-07-08/file.csv", "keys": ["region_id"], "delimiter": ",", "encoding": "utf-8"}, {"entity": "public-shippers", "path": "/opt/output_data/postgres/public-shippers/2025-07-08/file.csv", "keys": ["shipper_id"], "delimiter": ",", "encoding": "utf-8"}, {"entity": "public-us_states", "path": "/opt/output_data/postgres/public-us_states/2025-07-08/file.csv", "keys": ["state_id"], "delimiter": ",", "encoding": "utf-8"}]
[2025-07-08T14:00:18.897+0000] {taskinstance.py:1138} INFO - Marking task as SUCCESS. dag_id=northwind, task_id=gerar_config_csv_dinamica, execution_date=20250708T135835, start_date=20250708T140002, end_date=20250708T140018
[2025-07-08T14:00:18.962+0000] {local_task_job_runner.py:234} INFO - Task exited with return code 0
[2025-07-08T14:00:19.020+0000] {taskinstance.py:3280} INFO - 1 downstream tasks scheduled from follow-on schedule check
