[2025-07-01T13:52:59.816+0000] {taskinstance.py:1956} INFO - Dependencies all met for dep_context=non-requeueable deps ti=<TaskInstance: northwind.gerar_config_csv_dinamica manual__2025-07-01T13:52:17.328534+00:00 [queued]>
[2025-07-01T13:52:59.826+0000] {taskinstance.py:1956} INFO - Dependencies all met for dep_context=requeueable deps ti=<TaskInstance: northwind.gerar_config_csv_dinamica manual__2025-07-01T13:52:17.328534+00:00 [queued]>
[2025-07-01T13:52:59.826+0000] {taskinstance.py:2170} INFO - Starting attempt 1 of 2
[2025-07-01T13:52:59.842+0000] {taskinstance.py:2191} INFO - Executing <Task(DockerOperator): gerar_config_csv_dinamica> on 2025-07-01 13:52:17.328534+00:00
[2025-07-01T13:52:59.847+0000] {standard_task_runner.py:60} INFO - Started process 186 to run task
[2025-07-01T13:52:59.853+0000] {standard_task_runner.py:87} INFO - Running: ['***', 'tasks', 'run', 'northwind', 'gerar_config_csv_dinamica', 'manual__2025-07-01T13:52:17.328534+00:00', '--job-id', '65', '--raw', '--subdir', 'DAGS_FOLDER/dag.py', '--cfg-path', '/tmp/tmpajmmmf86']
[2025-07-01T13:52:59.855+0000] {standard_task_runner.py:88} INFO - Job 65: Subtask gerar_config_csv_dinamica
[2025-07-01T13:52:59.911+0000] {task_command.py:423} INFO - Running <TaskInstance: northwind.gerar_config_csv_dinamica manual__2025-07-01T13:52:17.328534+00:00 [running]> on host 106da672717e
[2025-07-01T13:52:59.993+0000] {taskinstance.py:2480} INFO - Exporting env vars: AIRFLOW_CTX_DAG_EMAIL='lrbf@cin.ufpe.br' AIRFLOW_CTX_DAG_OWNER='***' AIRFLOW_CTX_DAG_ID='northwind' AIRFLOW_CTX_TASK_ID='gerar_config_csv_dinamica' AIRFLOW_CTX_EXECUTION_DATE='2025-07-01T13:52:17.328534+00:00' AIRFLOW_CTX_TRY_NUMBER='1' AIRFLOW_CTX_DAG_RUN_ID='manual__2025-07-01T13:52:17.328534+00:00'
[2025-07-01T13:53:00.053+0000] {docker.py:359} INFO - Starting docker container from image meltano:latest
[2025-07-01T13:53:00.384+0000] {docker.py:429} INFO - Running meltano install...
[2025-07-01T13:53:01.759+0000] {docker.py:429} INFO - [2m2025-07-01T13:53:01.758246Z[0m [[32m[1minfo     [0m] [1mInstalling 7 plugins          [0m
[2025-07-01T13:53:01.778+0000] {docker.py:429} INFO - [2m2025-07-01T13:53:01.777599Z[0m [[32m[1minfo     [0m] [1mInstalling extractor 'tap-postgres'[0m
[2025-07-01T13:53:01.808+0000] {docker.py:429} INFO - [2m2025-07-01T13:53:01.807466Z[0m [[32m[1minfo     [0m] [1mInstalling extractor 'tap-csv'[0m
[2025-07-01T13:53:01.836+0000] {docker.py:429} INFO - [2m2025-07-01T13:53:01.834967Z[0m [[32m[1minfo     [0m] [1mInstalling extractor 'tap-csv-latest'[0m
[2025-07-01T13:53:01.868+0000] {docker.py:429} INFO - [2m2025-07-01T13:53:01.866949Z[0m [[32m[1minfo     [0m] [1mInstalling loader 'target-postgres'[0m
[2025-07-01T13:53:01.908+0000] {docker.py:429} INFO - [2m2025-07-01T13:53:01.906823Z[0m [[32m[1minfo     [0m] [1mInstalling loader 'target-csv'[0m
[2025-07-01T13:53:01.951+0000] {docker.py:429} INFO - [2m2025-07-01T13:53:01.950597Z[0m [[32m[1minfo     [0m] [1mInstalling loader 'target-csv-postgres'[0m
[2025-07-01T13:53:02.008+0000] {docker.py:429} INFO - [2m2025-07-01T13:53:02.007279Z[0m [[32m[1minfo     [0m] [1mInstalling loader 'target-csv-csv'[0m
[2025-07-01T13:53:03.442+0000] {docker.py:429} INFO - [2m2025-07-01T13:53:03.441865Z[0m [[32m[1minfo     [0m] [1mInstalled extractor 'tap-postgres'[0m
[2025-07-01T13:53:03.508+0000] {docker.py:429} INFO - [2m2025-07-01T13:53:03.508373Z[0m [[32m[1minfo     [0m] [1mInstalled loader 'target-postgres'[0m
[2025-07-01T13:53:12.756+0000] {docker.py:429} INFO - [2m2025-07-01T13:53:12.754610Z[0m [[32m[1minfo     [0m] [1mInstalled extractor 'tap-csv-latest'[0m
[2025-07-01T13:53:12.815+0000] {docker.py:429} INFO - [2m2025-07-01T13:53:12.814260Z[0m [[32m[1minfo     [0m] [1mInstalled extractor 'tap-csv' [0m
[2025-07-01T13:53:13.850+0000] {docker.py:429} INFO - [2m2025-07-01T13:53:13.849232Z[0m [[32m[1minfo     [0m] [1mInstalled loader 'target-csv' [0m
[2025-07-01T13:53:14.172+0000] {docker.py:429} INFO - [2m2025-07-01T13:53:14.171030Z[0m [[32m[1minfo     [0m] [1mInstalled loader 'target-csv-csv'[0m
[2025-07-01T13:53:14.378+0000] {docker.py:429} INFO - [2m2025-07-01T13:53:14.377959Z[0m [[32m[1minfo     [0m] [1mInstalled loader 'target-csv-postgres'[0m
[2025-07-01T13:53:14.379+0000] {docker.py:429} INFO - [2m2025-07-01T13:53:14.378451Z[0m [[32m[1minfo     [0m] [1mInstalled 7/7 plugins         [0m
[2025-07-01T13:53:15.990+0000] {docker.py:429} INFO - Meltano install completed. Executing command: python /opt/meltano/scripts/generate_csv_config.py
[2025-07-01T13:53:16.105+0000] {docker.py:429} INFO - {"files": [{"entity": "order_details", "path": "/opt/output_data/csv/order_details/2025-07-01/file.csv", "keys": ["order_id", "product_id"], "delimiter": ",", "encoding": "utf-8"}, {"entity": "public-categories", "path": "/opt/output_data/postgres/public-categories/2025-07-01/file.csv", "keys": ["category_id"], "delimiter": ",", "encoding": "utf-8"}, {"entity": "public-products", "path": "/opt/output_data/postgres/public-products/2025-07-01/file.csv", "keys": ["product_id"], "delimiter": ",", "encoding": "utf-8"}, {"entity": "public-suppliers", "path": "/opt/output_data/postgres/public-suppliers/2025-07-01/file.csv", "keys": ["supplier_id"], "delimiter": ",", "encoding": "utf-8"}, {"entity": "public-orders", "path": "/opt/output_data/postgres/public-orders/2025-07-01/file.csv", "keys": ["order_id"], "delimiter": ",", "encoding": "utf-8"}, {"entity": "public-customers", "path": "/opt/output_data/postgres/public-customers/2025-07-01/file.csv", "keys": ["customer_id"], "delimiter": ",", "encoding": "utf-8"}, {"entity": "public-employees", "path": "/opt/output_data/postgres/public-employees/2025-07-01/file.csv", "keys": ["employee_id"], "delimiter": ",", "encoding": "utf-8"}, {"entity": "public-employee_territories", "path": "/opt/output_data/postgres/public-employee_territories/2025-07-01/file.csv", "keys": ["employee_id", "territory_id"], "delimiter": ",", "encoding": "utf-8"}, {"entity": "public-territories", "path": "/opt/output_data/postgres/public-territories/2025-07-01/file.csv", "keys": ["territory_id"], "delimiter": ",", "encoding": "utf-8"}, {"entity": "public-region", "path": "/opt/output_data/postgres/public-region/2025-07-01/file.csv", "keys": ["region_id"], "delimiter": ",", "encoding": "utf-8"}, {"entity": "public-shippers", "path": "/opt/output_data/postgres/public-shippers/2025-07-01/file.csv", "keys": ["shipper_id"], "delimiter": ",", "encoding": "utf-8"}, {"entity": "public-us_states", "path": "/opt/output_data/postgres/public-us_states/2025-07-01/file.csv", "keys": ["state_id"], "delimiter": ",", "encoding": "utf-8"}]}
[2025-07-01T13:53:16.710+0000] {taskinstance.py:1138} INFO - Marking task as SUCCESS. dag_id=northwind, task_id=gerar_config_csv_dinamica, execution_date=20250701T135217, start_date=20250701T135259, end_date=20250701T135316
[2025-07-01T13:53:16.788+0000] {local_task_job_runner.py:234} INFO - Task exited with return code 0
[2025-07-01T13:53:16.856+0000] {taskinstance.py:3280} INFO - 1 downstream tasks scheduled from follow-on schedule check
