[2025-07-01T14:59:58.753+0000] {taskinstance.py:1956} INFO - Dependencies all met for dep_context=non-requeueable deps ti=<TaskInstance: northwind.check_xcom_content manual__2025-07-01T14:54:02.776758+00:00 [queued]>
[2025-07-01T14:59:58.760+0000] {taskinstance.py:1956} INFO - Dependencies all met for dep_context=requeueable deps ti=<TaskInstance: northwind.check_xcom_content manual__2025-07-01T14:54:02.776758+00:00 [queued]>
[2025-07-01T14:59:58.761+0000] {taskinstance.py:2170} INFO - Starting attempt 1 of 2
[2025-07-01T14:59:58.773+0000] {taskinstance.py:2191} INFO - Executing <Task(PythonOperator): check_xcom_content> on 2025-07-01 14:54:02.776758+00:00
[2025-07-01T14:59:58.777+0000] {standard_task_runner.py:60} INFO - Started process 253 to run task
[2025-07-01T14:59:58.781+0000] {standard_task_runner.py:87} INFO - Running: ['***', 'tasks', 'run', 'northwind', 'check_xcom_content', 'manual__2025-07-01T14:54:02.776758+00:00', '--job-id', '11', '--raw', '--subdir', 'DAGS_FOLDER/northwind.py', '--cfg-path', '/tmp/tmpqs1upx44']
[2025-07-01T14:59:58.783+0000] {standard_task_runner.py:88} INFO - Job 11: Subtask check_xcom_content
[2025-07-01T14:59:58.828+0000] {task_command.py:423} INFO - Running <TaskInstance: northwind.check_xcom_content manual__2025-07-01T14:54:02.776758+00:00 [running]> on host 64e5e3bd5aa6
[2025-07-01T14:59:58.899+0000] {taskinstance.py:2480} INFO - Exporting env vars: AIRFLOW_CTX_DAG_EMAIL='lrbf@cin.ufpe.br' AIRFLOW_CTX_DAG_OWNER='***' AIRFLOW_CTX_DAG_ID='northwind' AIRFLOW_CTX_TASK_ID='check_xcom_content' AIRFLOW_CTX_EXECUTION_DATE='2025-07-01T14:54:02.776758+00:00' AIRFLOW_CTX_TRY_NUMBER='1' AIRFLOW_CTX_DAG_RUN_ID='manual__2025-07-01T14:54:02.776758+00:00'
[2025-07-01T14:59:58.909+0000] {logging_mixin.py:188} INFO - 
--- Conteúdo do XCom puxado de 'gerar_config_csv_dinamica' ---
[2025-07-01T14:59:58.909+0000] {logging_mixin.py:188} INFO - {"files": [{"entity": "order_details", "path": "/opt/output_data/csv/order_details/2025-07-01/file.csv", "keys": ["order_id", "product_id"], "delimiter": ",", "encoding": "utf-8"}, {"entity": "public-categories", "path": "/opt/output_data/postgres/public-categories/2025-07-01/file.csv", "keys": ["category_id"], "delimiter": ",", "encoding": "utf-8"}, {"entity": "public-products", "path": "/opt/output_data/postgres/public-products/2025-07-01/file.csv", "keys": ["product_id"], "delimiter": ",", "encoding": "utf-8"}, {"entity": "public-suppliers", "path": "/opt/output_data/postgres/public-suppliers/2025-07-01/file.csv", "keys": ["supplier_id"], "delimiter": ",", "encoding": "utf-8"}, {"entity": "public-orders", "path": "/opt/output_data/postgres/public-orders/2025-07-01/file.csv", "keys": ["order_id"], "delimiter": ",", "encoding": "utf-8"}, {"entity": "public-customers", "path": "/opt/output_data/postgres/public-customers/2025-07-01/file.csv", "keys": ["customer_id"], "delimiter": ",", "encoding": "utf-8"}, {"entity": "public-employees", "path": "/opt/output_data/postgres/public-employees/2025-07-01/file.csv", "keys": ["employee_id"], "delimiter": ",", "encoding": "utf-8"}, {"entity": "public-employee_territories", "path": "/opt/output_data/postgres/public-employee_territories/2025-07-01/file.csv", "keys": ["employee_id", "territory_id"], "delimiter": ",", "encoding": "utf-8"}, {"entity": "public-territories", "path": "/opt/output_data/postgres/public-territories/2025-07-01/file.csv", "keys": ["territory_id"], "delimiter": ",", "encoding": "utf-8"}, {"entity": "public-region", "path": "/opt/output_data/postgres/public-region/2025-07-01/file.csv", "keys": ["region_id"], "delimiter": ",", "encoding": "utf-8"}, {"entity": "public-shippers", "path": "/opt/output_data/postgres/public-shippers/2025-07-01/file.csv", "keys": ["shipper_id"], "delimiter": ",", "encoding": "utf-8"}, {"entity": "public-us_states", "path": "/opt/output_data/postgres/public-us_states/2025-07-01/file.csv", "keys": ["state_id"], "delimiter": ",", "encoding": "utf-8"}]}
[2025-07-01T14:59:58.910+0000] {logging_mixin.py:188} INFO - 
✔️ XCom JSON parseado com sucesso.
[2025-07-01T14:59:58.910+0000] {logging_mixin.py:188} INFO - ✔️ Contém a chave 'files': True
[2025-07-01T14:59:58.910+0000] {logging_mixin.py:188} INFO - ✔️ Número de definições de arquivo em 'files': 12
[2025-07-01T14:59:58.910+0000] {logging_mixin.py:188} INFO - 
--- Fim da verificação do XCom ---
[2025-07-01T14:59:58.910+0000] {python.py:201} INFO - Done. Returned value was: None
[2025-07-01T14:59:58.918+0000] {taskinstance.py:1138} INFO - Marking task as SUCCESS. dag_id=northwind, task_id=check_xcom_content, execution_date=20250701T145402, start_date=20250701T145958, end_date=20250701T145958
[2025-07-01T14:59:58.956+0000] {local_task_job_runner.py:234} INFO - Task exited with return code 0
[2025-07-01T14:59:58.974+0000] {taskinstance.py:3280} INFO - 1 downstream tasks scheduled from follow-on schedule check
