[2025-07-09T19:14:33.169+0000] {taskinstance.py:1956} INFO - Dependencies all met for dep_context=non-requeueable deps ti=<TaskInstance: northwind.extração_csv manual__2025-07-09T19:14:11.971822+00:00 [queued]>
[2025-07-09T19:14:33.178+0000] {taskinstance.py:1956} INFO - Dependencies all met for dep_context=requeueable deps ti=<TaskInstance: northwind.extração_csv manual__2025-07-09T19:14:11.971822+00:00 [queued]>
[2025-07-09T19:14:33.178+0000] {taskinstance.py:2170} INFO - Starting attempt 1 of 2
[2025-07-09T19:14:33.191+0000] {taskinstance.py:2191} INFO - Executing <Task(DockerOperator): extração_csv> on 2025-07-09 19:14:11.971822+00:00
[2025-07-09T19:14:33.197+0000] {standard_task_runner.py:60} INFO - Started process 192 to run task
[2025-07-09T19:14:33.201+0000] {standard_task_runner.py:87} INFO - Running: ['***', 'tasks', 'run', 'northwind', 'extração_csv', 'manual__2025-07-09T19:14:11.971822+00:00', '--job-id', '66', '--raw', '--subdir', 'DAGS_FOLDER/northwind.py', '--cfg-path', '/tmp/tmpcih443g9']
[2025-07-09T19:14:33.203+0000] {standard_task_runner.py:88} INFO - Job 66: Subtask extração_csv
[2025-07-09T19:14:33.248+0000] {task_command.py:423} INFO - Running <TaskInstance: northwind.extração_csv manual__2025-07-09T19:14:11.971822+00:00 [running]> on host 2acad222a407
[2025-07-09T19:14:33.333+0000] {taskinstance.py:2480} INFO - Exporting env vars: AIRFLOW_CTX_DAG_EMAIL='lrbf@cin.ufpe.br' AIRFLOW_CTX_DAG_OWNER='***' AIRFLOW_CTX_DAG_ID='northwind' AIRFLOW_CTX_TASK_ID='extração_csv' AIRFLOW_CTX_EXECUTION_DATE='2025-07-09T19:14:11.971822+00:00' AIRFLOW_CTX_TRY_NUMBER='1' AIRFLOW_CTX_DAG_RUN_ID='manual__2025-07-09T19:14:11.971822+00:00'
[2025-07-09T19:14:33.477+0000] {docker.py:359} INFO - Starting docker container from image meltano:latest
[2025-07-09T19:14:33.883+0000] {docker.py:429} INFO - Running meltano install...
[2025-07-09T19:14:35.069+0000] {docker.py:429} INFO - [2m2025-07-09T19:14:35.068803Z[0m [[32m[1minfo     [0m] [1mInstalling 7 plugins          [0m
[2025-07-09T19:14:35.081+0000] {docker.py:429} INFO - [2m2025-07-09T19:14:35.081004Z[0m [[32m[1minfo     [0m] [1mInstalling extractor 'tap-postgres'[0m
[2025-07-09T19:14:35.103+0000] {docker.py:429} INFO - [2m2025-07-09T19:14:35.102431Z[0m [[32m[1minfo     [0m] [1mInstalling extractor 'tap-csv'[0m
[2025-07-09T19:14:35.123+0000] {docker.py:429} INFO - [2m2025-07-09T19:14:35.122418Z[0m [[32m[1minfo     [0m] [1mInstalling extractor 'tap-csv-latest'[0m
[2025-07-09T19:14:35.144+0000] {docker.py:429} INFO - [2m2025-07-09T19:14:35.143796Z[0m [[32m[1minfo     [0m] [1mInstalling loader 'target-postgres'[0m
[2025-07-09T19:14:35.173+0000] {docker.py:429} INFO - [2m2025-07-09T19:14:35.172688Z[0m [[32m[1minfo     [0m] [1mInstalling loader 'target-csv'[0m
[2025-07-09T19:14:35.207+0000] {docker.py:429} INFO - [2m2025-07-09T19:14:35.206530Z[0m [[32m[1minfo     [0m] [1mInstalling loader 'target-csv-postgres'[0m
[2025-07-09T19:14:35.244+0000] {docker.py:429} INFO - [2m2025-07-09T19:14:35.243751Z[0m [[32m[1minfo     [0m] [1mInstalling loader 'target-csv-csv'[0m
[2025-07-09T19:14:36.282+0000] {docker.py:429} INFO - [2m2025-07-09T19:14:36.281382Z[0m [[32m[1minfo     [0m] [1mInstalled extractor 'tap-postgres'[0m
[2025-07-09T19:14:36.316+0000] {docker.py:429} INFO - [2m2025-07-09T19:14:36.315349Z[0m [[32m[1minfo     [0m] [1mInstalled loader 'target-postgres'[0m
[2025-07-09T19:14:40.034+0000] {docker.py:429} INFO - [2m2025-07-09T19:14:40.034062Z[0m [[32m[1minfo     [0m] [1mInstalled extractor 'tap-csv-latest'[0m
[2025-07-09T19:14:40.075+0000] {docker.py:429} INFO - [2m2025-07-09T19:14:40.075251Z[0m [[32m[1minfo     [0m] [1mInstalled extractor 'tap-csv' [0m
[2025-07-09T19:14:40.605+0000] {docker.py:429} INFO - [2m2025-07-09T19:14:40.604482Z[0m [[32m[1minfo     [0m] [1mInstalled loader 'target-csv' [0m
[2025-07-09T19:14:40.861+0000] {docker.py:429} INFO - [2m2025-07-09T19:14:40.860645Z[0m [[32m[1minfo     [0m] [1mInstalled loader 'target-csv-csv'[0m
[2025-07-09T19:14:40.940+0000] {docker.py:429} INFO - [2m2025-07-09T19:14:40.940072Z[0m [[32m[1minfo     [0m] [1mInstalled loader 'target-csv-postgres'[0m
[2025-07-09T19:14:40.941+0000] {docker.py:429} INFO - [2m2025-07-09T19:14:40.940607Z[0m [[32m[1minfo     [0m] [1mInstalled 7/7 plugins         [0m
[2025-07-09T19:14:41.743+0000] {docker.py:429} INFO - Meltano install completed. Executing command: meltano el tap-csv target-csv-csv
[2025-07-09T19:14:42.804+0000] {docker.py:429} INFO - [2m2025-07-09T19:14:42.803504Z[0m [[32m[1minfo     [0m] [1mEnvironment 'dev' is active   [0m
[2025-07-09T19:14:43.169+0000] {docker.py:429} INFO - [2m2025-07-09T19:14:43.168465Z[0m [[32m[1minfo     [0m] [1mRunning extract & load...     [0m [36mname[0m=[35mmeltano[0m [36mrun_id[0m=[35m1680e543-3d86-466d-aacc-5598a39ddf15[0m [36mstate_id[0m=[35m2025-07-09T191442--tap-csv--target-csv-csv[0m
[2025-07-09T19:14:44.423+0000] {docker.py:429} INFO - [2m2025-07-09T19:14:44.422389Z[0m [[32m[1minfo     [0m] [1mINFO Sending version information to singer.io. To disable sending anonymous usage data, set the config parameter "disable_collection" to true[0m [36mcmd_type[0m=[35mloader[0m [36mname[0m=[35mtarget-csv-csv[0m [36mrun_id[0m=[35m1680e543-3d86-466d-aacc-5598a39ddf15[0m [36mstate_id[0m=[35m2025-07-09T191442--tap-csv--target-csv-csv[0m [36mstdio[0m=[35mstderr[0m
[2025-07-09T19:14:44.652+0000] {docker.py:429} INFO - [2m2025-07-09T19:14:44.651918Z[0m [[32m[1minfo     [0m] [1m/opt/meltano/.meltano/extractors/tap-csv/venv/lib/python3.9/site-packages/singer_sdk/tap_base.py:516: SingerSDKDeprecationWarning: Passing a catalog file path is deprecated. Please pass the catalog as a dictionary or Catalog object instead.[0m [36mcmd_type[0m=[35mextractor[0m [36mname[0m=[35mtap-csv[0m [36mrun_id[0m=[35m1680e543-3d86-466d-aacc-5598a39ddf15[0m [36mstate_id[0m=[35m2025-07-09T191442--tap-csv--target-csv-csv[0m [36mstdio[0m=[35mstderr[0m
[2025-07-09T19:14:44.653+0000] {docker.py:429} INFO - [2m2025-07-09T19:14:44.652359Z[0m [[32m[1minfo     [0m] [1m  tap = cls(                  [0m [36mcmd_type[0m=[35mextractor[0m [36mname[0m=[35mtap-csv[0m [36mrun_id[0m=[35m1680e543-3d86-466d-aacc-5598a39ddf15[0m [36mstate_id[0m=[35m2025-07-09T191442--tap-csv--target-csv-csv[0m [36mstdio[0m=[35mstderr[0m
[2025-07-09T19:14:44.653+0000] {docker.py:429} INFO - [2m2025-07-09T19:14:44.652683Z[0m [[32m[1minfo     [0m] [1m                              [0m [36mcmd_type[0m=[35mextractor[0m [36mname[0m=[35mtap-csv[0m [36mrun_id[0m=[35m1680e543-3d86-466d-aacc-5598a39ddf15[0m [36mstate_id[0m=[35m2025-07-09T191442--tap-csv--target-csv-csv[0m [36mstdio[0m=[35mstderr[0m
[2025-07-09T19:14:44.654+0000] {docker.py:429} INFO - [2m2025-07-09T19:14:44.653083Z[0m [[32m[1minfo     [0m] [1mBeginning full_table sync of 'order_details'...[0m [36mcmd_type[0m=[35mextractor[0m [36mname[0m=[35mtap-csv[0m [36mrun_id[0m=[35m1680e543-3d86-466d-aacc-5598a39ddf15[0m [36mstate_id[0m=[35m2025-07-09T191442--tap-csv--target-csv-csv[0m [36mstdio[0m=[35mstderr[0m
[2025-07-09T19:14:44.654+0000] {docker.py:429} INFO - [2m2025-07-09T19:14:44.653399Z[0m [[32m[1minfo     [0m] [1mTap has custom mapper. Using 1 provided map(s).[0m [36mcmd_type[0m=[35mextractor[0m [36mname[0m=[35mtap-csv[0m [36mrun_id[0m=[35m1680e543-3d86-466d-aacc-5598a39ddf15[0m [36mstate_id[0m=[35m2025-07-09T191442--tap-csv--target-csv-csv[0m [36mstdio[0m=[35mstderr[0m
[2025-07-09T19:14:44.810+0000] {docker.py:429} INFO - [2m2025-07-09T19:14:44.809433Z[0m [[32m[1minfo     [0m] [1mMETRIC: {"type": "timer", "metric": "sync_duration", "value": 0.15671396255493164, "tags": {"stream": "order_details", "pid": 177, "context": {}, "status": "succeeded"}}[0m [36mcmd_type[0m=[35mextractor[0m [36mname[0m=[35mtap-csv[0m [36mrun_id[0m=[35m1680e543-3d86-466d-aacc-5598a39ddf15[0m [36mstate_id[0m=[35m2025-07-09T191442--tap-csv--target-csv-csv[0m [36mstdio[0m=[35mstderr[0m
[2025-07-09T19:14:44.810+0000] {docker.py:429} INFO - [2m2025-07-09T19:14:44.809966Z[0m [[32m[1minfo     [0m] [1mMETRIC: {"type": "counter", "metric": "record_count", "value": 2155, "tags": {"stream": "order_details", "pid": 177, "context": {}}}[0m [36mcmd_type[0m=[35mextractor[0m [36mname[0m=[35mtap-csv[0m [36mrun_id[0m=[35m1680e543-3d86-466d-aacc-5598a39ddf15[0m [36mstate_id[0m=[35m2025-07-09T191442--tap-csv--target-csv-csv[0m [36mstdio[0m=[35mstderr[0m
[2025-07-09T19:14:44.912+0000] {docker.py:429} INFO - [2m2025-07-09T19:14:44.912178Z[0m [[32m[1minfo     [0m] [1mUsing systemdb state backend  [0m
[2025-07-09T19:14:44.923+0000] {docker.py:429} INFO - [2m2025-07-09T19:14:44.922441Z[0m [[32m[1minfo     [0m] [1mIncremental state has been updated at 2025-07-09 19:14:44.922409+00:00.[0m
[2025-07-09T19:14:44.924+0000] {docker.py:429} INFO - [2m2025-07-09T19:14:44.923535Z[0m [[32m[1minfo     [0m] [1mExtract & load complete!      [0m [36mname[0m=[35mmeltano[0m [36mrun_id[0m=[35m1680e543-3d86-466d-aacc-5598a39ddf15[0m [36mstate_id[0m=[35m2025-07-09T191442--tap-csv--target-csv-csv[0m
[2025-07-09T19:14:44.924+0000] {docker.py:429} INFO - [2m2025-07-09T19:14:44.923801Z[0m [[32m[1minfo     [0m] [1mTransformation skipped.       [0m [36mname[0m=[35mmeltano[0m [36mrun_id[0m=[35m1680e543-3d86-466d-aacc-5598a39ddf15[0m [36mstate_id[0m=[35m2025-07-09T191442--tap-csv--target-csv-csv[0m
[2025-07-09T19:14:46.140+0000] {taskinstance.py:1138} INFO - Marking task as SUCCESS. dag_id=northwind, task_id=extração_csv, execution_date=20250709T191411, start_date=20250709T191433, end_date=20250709T191446
[2025-07-09T19:14:46.169+0000] {local_task_job_runner.py:234} INFO - Task exited with return code 0
[2025-07-09T19:14:46.193+0000] {taskinstance.py:3280} INFO - 1 downstream tasks scheduled from follow-on schedule check
