[2025-06-26T18:01:17.599+0000] {taskinstance.py:1956} INFO - Dependencies all met for dep_context=non-requeueable deps ti=<TaskInstance: northwind.extração_csv manual__2025-06-26T18:00:27.253055+00:00 [queued]>
[2025-06-26T18:01:17.651+0000] {taskinstance.py:1956} INFO - Dependencies all met for dep_context=requeueable deps ti=<TaskInstance: northwind.extração_csv manual__2025-06-26T18:00:27.253055+00:00 [queued]>
[2025-06-26T18:01:17.651+0000] {taskinstance.py:2170} INFO - Starting attempt 1 of 2
[2025-06-26T18:01:17.714+0000] {taskinstance.py:2191} INFO - Executing <Task(DockerOperator): extração_csv> on 2025-06-26 18:00:27.253055+00:00
[2025-06-26T18:01:17.733+0000] {standard_task_runner.py:60} INFO - Started process 214 to run task
[2025-06-26T18:01:17.748+0000] {standard_task_runner.py:87} INFO - Running: ['***', 'tasks', 'run', 'northwind', 'extração_csv', 'manual__2025-06-26T18:00:27.253055+00:00', '--job-id', '319', '--raw', '--subdir', 'DAGS_FOLDER/dag.py', '--cfg-path', '/tmp/tmp89_e68yv']
[2025-06-26T18:01:17.754+0000] {standard_task_runner.py:88} INFO - Job 319: Subtask extração_csv
[2025-06-26T18:01:17.928+0000] {task_command.py:423} INFO - Running <TaskInstance: northwind.extração_csv manual__2025-06-26T18:00:27.253055+00:00 [running]> on host 6afc1f3750fb
[2025-06-26T18:01:18.219+0000] {taskinstance.py:2480} INFO - Exporting env vars: AIRFLOW_CTX_DAG_EMAIL='lrbf@cin.ufpe.br' AIRFLOW_CTX_DAG_OWNER='***' AIRFLOW_CTX_DAG_ID='northwind' AIRFLOW_CTX_TASK_ID='extração_csv' AIRFLOW_CTX_EXECUTION_DATE='2025-06-26T18:00:27.253055+00:00' AIRFLOW_CTX_TRY_NUMBER='1' AIRFLOW_CTX_DAG_RUN_ID='manual__2025-06-26T18:00:27.253055+00:00'
[2025-06-26T18:01:20.020+0000] {docker.py:359} INFO - Starting docker container from image meltano:latest
[2025-06-26T18:01:20.059+0000] {docker.py:367} WARNING - Using remote engine or docker-in-docker and mounting temporary volume from host is not supported. Falling back to `mount_tmp_dir=False` mode. You can set `mount_tmp_dir` parameter to False to disable mounting and remove the warning
[2025-06-26T18:01:22.804+0000] {docker.py:429} INFO - Running meltano install...
[2025-06-26T18:01:27.291+0000] {docker.py:429} INFO - [2m2025-06-26T18:01:27.290371Z[0m [[32m[1minfo     [0m] [1mInstalling 7 plugins          [0m
[2025-06-26T18:01:27.316+0000] {docker.py:429} INFO - [2m2025-06-26T18:01:27.315039Z[0m [[32m[1minfo     [0m] [1mInstalling extractor 'tap-postgres'[0m
[2025-06-26T18:01:27.354+0000] {docker.py:429} INFO - [2m2025-06-26T18:01:27.353979Z[0m [[32m[1minfo     [0m] [1mInstalling extractor 'tap-csv'[0m
[2025-06-26T18:01:27.388+0000] {docker.py:429} INFO - [2m2025-06-26T18:01:27.387762Z[0m [[32m[1minfo     [0m] [1mInstalling extractor 'tap-csv-latest'[0m
[2025-06-26T18:01:27.425+0000] {docker.py:429} INFO - [2m2025-06-26T18:01:27.424929Z[0m [[32m[1minfo     [0m] [1mInstalling loader 'target-postgres'[0m
[2025-06-26T18:01:27.469+0000] {docker.py:429} INFO - [2m2025-06-26T18:01:27.467157Z[0m [[32m[1minfo     [0m] [1mInstalling loader 'target-csv'[0m
[2025-06-26T18:01:27.650+0000] {docker.py:429} INFO - [2m2025-06-26T18:01:27.609452Z[0m [[32m[1minfo     [0m] [1mInstalling loader 'target-csv-postgres'[0m
[2025-06-26T18:01:27.719+0000] {docker.py:429} INFO - [2m2025-06-26T18:01:27.716384Z[0m [[32m[1minfo     [0m] [1mInstalling loader 'target-csv-csv'[0m
[2025-06-26T18:01:31.782+0000] {docker.py:429} INFO - [2m2025-06-26T18:01:31.781633Z[0m [[32m[1minfo     [0m] [1mInstalled extractor 'tap-postgres'[0m
[2025-06-26T18:01:32.157+0000] {docker.py:429} INFO - [2m2025-06-26T18:01:32.156457Z[0m [[32m[1minfo     [0m] [1mInstalled loader 'target-postgres'[0m
[2025-06-26T18:01:44.817+0000] {docker.py:429} INFO - [2m2025-06-26T18:01:44.816316Z[0m [[32m[1minfo     [0m] [1mInstalled extractor 'tap-csv' [0m
[2025-06-26T18:01:44.952+0000] {docker.py:429} INFO - [2m2025-06-26T18:01:44.951555Z[0m [[32m[1minfo     [0m] [1mInstalled extractor 'tap-csv-latest'[0m
[2025-06-26T18:01:44.988+0000] {docker.py:429} INFO - [2m2025-06-26T18:01:44.987342Z[0m [[32m[1minfo     [0m] [1mInstalled loader 'target-csv' [0m
[2025-06-26T18:01:45.176+0000] {docker.py:429} INFO - [2m2025-06-26T18:01:45.175411Z[0m [[32m[1minfo     [0m] [1mInstalled loader 'target-csv-postgres'[0m
[2025-06-26T18:01:45.182+0000] {docker.py:429} INFO - [2m2025-06-26T18:01:45.181652Z[0m [[32m[1minfo     [0m] [1mInstalled loader 'target-csv-csv'[0m
[2025-06-26T18:01:45.183+0000] {docker.py:429} INFO - [2m2025-06-26T18:01:45.182422Z[0m [[32m[1minfo     [0m] [1mInstalled 7/7 plugins         [0m
[2025-06-26T18:01:46.575+0000] {docker.py:429} INFO - Meltano install completed. Executing command: meltano el tap-csv target-csv-csv
[2025-06-26T18:01:49.428+0000] {docker.py:429} INFO - [2m2025-06-26T18:01:49.426468Z[0m [[32m[1minfo     [0m] [1mEnvironment 'dev' is active   [0m
[2025-06-26T18:01:50.240+0000] {docker.py:429} INFO - [2m2025-06-26T18:01:50.239477Z[0m [[32m[1minfo     [0m] [1mRunning extract & load...     [0m [36mname[0m=[35mmeltano[0m [36mrun_id[0m=[35m5f979a3b-6c70-4656-9d43-fdc1cf600ada[0m [36mstate_id[0m=[35m2025-06-26T180149--tap-csv--target-csv-csv[0m
[2025-06-26T18:01:52.334+0000] {docker.py:429} INFO - [2m2025-06-26T18:01:52.332844Z[0m [[32m[1minfo     [0m] [1mINFO Sending version information to singer.io. To disable sending anonymous usage data, set the config parameter "disable_collection" to true[0m [36mcmd_type[0m=[35mloader[0m [36mname[0m=[35mtarget-csv-csv[0m [36mrun_id[0m=[35m5f979a3b-6c70-4656-9d43-fdc1cf600ada[0m [36mstate_id[0m=[35m2025-06-26T180149--tap-csv--target-csv-csv[0m [36mstdio[0m=[35mstderr[0m
[2025-06-26T18:01:52.639+0000] {docker.py:429} INFO - [2m2025-06-26T18:01:52.638952Z[0m [[32m[1minfo     [0m] [1mBeginning full_table sync of 'order_details'...[0m [36mcmd_type[0m=[35mextractor[0m [36mname[0m=[35mtap-csv[0m [36mrun_id[0m=[35m5f979a3b-6c70-4656-9d43-fdc1cf600ada[0m [36mstate_id[0m=[35m2025-06-26T180149--tap-csv--target-csv-csv[0m [36mstdio[0m=[35mstderr[0m
[2025-06-26T18:01:52.640+0000] {docker.py:429} INFO - [2m2025-06-26T18:01:52.639382Z[0m [[32m[1minfo     [0m] [1mTap has custom mapper. Using 1 provided map(s).[0m [36mcmd_type[0m=[35mextractor[0m [36mname[0m=[35mtap-csv[0m [36mrun_id[0m=[35m5f979a3b-6c70-4656-9d43-fdc1cf600ada[0m [36mstate_id[0m=[35m2025-06-26T180149--tap-csv--target-csv-csv[0m [36mstdio[0m=[35mstderr[0m
[2025-06-26T18:01:52.888+0000] {docker.py:429} INFO - [2m2025-06-26T18:01:52.887776Z[0m [[32m[1minfo     [0m] [1mMETRIC: {"type": "timer", "metric": "sync_duration", "value": 0.24799418449401855, "tags": {"stream": "order_details", "pid": 176, "context": {}, "status": "succeeded"}}[0m [36mcmd_type[0m=[35mextractor[0m [36mname[0m=[35mtap-csv[0m [36mrun_id[0m=[35m5f979a3b-6c70-4656-9d43-fdc1cf600ada[0m [36mstate_id[0m=[35m2025-06-26T180149--tap-csv--target-csv-csv[0m [36mstdio[0m=[35mstderr[0m
[2025-06-26T18:01:52.889+0000] {docker.py:429} INFO - [2m2025-06-26T18:01:52.888177Z[0m [[32m[1minfo     [0m] [1mMETRIC: {"type": "counter", "metric": "record_count", "value": 2155, "tags": {"stream": "order_details", "pid": 176, "context": {}}}[0m [36mcmd_type[0m=[35mextractor[0m [36mname[0m=[35mtap-csv[0m [36mrun_id[0m=[35m5f979a3b-6c70-4656-9d43-fdc1cf600ada[0m [36mstate_id[0m=[35m2025-06-26T180149--tap-csv--target-csv-csv[0m [36mstdio[0m=[35mstderr[0m
[2025-06-26T18:01:53.013+0000] {docker.py:429} INFO - [2m2025-06-26T18:01:53.011689Z[0m [[32m[1minfo     [0m] [1mUsing systemdb state backend  [0m
[2025-06-26T18:01:53.026+0000] {docker.py:429} INFO - [2m2025-06-26T18:01:53.025262Z[0m [[32m[1minfo     [0m] [1mIncremental state has been updated at 2025-06-26 18:01:53.025220+00:00.[0m
[2025-06-26T18:01:53.032+0000] {docker.py:429} INFO - [2m2025-06-26T18:01:53.031471Z[0m [[32m[1minfo     [0m] [1mExtract & load complete!      [0m [36mname[0m=[35mmeltano[0m [36mrun_id[0m=[35m5f979a3b-6c70-4656-9d43-fdc1cf600ada[0m [36mstate_id[0m=[35m2025-06-26T180149--tap-csv--target-csv-csv[0m
[2m2025-06-26T18:01:53.031800Z[0m [[32m[1minfo     [0m] [1mTransformation skipped.       [0m [36mname[0m=[35mmeltano[0m [36mrun_id[0m=[35m5f979a3b-6c70-4656-9d43-fdc1cf600ada[0m [36mstate_id[0m=[35m2025-06-26T180149--tap-csv--target-csv-csv[0m
[2025-06-26T18:01:54.700+0000] {taskinstance.py:1138} INFO - Marking task as SUCCESS. dag_id=northwind, task_id=extração_csv, execution_date=20250626T180027, start_date=20250626T180117, end_date=20250626T180154
[2025-06-26T18:01:54.773+0000] {local_task_job_runner.py:234} INFO - Task exited with return code 0
[2025-06-26T18:01:54.826+0000] {taskinstance.py:3280} INFO - 2 downstream tasks scheduled from follow-on schedule check
