[2025-07-01T20:36:10.310+0000] {taskinstance.py:1956} INFO - Dependencies all met for dep_context=non-requeueable deps ti=<TaskInstance: northwind.gerar_config_csv_dinamica manual__2025-07-01T20:35:01.928206+00:00 [queued]>
[2025-07-01T20:36:10.323+0000] {taskinstance.py:1956} INFO - Dependencies all met for dep_context=requeueable deps ti=<TaskInstance: northwind.gerar_config_csv_dinamica manual__2025-07-01T20:35:01.928206+00:00 [queued]>
[2025-07-01T20:36:10.323+0000] {taskinstance.py:2170} INFO - Starting attempt 1 of 2
[2025-07-01T20:36:10.340+0000] {taskinstance.py:2191} INFO - Executing <Task(DockerOperator): gerar_config_csv_dinamica> on 2025-07-01 20:35:01.928206+00:00
[2025-07-01T20:36:10.347+0000] {standard_task_runner.py:60} INFO - Started process 189 to run task
[2025-07-01T20:36:10.351+0000] {standard_task_runner.py:87} INFO - Running: ['***', 'tasks', 'run', 'northwind', 'gerar_config_csv_dinamica', 'manual__2025-07-01T20:35:01.928206+00:00', '--job-id', '4', '--raw', '--subdir', 'DAGS_FOLDER/northwind.py', '--cfg-path', '/tmp/tmphdw_3xk5']
[2025-07-01T20:36:10.354+0000] {standard_task_runner.py:88} INFO - Job 4: Subtask gerar_config_csv_dinamica
[2025-07-01T20:36:10.408+0000] {task_command.py:423} INFO - Running <TaskInstance: northwind.gerar_config_csv_dinamica manual__2025-07-01T20:35:01.928206+00:00 [running]> on host add15e81f04d
[2025-07-01T20:36:10.498+0000] {taskinstance.py:2480} INFO - Exporting env vars: AIRFLOW_CTX_DAG_EMAIL='lrbf@cin.ufpe.br' AIRFLOW_CTX_DAG_OWNER='***' AIRFLOW_CTX_DAG_ID='northwind' AIRFLOW_CTX_TASK_ID='gerar_config_csv_dinamica' AIRFLOW_CTX_EXECUTION_DATE='2025-07-01T20:35:01.928206+00:00' AIRFLOW_CTX_TRY_NUMBER='1' AIRFLOW_CTX_DAG_RUN_ID='manual__2025-07-01T20:35:01.928206+00:00'
[2025-07-01T20:36:10.566+0000] {docker.py:359} INFO - Starting docker container from image meltano:latest
[2025-07-01T20:36:10.965+0000] {docker.py:429} INFO - Running meltano install...
[2025-07-01T20:36:13.125+0000] {docker.py:429} INFO - [2m2025-07-01T20:36:13.122758Z[0m [[32m[1minfo     [0m] [1mInstalling 7 plugins          [0m
[2025-07-01T20:36:13.137+0000] {docker.py:429} INFO - [2m2025-07-01T20:36:13.137129Z[0m [[32m[1minfo     [0m] [1mInstalling extractor 'tap-postgres'[0m
[2025-07-01T20:36:13.165+0000] {docker.py:429} INFO - [2m2025-07-01T20:36:13.164070Z[0m [[32m[1minfo     [0m] [1mInstalling extractor 'tap-csv'[0m
[2025-07-01T20:36:13.194+0000] {docker.py:429} INFO - [2m2025-07-01T20:36:13.194017Z[0m [[32m[1minfo     [0m] [1mInstalling extractor 'tap-csv-latest'[0m
[2025-07-01T20:36:13.232+0000] {docker.py:429} INFO - [2m2025-07-01T20:36:13.231051Z[0m [[32m[1minfo     [0m] [1mInstalling loader 'target-postgres'[0m
[2025-07-01T20:36:13.277+0000] {docker.py:429} INFO - [2m2025-07-01T20:36:13.276450Z[0m [[32m[1minfo     [0m] [1mInstalling loader 'target-csv'[0m
[2025-07-01T20:36:13.338+0000] {docker.py:429} INFO - [2m2025-07-01T20:36:13.336707Z[0m [[32m[1minfo     [0m] [1mInstalling loader 'target-csv-postgres'[0m
[2025-07-01T20:36:13.404+0000] {docker.py:429} INFO - [2m2025-07-01T20:36:13.400781Z[0m [[32m[1minfo     [0m] [1mInstalling loader 'target-csv-csv'[0m
[2025-07-01T20:36:15.754+0000] {docker.py:429} INFO - [2m2025-07-01T20:36:15.753024Z[0m [[32m[1minfo     [0m] [1mInstalled extractor 'tap-postgres'[0m
[2025-07-01T20:36:15.813+0000] {docker.py:429} INFO - [2m2025-07-01T20:36:15.812318Z[0m [[32m[1minfo     [0m] [1mInstalled loader 'target-postgres'[0m
[2025-07-01T20:36:21.216+0000] {docker.py:429} INFO - [2m2025-07-01T20:36:21.214792Z[0m [[32m[1minfo     [0m] [1mInstalled extractor 'tap-csv' [0m
[2025-07-01T20:36:21.532+0000] {docker.py:429} INFO - [2m2025-07-01T20:36:21.531235Z[0m [[32m[1minfo     [0m] [1mInstalled extractor 'tap-csv-latest'[0m
[2025-07-01T20:36:23.157+0000] {docker.py:429} INFO - [2m2025-07-01T20:36:23.156264Z[0m [[32m[1minfo     [0m] [1mInstalled loader 'target-csv' [0m
[2025-07-01T20:36:24.493+0000] {docker.py:429} INFO - [2m2025-07-01T20:36:24.492760Z[0m [[32m[1minfo     [0m] [1mInstalled loader 'target-csv-csv'[0m
[2025-07-01T20:36:24.682+0000] {docker.py:429} INFO - [2m2025-07-01T20:36:24.681517Z[0m [[32m[1minfo     [0m] [1mInstalled loader 'target-csv-postgres'[0m
[2025-07-01T20:36:24.683+0000] {docker.py:429} INFO - [2m2025-07-01T20:36:24.682200Z[0m [[32m[1minfo     [0m] [1mInstalled 7/7 plugins         [0m
[2025-07-01T20:36:25.596+0000] {docker.py:429} INFO - Meltano install completed. Executing command: python /opt/meltano/scripts/generate_csv_config.py
[2025-07-01T20:36:25.670+0000] {docker.py:429} INFO - {"files": [{"entity": "order_details", "path": "/opt/output_data/csv/order_details/2025-07-01/file.csv", "keys": ["order_id", "product_id"], "delimiter": ",", "encoding": "utf-8"}, {"entity": "public-categories", "path": "/opt/output_data/postgres/public-categories/2025-07-01/file.csv", "keys": ["category_id"], "delimiter": ",", "encoding": "utf-8"}, {"entity": "public-products", "path": "/opt/output_data/postgres/public-products/2025-07-01/file.csv", "keys": ["product_id"], "delimiter": ",", "encoding": "utf-8"}, {"entity": "public-suppliers", "path": "/opt/output_data/postgres/public-suppliers/2025-07-01/file.csv", "keys": ["supplier_id"], "delimiter": ",", "encoding": "utf-8"}, {"entity": "public-orders", "path": "/opt/output_data/postgres/public-orders/2025-07-01/file.csv", "keys": ["order_id"], "delimiter": ",", "encoding": "utf-8"}, {"entity": "public-customers", "path": "/opt/output_data/postgres/public-customers/2025-07-01/file.csv", "keys": ["customer_id"], "delimiter": ",", "encoding": "utf-8"}, {"entity": "public-employees", "path": "/opt/output_data/postgres/public-employees/2025-07-01/file.csv", "keys": ["employee_id"], "delimiter": ",", "encoding": "utf-8"}, {"entity": "public-employee_territories", "path": "/opt/output_data/postgres/public-employee_territories/2025-07-01/file.csv", "keys": ["employee_id", "territory_id"], "delimiter": ",", "encoding": "utf-8"}, {"entity": "public-territories", "path": "/opt/output_data/postgres/public-territories/2025-07-01/file.csv", "keys": ["territory_id"], "delimiter": ",", "encoding": "utf-8"}, {"entity": "public-region", "path": "/opt/output_data/postgres/public-region/2025-07-01/file.csv", "keys": ["region_id"], "delimiter": ",", "encoding": "utf-8"}, {"entity": "public-shippers", "path": "/opt/output_data/postgres/public-shippers/2025-07-01/file.csv", "keys": ["shipper_id"], "delimiter": ",", "encoding": "utf-8"}, {"entity": "public-us_states", "path": "/opt/output_data/postgres/public-us_states/2025-07-01/file.csv", "keys": ["state_id"], "delimiter": ",", "encoding": "utf-8"}]}
[2025-07-01T20:36:26.019+0000] {taskinstance.py:1138} INFO - Marking task as SUCCESS. dag_id=northwind, task_id=gerar_config_csv_dinamica, execution_date=20250701T203501, start_date=20250701T203610, end_date=20250701T203626
[2025-07-01T20:36:26.073+0000] {local_task_job_runner.py:234} INFO - Task exited with return code 0
[2025-07-01T20:36:26.124+0000] {taskinstance.py:3280} INFO - 1 downstream tasks scheduled from follow-on schedule check
