[2025-07-09T19:14:55.140+0000] {taskinstance.py:1956} INFO - Dependencies all met for dep_context=non-requeueable deps ti=<TaskInstance: northwind.carregamento_postgres manual__2025-07-09T19:14:11.971822+00:00 [queued]>
[2025-07-09T19:14:55.148+0000] {taskinstance.py:1956} INFO - Dependencies all met for dep_context=requeueable deps ti=<TaskInstance: northwind.carregamento_postgres manual__2025-07-09T19:14:11.971822+00:00 [queued]>
[2025-07-09T19:14:55.149+0000] {taskinstance.py:2170} INFO - Starting attempt 1 of 2
[2025-07-09T19:14:55.161+0000] {taskinstance.py:2191} INFO - Executing <Task(DockerOperator): carregamento_postgres> on 2025-07-09 19:14:11.971822+00:00
[2025-07-09T19:14:55.165+0000] {standard_task_runner.py:60} INFO - Started process 201 to run task
[2025-07-09T19:14:55.169+0000] {standard_task_runner.py:87} INFO - Running: ['***', 'tasks', 'run', 'northwind', 'carregamento_postgres', 'manual__2025-07-09T19:14:11.971822+00:00', '--job-id', '68', '--raw', '--subdir', 'DAGS_FOLDER/northwind.py', '--cfg-path', '/tmp/tmp128xephw']
[2025-07-09T19:14:55.171+0000] {standard_task_runner.py:88} INFO - Job 68: Subtask carregamento_postgres
[2025-07-09T19:14:55.219+0000] {task_command.py:423} INFO - Running <TaskInstance: northwind.carregamento_postgres manual__2025-07-09T19:14:11.971822+00:00 [running]> on host 2acad222a407
[2025-07-09T19:14:55.304+0000] {taskinstance.py:2480} INFO - Exporting env vars: AIRFLOW_CTX_DAG_EMAIL='lrbf@cin.ufpe.br' AIRFLOW_CTX_DAG_OWNER='***' AIRFLOW_CTX_DAG_ID='northwind' AIRFLOW_CTX_TASK_ID='carregamento_postgres' AIRFLOW_CTX_EXECUTION_DATE='2025-07-09T19:14:11.971822+00:00' AIRFLOW_CTX_TRY_NUMBER='1' AIRFLOW_CTX_DAG_RUN_ID='manual__2025-07-09T19:14:11.971822+00:00'
[2025-07-09T19:14:55.356+0000] {docker.py:359} INFO - Starting docker container from image meltano:latest
[2025-07-09T19:14:55.658+0000] {docker.py:429} INFO - Running meltano install...
[2025-07-09T19:14:56.934+0000] {docker.py:429} INFO - [2m2025-07-09T19:14:56.934065Z[0m [[32m[1minfo     [0m] [1mInstalling 7 plugins          [0m
[2025-07-09T19:14:56.945+0000] {docker.py:429} INFO - [2m2025-07-09T19:14:56.944500Z[0m [[32m[1minfo     [0m] [1mInstalling extractor 'tap-postgres'[0m
[2025-07-09T19:14:56.963+0000] {docker.py:429} INFO - [2m2025-07-09T19:14:56.962150Z[0m [[32m[1minfo     [0m] [1mInstalling extractor 'tap-csv'[0m
[2025-07-09T19:14:56.981+0000] {docker.py:429} INFO - [2m2025-07-09T19:14:56.980446Z[0m [[32m[1minfo     [0m] [1mInstalling extractor 'tap-csv-latest'[0m
[2025-07-09T19:14:57.001+0000] {docker.py:429} INFO - [2m2025-07-09T19:14:57.000677Z[0m [[32m[1minfo     [0m] [1mInstalling loader 'target-postgres'[0m
[2025-07-09T19:14:57.026+0000] {docker.py:429} INFO - [2m2025-07-09T19:14:57.026056Z[0m [[32m[1minfo     [0m] [1mInstalling loader 'target-csv'[0m
[2025-07-09T19:14:57.052+0000] {docker.py:429} INFO - [2m2025-07-09T19:14:57.051904Z[0m [[32m[1minfo     [0m] [1mInstalling loader 'target-csv-postgres'[0m
[2025-07-09T19:14:57.080+0000] {docker.py:429} INFO - [2m2025-07-09T19:14:57.079916Z[0m [[32m[1minfo     [0m] [1mInstalling loader 'target-csv-csv'[0m
[2025-07-09T19:14:58.028+0000] {docker.py:429} INFO - [2m2025-07-09T19:14:58.027113Z[0m [[32m[1minfo     [0m] [1mInstalled extractor 'tap-postgres'[0m
[2025-07-09T19:14:58.092+0000] {docker.py:429} INFO - [2m2025-07-09T19:14:58.091970Z[0m [[32m[1minfo     [0m] [1mInstalled loader 'target-postgres'[0m
[2025-07-09T19:15:01.975+0000] {docker.py:429} INFO - [2m2025-07-09T19:15:01.975052Z[0m [[32m[1minfo     [0m] [1mInstalled extractor 'tap-csv-latest'[0m
[2025-07-09T19:15:02.322+0000] {docker.py:429} INFO - [2m2025-07-09T19:15:02.321126Z[0m [[32m[1minfo     [0m] [1mInstalled loader 'target-csv' [0m
[2025-07-09T19:15:02.722+0000] {docker.py:429} INFO - [2m2025-07-09T19:15:02.721661Z[0m [[32m[1minfo     [0m] [1mInstalled loader 'target-csv-csv'[0m
[2025-07-09T19:15:02.843+0000] {docker.py:429} INFO - [2m2025-07-09T19:15:02.843084Z[0m [[32m[1minfo     [0m] [1mInstalled extractor 'tap-csv' [0m
[2025-07-09T19:15:02.872+0000] {docker.py:429} INFO - [2m2025-07-09T19:15:02.871870Z[0m [[32m[1minfo     [0m] [1mInstalled loader 'target-csv-postgres'[0m
[2025-07-09T19:15:02.873+0000] {docker.py:429} INFO - [2m2025-07-09T19:15:02.872180Z[0m [[32m[1minfo     [0m] [1mInstalled 7/7 plugins         [0m
[2025-07-09T19:15:03.685+0000] {docker.py:429} INFO - Meltano install completed. Executing command: bash -c meltano config tap-csv-latest set csv_files_definition /opt/meltano/config/tap-csv-latest.json && meltano el tap-csv-latest target-postgres
[2025-07-09T19:15:04.631+0000] {docker.py:429} INFO - [2m2025-07-09T19:15:04.631091Z[0m [[32m[1minfo     [0m] [1mThe default environment 'dev' will be ignored for `meltano config`. To configure a specific environment, please use the option `--environment=<environment name>`.[0m
[2025-07-09T19:15:04.824+0000] {docker.py:429} INFO - Extractor 'tap-csv-latest' setting 'csv_files_definition' was set in `meltano.yml`: '/opt/meltano/config/tap-csv-latest.json'
[2025-07-09T19:15:06.732+0000] {docker.py:429} INFO - [2m2025-07-09T19:15:06.731095Z[0m [[32m[1minfo     [0m] [1mEnvironment 'dev' is active   [0m
[2025-07-09T19:15:07.140+0000] {docker.py:429} INFO - [2m2025-07-09T19:15:07.136739Z[0m [[32m[1minfo     [0m] [1mRunning extract & load...     [0m [36mname[0m=[35mmeltano[0m [36mrun_id[0m=[35mcb4f762e-22e3-4e21-89ef-41c3927fad6c[0m [36mstate_id[0m=[35m2025-07-09T191506--tap-csv-latest--target-postgres[0m
[2025-07-09T19:15:08.063+0000] {docker.py:429} INFO - [2m2025-07-09T19:15:08.062445Z[0m [[32m[1minfo     [0m] [1mNo CSV file definitions found.[0m [36mcmd_type[0m=[35mextractor[0m [36mname[0m=[35mtap-csv-latest[0m [36mrun_id[0m=[35mcb4f762e-22e3-4e21-89ef-41c3927fad6c[0m [36mstate_id[0m=[35m2025-07-09T191506--tap-csv-latest--target-postgres[0m [36mstdio[0m=[35mstderr[0m
[2025-07-09T19:15:08.278+0000] {docker.py:429} INFO - [2m2025-07-09T19:15:08.277205Z[0m [[32m[1minfo     [0m] [1mtarget-postgres v0.4.3, Meltano SDK v0.47.4[0m [36mcmd_type[0m=[35mloader[0m [36mname[0m=[35mtarget-postgres[0m [36mrun_id[0m=[35mcb4f762e-22e3-4e21-89ef-41c3927fad6c[0m [36mstate_id[0m=[35m2025-07-09T191506--tap-csv-latest--target-postgres[0m [36mstdio[0m=[35mstderr[0m
[2025-07-09T19:15:08.281+0000] {docker.py:429} INFO - [2m2025-07-09T19:15:08.279904Z[0m [[32m[1minfo     [0m] [1m/opt/meltano/.meltano/loaders/target-postgres/venv/lib/python3.9/site-packages/singer_sdk/plugin_base.py:715: SingerSDKDeprecationWarning: Passing a list of config file paths is deprecated. Please pass the config as a dictionary instead.[0m [36mcmd_type[0m=[35mloader[0m [36mname[0m=[35mtarget-postgres[0m [36mrun_id[0m=[35mcb4f762e-22e3-4e21-89ef-41c3927fad6c[0m [36mstate_id[0m=[35m2025-07-09T191506--tap-csv-latest--target-postgres[0m [36mstdio[0m=[35mstderr[0m
[2m2025-07-09T19:15:08.280470Z[0m [[32m[1minfo     [0m] [1m  super().__init__(           [0m [36mcmd_type[0m=[35mloader[0m [36mname[0m=[35mtarget-postgres[0m [36mrun_id[0m=[35mcb4f762e-22e3-4e21-89ef-41c3927fad6c[0m [36mstate_id[0m=[35m2025-07-09T191506--tap-csv-latest--target-postgres[0m [36mstdio[0m=[35mstderr[0m
[2m2025-07-09T19:15:08.280767Z[0m [[32m[1minfo     [0m] [1m                              [0m [36mcmd_type[0m=[35mloader[0m [36mname[0m=[35mtarget-postgres[0m [36mrun_id[0m=[35mcb4f762e-22e3-4e21-89ef-41c3927fad6c[0m [36mstate_id[0m=[35m2025-07-09T191506--tap-csv-latest--target-postgres[0m [36mstdio[0m=[35mstderr[0m
[2025-07-09T19:15:08.282+0000] {docker.py:429} INFO - [2m2025-07-09T19:15:08.281016Z[0m [[32m[1minfo     [0m] [1mSkipping parse of env var settings...[0m [36mcmd_type[0m=[35mloader[0m [36mname[0m=[35mtarget-postgres[0m [36mrun_id[0m=[35mcb4f762e-22e3-4e21-89ef-41c3927fad6c[0m [36mstate_id[0m=[35m2025-07-09T191506--tap-csv-latest--target-postgres[0m [36mstdio[0m=[35mstderr[0m
[2025-07-09T19:15:08.283+0000] {docker.py:429} INFO - [2m2025-07-09T19:15:08.281536Z[0m [[32m[1minfo     [0m] [1mReader 'target-postgres' completed processing 0 lines of input (0 schemas, 0 records, 0 batch manifests, 0 state messages, 0 activate version messages).[0m [36mcmd_type[0m=[35mloader[0m [36mname[0m=[35mtarget-postgres[0m [36mrun_id[0m=[35mcb4f762e-22e3-4e21-89ef-41c3927fad6c[0m [36mstate_id[0m=[35m2025-07-09T191506--tap-csv-latest--target-postgres[0m [36mstdio[0m=[35mstderr[0m
[2025-07-09T19:15:08.373+0000] {docker.py:429} INFO - [2m2025-07-09T19:15:08.372583Z[0m [[31m[1merror    [0m] [1mExtraction failed             [0m [36mcode[0m=[35m1[0m [36mmessage[0m=[35m'No CSV file definitions found.'[0m [36mname[0m=[35mmeltano[0m [36mrun_id[0m=[35mcb4f762e-22e3-4e21-89ef-41c3927fad6c[0m [36mstate_id[0m=[35m2025-07-09T191506--tap-csv-latest--target-postgres[0m
[2025-07-09T19:15:08.374+0000] {docker.py:429} INFO - [2m2025-07-09T19:15:08.373376Z[0m [[32m[1minfo     [0m] [1mELT could not be completed: Extractor failed.[0m [36mcmd_type[0m=[35melt[0m [36mname[0m=[35mmeltano[0m [36mrun_id[0m=[35mcb4f762e-22e3-4e21-89ef-41c3927fad6c[0m [36mstate_id[0m=[35m2025-07-09T191506--tap-csv-latest--target-postgres[0m [36mstdio[0m=[35mstderr[0m
[2025-07-09T19:15:08.374+0000] {docker.py:429} INFO - [2m2025-07-09T19:15:08.373687Z[0m [[32m[1minfo     [0m] [1mFor more detailed log messages re-run the command using 'meltano --log-level=debug ...' CLI flag.[0m [36mcmd_type[0m=[35melt[0m [36mname[0m=[35mmeltano[0m [36mrun_id[0m=[35mcb4f762e-22e3-4e21-89ef-41c3927fad6c[0m [36mstate_id[0m=[35m2025-07-09T191506--tap-csv-latest--target-postgres[0m [36mstdio[0m=[35mstderr[0m
[2025-07-09T19:15:08.374+0000] {docker.py:429} INFO - [2m2025-07-09T19:15:08.374004Z[0m [[32m[1minfo     [0m] [1mNote that you can also check the generated log file at '/opt/meltano/.meltano/logs/elt/2025-07-09T191506--tap-csv-latest--target-postgres/cb4f762e-22e3-4e21-89ef-41c3927fad6c/elt.log'.[0m [36mcmd_type[0m=[35melt[0m [36mname[0m=[35mmeltano[0m [36mrun_id[0m=[35mcb4f762e-22e3-4e21-89ef-41c3927fad6c[0m [36mstate_id[0m=[35m2025-07-09T191506--tap-csv-latest--target-postgres[0m [36mstdio[0m=[35mstderr[0m
[2025-07-09T19:15:08.374+0000] {docker.py:429} INFO - [2m2025-07-09T19:15:08.374328Z[0m [[32m[1minfo     [0m] [1mFor more information on debugging and logging: https://docs.meltano.com/reference/command-line-interface#debugging[0m [36mcmd_type[0m=[35melt[0m [36mname[0m=[35mmeltano[0m [36mrun_id[0m=[35mcb4f762e-22e3-4e21-89ef-41c3927fad6c[0m [36mstate_id[0m=[35m2025-07-09T191506--tap-csv-latest--target-postgres[0m [36mstdio[0m=[35mstderr[0m
[2025-07-09T19:15:08.389+0000] {docker.py:429} INFO - Need help fixing this problem? Visit http://melta.no/ for troubleshooting steps, or to
join our friendly Slack community.

ELT could not be completed: Extractor failed.
For more detailed log messages re-run the command using 'meltano --log-level=debug ...' CLI flag.
Note that you can also check the generated log file at '/opt/meltano/.meltano/logs/elt/2025-07-09T191506--tap-csv-latest--target-postgres/cb4f762e-22e3-4e21-89ef-41c3927fad6c/elt.log'.
For more information on debugging and logging: https://docs.meltano.com/reference/command-line-interface#debugging
[2025-07-09T19:15:09.459+0000] {taskinstance.py:2698} ERROR - Task failed with exception
Traceback (most recent call last):
  File "/home/airflow/.local/lib/python3.10/site-packages/airflow/models/taskinstance.py", line 433, in _execute_task
    result = execute_callable(context=context, **execute_callable_kwargs)
  File "/home/airflow/.local/lib/python3.10/site-packages/airflow/providers/docker/operators/docker.py", line 502, in execute
    return self._run_image()
  File "/home/airflow/.local/lib/python3.10/site-packages/airflow/providers/docker/operators/docker.py", line 376, in _run_image
    return self._run_image_with_mounts(self.mounts, add_tmp_variable=False)
  File "/home/airflow/.local/lib/python3.10/site-packages/airflow/providers/docker/operators/docker.py", line 437, in _run_image_with_mounts
    raise DockerContainerFailedException(f"Docker container failed: {result!r}", logs=log_lines)
airflow.providers.docker.exceptions.DockerContainerFailedException: Docker container failed: {'StatusCode': 1}
[2025-07-09T19:15:09.467+0000] {taskinstance.py:1138} INFO - Marking task as UP_FOR_RETRY. dag_id=northwind, task_id=carregamento_postgres, execution_date=20250709T191411, start_date=20250709T191455, end_date=20250709T191509
[2025-07-09T19:15:09.485+0000] {standard_task_runner.py:107} ERROR - Failed to execute job 68 for task carregamento_postgres (Docker container failed: {'StatusCode': 1}; 201)
[2025-07-09T19:15:09.530+0000] {local_task_job_runner.py:234} INFO - Task exited with return code 1
[2025-07-09T19:15:09.548+0000] {taskinstance.py:3280} INFO - 0 downstream tasks scheduled from follow-on schedule check
