[2025-07-01T21:01:12.820+0000] {taskinstance.py:1956} INFO - Dependencies all met for dep_context=non-requeueable deps ti=<TaskInstance: northwind.gerar_config_csv_dinamica manual__2025-07-01T21:00:38.277381+00:00 [queued]>
[2025-07-01T21:01:12.827+0000] {taskinstance.py:1956} INFO - Dependencies all met for dep_context=requeueable deps ti=<TaskInstance: northwind.gerar_config_csv_dinamica manual__2025-07-01T21:00:38.277381+00:00 [queued]>
[2025-07-01T21:01:12.827+0000] {taskinstance.py:2170} INFO - Starting attempt 1 of 2
[2025-07-01T21:01:12.838+0000] {taskinstance.py:2191} INFO - Executing <Task(DockerOperator): gerar_config_csv_dinamica> on 2025-07-01 21:00:38.277381+00:00
[2025-07-01T21:01:12.841+0000] {standard_task_runner.py:60} INFO - Started process 194 to run task
[2025-07-01T21:01:12.844+0000] {standard_task_runner.py:87} INFO - Running: ['***', 'tasks', 'run', 'northwind', 'gerar_config_csv_dinamica', 'manual__2025-07-01T21:00:38.277381+00:00', '--job-id', '4', '--raw', '--subdir', 'DAGS_FOLDER/northwind.py', '--cfg-path', '/tmp/tmpa6cyk913']
[2025-07-01T21:01:12.846+0000] {standard_task_runner.py:88} INFO - Job 4: Subtask gerar_config_csv_dinamica
[2025-07-01T21:01:12.886+0000] {task_command.py:423} INFO - Running <TaskInstance: northwind.gerar_config_csv_dinamica manual__2025-07-01T21:00:38.277381+00:00 [running]> on host f5f5293d837b
[2025-07-01T21:01:12.952+0000] {taskinstance.py:2480} INFO - Exporting env vars: AIRFLOW_CTX_DAG_EMAIL='lrbf@cin.ufpe.br' AIRFLOW_CTX_DAG_OWNER='***' AIRFLOW_CTX_DAG_ID='northwind' AIRFLOW_CTX_TASK_ID='gerar_config_csv_dinamica' AIRFLOW_CTX_EXECUTION_DATE='2025-07-01T21:00:38.277381+00:00' AIRFLOW_CTX_TRY_NUMBER='1' AIRFLOW_CTX_DAG_RUN_ID='manual__2025-07-01T21:00:38.277381+00:00'
[2025-07-01T21:01:12.996+0000] {docker.py:359} INFO - Starting docker container from image meltano:latest
[2025-07-01T21:01:13.240+0000] {docker.py:429} INFO - Running meltano install...
[2025-07-01T21:01:14.317+0000] {docker.py:429} INFO - [2m2025-07-01T21:01:14.316700Z[0m [[32m[1minfo     [0m] [1mInstalling 7 plugins          [0m
[2025-07-01T21:01:14.327+0000] {docker.py:429} INFO - [2m2025-07-01T21:01:14.327125Z[0m [[32m[1minfo     [0m] [1mInstalling extractor 'tap-postgres'[0m
[2025-07-01T21:01:14.348+0000] {docker.py:429} INFO - [2m2025-07-01T21:01:14.347956Z[0m [[32m[1minfo     [0m] [1mInstalling extractor 'tap-csv'[0m
[2025-07-01T21:01:14.365+0000] {docker.py:429} INFO - [2m2025-07-01T21:01:14.364531Z[0m [[32m[1minfo     [0m] [1mInstalling extractor 'tap-csv-latest'[0m
[2025-07-01T21:01:14.383+0000] {docker.py:429} INFO - [2m2025-07-01T21:01:14.383130Z[0m [[32m[1minfo     [0m] [1mInstalling loader 'target-postgres'[0m
[2025-07-01T21:01:14.400+0000] {docker.py:429} INFO - [2m2025-07-01T21:01:14.400149Z[0m [[32m[1minfo     [0m] [1mInstalling loader 'target-csv'[0m
[2025-07-01T21:01:14.422+0000] {docker.py:429} INFO - [2m2025-07-01T21:01:14.421800Z[0m [[32m[1minfo     [0m] [1mInstalling loader 'target-csv-postgres'[0m
[2025-07-01T21:01:14.454+0000] {docker.py:429} INFO - [2m2025-07-01T21:01:14.450867Z[0m [[32m[1minfo     [0m] [1mInstalling loader 'target-csv-csv'[0m
[2025-07-01T21:01:15.440+0000] {docker.py:429} INFO - [2m2025-07-01T21:01:15.440021Z[0m [[32m[1minfo     [0m] [1mInstalled extractor 'tap-postgres'[0m
[2025-07-01T21:01:15.483+0000] {docker.py:429} INFO - [2m2025-07-01T21:01:15.482389Z[0m [[32m[1minfo     [0m] [1mInstalled loader 'target-postgres'[0m
[2025-07-01T21:01:20.288+0000] {docker.py:429} INFO - [2m2025-07-01T21:01:20.287164Z[0m [[32m[1minfo     [0m] [1mInstalled extractor 'tap-csv' [0m
[2025-07-01T21:01:20.297+0000] {docker.py:429} INFO - [2m2025-07-01T21:01:20.296601Z[0m [[32m[1minfo     [0m] [1mInstalled extractor 'tap-csv-latest'[0m
[2025-07-01T21:01:20.432+0000] {docker.py:429} INFO - [2m2025-07-01T21:01:20.431518Z[0m [[32m[1minfo     [0m] [1mInstalled loader 'target-csv-postgres'[0m
[2025-07-01T21:01:20.956+0000] {docker.py:429} INFO - [2m2025-07-01T21:01:20.955631Z[0m [[32m[1minfo     [0m] [1mInstalled loader 'target-csv' [0m
[2025-07-01T21:01:21.676+0000] {docker.py:429} INFO - [2m2025-07-01T21:01:21.676079Z[0m [[32m[1minfo     [0m] [1mInstalled loader 'target-csv-csv'[0m
[2m2025-07-01T21:01:21.676352Z[0m [[32m[1minfo     [0m] [1mInstalled 7/7 plugins         [0m
[2025-07-01T21:01:22.433+0000] {docker.py:429} INFO - Meltano install completed. Executing command: python /opt/meltano/scripts/generate_csv_config.py
[2025-07-01T21:01:22.463+0000] {docker.py:429} INFO - {"files": [{"entity": "order_details", "path": "/opt/output_data/csv/order_details/2025-07-01/file.csv", "keys": ["order_id", "product_id"], "delimiter": ",", "encoding": "utf-8"}, {"entity": "public-categories", "path": "/opt/output_data/postgres/public-categories/2025-07-01/file.csv", "keys": ["category_id"], "delimiter": ",", "encoding": "utf-8"}, {"entity": "public-products", "path": "/opt/output_data/postgres/public-products/2025-07-01/file.csv", "keys": ["product_id"], "delimiter": ",", "encoding": "utf-8"}, {"entity": "public-suppliers", "path": "/opt/output_data/postgres/public-suppliers/2025-07-01/file.csv", "keys": ["supplier_id"], "delimiter": ",", "encoding": "utf-8"}, {"entity": "public-orders", "path": "/opt/output_data/postgres/public-orders/2025-07-01/file.csv", "keys": ["order_id"], "delimiter": ",", "encoding": "utf-8"}, {"entity": "public-customers", "path": "/opt/output_data/postgres/public-customers/2025-07-01/file.csv", "keys": ["customer_id"], "delimiter": ",", "encoding": "utf-8"}, {"entity": "public-employees", "path": "/opt/output_data/postgres/public-employees/2025-07-01/file.csv", "keys": ["employee_id"], "delimiter": ",", "encoding": "utf-8"}, {"entity": "public-employee_territories", "path": "/opt/output_data/postgres/public-employee_territories/2025-07-01/file.csv", "keys": ["employee_id", "territory_id"], "delimiter": ",", "encoding": "utf-8"}, {"entity": "public-territories", "path": "/opt/output_data/postgres/public-territories/2025-07-01/file.csv", "keys": ["territory_id"], "delimiter": ",", "encoding": "utf-8"}, {"entity": "public-region", "path": "/opt/output_data/postgres/public-region/2025-07-01/file.csv", "keys": ["region_id"], "delimiter": ",", "encoding": "utf-8"}, {"entity": "public-shippers", "path": "/opt/output_data/postgres/public-shippers/2025-07-01/file.csv", "keys": ["shipper_id"], "delimiter": ",", "encoding": "utf-8"}, {"entity": "public-us_states", "path": "/opt/output_data/postgres/public-us_states/2025-07-01/file.csv", "keys": ["state_id"], "delimiter": ",", "encoding": "utf-8"}]}
[2025-07-01T21:01:22.642+0000] {taskinstance.py:1138} INFO - Marking task as SUCCESS. dag_id=northwind, task_id=gerar_config_csv_dinamica, execution_date=20250701T210038, start_date=20250701T210112, end_date=20250701T210122
[2025-07-01T21:01:22.688+0000] {local_task_job_runner.py:234} INFO - Task exited with return code 0
[2025-07-01T21:01:22.706+0000] {taskinstance.py:3280} INFO - 1 downstream tasks scheduled from follow-on schedule check
