[2025-06-26T16:42:28.057+0000] {taskinstance.py:1956} INFO - Dependencies all met for dep_context=non-requeueable deps ti=<TaskInstance: northwind.extração_csv manual__2025-06-26T16:41:56.595275+00:00 [queued]>
[2025-06-26T16:42:28.069+0000] {taskinstance.py:1956} INFO - Dependencies all met for dep_context=requeueable deps ti=<TaskInstance: northwind.extração_csv manual__2025-06-26T16:41:56.595275+00:00 [queued]>
[2025-06-26T16:42:28.070+0000] {taskinstance.py:2170} INFO - Starting attempt 1 of 2
[2025-06-26T16:42:28.085+0000] {taskinstance.py:2191} INFO - Executing <Task(DockerOperator): extração_csv> on 2025-06-26 16:41:56.595275+00:00
[2025-06-26T16:42:28.091+0000] {standard_task_runner.py:60} INFO - Started process 224 to run task
[2025-06-26T16:42:28.095+0000] {standard_task_runner.py:87} INFO - Running: ['***', 'tasks', 'run', 'northwind', 'extração_csv', 'manual__2025-06-26T16:41:56.595275+00:00', '--job-id', '291', '--raw', '--subdir', 'DAGS_FOLDER/dag.py', '--cfg-path', '/tmp/tmp4o0t5lmt']
[2025-06-26T16:42:28.101+0000] {standard_task_runner.py:88} INFO - Job 291: Subtask extração_csv
[2025-06-26T16:42:28.175+0000] {task_command.py:423} INFO - Running <TaskInstance: northwind.extração_csv manual__2025-06-26T16:41:56.595275+00:00 [running]> on host 6afc1f3750fb
[2025-06-26T16:42:28.268+0000] {taskinstance.py:2480} INFO - Exporting env vars: AIRFLOW_CTX_DAG_EMAIL='lrbf@cin.ufpe.br' AIRFLOW_CTX_DAG_OWNER='***' AIRFLOW_CTX_DAG_ID='northwind' AIRFLOW_CTX_TASK_ID='extração_csv' AIRFLOW_CTX_EXECUTION_DATE='2025-06-26T16:41:56.595275+00:00' AIRFLOW_CTX_TRY_NUMBER='1' AIRFLOW_CTX_DAG_RUN_ID='manual__2025-06-26T16:41:56.595275+00:00'
[2025-06-26T16:42:28.489+0000] {docker.py:359} INFO - Starting docker container from image meltano:latest
[2025-06-26T16:42:28.498+0000] {docker.py:367} WARNING - Using remote engine or docker-in-docker and mounting temporary volume from host is not supported. Falling back to `mount_tmp_dir=False` mode. You can set `mount_tmp_dir` parameter to False to disable mounting and remove the warning
[2025-06-26T16:42:29.020+0000] {docker.py:429} INFO - Running meltano install...
[2025-06-26T16:42:30.541+0000] {docker.py:429} INFO - [2m2025-06-26T16:42:30.540191Z[0m [[32m[1minfo     [0m] [1mInstalling 7 plugins          [0m
[2025-06-26T16:42:30.555+0000] {docker.py:429} INFO - [2m2025-06-26T16:42:30.554331Z[0m [[32m[1minfo     [0m] [1mInstalling extractor 'tap-postgres'[0m
[2025-06-26T16:42:30.570+0000] {docker.py:429} INFO - [2m2025-06-26T16:42:30.569929Z[0m [[32m[1minfo     [0m] [1mInstalling extractor 'tap-csv'[0m
[2025-06-26T16:42:30.590+0000] {docker.py:429} INFO - [2m2025-06-26T16:42:30.589426Z[0m [[32m[1minfo     [0m] [1mInstalling extractor 'tap-csv-latest'[0m
[2025-06-26T16:42:30.619+0000] {docker.py:429} INFO - [2m2025-06-26T16:42:30.618084Z[0m [[32m[1minfo     [0m] [1mInstalling loader 'target-postgres'[0m
[2025-06-26T16:42:30.649+0000] {docker.py:429} INFO - [2m2025-06-26T16:42:30.648266Z[0m [[32m[1minfo     [0m] [1mInstalling loader 'target-csv'[0m
[2025-06-26T16:42:30.688+0000] {docker.py:429} INFO - [2m2025-06-26T16:42:30.682694Z[0m [[32m[1minfo     [0m] [1mInstalling loader 'target-csv-postgres'[0m
[2025-06-26T16:42:30.725+0000] {docker.py:429} INFO - [2m2025-06-26T16:42:30.722678Z[0m [[32m[1minfo     [0m] [1mInstalling loader 'target-csv-csv'[0m
[2025-06-26T16:42:32.458+0000] {docker.py:429} INFO - [2m2025-06-26T16:42:32.457820Z[0m [[32m[1minfo     [0m] [1mInstalled extractor 'tap-postgres'[0m
[2025-06-26T16:42:32.499+0000] {docker.py:429} INFO - [2m2025-06-26T16:42:32.498570Z[0m [[32m[1minfo     [0m] [1mInstalled loader 'target-postgres'[0m
[2025-06-26T16:42:35.694+0000] {docker.py:429} INFO - [2m2025-06-26T16:42:35.693038Z[0m [[32m[1minfo     [0m] [1mInstalled extractor 'tap-csv-latest'[0m
[2025-06-26T16:42:35.746+0000] {docker.py:429} INFO - [2m2025-06-26T16:42:35.745641Z[0m [[32m[1minfo     [0m] [1mInstalled extractor 'tap-csv' [0m
[2025-06-26T16:42:37.063+0000] {docker.py:429} INFO - [2m2025-06-26T16:42:37.062112Z[0m [[32m[1minfo     [0m] [1mInstalled loader 'target-csv' [0m
[2025-06-26T16:42:37.291+0000] {docker.py:429} INFO - [2m2025-06-26T16:42:37.290683Z[0m [[32m[1minfo     [0m] [1mInstalled loader 'target-csv-csv'[0m
[2025-06-26T16:42:37.536+0000] {docker.py:429} INFO - [2m2025-06-26T16:42:37.534779Z[0m [[32m[1minfo     [0m] [1mInstalled loader 'target-csv-postgres'[0m
[2025-06-26T16:42:37.537+0000] {docker.py:429} INFO - [2m2025-06-26T16:42:37.535503Z[0m [[32m[1minfo     [0m] [1mInstalled 7/7 plugins         [0m
[2025-06-26T16:42:38.545+0000] {docker.py:429} INFO - Meltano install completed. Executing command: meltano el tap-csv target-csv-csv
[2025-06-26T16:42:40.096+0000] {docker.py:429} INFO - [2m2025-06-26T16:42:40.095366Z[0m [[32m[1minfo     [0m] [1mEnvironment 'dev' is active   [0m
[2025-06-26T16:42:40.458+0000] {docker.py:429} INFO - [2m2025-06-26T16:42:40.458004Z[0m [[32m[1minfo     [0m] [1mRunning extract & load...     [0m [36mname[0m=[35mmeltano[0m [36mrun_id[0m=[35m75e8f33d-166d-425c-b743-c54a3168cd9b[0m [36mstate_id[0m=[35m2025-06-26T164240--tap-csv--target-csv-csv[0m
[2025-06-26T16:42:41.926+0000] {docker.py:429} INFO - [2m2025-06-26T16:42:41.925568Z[0m [[32m[1minfo     [0m] [1mINFO Sending version information to singer.io. To disable sending anonymous usage data, set the config parameter "disable_collection" to true[0m [36mcmd_type[0m=[35mloader[0m [36mname[0m=[35mtarget-csv-csv[0m [36mrun_id[0m=[35m75e8f33d-166d-425c-b743-c54a3168cd9b[0m [36mstate_id[0m=[35m2025-06-26T164240--tap-csv--target-csv-csv[0m [36mstdio[0m=[35mstderr[0m
[2025-06-26T16:42:42.386+0000] {docker.py:429} INFO - [2m2025-06-26T16:42:42.385364Z[0m [[32m[1minfo     [0m] [1mBeginning full_table sync of 'order_details'...[0m [36mcmd_type[0m=[35mextractor[0m [36mname[0m=[35mtap-csv[0m [36mrun_id[0m=[35m75e8f33d-166d-425c-b743-c54a3168cd9b[0m [36mstate_id[0m=[35m2025-06-26T164240--tap-csv--target-csv-csv[0m [36mstdio[0m=[35mstderr[0m
[2m2025-06-26T16:42:42.385680Z[0m [[32m[1minfo     [0m] [1mTap has custom mapper. Using 1 provided map(s).[0m [36mcmd_type[0m=[35mextractor[0m [36mname[0m=[35mtap-csv[0m [36mrun_id[0m=[35m75e8f33d-166d-425c-b743-c54a3168cd9b[0m [36mstate_id[0m=[35m2025-06-26T164240--tap-csv--target-csv-csv[0m [36mstdio[0m=[35mstderr[0m
[2025-06-26T16:42:42.611+0000] {docker.py:429} INFO - [2m2025-06-26T16:42:42.610292Z[0m [[32m[1minfo     [0m] [1mMETRIC: {"type": "timer", "metric": "sync_duration", "value": 0.2243201732635498, "tags": {"stream": "order_details", "pid": 176, "context": {}, "status": "succeeded"}}[0m [36mcmd_type[0m=[35mextractor[0m [36mname[0m=[35mtap-csv[0m [36mrun_id[0m=[35m75e8f33d-166d-425c-b743-c54a3168cd9b[0m [36mstate_id[0m=[35m2025-06-26T164240--tap-csv--target-csv-csv[0m [36mstdio[0m=[35mstderr[0m
[2025-06-26T16:42:42.612+0000] {docker.py:429} INFO - [2m2025-06-26T16:42:42.611265Z[0m [[32m[1minfo     [0m] [1mMETRIC: {"type": "counter", "metric": "record_count", "value": 2155, "tags": {"stream": "order_details", "pid": 176, "context": {}}}[0m [36mcmd_type[0m=[35mextractor[0m [36mname[0m=[35mtap-csv[0m [36mrun_id[0m=[35m75e8f33d-166d-425c-b743-c54a3168cd9b[0m [36mstate_id[0m=[35m2025-06-26T164240--tap-csv--target-csv-csv[0m [36mstdio[0m=[35mstderr[0m
[2025-06-26T16:42:42.731+0000] {docker.py:429} INFO - [2m2025-06-26T16:42:42.730624Z[0m [[32m[1minfo     [0m] [1mUsing systemdb state backend  [0m
[2025-06-26T16:42:42.744+0000] {docker.py:429} INFO - [2m2025-06-26T16:42:42.743888Z[0m [[32m[1minfo     [0m] [1mIncremental state has been updated at 2025-06-26 16:42:42.743848+00:00.[0m
[2025-06-26T16:42:42.751+0000] {docker.py:429} INFO - [2m2025-06-26T16:42:42.749253Z[0m [[32m[1minfo     [0m] [1mExtract & load complete!      [0m [36mname[0m=[35mmeltano[0m [36mrun_id[0m=[35m75e8f33d-166d-425c-b743-c54a3168cd9b[0m [36mstate_id[0m=[35m2025-06-26T164240--tap-csv--target-csv-csv[0m
[2025-06-26T16:42:42.752+0000] {docker.py:429} INFO - [2m2025-06-26T16:42:42.749848Z[0m [[32m[1minfo     [0m] [1mTransformation skipped.       [0m [36mname[0m=[35mmeltano[0m [36mrun_id[0m=[35m75e8f33d-166d-425c-b743-c54a3168cd9b[0m [36mstate_id[0m=[35m2025-06-26T164240--tap-csv--target-csv-csv[0m
[2025-06-26T16:42:44.129+0000] {taskinstance.py:1138} INFO - Marking task as SUCCESS. dag_id=northwind, task_id=extração_csv, execution_date=20250626T164156, start_date=20250626T164228, end_date=20250626T164244
[2025-06-26T16:42:44.157+0000] {local_task_job_runner.py:234} INFO - Task exited with return code 0
[2025-06-26T16:42:44.193+0000] {taskinstance.py:3280} INFO - 2 downstream tasks scheduled from follow-on schedule check
