[2025-07-10T14:33:49.473+0000] {taskinstance.py:1956} INFO - Dependencies all met for dep_context=non-requeueable deps ti=<TaskInstance: northwind.extração_csv manual__2025-07-10T14:33:27.673902+00:00 [queued]>
[2025-07-10T14:33:49.486+0000] {taskinstance.py:1956} INFO - Dependencies all met for dep_context=requeueable deps ti=<TaskInstance: northwind.extração_csv manual__2025-07-10T14:33:27.673902+00:00 [queued]>
[2025-07-10T14:33:49.486+0000] {taskinstance.py:2170} INFO - Starting attempt 1 of 2
[2025-07-10T14:33:49.503+0000] {taskinstance.py:2191} INFO - Executing <Task(DockerOperator): extração_csv> on 2025-07-10 14:33:27.673902+00:00
[2025-07-10T14:33:49.513+0000] {standard_task_runner.py:60} INFO - Started process 177 to run task
[2025-07-10T14:33:49.517+0000] {standard_task_runner.py:87} INFO - Running: ['***', 'tasks', 'run', 'northwind', 'extração_csv', 'manual__2025-07-10T14:33:27.673902+00:00', '--job-id', '72', '--raw', '--subdir', 'DAGS_FOLDER/northwind.py', '--cfg-path', '/tmp/tmpjj3u2gim']
[2025-07-10T14:33:49.520+0000] {standard_task_runner.py:88} INFO - Job 72: Subtask extração_csv
[2025-07-10T14:33:49.574+0000] {task_command.py:423} INFO - Running <TaskInstance: northwind.extração_csv manual__2025-07-10T14:33:27.673902+00:00 [running]> on host 876a3c2fff5d
[2025-07-10T14:33:49.666+0000] {taskinstance.py:2480} INFO - Exporting env vars: AIRFLOW_CTX_DAG_EMAIL='lrbf@cin.ufpe.br' AIRFLOW_CTX_DAG_OWNER='***' AIRFLOW_CTX_DAG_ID='northwind' AIRFLOW_CTX_TASK_ID='extração_csv' AIRFLOW_CTX_EXECUTION_DATE='2025-07-10T14:33:27.673902+00:00' AIRFLOW_CTX_TRY_NUMBER='1' AIRFLOW_CTX_DAG_RUN_ID='manual__2025-07-10T14:33:27.673902+00:00'
[2025-07-10T14:33:49.755+0000] {docker.py:359} INFO - Starting docker container from image meltano:latest
[2025-07-10T14:33:50.169+0000] {docker.py:429} INFO - Running meltano install...
[2025-07-10T14:33:52.250+0000] {docker.py:429} INFO - [2m2025-07-10T14:33:52.249382Z[0m [[32m[1minfo     [0m] [1mInstalling 7 plugins          [0m
[2025-07-10T14:33:52.268+0000] {docker.py:429} INFO - [2m2025-07-10T14:33:52.266936Z[0m [[32m[1minfo     [0m] [1mInstalling extractor 'tap-postgres'[0m
[2025-07-10T14:33:52.297+0000] {docker.py:429} INFO - [2m2025-07-10T14:33:52.294999Z[0m [[32m[1minfo     [0m] [1mInstalling extractor 'tap-csv'[0m
[2025-07-10T14:33:52.345+0000] {docker.py:429} INFO - [2m2025-07-10T14:33:52.343561Z[0m [[32m[1minfo     [0m] [1mInstalling extractor 'tap-csv-latest'[0m
[2025-07-10T14:33:52.391+0000] {docker.py:429} INFO - [2m2025-07-10T14:33:52.390349Z[0m [[32m[1minfo     [0m] [1mInstalling loader 'target-postgres'[0m
[2025-07-10T14:33:52.420+0000] {docker.py:429} INFO - [2m2025-07-10T14:33:52.418898Z[0m [[32m[1minfo     [0m] [1mInstalling loader 'target-csv'[0m
[2025-07-10T14:33:52.465+0000] {docker.py:429} INFO - [2m2025-07-10T14:33:52.463458Z[0m [[32m[1minfo     [0m] [1mInstalling loader 'target-csv-postgres'[0m
[2025-07-10T14:33:52.503+0000] {docker.py:429} INFO - [2m2025-07-10T14:33:52.502389Z[0m [[32m[1minfo     [0m] [1mInstalling loader 'target-csv-csv'[0m
[2025-07-10T14:33:53.951+0000] {docker.py:429} INFO - [2m2025-07-10T14:33:53.950250Z[0m [[32m[1minfo     [0m] [1mInstalled extractor 'tap-postgres'[0m
[2025-07-10T14:33:53.967+0000] {docker.py:429} INFO - [2m2025-07-10T14:33:53.966264Z[0m [[32m[1minfo     [0m] [1mInstalled loader 'target-postgres'[0m
[2025-07-10T14:33:58.534+0000] {docker.py:429} INFO - [2m2025-07-10T14:33:58.533236Z[0m [[32m[1minfo     [0m] [1mInstalled extractor 'tap-csv-latest'[0m
[2025-07-10T14:33:59.126+0000] {docker.py:429} INFO - [2m2025-07-10T14:33:59.125823Z[0m [[32m[1minfo     [0m] [1mInstalled extractor 'tap-csv' [0m
[2025-07-10T14:33:59.679+0000] {docker.py:429} INFO - [2m2025-07-10T14:33:59.678759Z[0m [[32m[1minfo     [0m] [1mInstalled loader 'target-csv' [0m
[2025-07-10T14:33:59.778+0000] {docker.py:429} INFO - [2m2025-07-10T14:33:59.777932Z[0m [[32m[1minfo     [0m] [1mInstalled loader 'target-csv-csv'[0m
[2025-07-10T14:33:59.876+0000] {docker.py:429} INFO - [2m2025-07-10T14:33:59.876115Z[0m [[32m[1minfo     [0m] [1mInstalled loader 'target-csv-postgres'[0m
[2025-07-10T14:33:59.878+0000] {docker.py:429} INFO - [2m2025-07-10T14:33:59.876658Z[0m [[32m[1minfo     [0m] [1mInstalled 7/7 plugins         [0m
[2025-07-10T14:34:00.950+0000] {docker.py:429} INFO - Meltano install completed. Executing command: meltano el tap-csv target-csv-csv
[2025-07-10T14:34:02.996+0000] {docker.py:429} INFO - [2m2025-07-10T14:34:02.995337Z[0m [[32m[1minfo     [0m] [1mEnvironment 'dev' is active   [0m
[2025-07-10T14:34:03.511+0000] {docker.py:429} INFO - [2m2025-07-10T14:34:03.511070Z[0m [[32m[1minfo     [0m] [1mRunning extract & load...     [0m [36mname[0m=[35mmeltano[0m [36mrun_id[0m=[35m033d8fd7-390d-4a6a-93c1-7d3142425ed6[0m [36mstate_id[0m=[35m2025-07-10T143403--tap-csv--target-csv-csv[0m
[2025-07-10T14:34:04.722+0000] {docker.py:429} INFO - [2m2025-07-10T14:34:04.721369Z[0m [[32m[1minfo     [0m] [1mINFO Sending version information to singer.io. To disable sending anonymous usage data, set the config parameter "disable_collection" to true[0m [36mcmd_type[0m=[35mloader[0m [36mname[0m=[35mtarget-csv-csv[0m [36mrun_id[0m=[35m033d8fd7-390d-4a6a-93c1-7d3142425ed6[0m [36mstate_id[0m=[35m2025-07-10T143403--tap-csv--target-csv-csv[0m [36mstdio[0m=[35mstderr[0m
[2025-07-10T14:34:05.434+0000] {docker.py:429} INFO - [2m2025-07-10T14:34:05.432439Z[0m [[32m[1minfo     [0m] [1m/opt/meltano/.meltano/extractors/tap-csv/venv/lib/python3.9/site-packages/singer_sdk/tap_base.py:516: SingerSDKDeprecationWarning: Passing a catalog file path is deprecated. Please pass the catalog as a dictionary or Catalog object instead.[0m [36mcmd_type[0m=[35mextractor[0m [36mname[0m=[35mtap-csv[0m [36mrun_id[0m=[35m033d8fd7-390d-4a6a-93c1-7d3142425ed6[0m [36mstate_id[0m=[35m2025-07-10T143403--tap-csv--target-csv-csv[0m [36mstdio[0m=[35mstderr[0m
[2025-07-10T14:34:05.435+0000] {docker.py:429} INFO - [2m2025-07-10T14:34:05.433362Z[0m [[32m[1minfo     [0m] [1m  tap = cls(                  [0m [36mcmd_type[0m=[35mextractor[0m [36mname[0m=[35mtap-csv[0m [36mrun_id[0m=[35m033d8fd7-390d-4a6a-93c1-7d3142425ed6[0m [36mstate_id[0m=[35m2025-07-10T143403--tap-csv--target-csv-csv[0m [36mstdio[0m=[35mstderr[0m
[2025-07-10T14:34:05.437+0000] {docker.py:429} INFO - [2m2025-07-10T14:34:05.434213Z[0m [[32m[1minfo     [0m] [1m                              [0m [36mcmd_type[0m=[35mextractor[0m [36mname[0m=[35mtap-csv[0m [36mrun_id[0m=[35m033d8fd7-390d-4a6a-93c1-7d3142425ed6[0m [36mstate_id[0m=[35m2025-07-10T143403--tap-csv--target-csv-csv[0m [36mstdio[0m=[35mstderr[0m
[2025-07-10T14:34:05.437+0000] {docker.py:429} INFO - [2m2025-07-10T14:34:05.435380Z[0m [[32m[1minfo     [0m] [1mBeginning full_table sync of 'order_details'...[0m [36mcmd_type[0m=[35mextractor[0m [36mname[0m=[35mtap-csv[0m [36mrun_id[0m=[35m033d8fd7-390d-4a6a-93c1-7d3142425ed6[0m [36mstate_id[0m=[35m2025-07-10T143403--tap-csv--target-csv-csv[0m [36mstdio[0m=[35mstderr[0m
[2025-07-10T14:34:05.438+0000] {docker.py:429} INFO - [2m2025-07-10T14:34:05.436291Z[0m [[32m[1minfo     [0m] [1mTap has custom mapper. Using 1 provided map(s).[0m [36mcmd_type[0m=[35mextractor[0m [36mname[0m=[35mtap-csv[0m [36mrun_id[0m=[35m033d8fd7-390d-4a6a-93c1-7d3142425ed6[0m [36mstate_id[0m=[35m2025-07-10T143403--tap-csv--target-csv-csv[0m [36mstdio[0m=[35mstderr[0m
[2025-07-10T14:34:05.712+0000] {docker.py:429} INFO - [2m2025-07-10T14:34:05.711870Z[0m [[32m[1minfo     [0m] [1mMETRIC: {"type": "timer", "metric": "sync_duration", "value": 0.27605438232421875, "tags": {"stream": "order_details", "pid": 176, "context": {}, "status": "succeeded"}}[0m [36mcmd_type[0m=[35mextractor[0m [36mname[0m=[35mtap-csv[0m [36mrun_id[0m=[35m033d8fd7-390d-4a6a-93c1-7d3142425ed6[0m [36mstate_id[0m=[35m2025-07-10T143403--tap-csv--target-csv-csv[0m [36mstdio[0m=[35mstderr[0m
[2025-07-10T14:34:05.713+0000] {docker.py:429} INFO - [2m2025-07-10T14:34:05.712447Z[0m [[32m[1minfo     [0m] [1mMETRIC: {"type": "counter", "metric": "record_count", "value": 2155, "tags": {"stream": "order_details", "pid": 176, "context": {}}}[0m [36mcmd_type[0m=[35mextractor[0m [36mname[0m=[35mtap-csv[0m [36mrun_id[0m=[35m033d8fd7-390d-4a6a-93c1-7d3142425ed6[0m [36mstate_id[0m=[35m2025-07-10T143403--tap-csv--target-csv-csv[0m [36mstdio[0m=[35mstderr[0m
[2025-07-10T14:34:05.864+0000] {docker.py:429} INFO - [2m2025-07-10T14:34:05.863372Z[0m [[32m[1minfo     [0m] [1mUsing systemdb state backend  [0m
[2025-07-10T14:34:05.877+0000] {docker.py:429} INFO - [2m2025-07-10T14:34:05.876322Z[0m [[32m[1minfo     [0m] [1mIncremental state has been updated at 2025-07-10 14:34:05.876279+00:00.[0m
[2025-07-10T14:34:05.878+0000] {docker.py:429} INFO - [2m2025-07-10T14:34:05.877844Z[0m [[32m[1minfo     [0m] [1mExtract & load complete!      [0m [36mname[0m=[35mmeltano[0m [36mrun_id[0m=[35m033d8fd7-390d-4a6a-93c1-7d3142425ed6[0m [36mstate_id[0m=[35m2025-07-10T143403--tap-csv--target-csv-csv[0m
[2025-07-10T14:34:05.879+0000] {docker.py:429} INFO - [2m2025-07-10T14:34:05.878217Z[0m [[32m[1minfo     [0m] [1mTransformation skipped.       [0m [36mname[0m=[35mmeltano[0m [36mrun_id[0m=[35m033d8fd7-390d-4a6a-93c1-7d3142425ed6[0m [36mstate_id[0m=[35m2025-07-10T143403--tap-csv--target-csv-csv[0m
[2025-07-10T14:34:07.291+0000] {taskinstance.py:1138} INFO - Marking task as SUCCESS. dag_id=northwind, task_id=extração_csv, execution_date=20250710T143327, start_date=20250710T143349, end_date=20250710T143407
[2025-07-10T14:34:07.341+0000] {local_task_job_runner.py:234} INFO - Task exited with return code 0
[2025-07-10T14:34:07.384+0000] {taskinstance.py:3280} INFO - 1 downstream tasks scheduled from follow-on schedule check
