[2025-06-25T20:26:20.575+0000] {taskinstance.py:1956} INFO - Dependencies all met for dep_context=non-requeueable deps ti=<TaskInstance: northwind.extração_csv manual__2025-06-25T20:25:36.532955+00:00 [queued]>
[2025-06-25T20:26:20.598+0000] {taskinstance.py:1956} INFO - Dependencies all met for dep_context=requeueable deps ti=<TaskInstance: northwind.extração_csv manual__2025-06-25T20:25:36.532955+00:00 [queued]>
[2025-06-25T20:26:20.599+0000] {taskinstance.py:2170} INFO - Starting attempt 1 of 2
[2025-06-25T20:26:20.619+0000] {taskinstance.py:2191} INFO - Executing <Task(DockerOperator): extração_csv> on 2025-06-25 20:25:36.532955+00:00
[2025-06-25T20:26:20.624+0000] {standard_task_runner.py:60} INFO - Started process 222 to run task
[2025-06-25T20:26:20.630+0000] {standard_task_runner.py:87} INFO - Running: ['***', 'tasks', 'run', 'northwind', 'extração_csv', 'manual__2025-06-25T20:25:36.532955+00:00', '--job-id', '169', '--raw', '--subdir', 'DAGS_FOLDER/dag.py', '--cfg-path', '/tmp/tmpgg0gt8t2']
[2025-06-25T20:26:20.632+0000] {standard_task_runner.py:88} INFO - Job 169: Subtask extração_csv
[2025-06-25T20:26:20.685+0000] {task_command.py:423} INFO - Running <TaskInstance: northwind.extração_csv manual__2025-06-25T20:25:36.532955+00:00 [running]> on host 6afc1f3750fb
[2025-06-25T20:26:20.793+0000] {taskinstance.py:2480} INFO - Exporting env vars: AIRFLOW_CTX_DAG_EMAIL='lrbf@cin.ufpe.br' AIRFLOW_CTX_DAG_OWNER='***' AIRFLOW_CTX_DAG_ID='northwind' AIRFLOW_CTX_TASK_ID='extração_csv' AIRFLOW_CTX_EXECUTION_DATE='2025-06-25T20:25:36.532955+00:00' AIRFLOW_CTX_TRY_NUMBER='1' AIRFLOW_CTX_DAG_RUN_ID='manual__2025-06-25T20:25:36.532955+00:00'
[2025-06-25T20:26:20.971+0000] {docker.py:359} INFO - Starting docker container from image meltano:latest
[2025-06-25T20:26:20.979+0000] {docker.py:367} WARNING - Using remote engine or docker-in-docker and mounting temporary volume from host is not supported. Falling back to `mount_tmp_dir=False` mode. You can set `mount_tmp_dir` parameter to False to disable mounting and remove the warning
[2025-06-25T20:26:21.652+0000] {docker.py:429} INFO - Running meltano install...
[2025-06-25T20:26:23.684+0000] {docker.py:429} INFO - [2m2025-06-25T20:26:23.682997Z[0m [[32m[1minfo     [0m] [1mInstalling 7 plugins          [0m
[2025-06-25T20:26:23.703+0000] {docker.py:429} INFO - [2m2025-06-25T20:26:23.703124Z[0m [[32m[1minfo     [0m] [1mInstalling extractor 'tap-postgres'[0m
[2025-06-25T20:26:23.723+0000] {docker.py:429} INFO - [2m2025-06-25T20:26:23.723163Z[0m [[32m[1minfo     [0m] [1mInstalling extractor 'tap-csv'[0m
[2025-06-25T20:26:23.775+0000] {docker.py:429} INFO - [2m2025-06-25T20:26:23.774670Z[0m [[32m[1minfo     [0m] [1mInstalling extractor 'tap-csv-latest'[0m
[2025-06-25T20:26:23.810+0000] {docker.py:429} INFO - [2m2025-06-25T20:26:23.809315Z[0m [[32m[1minfo     [0m] [1mInstalling loader 'target-postgres'[0m
[2025-06-25T20:26:23.838+0000] {docker.py:429} INFO - [2m2025-06-25T20:26:23.837175Z[0m [[32m[1minfo     [0m] [1mInstalling loader 'target-csv'[0m
[2025-06-25T20:26:23.867+0000] {docker.py:429} INFO - [2m2025-06-25T20:26:23.866351Z[0m [[32m[1minfo     [0m] [1mInstalling loader 'target-csv-postgres'[0m
[2025-06-25T20:26:23.909+0000] {docker.py:429} INFO - [2m2025-06-25T20:26:23.906992Z[0m [[32m[1minfo     [0m] [1mInstalling loader 'target-csv-csv'[0m
[2025-06-25T20:26:26.012+0000] {docker.py:429} INFO - [2m2025-06-25T20:26:26.011827Z[0m [[32m[1minfo     [0m] [1mInstalled extractor 'tap-postgres'[0m
[2025-06-25T20:26:26.070+0000] {docker.py:429} INFO - [2m2025-06-25T20:26:26.069730Z[0m [[32m[1minfo     [0m] [1mInstalled loader 'target-postgres'[0m
[2025-06-25T20:26:32.207+0000] {docker.py:429} INFO - [2m2025-06-25T20:26:32.206308Z[0m [[32m[1minfo     [0m] [1mInstalled extractor 'tap-csv-latest'[0m
[2025-06-25T20:26:32.232+0000] {docker.py:429} INFO - [2m2025-06-25T20:26:32.231831Z[0m [[32m[1minfo     [0m] [1mInstalled extractor 'tap-csv' [0m
[2025-06-25T20:26:33.741+0000] {docker.py:429} INFO - [2m2025-06-25T20:26:33.741284Z[0m [[32m[1minfo     [0m] [1mInstalled loader 'target-csv' [0m
[2025-06-25T20:26:34.091+0000] {docker.py:429} INFO - [2m2025-06-25T20:26:34.090023Z[0m [[32m[1minfo     [0m] [1mInstalled loader 'target-csv-csv'[0m
[2025-06-25T20:26:34.207+0000] {docker.py:429} INFO - [2m2025-06-25T20:26:34.206117Z[0m [[32m[1minfo     [0m] [1mInstalled loader 'target-csv-postgres'[0m
[2m2025-06-25T20:26:34.206405Z[0m [[32m[1minfo     [0m] [1mInstalled 7/7 plugins         [0m
[2025-06-25T20:26:35.182+0000] {docker.py:429} INFO - Meltano install completed. Executing command: meltano el tap-csv target-csv-csv
[2025-06-25T20:26:36.303+0000] {docker.py:429} INFO - [2m2025-06-25T20:26:36.302538Z[0m [[32m[1minfo     [0m] [1mEnvironment 'dev' is active   [0m
[2025-06-25T20:26:36.724+0000] {docker.py:429} INFO - [2m2025-06-25T20:26:36.723638Z[0m [[32m[1minfo     [0m] [1mRunning extract & load...     [0m [36mname[0m=[35mmeltano[0m [36mrun_id[0m=[35me0647821-0f8f-4a45-96ba-76c1d49d924a[0m [36mstate_id[0m=[35m2025-06-25T202636--tap-csv--target-csv-csv[0m
[2025-06-25T20:26:38.082+0000] {docker.py:429} INFO - [2m2025-06-25T20:26:38.080958Z[0m [[32m[1minfo     [0m] [1mINFO Sending version information to singer.io. To disable sending anonymous usage data, set the config parameter "disable_collection" to true[0m [36mcmd_type[0m=[35mloader[0m [36mname[0m=[35mtarget-csv-csv[0m [36mrun_id[0m=[35me0647821-0f8f-4a45-96ba-76c1d49d924a[0m [36mstate_id[0m=[35m2025-06-25T202636--tap-csv--target-csv-csv[0m [36mstdio[0m=[35mstderr[0m
[2025-06-25T20:26:38.313+0000] {docker.py:429} INFO - [2m2025-06-25T20:26:38.312576Z[0m [[32m[1minfo     [0m] [1mBeginning full_table sync of 'order_details'...[0m [36mcmd_type[0m=[35mextractor[0m [36mname[0m=[35mtap-csv[0m [36mrun_id[0m=[35me0647821-0f8f-4a45-96ba-76c1d49d924a[0m [36mstate_id[0m=[35m2025-06-25T202636--tap-csv--target-csv-csv[0m [36mstdio[0m=[35mstderr[0m
[2m2025-06-25T20:26:38.312884Z[0m [[32m[1minfo     [0m] [1mTap has custom mapper. Using 1 provided map(s).[0m [36mcmd_type[0m=[35mextractor[0m [36mname[0m=[35mtap-csv[0m [36mrun_id[0m=[35me0647821-0f8f-4a45-96ba-76c1d49d924a[0m [36mstate_id[0m=[35m2025-06-25T202636--tap-csv--target-csv-csv[0m [36mstdio[0m=[35mstderr[0m
[2025-06-25T20:26:38.507+0000] {docker.py:429} INFO - [2m2025-06-25T20:26:38.506823Z[0m [[32m[1minfo     [0m] [1mMETRIC: {"type": "timer", "metric": "sync_duration", "value": 0.19377946853637695, "tags": {"stream": "order_details", "pid": 176, "context": {}, "status": "succeeded"}}[0m [36mcmd_type[0m=[35mextractor[0m [36mname[0m=[35mtap-csv[0m [36mrun_id[0m=[35me0647821-0f8f-4a45-96ba-76c1d49d924a[0m [36mstate_id[0m=[35m2025-06-25T202636--tap-csv--target-csv-csv[0m [36mstdio[0m=[35mstderr[0m
[2025-06-25T20:26:38.508+0000] {docker.py:429} INFO - [2m2025-06-25T20:26:38.507255Z[0m [[32m[1minfo     [0m] [1mMETRIC: {"type": "counter", "metric": "record_count", "value": 2155, "tags": {"stream": "order_details", "pid": 176, "context": {}}}[0m [36mcmd_type[0m=[35mextractor[0m [36mname[0m=[35mtap-csv[0m [36mrun_id[0m=[35me0647821-0f8f-4a45-96ba-76c1d49d924a[0m [36mstate_id[0m=[35m2025-06-25T202636--tap-csv--target-csv-csv[0m [36mstdio[0m=[35mstderr[0m
[2025-06-25T20:26:38.633+0000] {docker.py:429} INFO - [2m2025-06-25T20:26:38.633218Z[0m [[32m[1minfo     [0m] [1mUsing systemdb state backend  [0m
[2025-06-25T20:26:38.646+0000] {docker.py:429} INFO - [2m2025-06-25T20:26:38.645166Z[0m [[32m[1minfo     [0m] [1mIncremental state has been updated at 2025-06-25 20:26:38.645118+00:00.[0m
[2025-06-25T20:26:38.653+0000] {docker.py:429} INFO - [2m2025-06-25T20:26:38.652286Z[0m [[32m[1minfo     [0m] [1mExtract & load complete!      [0m [36mname[0m=[35mmeltano[0m [36mrun_id[0m=[35me0647821-0f8f-4a45-96ba-76c1d49d924a[0m [36mstate_id[0m=[35m2025-06-25T202636--tap-csv--target-csv-csv[0m
[2m2025-06-25T20:26:38.652528Z[0m [[32m[1minfo     [0m] [1mTransformation skipped.       [0m [36mname[0m=[35mmeltano[0m [36mrun_id[0m=[35me0647821-0f8f-4a45-96ba-76c1d49d924a[0m [36mstate_id[0m=[35m2025-06-25T202636--tap-csv--target-csv-csv[0m
[2025-06-25T20:26:40.046+0000] {taskinstance.py:1138} INFO - Marking task as SUCCESS. dag_id=northwind, task_id=extração_csv, execution_date=20250625T202536, start_date=20250625T202620, end_date=20250625T202640
[2025-06-25T20:26:40.066+0000] {local_task_job_runner.py:234} INFO - Task exited with return code 0
[2025-06-25T20:26:40.095+0000] {taskinstance.py:3280} INFO - 1 downstream tasks scheduled from follow-on schedule check
