[2025-06-26T17:12:51.583+0000] {taskinstance.py:1956} INFO - Dependencies all met for dep_context=non-requeueable deps ti=<TaskInstance: northwind.gerar_config_csv_dinamica manual__2025-06-26T17:12:00.298704+00:00 [queued]>
[2025-06-26T17:12:51.596+0000] {taskinstance.py:1956} INFO - Dependencies all met for dep_context=requeueable deps ti=<TaskInstance: northwind.gerar_config_csv_dinamica manual__2025-06-26T17:12:00.298704+00:00 [queued]>
[2025-06-26T17:12:51.597+0000] {taskinstance.py:2170} INFO - Starting attempt 1 of 2
[2025-06-26T17:12:51.615+0000] {taskinstance.py:2191} INFO - Executing <Task(DockerOperator): gerar_config_csv_dinamica> on 2025-06-26 17:12:00.298704+00:00
[2025-06-26T17:12:51.622+0000] {standard_task_runner.py:60} INFO - Started process 332 to run task
[2025-06-26T17:12:51.626+0000] {standard_task_runner.py:87} INFO - Running: ['***', 'tasks', 'run', 'northwind', 'gerar_config_csv_dinamica', 'manual__2025-06-26T17:12:00.298704+00:00', '--job-id', '307', '--raw', '--subdir', 'DAGS_FOLDER/dag.py', '--cfg-path', '/tmp/tmpck9sx4_9']
[2025-06-26T17:12:51.630+0000] {standard_task_runner.py:88} INFO - Job 307: Subtask gerar_config_csv_dinamica
[2025-06-26T17:12:51.688+0000] {task_command.py:423} INFO - Running <TaskInstance: northwind.gerar_config_csv_dinamica manual__2025-06-26T17:12:00.298704+00:00 [running]> on host 6afc1f3750fb
[2025-06-26T17:12:51.785+0000] {taskinstance.py:2480} INFO - Exporting env vars: AIRFLOW_CTX_DAG_EMAIL='lrbf@cin.ufpe.br' AIRFLOW_CTX_DAG_OWNER='***' AIRFLOW_CTX_DAG_ID='northwind' AIRFLOW_CTX_TASK_ID='gerar_config_csv_dinamica' AIRFLOW_CTX_EXECUTION_DATE='2025-06-26T17:12:00.298704+00:00' AIRFLOW_CTX_TRY_NUMBER='1' AIRFLOW_CTX_DAG_RUN_ID='manual__2025-06-26T17:12:00.298704+00:00'
[2025-06-26T17:12:51.981+0000] {docker.py:359} INFO - Starting docker container from image meltano:latest
[2025-06-26T17:12:52.348+0000] {docker.py:429} INFO - Running meltano install...
[2025-06-26T17:12:51.495+0000] {docker.py:429} INFO - [2m2025-06-26T17:12:51.494442Z[0m [[32m[1minfo     [0m] [1mInstalling 7 plugins          [0m
[2025-06-26T17:12:51.510+0000] {docker.py:429} INFO - [2m2025-06-26T17:12:51.509417Z[0m [[32m[1minfo     [0m] [1mInstalling extractor 'tap-postgres'[0m
[2025-06-26T17:12:51.527+0000] {docker.py:429} INFO - [2m2025-06-26T17:12:51.526840Z[0m [[32m[1minfo     [0m] [1mInstalling extractor 'tap-csv'[0m
[2025-06-26T17:12:51.544+0000] {docker.py:429} INFO - [2m2025-06-26T17:12:51.543769Z[0m [[32m[1minfo     [0m] [1mInstalling extractor 'tap-csv-latest'[0m
[2025-06-26T17:12:51.570+0000] {docker.py:429} INFO - [2m2025-06-26T17:12:51.569617Z[0m [[32m[1minfo     [0m] [1mInstalling loader 'target-postgres'[0m
[2025-06-26T17:12:51.606+0000] {docker.py:429} INFO - [2m2025-06-26T17:12:51.605633Z[0m [[32m[1minfo     [0m] [1mInstalling loader 'target-csv'[0m
[2025-06-26T17:12:51.645+0000] {docker.py:429} INFO - [2m2025-06-26T17:12:51.644468Z[0m [[32m[1minfo     [0m] [1mInstalling loader 'target-csv-postgres'[0m
[2025-06-26T17:12:51.699+0000] {docker.py:429} INFO - [2m2025-06-26T17:12:51.692466Z[0m [[32m[1minfo     [0m] [1mInstalling loader 'target-csv-csv'[0m
[2025-06-26T17:12:53.515+0000] {docker.py:429} INFO - [2m2025-06-26T17:12:53.514637Z[0m [[32m[1minfo     [0m] [1mInstalled extractor 'tap-postgres'[0m
[2025-06-26T17:12:53.707+0000] {docker.py:429} INFO - [2m2025-06-26T17:12:53.707026Z[0m [[32m[1minfo     [0m] [1mInstalled loader 'target-postgres'[0m
[2025-06-26T17:12:59.131+0000] {docker.py:429} INFO - [2m2025-06-26T17:12:59.130651Z[0m [[32m[1minfo     [0m] [1mInstalled extractor 'tap-csv-latest'[0m
[2025-06-26T17:12:59.598+0000] {docker.py:429} INFO - [2m2025-06-26T17:12:59.597745Z[0m [[32m[1minfo     [0m] [1mInstalled extractor 'tap-csv' [0m
[2025-06-26T17:13:02.607+0000] {docker.py:429} INFO - [2m2025-06-26T17:13:02.606393Z[0m [[32m[1minfo     [0m] [1mInstalled loader 'target-csv' [0m
[2025-06-26T17:13:02.865+0000] {docker.py:429} INFO - [2m2025-06-26T17:13:02.864404Z[0m [[32m[1minfo     [0m] [1mInstalled loader 'target-csv-csv'[0m
[2025-06-26T17:13:03.257+0000] {docker.py:429} INFO - [2m2025-06-26T17:13:03.257043Z[0m [[32m[1minfo     [0m] [1mInstalled loader 'target-csv-postgres'[0m
[2m2025-06-26T17:13:03.257338Z[0m [[32m[1minfo     [0m] [1mInstalled 7/7 plugins         [0m
[2025-06-26T17:13:04.198+0000] {docker.py:429} INFO - Meltano install completed. Executing command: python /opt/meltano/scripts/generate_tap_csv_config.py
[2025-06-26T17:13:04.237+0000] {docker.py:429} INFO - {"files": [{"entity": "order_details", "path": "/opt/output_data/csv/order_details/2025-06-26/file.csv", "keys": ["order_id", "product_id"], "delimiter": ",", "encoding": "utf-8"}, {"entity": "public-categories", "path": "/opt/output_data/postgres/public-categories/2025-06-26/file.csv", "keys": ["category_id"], "delimiter": ",", "encoding": "utf-8"}, {"entity": "public-products", "path": "/opt/output_data/postgres/public-products/2025-06-26/file.csv", "keys": ["product_id"], "delimiter": ",", "encoding": "utf-8"}, {"entity": "public-suppliers", "path": "/opt/output_data/postgres/public-suppliers/2025-06-26/file.csv", "keys": ["supplier_id"], "delimiter": ",", "encoding": "utf-8"}, {"entity": "public-orders", "path": "/opt/output_data/postgres/public-orders/2025-06-26/file.csv", "keys": ["order_id"], "delimiter": ",", "encoding": "utf-8"}, {"entity": "public-customers", "path": "/opt/output_data/postgres/public-customers/2025-06-26/file.csv", "keys": ["customer_id"], "delimiter": ",", "encoding": "utf-8"}, {"entity": "public-employees", "path": "/opt/output_data/postgres/public-employees/2025-06-26/file.csv", "keys": ["employee_id"], "delimiter": ",", "encoding": "utf-8"}, {"entity": "public-employee_territories", "path": "/opt/output_data/postgres/public-employee_territories/2025-06-26/file.csv", "keys": ["employee_id", "territory_id"], "delimiter": ",", "encoding": "utf-8"}, {"entity": "public-territories", "path": "/opt/output_data/postgres/public-territories/2025-06-26/file.csv", "keys": ["territory_id"], "delimiter": ",", "encoding": "utf-8"}, {"entity": "public-region", "path": "/opt/output_data/postgres/public-region/2025-06-26/file.csv", "keys": ["region_id"], "delimiter": ",", "encoding": "utf-8"}, {"entity": "public-shippers", "path": "/opt/output_data/postgres/public-shippers/2025-06-26/file.csv", "keys": ["shipper_id"], "delimiter": ",", "encoding": "utf-8"}, {"entity": "public-us_states", "path": "/opt/output_data/postgres/public-us_states/2025-06-26/file.csv", "keys": ["state_id"], "delimiter": ",", "encoding": "utf-8"}]}
[2025-06-26T17:13:04.468+0000] {taskinstance.py:1138} INFO - Marking task as SUCCESS. dag_id=northwind, task_id=gerar_config_csv_dinamica, execution_date=20250626T171200, start_date=20250626T171251, end_date=20250626T171304
[2025-06-26T17:13:04.513+0000] {local_task_job_runner.py:234} INFO - Task exited with return code 0
[2025-06-26T17:13:04.532+0000] {taskinstance.py:3280} INFO - 1 downstream tasks scheduled from follow-on schedule check
