[2025-06-27T19:42:17.711+0000] {taskinstance.py:1956} INFO - Dependencies all met for dep_context=non-requeueable deps ti=<TaskInstance: northwind.carregamento_postgres manual__2025-06-27T19:35:07.119700+00:00 [queued]>
[2025-06-27T19:42:17.798+0000] {taskinstance.py:1956} INFO - Dependencies all met for dep_context=requeueable deps ti=<TaskInstance: northwind.carregamento_postgres manual__2025-06-27T19:35:07.119700+00:00 [queued]>
[2025-06-27T19:42:17.801+0000] {taskinstance.py:2170} INFO - Starting attempt 1 of 2
[2025-06-27T19:42:17.946+0000] {taskinstance.py:2191} INFO - Executing <Task(DockerOperator): carregamento_postgres> on 2025-06-27 19:35:07.119700+00:00
[2025-06-27T19:42:18.001+0000] {standard_task_runner.py:60} INFO - Started process 276 to run task
[2025-06-27T19:42:18.057+0000] {standard_task_runner.py:87} INFO - Running: ['***', 'tasks', 'run', 'northwind', 'carregamento_postgres', 'manual__2025-06-27T19:35:07.119700+00:00', '--job-id', '341', '--raw', '--subdir', 'DAGS_FOLDER/dag.py', '--cfg-path', '/tmp/tmp1yzbw3ot']
[2025-06-27T19:42:18.087+0000] {standard_task_runner.py:88} INFO - Job 341: Subtask carregamento_postgres
[2025-06-27T19:42:18.603+0000] {task_command.py:423} INFO - Running <TaskInstance: northwind.carregamento_postgres manual__2025-06-27T19:35:07.119700+00:00 [running]> on host 6afc1f3750fb
[2025-06-27T19:42:19.577+0000] {taskinstance.py:2480} INFO - Exporting env vars: AIRFLOW_CTX_DAG_EMAIL='lrbf@cin.ufpe.br' AIRFLOW_CTX_DAG_OWNER='***' AIRFLOW_CTX_DAG_ID='northwind' AIRFLOW_CTX_TASK_ID='carregamento_postgres' AIRFLOW_CTX_EXECUTION_DATE='2025-06-27T19:35:07.119700+00:00' AIRFLOW_CTX_TRY_NUMBER='1' AIRFLOW_CTX_DAG_RUN_ID='manual__2025-06-27T19:35:07.119700+00:00'
[2025-06-27T19:42:20.147+0000] {docker.py:359} INFO - Starting docker container from image meltano:latest
[2025-06-27T19:42:22.361+0000] {docker.py:429} INFO - Running meltano install...
[2025-06-27T19:42:33.935+0000] {docker.py:429} INFO - [2m2025-06-27T19:42:33.931160Z[0m [[32m[1minfo     [0m] [1mInstalling 7 plugins          [0m
[2025-06-27T19:42:34.070+0000] {docker.py:429} INFO - [2m2025-06-27T19:42:34.066382Z[0m [[32m[1minfo     [0m] [1mInstalling extractor 'tap-postgres'[0m
[2025-06-27T19:42:34.284+0000] {docker.py:429} INFO - [2m2025-06-27T19:42:34.280357Z[0m [[32m[1minfo     [0m] [1mInstalling extractor 'tap-csv'[0m
[2025-06-27T19:42:34.511+0000] {docker.py:429} INFO - [2m2025-06-27T19:42:34.506397Z[0m [[32m[1minfo     [0m] [1mInstalling extractor 'tap-csv-latest'[0m
[2025-06-27T19:42:34.719+0000] {docker.py:429} INFO - [2m2025-06-27T19:42:34.714824Z[0m [[32m[1minfo     [0m] [1mInstalling loader 'target-postgres'[0m
[2025-06-27T19:42:34.998+0000] {docker.py:429} INFO - [2m2025-06-27T19:42:34.992231Z[0m [[32m[1minfo     [0m] [1mInstalling loader 'target-csv'[0m
[2025-06-27T19:42:35.325+0000] {docker.py:429} INFO - [2m2025-06-27T19:42:35.321081Z[0m [[32m[1minfo     [0m] [1mInstalling loader 'target-csv-postgres'[0m
[2025-06-27T19:42:35.673+0000] {docker.py:429} INFO - [2m2025-06-27T19:42:35.668145Z[0m [[32m[1minfo     [0m] [1mInstalling loader 'target-csv-csv'[0m
[2025-06-27T19:42:53.431+0000] {docker.py:429} INFO - [2m2025-06-27T19:42:53.418763Z[0m [[32m[1minfo     [0m] [1mInstalled extractor 'tap-postgres'[0m
[2025-06-27T19:42:54.488+0000] {docker.py:429} INFO - [2m2025-06-27T19:42:54.483277Z[0m [[32m[1minfo     [0m] [1mInstalled loader 'target-postgres'[0m
[2025-06-27T19:43:33.767+0000] {docker.py:429} INFO - [2m2025-06-27T19:43:33.762691Z[0m [[32m[1minfo     [0m] [1mInstalled extractor 'tap-csv-latest'[0m
[2025-06-27T19:43:34.525+0000] {docker.py:429} INFO - [2m2025-06-27T19:43:34.518648Z[0m [[32m[1minfo     [0m] [1mInstalled extractor 'tap-csv' [0m
[2025-06-27T19:43:48.520+0000] {docker.py:429} INFO - [2m2025-06-27T19:43:48.512042Z[0m [[32m[1minfo     [0m] [1mInstalled loader 'target-csv' [0m
[2025-06-27T19:43:52.259+0000] {docker.py:429} INFO - [2m2025-06-27T19:43:52.255481Z[0m [[32m[1minfo     [0m] [1mInstalled loader 'target-csv-csv'[0m
[2025-06-27T19:43:52.691+0000] {docker.py:429} INFO - [2m2025-06-27T19:43:52.687254Z[0m [[32m[1minfo     [0m] [1mInstalled loader 'target-csv-postgres'[0m
[2025-06-27T19:43:52.694+0000] {docker.py:429} INFO - [2m2025-06-27T19:43:52.690193Z[0m [[32m[1minfo     [0m] [1mInstalled 7/7 plugins         [0m
[2025-06-27T19:43:55.312+0000] {docker.py:429} INFO - Meltano install completed. Executing command: el tap-csv-latest target-postgres
[2025-06-27T19:43:55.422+0000] {docker.py:429} INFO - /usr/local/bin/entrypoint.sh: line 23: exec: el: not found
[2025-06-27T19:43:56.565+0000] {taskinstance.py:2698} ERROR - Task failed with exception
Traceback (most recent call last):
  File "/home/airflow/.local/lib/python3.10/site-packages/airflow/models/taskinstance.py", line 433, in _execute_task
    result = execute_callable(context=context, **execute_callable_kwargs)
  File "/home/airflow/.local/lib/python3.10/site-packages/airflow/providers/docker/operators/docker.py", line 502, in execute
    return self._run_image()
  File "/home/airflow/.local/lib/python3.10/site-packages/airflow/providers/docker/operators/docker.py", line 376, in _run_image
    return self._run_image_with_mounts(self.mounts, add_tmp_variable=False)
  File "/home/airflow/.local/lib/python3.10/site-packages/airflow/providers/docker/operators/docker.py", line 437, in _run_image_with_mounts
    raise DockerContainerFailedException(f"Docker container failed: {result!r}", logs=log_lines)
airflow.providers.docker.exceptions.DockerContainerFailedException: Docker container failed: {'StatusCode': 127}
[2025-06-27T19:43:56.671+0000] {taskinstance.py:1138} INFO - Marking task as UP_FOR_RETRY. dag_id=northwind, task_id=carregamento_postgres, execution_date=20250627T193507, start_date=20250627T194217, end_date=20250627T194356
[2025-06-27T19:43:56.988+0000] {standard_task_runner.py:107} ERROR - Failed to execute job 341 for task carregamento_postgres (Docker container failed: {'StatusCode': 127}; 276)
[2025-06-27T19:43:57.128+0000] {local_task_job_runner.py:234} INFO - Task exited with return code 1
[2025-06-27T19:43:57.358+0000] {taskinstance.py:3280} INFO - 0 downstream tasks scheduled from follow-on schedule check
