[2025-07-01T20:47:34.743+0000] {taskinstance.py:1956} INFO - Dependencies all met for dep_context=non-requeueable deps ti=<TaskInstance: northwind.carregamento_postgres manual__2025-07-01T20:46:52.697703+00:00 [queued]>
[2025-07-01T20:47:34.750+0000] {taskinstance.py:1956} INFO - Dependencies all met for dep_context=requeueable deps ti=<TaskInstance: northwind.carregamento_postgres manual__2025-07-01T20:46:52.697703+00:00 [queued]>
[2025-07-01T20:47:34.751+0000] {taskinstance.py:2170} INFO - Starting attempt 1 of 2
[2025-07-01T20:47:34.762+0000] {taskinstance.py:2191} INFO - Executing <Task(DockerOperator): carregamento_postgres> on 2025-07-01 20:46:52.697703+00:00
[2025-07-01T20:47:34.765+0000] {standard_task_runner.py:60} INFO - Started process 188 to run task
[2025-07-01T20:47:34.768+0000] {standard_task_runner.py:87} INFO - Running: ['***', 'tasks', 'run', 'northwind', 'carregamento_postgres', 'manual__2025-07-01T20:46:52.697703+00:00', '--job-id', '11', '--raw', '--subdir', 'DAGS_FOLDER/northwind.py', '--cfg-path', '/tmp/tmph7t8m1am']
[2025-07-01T20:47:34.770+0000] {standard_task_runner.py:88} INFO - Job 11: Subtask carregamento_postgres
[2025-07-01T20:47:34.814+0000] {task_command.py:423} INFO - Running <TaskInstance: northwind.carregamento_postgres manual__2025-07-01T20:46:52.697703+00:00 [running]> on host add15e81f04d
[2025-07-01T20:47:34.885+0000] {taskinstance.py:2480} INFO - Exporting env vars: AIRFLOW_CTX_DAG_EMAIL='lrbf@cin.ufpe.br' AIRFLOW_CTX_DAG_OWNER='***' AIRFLOW_CTX_DAG_ID='northwind' AIRFLOW_CTX_TASK_ID='carregamento_postgres' AIRFLOW_CTX_EXECUTION_DATE='2025-07-01T20:46:52.697703+00:00' AIRFLOW_CTX_TRY_NUMBER='1' AIRFLOW_CTX_DAG_RUN_ID='manual__2025-07-01T20:46:52.697703+00:00'
[2025-07-01T20:47:34.944+0000] {docker.py:359} INFO - Starting docker container from image meltano:latest
[2025-07-01T20:47:35.238+0000] {docker.py:429} INFO - Running meltano install...
[2025-07-01T20:47:36.418+0000] {docker.py:429} INFO - [2m2025-07-01T20:47:36.416595Z[0m [[32m[1minfo     [0m] [1mInstalling 7 plugins          [0m
[2025-07-01T20:47:36.429+0000] {docker.py:429} INFO - [2m2025-07-01T20:47:36.428703Z[0m [[32m[1minfo     [0m] [1mInstalling extractor 'tap-postgres'[0m
[2025-07-01T20:47:36.449+0000] {docker.py:429} INFO - [2m2025-07-01T20:47:36.448464Z[0m [[32m[1minfo     [0m] [1mInstalling extractor 'tap-csv'[0m
[2025-07-01T20:47:36.466+0000] {docker.py:429} INFO - [2m2025-07-01T20:47:36.465904Z[0m [[32m[1minfo     [0m] [1mInstalling extractor 'tap-csv-latest'[0m
[2025-07-01T20:47:36.487+0000] {docker.py:429} INFO - [2m2025-07-01T20:47:36.486899Z[0m [[32m[1minfo     [0m] [1mInstalling loader 'target-postgres'[0m
[2025-07-01T20:47:36.512+0000] {docker.py:429} INFO - [2m2025-07-01T20:47:36.511367Z[0m [[32m[1minfo     [0m] [1mInstalling loader 'target-csv'[0m
[2025-07-01T20:47:36.538+0000] {docker.py:429} INFO - [2m2025-07-01T20:47:36.537141Z[0m [[32m[1minfo     [0m] [1mInstalling loader 'target-csv-postgres'[0m
[2025-07-01T20:47:36.569+0000] {docker.py:429} INFO - [2m2025-07-01T20:47:36.568457Z[0m [[32m[1minfo     [0m] [1mInstalling loader 'target-csv-csv'[0m
[2025-07-01T20:47:37.436+0000] {docker.py:429} INFO - [2m2025-07-01T20:47:37.435425Z[0m [[32m[1minfo     [0m] [1mInstalled extractor 'tap-postgres'[0m
[2025-07-01T20:47:37.501+0000] {docker.py:429} INFO - [2m2025-07-01T20:47:37.501043Z[0m [[32m[1minfo     [0m] [1mInstalled loader 'target-postgres'[0m
[2025-07-01T20:47:42.146+0000] {docker.py:429} INFO - [2m2025-07-01T20:47:42.146094Z[0m [[32m[1minfo     [0m] [1mInstalled extractor 'tap-csv' [0m
[2025-07-01T20:47:42.149+0000] {docker.py:429} INFO - [2m2025-07-01T20:47:42.148393Z[0m [[32m[1minfo     [0m] [1mInstalled extractor 'tap-csv-latest'[0m
[2025-07-01T20:47:43.124+0000] {docker.py:429} INFO - [2m2025-07-01T20:47:43.123865Z[0m [[32m[1minfo     [0m] [1mInstalled loader 'target-csv-csv'[0m
[2025-07-01T20:47:43.219+0000] {docker.py:429} INFO - [2m2025-07-01T20:47:43.219276Z[0m [[32m[1minfo     [0m] [1mInstalled loader 'target-csv' [0m
[2025-07-01T20:47:43.257+0000] {docker.py:429} INFO - [2m2025-07-01T20:47:43.256577Z[0m [[32m[1minfo     [0m] [1mInstalled loader 'target-csv-postgres'[0m
[2025-07-01T20:47:43.257+0000] {docker.py:429} INFO - [2m2025-07-01T20:47:43.256871Z[0m [[32m[1minfo     [0m] [1mInstalled 7/7 plugins         [0m
[2025-07-01T20:47:44.015+0000] {docker.py:429} INFO - Meltano install completed. Executing command: meltano config tap-csv --discover > /opt/meltano/config/tap-csv-latest.json & meltano el tap-csv --config target-postgres
[2025-07-01T20:47:44.961+0000] {docker.py:429} INFO - [2m2025-07-01T20:47:44.961077Z[0m [[32m[1minfo     [0m] [1mThe default environment 'dev' will be ignored for `meltano config`. To configure a specific environment, please use the option `--environment=<environment name>`.[0m
[2025-07-01T20:47:44.963+0000] {docker.py:429} INFO - Usage: meltano config [OPTIONS] PLUGIN_NAME COMMAND [ARGS]...
Try 'meltano config --help' for help.

Error: Missing parameter: plugin_name
[2025-07-01T20:47:45.889+0000] {taskinstance.py:2698} ERROR - Task failed with exception
Traceback (most recent call last):
  File "/home/airflow/.local/lib/python3.10/site-packages/airflow/models/taskinstance.py", line 433, in _execute_task
    result = execute_callable(context=context, **execute_callable_kwargs)
  File "/home/airflow/.local/lib/python3.10/site-packages/airflow/providers/docker/operators/docker.py", line 502, in execute
    return self._run_image()
  File "/home/airflow/.local/lib/python3.10/site-packages/airflow/providers/docker/operators/docker.py", line 376, in _run_image
    return self._run_image_with_mounts(self.mounts, add_tmp_variable=False)
  File "/home/airflow/.local/lib/python3.10/site-packages/airflow/providers/docker/operators/docker.py", line 437, in _run_image_with_mounts
    raise DockerContainerFailedException(f"Docker container failed: {result!r}", logs=log_lines)
airflow.providers.docker.exceptions.DockerContainerFailedException: Docker container failed: {'StatusCode': 2}
[2025-07-01T20:47:45.891+0000] {taskinstance.py:1138} INFO - Marking task as UP_FOR_RETRY. dag_id=northwind, task_id=carregamento_postgres, execution_date=20250701T204652, start_date=20250701T204734, end_date=20250701T204745
[2025-07-01T20:47:45.904+0000] {standard_task_runner.py:107} ERROR - Failed to execute job 11 for task carregamento_postgres (Docker container failed: {'StatusCode': 2}; 188)
[2025-07-01T20:47:45.913+0000] {local_task_job_runner.py:234} INFO - Task exited with return code 1
[2025-07-01T20:47:45.933+0000] {taskinstance.py:3280} INFO - 0 downstream tasks scheduled from follow-on schedule check
