[2025-07-10T13:14:51.092+0000] {taskinstance.py:1956} INFO - Dependencies all met for dep_context=non-requeueable deps ti=<TaskInstance: northwind.extração_csv manual__2025-07-10T13:14:31.461161+00:00 [queued]>
[2025-07-10T13:14:51.099+0000] {taskinstance.py:1956} INFO - Dependencies all met for dep_context=requeueable deps ti=<TaskInstance: northwind.extração_csv manual__2025-07-10T13:14:31.461161+00:00 [queued]>
[2025-07-10T13:14:51.099+0000] {taskinstance.py:2170} INFO - Starting attempt 1 of 2
[2025-07-10T13:14:51.110+0000] {taskinstance.py:2191} INFO - Executing <Task(DockerOperator): extração_csv> on 2025-07-10 13:14:31.461161+00:00
[2025-07-10T13:14:51.114+0000] {standard_task_runner.py:60} INFO - Started process 184 to run task
[2025-07-10T13:14:51.117+0000] {standard_task_runner.py:87} INFO - Running: ['***', 'tasks', 'run', 'northwind', 'extração_csv', 'manual__2025-07-10T13:14:31.461161+00:00', '--job-id', '51', '--raw', '--subdir', 'DAGS_FOLDER/northwind.py', '--cfg-path', '/tmp/tmpd0vo7pwh']
[2025-07-10T13:14:51.119+0000] {standard_task_runner.py:88} INFO - Job 51: Subtask extração_csv
[2025-07-10T13:14:51.164+0000] {task_command.py:423} INFO - Running <TaskInstance: northwind.extração_csv manual__2025-07-10T13:14:31.461161+00:00 [running]> on host 02c8d6df9c11
[2025-07-10T13:14:51.233+0000] {taskinstance.py:2480} INFO - Exporting env vars: AIRFLOW_CTX_DAG_EMAIL='lrbf@cin.ufpe.br' AIRFLOW_CTX_DAG_OWNER='***' AIRFLOW_CTX_DAG_ID='northwind' AIRFLOW_CTX_TASK_ID='extração_csv' AIRFLOW_CTX_EXECUTION_DATE='2025-07-10T13:14:31.461161+00:00' AIRFLOW_CTX_TRY_NUMBER='1' AIRFLOW_CTX_DAG_RUN_ID='manual__2025-07-10T13:14:31.461161+00:00'
[2025-07-10T13:14:51.289+0000] {docker.py:359} INFO - Starting docker container from image meltano:latest
[2025-07-10T13:14:51.575+0000] {docker.py:429} INFO - Running meltano install...
[2025-07-10T13:14:52.953+0000] {docker.py:429} INFO - [2m2025-07-10T13:14:52.952803Z[0m [[32m[1minfo     [0m] [1mInstalling 7 plugins          [0m
[2025-07-10T13:14:52.964+0000] {docker.py:429} INFO - [2m2025-07-10T13:14:52.964078Z[0m [[32m[1minfo     [0m] [1mInstalling extractor 'tap-postgres'[0m
[2025-07-10T13:14:52.995+0000] {docker.py:429} INFO - [2m2025-07-10T13:14:52.993269Z[0m [[32m[1minfo     [0m] [1mInstalling extractor 'tap-csv'[0m
[2025-07-10T13:14:53.029+0000] {docker.py:429} INFO - [2m2025-07-10T13:14:53.028010Z[0m [[32m[1minfo     [0m] [1mInstalling extractor 'tap-csv-latest'[0m
[2025-07-10T13:14:53.068+0000] {docker.py:429} INFO - [2m2025-07-10T13:14:53.066143Z[0m [[32m[1minfo     [0m] [1mInstalling loader 'target-postgres'[0m
[2025-07-10T13:14:53.112+0000] {docker.py:429} INFO - [2m2025-07-10T13:14:53.111486Z[0m [[32m[1minfo     [0m] [1mInstalling loader 'target-csv'[0m
[2025-07-10T13:14:53.151+0000] {docker.py:429} INFO - [2m2025-07-10T13:14:53.150001Z[0m [[32m[1minfo     [0m] [1mInstalling loader 'target-csv-postgres'[0m
[2025-07-10T13:14:53.201+0000] {docker.py:429} INFO - [2m2025-07-10T13:14:53.199898Z[0m [[32m[1minfo     [0m] [1mInstalling loader 'target-csv-csv'[0m
[2025-07-10T13:14:54.659+0000] {docker.py:429} INFO - [2m2025-07-10T13:14:54.658420Z[0m [[32m[1minfo     [0m] [1mInstalled extractor 'tap-postgres'[0m
[2025-07-10T13:14:54.665+0000] {docker.py:429} INFO - [2m2025-07-10T13:14:54.663922Z[0m [[32m[1minfo     [0m] [1mInstalled loader 'target-postgres'[0m
[2025-07-10T13:14:56.166+0000] {docker.py:429} INFO - [2m2025-07-10T13:14:56.165570Z[0m [[32m[1minfo     [0m] [1mInstalled extractor 'tap-csv' [0m
[2025-07-10T13:14:56.173+0000] {docker.py:429} INFO - [2m2025-07-10T13:14:56.171898Z[0m [[32m[1minfo     [0m] [1mInstalled extractor 'tap-csv-latest'[0m
[2025-07-10T13:14:56.747+0000] {docker.py:429} INFO - [2m2025-07-10T13:14:56.746961Z[0m [[32m[1minfo     [0m] [1mInstalled loader 'target-csv' [0m
[2025-07-10T13:14:57.203+0000] {docker.py:429} INFO - [2m2025-07-10T13:14:57.203014Z[0m [[32m[1minfo     [0m] [1mInstalled loader 'target-csv-postgres'[0m
[2025-07-10T13:14:57.219+0000] {docker.py:429} INFO - [2m2025-07-10T13:14:57.218470Z[0m [[32m[1minfo     [0m] [1mInstalled loader 'target-csv-csv'[0m
[2025-07-10T13:14:57.219+0000] {docker.py:429} INFO - [2m2025-07-10T13:14:57.218929Z[0m [[32m[1minfo     [0m] [1mInstalled 7/7 plugins         [0m
[2025-07-10T13:14:58.023+0000] {docker.py:429} INFO - Meltano install completed. Executing command: meltano el tap-csv target-csv-csv
[2025-07-10T13:14:58.964+0000] {docker.py:429} INFO - [2m2025-07-10T13:14:58.963465Z[0m [[32m[1minfo     [0m] [1mEnvironment 'dev' is active   [0m
[2025-07-10T13:14:59.320+0000] {docker.py:429} INFO - [2m2025-07-10T13:14:59.319101Z[0m [[32m[1minfo     [0m] [1mRunning extract & load...     [0m [36mname[0m=[35mmeltano[0m [36mrun_id[0m=[35m4fc20921-9b7b-41e8-9a5c-513737a460b7[0m [36mstate_id[0m=[35m2025-07-10T131459--tap-csv--target-csv-csv[0m
[2025-07-10T13:15:00.325+0000] {docker.py:429} INFO - [2m2025-07-10T13:15:00.324477Z[0m [[32m[1minfo     [0m] [1mINFO Sending version information to singer.io. To disable sending anonymous usage data, set the config parameter "disable_collection" to true[0m [36mcmd_type[0m=[35mloader[0m [36mname[0m=[35mtarget-csv-csv[0m [36mrun_id[0m=[35m4fc20921-9b7b-41e8-9a5c-513737a460b7[0m [36mstate_id[0m=[35m2025-07-10T131459--tap-csv--target-csv-csv[0m [36mstdio[0m=[35mstderr[0m
[2025-07-10T13:15:00.594+0000] {docker.py:429} INFO - [2m2025-07-10T13:15:00.594134Z[0m [[32m[1minfo     [0m] [1m/opt/meltano/.meltano/extractors/tap-csv/venv/lib/python3.9/site-packages/singer_sdk/tap_base.py:516: SingerSDKDeprecationWarning: Passing a catalog file path is deprecated. Please pass the catalog as a dictionary or Catalog object instead.[0m [36mcmd_type[0m=[35mextractor[0m [36mname[0m=[35mtap-csv[0m [36mrun_id[0m=[35m4fc20921-9b7b-41e8-9a5c-513737a460b7[0m [36mstate_id[0m=[35m2025-07-10T131459--tap-csv--target-csv-csv[0m [36mstdio[0m=[35mstderr[0m
[2025-07-10T13:15:00.595+0000] {docker.py:429} INFO - [2m2025-07-10T13:15:00.594533Z[0m [[32m[1minfo     [0m] [1m  tap = cls(                  [0m [36mcmd_type[0m=[35mextractor[0m [36mname[0m=[35mtap-csv[0m [36mrun_id[0m=[35m4fc20921-9b7b-41e8-9a5c-513737a460b7[0m [36mstate_id[0m=[35m2025-07-10T131459--tap-csv--target-csv-csv[0m [36mstdio[0m=[35mstderr[0m
[2025-07-10T13:15:00.595+0000] {docker.py:429} INFO - [2m2025-07-10T13:15:00.594773Z[0m [[32m[1minfo     [0m] [1m                              [0m [36mcmd_type[0m=[35mextractor[0m [36mname[0m=[35mtap-csv[0m [36mrun_id[0m=[35m4fc20921-9b7b-41e8-9a5c-513737a460b7[0m [36mstate_id[0m=[35m2025-07-10T131459--tap-csv--target-csv-csv[0m [36mstdio[0m=[35mstderr[0m
[2025-07-10T13:15:00.595+0000] {docker.py:429} INFO - [2m2025-07-10T13:15:00.595139Z[0m [[32m[1minfo     [0m] [1mBeginning full_table sync of 'order_details'...[0m [36mcmd_type[0m=[35mextractor[0m [36mname[0m=[35mtap-csv[0m [36mrun_id[0m=[35m4fc20921-9b7b-41e8-9a5c-513737a460b7[0m [36mstate_id[0m=[35m2025-07-10T131459--tap-csv--target-csv-csv[0m [36mstdio[0m=[35mstderr[0m
[2025-07-10T13:15:00.596+0000] {docker.py:429} INFO - [2m2025-07-10T13:15:00.595377Z[0m [[32m[1minfo     [0m] [1mTap has custom mapper. Using 1 provided map(s).[0m [36mcmd_type[0m=[35mextractor[0m [36mname[0m=[35mtap-csv[0m [36mrun_id[0m=[35m4fc20921-9b7b-41e8-9a5c-513737a460b7[0m [36mstate_id[0m=[35m2025-07-10T131459--tap-csv--target-csv-csv[0m [36mstdio[0m=[35mstderr[0m
[2025-07-10T13:15:00.797+0000] {docker.py:429} INFO - [2m2025-07-10T13:15:00.796576Z[0m [[32m[1minfo     [0m] [1mMETRIC: {"type": "timer", "metric": "sync_duration", "value": 0.20173096656799316, "tags": {"stream": "order_details", "pid": 176, "context": {}, "status": "succeeded"}}[0m [36mcmd_type[0m=[35mextractor[0m [36mname[0m=[35mtap-csv[0m [36mrun_id[0m=[35m4fc20921-9b7b-41e8-9a5c-513737a460b7[0m [36mstate_id[0m=[35m2025-07-10T131459--tap-csv--target-csv-csv[0m [36mstdio[0m=[35mstderr[0m
[2025-07-10T13:15:00.798+0000] {docker.py:429} INFO - [2m2025-07-10T13:15:00.797060Z[0m [[32m[1minfo     [0m] [1mMETRIC: {"type": "counter", "metric": "record_count", "value": 2155, "tags": {"stream": "order_details", "pid": 176, "context": {}}}[0m [36mcmd_type[0m=[35mextractor[0m [36mname[0m=[35mtap-csv[0m [36mrun_id[0m=[35m4fc20921-9b7b-41e8-9a5c-513737a460b7[0m [36mstate_id[0m=[35m2025-07-10T131459--tap-csv--target-csv-csv[0m [36mstdio[0m=[35mstderr[0m
[2025-07-10T13:15:00.898+0000] {docker.py:429} INFO - [2m2025-07-10T13:15:00.898156Z[0m [[32m[1minfo     [0m] [1mUsing systemdb state backend  [0m
[2025-07-10T13:15:00.912+0000] {docker.py:429} INFO - [2m2025-07-10T13:15:00.911457Z[0m [[32m[1minfo     [0m] [1mIncremental state has been updated at 2025-07-10 13:15:00.911423+00:00.[0m
[2025-07-10T13:15:00.913+0000] {docker.py:429} INFO - [2m2025-07-10T13:15:00.912506Z[0m [[32m[1minfo     [0m] [1mExtract & load complete!      [0m [36mname[0m=[35mmeltano[0m [36mrun_id[0m=[35m4fc20921-9b7b-41e8-9a5c-513737a460b7[0m [36mstate_id[0m=[35m2025-07-10T131459--tap-csv--target-csv-csv[0m
[2025-07-10T13:15:00.913+0000] {docker.py:429} INFO - [2m2025-07-10T13:15:00.912754Z[0m [[32m[1minfo     [0m] [1mTransformation skipped.       [0m [36mname[0m=[35mmeltano[0m [36mrun_id[0m=[35m4fc20921-9b7b-41e8-9a5c-513737a460b7[0m [36mstate_id[0m=[35m2025-07-10T131459--tap-csv--target-csv-csv[0m
[2025-07-10T13:15:01.979+0000] {taskinstance.py:1138} INFO - Marking task as SUCCESS. dag_id=northwind, task_id=extração_csv, execution_date=20250710T131431, start_date=20250710T131451, end_date=20250710T131501
[2025-07-10T13:15:02.003+0000] {local_task_job_runner.py:234} INFO - Task exited with return code 0
[2025-07-10T13:15:02.026+0000] {taskinstance.py:3280} INFO - 1 downstream tasks scheduled from follow-on schedule check
