[2025-06-26T17:12:29.151+0000] {taskinstance.py:1956} INFO - Dependencies all met for dep_context=non-requeueable deps ti=<TaskInstance: northwind.extração_csv manual__2025-06-26T17:12:00.298704+00:00 [queued]>
[2025-06-26T17:12:29.162+0000] {taskinstance.py:1956} INFO - Dependencies all met for dep_context=requeueable deps ti=<TaskInstance: northwind.extração_csv manual__2025-06-26T17:12:00.298704+00:00 [queued]>
[2025-06-26T17:12:29.162+0000] {taskinstance.py:2170} INFO - Starting attempt 1 of 2
[2025-06-26T17:12:29.177+0000] {taskinstance.py:2191} INFO - Executing <Task(DockerOperator): extração_csv> on 2025-06-26 17:12:00.298704+00:00
[2025-06-26T17:12:29.184+0000] {standard_task_runner.py:60} INFO - Started process 329 to run task
[2025-06-26T17:12:29.189+0000] {standard_task_runner.py:87} INFO - Running: ['***', 'tasks', 'run', 'northwind', 'extração_csv', 'manual__2025-06-26T17:12:00.298704+00:00', '--job-id', '305', '--raw', '--subdir', 'DAGS_FOLDER/dag.py', '--cfg-path', '/tmp/tmpzib1tywc']
[2025-06-26T17:12:29.193+0000] {standard_task_runner.py:88} INFO - Job 305: Subtask extração_csv
[2025-06-26T17:12:29.257+0000] {task_command.py:423} INFO - Running <TaskInstance: northwind.extração_csv manual__2025-06-26T17:12:00.298704+00:00 [running]> on host 6afc1f3750fb
[2025-06-26T17:12:29.352+0000] {taskinstance.py:2480} INFO - Exporting env vars: AIRFLOW_CTX_DAG_EMAIL='lrbf@cin.ufpe.br' AIRFLOW_CTX_DAG_OWNER='***' AIRFLOW_CTX_DAG_ID='northwind' AIRFLOW_CTX_TASK_ID='extração_csv' AIRFLOW_CTX_EXECUTION_DATE='2025-06-26T17:12:00.298704+00:00' AIRFLOW_CTX_TRY_NUMBER='1' AIRFLOW_CTX_DAG_RUN_ID='manual__2025-06-26T17:12:00.298704+00:00'
[2025-06-26T17:12:29.663+0000] {docker.py:359} INFO - Starting docker container from image meltano:latest
[2025-06-26T17:12:29.669+0000] {docker.py:367} WARNING - Using remote engine or docker-in-docker and mounting temporary volume from host is not supported. Falling back to `mount_tmp_dir=False` mode. You can set `mount_tmp_dir` parameter to False to disable mounting and remove the warning
[2025-06-26T17:12:30.181+0000] {docker.py:429} INFO - Running meltano install...
[2025-06-26T17:12:31.961+0000] {docker.py:429} INFO - [2m2025-06-26T17:12:31.961093Z[0m [[32m[1minfo     [0m] [1mInstalling 7 plugins          [0m
[2025-06-26T17:12:31.974+0000] {docker.py:429} INFO - [2m2025-06-26T17:12:31.974008Z[0m [[32m[1minfo     [0m] [1mInstalling extractor 'tap-postgres'[0m
[2025-06-26T17:12:31.992+0000] {docker.py:429} INFO - [2m2025-06-26T17:12:31.991225Z[0m [[32m[1minfo     [0m] [1mInstalling extractor 'tap-csv'[0m
[2025-06-26T17:12:32.020+0000] {docker.py:429} INFO - [2m2025-06-26T17:12:32.019057Z[0m [[32m[1minfo     [0m] [1mInstalling extractor 'tap-csv-latest'[0m
[2025-06-26T17:12:32.045+0000] {docker.py:429} INFO - [2m2025-06-26T17:12:32.044030Z[0m [[32m[1minfo     [0m] [1mInstalling loader 'target-postgres'[0m
[2025-06-26T17:12:32.075+0000] {docker.py:429} INFO - [2m2025-06-26T17:12:32.074332Z[0m [[32m[1minfo     [0m] [1mInstalling loader 'target-csv'[0m
[2025-06-26T17:12:32.103+0000] {docker.py:429} INFO - [2m2025-06-26T17:12:32.101846Z[0m [[32m[1minfo     [0m] [1mInstalling loader 'target-csv-postgres'[0m
[2025-06-26T17:12:32.144+0000] {docker.py:429} INFO - [2m2025-06-26T17:12:32.143443Z[0m [[32m[1minfo     [0m] [1mInstalling loader 'target-csv-csv'[0m
[2025-06-26T17:12:34.481+0000] {docker.py:429} INFO - [2m2025-06-26T17:12:34.480775Z[0m [[32m[1minfo     [0m] [1mInstalled loader 'target-postgres'[0m
[2025-06-26T17:12:34.496+0000] {docker.py:429} INFO - [2m2025-06-26T17:12:34.495613Z[0m [[32m[1minfo     [0m] [1mInstalled extractor 'tap-postgres'[0m
[2025-06-26T17:12:41.186+0000] {docker.py:429} INFO - [2m2025-06-26T17:12:41.184872Z[0m [[32m[1minfo     [0m] [1mInstalled extractor 'tap-csv' [0m
[2025-06-26T17:12:41.418+0000] {docker.py:429} INFO - [2m2025-06-26T17:12:41.414953Z[0m [[32m[1minfo     [0m] [1mInstalled extractor 'tap-csv-latest'[0m
[2025-06-26T17:12:43.686+0000] {docker.py:429} INFO - [2m2025-06-26T17:12:43.685867Z[0m [[32m[1minfo     [0m] [1mInstalled loader 'target-csv-csv'[0m
[2025-06-26T17:12:43.772+0000] {docker.py:429} INFO - [2m2025-06-26T17:12:43.771678Z[0m [[32m[1minfo     [0m] [1mInstalled loader 'target-csv-postgres'[0m
[2025-06-26T17:12:44.917+0000] {docker.py:429} INFO - [2m2025-06-26T17:12:44.916481Z[0m [[32m[1minfo     [0m] [1mInstalled loader 'target-csv' [0m
[2m2025-06-26T17:12:44.916833Z[0m [[32m[1minfo     [0m] [1mInstalled 7/7 plugins         [0m
[2025-06-26T17:12:45.947+0000] {docker.py:429} INFO - Meltano install completed. Executing command: meltano el tap-csv target-csv-csv
[2025-06-26T17:12:47.135+0000] {docker.py:429} INFO - [2m2025-06-26T17:12:47.134937Z[0m [[32m[1minfo     [0m] [1mEnvironment 'dev' is active   [0m
[2025-06-26T17:12:47.541+0000] {docker.py:429} INFO - [2m2025-06-26T17:12:47.540540Z[0m [[32m[1minfo     [0m] [1mRunning extract & load...     [0m [36mname[0m=[35mmeltano[0m [36mrun_id[0m=[35m2e555b31-bc79-419f-b215-4b302e77d8c7[0m [36mstate_id[0m=[35m2025-06-26T171247--tap-csv--target-csv-csv[0m
[2025-06-26T17:12:48.784+0000] {docker.py:429} INFO - [2m2025-06-26T17:12:48.783194Z[0m [[32m[1minfo     [0m] [1mINFO Sending version information to singer.io. To disable sending anonymous usage data, set the config parameter "disable_collection" to true[0m [36mcmd_type[0m=[35mloader[0m [36mname[0m=[35mtarget-csv-csv[0m [36mrun_id[0m=[35m2e555b31-bc79-419f-b215-4b302e77d8c7[0m [36mstate_id[0m=[35m2025-06-26T171247--tap-csv--target-csv-csv[0m [36mstdio[0m=[35mstderr[0m
[2025-06-26T17:12:49.017+0000] {docker.py:429} INFO - [2m2025-06-26T17:12:49.016265Z[0m [[32m[1minfo     [0m] [1mBeginning full_table sync of 'order_details'...[0m [36mcmd_type[0m=[35mextractor[0m [36mname[0m=[35mtap-csv[0m [36mrun_id[0m=[35m2e555b31-bc79-419f-b215-4b302e77d8c7[0m [36mstate_id[0m=[35m2025-06-26T171247--tap-csv--target-csv-csv[0m [36mstdio[0m=[35mstderr[0m
[2m2025-06-26T17:12:49.016561Z[0m [[32m[1minfo     [0m] [1mTap has custom mapper. Using 1 provided map(s).[0m [36mcmd_type[0m=[35mextractor[0m [36mname[0m=[35mtap-csv[0m [36mrun_id[0m=[35m2e555b31-bc79-419f-b215-4b302e77d8c7[0m [36mstate_id[0m=[35m2025-06-26T171247--tap-csv--target-csv-csv[0m [36mstdio[0m=[35mstderr[0m
[2025-06-26T17:12:49.159+0000] {docker.py:429} INFO - [2m2025-06-26T17:12:49.158046Z[0m [[32m[1minfo     [0m] [1mMETRIC: {"type": "timer", "metric": "sync_duration", "value": 0.1410815715789795, "tags": {"stream": "order_details", "pid": 176, "context": {}, "status": "succeeded"}}[0m [36mcmd_type[0m=[35mextractor[0m [36mname[0m=[35mtap-csv[0m [36mrun_id[0m=[35m2e555b31-bc79-419f-b215-4b302e77d8c7[0m [36mstate_id[0m=[35m2025-06-26T171247--tap-csv--target-csv-csv[0m [36mstdio[0m=[35mstderr[0m
[2025-06-26T17:12:49.159+0000] {docker.py:429} INFO - [2m2025-06-26T17:12:49.158586Z[0m [[32m[1minfo     [0m] [1mMETRIC: {"type": "counter", "metric": "record_count", "value": 2155, "tags": {"stream": "order_details", "pid": 176, "context": {}}}[0m [36mcmd_type[0m=[35mextractor[0m [36mname[0m=[35mtap-csv[0m [36mrun_id[0m=[35m2e555b31-bc79-419f-b215-4b302e77d8c7[0m [36mstate_id[0m=[35m2025-06-26T171247--tap-csv--target-csv-csv[0m [36mstdio[0m=[35mstderr[0m
[2025-06-26T17:12:49.275+0000] {docker.py:429} INFO - [2m2025-06-26T17:12:49.274047Z[0m [[32m[1minfo     [0m] [1mUsing systemdb state backend  [0m
[2025-06-26T17:12:49.292+0000] {docker.py:429} INFO - [2m2025-06-26T17:12:49.291767Z[0m [[32m[1minfo     [0m] [1mIncremental state has been updated at 2025-06-26 17:12:49.291734+00:00.[0m
[2025-06-26T17:12:49.293+0000] {docker.py:429} INFO - [2m2025-06-26T17:12:49.293060Z[0m [[32m[1minfo     [0m] [1mExtract & load complete!      [0m [36mname[0m=[35mmeltano[0m [36mrun_id[0m=[35m2e555b31-bc79-419f-b215-4b302e77d8c7[0m [36mstate_id[0m=[35m2025-06-26T171247--tap-csv--target-csv-csv[0m
[2025-06-26T17:12:49.294+0000] {docker.py:429} INFO - [2m2025-06-26T17:12:49.293345Z[0m [[32m[1minfo     [0m] [1mTransformation skipped.       [0m [36mname[0m=[35mmeltano[0m [36mrun_id[0m=[35m2e555b31-bc79-419f-b215-4b302e77d8c7[0m [36mstate_id[0m=[35m2025-06-26T171247--tap-csv--target-csv-csv[0m
[2025-06-26T17:12:50.784+0000] {taskinstance.py:1138} INFO - Marking task as SUCCESS. dag_id=northwind, task_id=extração_csv, execution_date=20250626T171200, start_date=20250626T171229, end_date=20250626T171250
[2025-06-26T17:12:50.843+0000] {local_task_job_runner.py:234} INFO - Task exited with return code 0
[2025-06-26T17:12:50.874+0000] {taskinstance.py:3280} INFO - 2 downstream tasks scheduled from follow-on schedule check
