[2025-07-01T21:43:34.241+0000] {taskinstance.py:1956} INFO - Dependencies all met for dep_context=non-requeueable deps ti=<TaskInstance: northwind.carregamento_postgres manual__2025-07-01T21:42:40.684961+00:00 [queued]>
[2025-07-01T21:43:34.248+0000] {taskinstance.py:1956} INFO - Dependencies all met for dep_context=requeueable deps ti=<TaskInstance: northwind.carregamento_postgres manual__2025-07-01T21:42:40.684961+00:00 [queued]>
[2025-07-01T21:43:34.248+0000] {taskinstance.py:2170} INFO - Starting attempt 1 of 2
[2025-07-01T21:43:34.259+0000] {taskinstance.py:2191} INFO - Executing <Task(DockerOperator): carregamento_postgres> on 2025-07-01 21:42:40.684961+00:00
[2025-07-01T21:43:34.262+0000] {standard_task_runner.py:60} INFO - Started process 191 to run task
[2025-07-01T21:43:34.265+0000] {standard_task_runner.py:87} INFO - Running: ['***', 'tasks', 'run', 'northwind', 'carregamento_postgres', 'manual__2025-07-01T21:42:40.684961+00:00', '--job-id', '5', '--raw', '--subdir', 'DAGS_FOLDER/northwind.py', '--cfg-path', '/tmp/tmpif6724m9']
[2025-07-01T21:43:34.267+0000] {standard_task_runner.py:88} INFO - Job 5: Subtask carregamento_postgres
[2025-07-01T21:43:34.309+0000] {task_command.py:423} INFO - Running <TaskInstance: northwind.carregamento_postgres manual__2025-07-01T21:42:40.684961+00:00 [running]> on host e62fc41f1c39
[2025-07-01T21:43:34.375+0000] {taskinstance.py:2480} INFO - Exporting env vars: AIRFLOW_CTX_DAG_EMAIL='lrbf@cin.ufpe.br' AIRFLOW_CTX_DAG_OWNER='***' AIRFLOW_CTX_DAG_ID='northwind' AIRFLOW_CTX_TASK_ID='carregamento_postgres' AIRFLOW_CTX_EXECUTION_DATE='2025-07-01T21:42:40.684961+00:00' AIRFLOW_CTX_TRY_NUMBER='1' AIRFLOW_CTX_DAG_RUN_ID='manual__2025-07-01T21:42:40.684961+00:00'
[2025-07-01T21:43:34.420+0000] {docker.py:359} INFO - Starting docker container from image meltano:latest
[2025-07-01T21:43:34.678+0000] {docker.py:429} INFO - Running meltano install...
[2025-07-01T21:43:35.796+0000] {docker.py:429} INFO - [2m2025-07-01T21:43:35.795317Z[0m [[32m[1minfo     [0m] [1mInstalling 7 plugins          [0m
[2025-07-01T21:43:35.807+0000] {docker.py:429} INFO - [2m2025-07-01T21:43:35.806209Z[0m [[32m[1minfo     [0m] [1mInstalling extractor 'tap-postgres'[0m
[2025-07-01T21:43:35.826+0000] {docker.py:429} INFO - [2m2025-07-01T21:43:35.825681Z[0m [[32m[1minfo     [0m] [1mInstalling extractor 'tap-csv'[0m
[2025-07-01T21:43:35.845+0000] {docker.py:429} INFO - [2m2025-07-01T21:43:35.845052Z[0m [[32m[1minfo     [0m] [1mInstalling extractor 'tap-csv-latest'[0m
[2025-07-01T21:43:35.875+0000] {docker.py:429} INFO - [2m2025-07-01T21:43:35.874418Z[0m [[32m[1minfo     [0m] [1mInstalling loader 'target-postgres'[0m
[2025-07-01T21:43:35.904+0000] {docker.py:429} INFO - [2m2025-07-01T21:43:35.903192Z[0m [[32m[1minfo     [0m] [1mInstalling loader 'target-csv'[0m
[2025-07-01T21:43:35.940+0000] {docker.py:429} INFO - [2m2025-07-01T21:43:35.938483Z[0m [[32m[1minfo     [0m] [1mInstalling loader 'target-csv-postgres'[0m
[2025-07-01T21:43:35.975+0000] {docker.py:429} INFO - [2m2025-07-01T21:43:35.974215Z[0m [[32m[1minfo     [0m] [1mInstalling loader 'target-csv-csv'[0m
[2025-07-01T21:43:37.149+0000] {docker.py:429} INFO - [2m2025-07-01T21:43:37.149127Z[0m [[32m[1minfo     [0m] [1mInstalled extractor 'tap-postgres'[0m
[2025-07-01T21:43:37.249+0000] {docker.py:429} INFO - [2m2025-07-01T21:43:37.248634Z[0m [[32m[1minfo     [0m] [1mInstalled loader 'target-postgres'[0m
[2025-07-01T21:43:41.090+0000] {docker.py:429} INFO - [2m2025-07-01T21:43:41.090026Z[0m [[32m[1minfo     [0m] [1mInstalled extractor 'tap-csv' [0m
[2025-07-01T21:43:41.148+0000] {docker.py:429} INFO - [2m2025-07-01T21:43:41.147529Z[0m [[32m[1minfo     [0m] [1mInstalled extractor 'tap-csv-latest'[0m
[2025-07-01T21:43:42.233+0000] {docker.py:429} INFO - [2m2025-07-01T21:43:42.232345Z[0m [[32m[1minfo     [0m] [1mInstalled loader 'target-csv' [0m
[2025-07-01T21:43:42.359+0000] {docker.py:429} INFO - [2m2025-07-01T21:43:42.359093Z[0m [[32m[1minfo     [0m] [1mInstalled loader 'target-csv-csv'[0m
[2025-07-01T21:43:43.247+0000] {docker.py:429} INFO - [2m2025-07-01T21:43:43.246908Z[0m [[32m[1minfo     [0m] [1mInstalled loader 'target-csv-postgres'[0m
[2025-07-01T21:43:43.247+0000] {docker.py:429} INFO - [2m2025-07-01T21:43:43.247293Z[0m [[32m[1minfo     [0m] [1mInstalled 7/7 plugins         [0m
[2025-07-01T21:43:44.059+0000] {docker.py:429} INFO - Meltano install completed. Executing command: meltano el tap-csv-latest --catalog /opt/meltano/config/tap-csv-latest.json target-postgres
[2025-07-01T21:43:45.268+0000] {docker.py:429} INFO - [2m2025-07-01T21:43:45.267655Z[0m [[32m[1minfo     [0m] [1mEnvironment 'dev' is active   [0m
[2025-07-01T21:43:45.580+0000] {docker.py:429} INFO - [2m2025-07-01T21:43:45.579868Z[0m [[32m[1minfo     [0m] [1mRunning extract & load...     [0m [36mname[0m=[35mmeltano[0m [36mrun_id[0m=[35m6610f41a-615c-40fa-b11d-d9c3786bc79e[0m [36mstate_id[0m=[35m2025-07-01T214345--tap-csv-latest--target-postgres[0m
[2025-07-01T21:43:45.682+0000] {docker.py:429} INFO - [2m2025-07-01T21:43:45.682174Z[0m [[32m[1minfo     [0m] [1mUsing custom catalog in /opt/meltano/config/tap-csv-latest.json[0m
[2025-07-01T21:43:45.684+0000] {docker.py:429} INFO - [2m2025-07-01T21:43:45.684335Z[0m [[33m[1mwarning  [0m] [1mA catalog file was found, but it will be ignored as the extractor does not advertise the `catalog` or `properties` capability[0m
[2025-07-01T21:43:46.581+0000] {docker.py:429} INFO - [2m2025-07-01T21:43:46.580896Z[0m [[32m[1minfo     [0m] [1mTraceback (most recent call last):[0m [36mcmd_type[0m=[35mextractor[0m [36mname[0m=[35mtap-csv-latest[0m [36mrun_id[0m=[35m6610f41a-615c-40fa-b11d-d9c3786bc79e[0m [36mstate_id[0m=[35m2025-07-01T214345--tap-csv-latest--target-postgres[0m [36mstdio[0m=[35mstderr[0m
[2025-07-01T21:43:46.582+0000] {docker.py:429} INFO - [2m2025-07-01T21:43:46.581389Z[0m [[32m[1minfo     [0m] [1m  File "/opt/meltano/.meltano/extractors/tap-csv-latest/venv/bin/tap-csv", line 8, in <module>[0m [36mcmd_type[0m=[35mextractor[0m [36mname[0m=[35mtap-csv-latest[0m [36mrun_id[0m=[35m6610f41a-615c-40fa-b11d-d9c3786bc79e[0m [36mstate_id[0m=[35m2025-07-01T214345--tap-csv-latest--target-postgres[0m [36mstdio[0m=[35mstderr[0m
[2025-07-01T21:43:46.582+0000] {docker.py:429} INFO - [2m2025-07-01T21:43:46.581597Z[0m [[32m[1minfo     [0m] [1m    sys.exit(TapCSV.cli())    [0m [36mcmd_type[0m=[35mextractor[0m [36mname[0m=[35mtap-csv-latest[0m [36mrun_id[0m=[35m6610f41a-615c-40fa-b11d-d9c3786bc79e[0m [36mstate_id[0m=[35m2025-07-01T214345--tap-csv-latest--target-postgres[0m [36mstdio[0m=[35mstderr[0m
[2025-07-01T21:43:46.582+0000] {docker.py:429} INFO - [2m2025-07-01T21:43:46.581847Z[0m [[32m[1minfo     [0m] [1m  File "/opt/meltano/.meltano/extractors/tap-csv-latest/venv/lib/python3.9/site-packages/click/core.py", line 1161, in __call__[0m [36mcmd_type[0m=[35mextractor[0m [36mname[0m=[35mtap-csv-latest[0m [36mrun_id[0m=[35m6610f41a-615c-40fa-b11d-d9c3786bc79e[0m [36mstate_id[0m=[35m2025-07-01T214345--tap-csv-latest--target-postgres[0m [36mstdio[0m=[35mstderr[0m
[2025-07-01T21:43:46.583+0000] {docker.py:429} INFO - [2m2025-07-01T21:43:46.582205Z[0m [[32m[1minfo     [0m] [1m    return self.main(*args, **kwargs)[0m [36mcmd_type[0m=[35mextractor[0m [36mname[0m=[35mtap-csv-latest[0m [36mrun_id[0m=[35m6610f41a-615c-40fa-b11d-d9c3786bc79e[0m [36mstate_id[0m=[35m2025-07-01T214345--tap-csv-latest--target-postgres[0m [36mstdio[0m=[35mstderr[0m
[2025-07-01T21:43:46.583+0000] {docker.py:429} INFO - [2m2025-07-01T21:43:46.582435Z[0m [[32m[1minfo     [0m] [1m  File "/opt/meltano/.meltano/extractors/tap-csv-latest/venv/lib/python3.9/site-packages/click/core.py", line 1082, in main[0m [36mcmd_type[0m=[35mextractor[0m [36mname[0m=[35mtap-csv-latest[0m [36mrun_id[0m=[35m6610f41a-615c-40fa-b11d-d9c3786bc79e[0m [36mstate_id[0m=[35m2025-07-01T214345--tap-csv-latest--target-postgres[0m [36mstdio[0m=[35mstderr[0m
[2025-07-01T21:43:46.583+0000] {docker.py:429} INFO - [2m2025-07-01T21:43:46.582765Z[0m [[32m[1minfo     [0m] [1m    rv = self.invoke(ctx)     [0m [36mcmd_type[0m=[35mextractor[0m [36mname[0m=[35mtap-csv-latest[0m [36mrun_id[0m=[35m6610f41a-615c-40fa-b11d-d9c3786bc79e[0m [36mstate_id[0m=[35m2025-07-01T214345--tap-csv-latest--target-postgres[0m [36mstdio[0m=[35mstderr[0m
[2025-07-01T21:43:46.583+0000] {docker.py:429} INFO - [2m2025-07-01T21:43:46.583015Z[0m [[32m[1minfo     [0m] [1m  File "/opt/meltano/.meltano/extractors/tap-csv-latest/venv/lib/python3.9/site-packages/singer_sdk/plugin_base.py", line 93, in invoke[0m [36mcmd_type[0m=[35mextractor[0m [36mname[0m=[35mtap-csv-latest[0m [36mrun_id[0m=[35m6610f41a-615c-40fa-b11d-d9c3786bc79e[0m [36mstate_id[0m=[35m2025-07-01T214345--tap-csv-latest--target-postgres[0m [36mstdio[0m=[35mstderr[0m
[2025-07-01T21:43:46.584+0000] {docker.py:429} INFO - [2m2025-07-01T21:43:46.583360Z[0m [[32m[1minfo     [0m] [1m    return super().invoke(ctx)[0m [36mcmd_type[0m=[35mextractor[0m [36mname[0m=[35mtap-csv-latest[0m [36mrun_id[0m=[35m6610f41a-615c-40fa-b11d-d9c3786bc79e[0m [36mstate_id[0m=[35m2025-07-01T214345--tap-csv-latest--target-postgres[0m [36mstdio[0m=[35mstderr[0m
[2025-07-01T21:43:46.584+0000] {docker.py:429} INFO - [2m2025-07-01T21:43:46.583650Z[0m [[32m[1minfo     [0m] [1m  File "/opt/meltano/.meltano/extractors/tap-csv-latest/venv/lib/python3.9/site-packages/click/core.py", line 1443, in invoke[0m [36mcmd_type[0m=[35mextractor[0m [36mname[0m=[35mtap-csv-latest[0m [36mrun_id[0m=[35m6610f41a-615c-40fa-b11d-d9c3786bc79e[0m [36mstate_id[0m=[35m2025-07-01T214345--tap-csv-latest--target-postgres[0m [36mstdio[0m=[35mstderr[0m
[2025-07-01T21:43:46.584+0000] {docker.py:429} INFO - [2m2025-07-01T21:43:46.583960Z[0m [[32m[1minfo     [0m] [1m    return ctx.invoke(self.callback, **ctx.params)[0m [36mcmd_type[0m=[35mextractor[0m [36mname[0m=[35mtap-csv-latest[0m [36mrun_id[0m=[35m6610f41a-615c-40fa-b11d-d9c3786bc79e[0m [36mstate_id[0m=[35m2025-07-01T214345--tap-csv-latest--target-postgres[0m [36mstdio[0m=[35mstderr[0m
[2025-07-01T21:43:46.585+0000] {docker.py:429} INFO - [2m2025-07-01T21:43:46.584325Z[0m [[32m[1minfo     [0m] [1m  File "/opt/meltano/.meltano/extractors/tap-csv-latest/venv/lib/python3.9/site-packages/click/core.py", line 788, in invoke[0m [36mcmd_type[0m=[35mextractor[0m [36mname[0m=[35mtap-csv-latest[0m [36mrun_id[0m=[35m6610f41a-615c-40fa-b11d-d9c3786bc79e[0m [36mstate_id[0m=[35m2025-07-01T214345--tap-csv-latest--target-postgres[0m [36mstdio[0m=[35mstderr[0m
[2025-07-01T21:43:46.585+0000] {docker.py:429} INFO - [2m2025-07-01T21:43:46.584674Z[0m [[32m[1minfo     [0m] [1m    return __callback(*args, **kwargs)[0m [36mcmd_type[0m=[35mextractor[0m [36mname[0m=[35mtap-csv-latest[0m [36mrun_id[0m=[35m6610f41a-615c-40fa-b11d-d9c3786bc79e[0m [36mstate_id[0m=[35m2025-07-01T214345--tap-csv-latest--target-postgres[0m [36mstdio[0m=[35mstderr[0m
[2025-07-01T21:43:46.585+0000] {docker.py:429} INFO - [2m2025-07-01T21:43:46.584946Z[0m [[32m[1minfo     [0m] [1m  File "/opt/meltano/.meltano/extractors/tap-csv-latest/venv/lib/python3.9/site-packages/singer_sdk/tap_base.py", line 516, in invoke[0m [36mcmd_type[0m=[35mextractor[0m [36mname[0m=[35mtap-csv-latest[0m [36mrun_id[0m=[35m6610f41a-615c-40fa-b11d-d9c3786bc79e[0m [36mstate_id[0m=[35m2025-07-01T214345--tap-csv-latest--target-postgres[0m [36mstdio[0m=[35mstderr[0m
[2025-07-01T21:43:46.585+0000] {docker.py:429} INFO - [2m2025-07-01T21:43:46.585217Z[0m [[32m[1minfo     [0m] [1m    tap = cls(                [0m [36mcmd_type[0m=[35mextractor[0m [36mname[0m=[35mtap-csv-latest[0m [36mrun_id[0m=[35m6610f41a-615c-40fa-b11d-d9c3786bc79e[0m [36mstate_id[0m=[35m2025-07-01T214345--tap-csv-latest--target-postgres[0m [36mstdio[0m=[35mstderr[0m
[2025-07-01T21:43:46.586+0000] {docker.py:429} INFO - [2m2025-07-01T21:43:46.585481Z[0m [[32m[1minfo     [0m] [1m  File "/opt/meltano/.meltano/extractors/tap-csv-latest/venv/lib/python3.9/site-packages/singer_sdk/tap_base.py", line 118, in __init__[0m [36mcmd_type[0m=[35mextractor[0m [36mname[0m=[35mtap-csv-latest[0m [36mrun_id[0m=[35m6610f41a-615c-40fa-b11d-d9c3786bc79e[0m [36mstate_id[0m=[35m2025-07-01T214345--tap-csv-latest--target-postgres[0m [36mstdio[0m=[35mstderr[0m
[2025-07-01T21:43:46.586+0000] {docker.py:429} INFO - [2m2025-07-01T21:43:46.585751Z[0m [[32m[1minfo     [0m] [1m    self.setup_mapper()       [0m [36mcmd_type[0m=[35mextractor[0m [36mname[0m=[35mtap-csv-latest[0m [36mrun_id[0m=[35m6610f41a-615c-40fa-b11d-d9c3786bc79e[0m [36mstate_id[0m=[35m2025-07-01T214345--tap-csv-latest--target-postgres[0m [36mstdio[0m=[35mstderr[0m
[2025-07-01T21:43:46.586+0000] {docker.py:429} INFO - [2m2025-07-01T21:43:46.586035Z[0m [[32m[1minfo     [0m] [1m  File "/opt/meltano/.meltano/extractors/tap-csv-latest/venv/lib/python3.9/site-packages/singer_sdk/tap_base.py", line 194, in setup_mapper[0m [36mcmd_type[0m=[35mextractor[0m [36mname[0m=[35mtap-csv-latest[0m [36mrun_id[0m=[35m6610f41a-615c-40fa-b11d-d9c3786bc79e[0m [36mstate_id[0m=[35m2025-07-01T214345--tap-csv-latest--target-postgres[0m [36mstdio[0m=[35mstderr[0m
[2025-07-01T21:43:46.586+0000] {docker.py:429} INFO - [2m2025-07-01T21:43:46.586302Z[0m [[32m[1minfo     [0m] [1m    self.mapper.register_raw_streams_from_catalog(self.catalog)[0m [36mcmd_type[0m=[35mextractor[0m [36mname[0m=[35mtap-csv-latest[0m [36mrun_id[0m=[35m6610f41a-615c-40fa-b11d-d9c3786bc79e[0m [36mstate_id[0m=[35m2025-07-01T214345--tap-csv-latest--target-postgres[0m [36mstdio[0m=[35mstderr[0m
[2025-07-01T21:43:46.587+0000] {docker.py:429} INFO - [2m2025-07-01T21:43:46.586615Z[0m [[32m[1minfo     [0m] [1m  File "/opt/meltano/.meltano/extractors/tap-csv-latest/venv/lib/python3.9/site-packages/singer_sdk/tap_base.py", line 187, in catalog[0m [36mcmd_type[0m=[35mextractor[0m [36mname[0m=[35mtap-csv-latest[0m [36mrun_id[0m=[35m6610f41a-615c-40fa-b11d-d9c3786bc79e[0m [36mstate_id[0m=[35m2025-07-01T214345--tap-csv-latest--target-postgres[0m [36mstdio[0m=[35mstderr[0m
[2025-07-01T21:43:46.587+0000] {docker.py:429} INFO - [2m2025-07-01T21:43:46.587128Z[0m [[32m[1minfo     [0m] [1m    self._catalog = self.input_catalog or self._singer_catalog[0m [36mcmd_type[0m=[35mextractor[0m [36mname[0m=[35mtap-csv-latest[0m [36mrun_id[0m=[35m6610f41a-615c-40fa-b11d-d9c3786bc79e[0m [36mstate_id[0m=[35m2025-07-01T214345--tap-csv-latest--target-postgres[0m [36mstdio[0m=[35mstderr[0m
[2025-07-01T21:43:46.587+0000] {docker.py:429} INFO - [2m2025-07-01T21:43:46.587500Z[0m [[32m[1minfo     [0m] [1m  File "/opt/meltano/.meltano/extractors/tap-csv-latest/venv/lib/python3.9/site-packages/singer_sdk/tap_base.py", line 340, in _singer_catalog[0m [36mcmd_type[0m=[35mextractor[0m [36mname[0m=[35mtap-csv-latest[0m [36mrun_id[0m=[35m6610f41a-615c-40fa-b11d-d9c3786bc79e[0m [36mstate_id[0m=[35m2025-07-01T214345--tap-csv-latest--target-postgres[0m [36mstdio[0m=[35mstderr[0m
[2025-07-01T21:43:46.588+0000] {docker.py:429} INFO - [2m2025-07-01T21:43:46.587820Z[0m [[32m[1minfo     [0m] [1m    for stream in self.streams.values()[0m [36mcmd_type[0m=[35mextractor[0m [36mname[0m=[35mtap-csv-latest[0m [36mrun_id[0m=[35m6610f41a-615c-40fa-b11d-d9c3786bc79e[0m [36mstate_id[0m=[35m2025-07-01T214345--tap-csv-latest--target-postgres[0m [36mstdio[0m=[35mstderr[0m
[2025-07-01T21:43:46.588+0000] {docker.py:429} INFO - [2m2025-07-01T21:43:46.588137Z[0m [[32m[1minfo     [0m] [1m  File "/opt/meltano/.meltano/extractors/tap-csv-latest/venv/lib/python3.9/site-packages/singer_sdk/tap_base.py", line 149, in streams[0m [36mcmd_type[0m=[35mextractor[0m [36mname[0m=[35mtap-csv-latest[0m [36mrun_id[0m=[35m6610f41a-615c-40fa-b11d-d9c3786bc79e[0m [36mstate_id[0m=[35m2025-07-01T214345--tap-csv-latest--target-postgres[0m [36mstdio[0m=[35mstderr[0m
[2025-07-01T21:43:46.588+0000] {docker.py:429} INFO - [2m2025-07-01T21:43:46.588434Z[0m [[32m[1minfo     [0m] [1m    for stream in self.load_streams():[0m [36mcmd_type[0m=[35mextractor[0m [36mname[0m=[35mtap-csv-latest[0m [36mrun_id[0m=[35m6610f41a-615c-40fa-b11d-d9c3786bc79e[0m [36mstate_id[0m=[35m2025-07-01T214345--tap-csv-latest--target-postgres[0m [36mstdio[0m=[35mstderr[0m
[2025-07-01T21:43:46.589+0000] {docker.py:429} INFO - [2m2025-07-01T21:43:46.588723Z[0m [[32m[1minfo     [0m] [1m  File "/opt/meltano/.meltano/extractors/tap-csv-latest/venv/lib/python3.9/site-packages/singer_sdk/tap_base.py", line 373, in load_streams[0m [36mcmd_type[0m=[35mextractor[0m [36mname[0m=[35mtap-csv-latest[0m [36mrun_id[0m=[35m6610f41a-615c-40fa-b11d-d9c3786bc79e[0m [36mstate_id[0m=[35m2025-07-01T214345--tap-csv-latest--target-postgres[0m [36mstdio[0m=[35mstderr[0m
[2025-07-01T21:43:46.589+0000] {docker.py:429} INFO - [2m2025-07-01T21:43:46.589007Z[0m [[32m[1minfo     [0m] [1m    for stream in self.discover_streams():[0m [36mcmd_type[0m=[35mextractor[0m [36mname[0m=[35mtap-csv-latest[0m [36mrun_id[0m=[35m6610f41a-615c-40fa-b11d-d9c3786bc79e[0m [36mstate_id[0m=[35m2025-07-01T214345--tap-csv-latest--target-postgres[0m [36mstdio[0m=[35mstderr[0m
[2025-07-01T21:43:46.589+0000] {docker.py:429} INFO - [2m2025-07-01T21:43:46.589319Z[0m [[32m[1minfo     [0m] [1m  File "/opt/meltano/.meltano/extractors/tap-csv-latest/venv/lib/python3.9/site-packages/tap_csv/tap.py", line 89, in discover_streams[0m [36mcmd_type[0m=[35mextractor[0m [36mname[0m=[35mtap-csv-latest[0m [36mrun_id[0m=[35m6610f41a-615c-40fa-b11d-d9c3786bc79e[0m [36mstate_id[0m=[35m2025-07-01T214345--tap-csv-latest--target-postgres[0m [36mstdio[0m=[35mstderr[0m
[2025-07-01T21:43:46.590+0000] {docker.py:429} INFO - [2m2025-07-01T21:43:46.589792Z[0m [[32m[1minfo     [0m] [1m    return [                  [0m [36mcmd_type[0m=[35mextractor[0m [36mname[0m=[35mtap-csv-latest[0m [36mrun_id[0m=[35m6610f41a-615c-40fa-b11d-d9c3786bc79e[0m [36mstate_id[0m=[35m2025-07-01T214345--tap-csv-latest--target-postgres[0m [36mstdio[0m=[35mstderr[0m
[2025-07-01T21:43:46.590+0000] {docker.py:429} INFO - [2m2025-07-01T21:43:46.590225Z[0m [[32m[1minfo     [0m] [1m  File "/opt/meltano/.meltano/extractors/tap-csv-latest/venv/lib/python3.9/site-packages/tap_csv/tap.py", line 92, in <listcomp>[0m [36mcmd_type[0m=[35mextractor[0m [36mname[0m=[35mtap-csv-latest[0m [36mrun_id[0m=[35m6610f41a-615c-40fa-b11d-d9c3786bc79e[0m [36mstate_id[0m=[35m2025-07-01T214345--tap-csv-latest--target-postgres[0m [36mstdio[0m=[35mstderr[0m
[2025-07-01T21:43:46.591+0000] {docker.py:429} INFO - [2m2025-07-01T21:43:46.590692Z[0m [[32m[1minfo     [0m] [1m    name=file_config.get("entity"),[0m [36mcmd_type[0m=[35mextractor[0m [36mname[0m=[35mtap-csv-latest[0m [36mrun_id[0m=[35m6610f41a-615c-40fa-b11d-d9c3786bc79e[0m [36mstate_id[0m=[35m2025-07-01T214345--tap-csv-latest--target-postgres[0m [36mstdio[0m=[35mstderr[0m
[2025-07-01T21:43:46.591+0000] {docker.py:429} INFO - [2m2025-07-01T21:43:46.591167Z[0m [[32m[1minfo     [0m] [1mAttributeError: 'str' object has no attribute 'get'[0m [36mcmd_type[0m=[35mextractor[0m [36mname[0m=[35mtap-csv-latest[0m [36mrun_id[0m=[35m6610f41a-615c-40fa-b11d-d9c3786bc79e[0m [36mstate_id[0m=[35m2025-07-01T214345--tap-csv-latest--target-postgres[0m [36mstdio[0m=[35mstderr[0m
[2025-07-01T21:43:46.767+0000] {docker.py:429} INFO - [2m2025-07-01T21:43:46.766285Z[0m [[32m[1minfo     [0m] [1mtarget-postgres v0.4.3, Meltano SDK v0.47.4[0m [36mcmd_type[0m=[35mloader[0m [36mname[0m=[35mtarget-postgres[0m [36mrun_id[0m=[35m6610f41a-615c-40fa-b11d-d9c3786bc79e[0m [36mstate_id[0m=[35m2025-07-01T214345--tap-csv-latest--target-postgres[0m [36mstdio[0m=[35mstderr[0m
[2025-07-01T21:43:46.768+0000] {docker.py:429} INFO - [2m2025-07-01T21:43:46.767600Z[0m [[32m[1minfo     [0m] [1m/opt/meltano/.meltano/loaders/target-postgres/venv/lib/python3.9/site-packages/singer_sdk/plugin_base.py:715: SingerSDKDeprecationWarning: Passing a list of config file paths is deprecated. Please pass the config as a dictionary instead.[0m [36mcmd_type[0m=[35mloader[0m [36mname[0m=[35mtarget-postgres[0m [36mrun_id[0m=[35m6610f41a-615c-40fa-b11d-d9c3786bc79e[0m [36mstate_id[0m=[35m2025-07-01T214345--tap-csv-latest--target-postgres[0m [36mstdio[0m=[35mstderr[0m
[2m2025-07-01T21:43:46.767857Z[0m [[32m[1minfo     [0m] [1m  super().__init__(           [0m [36mcmd_type[0m=[35mloader[0m [36mname[0m=[35mtarget-postgres[0m [36mrun_id[0m=[35m6610f41a-615c-40fa-b11d-d9c3786bc79e[0m [36mstate_id[0m=[35m2025-07-01T214345--tap-csv-latest--target-postgres[0m [36mstdio[0m=[35mstderr[0m
[2025-07-01T21:43:46.768+0000] {docker.py:429} INFO - [2m2025-07-01T21:43:46.767983Z[0m [[32m[1minfo     [0m] [1m                              [0m [36mcmd_type[0m=[35mloader[0m [36mname[0m=[35mtarget-postgres[0m [36mrun_id[0m=[35m6610f41a-615c-40fa-b11d-d9c3786bc79e[0m [36mstate_id[0m=[35m2025-07-01T214345--tap-csv-latest--target-postgres[0m [36mstdio[0m=[35mstderr[0m
[2025-07-01T21:43:46.768+0000] {docker.py:429} INFO - [2m2025-07-01T21:43:46.768159Z[0m [[32m[1minfo     [0m] [1mSkipping parse of env var settings...[0m [36mcmd_type[0m=[35mloader[0m [36mname[0m=[35mtarget-postgres[0m [36mrun_id[0m=[35m6610f41a-615c-40fa-b11d-d9c3786bc79e[0m [36mstate_id[0m=[35m2025-07-01T214345--tap-csv-latest--target-postgres[0m [36mstdio[0m=[35mstderr[0m
[2025-07-01T21:43:46.769+0000] {docker.py:429} INFO - [2m2025-07-01T21:43:46.768462Z[0m [[32m[1minfo     [0m] [1mThe `dialect+driver` configuration option is deprecated. Please set it to `postgresql+psycopg`, as this will be the hard-coded value in the future.[0m [36mcmd_type[0m=[35mloader[0m [36mname[0m=[35mtarget-postgres[0m [36mrun_id[0m=[35m6610f41a-615c-40fa-b11d-d9c3786bc79e[0m [36mstate_id[0m=[35m2025-07-01T214345--tap-csv-latest--target-postgres[0m [36mstdio[0m=[35mstderr[0m
[2025-07-01T21:43:46.769+0000] {docker.py:429} INFO - [2m2025-07-01T21:43:46.768722Z[0m [[32m[1minfo     [0m] [1mReader 'target-postgres' completed processing 0 lines of input (0 schemas, 0 records, 0 batch manifests, 0 state messages, 0 activate version messages).[0m [36mcmd_type[0m=[35mloader[0m [36mname[0m=[35mtarget-postgres[0m [36mrun_id[0m=[35m6610f41a-615c-40fa-b11d-d9c3786bc79e[0m [36mstate_id[0m=[35m2025-07-01T214345--tap-csv-latest--target-postgres[0m [36mstdio[0m=[35mstderr[0m
[2025-07-01T21:43:46.845+0000] {docker.py:429} INFO - [2m2025-07-01T21:43:46.844398Z[0m [[31m[1merror    [0m] [1mExtraction failed             [0m [36mcode[0m=[35m1[0m [36mmessage[0m=[35m"AttributeError: 'str' object has no attribute 'get'"[0m [36mname[0m=[35mmeltano[0m [36mrun_id[0m=[35m6610f41a-615c-40fa-b11d-d9c3786bc79e[0m [36mstate_id[0m=[35m2025-07-01T214345--tap-csv-latest--target-postgres[0m
[2025-07-01T21:43:46.845+0000] {docker.py:429} INFO - [2m2025-07-01T21:43:46.844954Z[0m [[32m[1minfo     [0m] [1mELT could not be completed: Extractor failed.[0m [36mcmd_type[0m=[35melt[0m [36mname[0m=[35mmeltano[0m [36mrun_id[0m=[35m6610f41a-615c-40fa-b11d-d9c3786bc79e[0m [36mstate_id[0m=[35m2025-07-01T214345--tap-csv-latest--target-postgres[0m [36mstdio[0m=[35mstderr[0m
[2025-07-01T21:43:46.845+0000] {docker.py:429} INFO - [2m2025-07-01T21:43:46.845162Z[0m [[32m[1minfo     [0m] [1mFor more detailed log messages re-run the command using 'meltano --log-level=debug ...' CLI flag.[0m [36mcmd_type[0m=[35melt[0m [36mname[0m=[35mmeltano[0m [36mrun_id[0m=[35m6610f41a-615c-40fa-b11d-d9c3786bc79e[0m [36mstate_id[0m=[35m2025-07-01T214345--tap-csv-latest--target-postgres[0m [36mstdio[0m=[35mstderr[0m
[2025-07-01T21:43:46.845+0000] {docker.py:429} INFO - [2m2025-07-01T21:43:46.845308Z[0m [[32m[1minfo     [0m] [1mNote that you can also check the generated log file at '/opt/meltano/.meltano/logs/elt/2025-07-01T214345--tap-csv-latest--target-postgres/6610f41a-615c-40fa-b11d-d9c3786bc79e/elt.log'.[0m [36mcmd_type[0m=[35melt[0m [36mname[0m=[35mmeltano[0m [36mrun_id[0m=[35m6610f41a-615c-40fa-b11d-d9c3786bc79e[0m [36mstate_id[0m=[35m2025-07-01T214345--tap-csv-latest--target-postgres[0m [36mstdio[0m=[35mstderr[0m
[2025-07-01T21:43:46.845+0000] {docker.py:429} INFO - [2m2025-07-01T21:43:46.845453Z[0m [[32m[1minfo     [0m] [1mFor more information on debugging and logging: https://docs.meltano.com/reference/command-line-interface#debugging[0m [36mcmd_type[0m=[35melt[0m [36mname[0m=[35mmeltano[0m [36mrun_id[0m=[35m6610f41a-615c-40fa-b11d-d9c3786bc79e[0m [36mstate_id[0m=[35m2025-07-01T214345--tap-csv-latest--target-postgres[0m [36mstdio[0m=[35mstderr[0m
[2025-07-01T21:43:46.856+0000] {docker.py:429} INFO - Need help fixing this problem? Visit http://melta.no/ for troubleshooting steps, or to
join our friendly Slack community.

ELT could not be completed: Extractor failed.
For more detailed log messages re-run the command using 'meltano --log-level=debug ...' CLI flag.
Note that you can also check the generated log file at '/opt/meltano/.meltano/logs/elt/2025-07-01T214345--tap-csv-latest--target-postgres/6610f41a-615c-40fa-b11d-d9c3786bc79e/elt.log'.
For more information on debugging and logging: https://docs.meltano.com/reference/command-line-interface#debugging
[2025-07-01T21:43:49.532+0000] {taskinstance.py:2698} ERROR - Task failed with exception
Traceback (most recent call last):
  File "/home/airflow/.local/lib/python3.10/site-packages/airflow/models/taskinstance.py", line 433, in _execute_task
    result = execute_callable(context=context, **execute_callable_kwargs)
  File "/home/airflow/.local/lib/python3.10/site-packages/airflow/providers/docker/operators/docker.py", line 502, in execute
    return self._run_image()
  File "/home/airflow/.local/lib/python3.10/site-packages/airflow/providers/docker/operators/docker.py", line 376, in _run_image
    return self._run_image_with_mounts(self.mounts, add_tmp_variable=False)
  File "/home/airflow/.local/lib/python3.10/site-packages/airflow/providers/docker/operators/docker.py", line 437, in _run_image_with_mounts
    raise DockerContainerFailedException(f"Docker container failed: {result!r}", logs=log_lines)
airflow.providers.docker.exceptions.DockerContainerFailedException: Docker container failed: {'StatusCode': 1}
[2025-07-01T21:43:49.537+0000] {taskinstance.py:1138} INFO - Marking task as UP_FOR_RETRY. dag_id=northwind, task_id=carregamento_postgres, execution_date=20250701T214240, start_date=20250701T214334, end_date=20250701T214349
[2025-07-01T21:43:49.552+0000] {standard_task_runner.py:107} ERROR - Failed to execute job 5 for task carregamento_postgres (Docker container failed: {'StatusCode': 1}; 191)
[2025-07-01T21:43:49.595+0000] {local_task_job_runner.py:234} INFO - Task exited with return code 1
[2025-07-01T21:43:49.608+0000] {taskinstance.py:3280} INFO - 0 downstream tasks scheduled from follow-on schedule check
