[2025-06-24T19:17:44.220+0000] {taskinstance.py:1956} INFO - Dependencies all met for dep_context=non-requeueable deps ti=<TaskInstance: northwind.extração_csv manual__2025-06-24T19:17:13.172671+00:00 [queued]>
[2025-06-24T19:17:44.235+0000] {taskinstance.py:1956} INFO - Dependencies all met for dep_context=requeueable deps ti=<TaskInstance: northwind.extração_csv manual__2025-06-24T19:17:13.172671+00:00 [queued]>
[2025-06-24T19:17:44.235+0000] {taskinstance.py:2170} INFO - Starting attempt 1 of 2
[2025-06-24T19:17:44.250+0000] {taskinstance.py:2191} INFO - Executing <Task(DockerOperator): extração_csv> on 2025-06-24 19:17:13.172671+00:00
[2025-06-24T19:17:44.254+0000] {standard_task_runner.py:60} INFO - Started process 187 to run task
[2025-06-24T19:17:44.259+0000] {standard_task_runner.py:87} INFO - Running: ['***', 'tasks', 'run', 'northwind', 'extração_csv', 'manual__2025-06-24T19:17:13.172671+00:00', '--job-id', '71', '--raw', '--subdir', 'DAGS_FOLDER/dag.py', '--cfg-path', '/tmp/tmpvqsydftt']
[2025-06-24T19:17:44.261+0000] {standard_task_runner.py:88} INFO - Job 71: Subtask extração_csv
[2025-06-24T19:17:44.316+0000] {task_command.py:423} INFO - Running <TaskInstance: northwind.extração_csv manual__2025-06-24T19:17:13.172671+00:00 [running]> on host a06304be4538
[2025-06-24T19:17:44.427+0000] {taskinstance.py:2480} INFO - Exporting env vars: AIRFLOW_CTX_DAG_EMAIL='lrbf@cin.ufpe.br' AIRFLOW_CTX_DAG_OWNER='***' AIRFLOW_CTX_DAG_ID='northwind' AIRFLOW_CTX_TASK_ID='extração_csv' AIRFLOW_CTX_EXECUTION_DATE='2025-06-24T19:17:13.172671+00:00' AIRFLOW_CTX_TRY_NUMBER='1' AIRFLOW_CTX_DAG_RUN_ID='manual__2025-06-24T19:17:13.172671+00:00'
[2025-06-24T19:17:44.891+0000] {docker.py:359} INFO - Starting docker container from image meltano:latest
[2025-06-24T19:17:44.898+0000] {docker.py:367} WARNING - Using remote engine or docker-in-docker and mounting temporary volume from host is not supported. Falling back to `mount_tmp_dir=False` mode. You can set `mount_tmp_dir` parameter to False to disable mounting and remove the warning
[2025-06-24T19:17:45.516+0000] {docker.py:429} INFO - Running meltano install...
[2025-06-24T19:17:46.877+0000] {docker.py:429} INFO - [2m2025-06-24T19:17:46.876353Z[0m [[32m[1minfo     [0m] [1mInstalling 7 plugins          [0m
[2025-06-24T19:17:46.889+0000] {docker.py:429} INFO - [2m2025-06-24T19:17:46.888759Z[0m [[32m[1minfo     [0m] [1mInstalling extractor 'tap-postgres'[0m
[2025-06-24T19:17:46.902+0000] {docker.py:429} INFO - [2m2025-06-24T19:17:46.901839Z[0m [[32m[1minfo     [0m] [1mInstalling extractor 'tap-csv'[0m
[2025-06-24T19:17:46.917+0000] {docker.py:429} INFO - [2m2025-06-24T19:17:46.917049Z[0m [[32m[1minfo     [0m] [1mInstalling extractor 'tap-csv-latest'[0m
[2025-06-24T19:17:46.944+0000] {docker.py:429} INFO - [2m2025-06-24T19:17:46.943720Z[0m [[32m[1minfo     [0m] [1mInstalling loader 'target-postgres'[0m
[2025-06-24T19:17:46.979+0000] {docker.py:429} INFO - [2m2025-06-24T19:17:46.978975Z[0m [[32m[1minfo     [0m] [1mInstalling loader 'target-csv'[0m
[2025-06-24T19:17:47.014+0000] {docker.py:429} INFO - [2m2025-06-24T19:17:47.013103Z[0m [[32m[1minfo     [0m] [1mInstalling loader 'target-csv-postgres'[0m
[2025-06-24T19:17:47.047+0000] {docker.py:429} INFO - [2m2025-06-24T19:17:47.046610Z[0m [[32m[1minfo     [0m] [1mInstalling loader 'target-csv-csv'[0m
[2025-06-24T19:17:48.902+0000] {docker.py:429} INFO - [2m2025-06-24T19:17:48.902064Z[0m [[32m[1minfo     [0m] [1mInstalled extractor 'tap-postgres'[0m
[2025-06-24T19:17:48.987+0000] {docker.py:429} INFO - [2m2025-06-24T19:17:48.986804Z[0m [[32m[1minfo     [0m] [1mInstalled loader 'target-postgres'[0m
[2025-06-24T19:17:54.004+0000] {docker.py:429} INFO - [2m2025-06-24T19:17:54.003344Z[0m [[32m[1minfo     [0m] [1mInstalled extractor 'tap-csv-latest'[0m
[2025-06-24T19:17:54.085+0000] {docker.py:429} INFO - [2m2025-06-24T19:17:54.084351Z[0m [[32m[1minfo     [0m] [1mInstalled extractor 'tap-csv' [0m
[2025-06-24T19:17:54.791+0000] {docker.py:429} INFO - [2m2025-06-24T19:17:54.790594Z[0m [[32m[1minfo     [0m] [1mInstalled loader 'target-csv' [0m
[2025-06-24T19:17:55.207+0000] {docker.py:429} INFO - [2m2025-06-24T19:17:55.206558Z[0m [[32m[1minfo     [0m] [1mInstalled loader 'target-csv-csv'[0m
[2025-06-24T19:17:55.599+0000] {docker.py:429} INFO - [2m2025-06-24T19:17:55.598742Z[0m [[32m[1minfo     [0m] [1mInstalled loader 'target-csv-postgres'[0m
[2m2025-06-24T19:17:55.599054Z[0m [[32m[1minfo     [0m] [1mInstalled 7/7 plugins         [0m
[2025-06-24T19:17:56.513+0000] {docker.py:429} INFO - Meltano install completed. Executing command: meltano el tap-csv target-csv-csv
[2025-06-24T19:17:57.822+0000] {docker.py:429} INFO - [2m2025-06-24T19:17:57.822020Z[0m [[32m[1minfo     [0m] [1mEnvironment 'dev' is active   [0m
[2025-06-24T19:17:58.357+0000] {docker.py:429} INFO - [2m2025-06-24T19:17:58.356833Z[0m [[32m[1minfo     [0m] [1mRunning extract & load...     [0m [36mname[0m=[35mmeltano[0m [36mrun_id[0m=[35m8bcada78-22f6-46ef-a45f-5fc4a0f2019f[0m [36mstate_id[0m=[35m2025-06-24T191758--tap-csv--target-csv-csv[0m
[2025-06-24T19:17:59.634+0000] {docker.py:429} INFO - [2m2025-06-24T19:17:59.634270Z[0m [[32m[1minfo     [0m] [1mINFO Sending version information to singer.io. To disable sending anonymous usage data, set the config parameter "disable_collection" to true[0m [36mcmd_type[0m=[35mloader[0m [36mname[0m=[35mtarget-csv-csv[0m [36mrun_id[0m=[35m8bcada78-22f6-46ef-a45f-5fc4a0f2019f[0m [36mstate_id[0m=[35m2025-06-24T191758--tap-csv--target-csv-csv[0m [36mstdio[0m=[35mstderr[0m
[2025-06-24T19:17:59.918+0000] {docker.py:429} INFO - [2m2025-06-24T19:17:59.917250Z[0m [[32m[1minfo     [0m] [1mBeginning full_table sync of 'order_details'...[0m [36mcmd_type[0m=[35mextractor[0m [36mname[0m=[35mtap-csv[0m [36mrun_id[0m=[35m8bcada78-22f6-46ef-a45f-5fc4a0f2019f[0m [36mstate_id[0m=[35m2025-06-24T191758--tap-csv--target-csv-csv[0m [36mstdio[0m=[35mstderr[0m
[2m2025-06-24T19:17:59.917554Z[0m [[32m[1minfo     [0m] [1mTap has custom mapper. Using 1 provided map(s).[0m [36mcmd_type[0m=[35mextractor[0m [36mname[0m=[35mtap-csv[0m [36mrun_id[0m=[35m8bcada78-22f6-46ef-a45f-5fc4a0f2019f[0m [36mstate_id[0m=[35m2025-06-24T191758--tap-csv--target-csv-csv[0m [36mstdio[0m=[35mstderr[0m
[2025-06-24T19:18:00.122+0000] {docker.py:429} INFO - [2m2025-06-24T19:18:00.121455Z[0m [[32m[1minfo     [0m] [1mMETRIC: {"type": "timer", "metric": "sync_duration", "value": 0.20364785194396973, "tags": {"stream": "order_details", "pid": 176, "context": {}, "status": "succeeded"}}[0m [36mcmd_type[0m=[35mextractor[0m [36mname[0m=[35mtap-csv[0m [36mrun_id[0m=[35m8bcada78-22f6-46ef-a45f-5fc4a0f2019f[0m [36mstate_id[0m=[35m2025-06-24T191758--tap-csv--target-csv-csv[0m [36mstdio[0m=[35mstderr[0m
[2025-06-24T19:18:00.123+0000] {docker.py:429} INFO - [2m2025-06-24T19:18:00.121966Z[0m [[32m[1minfo     [0m] [1mMETRIC: {"type": "counter", "metric": "record_count", "value": 2155, "tags": {"stream": "order_details", "pid": 176, "context": {}}}[0m [36mcmd_type[0m=[35mextractor[0m [36mname[0m=[35mtap-csv[0m [36mrun_id[0m=[35m8bcada78-22f6-46ef-a45f-5fc4a0f2019f[0m [36mstate_id[0m=[35m2025-06-24T191758--tap-csv--target-csv-csv[0m [36mstdio[0m=[35mstderr[0m
[2025-06-24T19:18:00.250+0000] {docker.py:429} INFO - [2m2025-06-24T19:18:00.248869Z[0m [[32m[1minfo     [0m] [1mUsing systemdb state backend  [0m
[2025-06-24T19:18:00.265+0000] {docker.py:429} INFO - [2m2025-06-24T19:18:00.264409Z[0m [[32m[1minfo     [0m] [1mIncremental state has been updated at 2025-06-24 19:18:00.264375+00:00.[0m
[2025-06-24T19:18:00.275+0000] {docker.py:429} INFO - [2m2025-06-24T19:18:00.274610Z[0m [[32m[1minfo     [0m] [1mExtract & load complete!      [0m [36mname[0m=[35mmeltano[0m [36mrun_id[0m=[35m8bcada78-22f6-46ef-a45f-5fc4a0f2019f[0m [36mstate_id[0m=[35m2025-06-24T191758--tap-csv--target-csv-csv[0m
[2025-06-24T19:18:00.276+0000] {docker.py:429} INFO - [2m2025-06-24T19:18:00.274947Z[0m [[32m[1minfo     [0m] [1mTransformation skipped.       [0m [36mname[0m=[35mmeltano[0m [36mrun_id[0m=[35m8bcada78-22f6-46ef-a45f-5fc4a0f2019f[0m [36mstate_id[0m=[35m2025-06-24T191758--tap-csv--target-csv-csv[0m
[2025-06-24T19:18:01.731+0000] {taskinstance.py:1138} INFO - Marking task as SUCCESS. dag_id=northwind, task_id=extração_csv, execution_date=20250624T191713, start_date=20250624T191744, end_date=20250624T191801
[2025-06-24T19:18:01.770+0000] {local_task_job_runner.py:234} INFO - Task exited with return code 0
[2025-06-24T19:18:01.795+0000] {taskinstance.py:3280} INFO - 1 downstream tasks scheduled from follow-on schedule check
