[2025-07-01T20:01:07.263+0000] {taskinstance.py:1956} INFO - Dependencies all met for dep_context=non-requeueable deps ti=<TaskInstance: northwind.extração_csv manual__2025-07-01T20:00:49.985457+00:00 [queued]>
[2025-07-01T20:01:07.271+0000] {taskinstance.py:1956} INFO - Dependencies all met for dep_context=requeueable deps ti=<TaskInstance: northwind.extração_csv manual__2025-07-01T20:00:49.985457+00:00 [queued]>
[2025-07-01T20:01:07.271+0000] {taskinstance.py:2170} INFO - Starting attempt 1 of 2
[2025-07-01T20:01:07.281+0000] {taskinstance.py:2191} INFO - Executing <Task(DockerOperator): extração_csv> on 2025-07-01 20:00:49.985457+00:00
[2025-07-01T20:01:07.285+0000] {standard_task_runner.py:60} INFO - Started process 194 to run task
[2025-07-01T20:01:07.288+0000] {standard_task_runner.py:87} INFO - Running: ['***', 'tasks', 'run', 'northwind', 'extração_csv', 'manual__2025-07-01T20:00:49.985457+00:00', '--job-id', '4', '--raw', '--subdir', 'DAGS_FOLDER/northwind.py', '--cfg-path', '/tmp/tmp5jfryoal']
[2025-07-01T20:01:07.290+0000] {standard_task_runner.py:88} INFO - Job 4: Subtask extração_csv
[2025-07-01T20:01:07.331+0000] {task_command.py:423} INFO - Running <TaskInstance: northwind.extração_csv manual__2025-07-01T20:00:49.985457+00:00 [running]> on host 75ef599f9042
[2025-07-01T20:01:07.392+0000] {taskinstance.py:2480} INFO - Exporting env vars: AIRFLOW_CTX_DAG_EMAIL='lrbf@cin.ufpe.br' AIRFLOW_CTX_DAG_OWNER='***' AIRFLOW_CTX_DAG_ID='northwind' AIRFLOW_CTX_TASK_ID='extração_csv' AIRFLOW_CTX_EXECUTION_DATE='2025-07-01T20:00:49.985457+00:00' AIRFLOW_CTX_TRY_NUMBER='1' AIRFLOW_CTX_DAG_RUN_ID='manual__2025-07-01T20:00:49.985457+00:00'
[2025-07-01T20:01:07.441+0000] {docker.py:359} INFO - Starting docker container from image meltano:latest
[2025-07-01T20:01:07.698+0000] {docker.py:429} INFO - Running meltano install...
[2025-07-01T20:01:08.865+0000] {docker.py:429} INFO - [2m2025-07-01T20:01:08.864777Z[0m [[32m[1minfo     [0m] [1mInstalling 7 plugins          [0m
[2025-07-01T20:01:08.875+0000] {docker.py:429} INFO - [2m2025-07-01T20:01:08.874507Z[0m [[32m[1minfo     [0m] [1mInstalling extractor 'tap-postgres'[0m
[2025-07-01T20:01:08.889+0000] {docker.py:429} INFO - [2m2025-07-01T20:01:08.889223Z[0m [[32m[1minfo     [0m] [1mInstalling extractor 'tap-csv'[0m
[2025-07-01T20:01:08.906+0000] {docker.py:429} INFO - [2m2025-07-01T20:01:08.905487Z[0m [[32m[1minfo     [0m] [1mInstalling extractor 'tap-csv-latest'[0m
[2025-07-01T20:01:08.927+0000] {docker.py:429} INFO - [2m2025-07-01T20:01:08.926770Z[0m [[32m[1minfo     [0m] [1mInstalling loader 'target-postgres'[0m
[2025-07-01T20:01:08.954+0000] {docker.py:429} INFO - [2m2025-07-01T20:01:08.953997Z[0m [[32m[1minfo     [0m] [1mInstalling loader 'target-csv'[0m
[2025-07-01T20:01:08.980+0000] {docker.py:429} INFO - [2m2025-07-01T20:01:08.979357Z[0m [[32m[1minfo     [0m] [1mInstalling loader 'target-csv-postgres'[0m
[2025-07-01T20:01:09.010+0000] {docker.py:429} INFO - [2m2025-07-01T20:01:09.008672Z[0m [[32m[1minfo     [0m] [1mInstalling loader 'target-csv-csv'[0m
[2025-07-01T20:01:10.024+0000] {docker.py:429} INFO - [2m2025-07-01T20:01:10.023330Z[0m [[32m[1minfo     [0m] [1mInstalled loader 'target-postgres'[0m
[2025-07-01T20:01:10.027+0000] {docker.py:429} INFO - [2m2025-07-01T20:01:10.026530Z[0m [[32m[1minfo     [0m] [1mInstalled extractor 'tap-postgres'[0m
[2025-07-01T20:01:14.803+0000] {docker.py:429} INFO - [2m2025-07-01T20:01:14.802964Z[0m [[32m[1minfo     [0m] [1mInstalled extractor 'tap-csv' [0m
[2025-07-01T20:01:15.186+0000] {docker.py:429} INFO - [2m2025-07-01T20:01:15.186160Z[0m [[32m[1minfo     [0m] [1mInstalled extractor 'tap-csv-latest'[0m
[2025-07-01T20:01:16.937+0000] {docker.py:429} INFO - [2m2025-07-01T20:01:16.936766Z[0m [[32m[1minfo     [0m] [1mInstalled loader 'target-csv-postgres'[0m
[2025-07-01T20:01:17.032+0000] {docker.py:429} INFO - [2m2025-07-01T20:01:17.031502Z[0m [[32m[1minfo     [0m] [1mInstalled loader 'target-csv-csv'[0m
[2025-07-01T20:01:17.071+0000] {docker.py:429} INFO - [2m2025-07-01T20:01:17.070954Z[0m [[32m[1minfo     [0m] [1mInstalled loader 'target-csv' [0m
[2m2025-07-01T20:01:17.071259Z[0m [[32m[1minfo     [0m] [1mInstalled 7/7 plugins         [0m
[2025-07-01T20:01:17.908+0000] {docker.py:429} INFO - Meltano install completed. Executing command: meltano el tap-csv target-csv-csv
[2025-07-01T20:01:18.864+0000] {docker.py:429} INFO - [2m2025-07-01T20:01:18.863989Z[0m [[32m[1minfo     [0m] [1mEnvironment 'dev' is active   [0m
[2025-07-01T20:01:19.137+0000] {docker.py:429} INFO - [2m2025-07-01T20:01:19.136895Z[0m [[32m[1minfo     [0m] [1mRunning extract & load...     [0m [36mname[0m=[35mmeltano[0m [36mrun_id[0m=[35m395fbd74-0121-4acd-b286-f947acb1fa4d[0m [36mstate_id[0m=[35m2025-07-01T200118--tap-csv--target-csv-csv[0m
[2025-07-01T20:01:20.092+0000] {docker.py:429} INFO - [2m2025-07-01T20:01:20.092100Z[0m [[32m[1minfo     [0m] [1mINFO Sending version information to singer.io. To disable sending anonymous usage data, set the config parameter "disable_collection" to true[0m [36mcmd_type[0m=[35mloader[0m [36mname[0m=[35mtarget-csv-csv[0m [36mrun_id[0m=[35m395fbd74-0121-4acd-b286-f947acb1fa4d[0m [36mstate_id[0m=[35m2025-07-01T200118--tap-csv--target-csv-csv[0m [36mstdio[0m=[35mstderr[0m
[2025-07-01T20:01:20.268+0000] {docker.py:429} INFO - [2m2025-07-01T20:01:20.267429Z[0m [[32m[1minfo     [0m] [1m/opt/meltano/.meltano/extractors/tap-csv/venv/lib/python3.9/site-packages/singer_sdk/tap_base.py:516: SingerSDKDeprecationWarning: Passing a catalog file path is deprecated. Please pass the catalog as a dictionary or Catalog object instead.[0m [36mcmd_type[0m=[35mextractor[0m [36mname[0m=[35mtap-csv[0m [36mrun_id[0m=[35m395fbd74-0121-4acd-b286-f947acb1fa4d[0m [36mstate_id[0m=[35m2025-07-01T200118--tap-csv--target-csv-csv[0m [36mstdio[0m=[35mstderr[0m
[2m2025-07-01T20:01:20.267728Z[0m [[32m[1minfo     [0m] [1m  tap = cls(                  [0m [36mcmd_type[0m=[35mextractor[0m [36mname[0m=[35mtap-csv[0m [36mrun_id[0m=[35m395fbd74-0121-4acd-b286-f947acb1fa4d[0m [36mstate_id[0m=[35m2025-07-01T200118--tap-csv--target-csv-csv[0m [36mstdio[0m=[35mstderr[0m
[2025-07-01T20:01:20.268+0000] {docker.py:429} INFO - [2m2025-07-01T20:01:20.267928Z[0m [[32m[1minfo     [0m] [1m                              [0m [36mcmd_type[0m=[35mextractor[0m [36mname[0m=[35mtap-csv[0m [36mrun_id[0m=[35m395fbd74-0121-4acd-b286-f947acb1fa4d[0m [36mstate_id[0m=[35m2025-07-01T200118--tap-csv--target-csv-csv[0m [36mstdio[0m=[35mstderr[0m
[2025-07-01T20:01:20.268+0000] {docker.py:429} INFO - [2m2025-07-01T20:01:20.268179Z[0m [[32m[1minfo     [0m] [1mBeginning full_table sync of 'order_details'...[0m [36mcmd_type[0m=[35mextractor[0m [36mname[0m=[35mtap-csv[0m [36mrun_id[0m=[35m395fbd74-0121-4acd-b286-f947acb1fa4d[0m [36mstate_id[0m=[35m2025-07-01T200118--tap-csv--target-csv-csv[0m [36mstdio[0m=[35mstderr[0m
[2025-07-01T20:01:20.268+0000] {docker.py:429} INFO - [2m2025-07-01T20:01:20.268347Z[0m [[32m[1minfo     [0m] [1mTap has custom mapper. Using 1 provided map(s).[0m [36mcmd_type[0m=[35mextractor[0m [36mname[0m=[35mtap-csv[0m [36mrun_id[0m=[35m395fbd74-0121-4acd-b286-f947acb1fa4d[0m [36mstate_id[0m=[35m2025-07-01T200118--tap-csv--target-csv-csv[0m [36mstdio[0m=[35mstderr[0m
[2025-07-01T20:01:20.418+0000] {docker.py:429} INFO - [2m2025-07-01T20:01:20.417890Z[0m [[32m[1minfo     [0m] [1mMETRIC: {"type": "timer", "metric": "sync_duration", "value": 0.14960432052612305, "tags": {"stream": "order_details", "pid": 176, "context": {}, "status": "succeeded"}}[0m [36mcmd_type[0m=[35mextractor[0m [36mname[0m=[35mtap-csv[0m [36mrun_id[0m=[35m395fbd74-0121-4acd-b286-f947acb1fa4d[0m [36mstate_id[0m=[35m2025-07-01T200118--tap-csv--target-csv-csv[0m [36mstdio[0m=[35mstderr[0m
[2025-07-01T20:01:20.418+0000] {docker.py:429} INFO - [2m2025-07-01T20:01:20.418279Z[0m [[32m[1minfo     [0m] [1mMETRIC: {"type": "counter", "metric": "record_count", "value": 2155, "tags": {"stream": "order_details", "pid": 176, "context": {}}}[0m [36mcmd_type[0m=[35mextractor[0m [36mname[0m=[35mtap-csv[0m [36mrun_id[0m=[35m395fbd74-0121-4acd-b286-f947acb1fa4d[0m [36mstate_id[0m=[35m2025-07-01T200118--tap-csv--target-csv-csv[0m [36mstdio[0m=[35mstderr[0m
[2025-07-01T20:01:20.496+0000] {docker.py:429} INFO - [2m2025-07-01T20:01:20.495768Z[0m [[32m[1minfo     [0m] [1mUsing systemdb state backend  [0m
[2025-07-01T20:01:20.506+0000] {docker.py:429} INFO - [2m2025-07-01T20:01:20.505885Z[0m [[32m[1minfo     [0m] [1mIncremental state has been updated at 2025-07-01 20:01:20.505850+00:00.[0m
[2025-07-01T20:01:20.507+0000] {docker.py:429} INFO - [2m2025-07-01T20:01:20.506894Z[0m [[32m[1minfo     [0m] [1mExtract & load complete!      [0m [36mname[0m=[35mmeltano[0m [36mrun_id[0m=[35m395fbd74-0121-4acd-b286-f947acb1fa4d[0m [36mstate_id[0m=[35m2025-07-01T200118--tap-csv--target-csv-csv[0m
[2025-07-01T20:01:20.507+0000] {docker.py:429} INFO - [2m2025-07-01T20:01:20.507133Z[0m [[32m[1minfo     [0m] [1mTransformation skipped.       [0m [36mname[0m=[35mmeltano[0m [36mrun_id[0m=[35m395fbd74-0121-4acd-b286-f947acb1fa4d[0m [36mstate_id[0m=[35m2025-07-01T200118--tap-csv--target-csv-csv[0m
[2025-07-01T20:01:21.756+0000] {taskinstance.py:1138} INFO - Marking task as SUCCESS. dag_id=northwind, task_id=extração_csv, execution_date=20250701T200049, start_date=20250701T200107, end_date=20250701T200121
[2025-07-01T20:01:21.774+0000] {local_task_job_runner.py:234} INFO - Task exited with return code 0
[2025-07-01T20:01:21.795+0000] {taskinstance.py:3280} INFO - 1 downstream tasks scheduled from follow-on schedule check
