[2025-06-25T22:45:00.431+0000] {taskinstance.py:1956} INFO - Dependencies all met for dep_context=non-requeueable deps ti=<TaskInstance: northwind.extração_csv manual__2025-06-25T22:44:12.258671+00:00 [queued]>
[2025-06-25T22:45:00.458+0000] {taskinstance.py:1956} INFO - Dependencies all met for dep_context=requeueable deps ti=<TaskInstance: northwind.extração_csv manual__2025-06-25T22:44:12.258671+00:00 [queued]>
[2025-06-25T22:45:00.459+0000] {taskinstance.py:2170} INFO - Starting attempt 1 of 2
[2025-06-25T22:45:00.494+0000] {taskinstance.py:2191} INFO - Executing <Task(DockerOperator): extração_csv> on 2025-06-25 22:44:12.258671+00:00
[2025-06-25T22:45:00.507+0000] {standard_task_runner.py:60} INFO - Started process 207 to run task
[2025-06-25T22:45:00.516+0000] {standard_task_runner.py:87} INFO - Running: ['***', 'tasks', 'run', 'northwind', 'extração_csv', 'manual__2025-06-25T22:44:12.258671+00:00', '--job-id', '232', '--raw', '--subdir', 'DAGS_FOLDER/dag.py', '--cfg-path', '/tmp/tmpfwfr8_g4']
[2025-06-25T22:45:00.522+0000] {standard_task_runner.py:88} INFO - Job 232: Subtask extração_csv
[2025-06-25T22:45:00.657+0000] {task_command.py:423} INFO - Running <TaskInstance: northwind.extração_csv manual__2025-06-25T22:44:12.258671+00:00 [running]> on host 6afc1f3750fb
[2025-06-25T22:45:00.906+0000] {taskinstance.py:2480} INFO - Exporting env vars: AIRFLOW_CTX_DAG_EMAIL='lrbf@cin.ufpe.br' AIRFLOW_CTX_DAG_OWNER='***' AIRFLOW_CTX_DAG_ID='northwind' AIRFLOW_CTX_TASK_ID='extração_csv' AIRFLOW_CTX_EXECUTION_DATE='2025-06-25T22:44:12.258671+00:00' AIRFLOW_CTX_TRY_NUMBER='1' AIRFLOW_CTX_DAG_RUN_ID='manual__2025-06-25T22:44:12.258671+00:00'
[2025-06-25T22:45:01.074+0000] {docker.py:359} INFO - Starting docker container from image meltano:latest
[2025-06-25T22:45:01.080+0000] {docker.py:367} WARNING - Using remote engine or docker-in-docker and mounting temporary volume from host is not supported. Falling back to `mount_tmp_dir=False` mode. You can set `mount_tmp_dir` parameter to False to disable mounting and remove the warning
[2025-06-25T22:45:01.873+0000] {docker.py:429} INFO - Running meltano install...
[2025-06-25T22:45:04.867+0000] {docker.py:429} INFO - [2m2025-06-25T22:45:04.866809Z[0m [[32m[1minfo     [0m] [1mInstalling 7 plugins          [0m
[2025-06-25T22:45:04.880+0000] {docker.py:429} INFO - [2m2025-06-25T22:45:04.879307Z[0m [[32m[1minfo     [0m] [1mInstalling extractor 'tap-postgres'[0m
[2025-06-25T22:45:04.896+0000] {docker.py:429} INFO - [2m2025-06-25T22:45:04.894683Z[0m [[32m[1minfo     [0m] [1mInstalling extractor 'tap-csv'[0m
[2025-06-25T22:45:04.922+0000] {docker.py:429} INFO - [2m2025-06-25T22:45:04.921854Z[0m [[32m[1minfo     [0m] [1mInstalling extractor 'tap-csv-latest'[0m
[2025-06-25T22:45:04.950+0000] {docker.py:429} INFO - [2m2025-06-25T22:45:04.948829Z[0m [[32m[1minfo     [0m] [1mInstalling loader 'target-postgres'[0m
[2025-06-25T22:45:04.979+0000] {docker.py:429} INFO - [2m2025-06-25T22:45:04.978297Z[0m [[32m[1minfo     [0m] [1mInstalling loader 'target-csv'[0m
[2025-06-25T22:45:05.010+0000] {docker.py:429} INFO - [2m2025-06-25T22:45:05.009849Z[0m [[32m[1minfo     [0m] [1mInstalling loader 'target-csv-postgres'[0m
[2025-06-25T22:45:05.040+0000] {docker.py:429} INFO - [2m2025-06-25T22:45:05.038963Z[0m [[32m[1minfo     [0m] [1mInstalling loader 'target-csv-csv'[0m
[2025-06-25T22:45:06.815+0000] {docker.py:429} INFO - [2m2025-06-25T22:45:06.813460Z[0m [[32m[1minfo     [0m] [1mInstalled loader 'target-postgres'[0m
[2025-06-25T22:45:06.821+0000] {docker.py:429} INFO - [2m2025-06-25T22:45:06.814845Z[0m [[32m[1minfo     [0m] [1mInstalled extractor 'tap-postgres'[0m
[2025-06-25T22:45:14.133+0000] {docker.py:429} INFO - [2m2025-06-25T22:45:14.132194Z[0m [[32m[1minfo     [0m] [1mInstalled extractor 'tap-csv-latest'[0m
[2025-06-25T22:45:14.288+0000] {docker.py:429} INFO - [2m2025-06-25T22:45:14.287701Z[0m [[32m[1minfo     [0m] [1mInstalled extractor 'tap-csv' [0m
[2025-06-25T22:45:14.488+0000] {docker.py:429} INFO - [2m2025-06-25T22:45:14.487162Z[0m [[32m[1minfo     [0m] [1mInstalled loader 'target-csv' [0m
[2025-06-25T22:45:14.885+0000] {docker.py:429} INFO - [2m2025-06-25T22:45:14.884051Z[0m [[32m[1minfo     [0m] [1mInstalled loader 'target-csv-csv'[0m
[2025-06-25T22:45:16.944+0000] {docker.py:429} INFO - [2m2025-06-25T22:45:16.943106Z[0m [[32m[1minfo     [0m] [1mInstalled loader 'target-csv-postgres'[0m
[2025-06-25T22:45:16.945+0000] {docker.py:429} INFO - [2m2025-06-25T22:45:16.943904Z[0m [[32m[1minfo     [0m] [1mInstalled 7/7 plugins         [0m
[2025-06-25T22:45:18.119+0000] {docker.py:429} INFO - Meltano install completed. Executing command: meltano el tap-csv target-csv-csv
[2025-06-25T22:45:20.525+0000] {docker.py:429} INFO - [2m2025-06-25T22:45:20.524753Z[0m [[32m[1minfo     [0m] [1mEnvironment 'dev' is active   [0m
[2025-06-25T22:45:21.257+0000] {docker.py:429} INFO - [2m2025-06-25T22:45:21.255587Z[0m [[32m[1minfo     [0m] [1mRunning extract & load...     [0m [36mname[0m=[35mmeltano[0m [36mrun_id[0m=[35mb3aad405-7f63-4c9b-83e2-01c0aae2ebb9[0m [36mstate_id[0m=[35m2025-06-25T224520--tap-csv--target-csv-csv[0m
[2025-06-25T22:45:23.295+0000] {docker.py:429} INFO - [2m2025-06-25T22:45:23.293884Z[0m [[32m[1minfo     [0m] [1mINFO Sending version information to singer.io. To disable sending anonymous usage data, set the config parameter "disable_collection" to true[0m [36mcmd_type[0m=[35mloader[0m [36mname[0m=[35mtarget-csv-csv[0m [36mrun_id[0m=[35mb3aad405-7f63-4c9b-83e2-01c0aae2ebb9[0m [36mstate_id[0m=[35m2025-06-25T224520--tap-csv--target-csv-csv[0m [36mstdio[0m=[35mstderr[0m
[2025-06-25T22:45:23.802+0000] {docker.py:429} INFO - [2m2025-06-25T22:45:23.801780Z[0m [[32m[1minfo     [0m] [1mBeginning full_table sync of 'order_details'...[0m [36mcmd_type[0m=[35mextractor[0m [36mname[0m=[35mtap-csv[0m [36mrun_id[0m=[35mb3aad405-7f63-4c9b-83e2-01c0aae2ebb9[0m [36mstate_id[0m=[35m2025-06-25T224520--tap-csv--target-csv-csv[0m [36mstdio[0m=[35mstderr[0m
[2025-06-25T22:45:23.803+0000] {docker.py:429} INFO - [2m2025-06-25T22:45:23.802628Z[0m [[32m[1minfo     [0m] [1mTap has custom mapper. Using 1 provided map(s).[0m [36mcmd_type[0m=[35mextractor[0m [36mname[0m=[35mtap-csv[0m [36mrun_id[0m=[35mb3aad405-7f63-4c9b-83e2-01c0aae2ebb9[0m [36mstate_id[0m=[35m2025-06-25T224520--tap-csv--target-csv-csv[0m [36mstdio[0m=[35mstderr[0m
[2025-06-25T22:45:24.046+0000] {docker.py:429} INFO - [2m2025-06-25T22:45:24.045102Z[0m [[32m[1minfo     [0m] [1mMETRIC: {"type": "timer", "metric": "sync_duration", "value": 0.23781442642211914, "tags": {"stream": "order_details", "pid": 175, "context": {}, "status": "succeeded"}}[0m [36mcmd_type[0m=[35mextractor[0m [36mname[0m=[35mtap-csv[0m [36mrun_id[0m=[35mb3aad405-7f63-4c9b-83e2-01c0aae2ebb9[0m [36mstate_id[0m=[35m2025-06-25T224520--tap-csv--target-csv-csv[0m [36mstdio[0m=[35mstderr[0m
[2025-06-25T22:45:24.046+0000] {docker.py:429} INFO - [2m2025-06-25T22:45:24.045569Z[0m [[32m[1minfo     [0m] [1mMETRIC: {"type": "counter", "metric": "record_count", "value": 2155, "tags": {"stream": "order_details", "pid": 175, "context": {}}}[0m [36mcmd_type[0m=[35mextractor[0m [36mname[0m=[35mtap-csv[0m [36mrun_id[0m=[35mb3aad405-7f63-4c9b-83e2-01c0aae2ebb9[0m [36mstate_id[0m=[35m2025-06-25T224520--tap-csv--target-csv-csv[0m [36mstdio[0m=[35mstderr[0m
[2025-06-25T22:45:24.293+0000] {docker.py:429} INFO - [2m2025-06-25T22:45:24.291713Z[0m [[32m[1minfo     [0m] [1mUsing systemdb state backend  [0m
[2025-06-25T22:45:24.317+0000] {docker.py:429} INFO - [2m2025-06-25T22:45:24.317020Z[0m [[32m[1minfo     [0m] [1mIncremental state has been updated at 2025-06-25 22:45:24.316963+00:00.[0m
[2025-06-25T22:45:24.321+0000] {docker.py:429} INFO - [2m2025-06-25T22:45:24.319151Z[0m [[32m[1minfo     [0m] [1mExtract & load complete!      [0m [36mname[0m=[35mmeltano[0m [36mrun_id[0m=[35mb3aad405-7f63-4c9b-83e2-01c0aae2ebb9[0m [36mstate_id[0m=[35m2025-06-25T224520--tap-csv--target-csv-csv[0m
[2025-06-25T22:45:24.323+0000] {docker.py:429} INFO - [2m2025-06-25T22:45:24.319640Z[0m [[32m[1minfo     [0m] [1mTransformation skipped.       [0m [36mname[0m=[35mmeltano[0m [36mrun_id[0m=[35mb3aad405-7f63-4c9b-83e2-01c0aae2ebb9[0m [36mstate_id[0m=[35m2025-06-25T224520--tap-csv--target-csv-csv[0m
[2025-06-25T22:45:26.049+0000] {taskinstance.py:1138} INFO - Marking task as SUCCESS. dag_id=northwind, task_id=extração_csv, execution_date=20250625T224412, start_date=20250625T224500, end_date=20250625T224526
[2025-06-25T22:45:26.106+0000] {local_task_job_runner.py:234} INFO - Task exited with return code 0
[2025-06-25T22:45:26.176+0000] {taskinstance.py:3280} INFO - 2 downstream tasks scheduled from follow-on schedule check
