[2025-07-09T20:46:01.172+0000] {taskinstance.py:1956} INFO - Dependencies all met for dep_context=non-requeueable deps ti=<TaskInstance: northwind.extração_csv manual__2025-07-09T20:45:38.869934+00:00 [queued]>
[2025-07-09T20:46:01.181+0000] {taskinstance.py:1956} INFO - Dependencies all met for dep_context=requeueable deps ti=<TaskInstance: northwind.extração_csv manual__2025-07-09T20:45:38.869934+00:00 [queued]>
[2025-07-09T20:46:01.181+0000] {taskinstance.py:2170} INFO - Starting attempt 1 of 2
[2025-07-09T20:46:01.195+0000] {taskinstance.py:2191} INFO - Executing <Task(DockerOperator): extração_csv> on 2025-07-09 20:45:38.869934+00:00
[2025-07-09T20:46:01.200+0000] {standard_task_runner.py:60} INFO - Started process 402 to run task
[2025-07-09T20:46:01.204+0000] {standard_task_runner.py:87} INFO - Running: ['***', 'tasks', 'run', 'northwind', 'extração_csv', 'manual__2025-07-09T20:45:38.869934+00:00', '--job-id', '89', '--raw', '--subdir', 'DAGS_FOLDER/northwind.py', '--cfg-path', '/tmp/tmp2fh88_gw']
[2025-07-09T20:46:01.207+0000] {standard_task_runner.py:88} INFO - Job 89: Subtask extração_csv
[2025-07-09T20:46:01.253+0000] {task_command.py:423} INFO - Running <TaskInstance: northwind.extração_csv manual__2025-07-09T20:45:38.869934+00:00 [running]> on host 9d65785a077b
[2025-07-09T20:46:01.334+0000] {taskinstance.py:2480} INFO - Exporting env vars: AIRFLOW_CTX_DAG_EMAIL='lrbf@cin.ufpe.br' AIRFLOW_CTX_DAG_OWNER='***' AIRFLOW_CTX_DAG_ID='northwind' AIRFLOW_CTX_TASK_ID='extração_csv' AIRFLOW_CTX_EXECUTION_DATE='2025-07-09T20:45:38.869934+00:00' AIRFLOW_CTX_TRY_NUMBER='1' AIRFLOW_CTX_DAG_RUN_ID='manual__2025-07-09T20:45:38.869934+00:00'
[2025-07-09T20:46:01.463+0000] {docker.py:359} INFO - Starting docker container from image meltano:latest
[2025-07-09T20:46:01.966+0000] {docker.py:429} INFO - Running meltano install...
[2025-07-09T20:46:03.803+0000] {docker.py:429} INFO - [2m2025-07-09T20:46:03.802979Z[0m [[32m[1minfo     [0m] [1mInstalling 7 plugins          [0m
[2025-07-09T20:46:03.815+0000] {docker.py:429} INFO - [2m2025-07-09T20:46:03.814672Z[0m [[32m[1minfo     [0m] [1mInstalling extractor 'tap-postgres'[0m
[2025-07-09T20:46:03.835+0000] {docker.py:429} INFO - [2m2025-07-09T20:46:03.834354Z[0m [[32m[1minfo     [0m] [1mInstalling extractor 'tap-csv'[0m
[2025-07-09T20:46:03.858+0000] {docker.py:429} INFO - [2m2025-07-09T20:46:03.857556Z[0m [[32m[1minfo     [0m] [1mInstalling extractor 'tap-csv-latest'[0m
[2025-07-09T20:46:03.878+0000] {docker.py:429} INFO - [2m2025-07-09T20:46:03.877253Z[0m [[32m[1minfo     [0m] [1mInstalling loader 'target-postgres'[0m
[2025-07-09T20:46:03.907+0000] {docker.py:429} INFO - [2m2025-07-09T20:46:03.906682Z[0m [[32m[1minfo     [0m] [1mInstalling loader 'target-csv'[0m
[2025-07-09T20:46:03.935+0000] {docker.py:429} INFO - [2m2025-07-09T20:46:03.934894Z[0m [[32m[1minfo     [0m] [1mInstalling loader 'target-csv-postgres'[0m
[2025-07-09T20:46:03.981+0000] {docker.py:429} INFO - [2m2025-07-09T20:46:03.980377Z[0m [[32m[1minfo     [0m] [1mInstalling loader 'target-csv-csv'[0m
[2025-07-09T20:46:05.099+0000] {docker.py:429} INFO - [2m2025-07-09T20:46:05.098203Z[0m [[32m[1minfo     [0m] [1mInstalled extractor 'tap-postgres'[0m
[2025-07-09T20:46:05.179+0000] {docker.py:429} INFO - [2m2025-07-09T20:46:05.179342Z[0m [[32m[1minfo     [0m] [1mInstalled loader 'target-postgres'[0m
[2025-07-09T20:46:08.934+0000] {docker.py:429} INFO - [2m2025-07-09T20:46:08.933109Z[0m [[32m[1minfo     [0m] [1mInstalled extractor 'tap-csv-latest'[0m
[2025-07-09T20:46:09.054+0000] {docker.py:429} INFO - [2m2025-07-09T20:46:09.053544Z[0m [[32m[1minfo     [0m] [1mInstalled extractor 'tap-csv' [0m
[2025-07-09T20:46:09.259+0000] {docker.py:429} INFO - [2m2025-07-09T20:46:09.258770Z[0m [[32m[1minfo     [0m] [1mInstalled loader 'target-csv' [0m
[2025-07-09T20:46:09.727+0000] {docker.py:429} INFO - [2m2025-07-09T20:46:09.726864Z[0m [[32m[1minfo     [0m] [1mInstalled loader 'target-csv-postgres'[0m
[2025-07-09T20:46:09.850+0000] {docker.py:429} INFO - [2m2025-07-09T20:46:09.849454Z[0m [[32m[1minfo     [0m] [1mInstalled loader 'target-csv-csv'[0m
[2m2025-07-09T20:46:09.849722Z[0m [[32m[1minfo     [0m] [1mInstalled 7/7 plugins         [0m
[2025-07-09T20:46:10.792+0000] {docker.py:429} INFO - Meltano install completed. Executing command: meltano el tap-csv target-csv-csv
[2025-07-09T20:46:11.761+0000] {docker.py:429} INFO - [2m2025-07-09T20:46:11.760324Z[0m [[32m[1minfo     [0m] [1mEnvironment 'dev' is active   [0m
[2025-07-09T20:46:12.102+0000] {docker.py:429} INFO - [2m2025-07-09T20:46:12.101676Z[0m [[32m[1minfo     [0m] [1mRunning extract & load...     [0m [36mname[0m=[35mmeltano[0m [36mrun_id[0m=[35m46326cb6-d0bf-4f12-a136-e0175f53d061[0m [36mstate_id[0m=[35m2025-07-09T204611--tap-csv--target-csv-csv[0m
[2025-07-09T20:46:13.143+0000] {docker.py:429} INFO - [2m2025-07-09T20:46:13.142820Z[0m [[32m[1minfo     [0m] [1mINFO Sending version information to singer.io. To disable sending anonymous usage data, set the config parameter "disable_collection" to true[0m [36mcmd_type[0m=[35mloader[0m [36mname[0m=[35mtarget-csv-csv[0m [36mrun_id[0m=[35m46326cb6-d0bf-4f12-a136-e0175f53d061[0m [36mstate_id[0m=[35m2025-07-09T204611--tap-csv--target-csv-csv[0m [36mstdio[0m=[35mstderr[0m
[2025-07-09T20:46:13.404+0000] {docker.py:429} INFO - [2m2025-07-09T20:46:13.403434Z[0m [[32m[1minfo     [0m] [1m/opt/meltano/.meltano/extractors/tap-csv/venv/lib/python3.9/site-packages/singer_sdk/tap_base.py:516: SingerSDKDeprecationWarning: Passing a catalog file path is deprecated. Please pass the catalog as a dictionary or Catalog object instead.[0m [36mcmd_type[0m=[35mextractor[0m [36mname[0m=[35mtap-csv[0m [36mrun_id[0m=[35m46326cb6-d0bf-4f12-a136-e0175f53d061[0m [36mstate_id[0m=[35m2025-07-09T204611--tap-csv--target-csv-csv[0m [36mstdio[0m=[35mstderr[0m
[2m2025-07-09T20:46:13.403756Z[0m [[32m[1minfo     [0m] [1m  tap = cls(                  [0m [36mcmd_type[0m=[35mextractor[0m [36mname[0m=[35mtap-csv[0m [36mrun_id[0m=[35m46326cb6-d0bf-4f12-a136-e0175f53d061[0m [36mstate_id[0m=[35m2025-07-09T204611--tap-csv--target-csv-csv[0m [36mstdio[0m=[35mstderr[0m
[2025-07-09T20:46:13.405+0000] {docker.py:429} INFO - [2m2025-07-09T20:46:13.403893Z[0m [[32m[1minfo     [0m] [1m                              [0m [36mcmd_type[0m=[35mextractor[0m [36mname[0m=[35mtap-csv[0m [36mrun_id[0m=[35m46326cb6-d0bf-4f12-a136-e0175f53d061[0m [36mstate_id[0m=[35m2025-07-09T204611--tap-csv--target-csv-csv[0m [36mstdio[0m=[35mstderr[0m
[2025-07-09T20:46:13.405+0000] {docker.py:429} INFO - [2m2025-07-09T20:46:13.404172Z[0m [[32m[1minfo     [0m] [1mBeginning full_table sync of 'order_details'...[0m [36mcmd_type[0m=[35mextractor[0m [36mname[0m=[35mtap-csv[0m [36mrun_id[0m=[35m46326cb6-d0bf-4f12-a136-e0175f53d061[0m [36mstate_id[0m=[35m2025-07-09T204611--tap-csv--target-csv-csv[0m [36mstdio[0m=[35mstderr[0m
[2025-07-09T20:46:13.406+0000] {docker.py:429} INFO - [2m2025-07-09T20:46:13.404406Z[0m [[32m[1minfo     [0m] [1mTap has custom mapper. Using 1 provided map(s).[0m [36mcmd_type[0m=[35mextractor[0m [36mname[0m=[35mtap-csv[0m [36mrun_id[0m=[35m46326cb6-d0bf-4f12-a136-e0175f53d061[0m [36mstate_id[0m=[35m2025-07-09T204611--tap-csv--target-csv-csv[0m [36mstdio[0m=[35mstderr[0m
[2025-07-09T20:46:13.544+0000] {docker.py:429} INFO - [2m2025-07-09T20:46:13.543224Z[0m [[32m[1minfo     [0m] [1mMETRIC: {"type": "timer", "metric": "sync_duration", "value": 0.13898777961730957, "tags": {"stream": "order_details", "pid": 176, "context": {}, "status": "succeeded"}}[0m [36mcmd_type[0m=[35mextractor[0m [36mname[0m=[35mtap-csv[0m [36mrun_id[0m=[35m46326cb6-d0bf-4f12-a136-e0175f53d061[0m [36mstate_id[0m=[35m2025-07-09T204611--tap-csv--target-csv-csv[0m [36mstdio[0m=[35mstderr[0m
[2m2025-07-09T20:46:13.543563Z[0m [[32m[1minfo     [0m] [1mMETRIC: {"type": "counter", "metric": "record_count", "value": 2155, "tags": {"stream": "order_details", "pid": 176, "context": {}}}[0m [36mcmd_type[0m=[35mextractor[0m [36mname[0m=[35mtap-csv[0m [36mrun_id[0m=[35m46326cb6-d0bf-4f12-a136-e0175f53d061[0m [36mstate_id[0m=[35m2025-07-09T204611--tap-csv--target-csv-csv[0m [36mstdio[0m=[35mstderr[0m
[2025-07-09T20:46:13.637+0000] {docker.py:429} INFO - [2m2025-07-09T20:46:13.636717Z[0m [[32m[1minfo     [0m] [1mUsing systemdb state backend  [0m
[2025-07-09T20:46:13.651+0000] {docker.py:429} INFO - [2m2025-07-09T20:46:13.650604Z[0m [[32m[1minfo     [0m] [1mIncremental state has been updated at 2025-07-09 20:46:13.650566+00:00.[0m
[2025-07-09T20:46:13.653+0000] {docker.py:429} INFO - [2m2025-07-09T20:46:13.652359Z[0m [[32m[1minfo     [0m] [1mExtract & load complete!      [0m [36mname[0m=[35mmeltano[0m [36mrun_id[0m=[35m46326cb6-d0bf-4f12-a136-e0175f53d061[0m [36mstate_id[0m=[35m2025-07-09T204611--tap-csv--target-csv-csv[0m
[2m2025-07-09T20:46:13.652683Z[0m [[32m[1minfo     [0m] [1mTransformation skipped.       [0m [36mname[0m=[35mmeltano[0m [36mrun_id[0m=[35m46326cb6-d0bf-4f12-a136-e0175f53d061[0m [36mstate_id[0m=[35m2025-07-09T204611--tap-csv--target-csv-csv[0m
[2025-07-09T20:46:14.745+0000] {taskinstance.py:1138} INFO - Marking task as SUCCESS. dag_id=northwind, task_id=extração_csv, execution_date=20250709T204538, start_date=20250709T204601, end_date=20250709T204614
[2025-07-09T20:46:14.818+0000] {local_task_job_runner.py:234} INFO - Task exited with return code 0
[2025-07-09T20:46:14.863+0000] {taskinstance.py:3280} INFO - 1 downstream tasks scheduled from follow-on schedule check
