[2025-06-23T22:57:01.525+0000] {taskinstance.py:1956} INFO - Dependencies all met for dep_context=non-requeueable deps ti=<TaskInstance: northwind.extração_csv manual__2025-06-23T22:56:35.446662+00:00 [queued]>
[2025-06-23T22:57:01.553+0000] {taskinstance.py:1956} INFO - Dependencies all met for dep_context=requeueable deps ti=<TaskInstance: northwind.extração_csv manual__2025-06-23T22:56:35.446662+00:00 [queued]>
[2025-06-23T22:57:01.554+0000] {taskinstance.py:2170} INFO - Starting attempt 1 of 2
[2025-06-23T22:57:01.593+0000] {taskinstance.py:2191} INFO - Executing <Task(DockerOperator): extração_csv> on 2025-06-23 22:56:35.446662+00:00
[2025-06-23T22:57:01.608+0000] {standard_task_runner.py:60} INFO - Started process 286 to run task
[2025-06-23T22:57:01.623+0000] {standard_task_runner.py:87} INFO - Running: ['***', 'tasks', 'run', 'northwind', 'extração_csv', 'manual__2025-06-23T22:56:35.446662+00:00', '--job-id', '38', '--raw', '--subdir', 'DAGS_FOLDER/dag.py', '--cfg-path', '/tmp/tmp8ncx7by_']
[2025-06-23T22:57:01.645+0000] {standard_task_runner.py:88} INFO - Job 38: Subtask extração_csv
[2025-06-23T22:57:01.802+0000] {task_command.py:423} INFO - Running <TaskInstance: northwind.extração_csv manual__2025-06-23T22:56:35.446662+00:00 [running]> on host a06304be4538
[2025-06-23T22:57:01.947+0000] {taskinstance.py:2480} INFO - Exporting env vars: AIRFLOW_CTX_DAG_EMAIL='lrbf@cin.ufpe.br' AIRFLOW_CTX_DAG_OWNER='***' AIRFLOW_CTX_DAG_ID='northwind' AIRFLOW_CTX_TASK_ID='extração_csv' AIRFLOW_CTX_EXECUTION_DATE='2025-06-23T22:56:35.446662+00:00' AIRFLOW_CTX_TRY_NUMBER='1' AIRFLOW_CTX_DAG_RUN_ID='manual__2025-06-23T22:56:35.446662+00:00'
[2025-06-23T22:57:02.485+0000] {docker.py:359} INFO - Starting docker container from image indicium_pipeline-meltano:latest
[2025-06-23T22:57:04.312+0000] {docker.py:429} INFO - Running meltano install...
[2025-06-23T22:57:07.017+0000] {docker.py:429} INFO - [2m2025-06-23T22:57:07.016604Z[0m [[32m[1minfo     [0m] [1mInstalling 7 plugins          [0m
[2025-06-23T22:57:07.032+0000] {docker.py:429} INFO - [2m2025-06-23T22:57:07.032247Z[0m [[32m[1minfo     [0m] [1mInstalling extractor 'tap-postgres'[0m
[2025-06-23T22:57:07.055+0000] {docker.py:429} INFO - [2m2025-06-23T22:57:07.054694Z[0m [[32m[1minfo     [0m] [1mInstalling extractor 'tap-csv'[0m
[2025-06-23T22:57:07.083+0000] {docker.py:429} INFO - [2m2025-06-23T22:57:07.082834Z[0m [[32m[1minfo     [0m] [1mInstalling extractor 'tap-csv-latest'[0m
[2025-06-23T22:57:07.110+0000] {docker.py:429} INFO - [2m2025-06-23T22:57:07.108677Z[0m [[32m[1minfo     [0m] [1mInstalling loader 'target-postgres'[0m
[2025-06-23T22:57:07.134+0000] {docker.py:429} INFO - [2m2025-06-23T22:57:07.133209Z[0m [[32m[1minfo     [0m] [1mInstalling loader 'target-csv'[0m
[2025-06-23T22:57:07.165+0000] {docker.py:429} INFO - [2m2025-06-23T22:57:07.164509Z[0m [[32m[1minfo     [0m] [1mInstalling loader 'target-csv-postgres'[0m
[2025-06-23T22:57:07.204+0000] {docker.py:429} INFO - [2m2025-06-23T22:57:07.203317Z[0m [[32m[1minfo     [0m] [1mInstalling loader 'target-csv-csv'[0m
[2025-06-23T22:57:07.191+0000] {docker.py:429} INFO - [2m2025-06-23T22:57:07.190056Z[0m [[32m[1minfo     [0m] [1mInstalled extractor 'tap-postgres'[0m
[2025-06-23T22:57:07.193+0000] {docker.py:429} INFO - [2m2025-06-23T22:57:07.191485Z[0m [[32m[1minfo     [0m] [1mInstalled loader 'target-postgres'[0m
[2025-06-23T22:57:16.297+0000] {docker.py:429} INFO - [2m2025-06-23T22:57:16.295512Z[0m [[32m[1minfo     [0m] [1mInstalled extractor 'tap-csv-latest'[0m
[2025-06-23T22:57:16.306+0000] {docker.py:429} INFO - [2m2025-06-23T22:57:16.305424Z[0m [[32m[1minfo     [0m] [1mInstalled extractor 'tap-csv' [0m
[2025-06-23T22:57:16.635+0000] {docker.py:429} INFO - [2m2025-06-23T22:57:16.634752Z[0m [[32m[1minfo     [0m] [1mInstalled loader 'target-csv' [0m
[2025-06-23T22:57:16.958+0000] {docker.py:429} INFO - [2m2025-06-23T22:57:16.957166Z[0m [[32m[1minfo     [0m] [1mInstalled loader 'target-csv-csv'[0m
[2025-06-23T22:57:17.083+0000] {docker.py:429} INFO - [2m2025-06-23T22:57:17.082816Z[0m [[32m[1minfo     [0m] [1mInstalled loader 'target-csv-postgres'[0m
[2025-06-23T22:57:17.084+0000] {docker.py:429} INFO - [2m2025-06-23T22:57:17.083734Z[0m [[32m[1minfo     [0m] [1mInstalled 7/7 plugins         [0m
[2025-06-23T22:57:18.196+0000] {docker.py:429} INFO - Meltano install completed. Executing command: meltano el tap-csv target-csv-csv
[2025-06-23T22:57:19.690+0000] {docker.py:429} INFO - [2m2025-06-23T22:57:19.689678Z[0m [[32m[1minfo     [0m] [1mEnvironment 'dev' is active   [0m
[2025-06-23T22:57:20.125+0000] {docker.py:429} INFO - [2m2025-06-23T22:57:20.124744Z[0m [[32m[1minfo     [0m] [1mRunning extract & load...     [0m [36mname[0m=[35mmeltano[0m [36mrun_id[0m=[35m0a7877dd-3204-4e39-8467-d87731ef1b9b[0m [36mstate_id[0m=[35m2025-06-23T225719--tap-csv--target-csv-csv[0m
[2025-06-23T22:57:21.498+0000] {docker.py:429} INFO - [2m2025-06-23T22:57:21.493306Z[0m [[32m[1minfo     [0m] [1mINFO Sending version information to singer.io. To disable sending anonymous usage data, set the config parameter "disable_collection" to true[0m [36mcmd_type[0m=[35mloader[0m [36mname[0m=[35mtarget-csv-csv[0m [36mrun_id[0m=[35m0a7877dd-3204-4e39-8467-d87731ef1b9b[0m [36mstate_id[0m=[35m2025-06-23T225719--tap-csv--target-csv-csv[0m [36mstdio[0m=[35mstderr[0m
[2025-06-23T22:57:21.866+0000] {docker.py:429} INFO - [2m2025-06-23T22:57:21.865726Z[0m [[32m[1minfo     [0m] [1mBeginning full_table sync of 'order_details'...[0m [36mcmd_type[0m=[35mextractor[0m [36mname[0m=[35mtap-csv[0m [36mrun_id[0m=[35m0a7877dd-3204-4e39-8467-d87731ef1b9b[0m [36mstate_id[0m=[35m2025-06-23T225719--tap-csv--target-csv-csv[0m [36mstdio[0m=[35mstderr[0m
[2025-06-23T22:57:21.867+0000] {docker.py:429} INFO - [2m2025-06-23T22:57:21.866184Z[0m [[32m[1minfo     [0m] [1mTap has custom mapper. Using 1 provided map(s).[0m [36mcmd_type[0m=[35mextractor[0m [36mname[0m=[35mtap-csv[0m [36mrun_id[0m=[35m0a7877dd-3204-4e39-8467-d87731ef1b9b[0m [36mstate_id[0m=[35m2025-06-23T225719--tap-csv--target-csv-csv[0m [36mstdio[0m=[35mstderr[0m
[2025-06-23T22:57:22.098+0000] {docker.py:429} INFO - [2m2025-06-23T22:57:22.097561Z[0m [[32m[1minfo     [0m] [1mMETRIC: {"type": "timer", "metric": "sync_duration", "value": 0.23129868507385254, "tags": {"stream": "order_details", "pid": 176, "context": {}, "status": "succeeded"}}[0m [36mcmd_type[0m=[35mextractor[0m [36mname[0m=[35mtap-csv[0m [36mrun_id[0m=[35m0a7877dd-3204-4e39-8467-d87731ef1b9b[0m [36mstate_id[0m=[35m2025-06-23T225719--tap-csv--target-csv-csv[0m [36mstdio[0m=[35mstderr[0m
[2025-06-23T22:57:22.099+0000] {docker.py:429} INFO - [2m2025-06-23T22:57:22.098126Z[0m [[32m[1minfo     [0m] [1mMETRIC: {"type": "counter", "metric": "record_count", "value": 2155, "tags": {"stream": "order_details", "pid": 176, "context": {}}}[0m [36mcmd_type[0m=[35mextractor[0m [36mname[0m=[35mtap-csv[0m [36mrun_id[0m=[35m0a7877dd-3204-4e39-8467-d87731ef1b9b[0m [36mstate_id[0m=[35m2025-06-23T225719--tap-csv--target-csv-csv[0m [36mstdio[0m=[35mstderr[0m
[2025-06-23T22:57:22.276+0000] {docker.py:429} INFO - [2m2025-06-23T22:57:22.275189Z[0m [[32m[1minfo     [0m] [1mUsing systemdb state backend  [0m
[2025-06-23T22:57:22.297+0000] {docker.py:429} INFO - [2m2025-06-23T22:57:22.296338Z[0m [[32m[1minfo     [0m] [1mIncremental state has been updated at 2025-06-23 22:57:22.296289+00:00.[0m
[2025-06-23T22:57:22.311+0000] {docker.py:429} INFO - [2m2025-06-23T22:57:22.310000Z[0m [[32m[1minfo     [0m] [1mExtract & load complete!      [0m [36mname[0m=[35mmeltano[0m [36mrun_id[0m=[35m0a7877dd-3204-4e39-8467-d87731ef1b9b[0m [36mstate_id[0m=[35m2025-06-23T225719--tap-csv--target-csv-csv[0m
[2025-06-23T22:57:22.312+0000] {docker.py:429} INFO - [2m2025-06-23T22:57:22.310903Z[0m [[32m[1minfo     [0m] [1mTransformation skipped.       [0m [36mname[0m=[35mmeltano[0m [36mrun_id[0m=[35m0a7877dd-3204-4e39-8467-d87731ef1b9b[0m [36mstate_id[0m=[35m2025-06-23T225719--tap-csv--target-csv-csv[0m
[2025-06-23T22:57:23.897+0000] {taskinstance.py:1138} INFO - Marking task as SUCCESS. dag_id=northwind, task_id=extração_csv, execution_date=20250623T225635, start_date=20250623T225701, end_date=20250623T225723
[2025-06-23T22:57:23.972+0000] {local_task_job_runner.py:234} INFO - Task exited with return code 0
[2025-06-23T22:57:24.030+0000] {taskinstance.py:3280} INFO - 1 downstream tasks scheduled from follow-on schedule check
