[2025-06-25T21:01:53.191+0000] {taskinstance.py:1956} INFO - Dependencies all met for dep_context=non-requeueable deps ti=<TaskInstance: northwind.extração_csv manual__2025-06-25T21:01:24.669781+00:00 [queued]>
[2025-06-25T21:01:53.208+0000] {taskinstance.py:1956} INFO - Dependencies all met for dep_context=requeueable deps ti=<TaskInstance: northwind.extração_csv manual__2025-06-25T21:01:24.669781+00:00 [queued]>
[2025-06-25T21:01:53.208+0000] {taskinstance.py:2170} INFO - Starting attempt 1 of 2
[2025-06-25T21:01:53.229+0000] {taskinstance.py:2191} INFO - Executing <Task(DockerOperator): extração_csv> on 2025-06-25 21:01:24.669781+00:00
[2025-06-25T21:01:53.235+0000] {standard_task_runner.py:60} INFO - Started process 182 to run task
[2025-06-25T21:01:53.239+0000] {standard_task_runner.py:87} INFO - Running: ['***', 'tasks', 'run', 'northwind', 'extração_csv', 'manual__2025-06-25T21:01:24.669781+00:00', '--job-id', '186', '--raw', '--subdir', 'DAGS_FOLDER/dag.py', '--cfg-path', '/tmp/tmptjujjcsw']
[2025-06-25T21:01:53.241+0000] {standard_task_runner.py:88} INFO - Job 186: Subtask extração_csv
[2025-06-25T21:01:53.294+0000] {task_command.py:423} INFO - Running <TaskInstance: northwind.extração_csv manual__2025-06-25T21:01:24.669781+00:00 [running]> on host 6afc1f3750fb
[2025-06-25T21:01:53.379+0000] {taskinstance.py:2480} INFO - Exporting env vars: AIRFLOW_CTX_DAG_EMAIL='lrbf@cin.ufpe.br' AIRFLOW_CTX_DAG_OWNER='***' AIRFLOW_CTX_DAG_ID='northwind' AIRFLOW_CTX_TASK_ID='extração_csv' AIRFLOW_CTX_EXECUTION_DATE='2025-06-25T21:01:24.669781+00:00' AIRFLOW_CTX_TRY_NUMBER='1' AIRFLOW_CTX_DAG_RUN_ID='manual__2025-06-25T21:01:24.669781+00:00'
[2025-06-25T21:01:53.454+0000] {docker.py:359} INFO - Starting docker container from image meltano:latest
[2025-06-25T21:01:53.458+0000] {docker.py:367} WARNING - Using remote engine or docker-in-docker and mounting temporary volume from host is not supported. Falling back to `mount_tmp_dir=False` mode. You can set `mount_tmp_dir` parameter to False to disable mounting and remove the warning
[2025-06-25T21:01:53.811+0000] {docker.py:429} INFO - Running meltano install...
[2025-06-25T21:01:55.179+0000] {docker.py:429} INFO - [2m2025-06-25T21:01:55.178509Z[0m [[32m[1minfo     [0m] [1mInstalling 7 plugins          [0m
[2025-06-25T21:01:55.201+0000] {docker.py:429} INFO - [2m2025-06-25T21:01:55.200928Z[0m [[32m[1minfo     [0m] [1mInstalling extractor 'tap-postgres'[0m
[2025-06-25T21:01:55.228+0000] {docker.py:429} INFO - [2m2025-06-25T21:01:55.227199Z[0m [[32m[1minfo     [0m] [1mInstalling extractor 'tap-csv'[0m
[2025-06-25T21:01:55.276+0000] {docker.py:429} INFO - [2m2025-06-25T21:01:55.275901Z[0m [[32m[1minfo     [0m] [1mInstalling extractor 'tap-csv-latest'[0m
[2025-06-25T21:01:55.311+0000] {docker.py:429} INFO - [2m2025-06-25T21:01:55.310794Z[0m [[32m[1minfo     [0m] [1mInstalling loader 'target-postgres'[0m
[2025-06-25T21:01:55.346+0000] {docker.py:429} INFO - [2m2025-06-25T21:01:55.345329Z[0m [[32m[1minfo     [0m] [1mInstalling loader 'target-csv'[0m
[2025-06-25T21:01:55.380+0000] {docker.py:429} INFO - [2m2025-06-25T21:01:55.379495Z[0m [[32m[1minfo     [0m] [1mInstalling loader 'target-csv-postgres'[0m
[2025-06-25T21:01:55.427+0000] {docker.py:429} INFO - [2m2025-06-25T21:01:55.426207Z[0m [[32m[1minfo     [0m] [1mInstalling loader 'target-csv-csv'[0m
[2025-06-25T21:01:54.870+0000] {docker.py:429} INFO - [2m2025-06-25T21:01:54.869121Z[0m [[32m[1minfo     [0m] [1mInstalled extractor 'tap-postgres'[0m
[2025-06-25T21:01:54.907+0000] {docker.py:429} INFO - [2m2025-06-25T21:01:54.907294Z[0m [[32m[1minfo     [0m] [1mInstalled loader 'target-postgres'[0m
[2025-06-25T21:02:01.221+0000] {docker.py:429} INFO - [2m2025-06-25T21:02:01.220069Z[0m [[32m[1minfo     [0m] [1mInstalled extractor 'tap-csv' [0m
[2025-06-25T21:02:01.335+0000] {docker.py:429} INFO - [2m2025-06-25T21:02:01.335353Z[0m [[32m[1minfo     [0m] [1mInstalled extractor 'tap-csv-latest'[0m
[2025-06-25T21:02:01.531+0000] {docker.py:429} INFO - [2m2025-06-25T21:02:01.529460Z[0m [[32m[1minfo     [0m] [1mInstalled loader 'target-csv' [0m
[2025-06-25T21:02:02.822+0000] {docker.py:429} INFO - [2m2025-06-25T21:02:02.821777Z[0m [[32m[1minfo     [0m] [1mInstalled loader 'target-csv-csv'[0m
[2025-06-25T21:02:02.895+0000] {docker.py:429} INFO - [2m2025-06-25T21:02:02.894909Z[0m [[32m[1minfo     [0m] [1mInstalled loader 'target-csv-postgres'[0m
[2m2025-06-25T21:02:02.895170Z[0m [[32m[1minfo     [0m] [1mInstalled 7/7 plugins         [0m
[2025-06-25T21:02:03.840+0000] {docker.py:429} INFO - Meltano install completed. Executing command: meltano el tap-csv target-csv-csv
[2025-06-25T21:02:04.964+0000] {docker.py:429} INFO - [2m2025-06-25T21:02:04.963755Z[0m [[32m[1minfo     [0m] [1mEnvironment 'dev' is active   [0m
[2025-06-25T21:02:05.282+0000] {docker.py:429} INFO - [2m2025-06-25T21:02:05.281456Z[0m [[32m[1minfo     [0m] [1mRunning extract & load...     [0m [36mname[0m=[35mmeltano[0m [36mrun_id[0m=[35m4e60a276-d6bf-4028-bf3b-95f6839c88ac[0m [36mstate_id[0m=[35m2025-06-25T210205--tap-csv--target-csv-csv[0m
[2025-06-25T21:02:06.729+0000] {docker.py:429} INFO - [2m2025-06-25T21:02:06.728449Z[0m [[32m[1minfo     [0m] [1mINFO Sending version information to singer.io. To disable sending anonymous usage data, set the config parameter "disable_collection" to true[0m [36mcmd_type[0m=[35mloader[0m [36mname[0m=[35mtarget-csv-csv[0m [36mrun_id[0m=[35m4e60a276-d6bf-4028-bf3b-95f6839c88ac[0m [36mstate_id[0m=[35m2025-06-25T210205--tap-csv--target-csv-csv[0m [36mstdio[0m=[35mstderr[0m
[2025-06-25T21:02:07.055+0000] {docker.py:429} INFO - [2m2025-06-25T21:02:07.054895Z[0m [[32m[1minfo     [0m] [1mBeginning full_table sync of 'order_details'...[0m [36mcmd_type[0m=[35mextractor[0m [36mname[0m=[35mtap-csv[0m [36mrun_id[0m=[35m4e60a276-d6bf-4028-bf3b-95f6839c88ac[0m [36mstate_id[0m=[35m2025-06-25T210205--tap-csv--target-csv-csv[0m [36mstdio[0m=[35mstderr[0m
[2m2025-06-25T21:02:07.055219Z[0m [[32m[1minfo     [0m] [1mTap has custom mapper. Using 1 provided map(s).[0m [36mcmd_type[0m=[35mextractor[0m [36mname[0m=[35mtap-csv[0m [36mrun_id[0m=[35m4e60a276-d6bf-4028-bf3b-95f6839c88ac[0m [36mstate_id[0m=[35m2025-06-25T210205--tap-csv--target-csv-csv[0m [36mstdio[0m=[35mstderr[0m
[2025-06-25T21:02:07.246+0000] {docker.py:429} INFO - [2m2025-06-25T21:02:07.245452Z[0m [[32m[1minfo     [0m] [1mMETRIC: {"type": "timer", "metric": "sync_duration", "value": 0.19016003608703613, "tags": {"stream": "order_details", "pid": 176, "context": {}, "status": "succeeded"}}[0m [36mcmd_type[0m=[35mextractor[0m [36mname[0m=[35mtap-csv[0m [36mrun_id[0m=[35m4e60a276-d6bf-4028-bf3b-95f6839c88ac[0m [36mstate_id[0m=[35m2025-06-25T210205--tap-csv--target-csv-csv[0m [36mstdio[0m=[35mstderr[0m
[2025-06-25T21:02:07.246+0000] {docker.py:429} INFO - [2m2025-06-25T21:02:07.245854Z[0m [[32m[1minfo     [0m] [1mMETRIC: {"type": "counter", "metric": "record_count", "value": 2155, "tags": {"stream": "order_details", "pid": 176, "context": {}}}[0m [36mcmd_type[0m=[35mextractor[0m [36mname[0m=[35mtap-csv[0m [36mrun_id[0m=[35m4e60a276-d6bf-4028-bf3b-95f6839c88ac[0m [36mstate_id[0m=[35m2025-06-25T210205--tap-csv--target-csv-csv[0m [36mstdio[0m=[35mstderr[0m
[2025-06-25T21:02:07.365+0000] {docker.py:429} INFO - [2m2025-06-25T21:02:07.365028Z[0m [[32m[1minfo     [0m] [1mUsing systemdb state backend  [0m
[2025-06-25T21:02:07.381+0000] {docker.py:429} INFO - [2m2025-06-25T21:02:07.380572Z[0m [[32m[1minfo     [0m] [1mIncremental state has been updated at 2025-06-25 21:02:07.380529+00:00.[0m
[2025-06-25T21:02:07.382+0000] {docker.py:429} INFO - [2m2025-06-25T21:02:07.382198Z[0m [[32m[1minfo     [0m] [1mExtract & load complete!      [0m [36mname[0m=[35mmeltano[0m [36mrun_id[0m=[35m4e60a276-d6bf-4028-bf3b-95f6839c88ac[0m [36mstate_id[0m=[35m2025-06-25T210205--tap-csv--target-csv-csv[0m
[2025-06-25T21:02:07.383+0000] {docker.py:429} INFO - [2m2025-06-25T21:02:07.382492Z[0m [[32m[1minfo     [0m] [1mTransformation skipped.       [0m [36mname[0m=[35mmeltano[0m [36mrun_id[0m=[35m4e60a276-d6bf-4028-bf3b-95f6839c88ac[0m [36mstate_id[0m=[35m2025-06-25T210205--tap-csv--target-csv-csv[0m
[2025-06-25T21:02:08.718+0000] {taskinstance.py:1138} INFO - Marking task as SUCCESS. dag_id=northwind, task_id=extração_csv, execution_date=20250625T210124, start_date=20250625T210153, end_date=20250625T210208
[2025-06-25T21:02:08.765+0000] {local_task_job_runner.py:234} INFO - Task exited with return code 0
[2025-06-25T21:02:08.795+0000] {taskinstance.py:3280} INFO - 1 downstream tasks scheduled from follow-on schedule check
