[2025-06-25T19:40:49.692+0000] {taskinstance.py:1956} INFO - Dependencies all met for dep_context=non-requeueable deps ti=<TaskInstance: northwind.carregamento_postgres manual__2025-06-25T19:34:32.334444+00:00 [queued]>
[2025-06-25T19:40:49.705+0000] {taskinstance.py:1956} INFO - Dependencies all met for dep_context=requeueable deps ti=<TaskInstance: northwind.carregamento_postgres manual__2025-06-25T19:34:32.334444+00:00 [queued]>
[2025-06-25T19:40:49.705+0000] {taskinstance.py:2170} INFO - Starting attempt 2 of 2
[2025-06-25T19:40:49.722+0000] {taskinstance.py:2191} INFO - Executing <Task(DockerOperator): carregamento_postgres> on 2025-06-25 19:34:32.334444+00:00
[2025-06-25T19:40:49.731+0000] {standard_task_runner.py:60} INFO - Started process 245 to run task
[2025-06-25T19:40:49.740+0000] {standard_task_runner.py:87} INFO - Running: ['***', 'tasks', 'run', 'northwind', 'carregamento_postgres', 'manual__2025-06-25T19:34:32.334444+00:00', '--job-id', '128', '--raw', '--subdir', 'DAGS_FOLDER/dag.py', '--cfg-path', '/tmp/tmpk5s3ualq']
[2025-06-25T19:40:49.749+0000] {standard_task_runner.py:88} INFO - Job 128: Subtask carregamento_postgres
[2025-06-25T19:40:49.872+0000] {task_command.py:423} INFO - Running <TaskInstance: northwind.carregamento_postgres manual__2025-06-25T19:34:32.334444+00:00 [running]> on host efd54408c28d
[2025-06-25T19:40:49.988+0000] {taskinstance.py:2480} INFO - Exporting env vars: AIRFLOW_CTX_DAG_EMAIL='lrbf@cin.ufpe.br' AIRFLOW_CTX_DAG_OWNER='***' AIRFLOW_CTX_DAG_ID='northwind' AIRFLOW_CTX_TASK_ID='carregamento_postgres' AIRFLOW_CTX_EXECUTION_DATE='2025-06-25T19:34:32.334444+00:00' AIRFLOW_CTX_TRY_NUMBER='2' AIRFLOW_CTX_DAG_RUN_ID='manual__2025-06-25T19:34:32.334444+00:00'
[2025-06-25T19:40:50.155+0000] {docker.py:359} INFO - Starting docker container from image meltano:latest
[2025-06-25T19:40:50.745+0000] {docker.py:429} INFO - Running meltano install...
[2025-06-25T19:40:52.513+0000] {docker.py:429} INFO - [2m2025-06-25T19:40:52.512569Z[0m [[32m[1minfo     [0m] [1mInstalling 7 plugins          [0m
[2025-06-25T19:40:52.528+0000] {docker.py:429} INFO - [2m2025-06-25T19:40:52.527650Z[0m [[32m[1minfo     [0m] [1mInstalling extractor 'tap-postgres'[0m
[2025-06-25T19:40:52.552+0000] {docker.py:429} INFO - [2m2025-06-25T19:40:52.552103Z[0m [[32m[1minfo     [0m] [1mInstalling extractor 'tap-csv'[0m
[2025-06-25T19:40:52.572+0000] {docker.py:429} INFO - [2m2025-06-25T19:40:52.571271Z[0m [[32m[1minfo     [0m] [1mInstalling extractor 'tap-csv-latest'[0m
[2025-06-25T19:40:52.595+0000] {docker.py:429} INFO - [2m2025-06-25T19:40:52.594237Z[0m [[32m[1minfo     [0m] [1mInstalling loader 'target-postgres'[0m
[2025-06-25T19:40:52.622+0000] {docker.py:429} INFO - [2m2025-06-25T19:40:52.621162Z[0m [[32m[1minfo     [0m] [1mInstalling loader 'target-csv'[0m
[2025-06-25T19:40:52.647+0000] {docker.py:429} INFO - [2m2025-06-25T19:40:52.647091Z[0m [[32m[1minfo     [0m] [1mInstalling loader 'target-csv-postgres'[0m
[2025-06-25T19:40:52.695+0000] {docker.py:429} INFO - [2m2025-06-25T19:40:52.685836Z[0m [[32m[1minfo     [0m] [1mInstalling loader 'target-csv-csv'[0m
[2025-06-25T19:40:54.200+0000] {docker.py:429} INFO - [2m2025-06-25T19:40:54.199178Z[0m [[32m[1minfo     [0m] [1mInstalled extractor 'tap-postgres'[0m
[2025-06-25T19:40:54.303+0000] {docker.py:429} INFO - [2m2025-06-25T19:40:54.302989Z[0m [[32m[1minfo     [0m] [1mInstalled loader 'target-postgres'[0m
[2025-06-25T19:41:00.540+0000] {docker.py:429} INFO - [2m2025-06-25T19:41:00.539719Z[0m [[32m[1minfo     [0m] [1mInstalled extractor 'tap-csv' [0m
[2025-06-25T19:41:00.542+0000] {docker.py:429} INFO - [2m2025-06-25T19:41:00.541578Z[0m [[32m[1minfo     [0m] [1mInstalled extractor 'tap-csv-latest'[0m
[2025-06-25T19:41:01.690+0000] {docker.py:429} INFO - [2m2025-06-25T19:41:01.689945Z[0m [[32m[1minfo     [0m] [1mInstalled loader 'target-csv' [0m
[2025-06-25T19:41:03.184+0000] {docker.py:429} INFO - [2m2025-06-25T19:41:03.183878Z[0m [[32m[1minfo     [0m] [1mInstalled loader 'target-csv-postgres'[0m
[2025-06-25T19:41:03.355+0000] {docker.py:429} INFO - [2m2025-06-25T19:41:03.355340Z[0m [[32m[1minfo     [0m] [1mInstalled loader 'target-csv-csv'[0m
[2m2025-06-25T19:41:03.355616Z[0m [[32m[1minfo     [0m] [1mInstalled 7/7 plugins         [0m
[2025-06-25T19:41:04.754+0000] {docker.py:429} INFO - Meltano install completed. Executing command: meltano el tap-csv-latest target-postgres
[2025-06-25T19:41:05.941+0000] {docker.py:429} INFO - [2m2025-06-25T19:41:05.940799Z[0m [[32m[1minfo     [0m] [1mEnvironment 'dev' is active   [0m
[2025-06-25T19:41:06.351+0000] {docker.py:429} INFO - [2m2025-06-25T19:41:06.350605Z[0m [[32m[1minfo     [0m] [1mRunning extract & load...     [0m [36mname[0m=[35mmeltano[0m [36mrun_id[0m=[35m20b77e1d-3761-4c1c-a959-0425a286c9b5[0m [36mstate_id[0m=[35m2025-06-25T194106--tap-csv-latest--target-postgres[0m
[2025-06-25T19:41:07.120+0000] {docker.py:429} INFO - [2m2025-06-25T19:41:07.119422Z[0m [[32m[1minfo     [0m] [1mTraceback (most recent call last):[0m [36mcmd_type[0m=[35mextractor[0m [36mname[0m=[35mtap-csv-latest[0m [36mrun_id[0m=[35m20b77e1d-3761-4c1c-a959-0425a286c9b5[0m [36mstate_id[0m=[35m2025-06-25T194106--tap-csv-latest--target-postgres[0m [36mstdio[0m=[35mstderr[0m
[2025-06-25T19:41:07.120+0000] {docker.py:429} INFO - [2m2025-06-25T19:41:07.119762Z[0m [[32m[1minfo     [0m] [1m  File "/opt/meltano/.meltano/extractors/tap-csv-latest/venv/bin/tap-csv", line 8, in <module>[0m [36mcmd_type[0m=[35mextractor[0m [36mname[0m=[35mtap-csv-latest[0m [36mrun_id[0m=[35m20b77e1d-3761-4c1c-a959-0425a286c9b5[0m [36mstate_id[0m=[35m2025-06-25T194106--tap-csv-latest--target-postgres[0m [36mstdio[0m=[35mstderr[0m
[2025-06-25T19:41:07.120+0000] {docker.py:429} INFO - [2m2025-06-25T19:41:07.119978Z[0m [[32m[1minfo     [0m] [1m    sys.exit(TapCSV.cli())    [0m [36mcmd_type[0m=[35mextractor[0m [36mname[0m=[35mtap-csv-latest[0m [36mrun_id[0m=[35m20b77e1d-3761-4c1c-a959-0425a286c9b5[0m [36mstate_id[0m=[35m2025-06-25T194106--tap-csv-latest--target-postgres[0m [36mstdio[0m=[35mstderr[0m
[2025-06-25T19:41:07.121+0000] {docker.py:429} INFO - [2m2025-06-25T19:41:07.120205Z[0m [[32m[1minfo     [0m] [1m  File "/opt/meltano/.meltano/extractors/tap-csv-latest/venv/lib/python3.10/site-packages/click/core.py", line 1442, in __call__[0m [36mcmd_type[0m=[35mextractor[0m [36mname[0m=[35mtap-csv-latest[0m [36mrun_id[0m=[35m20b77e1d-3761-4c1c-a959-0425a286c9b5[0m [36mstate_id[0m=[35m2025-06-25T194106--tap-csv-latest--target-postgres[0m [36mstdio[0m=[35mstderr[0m
[2025-06-25T19:41:07.121+0000] {docker.py:429} INFO - [2m2025-06-25T19:41:07.120521Z[0m [[32m[1minfo     [0m] [1m    return self.main(*args, **kwargs)[0m [36mcmd_type[0m=[35mextractor[0m [36mname[0m=[35mtap-csv-latest[0m [36mrun_id[0m=[35m20b77e1d-3761-4c1c-a959-0425a286c9b5[0m [36mstate_id[0m=[35m2025-06-25T194106--tap-csv-latest--target-postgres[0m [36mstdio[0m=[35mstderr[0m
[2025-06-25T19:41:07.121+0000] {docker.py:429} INFO - [2m2025-06-25T19:41:07.120708Z[0m [[32m[1minfo     [0m] [1m  File "/opt/meltano/.meltano/extractors/tap-csv-latest/venv/lib/python3.10/site-packages/click/core.py", line 1363, in main[0m [36mcmd_type[0m=[35mextractor[0m [36mname[0m=[35mtap-csv-latest[0m [36mrun_id[0m=[35m20b77e1d-3761-4c1c-a959-0425a286c9b5[0m [36mstate_id[0m=[35m2025-06-25T194106--tap-csv-latest--target-postgres[0m [36mstdio[0m=[35mstderr[0m
[2025-06-25T19:41:07.121+0000] {docker.py:429} INFO - [2m2025-06-25T19:41:07.120909Z[0m [[32m[1minfo     [0m] [1m    rv = self.invoke(ctx)     [0m [36mcmd_type[0m=[35mextractor[0m [36mname[0m=[35mtap-csv-latest[0m [36mrun_id[0m=[35m20b77e1d-3761-4c1c-a959-0425a286c9b5[0m [36mstate_id[0m=[35m2025-06-25T194106--tap-csv-latest--target-postgres[0m [36mstdio[0m=[35mstderr[0m
[2025-06-25T19:41:07.121+0000] {docker.py:429} INFO - [2m2025-06-25T19:41:07.121176Z[0m [[32m[1minfo     [0m] [1m  File "/opt/meltano/.meltano/extractors/tap-csv-latest/venv/lib/python3.10/site-packages/singer_sdk/plugin_base.py", line 92, in invoke[0m [36mcmd_type[0m=[35mextractor[0m [36mname[0m=[35mtap-csv-latest[0m [36mrun_id[0m=[35m20b77e1d-3761-4c1c-a959-0425a286c9b5[0m [36mstate_id[0m=[35m2025-06-25T194106--tap-csv-latest--target-postgres[0m [36mstdio[0m=[35mstderr[0m
[2025-06-25T19:41:07.122+0000] {docker.py:429} INFO - [2m2025-06-25T19:41:07.121524Z[0m [[32m[1minfo     [0m] [1m    return super().invoke(ctx)[0m [36mcmd_type[0m=[35mextractor[0m [36mname[0m=[35mtap-csv-latest[0m [36mrun_id[0m=[35m20b77e1d-3761-4c1c-a959-0425a286c9b5[0m [36mstate_id[0m=[35m2025-06-25T194106--tap-csv-latest--target-postgres[0m [36mstdio[0m=[35mstderr[0m
[2025-06-25T19:41:07.122+0000] {docker.py:429} INFO - [2m2025-06-25T19:41:07.121933Z[0m [[32m[1minfo     [0m] [1m  File "/opt/meltano/.meltano/extractors/tap-csv-latest/venv/lib/python3.10/site-packages/click/core.py", line 1226, in invoke[0m [36mcmd_type[0m=[35mextractor[0m [36mname[0m=[35mtap-csv-latest[0m [36mrun_id[0m=[35m20b77e1d-3761-4c1c-a959-0425a286c9b5[0m [36mstate_id[0m=[35m2025-06-25T194106--tap-csv-latest--target-postgres[0m [36mstdio[0m=[35mstderr[0m
[2025-06-25T19:41:07.123+0000] {docker.py:429} INFO - [2m2025-06-25T19:41:07.122418Z[0m [[32m[1minfo     [0m] [1m    return ctx.invoke(self.callback, **ctx.params)[0m [36mcmd_type[0m=[35mextractor[0m [36mname[0m=[35mtap-csv-latest[0m [36mrun_id[0m=[35m20b77e1d-3761-4c1c-a959-0425a286c9b5[0m [36mstate_id[0m=[35m2025-06-25T194106--tap-csv-latest--target-postgres[0m [36mstdio[0m=[35mstderr[0m
[2025-06-25T19:41:07.123+0000] {docker.py:429} INFO - [2m2025-06-25T19:41:07.123113Z[0m [[32m[1minfo     [0m] [1m  File "/opt/meltano/.meltano/extractors/tap-csv-latest/venv/lib/python3.10/site-packages/click/core.py", line 794, in invoke[0m [36mcmd_type[0m=[35mextractor[0m [36mname[0m=[35mtap-csv-latest[0m [36mrun_id[0m=[35m20b77e1d-3761-4c1c-a959-0425a286c9b5[0m [36mstate_id[0m=[35m2025-06-25T194106--tap-csv-latest--target-postgres[0m [36mstdio[0m=[35mstderr[0m
[2025-06-25T19:41:07.124+0000] {docker.py:429} INFO - [2m2025-06-25T19:41:07.123918Z[0m [[32m[1minfo     [0m] [1m    return callback(*args, **kwargs)[0m [36mcmd_type[0m=[35mextractor[0m [36mname[0m=[35mtap-csv-latest[0m [36mrun_id[0m=[35m20b77e1d-3761-4c1c-a959-0425a286c9b5[0m [36mstate_id[0m=[35m2025-06-25T194106--tap-csv-latest--target-postgres[0m [36mstdio[0m=[35mstderr[0m
[2025-06-25T19:41:07.125+0000] {docker.py:429} INFO - [2m2025-06-25T19:41:07.124420Z[0m [[32m[1minfo     [0m] [1m  File "/opt/meltano/.meltano/extractors/tap-csv-latest/venv/lib/python3.10/site-packages/singer_sdk/tap_base.py", line 516, in invoke[0m [36mcmd_type[0m=[35mextractor[0m [36mname[0m=[35mtap-csv-latest[0m [36mrun_id[0m=[35m20b77e1d-3761-4c1c-a959-0425a286c9b5[0m [36mstate_id[0m=[35m2025-06-25T194106--tap-csv-latest--target-postgres[0m [36mstdio[0m=[35mstderr[0m
[2m2025-06-25T19:41:07.124717Z[0m [[32m[1minfo     [0m] [1m    tap = cls(                [0m [36mcmd_type[0m=[35mextractor[0m [36mname[0m=[35mtap-csv-latest[0m [36mrun_id[0m=[35m20b77e1d-3761-4c1c-a959-0425a286c9b5[0m [36mstate_id[0m=[35m2025-06-25T194106--tap-csv-latest--target-postgres[0m [36mstdio[0m=[35mstderr[0m
[2025-06-25T19:41:07.125+0000] {docker.py:429} INFO - [2m2025-06-25T19:41:07.124933Z[0m [[32m[1minfo     [0m] [1m  File "/opt/meltano/.meltano/extractors/tap-csv-latest/venv/lib/python3.10/site-packages/singer_sdk/tap_base.py", line 118, in __init__[0m [36mcmd_type[0m=[35mextractor[0m [36mname[0m=[35mtap-csv-latest[0m [36mrun_id[0m=[35m20b77e1d-3761-4c1c-a959-0425a286c9b5[0m [36mstate_id[0m=[35m2025-06-25T194106--tap-csv-latest--target-postgres[0m [36mstdio[0m=[35mstderr[0m
[2m2025-06-25T19:41:07.125202Z[0m [[32m[1minfo     [0m] [1m    self.setup_mapper()       [0m [36mcmd_type[0m=[35mextractor[0m [36mname[0m=[35mtap-csv-latest[0m [36mrun_id[0m=[35m20b77e1d-3761-4c1c-a959-0425a286c9b5[0m [36mstate_id[0m=[35m2025-06-25T194106--tap-csv-latest--target-postgres[0m [36mstdio[0m=[35mstderr[0m
[2m2025-06-25T19:41:07.125492Z[0m [[32m[1minfo     [0m] [1m  File "/opt/meltano/.meltano/extractors/tap-csv-latest/venv/lib/python3.10/site-packages/singer_sdk/tap_base.py", line 194, in setup_mapper[0m [36mcmd_type[0m=[35mextractor[0m [36mname[0m=[35mtap-csv-latest[0m [36mrun_id[0m=[35m20b77e1d-3761-4c1c-a959-0425a286c9b5[0m [36mstate_id[0m=[35m2025-06-25T194106--tap-csv-latest--target-postgres[0m [36mstdio[0m=[35mstderr[0m
[2025-06-25T19:41:07.126+0000] {docker.py:429} INFO - [2m2025-06-25T19:41:07.125763Z[0m [[32m[1minfo     [0m] [1m    self.mapper.register_raw_streams_from_catalog(self.catalog)[0m [36mcmd_type[0m=[35mextractor[0m [36mname[0m=[35mtap-csv-latest[0m [36mrun_id[0m=[35m20b77e1d-3761-4c1c-a959-0425a286c9b5[0m [36mstate_id[0m=[35m2025-06-25T194106--tap-csv-latest--target-postgres[0m [36mstdio[0m=[35mstderr[0m
[2025-06-25T19:41:07.126+0000] {docker.py:429} INFO - [2m2025-06-25T19:41:07.126014Z[0m [[32m[1minfo     [0m] [1m  File "/opt/meltano/.meltano/extractors/tap-csv-latest/venv/lib/python3.10/site-packages/singer_sdk/tap_base.py", line 187, in catalog[0m [36mcmd_type[0m=[35mextractor[0m [36mname[0m=[35mtap-csv-latest[0m [36mrun_id[0m=[35m20b77e1d-3761-4c1c-a959-0425a286c9b5[0m [36mstate_id[0m=[35m2025-06-25T194106--tap-csv-latest--target-postgres[0m [36mstdio[0m=[35mstderr[0m
[2025-06-25T19:41:07.126+0000] {docker.py:429} INFO - [2m2025-06-25T19:41:07.126215Z[0m [[32m[1minfo     [0m] [1m    self._catalog = self.input_catalog or self._singer_catalog[0m [36mcmd_type[0m=[35mextractor[0m [36mname[0m=[35mtap-csv-latest[0m [36mrun_id[0m=[35m20b77e1d-3761-4c1c-a959-0425a286c9b5[0m [36mstate_id[0m=[35m2025-06-25T194106--tap-csv-latest--target-postgres[0m [36mstdio[0m=[35mstderr[0m
[2025-06-25T19:41:07.127+0000] {docker.py:429} INFO - [2m2025-06-25T19:41:07.126454Z[0m [[32m[1minfo     [0m] [1m  File "/opt/meltano/.meltano/extractors/tap-csv-latest/venv/lib/python3.10/site-packages/singer_sdk/tap_base.py", line 340, in _singer_catalog[0m [36mcmd_type[0m=[35mextractor[0m [36mname[0m=[35mtap-csv-latest[0m [36mrun_id[0m=[35m20b77e1d-3761-4c1c-a959-0425a286c9b5[0m [36mstate_id[0m=[35m2025-06-25T194106--tap-csv-latest--target-postgres[0m [36mstdio[0m=[35mstderr[0m
[2025-06-25T19:41:07.127+0000] {docker.py:429} INFO - [2m2025-06-25T19:41:07.126731Z[0m [[32m[1minfo     [0m] [1m    for stream in self.streams.values()[0m [36mcmd_type[0m=[35mextractor[0m [36mname[0m=[35mtap-csv-latest[0m [36mrun_id[0m=[35m20b77e1d-3761-4c1c-a959-0425a286c9b5[0m [36mstate_id[0m=[35m2025-06-25T194106--tap-csv-latest--target-postgres[0m [36mstdio[0m=[35mstderr[0m
[2025-06-25T19:41:07.128+0000] {docker.py:429} INFO - [2m2025-06-25T19:41:07.127002Z[0m [[32m[1minfo     [0m] [1m  File "/opt/meltano/.meltano/extractors/tap-csv-latest/venv/lib/python3.10/site-packages/singer_sdk/tap_base.py", line 149, in streams[0m [36mcmd_type[0m=[35mextractor[0m [36mname[0m=[35mtap-csv-latest[0m [36mrun_id[0m=[35m20b77e1d-3761-4c1c-a959-0425a286c9b5[0m [36mstate_id[0m=[35m2025-06-25T194106--tap-csv-latest--target-postgres[0m [36mstdio[0m=[35mstderr[0m
[2025-06-25T19:41:07.128+0000] {docker.py:429} INFO - [2m2025-06-25T19:41:07.127497Z[0m [[32m[1minfo     [0m] [1m    for stream in self.load_streams():[0m [36mcmd_type[0m=[35mextractor[0m [36mname[0m=[35mtap-csv-latest[0m [36mrun_id[0m=[35m20b77e1d-3761-4c1c-a959-0425a286c9b5[0m [36mstate_id[0m=[35m2025-06-25T194106--tap-csv-latest--target-postgres[0m [36mstdio[0m=[35mstderr[0m
[2025-06-25T19:41:07.128+0000] {docker.py:429} INFO - [2m2025-06-25T19:41:07.127857Z[0m [[32m[1minfo     [0m] [1m  File "/opt/meltano/.meltano/extractors/tap-csv-latest/venv/lib/python3.10/site-packages/singer_sdk/tap_base.py", line 373, in load_streams[0m [36mcmd_type[0m=[35mextractor[0m [36mname[0m=[35mtap-csv-latest[0m [36mrun_id[0m=[35m20b77e1d-3761-4c1c-a959-0425a286c9b5[0m [36mstate_id[0m=[35m2025-06-25T194106--tap-csv-latest--target-postgres[0m [36mstdio[0m=[35mstderr[0m
[2025-06-25T19:41:07.129+0000] {docker.py:429} INFO - [2m2025-06-25T19:41:07.128498Z[0m [[32m[1minfo     [0m] [1m    for stream in self.discover_streams():[0m [36mcmd_type[0m=[35mextractor[0m [36mname[0m=[35mtap-csv-latest[0m [36mrun_id[0m=[35m20b77e1d-3761-4c1c-a959-0425a286c9b5[0m [36mstate_id[0m=[35m2025-06-25T194106--tap-csv-latest--target-postgres[0m [36mstdio[0m=[35mstderr[0m
[2m2025-06-25T19:41:07.128896Z[0m [[32m[1minfo     [0m] [1m  File "/opt/meltano/.meltano/extractors/tap-csv-latest/venv/lib/python3.10/site-packages/tap_csv/tap.py", line 89, in discover_streams[0m [36mcmd_type[0m=[35mextractor[0m [36mname[0m=[35mtap-csv-latest[0m [36mrun_id[0m=[35m20b77e1d-3761-4c1c-a959-0425a286c9b5[0m [36mstate_id[0m=[35m2025-06-25T194106--tap-csv-latest--target-postgres[0m [36mstdio[0m=[35mstderr[0m
[2025-06-25T19:41:07.129+0000] {docker.py:429} INFO - [2m2025-06-25T19:41:07.129259Z[0m [[32m[1minfo     [0m] [1m    return [                  [0m [36mcmd_type[0m=[35mextractor[0m [36mname[0m=[35mtap-csv-latest[0m [36mrun_id[0m=[35m20b77e1d-3761-4c1c-a959-0425a286c9b5[0m [36mstate_id[0m=[35m2025-06-25T194106--tap-csv-latest--target-postgres[0m [36mstdio[0m=[35mstderr[0m
[2025-06-25T19:41:07.130+0000] {docker.py:429} INFO - [2m2025-06-25T19:41:07.129991Z[0m [[32m[1minfo     [0m] [1m  File "/opt/meltano/.meltano/extractors/tap-csv-latest/venv/lib/python3.10/site-packages/tap_csv/tap.py", line 92, in <listcomp>[0m [36mcmd_type[0m=[35mextractor[0m [36mname[0m=[35mtap-csv-latest[0m [36mrun_id[0m=[35m20b77e1d-3761-4c1c-a959-0425a286c9b5[0m [36mstate_id[0m=[35m2025-06-25T194106--tap-csv-latest--target-postgres[0m [36mstdio[0m=[35mstderr[0m
[2025-06-25T19:41:07.131+0000] {docker.py:429} INFO - [2m2025-06-25T19:41:07.130379Z[0m [[32m[1minfo     [0m] [1m    name=file_config.get("entity"),[0m [36mcmd_type[0m=[35mextractor[0m [36mname[0m=[35mtap-csv-latest[0m [36mrun_id[0m=[35m20b77e1d-3761-4c1c-a959-0425a286c9b5[0m [36mstate_id[0m=[35m2025-06-25T194106--tap-csv-latest--target-postgres[0m [36mstdio[0m=[35mstderr[0m
[2025-06-25T19:41:07.131+0000] {docker.py:429} INFO - [2m2025-06-25T19:41:07.130654Z[0m [[32m[1minfo     [0m] [1mAttributeError: 'str' object has no attribute 'get'[0m [36mcmd_type[0m=[35mextractor[0m [36mname[0m=[35mtap-csv-latest[0m [36mrun_id[0m=[35m20b77e1d-3761-4c1c-a959-0425a286c9b5[0m [36mstate_id[0m=[35m2025-06-25T194106--tap-csv-latest--target-postgres[0m [36mstdio[0m=[35mstderr[0m
[2025-06-25T19:41:07.239+0000] {docker.py:429} INFO - [2m2025-06-25T19:41:07.238456Z[0m [[32m[1minfo     [0m] [1mtarget-postgres v0.4.3, Meltano SDK v0.47.2[0m [36mcmd_type[0m=[35mloader[0m [36mname[0m=[35mtarget-postgres[0m [36mrun_id[0m=[35m20b77e1d-3761-4c1c-a959-0425a286c9b5[0m [36mstate_id[0m=[35m2025-06-25T194106--tap-csv-latest--target-postgres[0m [36mstdio[0m=[35mstderr[0m
[2m2025-06-25T19:41:07.238841Z[0m [[32m[1minfo     [0m] [1mSkipping parse of env var settings...[0m [36mcmd_type[0m=[35mloader[0m [36mname[0m=[35mtarget-postgres[0m [36mrun_id[0m=[35m20b77e1d-3761-4c1c-a959-0425a286c9b5[0m [36mstate_id[0m=[35m2025-06-25T194106--tap-csv-latest--target-postgres[0m [36mstdio[0m=[35mstderr[0m
[2025-06-25T19:41:07.240+0000] {docker.py:429} INFO - [2m2025-06-25T19:41:07.239024Z[0m [[32m[1minfo     [0m] [1mTraceback (most recent call last):[0m [36mcmd_type[0m=[35mloader[0m [36mname[0m=[35mtarget-postgres[0m [36mrun_id[0m=[35m20b77e1d-3761-4c1c-a959-0425a286c9b5[0m [36mstate_id[0m=[35m2025-06-25T194106--tap-csv-latest--target-postgres[0m [36mstdio[0m=[35mstderr[0m
[2025-06-25T19:41:07.240+0000] {docker.py:429} INFO - [2m2025-06-25T19:41:07.239268Z[0m [[32m[1minfo     [0m] [1m  File "/opt/meltano/.meltano/loaders/target-postgres/venv/bin/target-postgres", line 8, in <module>[0m [36mcmd_type[0m=[35mloader[0m [36mname[0m=[35mtarget-postgres[0m [36mrun_id[0m=[35m20b77e1d-3761-4c1c-a959-0425a286c9b5[0m [36mstate_id[0m=[35m2025-06-25T194106--tap-csv-latest--target-postgres[0m [36mstdio[0m=[35mstderr[0m
[2025-06-25T19:41:07.240+0000] {docker.py:429} INFO - [2m2025-06-25T19:41:07.239519Z[0m [[32m[1minfo     [0m] [1m    sys.exit(TargetPostgres.cli())[0m [36mcmd_type[0m=[35mloader[0m [36mname[0m=[35mtarget-postgres[0m [36mrun_id[0m=[35m20b77e1d-3761-4c1c-a959-0425a286c9b5[0m [36mstate_id[0m=[35m2025-06-25T194106--tap-csv-latest--target-postgres[0m [36mstdio[0m=[35mstderr[0m
[2025-06-25T19:41:07.241+0000] {docker.py:429} INFO - [2m2025-06-25T19:41:07.239739Z[0m [[32m[1minfo     [0m] [1m  File "/opt/meltano/.meltano/loaders/target-postgres/venv/lib/python3.10/site-packages/click/core.py", line 1442, in __call__[0m [36mcmd_type[0m=[35mloader[0m [36mname[0m=[35mtarget-postgres[0m [36mrun_id[0m=[35m20b77e1d-3761-4c1c-a959-0425a286c9b5[0m [36mstate_id[0m=[35m2025-06-25T194106--tap-csv-latest--target-postgres[0m [36mstdio[0m=[35mstderr[0m
[2025-06-25T19:41:07.241+0000] {docker.py:429} INFO - [2m2025-06-25T19:41:07.239969Z[0m [[32m[1minfo     [0m] [1m    return self.main(*args, **kwargs)[0m [36mcmd_type[0m=[35mloader[0m [36mname[0m=[35mtarget-postgres[0m [36mrun_id[0m=[35m20b77e1d-3761-4c1c-a959-0425a286c9b5[0m [36mstate_id[0m=[35m2025-06-25T194106--tap-csv-latest--target-postgres[0m [36mstdio[0m=[35mstderr[0m
[2025-06-25T19:41:07.241+0000] {docker.py:429} INFO - [2m2025-06-25T19:41:07.240199Z[0m [[32m[1minfo     [0m] [1m  File "/opt/meltano/.meltano/loaders/target-postgres/venv/lib/python3.10/site-packages/click/core.py", line 1363, in main[0m [36mcmd_type[0m=[35mloader[0m [36mname[0m=[35mtarget-postgres[0m [36mrun_id[0m=[35m20b77e1d-3761-4c1c-a959-0425a286c9b5[0m [36mstate_id[0m=[35m2025-06-25T194106--tap-csv-latest--target-postgres[0m [36mstdio[0m=[35mstderr[0m
[2025-06-25T19:41:07.241+0000] {docker.py:429} INFO - [2m2025-06-25T19:41:07.240433Z[0m [[32m[1minfo     [0m] [1m    rv = self.invoke(ctx)     [0m [36mcmd_type[0m=[35mloader[0m [36mname[0m=[35mtarget-postgres[0m [36mrun_id[0m=[35m20b77e1d-3761-4c1c-a959-0425a286c9b5[0m [36mstate_id[0m=[35m2025-06-25T194106--tap-csv-latest--target-postgres[0m [36mstdio[0m=[35mstderr[0m
[2025-06-25T19:41:07.242+0000] {docker.py:429} INFO - [2m2025-06-25T19:41:07.240664Z[0m [[32m[1minfo     [0m] [1m  File "/opt/meltano/.meltano/loaders/target-postgres/venv/lib/python3.10/site-packages/singer_sdk/plugin_base.py", line 97, in invoke[0m [36mcmd_type[0m=[35mloader[0m [36mname[0m=[35mtarget-postgres[0m [36mrun_id[0m=[35m20b77e1d-3761-4c1c-a959-0425a286c9b5[0m [36mstate_id[0m=[35m2025-06-25T194106--tap-csv-latest--target-postgres[0m [36mstdio[0m=[35mstderr[0m
[2025-06-25T19:41:07.242+0000] {docker.py:429} INFO - [2m2025-06-25T19:41:07.240860Z[0m [[32m[1minfo     [0m] [1m    return super().invoke(ctx)[0m [36mcmd_type[0m=[35mloader[0m [36mname[0m=[35mtarget-postgres[0m [36mrun_id[0m=[35m20b77e1d-3761-4c1c-a959-0425a286c9b5[0m [36mstate_id[0m=[35m2025-06-25T194106--tap-csv-latest--target-postgres[0m [36mstdio[0m=[35mstderr[0m
[2025-06-25T19:41:07.242+0000] {docker.py:429} INFO - [2m2025-06-25T19:41:07.241082Z[0m [[32m[1minfo     [0m] [1m  File "/opt/meltano/.meltano/loaders/target-postgres/venv/lib/python3.10/site-packages/click/core.py", line 1226, in invoke[0m [36mcmd_type[0m=[35mloader[0m [36mname[0m=[35mtarget-postgres[0m [36mrun_id[0m=[35m20b77e1d-3761-4c1c-a959-0425a286c9b5[0m [36mstate_id[0m=[35m2025-06-25T194106--tap-csv-latest--target-postgres[0m [36mstdio[0m=[35mstderr[0m
[2025-06-25T19:41:07.242+0000] {docker.py:429} INFO - [2m2025-06-25T19:41:07.241333Z[0m [[32m[1minfo     [0m] [1m    return ctx.invoke(self.callback, **ctx.params)[0m [36mcmd_type[0m=[35mloader[0m [36mname[0m=[35mtarget-postgres[0m [36mrun_id[0m=[35m20b77e1d-3761-4c1c-a959-0425a286c9b5[0m [36mstate_id[0m=[35m2025-06-25T194106--tap-csv-latest--target-postgres[0m [36mstdio[0m=[35mstderr[0m
[2025-06-25T19:41:07.243+0000] {docker.py:429} INFO - [2m2025-06-25T19:41:07.241560Z[0m [[32m[1minfo     [0m] [1m  File "/opt/meltano/.meltano/loaders/target-postgres/venv/lib/python3.10/site-packages/click/core.py", line 794, in invoke[0m [36mcmd_type[0m=[35mloader[0m [36mname[0m=[35mtarget-postgres[0m [36mrun_id[0m=[35m20b77e1d-3761-4c1c-a959-0425a286c9b5[0m [36mstate_id[0m=[35m2025-06-25T194106--tap-csv-latest--target-postgres[0m [36mstdio[0m=[35mstderr[0m
[2025-06-25T19:41:07.243+0000] {docker.py:429} INFO - [2m2025-06-25T19:41:07.241793Z[0m [[32m[1minfo     [0m] [1m    return callback(*args, **kwargs)[0m [36mcmd_type[0m=[35mloader[0m [36mname[0m=[35mtarget-postgres[0m [36mrun_id[0m=[35m20b77e1d-3761-4c1c-a959-0425a286c9b5[0m [36mstate_id[0m=[35m2025-06-25T194106--tap-csv-latest--target-postgres[0m [36mstdio[0m=[35mstderr[0m
[2025-06-25T19:41:07.243+0000] {docker.py:429} INFO - [2m2025-06-25T19:41:07.242027Z[0m [[32m[1minfo     [0m] [1m  File "/opt/meltano/.meltano/loaders/target-postgres/venv/lib/python3.10/site-packages/singer_sdk/target_base.py", line 583, in invoke[0m [36mcmd_type[0m=[35mloader[0m [36mname[0m=[35mtarget-postgres[0m [36mrun_id[0m=[35m20b77e1d-3761-4c1c-a959-0425a286c9b5[0m [36mstate_id[0m=[35m2025-06-25T194106--tap-csv-latest--target-postgres[0m [36mstdio[0m=[35mstderr[0m
[2025-06-25T19:41:07.243+0000] {docker.py:429} INFO - [2m2025-06-25T19:41:07.242268Z[0m [[32m[1minfo     [0m] [1m    target = cls(             [0m [36mcmd_type[0m=[35mloader[0m [36mname[0m=[35mtarget-postgres[0m [36mrun_id[0m=[35m20b77e1d-3761-4c1c-a959-0425a286c9b5[0m [36mstate_id[0m=[35m2025-06-25T194106--tap-csv-latest--target-postgres[0m [36mstdio[0m=[35mstderr[0m
[2025-06-25T19:41:07.244+0000] {docker.py:429} INFO - [2m2025-06-25T19:41:07.242509Z[0m [[32m[1minfo     [0m] [1m  File "/opt/meltano/.meltano/loaders/target-postgres/venv/lib/python3.10/site-packages/target_postgres/target.py", line 67, in __init__[0m [36mcmd_type[0m=[35mloader[0m [36mname[0m=[35mtarget-postgres[0m [36mrun_id[0m=[35m20b77e1d-3761-4c1c-a959-0425a286c9b5[0m [36mstate_id[0m=[35m2025-06-25T194106--tap-csv-latest--target-postgres[0m [36mstdio[0m=[35mstderr[0m
[2025-06-25T19:41:07.244+0000] {docker.py:429} INFO - [2m2025-06-25T19:41:07.242753Z[0m [[32m[1minfo     [0m] [1m    and self.config.get("dialect+driver") is not None[0m [36mcmd_type[0m=[35mloader[0m [36mname[0m=[35mtarget-postgres[0m [36mrun_id[0m=[35m20b77e1d-3761-4c1c-a959-0425a286c9b5[0m [36mstate_id[0m=[35m2025-06-25T194106--tap-csv-latest--target-postgres[0m [36mstdio[0m=[35mstderr[0m
[2025-06-25T19:41:07.244+0000] {docker.py:429} INFO - [2m2025-06-25T19:41:07.242987Z[0m [[32m[1minfo     [0m] [1mAssertionError: Need either the sqlalchemy_url to be set or host, port, user, password, and dialect+driver to be set[0m [36mcmd_type[0m=[35mloader[0m [36mname[0m=[35mtarget-postgres[0m [36mrun_id[0m=[35m20b77e1d-3761-4c1c-a959-0425a286c9b5[0m [36mstate_id[0m=[35m2025-06-25T194106--tap-csv-latest--target-postgres[0m [36mstdio[0m=[35mstderr[0m
[2025-06-25T19:41:07.335+0000] {docker.py:429} INFO - [2m2025-06-25T19:41:07.334273Z[0m [[31m[1merror    [0m] [1mExtraction failed             [0m [36mcode[0m=[35m1[0m [36mmessage[0m=[35m"AttributeError: 'str' object has no attribute 'get'"[0m [36mname[0m=[35mmeltano[0m [36mrun_id[0m=[35m20b77e1d-3761-4c1c-a959-0425a286c9b5[0m [36mstate_id[0m=[35m2025-06-25T194106--tap-csv-latest--target-postgres[0m
[2m2025-06-25T19:41:07.334525Z[0m [[31m[1merror    [0m] [1mLoading failed                [0m [36mcode[0m=[35m1[0m [36mmessage[0m=[35m'AssertionError: Need either the sqlalchemy_url to be set or host, port, user, password, and dialect+driver to be set'[0m [36mname[0m=[35mmeltano[0m [36mrun_id[0m=[35m20b77e1d-3761-4c1c-a959-0425a286c9b5[0m [36mstate_id[0m=[35m2025-06-25T194106--tap-csv-latest--target-postgres[0m
[2025-06-25T19:41:07.336+0000] {docker.py:429} INFO - [2m2025-06-25T19:41:07.334931Z[0m [[32m[1minfo     [0m] [1mELT could not be completed: Extractor and loader failed.[0m [36mcmd_type[0m=[35melt[0m [36mname[0m=[35mmeltano[0m [36mrun_id[0m=[35m20b77e1d-3761-4c1c-a959-0425a286c9b5[0m [36mstate_id[0m=[35m2025-06-25T194106--tap-csv-latest--target-postgres[0m [36mstdio[0m=[35mstderr[0m
[2025-06-25T19:41:07.336+0000] {docker.py:429} INFO - [2m2025-06-25T19:41:07.335209Z[0m [[32m[1minfo     [0m] [1mFor more detailed log messages re-run the command using 'meltano --log-level=debug ...' CLI flag.[0m [36mcmd_type[0m=[35melt[0m [36mname[0m=[35mmeltano[0m [36mrun_id[0m=[35m20b77e1d-3761-4c1c-a959-0425a286c9b5[0m [36mstate_id[0m=[35m2025-06-25T194106--tap-csv-latest--target-postgres[0m [36mstdio[0m=[35mstderr[0m
[2025-06-25T19:41:07.336+0000] {docker.py:429} INFO - [2m2025-06-25T19:41:07.335509Z[0m [[32m[1minfo     [0m] [1mNote that you can also check the generated log file at '/opt/meltano/.meltano/logs/elt/2025-06-25T194106--tap-csv-latest--target-postgres/20b77e1d-3761-4c1c-a959-0425a286c9b5/elt.log'.[0m [36mcmd_type[0m=[35melt[0m [36mname[0m=[35mmeltano[0m [36mrun_id[0m=[35m20b77e1d-3761-4c1c-a959-0425a286c9b5[0m [36mstate_id[0m=[35m2025-06-25T194106--tap-csv-latest--target-postgres[0m [36mstdio[0m=[35mstderr[0m
[2025-06-25T19:41:07.336+0000] {docker.py:429} INFO - [2m2025-06-25T19:41:07.335725Z[0m [[32m[1minfo     [0m] [1mFor more information on debugging and logging: https://docs.meltano.com/reference/command-line-interface#debugging[0m [36mcmd_type[0m=[35melt[0m [36mname[0m=[35mmeltano[0m [36mrun_id[0m=[35m20b77e1d-3761-4c1c-a959-0425a286c9b5[0m [36mstate_id[0m=[35m2025-06-25T194106--tap-csv-latest--target-postgres[0m [36mstdio[0m=[35mstderr[0m
[2025-06-25T19:41:07.351+0000] {docker.py:429} INFO - Need help fixing this problem? Visit http://melta.no/ for troubleshooting steps, or to
join our friendly Slack community.

ELT could not be completed: Extractor and loader failed.
For more detailed log messages re-run the command using 'meltano --log-level=debug ...' CLI flag.
Note that you can also check the generated log file at '/opt/meltano/.meltano/logs/elt/2025-06-25T194106--tap-csv-latest--target-postgres/20b77e1d-3761-4c1c-a959-0425a286c9b5/elt.log'.
For more information on debugging and logging: https://docs.meltano.com/reference/command-line-interface#debugging
[2025-06-25T19:41:08.838+0000] {taskinstance.py:2698} ERROR - Task failed with exception
Traceback (most recent call last):
  File "/home/airflow/.local/lib/python3.10/site-packages/airflow/models/taskinstance.py", line 433, in _execute_task
    result = execute_callable(context=context, **execute_callable_kwargs)
  File "/home/airflow/.local/lib/python3.10/site-packages/airflow/providers/docker/operators/docker.py", line 502, in execute
    return self._run_image()
  File "/home/airflow/.local/lib/python3.10/site-packages/airflow/providers/docker/operators/docker.py", line 376, in _run_image
    return self._run_image_with_mounts(self.mounts, add_tmp_variable=False)
  File "/home/airflow/.local/lib/python3.10/site-packages/airflow/providers/docker/operators/docker.py", line 437, in _run_image_with_mounts
    raise DockerContainerFailedException(f"Docker container failed: {result!r}", logs=log_lines)
airflow.providers.docker.exceptions.DockerContainerFailedException: Docker container failed: {'StatusCode': 1}
[2025-06-25T19:41:08.843+0000] {taskinstance.py:1138} INFO - Marking task as FAILED. dag_id=northwind, task_id=carregamento_postgres, execution_date=20250625T193432, start_date=20250625T194049, end_date=20250625T194108
[2025-06-25T19:41:08.905+0000] {logging_mixin.py:188} WARNING - /home/***/.local/lib/python3.10/site-packages/***/utils/email.py:154 RemovedInAirflow3Warning: Fetching SMTP credentials from configuration variables will be deprecated in a future release. Please set credentials using a connection instead.
[2025-06-25T19:41:08.906+0000] {configuration.py:1046} WARNING - section/key [smtp/smtp_user] not found in config
[2025-06-25T19:41:08.906+0000] {email.py:270} INFO - Email alerting: attempt 1
[2025-06-25T19:41:08.921+0000] {configuration.py:1046} WARNING - section/key [smtp/smtp_user] not found in config
[2025-06-25T19:41:08.921+0000] {email.py:270} INFO - Email alerting: attempt 1
[2025-06-25T19:41:08.922+0000] {taskinstance.py:826} ERROR - Failed to send email to: ['lrbf@cin.ufpe.br']
Traceback (most recent call last):
  File "/home/airflow/.local/lib/python3.10/site-packages/airflow/models/taskinstance.py", line 2334, in _run_raw_task
    self._execute_task_with_callbacks(context, test_mode, session=session)
  File "/home/airflow/.local/lib/python3.10/site-packages/airflow/models/taskinstance.py", line 2499, in _execute_task_with_callbacks
    result = self._execute_task(context, task_orig)
  File "/home/airflow/.local/lib/python3.10/site-packages/airflow/models/taskinstance.py", line 2516, in _execute_task
    return _execute_task(self, context, task_orig)
  File "/home/airflow/.local/lib/python3.10/site-packages/airflow/models/taskinstance.py", line 433, in _execute_task
    result = execute_callable(context=context, **execute_callable_kwargs)
  File "/home/airflow/.local/lib/python3.10/site-packages/airflow/providers/docker/operators/docker.py", line 502, in execute
    return self._run_image()
  File "/home/airflow/.local/lib/python3.10/site-packages/airflow/providers/docker/operators/docker.py", line 376, in _run_image
    return self._run_image_with_mounts(self.mounts, add_tmp_variable=False)
  File "/home/airflow/.local/lib/python3.10/site-packages/airflow/providers/docker/operators/docker.py", line 437, in _run_image_with_mounts
    raise DockerContainerFailedException(f"Docker container failed: {result!r}", logs=log_lines)
airflow.providers.docker.exceptions.DockerContainerFailedException: Docker container failed: {'StatusCode': 1}

During handling of the above exception, another exception occurred:

Traceback (most recent call last):
  File "/home/airflow/.local/lib/python3.10/site-packages/airflow/models/taskinstance.py", line 1000, in _email_alert
    send_email(task.email, subject, html_content)
  File "/home/airflow/.local/lib/python3.10/site-packages/airflow/utils/email.py", line 80, in send_email
    return backend(
  File "/home/airflow/.local/lib/python3.10/site-packages/airflow/utils/email.py", line 154, in send_email_smtp
    send_mime_email(e_from=mail_from, e_to=recipients, mime_msg=msg, conn_id=conn_id, dryrun=dryrun)
  File "/home/airflow/.local/lib/python3.10/site-packages/airflow/utils/email.py", line 272, in send_mime_email
    smtp_conn = _get_smtp_connection(smtp_host, smtp_port, smtp_timeout, smtp_ssl)
  File "/home/airflow/.local/lib/python3.10/site-packages/airflow/utils/email.py", line 316, in _get_smtp_connection
    return smtplib.SMTP(host=host, port=port, timeout=timeout)
  File "/usr/local/lib/python3.10/smtplib.py", line 255, in __init__
    (code, msg) = self.connect(host, port)
  File "/usr/local/lib/python3.10/smtplib.py", line 341, in connect
    self.sock = self._get_socket(host, port, self.timeout)
  File "/usr/local/lib/python3.10/smtplib.py", line 312, in _get_socket
    return socket.create_connection((host, port), timeout,
  File "/usr/local/lib/python3.10/socket.py", line 845, in create_connection
    raise err
  File "/usr/local/lib/python3.10/socket.py", line 833, in create_connection
    sock.connect(sa)
ConnectionRefusedError: [Errno 111] Connection refused

During handling of the above exception, another exception occurred:

Traceback (most recent call last):
  File "/home/airflow/.local/lib/python3.10/site-packages/airflow/models/taskinstance.py", line 824, in _handle_failure
    task_instance.email_alert(error, failure_context["task"])
  File "/home/airflow/.local/lib/python3.10/site-packages/airflow/models/taskinstance.py", line 2946, in email_alert
    _email_alert(task_instance=self, exception=exception, task=task)
  File "/home/airflow/.local/lib/python3.10/site-packages/airflow/models/taskinstance.py", line 1002, in _email_alert
    send_email(task.email, subject, html_content_err)
  File "/home/airflow/.local/lib/python3.10/site-packages/airflow/utils/email.py", line 80, in send_email
    return backend(
  File "/home/airflow/.local/lib/python3.10/site-packages/airflow/utils/email.py", line 154, in send_email_smtp
    send_mime_email(e_from=mail_from, e_to=recipients, mime_msg=msg, conn_id=conn_id, dryrun=dryrun)
  File "/home/airflow/.local/lib/python3.10/site-packages/airflow/utils/email.py", line 272, in send_mime_email
    smtp_conn = _get_smtp_connection(smtp_host, smtp_port, smtp_timeout, smtp_ssl)
  File "/home/airflow/.local/lib/python3.10/site-packages/airflow/utils/email.py", line 316, in _get_smtp_connection
    return smtplib.SMTP(host=host, port=port, timeout=timeout)
  File "/usr/local/lib/python3.10/smtplib.py", line 255, in __init__
    (code, msg) = self.connect(host, port)
  File "/usr/local/lib/python3.10/smtplib.py", line 341, in connect
    self.sock = self._get_socket(host, port, self.timeout)
  File "/usr/local/lib/python3.10/smtplib.py", line 312, in _get_socket
    return socket.create_connection((host, port), timeout,
  File "/usr/local/lib/python3.10/socket.py", line 845, in create_connection
    raise err
  File "/usr/local/lib/python3.10/socket.py", line 833, in create_connection
    sock.connect(sa)
ConnectionRefusedError: [Errno 111] Connection refused
[2025-06-25T19:41:08.945+0000] {standard_task_runner.py:107} ERROR - Failed to execute job 128 for task carregamento_postgres (Docker container failed: {'StatusCode': 1}; 245)
[2025-06-25T19:41:08.967+0000] {local_task_job_runner.py:234} INFO - Task exited with return code 1
[2025-06-25T19:41:08.980+0000] {taskinstance.py:3280} INFO - 0 downstream tasks scheduled from follow-on schedule check
