[2025-07-09T21:55:13.191+0000] {taskinstance.py:1956} INFO - Dependencies all met for dep_context=non-requeueable deps ti=<TaskInstance: northwind.extração_csv manual__2025-07-09T21:54:52.345768+00:00 [queued]>
[2025-07-09T21:55:13.205+0000] {taskinstance.py:1956} INFO - Dependencies all met for dep_context=requeueable deps ti=<TaskInstance: northwind.extração_csv manual__2025-07-09T21:54:52.345768+00:00 [queued]>
[2025-07-09T21:55:13.206+0000] {taskinstance.py:2170} INFO - Starting attempt 1 of 2
[2025-07-09T21:55:13.218+0000] {taskinstance.py:2191} INFO - Executing <Task(DockerOperator): extração_csv> on 2025-07-09 21:54:52.345768+00:00
[2025-07-09T21:55:13.223+0000] {standard_task_runner.py:60} INFO - Started process 183 to run task
[2025-07-09T21:55:13.226+0000] {standard_task_runner.py:87} INFO - Running: ['***', 'tasks', 'run', 'northwind', 'extração_csv', 'manual__2025-07-09T21:54:52.345768+00:00', '--job-id', '122', '--raw', '--subdir', 'DAGS_FOLDER/northwind.py', '--cfg-path', '/tmp/tmp5iqwht6f']
[2025-07-09T21:55:13.228+0000] {standard_task_runner.py:88} INFO - Job 122: Subtask extração_csv
[2025-07-09T21:55:13.272+0000] {task_command.py:423} INFO - Running <TaskInstance: northwind.extração_csv manual__2025-07-09T21:54:52.345768+00:00 [running]> on host 006946d6dbce
[2025-07-09T21:55:13.358+0000] {taskinstance.py:2480} INFO - Exporting env vars: AIRFLOW_CTX_DAG_EMAIL='lrbf@cin.ufpe.br' AIRFLOW_CTX_DAG_OWNER='***' AIRFLOW_CTX_DAG_ID='northwind' AIRFLOW_CTX_TASK_ID='extração_csv' AIRFLOW_CTX_EXECUTION_DATE='2025-07-09T21:54:52.345768+00:00' AIRFLOW_CTX_TRY_NUMBER='1' AIRFLOW_CTX_DAG_RUN_ID='manual__2025-07-09T21:54:52.345768+00:00'
[2025-07-09T21:55:13.491+0000] {docker.py:359} INFO - Starting docker container from image meltano:latest
[2025-07-09T21:55:13.901+0000] {docker.py:429} INFO - Running meltano install...
[2025-07-09T21:55:15.256+0000] {docker.py:429} INFO - [2m2025-07-09T21:55:15.255415Z[0m [[32m[1minfo     [0m] [1mInstalling 7 plugins          [0m
[2025-07-09T21:55:15.267+0000] {docker.py:429} INFO - [2m2025-07-09T21:55:15.266575Z[0m [[32m[1minfo     [0m] [1mInstalling extractor 'tap-postgres'[0m
[2025-07-09T21:55:15.292+0000] {docker.py:429} INFO - [2m2025-07-09T21:55:15.291177Z[0m [[32m[1minfo     [0m] [1mInstalling extractor 'tap-csv'[0m
[2025-07-09T21:55:15.311+0000] {docker.py:429} INFO - [2m2025-07-09T21:55:15.310773Z[0m [[32m[1minfo     [0m] [1mInstalling extractor 'tap-csv-latest'[0m
[2025-07-09T21:55:15.341+0000] {docker.py:429} INFO - [2m2025-07-09T21:55:15.340683Z[0m [[32m[1minfo     [0m] [1mInstalling loader 'target-postgres'[0m
[2025-07-09T21:55:15.366+0000] {docker.py:429} INFO - [2m2025-07-09T21:55:15.365222Z[0m [[32m[1minfo     [0m] [1mInstalling loader 'target-csv'[0m
[2025-07-09T21:55:15.393+0000] {docker.py:429} INFO - [2m2025-07-09T21:55:15.392612Z[0m [[32m[1minfo     [0m] [1mInstalling loader 'target-csv-postgres'[0m
[2025-07-09T21:55:15.429+0000] {docker.py:429} INFO - [2m2025-07-09T21:55:15.429055Z[0m [[32m[1minfo     [0m] [1mInstalling loader 'target-csv-csv'[0m
[2025-07-09T21:55:16.534+0000] {docker.py:429} INFO - [2m2025-07-09T21:55:16.533338Z[0m [[32m[1minfo     [0m] [1mInstalled extractor 'tap-postgres'[0m
[2025-07-09T21:55:16.619+0000] {docker.py:429} INFO - [2m2025-07-09T21:55:16.618893Z[0m [[32m[1minfo     [0m] [1mInstalled loader 'target-postgres'[0m
[2025-07-09T21:55:21.343+0000] {docker.py:429} INFO - [2m2025-07-09T21:55:21.342564Z[0m [[32m[1minfo     [0m] [1mInstalled extractor 'tap-csv-latest'[0m
[2025-07-09T21:55:21.785+0000] {docker.py:429} INFO - [2m2025-07-09T21:55:21.785215Z[0m [[32m[1minfo     [0m] [1mInstalled extractor 'tap-csv' [0m
[2025-07-09T21:55:22.113+0000] {docker.py:429} INFO - [2m2025-07-09T21:55:22.112246Z[0m [[32m[1minfo     [0m] [1mInstalled loader 'target-csv' [0m
[2025-07-09T21:55:22.211+0000] {docker.py:429} INFO - [2m2025-07-09T21:55:22.210973Z[0m [[32m[1minfo     [0m] [1mInstalled loader 'target-csv-csv'[0m
[2025-07-09T21:55:22.238+0000] {docker.py:429} INFO - [2m2025-07-09T21:55:22.237451Z[0m [[32m[1minfo     [0m] [1mInstalled loader 'target-csv-postgres'[0m
[2025-07-09T21:55:22.238+0000] {docker.py:429} INFO - [2m2025-07-09T21:55:22.237776Z[0m [[32m[1minfo     [0m] [1mInstalled 7/7 plugins         [0m
[2025-07-09T21:55:23.112+0000] {docker.py:429} INFO - Meltano install completed. Executing command: meltano el tap-csv target-csv-csv
[2025-07-09T21:55:24.245+0000] {docker.py:429} INFO - [2m2025-07-09T21:55:24.244676Z[0m [[32m[1minfo     [0m] [1mEnvironment 'dev' is active   [0m
[2025-07-09T21:55:24.605+0000] {docker.py:429} INFO - [2m2025-07-09T21:55:24.604462Z[0m [[32m[1minfo     [0m] [1mRunning extract & load...     [0m [36mname[0m=[35mmeltano[0m [36mrun_id[0m=[35mc2dcad2f-4216-4cf5-a1e1-803162ccb821[0m [36mstate_id[0m=[35m2025-07-09T215524--tap-csv--target-csv-csv[0m
[2025-07-09T21:55:25.798+0000] {docker.py:429} INFO - [2m2025-07-09T21:55:25.797633Z[0m [[32m[1minfo     [0m] [1mINFO Sending version information to singer.io. To disable sending anonymous usage data, set the config parameter "disable_collection" to true[0m [36mcmd_type[0m=[35mloader[0m [36mname[0m=[35mtarget-csv-csv[0m [36mrun_id[0m=[35mc2dcad2f-4216-4cf5-a1e1-803162ccb821[0m [36mstate_id[0m=[35m2025-07-09T215524--tap-csv--target-csv-csv[0m [36mstdio[0m=[35mstderr[0m
[2025-07-09T21:55:26.008+0000] {docker.py:429} INFO - [2m2025-07-09T21:55:26.008091Z[0m [[32m[1minfo     [0m] [1m/opt/meltano/.meltano/extractors/tap-csv/venv/lib/python3.9/site-packages/singer_sdk/tap_base.py:516: SingerSDKDeprecationWarning: Passing a catalog file path is deprecated. Please pass the catalog as a dictionary or Catalog object instead.[0m [36mcmd_type[0m=[35mextractor[0m [36mname[0m=[35mtap-csv[0m [36mrun_id[0m=[35mc2dcad2f-4216-4cf5-a1e1-803162ccb821[0m [36mstate_id[0m=[35m2025-07-09T215524--tap-csv--target-csv-csv[0m [36mstdio[0m=[35mstderr[0m
[2m2025-07-09T21:55:26.008404Z[0m [[32m[1minfo     [0m] [1m  tap = cls(                  [0m [36mcmd_type[0m=[35mextractor[0m [36mname[0m=[35mtap-csv[0m [36mrun_id[0m=[35mc2dcad2f-4216-4cf5-a1e1-803162ccb821[0m [36mstate_id[0m=[35m2025-07-09T215524--tap-csv--target-csv-csv[0m [36mstdio[0m=[35mstderr[0m
[2025-07-09T21:55:26.009+0000] {docker.py:429} INFO - [2m2025-07-09T21:55:26.008546Z[0m [[32m[1minfo     [0m] [1m                              [0m [36mcmd_type[0m=[35mextractor[0m [36mname[0m=[35mtap-csv[0m [36mrun_id[0m=[35mc2dcad2f-4216-4cf5-a1e1-803162ccb821[0m [36mstate_id[0m=[35m2025-07-09T215524--tap-csv--target-csv-csv[0m [36mstdio[0m=[35mstderr[0m
[2025-07-09T21:55:26.009+0000] {docker.py:429} INFO - [2m2025-07-09T21:55:26.008937Z[0m [[32m[1minfo     [0m] [1mBeginning full_table sync of 'order_details'...[0m [36mcmd_type[0m=[35mextractor[0m [36mname[0m=[35mtap-csv[0m [36mrun_id[0m=[35mc2dcad2f-4216-4cf5-a1e1-803162ccb821[0m [36mstate_id[0m=[35m2025-07-09T215524--tap-csv--target-csv-csv[0m [36mstdio[0m=[35mstderr[0m
[2025-07-09T21:55:26.009+0000] {docker.py:429} INFO - [2m2025-07-09T21:55:26.009202Z[0m [[32m[1minfo     [0m] [1mTap has custom mapper. Using 1 provided map(s).[0m [36mcmd_type[0m=[35mextractor[0m [36mname[0m=[35mtap-csv[0m [36mrun_id[0m=[35mc2dcad2f-4216-4cf5-a1e1-803162ccb821[0m [36mstate_id[0m=[35m2025-07-09T215524--tap-csv--target-csv-csv[0m [36mstdio[0m=[35mstderr[0m
[2025-07-09T21:55:26.158+0000] {docker.py:429} INFO - [2m2025-07-09T21:55:26.157621Z[0m [[32m[1minfo     [0m] [1mMETRIC: {"type": "timer", "metric": "sync_duration", "value": 0.14882469177246094, "tags": {"stream": "order_details", "pid": 176, "context": {}, "status": "succeeded"}}[0m [36mcmd_type[0m=[35mextractor[0m [36mname[0m=[35mtap-csv[0m [36mrun_id[0m=[35mc2dcad2f-4216-4cf5-a1e1-803162ccb821[0m [36mstate_id[0m=[35m2025-07-09T215524--tap-csv--target-csv-csv[0m [36mstdio[0m=[35mstderr[0m
[2025-07-09T21:55:26.159+0000] {docker.py:429} INFO - [2m2025-07-09T21:55:26.158229Z[0m [[32m[1minfo     [0m] [1mMETRIC: {"type": "counter", "metric": "record_count", "value": 2155, "tags": {"stream": "order_details", "pid": 176, "context": {}}}[0m [36mcmd_type[0m=[35mextractor[0m [36mname[0m=[35mtap-csv[0m [36mrun_id[0m=[35mc2dcad2f-4216-4cf5-a1e1-803162ccb821[0m [36mstate_id[0m=[35m2025-07-09T215524--tap-csv--target-csv-csv[0m [36mstdio[0m=[35mstderr[0m
[2025-07-09T21:55:26.266+0000] {docker.py:429} INFO - [2m2025-07-09T21:55:26.266137Z[0m [[32m[1minfo     [0m] [1mUsing systemdb state backend  [0m
[2025-07-09T21:55:26.279+0000] {docker.py:429} INFO - [2m2025-07-09T21:55:26.278484Z[0m [[32m[1minfo     [0m] [1mIncremental state has been updated at 2025-07-09 21:55:26.278447+00:00.[0m
[2025-07-09T21:55:26.280+0000] {docker.py:429} INFO - [2m2025-07-09T21:55:26.279585Z[0m [[32m[1minfo     [0m] [1mExtract & load complete!      [0m [36mname[0m=[35mmeltano[0m [36mrun_id[0m=[35mc2dcad2f-4216-4cf5-a1e1-803162ccb821[0m [36mstate_id[0m=[35m2025-07-09T215524--tap-csv--target-csv-csv[0m
[2025-07-09T21:55:26.280+0000] {docker.py:429} INFO - [2m2025-07-09T21:55:26.279871Z[0m [[32m[1minfo     [0m] [1mTransformation skipped.       [0m [36mname[0m=[35mmeltano[0m [36mrun_id[0m=[35mc2dcad2f-4216-4cf5-a1e1-803162ccb821[0m [36mstate_id[0m=[35m2025-07-09T215524--tap-csv--target-csv-csv[0m
[2025-07-09T21:55:27.481+0000] {taskinstance.py:1138} INFO - Marking task as SUCCESS. dag_id=northwind, task_id=extração_csv, execution_date=20250709T215452, start_date=20250709T215513, end_date=20250709T215527
[2025-07-09T21:55:27.533+0000] {local_task_job_runner.py:234} INFO - Task exited with return code 0
[2025-07-09T21:55:27.558+0000] {taskinstance.py:3280} INFO - 1 downstream tasks scheduled from follow-on schedule check
