[2025-07-01T21:32:55.863+0000] {taskinstance.py:1956} INFO - Dependencies all met for dep_context=non-requeueable deps ti=<TaskInstance: northwind.carregamento_postgres manual__2025-07-01T21:25:48.128596+00:00 [queued]>
[2025-07-01T21:32:55.871+0000] {taskinstance.py:1956} INFO - Dependencies all met for dep_context=requeueable deps ti=<TaskInstance: northwind.carregamento_postgres manual__2025-07-01T21:25:48.128596+00:00 [queued]>
[2025-07-01T21:32:55.871+0000] {taskinstance.py:2170} INFO - Starting attempt 2 of 2
[2025-07-01T21:32:55.883+0000] {taskinstance.py:2191} INFO - Executing <Task(DockerOperator): carregamento_postgres> on 2025-07-01 21:25:48.128596+00:00
[2025-07-01T21:32:55.890+0000] {standard_task_runner.py:60} INFO - Started process 170 to run task
[2025-07-01T21:32:55.900+0000] {standard_task_runner.py:87} INFO - Running: ['***', 'tasks', 'run', 'northwind', 'carregamento_postgres', 'manual__2025-07-01T21:25:48.128596+00:00', '--job-id', '18', '--raw', '--subdir', 'DAGS_FOLDER/northwind.py', '--cfg-path', '/tmp/tmpjbjp5kmj']
[2025-07-01T21:32:55.907+0000] {standard_task_runner.py:88} INFO - Job 18: Subtask carregamento_postgres
[2025-07-01T21:32:56.028+0000] {task_command.py:423} INFO - Running <TaskInstance: northwind.carregamento_postgres manual__2025-07-01T21:25:48.128596+00:00 [running]> on host 018d2949d085
[2025-07-01T21:32:56.117+0000] {taskinstance.py:2480} INFO - Exporting env vars: AIRFLOW_CTX_DAG_EMAIL='lrbf@cin.ufpe.br' AIRFLOW_CTX_DAG_OWNER='***' AIRFLOW_CTX_DAG_ID='northwind' AIRFLOW_CTX_TASK_ID='carregamento_postgres' AIRFLOW_CTX_EXECUTION_DATE='2025-07-01T21:25:48.128596+00:00' AIRFLOW_CTX_TRY_NUMBER='2' AIRFLOW_CTX_DAG_RUN_ID='manual__2025-07-01T21:25:48.128596+00:00'
[2025-07-01T21:32:56.230+0000] {docker.py:359} INFO - Starting docker container from image meltano:latest
[2025-07-01T21:32:56.516+0000] {docker.py:429} INFO - Running meltano install...
[2025-07-01T21:32:58.756+0000] {docker.py:429} INFO - [2m2025-07-01T21:32:58.754693Z[0m [[32m[1minfo     [0m] [1mInstalling 7 plugins          [0m
[2025-07-01T21:32:58.767+0000] {docker.py:429} INFO - [2m2025-07-01T21:32:58.766533Z[0m [[32m[1minfo     [0m] [1mInstalling extractor 'tap-postgres'[0m
[2025-07-01T21:32:58.787+0000] {docker.py:429} INFO - [2m2025-07-01T21:32:58.787096Z[0m [[32m[1minfo     [0m] [1mInstalling extractor 'tap-csv'[0m
[2025-07-01T21:32:58.810+0000] {docker.py:429} INFO - [2m2025-07-01T21:32:58.809803Z[0m [[32m[1minfo     [0m] [1mInstalling extractor 'tap-csv-latest'[0m
[2025-07-01T21:32:58.842+0000] {docker.py:429} INFO - [2m2025-07-01T21:32:58.841194Z[0m [[32m[1minfo     [0m] [1mInstalling loader 'target-postgres'[0m
[2025-07-01T21:32:58.879+0000] {docker.py:429} INFO - [2m2025-07-01T21:32:58.878759Z[0m [[32m[1minfo     [0m] [1mInstalling loader 'target-csv'[0m
[2025-07-01T21:32:58.916+0000] {docker.py:429} INFO - [2m2025-07-01T21:32:58.915442Z[0m [[32m[1minfo     [0m] [1mInstalling loader 'target-csv-postgres'[0m
[2025-07-01T21:32:58.963+0000] {docker.py:429} INFO - [2m2025-07-01T21:32:58.955613Z[0m [[32m[1minfo     [0m] [1mInstalling loader 'target-csv-csv'[0m
[2025-07-01T21:33:01.857+0000] {docker.py:429} INFO - [2m2025-07-01T21:33:01.855672Z[0m [[32m[1minfo     [0m] [1mInstalled extractor 'tap-postgres'[0m
[2025-07-01T21:33:01.880+0000] {docker.py:429} INFO - [2m2025-07-01T21:33:01.879796Z[0m [[32m[1minfo     [0m] [1mInstalled loader 'target-postgres'[0m
[2025-07-01T21:33:07.081+0000] {docker.py:429} INFO - [2m2025-07-01T21:33:07.080364Z[0m [[32m[1minfo     [0m] [1mInstalled extractor 'tap-csv-latest'[0m
[2025-07-01T21:33:07.333+0000] {docker.py:429} INFO - [2m2025-07-01T21:33:07.332993Z[0m [[32m[1minfo     [0m] [1mInstalled extractor 'tap-csv' [0m
[2025-07-01T21:33:08.532+0000] {docker.py:429} INFO - [2m2025-07-01T21:33:08.531992Z[0m [[32m[1minfo     [0m] [1mInstalled loader 'target-csv-csv'[0m
[2025-07-01T21:33:08.561+0000] {docker.py:429} INFO - [2m2025-07-01T21:33:08.561158Z[0m [[32m[1minfo     [0m] [1mInstalled loader 'target-csv' [0m
[2025-07-01T21:33:08.762+0000] {docker.py:429} INFO - [2m2025-07-01T21:33:08.761565Z[0m [[32m[1minfo     [0m] [1mInstalled loader 'target-csv-postgres'[0m
[2025-07-01T21:33:08.762+0000] {docker.py:429} INFO - [2m2025-07-01T21:33:08.761949Z[0m [[32m[1minfo     [0m] [1mInstalled 7/7 plugins         [0m
[2025-07-01T21:33:09.844+0000] {docker.py:429} INFO - Meltano install completed. Executing command: meltano el tap-csv --catalog /opt/meltano/config/tap-csv-latest.json target-postgres
[2025-07-01T21:33:11.832+0000] {docker.py:429} INFO - [2m2025-07-01T21:33:11.831576Z[0m [[32m[1minfo     [0m] [1mEnvironment 'dev' is active   [0m
[2025-07-01T21:33:12.720+0000] {docker.py:429} INFO - [2m2025-07-01T21:33:12.719343Z[0m [[32m[1minfo     [0m] [1mRunning extract & load...     [0m [36mname[0m=[35mmeltano[0m [36mrun_id[0m=[35m9d55edde-11e6-40ec-9a6e-89ecfa74990b[0m [36mstate_id[0m=[35m2025-07-01T213312--tap-csv--target-postgres[0m
[2025-07-01T21:33:12.969+0000] {docker.py:429} INFO - [2m2025-07-01T21:33:12.967853Z[0m [[32m[1minfo     [0m] [1mUsing custom catalog in /opt/meltano/config/tap-csv-latest.json[0m
[2025-07-01T21:33:13.942+0000] {docker.py:429} INFO - [2m2025-07-01T21:33:13.941240Z[0m [[32m[1minfo     [0m] [1m/opt/meltano/.meltano/extractors/tap-csv/venv/lib/python3.9/site-packages/singer_sdk/tap_base.py:516: SingerSDKDeprecationWarning: Passing a catalog file path is deprecated. Please pass the catalog as a dictionary or Catalog object instead.[0m [36mcmd_type[0m=[35mextractor[0m [36mname[0m=[35mtap-csv[0m [36mrun_id[0m=[35m9d55edde-11e6-40ec-9a6e-89ecfa74990b[0m [36mstate_id[0m=[35m2025-07-01T213312--tap-csv--target-postgres[0m [36mstdio[0m=[35mstderr[0m
[2025-07-01T21:33:13.942+0000] {docker.py:429} INFO - [2m2025-07-01T21:33:13.941812Z[0m [[32m[1minfo     [0m] [1m  tap = cls(                  [0m [36mcmd_type[0m=[35mextractor[0m [36mname[0m=[35mtap-csv[0m [36mrun_id[0m=[35m9d55edde-11e6-40ec-9a6e-89ecfa74990b[0m [36mstate_id[0m=[35m2025-07-01T213312--tap-csv--target-postgres[0m [36mstdio[0m=[35mstderr[0m
[2025-07-01T21:33:13.942+0000] {docker.py:429} INFO - [2m2025-07-01T21:33:13.942092Z[0m [[32m[1minfo     [0m] [1m                              [0m [36mcmd_type[0m=[35mextractor[0m [36mname[0m=[35mtap-csv[0m [36mrun_id[0m=[35m9d55edde-11e6-40ec-9a6e-89ecfa74990b[0m [36mstate_id[0m=[35m2025-07-01T213312--tap-csv--target-postgres[0m [36mstdio[0m=[35mstderr[0m
[2025-07-01T21:33:13.943+0000] {docker.py:429} INFO - [2m2025-07-01T21:33:13.942524Z[0m [[32m[1minfo     [0m] [1mSkipping deselected stream 'order_details'.[0m [36mcmd_type[0m=[35mextractor[0m [36mname[0m=[35mtap-csv[0m [36mrun_id[0m=[35m9d55edde-11e6-40ec-9a6e-89ecfa74990b[0m [36mstate_id[0m=[35m2025-07-01T213312--tap-csv--target-postgres[0m [36mstdio[0m=[35mstderr[0m
[2025-07-01T21:33:14.037+0000] {docker.py:429} INFO - [2m2025-07-01T21:33:14.036846Z[0m [[32m[1minfo     [0m] [1mtarget-postgres v0.4.3, Meltano SDK v0.47.4[0m [36mcmd_type[0m=[35mloader[0m [36mname[0m=[35mtarget-postgres[0m [36mrun_id[0m=[35m9d55edde-11e6-40ec-9a6e-89ecfa74990b[0m [36mstate_id[0m=[35m2025-07-01T213312--tap-csv--target-postgres[0m [36mstdio[0m=[35mstderr[0m
[2025-07-01T21:33:14.038+0000] {docker.py:429} INFO - [2m2025-07-01T21:33:14.038015Z[0m [[32m[1minfo     [0m] [1m/opt/meltano/.meltano/loaders/target-postgres/venv/lib/python3.9/site-packages/singer_sdk/plugin_base.py:715: SingerSDKDeprecationWarning: Passing a list of config file paths is deprecated. Please pass the config as a dictionary instead.[0m [36mcmd_type[0m=[35mloader[0m [36mname[0m=[35mtarget-postgres[0m [36mrun_id[0m=[35m9d55edde-11e6-40ec-9a6e-89ecfa74990b[0m [36mstate_id[0m=[35m2025-07-01T213312--tap-csv--target-postgres[0m [36mstdio[0m=[35mstderr[0m
[2m2025-07-01T21:33:14.038283Z[0m [[32m[1minfo     [0m] [1m  super().__init__(           [0m [36mcmd_type[0m=[35mloader[0m [36mname[0m=[35mtarget-postgres[0m [36mrun_id[0m=[35m9d55edde-11e6-40ec-9a6e-89ecfa74990b[0m [36mstate_id[0m=[35m2025-07-01T213312--tap-csv--target-postgres[0m [36mstdio[0m=[35mstderr[0m
[2025-07-01T21:33:14.039+0000] {docker.py:429} INFO - [2m2025-07-01T21:33:14.038435Z[0m [[32m[1minfo     [0m] [1m                              [0m [36mcmd_type[0m=[35mloader[0m [36mname[0m=[35mtarget-postgres[0m [36mrun_id[0m=[35m9d55edde-11e6-40ec-9a6e-89ecfa74990b[0m [36mstate_id[0m=[35m2025-07-01T213312--tap-csv--target-postgres[0m [36mstdio[0m=[35mstderr[0m
[2025-07-01T21:33:14.039+0000] {docker.py:429} INFO - [2m2025-07-01T21:33:14.038698Z[0m [[32m[1minfo     [0m] [1mSkipping parse of env var settings...[0m [36mcmd_type[0m=[35mloader[0m [36mname[0m=[35mtarget-postgres[0m [36mrun_id[0m=[35m9d55edde-11e6-40ec-9a6e-89ecfa74990b[0m [36mstate_id[0m=[35m2025-07-01T213312--tap-csv--target-postgres[0m [36mstdio[0m=[35mstderr[0m
[2025-07-01T21:33:14.039+0000] {docker.py:429} INFO - [2m2025-07-01T21:33:14.039023Z[0m [[32m[1minfo     [0m] [1mThe `dialect+driver` configuration option is deprecated. Please set it to `postgresql+psycopg`, as this will be the hard-coded value in the future.[0m [36mcmd_type[0m=[35mloader[0m [36mname[0m=[35mtarget-postgres[0m [36mrun_id[0m=[35m9d55edde-11e6-40ec-9a6e-89ecfa74990b[0m [36mstate_id[0m=[35m2025-07-01T213312--tap-csv--target-postgres[0m [36mstdio[0m=[35mstderr[0m
[2025-07-01T21:33:14.039+0000] {docker.py:429} INFO - [2m2025-07-01T21:33:14.039298Z[0m [[32m[1minfo     [0m] [1mReader 'target-postgres' completed processing 0 lines of input (0 schemas, 0 records, 0 batch manifests, 0 state messages, 0 activate version messages).[0m [36mcmd_type[0m=[35mloader[0m [36mname[0m=[35mtarget-postgres[0m [36mrun_id[0m=[35m9d55edde-11e6-40ec-9a6e-89ecfa74990b[0m [36mstate_id[0m=[35m2025-07-01T213312--tap-csv--target-postgres[0m [36mstdio[0m=[35mstderr[0m
[2025-07-01T21:33:14.121+0000] {docker.py:429} INFO - [2m2025-07-01T21:33:14.120498Z[0m [[32m[1minfo     [0m] [1mExtract & load complete!      [0m [36mname[0m=[35mmeltano[0m [36mrun_id[0m=[35m9d55edde-11e6-40ec-9a6e-89ecfa74990b[0m [36mstate_id[0m=[35m2025-07-01T213312--tap-csv--target-postgres[0m
[2m2025-07-01T21:33:14.120734Z[0m [[32m[1minfo     [0m] [1mTransformation skipped.       [0m [36mname[0m=[35mmeltano[0m [36mrun_id[0m=[35m9d55edde-11e6-40ec-9a6e-89ecfa74990b[0m [36mstate_id[0m=[35m2025-07-01T213312--tap-csv--target-postgres[0m
[2025-07-01T21:33:15.418+0000] {taskinstance.py:1138} INFO - Marking task as SUCCESS. dag_id=northwind, task_id=carregamento_postgres, execution_date=20250701T212548, start_date=20250701T213255, end_date=20250701T213315
[2025-07-01T21:33:15.450+0000] {local_task_job_runner.py:234} INFO - Task exited with return code 0
[2025-07-01T21:33:15.463+0000] {taskinstance.py:3280} INFO - 0 downstream tasks scheduled from follow-on schedule check
