[2025-06-27T19:38:14.787+0000] {taskinstance.py:1956} INFO - Dependencies all met for dep_context=non-requeueable deps ti=<TaskInstance: northwind.extração_csv manual__2025-06-27T19:35:07.119700+00:00 [queued]>
[2025-06-27T19:38:14.910+0000] {taskinstance.py:1956} INFO - Dependencies all met for dep_context=requeueable deps ti=<TaskInstance: northwind.extração_csv manual__2025-06-27T19:35:07.119700+00:00 [queued]>
[2025-06-27T19:38:14.913+0000] {taskinstance.py:2170} INFO - Starting attempt 1 of 2
[2025-06-27T19:38:15.057+0000] {taskinstance.py:2191} INFO - Executing <Task(DockerOperator): extração_csv> on 2025-06-27 19:35:07.119700+00:00
[2025-06-27T19:38:15.097+0000] {standard_task_runner.py:60} INFO - Started process 237 to run task
[2025-06-27T19:38:15.255+0000] {standard_task_runner.py:87} INFO - Running: ['***', 'tasks', 'run', 'northwind', 'extração_csv', 'manual__2025-06-27T19:35:07.119700+00:00', '--job-id', '339', '--raw', '--subdir', 'DAGS_FOLDER/dag.py', '--cfg-path', '/tmp/tmp4b_sxtxi']
[2025-06-27T19:38:15.378+0000] {standard_task_runner.py:88} INFO - Job 339: Subtask extração_csv
[2025-06-27T19:38:16.302+0000] {task_command.py:423} INFO - Running <TaskInstance: northwind.extração_csv manual__2025-06-27T19:35:07.119700+00:00 [running]> on host 6afc1f3750fb
[2025-06-27T19:38:17.772+0000] {taskinstance.py:2480} INFO - Exporting env vars: AIRFLOW_CTX_DAG_EMAIL='lrbf@cin.ufpe.br' AIRFLOW_CTX_DAG_OWNER='***' AIRFLOW_CTX_DAG_ID='northwind' AIRFLOW_CTX_TASK_ID='extração_csv' AIRFLOW_CTX_EXECUTION_DATE='2025-06-27T19:35:07.119700+00:00' AIRFLOW_CTX_TRY_NUMBER='1' AIRFLOW_CTX_DAG_RUN_ID='manual__2025-06-27T19:35:07.119700+00:00'
[2025-06-27T19:38:18.832+0000] {docker.py:359} INFO - Starting docker container from image meltano:latest
[2025-06-27T19:38:18.868+0000] {docker.py:367} WARNING - Using remote engine or docker-in-docker and mounting temporary volume from host is not supported. Falling back to `mount_tmp_dir=False` mode. You can set `mount_tmp_dir` parameter to False to disable mounting and remove the warning
[2025-06-27T19:38:21.053+0000] {docker.py:429} INFO - Running meltano install...
[2025-06-27T19:38:45.948+0000] {docker.py:429} INFO - [2m2025-06-27T19:38:45.940679Z[0m [[32m[1minfo     [0m] [1mInstalling 7 plugins          [0m
[2025-06-27T19:38:46.125+0000] {docker.py:429} INFO - [2m2025-06-27T19:38:46.121361Z[0m [[32m[1minfo     [0m] [1mInstalling extractor 'tap-postgres'[0m
[2025-06-27T19:38:46.380+0000] {docker.py:429} INFO - [2m2025-06-27T19:38:46.375153Z[0m [[32m[1minfo     [0m] [1mInstalling extractor 'tap-csv'[0m
[2025-06-27T19:38:46.663+0000] {docker.py:429} INFO - [2m2025-06-27T19:38:46.655454Z[0m [[32m[1minfo     [0m] [1mInstalling extractor 'tap-csv-latest'[0m
[2025-06-27T19:38:47.030+0000] {docker.py:429} INFO - [2m2025-06-27T19:38:47.025393Z[0m [[32m[1minfo     [0m] [1mInstalling loader 'target-postgres'[0m
[2025-06-27T19:38:47.492+0000] {docker.py:429} INFO - [2m2025-06-27T19:38:47.488220Z[0m [[32m[1minfo     [0m] [1mInstalling loader 'target-csv'[0m
[2025-06-27T19:38:47.825+0000] {docker.py:429} INFO - [2m2025-06-27T19:38:47.817529Z[0m [[32m[1minfo     [0m] [1mInstalling loader 'target-csv-postgres'[0m
[2025-06-27T19:38:48.154+0000] {docker.py:429} INFO - [2m2025-06-27T19:38:48.148509Z[0m [[32m[1minfo     [0m] [1mInstalling loader 'target-csv-csv'[0m
[2025-06-27T19:39:05.627+0000] {docker.py:429} INFO - [2m2025-06-27T19:39:05.617535Z[0m [[32m[1minfo     [0m] [1mInstalled extractor 'tap-postgres'[0m
[2025-06-27T19:39:07.227+0000] {docker.py:429} INFO - [2m2025-06-27T19:39:07.199550Z[0m [[32m[1minfo     [0m] [1mInstalled loader 'target-postgres'[0m
[2025-06-27T19:39:59.044+0000] {docker.py:429} INFO - [2m2025-06-27T19:39:59.020606Z[0m [[32m[1minfo     [0m] [1mInstalled extractor 'tap-csv' [0m
[2025-06-27T19:40:00.567+0000] {docker.py:429} INFO - [2m2025-06-27T19:40:00.555359Z[0m [[32m[1minfo     [0m] [1mInstalled extractor 'tap-csv-latest'[0m
[2025-06-27T19:40:15.178+0000] {docker.py:429} INFO - [2m2025-06-27T19:40:15.168362Z[0m [[32m[1minfo     [0m] [1mInstalled loader 'target-csv' [0m
[2025-06-27T19:40:15.296+0000] {docker.py:429} INFO - [2m2025-06-27T19:40:15.290815Z[0m [[32m[1minfo     [0m] [1mInstalled loader 'target-csv-csv'[0m
[2025-06-27T19:40:16.449+0000] {docker.py:429} INFO - [2m2025-06-27T19:40:16.445293Z[0m [[32m[1minfo     [0m] [1mInstalled loader 'target-csv-postgres'[0m
[2025-06-27T19:40:16.453+0000] {docker.py:429} INFO - [2m2025-06-27T19:40:16.449427Z[0m [[32m[1minfo     [0m] [1mInstalled 7/7 plugins         [0m
[2025-06-27T19:40:18.591+0000] {docker.py:429} INFO - Meltano install completed. Executing command: meltano el tap-csv target-csv-csv
[2025-06-27T19:40:28.386+0000] {docker.py:429} INFO - [2m2025-06-27T19:40:28.380777Z[0m [[32m[1minfo     [0m] [1mEnvironment 'dev' is active   [0m
[2025-06-27T19:40:31.759+0000] {docker.py:429} INFO - [2m2025-06-27T19:40:31.754302Z[0m [[32m[1minfo     [0m] [1mRunning extract & load...     [0m [36mname[0m=[35mmeltano[0m [36mrun_id[0m=[35m92de38dd-3484-484e-a624-12ef6ef266cb[0m [36mstate_id[0m=[35m2025-06-27T194029--tap-csv--target-csv-csv[0m
[2025-06-27T19:40:41.845+0000] {docker.py:429} INFO - [2m2025-06-27T19:40:41.836100Z[0m [[32m[1minfo     [0m] [1mINFO Sending version information to singer.io. To disable sending anonymous usage data, set the config parameter "disable_collection" to true[0m [36mcmd_type[0m=[35mloader[0m [36mname[0m=[35mtarget-csv-csv[0m [36mrun_id[0m=[35m92de38dd-3484-484e-a624-12ef6ef266cb[0m [36mstate_id[0m=[35m2025-06-27T194029--tap-csv--target-csv-csv[0m [36mstdio[0m=[35mstderr[0m
[2025-06-27T19:40:45.032+0000] {docker.py:429} INFO - [2m2025-06-27T19:40:45.027467Z[0m [[32m[1minfo     [0m] [1mBeginning full_table sync of 'order_details'...[0m [36mcmd_type[0m=[35mextractor[0m [36mname[0m=[35mtap-csv[0m [36mrun_id[0m=[35m92de38dd-3484-484e-a624-12ef6ef266cb[0m [36mstate_id[0m=[35m2025-06-27T194029--tap-csv--target-csv-csv[0m [36mstdio[0m=[35mstderr[0m
[2025-06-27T19:40:45.038+0000] {docker.py:429} INFO - [2m2025-06-27T19:40:45.030328Z[0m [[32m[1minfo     [0m] [1mTap has custom mapper. Using 1 provided map(s).[0m [36mcmd_type[0m=[35mextractor[0m [36mname[0m=[35mtap-csv[0m [36mrun_id[0m=[35m92de38dd-3484-484e-a624-12ef6ef266cb[0m [36mstate_id[0m=[35m2025-06-27T194029--tap-csv--target-csv-csv[0m [36mstdio[0m=[35mstderr[0m
[2025-06-27T19:40:46.712+0000] {docker.py:429} INFO - [2m2025-06-27T19:40:46.707599Z[0m [[32m[1minfo     [0m] [1mMETRIC: {"type": "timer", "metric": "sync_duration", "value": 1.6764590740203857, "tags": {"stream": "order_details", "pid": 176, "context": {}, "status": "succeeded"}}[0m [36mcmd_type[0m=[35mextractor[0m [36mname[0m=[35mtap-csv[0m [36mrun_id[0m=[35m92de38dd-3484-484e-a624-12ef6ef266cb[0m [36mstate_id[0m=[35m2025-06-27T194029--tap-csv--target-csv-csv[0m [36mstdio[0m=[35mstderr[0m
[2025-06-27T19:40:46.718+0000] {docker.py:429} INFO - [2m2025-06-27T19:40:46.712572Z[0m [[32m[1minfo     [0m] [1mMETRIC: {"type": "counter", "metric": "record_count", "value": 2155, "tags": {"stream": "order_details", "pid": 176, "context": {}}}[0m [36mcmd_type[0m=[35mextractor[0m [36mname[0m=[35mtap-csv[0m [36mrun_id[0m=[35m92de38dd-3484-484e-a624-12ef6ef266cb[0m [36mstate_id[0m=[35m2025-06-27T194029--tap-csv--target-csv-csv[0m [36mstdio[0m=[35mstderr[0m
[2025-06-27T19:40:47.609+0000] {docker.py:429} INFO - [2m2025-06-27T19:40:47.604691Z[0m [[32m[1minfo     [0m] [1mUsing systemdb state backend  [0m
[2025-06-27T19:40:47.667+0000] {docker.py:429} INFO - [2m2025-06-27T19:40:47.662831Z[0m [[32m[1minfo     [0m] [1mIncremental state has been updated at 2025-06-27 19:40:47.662636+00:00.[0m
[2025-06-27T19:40:47.690+0000] {docker.py:429} INFO - [2m2025-06-27T19:40:47.685841Z[0m [[32m[1minfo     [0m] [1mExtract & load complete!      [0m [36mname[0m=[35mmeltano[0m [36mrun_id[0m=[35m92de38dd-3484-484e-a624-12ef6ef266cb[0m [36mstate_id[0m=[35m2025-06-27T194029--tap-csv--target-csv-csv[0m
[2025-06-27T19:40:47.693+0000] {docker.py:429} INFO - [2m2025-06-27T19:40:47.688663Z[0m [[32m[1minfo     [0m] [1mTransformation skipped.       [0m [36mname[0m=[35mmeltano[0m [36mrun_id[0m=[35m92de38dd-3484-484e-a624-12ef6ef266cb[0m [36mstate_id[0m=[35m2025-06-27T194029--tap-csv--target-csv-csv[0m
[2025-06-27T19:40:51.396+0000] {taskinstance.py:1138} INFO - Marking task as SUCCESS. dag_id=northwind, task_id=extração_csv, execution_date=20250627T193507, start_date=20250627T193814, end_date=20250627T194051
[2025-06-27T19:40:51.584+0000] {local_task_job_runner.py:234} INFO - Task exited with return code 0
[2025-06-27T19:40:51.821+0000] {taskinstance.py:3280} INFO - 1 downstream tasks scheduled from follow-on schedule check
