[2025-07-09T21:28:27.414+0000] {taskinstance.py:1956} INFO - Dependencies all met for dep_context=non-requeueable deps ti=<TaskInstance: northwind.extração_csv manual__2025-07-09T21:28:08.448433+00:00 [queued]>
[2025-07-09T21:28:27.421+0000] {taskinstance.py:1956} INFO - Dependencies all met for dep_context=requeueable deps ti=<TaskInstance: northwind.extração_csv manual__2025-07-09T21:28:08.448433+00:00 [queued]>
[2025-07-09T21:28:27.422+0000] {taskinstance.py:2170} INFO - Starting attempt 1 of 2
[2025-07-09T21:28:27.432+0000] {taskinstance.py:2191} INFO - Executing <Task(DockerOperator): extração_csv> on 2025-07-09 21:28:08.448433+00:00
[2025-07-09T21:28:27.437+0000] {standard_task_runner.py:60} INFO - Started process 173 to run task
[2025-07-09T21:28:27.440+0000] {standard_task_runner.py:87} INFO - Running: ['***', 'tasks', 'run', 'northwind', 'extração_csv', 'manual__2025-07-09T21:28:08.448433+00:00', '--job-id', '110', '--raw', '--subdir', 'DAGS_FOLDER/northwind.py', '--cfg-path', '/tmp/tmpmddq8u0p']
[2025-07-09T21:28:27.442+0000] {standard_task_runner.py:88} INFO - Job 110: Subtask extração_csv
[2025-07-09T21:28:27.485+0000] {task_command.py:423} INFO - Running <TaskInstance: northwind.extração_csv manual__2025-07-09T21:28:08.448433+00:00 [running]> on host 9d65785a077b
[2025-07-09T21:28:27.562+0000] {taskinstance.py:2480} INFO - Exporting env vars: AIRFLOW_CTX_DAG_EMAIL='lrbf@cin.ufpe.br' AIRFLOW_CTX_DAG_OWNER='***' AIRFLOW_CTX_DAG_ID='northwind' AIRFLOW_CTX_TASK_ID='extração_csv' AIRFLOW_CTX_EXECUTION_DATE='2025-07-09T21:28:08.448433+00:00' AIRFLOW_CTX_TRY_NUMBER='1' AIRFLOW_CTX_DAG_RUN_ID='manual__2025-07-09T21:28:08.448433+00:00'
[2025-07-09T21:28:27.615+0000] {docker.py:359} INFO - Starting docker container from image meltano:latest
[2025-07-09T21:28:27.872+0000] {docker.py:429} INFO - Running meltano install...
[2025-07-09T21:28:26.583+0000] {docker.py:429} INFO - [2m2025-07-09T21:28:26.582942Z[0m [[32m[1minfo     [0m] [1mInstalling 7 plugins          [0m
[2025-07-09T21:28:26.596+0000] {docker.py:429} INFO - [2m2025-07-09T21:28:26.594725Z[0m [[32m[1minfo     [0m] [1mInstalling extractor 'tap-postgres'[0m
[2025-07-09T21:28:26.612+0000] {docker.py:429} INFO - [2m2025-07-09T21:28:26.611664Z[0m [[32m[1minfo     [0m] [1mInstalling extractor 'tap-csv'[0m
[2025-07-09T21:28:26.644+0000] {docker.py:429} INFO - [2m2025-07-09T21:28:26.643451Z[0m [[32m[1minfo     [0m] [1mInstalling extractor 'tap-csv-latest'[0m
[2025-07-09T21:28:26.681+0000] {docker.py:429} INFO - [2m2025-07-09T21:28:26.680630Z[0m [[32m[1minfo     [0m] [1mInstalling loader 'target-postgres'[0m
[2025-07-09T21:28:26.728+0000] {docker.py:429} INFO - [2m2025-07-09T21:28:26.727240Z[0m [[32m[1minfo     [0m] [1mInstalling loader 'target-csv'[0m
[2025-07-09T21:28:26.797+0000] {docker.py:429} INFO - [2m2025-07-09T21:28:26.796534Z[0m [[32m[1minfo     [0m] [1mInstalling loader 'target-csv-postgres'[0m
[2025-07-09T21:28:26.836+0000] {docker.py:429} INFO - [2m2025-07-09T21:28:26.835572Z[0m [[32m[1minfo     [0m] [1mInstalling loader 'target-csv-csv'[0m
[2025-07-09T21:28:28.268+0000] {docker.py:429} INFO - [2m2025-07-09T21:28:28.267313Z[0m [[32m[1minfo     [0m] [1mInstalled loader 'target-postgres'[0m
[2025-07-09T21:28:28.269+0000] {docker.py:429} INFO - [2m2025-07-09T21:28:28.268749Z[0m [[32m[1minfo     [0m] [1mInstalled extractor 'tap-postgres'[0m
[2025-07-09T21:28:32.635+0000] {docker.py:429} INFO - [2m2025-07-09T21:28:32.633638Z[0m [[32m[1minfo     [0m] [1mInstalled extractor 'tap-csv' [0m
[2025-07-09T21:28:32.773+0000] {docker.py:429} INFO - [2m2025-07-09T21:28:32.772588Z[0m [[32m[1minfo     [0m] [1mInstalled extractor 'tap-csv-latest'[0m
[2025-07-09T21:28:33.098+0000] {docker.py:429} INFO - [2m2025-07-09T21:28:33.098054Z[0m [[32m[1minfo     [0m] [1mInstalled loader 'target-csv' [0m
[2025-07-09T21:28:33.452+0000] {docker.py:429} INFO - [2m2025-07-09T21:28:33.451716Z[0m [[32m[1minfo     [0m] [1mInstalled loader 'target-csv-postgres'[0m
[2025-07-09T21:28:33.459+0000] {docker.py:429} INFO - [2m2025-07-09T21:28:33.458893Z[0m [[32m[1minfo     [0m] [1mInstalled loader 'target-csv-csv'[0m
[2m2025-07-09T21:28:33.459165Z[0m [[32m[1minfo     [0m] [1mInstalled 7/7 plugins         [0m
[2025-07-09T21:28:34.284+0000] {docker.py:429} INFO - Meltano install completed. Executing command: meltano el tap-csv target-csv-csv
[2025-07-09T21:28:35.374+0000] {docker.py:429} INFO - [2m2025-07-09T21:28:35.373602Z[0m [[32m[1minfo     [0m] [1mEnvironment 'dev' is active   [0m
[2025-07-09T21:28:35.695+0000] {docker.py:429} INFO - [2m2025-07-09T21:28:35.694251Z[0m [[32m[1minfo     [0m] [1mRunning extract & load...     [0m [36mname[0m=[35mmeltano[0m [36mrun_id[0m=[35m09a87c80-e340-4df8-9355-fdf4eb5b2bd4[0m [36mstate_id[0m=[35m2025-07-09T212835--tap-csv--target-csv-csv[0m
[2025-07-09T21:28:36.683+0000] {docker.py:429} INFO - [2m2025-07-09T21:28:36.681932Z[0m [[32m[1minfo     [0m] [1mINFO Sending version information to singer.io. To disable sending anonymous usage data, set the config parameter "disable_collection" to true[0m [36mcmd_type[0m=[35mloader[0m [36mname[0m=[35mtarget-csv-csv[0m [36mrun_id[0m=[35m09a87c80-e340-4df8-9355-fdf4eb5b2bd4[0m [36mstate_id[0m=[35m2025-07-09T212835--tap-csv--target-csv-csv[0m [36mstdio[0m=[35mstderr[0m
[2025-07-09T21:28:36.870+0000] {docker.py:429} INFO - [2m2025-07-09T21:28:36.869410Z[0m [[32m[1minfo     [0m] [1m/opt/meltano/.meltano/extractors/tap-csv/venv/lib/python3.9/site-packages/singer_sdk/tap_base.py:516: SingerSDKDeprecationWarning: Passing a catalog file path is deprecated. Please pass the catalog as a dictionary or Catalog object instead.[0m [36mcmd_type[0m=[35mextractor[0m [36mname[0m=[35mtap-csv[0m [36mrun_id[0m=[35m09a87c80-e340-4df8-9355-fdf4eb5b2bd4[0m [36mstate_id[0m=[35m2025-07-09T212835--tap-csv--target-csv-csv[0m [36mstdio[0m=[35mstderr[0m
[2025-07-09T21:28:36.870+0000] {docker.py:429} INFO - [2m2025-07-09T21:28:36.869758Z[0m [[32m[1minfo     [0m] [1m  tap = cls(                  [0m [36mcmd_type[0m=[35mextractor[0m [36mname[0m=[35mtap-csv[0m [36mrun_id[0m=[35m09a87c80-e340-4df8-9355-fdf4eb5b2bd4[0m [36mstate_id[0m=[35m2025-07-09T212835--tap-csv--target-csv-csv[0m [36mstdio[0m=[35mstderr[0m
[2025-07-09T21:28:36.870+0000] {docker.py:429} INFO - [2m2025-07-09T21:28:36.869996Z[0m [[32m[1minfo     [0m] [1m                              [0m [36mcmd_type[0m=[35mextractor[0m [36mname[0m=[35mtap-csv[0m [36mrun_id[0m=[35m09a87c80-e340-4df8-9355-fdf4eb5b2bd4[0m [36mstate_id[0m=[35m2025-07-09T212835--tap-csv--target-csv-csv[0m [36mstdio[0m=[35mstderr[0m
[2025-07-09T21:28:36.871+0000] {docker.py:429} INFO - [2m2025-07-09T21:28:36.870384Z[0m [[32m[1minfo     [0m] [1mBeginning full_table sync of 'order_details'...[0m [36mcmd_type[0m=[35mextractor[0m [36mname[0m=[35mtap-csv[0m [36mrun_id[0m=[35m09a87c80-e340-4df8-9355-fdf4eb5b2bd4[0m [36mstate_id[0m=[35m2025-07-09T212835--tap-csv--target-csv-csv[0m [36mstdio[0m=[35mstderr[0m
[2025-07-09T21:28:36.871+0000] {docker.py:429} INFO - [2m2025-07-09T21:28:36.870652Z[0m [[32m[1minfo     [0m] [1mTap has custom mapper. Using 1 provided map(s).[0m [36mcmd_type[0m=[35mextractor[0m [36mname[0m=[35mtap-csv[0m [36mrun_id[0m=[35m09a87c80-e340-4df8-9355-fdf4eb5b2bd4[0m [36mstate_id[0m=[35m2025-07-09T212835--tap-csv--target-csv-csv[0m [36mstdio[0m=[35mstderr[0m
[2025-07-09T21:28:37.011+0000] {docker.py:429} INFO - [2m2025-07-09T21:28:37.010942Z[0m [[32m[1minfo     [0m] [1mMETRIC: {"type": "timer", "metric": "sync_duration", "value": 0.14045119285583496, "tags": {"stream": "order_details", "pid": 176, "context": {}, "status": "succeeded"}}[0m [36mcmd_type[0m=[35mextractor[0m [36mname[0m=[35mtap-csv[0m [36mrun_id[0m=[35m09a87c80-e340-4df8-9355-fdf4eb5b2bd4[0m [36mstate_id[0m=[35m2025-07-09T212835--tap-csv--target-csv-csv[0m [36mstdio[0m=[35mstderr[0m
[2025-07-09T21:28:37.012+0000] {docker.py:429} INFO - [2m2025-07-09T21:28:37.011334Z[0m [[32m[1minfo     [0m] [1mMETRIC: {"type": "counter", "metric": "record_count", "value": 2155, "tags": {"stream": "order_details", "pid": 176, "context": {}}}[0m [36mcmd_type[0m=[35mextractor[0m [36mname[0m=[35mtap-csv[0m [36mrun_id[0m=[35m09a87c80-e340-4df8-9355-fdf4eb5b2bd4[0m [36mstate_id[0m=[35m2025-07-09T212835--tap-csv--target-csv-csv[0m [36mstdio[0m=[35mstderr[0m
[2025-07-09T21:28:37.127+0000] {docker.py:429} INFO - [2m2025-07-09T21:28:37.126555Z[0m [[32m[1minfo     [0m] [1mUsing systemdb state backend  [0m
[2025-07-09T21:28:37.140+0000] {docker.py:429} INFO - [2m2025-07-09T21:28:37.139651Z[0m [[32m[1minfo     [0m] [1mIncremental state has been updated at 2025-07-09 21:28:37.139618+00:00.[0m
[2025-07-09T21:28:37.141+0000] {docker.py:429} INFO - [2m2025-07-09T21:28:37.140910Z[0m [[32m[1minfo     [0m] [1mExtract & load complete!      [0m [36mname[0m=[35mmeltano[0m [36mrun_id[0m=[35m09a87c80-e340-4df8-9355-fdf4eb5b2bd4[0m [36mstate_id[0m=[35m2025-07-09T212835--tap-csv--target-csv-csv[0m
[2m2025-07-09T21:28:37.141178Z[0m [[32m[1minfo     [0m] [1mTransformation skipped.       [0m [36mname[0m=[35mmeltano[0m [36mrun_id[0m=[35m09a87c80-e340-4df8-9355-fdf4eb5b2bd4[0m [36mstate_id[0m=[35m2025-07-09T212835--tap-csv--target-csv-csv[0m
[2025-07-09T21:28:38.438+0000] {taskinstance.py:1138} INFO - Marking task as SUCCESS. dag_id=northwind, task_id=extração_csv, execution_date=20250709T212808, start_date=20250709T212827, end_date=20250709T212838
[2025-07-09T21:28:38.457+0000] {local_task_job_runner.py:234} INFO - Task exited with return code 0
[2025-07-09T21:28:38.480+0000] {taskinstance.py:3280} INFO - 1 downstream tasks scheduled from follow-on schedule check
