[2025-07-01T21:52:55.564+0000] {taskinstance.py:1956} INFO - Dependencies all met for dep_context=non-requeueable deps ti=<TaskInstance: northwind.extração_csv manual__2025-07-01T21:52:34.958775+00:00 [queued]>
[2025-07-01T21:52:55.577+0000] {taskinstance.py:1956} INFO - Dependencies all met for dep_context=requeueable deps ti=<TaskInstance: northwind.extração_csv manual__2025-07-01T21:52:34.958775+00:00 [queued]>
[2025-07-01T21:52:55.577+0000] {taskinstance.py:2170} INFO - Starting attempt 1 of 2
[2025-07-01T21:52:55.590+0000] {taskinstance.py:2191} INFO - Executing <Task(DockerOperator): extração_csv> on 2025-07-01 21:52:34.958775+00:00
[2025-07-01T21:52:55.594+0000] {standard_task_runner.py:60} INFO - Started process 177 to run task
[2025-07-01T21:52:55.597+0000] {standard_task_runner.py:87} INFO - Running: ['***', 'tasks', 'run', 'northwind', 'extração_csv', 'manual__2025-07-01T21:52:34.958775+00:00', '--job-id', '9', '--raw', '--subdir', 'DAGS_FOLDER/northwind.py', '--cfg-path', '/tmp/tmpt52m9xjq']
[2025-07-01T21:52:55.599+0000] {standard_task_runner.py:88} INFO - Job 9: Subtask extração_csv
[2025-07-01T21:52:55.639+0000] {task_command.py:423} INFO - Running <TaskInstance: northwind.extração_csv manual__2025-07-01T21:52:34.958775+00:00 [running]> on host e62fc41f1c39
[2025-07-01T21:52:55.706+0000] {taskinstance.py:2480} INFO - Exporting env vars: AIRFLOW_CTX_DAG_EMAIL='lrbf@cin.ufpe.br' AIRFLOW_CTX_DAG_OWNER='***' AIRFLOW_CTX_DAG_ID='northwind' AIRFLOW_CTX_TASK_ID='extração_csv' AIRFLOW_CTX_EXECUTION_DATE='2025-07-01T21:52:34.958775+00:00' AIRFLOW_CTX_TRY_NUMBER='1' AIRFLOW_CTX_DAG_RUN_ID='manual__2025-07-01T21:52:34.958775+00:00'
[2025-07-01T21:52:55.756+0000] {docker.py:359} INFO - Starting docker container from image meltano:latest
[2025-07-01T21:52:56.050+0000] {docker.py:429} INFO - Running meltano install...
[2025-07-01T21:52:57.163+0000] {docker.py:429} INFO - [2m2025-07-01T21:52:57.162917Z[0m [[32m[1minfo     [0m] [1mInstalling 7 plugins          [0m
[2025-07-01T21:52:57.172+0000] {docker.py:429} INFO - [2m2025-07-01T21:52:57.171717Z[0m [[32m[1minfo     [0m] [1mInstalling extractor 'tap-postgres'[0m
[2025-07-01T21:52:57.199+0000] {docker.py:429} INFO - [2m2025-07-01T21:52:57.198134Z[0m [[32m[1minfo     [0m] [1mInstalling extractor 'tap-csv'[0m
[2025-07-01T21:52:57.230+0000] {docker.py:429} INFO - [2m2025-07-01T21:52:57.229624Z[0m [[32m[1minfo     [0m] [1mInstalling extractor 'tap-csv-latest'[0m
[2025-07-01T21:52:57.259+0000] {docker.py:429} INFO - [2m2025-07-01T21:52:57.258185Z[0m [[32m[1minfo     [0m] [1mInstalling loader 'target-postgres'[0m
[2025-07-01T21:52:57.293+0000] {docker.py:429} INFO - [2m2025-07-01T21:52:57.292337Z[0m [[32m[1minfo     [0m] [1mInstalling loader 'target-csv'[0m
[2025-07-01T21:52:57.326+0000] {docker.py:429} INFO - [2m2025-07-01T21:52:57.325856Z[0m [[32m[1minfo     [0m] [1mInstalling loader 'target-csv-postgres'[0m
[2025-07-01T21:52:57.363+0000] {docker.py:429} INFO - [2m2025-07-01T21:52:57.362657Z[0m [[32m[1minfo     [0m] [1mInstalling loader 'target-csv-csv'[0m
[2025-07-01T21:52:58.485+0000] {docker.py:429} INFO - [2m2025-07-01T21:52:58.485199Z[0m [[32m[1minfo     [0m] [1mInstalled extractor 'tap-postgres'[0m
[2025-07-01T21:52:58.546+0000] {docker.py:429} INFO - [2m2025-07-01T21:52:58.545727Z[0m [[32m[1minfo     [0m] [1mInstalled loader 'target-postgres'[0m
[2025-07-01T21:53:03.864+0000] {docker.py:429} INFO - [2m2025-07-01T21:53:03.863928Z[0m [[32m[1minfo     [0m] [1mInstalled extractor 'tap-csv' [0m
[2025-07-01T21:53:03.869+0000] {docker.py:429} INFO - [2m2025-07-01T21:53:03.868286Z[0m [[32m[1minfo     [0m] [1mInstalled extractor 'tap-csv-latest'[0m
[2025-07-01T21:53:05.196+0000] {docker.py:429} INFO - [2m2025-07-01T21:53:05.195530Z[0m [[32m[1minfo     [0m] [1mInstalled loader 'target-csv-csv'[0m
[2025-07-01T21:53:05.253+0000] {docker.py:429} INFO - [2m2025-07-01T21:53:05.252388Z[0m [[32m[1minfo     [0m] [1mInstalled loader 'target-csv-postgres'[0m
[2025-07-01T21:53:05.545+0000] {docker.py:429} INFO - [2m2025-07-01T21:53:05.545155Z[0m [[32m[1minfo     [0m] [1mInstalled loader 'target-csv' [0m
[2m2025-07-01T21:53:05.545436Z[0m [[32m[1minfo     [0m] [1mInstalled 7/7 plugins         [0m
[2025-07-01T21:53:06.424+0000] {docker.py:429} INFO - Meltano install completed. Executing command: meltano el tap-csv target-csv-csv
[2025-07-01T21:53:07.536+0000] {docker.py:429} INFO - [2m2025-07-01T21:53:07.535360Z[0m [[32m[1minfo     [0m] [1mEnvironment 'dev' is active   [0m
[2025-07-01T21:53:07.885+0000] {docker.py:429} INFO - [2m2025-07-01T21:53:07.885048Z[0m [[32m[1minfo     [0m] [1mRunning extract & load...     [0m [36mname[0m=[35mmeltano[0m [36mrun_id[0m=[35me386d600-3c56-452b-b209-5fafa18fc7e2[0m [36mstate_id[0m=[35m2025-07-01T215307--tap-csv--target-csv-csv[0m
[2025-07-01T21:53:09.102+0000] {docker.py:429} INFO - [2m2025-07-01T21:53:09.102035Z[0m [[32m[1minfo     [0m] [1mINFO Sending version information to singer.io. To disable sending anonymous usage data, set the config parameter "disable_collection" to true[0m [36mcmd_type[0m=[35mloader[0m [36mname[0m=[35mtarget-csv-csv[0m [36mrun_id[0m=[35me386d600-3c56-452b-b209-5fafa18fc7e2[0m [36mstate_id[0m=[35m2025-07-01T215307--tap-csv--target-csv-csv[0m [36mstdio[0m=[35mstderr[0m
[2025-07-01T21:53:09.311+0000] {docker.py:429} INFO - [2m2025-07-01T21:53:09.310878Z[0m [[32m[1minfo     [0m] [1m/opt/meltano/.meltano/extractors/tap-csv/venv/lib/python3.9/site-packages/singer_sdk/tap_base.py:516: SingerSDKDeprecationWarning: Passing a catalog file path is deprecated. Please pass the catalog as a dictionary or Catalog object instead.[0m [36mcmd_type[0m=[35mextractor[0m [36mname[0m=[35mtap-csv[0m [36mrun_id[0m=[35me386d600-3c56-452b-b209-5fafa18fc7e2[0m [36mstate_id[0m=[35m2025-07-01T215307--tap-csv--target-csv-csv[0m [36mstdio[0m=[35mstderr[0m
[2m2025-07-01T21:53:09.311173Z[0m [[32m[1minfo     [0m] [1m  tap = cls(                  [0m [36mcmd_type[0m=[35mextractor[0m [36mname[0m=[35mtap-csv[0m [36mrun_id[0m=[35me386d600-3c56-452b-b209-5fafa18fc7e2[0m [36mstate_id[0m=[35m2025-07-01T215307--tap-csv--target-csv-csv[0m [36mstdio[0m=[35mstderr[0m
[2m2025-07-01T21:53:09.311296Z[0m [[32m[1minfo     [0m] [1m                              [0m [36mcmd_type[0m=[35mextractor[0m [36mname[0m=[35mtap-csv[0m [36mrun_id[0m=[35me386d600-3c56-452b-b209-5fafa18fc7e2[0m [36mstate_id[0m=[35m2025-07-01T215307--tap-csv--target-csv-csv[0m [36mstdio[0m=[35mstderr[0m
[2025-07-01T21:53:09.312+0000] {docker.py:429} INFO - [2m2025-07-01T21:53:09.311529Z[0m [[32m[1minfo     [0m] [1mBeginning full_table sync of 'order_details'...[0m [36mcmd_type[0m=[35mextractor[0m [36mname[0m=[35mtap-csv[0m [36mrun_id[0m=[35me386d600-3c56-452b-b209-5fafa18fc7e2[0m [36mstate_id[0m=[35m2025-07-01T215307--tap-csv--target-csv-csv[0m [36mstdio[0m=[35mstderr[0m
[2025-07-01T21:53:09.312+0000] {docker.py:429} INFO - [2m2025-07-01T21:53:09.311693Z[0m [[32m[1minfo     [0m] [1mTap has custom mapper. Using 1 provided map(s).[0m [36mcmd_type[0m=[35mextractor[0m [36mname[0m=[35mtap-csv[0m [36mrun_id[0m=[35me386d600-3c56-452b-b209-5fafa18fc7e2[0m [36mstate_id[0m=[35m2025-07-01T215307--tap-csv--target-csv-csv[0m [36mstdio[0m=[35mstderr[0m
[2025-07-01T21:53:09.490+0000] {docker.py:429} INFO - [2m2025-07-01T21:53:09.489772Z[0m [[32m[1minfo     [0m] [1mMETRIC: {"type": "timer", "metric": "sync_duration", "value": 0.1780531406402588, "tags": {"stream": "order_details", "pid": 176, "context": {}, "status": "succeeded"}}[0m [36mcmd_type[0m=[35mextractor[0m [36mname[0m=[35mtap-csv[0m [36mrun_id[0m=[35me386d600-3c56-452b-b209-5fafa18fc7e2[0m [36mstate_id[0m=[35m2025-07-01T215307--tap-csv--target-csv-csv[0m [36mstdio[0m=[35mstderr[0m
[2m2025-07-01T21:53:09.490239Z[0m [[32m[1minfo     [0m] [1mMETRIC: {"type": "counter", "metric": "record_count", "value": 2155, "tags": {"stream": "order_details", "pid": 176, "context": {}}}[0m [36mcmd_type[0m=[35mextractor[0m [36mname[0m=[35mtap-csv[0m [36mrun_id[0m=[35me386d600-3c56-452b-b209-5fafa18fc7e2[0m [36mstate_id[0m=[35m2025-07-01T215307--tap-csv--target-csv-csv[0m [36mstdio[0m=[35mstderr[0m
[2025-07-01T21:53:09.587+0000] {docker.py:429} INFO - [2m2025-07-01T21:53:09.586929Z[0m [[32m[1minfo     [0m] [1mUsing systemdb state backend  [0m
[2025-07-01T21:53:09.595+0000] {docker.py:429} INFO - [2m2025-07-01T21:53:09.595017Z[0m [[32m[1minfo     [0m] [1mIncremental state has been updated at 2025-07-01 21:53:09.594973+00:00.[0m
[2025-07-01T21:53:09.596+0000] {docker.py:429} INFO - [2m2025-07-01T21:53:09.596216Z[0m [[32m[1minfo     [0m] [1mExtract & load complete!      [0m [36mname[0m=[35mmeltano[0m [36mrun_id[0m=[35me386d600-3c56-452b-b209-5fafa18fc7e2[0m [36mstate_id[0m=[35m2025-07-01T215307--tap-csv--target-csv-csv[0m
[2m2025-07-01T21:53:09.596478Z[0m [[32m[1minfo     [0m] [1mTransformation skipped.       [0m [36mname[0m=[35mmeltano[0m [36mrun_id[0m=[35me386d600-3c56-452b-b209-5fafa18fc7e2[0m [36mstate_id[0m=[35m2025-07-01T215307--tap-csv--target-csv-csv[0m
[2025-07-01T21:53:10.642+0000] {taskinstance.py:1138} INFO - Marking task as SUCCESS. dag_id=northwind, task_id=extração_csv, execution_date=20250701T215234, start_date=20250701T215255, end_date=20250701T215310
[2025-07-01T21:53:10.695+0000] {local_task_job_runner.py:234} INFO - Task exited with return code 0
[2025-07-01T21:53:10.715+0000] {taskinstance.py:3280} INFO - 1 downstream tasks scheduled from follow-on schedule check
