[2025-06-28T02:01:26.017+0000] {processor.py:161} INFO - Started process (PID=491) to work on /opt/airflow/dags/dag.py
[2025-06-28T02:01:26.019+0000] {processor.py:830} INFO - Processing file /opt/airflow/dags/dag.py for tasks to queue
[2025-06-28T02:01:26.052+0000] {logging_mixin.py:188} INFO - [2025-06-28T02:01:26.035+0000] {dagbag.py:538} INFO - Filling up the DagBag from /opt/airflow/dags/dag.py
[2025-06-28T06:02:57.837+0000] {processor.py:161} INFO - Started process (PID=496) to work on /opt/airflow/dags/dag.py
[2025-06-28T06:02:57.849+0000] {processor.py:830} INFO - Processing file /opt/airflow/dags/dag.py for tasks to queue
[2025-06-28T06:02:57.858+0000] {logging_mixin.py:188} INFO - [2025-06-28T06:02:57.855+0000] {dagbag.py:538} INFO - Filling up the DagBag from /opt/airflow/dags/dag.py
[2025-06-28T08:27:09.806+0000] {processor.py:161} INFO - Started process (PID=501) to work on /opt/airflow/dags/dag.py
[2025-06-28T08:27:09.815+0000] {processor.py:830} INFO - Processing file /opt/airflow/dags/dag.py for tasks to queue
[2025-06-28T08:27:09.825+0000] {logging_mixin.py:188} INFO - [2025-06-28T08:27:09.825+0000] {dagbag.py:538} INFO - Filling up the DagBag from /opt/airflow/dags/dag.py
[2025-06-28T08:27:09.952+0000] {processor.py:840} INFO - DAG(s) 'northwind' retrieved from /opt/airflow/dags/dag.py
[2025-06-28T08:27:11.096+0000] {logging_mixin.py:188} INFO - [2025-06-28T08:27:11.095+0000] {dag.py:3036} INFO - Sync 1 DAGs
[2025-06-28T08:27:11.156+0000] {logging_mixin.py:188} INFO - [2025-06-28T08:27:11.155+0000] {dag.py:3823} INFO - Setting next_dagrun for northwind to None, run_after=None
[2025-06-28T08:27:11.233+0000] {processor.py:183} INFO - Processing /opt/airflow/dags/dag.py took 1.513 seconds
[2025-06-28T13:57:07.592+0000] {processor.py:161} INFO - Started process (PID=508) to work on /opt/airflow/dags/dag.py
[2025-06-28T13:57:07.594+0000] {processor.py:830} INFO - Processing file /opt/airflow/dags/dag.py for tasks to queue
[2025-06-28T13:57:07.618+0000] {logging_mixin.py:188} INFO - [2025-06-28T13:57:07.603+0000] {dagbag.py:538} INFO - Filling up the DagBag from /opt/airflow/dags/dag.py
[2025-06-28T13:57:08.282+0000] {processor.py:840} INFO - DAG(s) 'northwind' retrieved from /opt/airflow/dags/dag.py
[2025-06-28T13:57:09.107+0000] {logging_mixin.py:188} INFO - [2025-06-28T13:57:09.106+0000] {dag.py:3036} INFO - Sync 1 DAGs
[2025-06-28T13:57:09.218+0000] {logging_mixin.py:188} INFO - [2025-06-28T13:57:09.218+0000] {dag.py:3823} INFO - Setting next_dagrun for northwind to None, run_after=None
[2025-06-28T13:57:09.442+0000] {processor.py:183} INFO - Processing /opt/airflow/dags/dag.py took 2.024 seconds
[2025-06-28T14:01:25.252+0000] {processor.py:161} INFO - Started process (PID=515) to work on /opt/airflow/dags/dag.py
[2025-06-28T14:01:25.254+0000] {processor.py:830} INFO - Processing file /opt/airflow/dags/dag.py for tasks to queue
[2025-06-28T14:01:25.256+0000] {logging_mixin.py:188} INFO - [2025-06-28T14:01:25.255+0000] {dagbag.py:538} INFO - Filling up the DagBag from /opt/airflow/dags/dag.py
[2025-06-28T14:01:25.273+0000] {processor.py:840} INFO - DAG(s) 'northwind' retrieved from /opt/airflow/dags/dag.py
[2025-06-28T14:01:25.317+0000] {logging_mixin.py:188} INFO - [2025-06-28T14:01:25.317+0000] {dag.py:3036} INFO - Sync 1 DAGs
[2025-06-28T14:01:25.333+0000] {logging_mixin.py:188} INFO - [2025-06-28T14:01:25.333+0000] {dag.py:3823} INFO - Setting next_dagrun for northwind to None, run_after=None
[2025-06-28T14:01:25.370+0000] {processor.py:183} INFO - Processing /opt/airflow/dags/dag.py took 0.123 seconds
[2025-06-28T16:50:35.490+0000] {processor.py:161} INFO - Started process (PID=522) to work on /opt/airflow/dags/dag.py
[2025-06-28T16:50:35.515+0000] {processor.py:830} INFO - Processing file /opt/airflow/dags/dag.py for tasks to queue
[2025-06-28T16:50:35.551+0000] {logging_mixin.py:188} INFO - [2025-06-28T16:50:35.543+0000] {dagbag.py:538} INFO - Filling up the DagBag from /opt/airflow/dags/dag.py
[2025-06-28T16:50:36.301+0000] {processor.py:840} INFO - DAG(s) 'northwind' retrieved from /opt/airflow/dags/dag.py
[2025-06-28T16:50:37.095+0000] {logging_mixin.py:188} INFO - [2025-06-28T16:50:37.064+0000] {dag.py:3036} INFO - Sync 1 DAGs
[2025-06-28T16:50:37.424+0000] {logging_mixin.py:188} INFO - [2025-06-28T16:50:37.424+0000] {dag.py:3823} INFO - Setting next_dagrun for northwind to None, run_after=None
[2025-06-28T16:50:37.547+0000] {processor.py:183} INFO - Processing /opt/airflow/dags/dag.py took 2.253 seconds
[2025-06-28T20:05:24.719+0000] {processor.py:161} INFO - Started process (PID=531) to work on /opt/airflow/dags/dag.py
[2025-06-28T20:05:24.721+0000] {processor.py:830} INFO - Processing file /opt/airflow/dags/dag.py for tasks to queue
[2025-06-28T20:05:24.748+0000] {logging_mixin.py:188} INFO - [2025-06-28T20:05:24.746+0000] {dagbag.py:538} INFO - Filling up the DagBag from /opt/airflow/dags/dag.py
[2025-06-28T20:05:24.977+0000] {processor.py:840} INFO - DAG(s) 'northwind' retrieved from /opt/airflow/dags/dag.py
[2025-06-28T20:05:25.320+0000] {logging_mixin.py:188} INFO - [2025-06-28T20:05:25.320+0000] {dag.py:3036} INFO - Sync 1 DAGs
[2025-06-28T20:05:26.033+0000] {logging_mixin.py:188} INFO - [2025-06-28T20:05:26.032+0000] {dag.py:3823} INFO - Setting next_dagrun for northwind to None, run_after=None
[2025-06-28T20:05:26.246+0000] {processor.py:183} INFO - Processing /opt/airflow/dags/dag.py took 1.580 seconds
[2025-06-28T20:05:57.872+0000] {processor.py:161} INFO - Started process (PID=536) to work on /opt/airflow/dags/dag.py
[2025-06-28T20:05:57.874+0000] {processor.py:830} INFO - Processing file /opt/airflow/dags/dag.py for tasks to queue
[2025-06-28T20:05:57.876+0000] {logging_mixin.py:188} INFO - [2025-06-28T20:05:57.875+0000] {dagbag.py:538} INFO - Filling up the DagBag from /opt/airflow/dags/dag.py
[2025-06-28T20:05:52.841+0000] {processor.py:840} INFO - DAG(s) 'northwind' retrieved from /opt/airflow/dags/dag.py
[2025-06-28T20:05:52.891+0000] {logging_mixin.py:188} INFO - [2025-06-28T20:05:52.890+0000] {dag.py:3036} INFO - Sync 1 DAGs
[2025-06-28T20:05:52.915+0000] {logging_mixin.py:188} INFO - [2025-06-28T20:05:52.915+0000] {dag.py:3823} INFO - Setting next_dagrun for northwind to None, run_after=None
[2025-06-28T20:05:52.952+0000] {processor.py:183} INFO - Processing /opt/airflow/dags/dag.py took 0.153 seconds
[2025-06-28T20:06:22.989+0000] {processor.py:161} INFO - Started process (PID=541) to work on /opt/airflow/dags/dag.py
[2025-06-28T20:06:22.990+0000] {processor.py:830} INFO - Processing file /opt/airflow/dags/dag.py for tasks to queue
[2025-06-28T20:06:22.992+0000] {logging_mixin.py:188} INFO - [2025-06-28T20:06:22.991+0000] {dagbag.py:538} INFO - Filling up the DagBag from /opt/airflow/dags/dag.py
[2025-06-28T20:06:23.010+0000] {processor.py:840} INFO - DAG(s) 'northwind' retrieved from /opt/airflow/dags/dag.py
[2025-06-28T20:06:23.056+0000] {logging_mixin.py:188} INFO - [2025-06-28T20:06:23.056+0000] {dag.py:3036} INFO - Sync 1 DAGs
[2025-06-28T20:06:23.069+0000] {logging_mixin.py:188} INFO - [2025-06-28T20:06:23.069+0000] {dag.py:3823} INFO - Setting next_dagrun for northwind to None, run_after=None
[2025-06-28T20:06:23.088+0000] {processor.py:183} INFO - Processing /opt/airflow/dags/dag.py took 0.102 seconds
[2025-06-28T20:06:53.168+0000] {processor.py:161} INFO - Started process (PID=546) to work on /opt/airflow/dags/dag.py
[2025-06-28T20:06:53.170+0000] {processor.py:830} INFO - Processing file /opt/airflow/dags/dag.py for tasks to queue
[2025-06-28T20:06:53.172+0000] {logging_mixin.py:188} INFO - [2025-06-28T20:06:53.171+0000] {dagbag.py:538} INFO - Filling up the DagBag from /opt/airflow/dags/dag.py
[2025-06-28T20:06:53.215+0000] {processor.py:840} INFO - DAG(s) 'northwind' retrieved from /opt/airflow/dags/dag.py
[2025-06-28T20:06:53.378+0000] {logging_mixin.py:188} INFO - [2025-06-28T20:06:53.377+0000] {dag.py:3036} INFO - Sync 1 DAGs
[2025-06-28T20:06:53.450+0000] {logging_mixin.py:188} INFO - [2025-06-28T20:06:53.449+0000] {dag.py:3823} INFO - Setting next_dagrun for northwind to None, run_after=None
[2025-06-28T20:06:53.504+0000] {processor.py:183} INFO - Processing /opt/airflow/dags/dag.py took 0.348 seconds
[2025-06-28T20:07:23.688+0000] {processor.py:161} INFO - Started process (PID=551) to work on /opt/airflow/dags/dag.py
[2025-06-28T20:07:23.689+0000] {processor.py:830} INFO - Processing file /opt/airflow/dags/dag.py for tasks to queue
[2025-06-28T20:07:23.691+0000] {logging_mixin.py:188} INFO - [2025-06-28T20:07:23.690+0000] {dagbag.py:538} INFO - Filling up the DagBag from /opt/airflow/dags/dag.py
[2025-06-28T20:07:23.713+0000] {processor.py:840} INFO - DAG(s) 'northwind' retrieved from /opt/airflow/dags/dag.py
[2025-06-28T20:07:23.842+0000] {logging_mixin.py:188} INFO - [2025-06-28T20:07:23.841+0000] {dag.py:3036} INFO - Sync 1 DAGs
[2025-06-28T20:07:23.863+0000] {logging_mixin.py:188} INFO - [2025-06-28T20:07:23.862+0000] {dag.py:3823} INFO - Setting next_dagrun for northwind to None, run_after=None
[2025-06-28T20:07:23.907+0000] {processor.py:183} INFO - Processing /opt/airflow/dags/dag.py took 0.226 seconds
[2025-06-28T20:07:58.027+0000] {processor.py:161} INFO - Started process (PID=556) to work on /opt/airflow/dags/dag.py
[2025-06-28T20:07:58.031+0000] {processor.py:830} INFO - Processing file /opt/airflow/dags/dag.py for tasks to queue
[2025-06-28T20:07:58.033+0000] {logging_mixin.py:188} INFO - [2025-06-28T20:07:58.033+0000] {dagbag.py:538} INFO - Filling up the DagBag from /opt/airflow/dags/dag.py
[2025-06-28T20:07:53.031+0000] {processor.py:840} INFO - DAG(s) 'northwind' retrieved from /opt/airflow/dags/dag.py
[2025-06-28T20:07:53.133+0000] {logging_mixin.py:188} INFO - [2025-06-28T20:07:53.132+0000] {dag.py:3036} INFO - Sync 1 DAGs
[2025-06-28T20:07:53.178+0000] {logging_mixin.py:188} INFO - [2025-06-28T20:07:53.177+0000] {dag.py:3823} INFO - Setting next_dagrun for northwind to None, run_after=None
[2025-06-28T20:07:53.234+0000] {processor.py:183} INFO - Processing /opt/airflow/dags/dag.py took 0.267 seconds
[2025-06-28T20:08:23.424+0000] {processor.py:161} INFO - Started process (PID=561) to work on /opt/airflow/dags/dag.py
[2025-06-28T20:08:23.430+0000] {processor.py:830} INFO - Processing file /opt/airflow/dags/dag.py for tasks to queue
[2025-06-28T20:08:23.435+0000] {logging_mixin.py:188} INFO - [2025-06-28T20:08:23.434+0000] {dagbag.py:538} INFO - Filling up the DagBag from /opt/airflow/dags/dag.py
[2025-06-28T20:08:23.484+0000] {processor.py:840} INFO - DAG(s) 'northwind' retrieved from /opt/airflow/dags/dag.py
[2025-06-28T20:08:18.478+0000] {logging_mixin.py:188} INFO - [2025-06-28T20:08:18.478+0000] {dag.py:3036} INFO - Sync 1 DAGs
[2025-06-28T20:08:18.500+0000] {logging_mixin.py:188} INFO - [2025-06-28T20:08:18.500+0000] {dag.py:3823} INFO - Setting next_dagrun for northwind to None, run_after=None
[2025-06-28T20:08:18.529+0000] {processor.py:183} INFO - Processing /opt/airflow/dags/dag.py took 0.184 seconds
[2025-06-28T20:08:48.673+0000] {processor.py:161} INFO - Started process (PID=566) to work on /opt/airflow/dags/dag.py
[2025-06-28T20:08:48.681+0000] {processor.py:830} INFO - Processing file /opt/airflow/dags/dag.py for tasks to queue
[2025-06-28T20:08:48.684+0000] {logging_mixin.py:188} INFO - [2025-06-28T20:08:48.683+0000] {dagbag.py:538} INFO - Filling up the DagBag from /opt/airflow/dags/dag.py
[2025-06-28T20:08:48.721+0000] {processor.py:840} INFO - DAG(s) 'northwind' retrieved from /opt/airflow/dags/dag.py
[2025-06-28T20:08:48.785+0000] {logging_mixin.py:188} INFO - [2025-06-28T20:08:48.785+0000] {dag.py:3036} INFO - Sync 1 DAGs
[2025-06-28T20:08:48.803+0000] {logging_mixin.py:188} INFO - [2025-06-28T20:08:48.803+0000] {dag.py:3823} INFO - Setting next_dagrun for northwind to None, run_after=None
[2025-06-28T20:08:48.838+0000] {processor.py:183} INFO - Processing /opt/airflow/dags/dag.py took 0.176 seconds
[2025-06-28T20:09:23.103+0000] {processor.py:161} INFO - Started process (PID=571) to work on /opt/airflow/dags/dag.py
[2025-06-28T20:09:23.104+0000] {processor.py:830} INFO - Processing file /opt/airflow/dags/dag.py for tasks to queue
[2025-06-28T20:09:23.106+0000] {logging_mixin.py:188} INFO - [2025-06-28T20:09:23.105+0000] {dagbag.py:538} INFO - Filling up the DagBag from /opt/airflow/dags/dag.py
[2025-06-28T20:09:23.123+0000] {processor.py:840} INFO - DAG(s) 'northwind' retrieved from /opt/airflow/dags/dag.py
[2025-06-28T20:09:23.187+0000] {logging_mixin.py:188} INFO - [2025-06-28T20:09:23.186+0000] {dag.py:3036} INFO - Sync 1 DAGs
[2025-06-28T20:09:23.228+0000] {logging_mixin.py:188} INFO - [2025-06-28T20:09:23.228+0000] {dag.py:3823} INFO - Setting next_dagrun for northwind to None, run_after=None
[2025-06-28T20:09:18.244+0000] {processor.py:183} INFO - Processing /opt/airflow/dags/dag.py took 0.190 seconds
[2025-06-28T20:09:43.254+0000] {processor.py:161} INFO - Started process (PID=576) to work on /opt/airflow/dags/dag.py
[2025-06-28T20:09:43.256+0000] {processor.py:830} INFO - Processing file /opt/airflow/dags/dag.py for tasks to queue
[2025-06-28T20:09:43.257+0000] {logging_mixin.py:188} INFO - [2025-06-28T20:09:43.256+0000] {dagbag.py:538} INFO - Filling up the DagBag from /opt/airflow/dags/dag.py
[2025-06-28T20:09:43.278+0000] {processor.py:840} INFO - DAG(s) 'northwind' retrieved from /opt/airflow/dags/dag.py
[2025-06-28T20:09:43.359+0000] {logging_mixin.py:188} INFO - [2025-06-28T20:09:43.359+0000] {dag.py:3036} INFO - Sync 1 DAGs
[2025-06-28T20:09:43.385+0000] {logging_mixin.py:188} INFO - [2025-06-28T20:09:43.385+0000] {dag.py:3823} INFO - Setting next_dagrun for northwind to None, run_after=None
[2025-06-28T20:09:43.431+0000] {processor.py:183} INFO - Processing /opt/airflow/dags/dag.py took 0.184 seconds
[2025-06-28T20:10:13.735+0000] {processor.py:161} INFO - Started process (PID=581) to work on /opt/airflow/dags/dag.py
[2025-06-28T20:10:13.736+0000] {processor.py:830} INFO - Processing file /opt/airflow/dags/dag.py for tasks to queue
[2025-06-28T20:10:13.738+0000] {logging_mixin.py:188} INFO - [2025-06-28T20:10:13.737+0000] {dagbag.py:538} INFO - Filling up the DagBag from /opt/airflow/dags/dag.py
[2025-06-28T20:10:13.760+0000] {processor.py:840} INFO - DAG(s) 'northwind' retrieved from /opt/airflow/dags/dag.py
[2025-06-28T20:10:13.806+0000] {logging_mixin.py:188} INFO - [2025-06-28T20:10:13.805+0000] {dag.py:3036} INFO - Sync 1 DAGs
[2025-06-28T20:10:13.827+0000] {logging_mixin.py:188} INFO - [2025-06-28T20:10:13.827+0000] {dag.py:3823} INFO - Setting next_dagrun for northwind to None, run_after=None
[2025-06-28T20:10:13.856+0000] {processor.py:183} INFO - Processing /opt/airflow/dags/dag.py took 0.128 seconds
[2025-06-28T20:10:44.565+0000] {processor.py:161} INFO - Started process (PID=586) to work on /opt/airflow/dags/dag.py
[2025-06-28T20:10:44.566+0000] {processor.py:830} INFO - Processing file /opt/airflow/dags/dag.py for tasks to queue
[2025-06-28T20:10:44.568+0000] {logging_mixin.py:188} INFO - [2025-06-28T20:10:44.567+0000] {dagbag.py:538} INFO - Filling up the DagBag from /opt/airflow/dags/dag.py
[2025-06-28T20:10:44.622+0000] {processor.py:840} INFO - DAG(s) 'northwind' retrieved from /opt/airflow/dags/dag.py
[2025-06-28T20:10:44.698+0000] {logging_mixin.py:188} INFO - [2025-06-28T20:10:44.698+0000] {dag.py:3036} INFO - Sync 1 DAGs
[2025-06-28T20:10:44.716+0000] {logging_mixin.py:188} INFO - [2025-06-28T20:10:44.715+0000] {dag.py:3823} INFO - Setting next_dagrun for northwind to None, run_after=None
[2025-06-28T20:10:44.744+0000] {processor.py:183} INFO - Processing /opt/airflow/dags/dag.py took 0.186 seconds
[2025-06-28T20:11:14.829+0000] {processor.py:161} INFO - Started process (PID=591) to work on /opt/airflow/dags/dag.py
[2025-06-28T20:11:14.832+0000] {processor.py:830} INFO - Processing file /opt/airflow/dags/dag.py for tasks to queue
[2025-06-28T20:11:14.835+0000] {logging_mixin.py:188} INFO - [2025-06-28T20:11:14.834+0000] {dagbag.py:538} INFO - Filling up the DagBag from /opt/airflow/dags/dag.py
[2025-06-28T20:11:14.872+0000] {processor.py:840} INFO - DAG(s) 'northwind' retrieved from /opt/airflow/dags/dag.py
[2025-06-28T20:11:14.949+0000] {logging_mixin.py:188} INFO - [2025-06-28T20:11:14.949+0000] {dag.py:3036} INFO - Sync 1 DAGs
[2025-06-28T20:11:14.983+0000] {logging_mixin.py:188} INFO - [2025-06-28T20:11:14.983+0000] {dag.py:3823} INFO - Setting next_dagrun for northwind to None, run_after=None
[2025-06-28T20:11:15.040+0000] {processor.py:183} INFO - Processing /opt/airflow/dags/dag.py took 0.226 seconds
[2025-06-28T20:11:45.616+0000] {processor.py:161} INFO - Started process (PID=596) to work on /opt/airflow/dags/dag.py
[2025-06-28T20:11:45.620+0000] {processor.py:830} INFO - Processing file /opt/airflow/dags/dag.py for tasks to queue
[2025-06-28T20:11:45.624+0000] {logging_mixin.py:188} INFO - [2025-06-28T20:11:45.624+0000] {dagbag.py:538} INFO - Filling up the DagBag from /opt/airflow/dags/dag.py
[2025-06-28T20:11:45.644+0000] {processor.py:840} INFO - DAG(s) 'northwind' retrieved from /opt/airflow/dags/dag.py
[2025-06-28T20:11:45.680+0000] {logging_mixin.py:188} INFO - [2025-06-28T20:11:45.680+0000] {dag.py:3036} INFO - Sync 1 DAGs
[2025-06-28T20:11:45.697+0000] {logging_mixin.py:188} INFO - [2025-06-28T20:11:45.696+0000] {dag.py:3823} INFO - Setting next_dagrun for northwind to None, run_after=None
[2025-06-28T20:11:45.724+0000] {processor.py:183} INFO - Processing /opt/airflow/dags/dag.py took 0.139 seconds
[2025-06-28T20:12:16.737+0000] {processor.py:161} INFO - Started process (PID=601) to work on /opt/airflow/dags/dag.py
[2025-06-28T20:12:16.741+0000] {processor.py:830} INFO - Processing file /opt/airflow/dags/dag.py for tasks to queue
[2025-06-28T20:12:16.743+0000] {logging_mixin.py:188} INFO - [2025-06-28T20:12:16.743+0000] {dagbag.py:538} INFO - Filling up the DagBag from /opt/airflow/dags/dag.py
[2025-06-28T20:12:16.785+0000] {processor.py:840} INFO - DAG(s) 'northwind' retrieved from /opt/airflow/dags/dag.py
[2025-06-28T20:12:16.858+0000] {logging_mixin.py:188} INFO - [2025-06-28T20:12:16.858+0000] {dag.py:3036} INFO - Sync 1 DAGs
[2025-06-28T20:12:16.891+0000] {logging_mixin.py:188} INFO - [2025-06-28T20:12:16.890+0000] {dag.py:3823} INFO - Setting next_dagrun for northwind to None, run_after=None
[2025-06-28T20:12:16.935+0000] {processor.py:183} INFO - Processing /opt/airflow/dags/dag.py took 0.208 seconds
[2025-06-28T20:12:43.588+0000] {processor.py:161} INFO - Started process (PID=606) to work on /opt/airflow/dags/dag.py
[2025-06-28T20:12:43.591+0000] {processor.py:830} INFO - Processing file /opt/airflow/dags/dag.py for tasks to queue
[2025-06-28T20:12:43.593+0000] {logging_mixin.py:188} INFO - [2025-06-28T20:12:43.593+0000] {dagbag.py:538} INFO - Filling up the DagBag from /opt/airflow/dags/dag.py
[2025-06-28T20:12:43.618+0000] {processor.py:840} INFO - DAG(s) 'northwind' retrieved from /opt/airflow/dags/dag.py
[2025-06-28T20:12:43.658+0000] {logging_mixin.py:188} INFO - [2025-06-28T20:12:43.658+0000] {dag.py:3036} INFO - Sync 1 DAGs
[2025-06-28T20:12:43.673+0000] {logging_mixin.py:188} INFO - [2025-06-28T20:12:43.672+0000] {dag.py:3823} INFO - Setting next_dagrun for northwind to None, run_after=None
[2025-06-28T20:12:43.697+0000] {processor.py:183} INFO - Processing /opt/airflow/dags/dag.py took 0.121 seconds
[2025-06-28T20:13:13.922+0000] {processor.py:161} INFO - Started process (PID=611) to work on /opt/airflow/dags/dag.py
[2025-06-28T20:13:13.936+0000] {processor.py:830} INFO - Processing file /opt/airflow/dags/dag.py for tasks to queue
[2025-06-28T20:13:13.938+0000] {logging_mixin.py:188} INFO - [2025-06-28T20:13:13.937+0000] {dagbag.py:538} INFO - Filling up the DagBag from /opt/airflow/dags/dag.py
[2025-06-28T20:13:13.974+0000] {processor.py:840} INFO - DAG(s) 'northwind' retrieved from /opt/airflow/dags/dag.py
[2025-06-28T20:13:14.044+0000] {logging_mixin.py:188} INFO - [2025-06-28T20:13:14.043+0000] {dag.py:3036} INFO - Sync 1 DAGs
[2025-06-28T20:13:14.075+0000] {logging_mixin.py:188} INFO - [2025-06-28T20:13:14.074+0000] {dag.py:3823} INFO - Setting next_dagrun for northwind to None, run_after=None
[2025-06-28T20:13:14.119+0000] {processor.py:183} INFO - Processing /opt/airflow/dags/dag.py took 0.207 seconds
[2025-06-28T20:13:45.169+0000] {processor.py:161} INFO - Started process (PID=616) to work on /opt/airflow/dags/dag.py
[2025-06-28T20:13:45.171+0000] {processor.py:830} INFO - Processing file /opt/airflow/dags/dag.py for tasks to queue
[2025-06-28T20:13:45.172+0000] {logging_mixin.py:188} INFO - [2025-06-28T20:13:45.171+0000] {dagbag.py:538} INFO - Filling up the DagBag from /opt/airflow/dags/dag.py
[2025-06-28T20:13:45.187+0000] {processor.py:840} INFO - DAG(s) 'northwind' retrieved from /opt/airflow/dags/dag.py
[2025-06-28T20:13:45.225+0000] {logging_mixin.py:188} INFO - [2025-06-28T20:13:45.225+0000] {dag.py:3036} INFO - Sync 1 DAGs
[2025-06-28T20:13:45.242+0000] {logging_mixin.py:188} INFO - [2025-06-28T20:13:45.242+0000] {dag.py:3823} INFO - Setting next_dagrun for northwind to None, run_after=None
[2025-06-28T20:13:45.267+0000] {processor.py:183} INFO - Processing /opt/airflow/dags/dag.py took 0.103 seconds
[2025-06-28T20:14:16.156+0000] {processor.py:161} INFO - Started process (PID=621) to work on /opt/airflow/dags/dag.py
[2025-06-28T20:14:16.157+0000] {processor.py:830} INFO - Processing file /opt/airflow/dags/dag.py for tasks to queue
[2025-06-28T20:14:16.158+0000] {logging_mixin.py:188} INFO - [2025-06-28T20:14:16.158+0000] {dagbag.py:538} INFO - Filling up the DagBag from /opt/airflow/dags/dag.py
[2025-06-28T20:14:16.175+0000] {processor.py:840} INFO - DAG(s) 'northwind' retrieved from /opt/airflow/dags/dag.py
[2025-06-28T20:14:13.684+0000] {logging_mixin.py:188} INFO - [2025-06-28T20:14:13.684+0000] {dag.py:3036} INFO - Sync 1 DAGs
[2025-06-28T20:14:13.701+0000] {logging_mixin.py:188} INFO - [2025-06-28T20:14:13.701+0000] {dag.py:3823} INFO - Setting next_dagrun for northwind to None, run_after=None
[2025-06-28T20:14:13.726+0000] {processor.py:183} INFO - Processing /opt/airflow/dags/dag.py took 0.104 seconds
[2025-06-28T20:14:44.332+0000] {processor.py:161} INFO - Started process (PID=626) to work on /opt/airflow/dags/dag.py
[2025-06-28T20:14:44.334+0000] {processor.py:830} INFO - Processing file /opt/airflow/dags/dag.py for tasks to queue
[2025-06-28T20:14:44.335+0000] {logging_mixin.py:188} INFO - [2025-06-28T20:14:44.335+0000] {dagbag.py:538} INFO - Filling up the DagBag from /opt/airflow/dags/dag.py
[2025-06-28T20:14:44.362+0000] {processor.py:840} INFO - DAG(s) 'northwind' retrieved from /opt/airflow/dags/dag.py
[2025-06-28T20:14:44.430+0000] {logging_mixin.py:188} INFO - [2025-06-28T20:14:44.430+0000] {dag.py:3036} INFO - Sync 1 DAGs
[2025-06-28T20:14:44.457+0000] {logging_mixin.py:188} INFO - [2025-06-28T20:14:44.456+0000] {dag.py:3823} INFO - Setting next_dagrun for northwind to None, run_after=None
[2025-06-28T20:14:44.500+0000] {processor.py:183} INFO - Processing /opt/airflow/dags/dag.py took 0.174 seconds
[2025-06-28T20:15:15.213+0000] {processor.py:161} INFO - Started process (PID=631) to work on /opt/airflow/dags/dag.py
[2025-06-28T20:15:15.216+0000] {processor.py:830} INFO - Processing file /opt/airflow/dags/dag.py for tasks to queue
[2025-06-28T20:15:15.218+0000] {logging_mixin.py:188} INFO - [2025-06-28T20:15:15.217+0000] {dagbag.py:538} INFO - Filling up the DagBag from /opt/airflow/dags/dag.py
[2025-06-28T20:15:15.249+0000] {processor.py:840} INFO - DAG(s) 'northwind' retrieved from /opt/airflow/dags/dag.py
[2025-06-28T20:15:15.317+0000] {logging_mixin.py:188} INFO - [2025-06-28T20:15:15.317+0000] {dag.py:3036} INFO - Sync 1 DAGs
[2025-06-28T20:15:15.342+0000] {logging_mixin.py:188} INFO - [2025-06-28T20:15:15.341+0000] {dag.py:3823} INFO - Setting next_dagrun for northwind to None, run_after=None
[2025-06-28T20:15:15.393+0000] {processor.py:183} INFO - Processing /opt/airflow/dags/dag.py took 0.188 seconds
