[2025-07-10T15:03:18.677+0000] {taskinstance.py:1956} INFO - Dependencies all met for dep_context=non-requeueable deps ti=<TaskInstance: northwind.extração_csv manual__2025-07-10T15:02:58.913497+00:00 [queued]>
[2025-07-10T15:03:18.686+0000] {taskinstance.py:1956} INFO - Dependencies all met for dep_context=requeueable deps ti=<TaskInstance: northwind.extração_csv manual__2025-07-10T15:02:58.913497+00:00 [queued]>
[2025-07-10T15:03:18.687+0000] {taskinstance.py:2170} INFO - Starting attempt 1 of 2
[2025-07-10T15:03:18.702+0000] {taskinstance.py:2191} INFO - Executing <Task(DockerOperator): extração_csv> on 2025-07-10 15:02:58.913497+00:00
[2025-07-10T15:03:18.707+0000] {standard_task_runner.py:60} INFO - Started process 177 to run task
[2025-07-10T15:03:18.712+0000] {standard_task_runner.py:87} INFO - Running: ['***', 'tasks', 'run', 'northwind', 'extração_csv', 'manual__2025-07-10T15:02:58.913497+00:00', '--job-id', '91', '--raw', '--subdir', 'DAGS_FOLDER/northwind.py', '--cfg-path', '/tmp/tmpvl01iw9l']
[2025-07-10T15:03:18.715+0000] {standard_task_runner.py:88} INFO - Job 91: Subtask extração_csv
[2025-07-10T15:03:18.771+0000] {task_command.py:423} INFO - Running <TaskInstance: northwind.extração_csv manual__2025-07-10T15:02:58.913497+00:00 [running]> on host 8ddbac0a6dc1
[2025-07-10T15:03:18.919+0000] {taskinstance.py:2480} INFO - Exporting env vars: AIRFLOW_CTX_DAG_EMAIL='lrbf@cin.ufpe.br' AIRFLOW_CTX_DAG_OWNER='***' AIRFLOW_CTX_DAG_ID='northwind' AIRFLOW_CTX_TASK_ID='extração_csv' AIRFLOW_CTX_EXECUTION_DATE='2025-07-10T15:02:58.913497+00:00' AIRFLOW_CTX_TRY_NUMBER='1' AIRFLOW_CTX_DAG_RUN_ID='manual__2025-07-10T15:02:58.913497+00:00'
[2025-07-10T15:03:19.030+0000] {docker.py:359} INFO - Starting docker container from image meltano:latest
[2025-07-10T15:03:19.502+0000] {docker.py:429} INFO - Running meltano install...
[2025-07-10T15:03:21.530+0000] {docker.py:429} INFO - [2m2025-07-10T15:03:21.529992Z[0m [[32m[1minfo     [0m] [1mInstalling 7 plugins          [0m
[2025-07-10T15:03:21.545+0000] {docker.py:429} INFO - [2m2025-07-10T15:03:21.545084Z[0m [[32m[1minfo     [0m] [1mInstalling extractor 'tap-postgres'[0m
[2025-07-10T15:03:21.578+0000] {docker.py:429} INFO - [2m2025-07-10T15:03:21.577706Z[0m [[32m[1minfo     [0m] [1mInstalling extractor 'tap-csv'[0m
[2025-07-10T15:03:21.613+0000] {docker.py:429} INFO - [2m2025-07-10T15:03:21.612425Z[0m [[32m[1minfo     [0m] [1mInstalling extractor 'tap-csv-latest'[0m
[2025-07-10T15:03:21.646+0000] {docker.py:429} INFO - [2m2025-07-10T15:03:21.645143Z[0m [[32m[1minfo     [0m] [1mInstalling loader 'target-postgres'[0m
[2025-07-10T15:03:21.681+0000] {docker.py:429} INFO - [2m2025-07-10T15:03:21.679985Z[0m [[32m[1minfo     [0m] [1mInstalling loader 'target-csv'[0m
[2025-07-10T15:03:21.720+0000] {docker.py:429} INFO - [2m2025-07-10T15:03:21.718670Z[0m [[32m[1minfo     [0m] [1mInstalling loader 'target-csv-postgres'[0m
[2025-07-10T15:03:21.756+0000] {docker.py:429} INFO - [2m2025-07-10T15:03:21.753312Z[0m [[32m[1minfo     [0m] [1mInstalling loader 'target-csv-csv'[0m
[2025-07-10T15:03:22.931+0000] {docker.py:429} INFO - [2m2025-07-10T15:03:22.930069Z[0m [[32m[1minfo     [0m] [1mInstalled extractor 'tap-postgres'[0m
[2025-07-10T15:03:23.013+0000] {docker.py:429} INFO - [2m2025-07-10T15:03:23.012388Z[0m [[32m[1minfo     [0m] [1mInstalled loader 'target-postgres'[0m
[2025-07-10T15:03:27.228+0000] {docker.py:429} INFO - [2m2025-07-10T15:03:27.226896Z[0m [[32m[1minfo     [0m] [1mInstalled extractor 'tap-csv-latest'[0m
[2025-07-10T15:03:27.267+0000] {docker.py:429} INFO - [2m2025-07-10T15:03:27.267052Z[0m [[32m[1minfo     [0m] [1mInstalled extractor 'tap-csv' [0m
[2025-07-10T15:03:27.894+0000] {docker.py:429} INFO - [2m2025-07-10T15:03:27.894118Z[0m [[32m[1minfo     [0m] [1mInstalled loader 'target-csv' [0m
[2025-07-10T15:03:28.183+0000] {docker.py:429} INFO - [2m2025-07-10T15:03:28.182818Z[0m [[32m[1minfo     [0m] [1mInstalled loader 'target-csv-csv'[0m
[2025-07-10T15:03:28.239+0000] {docker.py:429} INFO - [2m2025-07-10T15:03:28.238724Z[0m [[32m[1minfo     [0m] [1mInstalled loader 'target-csv-postgres'[0m
[2025-07-10T15:03:28.240+0000] {docker.py:429} INFO - [2m2025-07-10T15:03:28.239230Z[0m [[32m[1minfo     [0m] [1mInstalled 7/7 plugins         [0m
[2025-07-10T15:03:29.533+0000] {docker.py:429} INFO - Meltano install completed. Executing command: meltano el tap-csv target-csv-csv
[2025-07-10T15:03:31.196+0000] {docker.py:429} INFO - [2m2025-07-10T15:03:31.195410Z[0m [[32m[1minfo     [0m] [1mEnvironment 'dev' is active   [0m
[2025-07-10T15:03:31.845+0000] {docker.py:429} INFO - [2m2025-07-10T15:03:31.844680Z[0m [[32m[1minfo     [0m] [1mRunning extract & load...     [0m [36mname[0m=[35mmeltano[0m [36mrun_id[0m=[35m13bb53fb-7fe0-46ab-be81-9bde60e193bc[0m [36mstate_id[0m=[35m2025-07-10T150331--tap-csv--target-csv-csv[0m
[2025-07-10T15:03:33.592+0000] {docker.py:429} INFO - [2m2025-07-10T15:03:33.591797Z[0m [[32m[1minfo     [0m] [1mINFO Sending version information to singer.io. To disable sending anonymous usage data, set the config parameter "disable_collection" to true[0m [36mcmd_type[0m=[35mloader[0m [36mname[0m=[35mtarget-csv-csv[0m [36mrun_id[0m=[35m13bb53fb-7fe0-46ab-be81-9bde60e193bc[0m [36mstate_id[0m=[35m2025-07-10T150331--tap-csv--target-csv-csv[0m [36mstdio[0m=[35mstderr[0m
[2025-07-10T15:03:33.965+0000] {docker.py:429} INFO - [2m2025-07-10T15:03:33.964113Z[0m [[32m[1minfo     [0m] [1m/opt/meltano/.meltano/extractors/tap-csv/venv/lib/python3.9/site-packages/singer_sdk/tap_base.py:516: SingerSDKDeprecationWarning: Passing a catalog file path is deprecated. Please pass the catalog as a dictionary or Catalog object instead.[0m [36mcmd_type[0m=[35mextractor[0m [36mname[0m=[35mtap-csv[0m [36mrun_id[0m=[35m13bb53fb-7fe0-46ab-be81-9bde60e193bc[0m [36mstate_id[0m=[35m2025-07-10T150331--tap-csv--target-csv-csv[0m [36mstdio[0m=[35mstderr[0m
[2025-07-10T15:03:33.965+0000] {docker.py:429} INFO - [2m2025-07-10T15:03:33.964595Z[0m [[32m[1minfo     [0m] [1m  tap = cls(                  [0m [36mcmd_type[0m=[35mextractor[0m [36mname[0m=[35mtap-csv[0m [36mrun_id[0m=[35m13bb53fb-7fe0-46ab-be81-9bde60e193bc[0m [36mstate_id[0m=[35m2025-07-10T150331--tap-csv--target-csv-csv[0m [36mstdio[0m=[35mstderr[0m
[2m2025-07-10T15:03:33.964950Z[0m [[32m[1minfo     [0m] [1m                              [0m [36mcmd_type[0m=[35mextractor[0m [36mname[0m=[35mtap-csv[0m [36mrun_id[0m=[35m13bb53fb-7fe0-46ab-be81-9bde60e193bc[0m [36mstate_id[0m=[35m2025-07-10T150331--tap-csv--target-csv-csv[0m [36mstdio[0m=[35mstderr[0m
[2025-07-10T15:03:33.966+0000] {docker.py:429} INFO - [2m2025-07-10T15:03:33.965446Z[0m [[32m[1minfo     [0m] [1mBeginning full_table sync of 'order_details'...[0m [36mcmd_type[0m=[35mextractor[0m [36mname[0m=[35mtap-csv[0m [36mrun_id[0m=[35m13bb53fb-7fe0-46ab-be81-9bde60e193bc[0m [36mstate_id[0m=[35m2025-07-10T150331--tap-csv--target-csv-csv[0m [36mstdio[0m=[35mstderr[0m
[2025-07-10T15:03:33.966+0000] {docker.py:429} INFO - [2m2025-07-10T15:03:33.965792Z[0m [[32m[1minfo     [0m] [1mTap has custom mapper. Using 1 provided map(s).[0m [36mcmd_type[0m=[35mextractor[0m [36mname[0m=[35mtap-csv[0m [36mrun_id[0m=[35m13bb53fb-7fe0-46ab-be81-9bde60e193bc[0m [36mstate_id[0m=[35m2025-07-10T150331--tap-csv--target-csv-csv[0m [36mstdio[0m=[35mstderr[0m
[2025-07-10T15:03:34.138+0000] {docker.py:429} INFO - [2m2025-07-10T15:03:34.138031Z[0m [[32m[1minfo     [0m] [1mMETRIC: {"type": "timer", "metric": "sync_duration", "value": 0.1727769374847412, "tags": {"stream": "order_details", "pid": 176, "context": {}, "status": "succeeded"}}[0m [36mcmd_type[0m=[35mextractor[0m [36mname[0m=[35mtap-csv[0m [36mrun_id[0m=[35m13bb53fb-7fe0-46ab-be81-9bde60e193bc[0m [36mstate_id[0m=[35m2025-07-10T150331--tap-csv--target-csv-csv[0m [36mstdio[0m=[35mstderr[0m
[2025-07-10T15:03:34.139+0000] {docker.py:429} INFO - [2m2025-07-10T15:03:34.138412Z[0m [[32m[1minfo     [0m] [1mMETRIC: {"type": "counter", "metric": "record_count", "value": 2155, "tags": {"stream": "order_details", "pid": 176, "context": {}}}[0m [36mcmd_type[0m=[35mextractor[0m [36mname[0m=[35mtap-csv[0m [36mrun_id[0m=[35m13bb53fb-7fe0-46ab-be81-9bde60e193bc[0m [36mstate_id[0m=[35m2025-07-10T150331--tap-csv--target-csv-csv[0m [36mstdio[0m=[35mstderr[0m
[2025-07-10T15:03:34.244+0000] {docker.py:429} INFO - [2m2025-07-10T15:03:34.243338Z[0m [[32m[1minfo     [0m] [1mUsing systemdb state backend  [0m
[2025-07-10T15:03:34.255+0000] {docker.py:429} INFO - [2m2025-07-10T15:03:34.254809Z[0m [[32m[1minfo     [0m] [1mIncremental state has been updated at 2025-07-10 15:03:34.254770+00:00.[0m
[2025-07-10T15:03:34.256+0000] {docker.py:429} INFO - [2m2025-07-10T15:03:34.256044Z[0m [[32m[1minfo     [0m] [1mExtract & load complete!      [0m [36mname[0m=[35mmeltano[0m [36mrun_id[0m=[35m13bb53fb-7fe0-46ab-be81-9bde60e193bc[0m [36mstate_id[0m=[35m2025-07-10T150331--tap-csv--target-csv-csv[0m
[2025-07-10T15:03:34.257+0000] {docker.py:429} INFO - [2m2025-07-10T15:03:34.256430Z[0m [[32m[1minfo     [0m] [1mTransformation skipped.       [0m [36mname[0m=[35mmeltano[0m [36mrun_id[0m=[35m13bb53fb-7fe0-46ab-be81-9bde60e193bc[0m [36mstate_id[0m=[35m2025-07-10T150331--tap-csv--target-csv-csv[0m
[2025-07-10T15:03:35.763+0000] {taskinstance.py:1138} INFO - Marking task as SUCCESS. dag_id=northwind, task_id=extração_csv, execution_date=20250710T150258, start_date=20250710T150318, end_date=20250710T150335
[2025-07-10T15:03:35.809+0000] {local_task_job_runner.py:234} INFO - Task exited with return code 0
[2025-07-10T15:03:35.864+0000] {taskinstance.py:3280} INFO - 1 downstream tasks scheduled from follow-on schedule check
