[2025-06-23T21:44:05.228+0000] {taskinstance.py:1956} INFO - Dependencies all met for dep_context=non-requeueable deps ti=<TaskInstance: northwind.extração_csv manual__2025-06-23T21:43:31.318095+00:00 [queued]>
[2025-06-23T21:44:05.248+0000] {taskinstance.py:1956} INFO - Dependencies all met for dep_context=requeueable deps ti=<TaskInstance: northwind.extração_csv manual__2025-06-23T21:43:31.318095+00:00 [queued]>
[2025-06-23T21:44:05.249+0000] {taskinstance.py:2170} INFO - Starting attempt 1 of 2
[2025-06-23T21:44:05.271+0000] {taskinstance.py:2191} INFO - Executing <Task(DockerOperator): extração_csv> on 2025-06-23 21:43:31.318095+00:00
[2025-06-23T21:44:05.279+0000] {standard_task_runner.py:60} INFO - Started process 187 to run task
[2025-06-23T21:44:05.290+0000] {standard_task_runner.py:87} INFO - Running: ['***', 'tasks', 'run', 'northwind', 'extração_csv', 'manual__2025-06-23T21:43:31.318095+00:00', '--job-id', '13', '--raw', '--subdir', 'DAGS_FOLDER/dag.py', '--cfg-path', '/tmp/tmpvh7j801d']
[2025-06-23T21:44:05.296+0000] {standard_task_runner.py:88} INFO - Job 13: Subtask extração_csv
[2025-06-23T21:44:05.401+0000] {task_command.py:423} INFO - Running <TaskInstance: northwind.extração_csv manual__2025-06-23T21:43:31.318095+00:00 [running]> on host a06304be4538
[2025-06-23T21:44:05.517+0000] {taskinstance.py:2480} INFO - Exporting env vars: AIRFLOW_CTX_DAG_EMAIL='lrbf@cin.ufpe.br' AIRFLOW_CTX_DAG_OWNER='***' AIRFLOW_CTX_DAG_ID='northwind' AIRFLOW_CTX_TASK_ID='extração_csv' AIRFLOW_CTX_EXECUTION_DATE='2025-06-23T21:43:31.318095+00:00' AIRFLOW_CTX_TRY_NUMBER='1' AIRFLOW_CTX_DAG_RUN_ID='manual__2025-06-23T21:43:31.318095+00:00'
[2025-06-23T21:44:05.672+0000] {docker.py:359} INFO - Starting docker container from image indicium_pipeline-meltano:latest
[2025-06-23T21:44:06.194+0000] {docker.py:429} INFO - Running meltano install...
[2025-06-23T21:44:07.789+0000] {docker.py:429} INFO - [2m2025-06-23T21:44:07.788896Z[0m [[32m[1minfo     [0m] [1mInstalling 7 plugins          [0m
[2025-06-23T21:44:07.802+0000] {docker.py:429} INFO - [2m2025-06-23T21:44:07.801381Z[0m [[32m[1minfo     [0m] [1mInstalling extractor 'tap-postgres'[0m
[2025-06-23T21:44:07.821+0000] {docker.py:429} INFO - [2m2025-06-23T21:44:07.820972Z[0m [[32m[1minfo     [0m] [1mInstalling extractor 'tap-csv'[0m
[2025-06-23T21:44:07.847+0000] {docker.py:429} INFO - [2m2025-06-23T21:44:07.846025Z[0m [[32m[1minfo     [0m] [1mInstalling extractor 'tap-csv-latest'[0m
[2025-06-23T21:44:07.881+0000] {docker.py:429} INFO - [2m2025-06-23T21:44:07.880799Z[0m [[32m[1minfo     [0m] [1mInstalling loader 'target-postgres'[0m
[2025-06-23T21:44:07.922+0000] {docker.py:429} INFO - [2m2025-06-23T21:44:07.918629Z[0m [[32m[1minfo     [0m] [1mInstalling loader 'target-csv'[0m
[2025-06-23T21:44:07.965+0000] {docker.py:429} INFO - [2m2025-06-23T21:44:07.963946Z[0m [[32m[1minfo     [0m] [1mInstalling loader 'target-csv-postgres'[0m
[2025-06-23T21:44:08.018+0000] {docker.py:429} INFO - [2m2025-06-23T21:44:08.017263Z[0m [[32m[1minfo     [0m] [1mInstalling loader 'target-csv-csv'[0m
[2025-06-23T21:44:10.380+0000] {docker.py:429} INFO - [2m2025-06-23T21:44:10.379797Z[0m [[32m[1minfo     [0m] [1mInstalled extractor 'tap-postgres'[0m
[2025-06-23T21:44:10.527+0000] {docker.py:429} INFO - [2m2025-06-23T21:44:10.526692Z[0m [[32m[1minfo     [0m] [1mInstalled loader 'target-postgres'[0m
[2025-06-23T21:44:13.433+0000] {docker.py:429} INFO - [2m2025-06-23T21:44:13.432610Z[0m [[32m[1minfo     [0m] [1mInstalled extractor 'tap-csv-latest'[0m
[2025-06-23T21:44:13.446+0000] {docker.py:429} INFO - [2m2025-06-23T21:44:13.445187Z[0m [[32m[1minfo     [0m] [1mInstalled extractor 'tap-csv' [0m
[2025-06-23T21:44:15.036+0000] {docker.py:429} INFO - [2m2025-06-23T21:44:15.035424Z[0m [[32m[1minfo     [0m] [1mInstalled loader 'target-csv' [0m
[2025-06-23T21:44:15.556+0000] {docker.py:429} INFO - [2m2025-06-23T21:44:15.556044Z[0m [[32m[1minfo     [0m] [1mInstalled loader 'target-csv-csv'[0m
[2025-06-23T21:44:15.565+0000] {docker.py:429} INFO - [2m2025-06-23T21:44:15.564806Z[0m [[32m[1minfo     [0m] [1mInstalled loader 'target-csv-postgres'[0m
[2025-06-23T21:44:15.566+0000] {docker.py:429} INFO - [2m2025-06-23T21:44:15.565300Z[0m [[32m[1minfo     [0m] [1mInstalled 7/7 plugins         [0m
[2025-06-23T21:44:16.546+0000] {docker.py:429} INFO - Meltano install completed. Executing command: meltano el tap-csv target-csv-csv
[2025-06-23T21:44:18.049+0000] {docker.py:429} INFO - [2m2025-06-23T21:44:18.048897Z[0m [[32m[1minfo     [0m] [1mEnvironment 'dev' is active   [0m
[2025-06-23T21:44:18.454+0000] {docker.py:429} INFO - [2m2025-06-23T21:44:18.453805Z[0m [[32m[1minfo     [0m] [1mRunning extract & load...     [0m [36mname[0m=[35mmeltano[0m [36mrun_id[0m=[35m8066a999-084a-43d6-b765-4440b8f926fe[0m [36mstate_id[0m=[35m2025-06-23T214418--tap-csv--target-csv-csv[0m
[2025-06-23T21:44:19.554+0000] {docker.py:429} INFO - [2m2025-06-23T21:44:19.553729Z[0m [[32m[1minfo     [0m] [1mELT could not be completed: Cannot start extractor: Catalog discovery failed: command ['/opt/meltano/.meltano/extractors/tap-csv/venv/bin/tap-csv', '--config', '/opt/meltano/.meltano/run/elt/2025-06-23T214418--tap-csv--target-csv-csv/8066a999-084a-43d6-b765-4440b8f926fe/tap.225fd3a5-0b96-4a38-88db-8b364215af4f.config.json', '--discover'] returned 1 with stderr:[0m [36mcmd_type[0m=[35melt[0m [36mname[0m=[35mmeltano[0m [36mrun_id[0m=[35m8066a999-084a-43d6-b765-4440b8f926fe[0m [36mstate_id[0m=[35m2025-06-23T214418--tap-csv--target-csv-csv[0m [36mstdio[0m=[35mstderr[0m
[2m2025-06-23T21:44:19.554048Z[0m [[32m[1minfo     [0m] [1m Traceback (most recent call last):[0m [36mcmd_type[0m=[35melt[0m [36mname[0m=[35mmeltano[0m [36mrun_id[0m=[35m8066a999-084a-43d6-b765-4440b8f926fe[0m [36mstate_id[0m=[35m2025-06-23T214418--tap-csv--target-csv-csv[0m [36mstdio[0m=[35mstderr[0m
[2025-06-23T21:44:19.555+0000] {docker.py:429} INFO - [2m2025-06-23T21:44:19.554323Z[0m [[32m[1minfo     [0m] [1m  File "/opt/meltano/.meltano/extractors/tap-csv/venv/bin/tap-csv", line 8, in <module>[0m [36mcmd_type[0m=[35melt[0m [36mname[0m=[35mmeltano[0m [36mrun_id[0m=[35m8066a999-084a-43d6-b765-4440b8f926fe[0m [36mstate_id[0m=[35m2025-06-23T214418--tap-csv--target-csv-csv[0m [36mstdio[0m=[35mstderr[0m
[2025-06-23T21:44:19.555+0000] {docker.py:429} INFO - [2m2025-06-23T21:44:19.554556Z[0m [[32m[1minfo     [0m] [1m    sys.exit(TapCSV.cli())    [0m [36mcmd_type[0m=[35melt[0m [36mname[0m=[35mmeltano[0m [36mrun_id[0m=[35m8066a999-084a-43d6-b765-4440b8f926fe[0m [36mstate_id[0m=[35m2025-06-23T214418--tap-csv--target-csv-csv[0m [36mstdio[0m=[35mstderr[0m
[2025-06-23T21:44:19.555+0000] {docker.py:429} INFO - [2m2025-06-23T21:44:19.554808Z[0m [[32m[1minfo     [0m] [1m  File "/opt/meltano/.meltano/extractors/tap-csv/venv/lib/python3.10/site-packages/click/core.py", line 1442, in __call__[0m [36mcmd_type[0m=[35melt[0m [36mname[0m=[35mmeltano[0m [36mrun_id[0m=[35m8066a999-084a-43d6-b765-4440b8f926fe[0m [36mstate_id[0m=[35m2025-06-23T214418--tap-csv--target-csv-csv[0m [36mstdio[0m=[35mstderr[0m
[2025-06-23T21:44:19.556+0000] {docker.py:429} INFO - [2m2025-06-23T21:44:19.555029Z[0m [[32m[1minfo     [0m] [1m    return self.main(*args, **kwargs)[0m [36mcmd_type[0m=[35melt[0m [36mname[0m=[35mmeltano[0m [36mrun_id[0m=[35m8066a999-084a-43d6-b765-4440b8f926fe[0m [36mstate_id[0m=[35m2025-06-23T214418--tap-csv--target-csv-csv[0m [36mstdio[0m=[35mstderr[0m
[2025-06-23T21:44:19.556+0000] {docker.py:429} INFO - [2m2025-06-23T21:44:19.555292Z[0m [[32m[1minfo     [0m] [1m  File "/opt/meltano/.meltano/extractors/tap-csv/venv/lib/python3.10/site-packages/click/core.py", line 1362, in main[0m [36mcmd_type[0m=[35melt[0m [36mname[0m=[35mmeltano[0m [36mrun_id[0m=[35m8066a999-084a-43d6-b765-4440b8f926fe[0m [36mstate_id[0m=[35m2025-06-23T214418--tap-csv--target-csv-csv[0m [36mstdio[0m=[35mstderr[0m
[2025-06-23T21:44:19.556+0000] {docker.py:429} INFO - [2m2025-06-23T21:44:19.555554Z[0m [[32m[1minfo     [0m] [1m    with self.make_context(prog_name, args, **extra) as ctx:[0m [36mcmd_type[0m=[35melt[0m [36mname[0m=[35mmeltano[0m [36mrun_id[0m=[35m8066a999-084a-43d6-b765-4440b8f926fe[0m [36mstate_id[0m=[35m2025-06-23T214418--tap-csv--target-csv-csv[0m [36mstdio[0m=[35mstderr[0m
[2025-06-23T21:44:19.557+0000] {docker.py:429} INFO - [2m2025-06-23T21:44:19.555838Z[0m [[32m[1minfo     [0m] [1m  File "/opt/meltano/.meltano/extractors/tap-csv/venv/lib/python3.10/site-packages/click/core.py", line 1186, in make_context[0m [36mcmd_type[0m=[35melt[0m [36mname[0m=[35mmeltano[0m [36mrun_id[0m=[35m8066a999-084a-43d6-b765-4440b8f926fe[0m [36mstate_id[0m=[35m2025-06-23T214418--tap-csv--target-csv-csv[0m [36mstdio[0m=[35mstderr[0m
[2025-06-23T21:44:19.558+0000] {docker.py:429} INFO - [2m2025-06-23T21:44:19.556141Z[0m [[32m[1minfo     [0m] [1m    self.parse_args(ctx, args)[0m [36mcmd_type[0m=[35melt[0m [36mname[0m=[35mmeltano[0m [36mrun_id[0m=[35m8066a999-084a-43d6-b765-4440b8f926fe[0m [36mstate_id[0m=[35m2025-06-23T214418--tap-csv--target-csv-csv[0m [36mstdio[0m=[35mstderr[0m
[2025-06-23T21:44:19.558+0000] {docker.py:429} INFO - [2m2025-06-23T21:44:19.556448Z[0m [[32m[1minfo     [0m] [1m  File "/opt/meltano/.meltano/extractors/tap-csv/venv/lib/python3.10/site-packages/click/core.py", line 1197, in parse_args[0m [36mcmd_type[0m=[35melt[0m [36mname[0m=[35mmeltano[0m [36mrun_id[0m=[35m8066a999-084a-43d6-b765-4440b8f926fe[0m [36mstate_id[0m=[35m2025-06-23T214418--tap-csv--target-csv-csv[0m [36mstdio[0m=[35mstderr[0m
[2025-06-23T21:44:19.558+0000] {docker.py:429} INFO - [2m2025-06-23T21:44:19.556758Z[0m [[32m[1minfo     [0m] [1m    value, args = param.handle_parse_result(ctx, opts, args)[0m [36mcmd_type[0m=[35melt[0m [36mname[0m=[35mmeltano[0m [36mrun_id[0m=[35m8066a999-084a-43d6-b765-4440b8f926fe[0m [36mstate_id[0m=[35m2025-06-23T214418--tap-csv--target-csv-csv[0m [36mstdio[0m=[35mstderr[0m
[2025-06-23T21:44:19.559+0000] {docker.py:429} INFO - [2m2025-06-23T21:44:19.557151Z[0m [[32m[1minfo     [0m] [1m  File "/opt/meltano/.meltano/extractors/tap-csv/venv/lib/python3.10/site-packages/click/core.py", line 2416, in handle_parse_result[0m [36mcmd_type[0m=[35melt[0m [36mname[0m=[35mmeltano[0m [36mrun_id[0m=[35m8066a999-084a-43d6-b765-4440b8f926fe[0m [36mstate_id[0m=[35m2025-06-23T214418--tap-csv--target-csv-csv[0m [36mstdio[0m=[35mstderr[0m
[2025-06-23T21:44:19.559+0000] {docker.py:429} INFO - [2m2025-06-23T21:44:19.557637Z[0m [[32m[1minfo     [0m] [1m    value = self.process_value(ctx, value)[0m [36mcmd_type[0m=[35melt[0m [36mname[0m=[35mmeltano[0m [36mrun_id[0m=[35m8066a999-084a-43d6-b765-4440b8f926fe[0m [36mstate_id[0m=[35m2025-06-23T214418--tap-csv--target-csv-csv[0m [36mstdio[0m=[35mstderr[0m
[2025-06-23T21:44:19.559+0000] {docker.py:429} INFO - [2m2025-06-23T21:44:19.558024Z[0m [[32m[1minfo     [0m] [1m  File "/opt/meltano/.meltano/extractors/tap-csv/venv/lib/python3.10/site-packages/click/core.py", line 2355, in process_value[0m [36mcmd_type[0m=[35melt[0m [36mname[0m=[35mmeltano[0m [36mrun_id[0m=[35m8066a999-084a-43d6-b765-4440b8f926fe[0m [36mstate_id[0m=[35m2025-06-23T214418--tap-csv--target-csv-csv[0m [36mstdio[0m=[35mstderr[0m
[2025-06-23T21:44:19.560+0000] {docker.py:429} INFO - [2m2025-06-23T21:44:19.558406Z[0m [[32m[1minfo     [0m] [1m    value = self.callback(ctx, self, value)[0m [36mcmd_type[0m=[35melt[0m [36mname[0m=[35mmeltano[0m [36mrun_id[0m=[35m8066a999-084a-43d6-b765-4440b8f926fe[0m [36mstate_id[0m=[35m2025-06-23T214418--tap-csv--target-csv-csv[0m [36mstdio[0m=[35mstderr[0m
[2025-06-23T21:44:19.560+0000] {docker.py:429} INFO - [2m2025-06-23T21:44:19.558762Z[0m [[32m[1minfo     [0m] [1m  File "/opt/meltano/.meltano/extractors/tap-csv/venv/lib/python3.10/site-packages/singer_sdk/tap_base.py", line 555, in cb_discover[0m [36mcmd_type[0m=[35melt[0m [36mname[0m=[35mmeltano[0m [36mrun_id[0m=[35m8066a999-084a-43d6-b765-4440b8f926fe[0m [36mstate_id[0m=[35m2025-06-23T214418--tap-csv--target-csv-csv[0m [36mstdio[0m=[35mstderr[0m
[2025-06-23T21:44:19.560+0000] {docker.py:429} INFO - [2m2025-06-23T21:44:19.559084Z[0m [[32m[1minfo     [0m] [1m    tap.run_discovery()       [0m [36mcmd_type[0m=[35melt[0m [36mname[0m=[35mmeltano[0m [36mrun_id[0m=[35m8066a999-084a-43d6-b765-4440b8f926fe[0m [36mstate_id[0m=[35m2025-06-23T214418--tap-csv--target-csv-csv[0m [36mstdio[0m=[35mstderr[0m
[2025-06-23T21:44:19.561+0000] {docker.py:429} INFO - [2m2025-06-23T21:44:19.559399Z[0m [[32m[1minfo     [0m] [1m  File "/opt/meltano/.meltano/extractors/tap-csv/venv/lib/python3.10/site-packages/singer_sdk/tap_base.py", line 309, in run_discovery[0m [36mcmd_type[0m=[35melt[0m [36mname[0m=[35mmeltano[0m [36mrun_id[0m=[35m8066a999-084a-43d6-b765-4440b8f926fe[0m [36mstate_id[0m=[35m2025-06-23T214418--tap-csv--target-csv-csv[0m [36mstdio[0m=[35mstderr[0m
[2025-06-23T21:44:19.561+0000] {docker.py:429} INFO - [2m2025-06-23T21:44:19.559721Z[0m [[32m[1minfo     [0m] [1m    catalog_text = self.catalog_json_text[0m [36mcmd_type[0m=[35melt[0m [36mname[0m=[35mmeltano[0m [36mrun_id[0m=[35m8066a999-084a-43d6-b765-4440b8f926fe[0m [36mstate_id[0m=[35m2025-06-23T214418--tap-csv--target-csv-csv[0m [36mstdio[0m=[35mstderr[0m
[2025-06-23T21:44:19.561+0000] {docker.py:429} INFO - [2m2025-06-23T21:44:19.560037Z[0m [[32m[1minfo     [0m] [1m  File "/opt/meltano/.meltano/extractors/tap-csv/venv/lib/python3.10/site-packages/singer_sdk/tap_base.py", line 329, in catalog_json_text[0m [36mcmd_type[0m=[35melt[0m [36mname[0m=[35mmeltano[0m [36mrun_id[0m=[35m8066a999-084a-43d6-b765-4440b8f926fe[0m [36mstate_id[0m=[35m2025-06-23T214418--tap-csv--target-csv-csv[0m [36mstdio[0m=[35mstderr[0m
[2025-06-23T21:44:19.562+0000] {docker.py:429} INFO - [2m2025-06-23T21:44:19.560312Z[0m [[32m[1minfo     [0m] [1m    return dump_json(self.catalog_dict, indent=2)[0m [36mcmd_type[0m=[35melt[0m [36mname[0m=[35mmeltano[0m [36mrun_id[0m=[35m8066a999-084a-43d6-b765-4440b8f926fe[0m [36mstate_id[0m=[35m2025-06-23T214418--tap-csv--target-csv-csv[0m [36mstdio[0m=[35mstderr[0m
[2025-06-23T21:44:19.562+0000] {docker.py:429} INFO - [2m2025-06-23T21:44:19.560654Z[0m [[32m[1minfo     [0m] [1m  File "/opt/meltano/.meltano/extractors/tap-csv/venv/lib/python3.10/site-packages/singer_sdk/tap_base.py", line 320, in catalog_dict[0m [36mcmd_type[0m=[35melt[0m [36mname[0m=[35mmeltano[0m [36mrun_id[0m=[35m8066a999-084a-43d6-b765-4440b8f926fe[0m [36mstate_id[0m=[35m2025-06-23T214418--tap-csv--target-csv-csv[0m [36mstdio[0m=[35mstderr[0m
[2025-06-23T21:44:19.562+0000] {docker.py:429} INFO - [2m2025-06-23T21:44:19.560960Z[0m [[32m[1minfo     [0m] [1m    return t.cast("dict", self._singer_catalog.to_dict())[0m [36mcmd_type[0m=[35melt[0m [36mname[0m=[35mmeltano[0m [36mrun_id[0m=[35m8066a999-084a-43d6-b765-4440b8f926fe[0m [36mstate_id[0m=[35m2025-06-23T214418--tap-csv--target-csv-csv[0m [36mstdio[0m=[35mstderr[0m
[2025-06-23T21:44:19.563+0000] {docker.py:429} INFO - [2m2025-06-23T21:44:19.561376Z[0m [[32m[1minfo     [0m] [1m  File "/opt/meltano/.meltano/extractors/tap-csv/venv/lib/python3.10/site-packages/singer_sdk/tap_base.py", line 340, in _singer_catalog[0m [36mcmd_type[0m=[35melt[0m [36mname[0m=[35mmeltano[0m [36mrun_id[0m=[35m8066a999-084a-43d6-b765-4440b8f926fe[0m [36mstate_id[0m=[35m2025-06-23T214418--tap-csv--target-csv-csv[0m [36mstdio[0m=[35mstderr[0m
[2025-06-23T21:44:19.563+0000] {docker.py:429} INFO - [2m2025-06-23T21:44:19.561761Z[0m [[32m[1minfo     [0m] [1m    for stream in self.streams.values()[0m [36mcmd_type[0m=[35melt[0m [36mname[0m=[35mmeltano[0m [36mrun_id[0m=[35m8066a999-084a-43d6-b765-4440b8f926fe[0m [36mstate_id[0m=[35m2025-06-23T214418--tap-csv--target-csv-csv[0m [36mstdio[0m=[35mstderr[0m
[2025-06-23T21:44:19.564+0000] {docker.py:429} INFO - [2m2025-06-23T21:44:19.562112Z[0m [[32m[1minfo     [0m] [1m  File "/opt/meltano/.meltano/extractors/tap-csv/venv/lib/python3.10/site-packages/singer_sdk/tap_base.py", line 149, in streams[0m [36mcmd_type[0m=[35melt[0m [36mname[0m=[35mmeltano[0m [36mrun_id[0m=[35m8066a999-084a-43d6-b765-4440b8f926fe[0m [36mstate_id[0m=[35m2025-06-23T214418--tap-csv--target-csv-csv[0m [36mstdio[0m=[35mstderr[0m
[2025-06-23T21:44:19.564+0000] {docker.py:429} INFO - [2m2025-06-23T21:44:19.562442Z[0m [[32m[1minfo     [0m] [1m    for stream in self.load_streams():[0m [36mcmd_type[0m=[35melt[0m [36mname[0m=[35mmeltano[0m [36mrun_id[0m=[35m8066a999-084a-43d6-b765-4440b8f926fe[0m [36mstate_id[0m=[35m2025-06-23T214418--tap-csv--target-csv-csv[0m [36mstdio[0m=[35mstderr[0m
[2025-06-23T21:44:19.565+0000] {docker.py:429} INFO - [2m2025-06-23T21:44:19.562831Z[0m [[32m[1minfo     [0m] [1m  File "/opt/meltano/.meltano/extractors/tap-csv/venv/lib/python3.10/site-packages/singer_sdk/tap_base.py", line 373, in load_streams[0m [36mcmd_type[0m=[35melt[0m [36mname[0m=[35mmeltano[0m [36mrun_id[0m=[35m8066a999-084a-43d6-b765-4440b8f926fe[0m [36mstate_id[0m=[35m2025-06-23T214418--tap-csv--target-csv-csv[0m [36mstdio[0m=[35mstderr[0m
[2025-06-23T21:44:19.565+0000] {docker.py:429} INFO - [2m2025-06-23T21:44:19.563216Z[0m [[32m[1minfo     [0m] [1m    for stream in self.discover_streams():[0m [36mcmd_type[0m=[35melt[0m [36mname[0m=[35mmeltano[0m [36mrun_id[0m=[35m8066a999-084a-43d6-b765-4440b8f926fe[0m [36mstate_id[0m=[35m2025-06-23T214418--tap-csv--target-csv-csv[0m [36mstdio[0m=[35mstderr[0m
[2025-06-23T21:44:19.565+0000] {docker.py:429} INFO - [2m2025-06-23T21:44:19.563512Z[0m [[32m[1minfo     [0m] [1m  File "/opt/meltano/.meltano/extractors/tap-csv/venv/lib/python3.10/site-packages/tap_csv/tap.py", line 89, in discover_streams[0m [36mcmd_type[0m=[35melt[0m [36mname[0m=[35mmeltano[0m [36mrun_id[0m=[35m8066a999-084a-43d6-b765-4440b8f926fe[0m [36mstate_id[0m=[35m2025-06-23T214418--tap-csv--target-csv-csv[0m [36mstdio[0m=[35mstderr[0m
[2025-06-23T21:44:19.566+0000] {docker.py:429} INFO - [2m2025-06-23T21:44:19.563881Z[0m [[32m[1minfo     [0m] [1m    return [                  [0m [36mcmd_type[0m=[35melt[0m [36mname[0m=[35mmeltano[0m [36mrun_id[0m=[35m8066a999-084a-43d6-b765-4440b8f926fe[0m [36mstate_id[0m=[35m2025-06-23T214418--tap-csv--target-csv-csv[0m [36mstdio[0m=[35mstderr[0m
[2025-06-23T21:44:19.566+0000] {docker.py:429} INFO - [2m2025-06-23T21:44:19.564201Z[0m [[32m[1minfo     [0m] [1m  File "/opt/meltano/.meltano/extractors/tap-csv/venv/lib/python3.10/site-packages/tap_csv/tap.py", line 90, in <listcomp>[0m [36mcmd_type[0m=[35melt[0m [36mname[0m=[35mmeltano[0m [36mrun_id[0m=[35m8066a999-084a-43d6-b765-4440b8f926fe[0m [36mstate_id[0m=[35m2025-06-23T214418--tap-csv--target-csv-csv[0m [36mstdio[0m=[35mstderr[0m
[2025-06-23T21:44:19.566+0000] {docker.py:429} INFO - [2m2025-06-23T21:44:19.564758Z[0m [[32m[1minfo     [0m] [1m    CSVStream(                [0m [36mcmd_type[0m=[35melt[0m [36mname[0m=[35mmeltano[0m [36mrun_id[0m=[35m8066a999-084a-43d6-b765-4440b8f926fe[0m [36mstate_id[0m=[35m2025-06-23T214418--tap-csv--target-csv-csv[0m [36mstdio[0m=[35mstderr[0m
[2025-06-23T21:44:19.567+0000] {docker.py:429} INFO - [2m2025-06-23T21:44:19.565176Z[0m [[32m[1minfo     [0m] [1m  File "/opt/meltano/.meltano/extractors/tap-csv/venv/lib/python3.10/site-packages/tap_csv/client.py", line 32, in __init__[0m [36mcmd_type[0m=[35melt[0m [36mname[0m=[35mmeltano[0m [36mrun_id[0m=[35m8066a999-084a-43d6-b765-4440b8f926fe[0m [36mstate_id[0m=[35m2025-06-23T214418--tap-csv--target-csv-csv[0m [36mstdio[0m=[35mstderr[0m
[2025-06-23T21:44:19.567+0000] {docker.py:429} INFO - [2m2025-06-23T21:44:19.565686Z[0m [[32m[1minfo     [0m] [1m    super().__init__(*args, **kwargs)[0m [36mcmd_type[0m=[35melt[0m [36mname[0m=[35mmeltano[0m [36mrun_id[0m=[35m8066a999-084a-43d6-b765-4440b8f926fe[0m [36mstate_id[0m=[35m2025-06-23T214418--tap-csv--target-csv-csv[0m [36mstdio[0m=[35mstderr[0m
[2025-06-23T21:44:19.567+0000] {docker.py:429} INFO - [2m2025-06-23T21:44:19.566043Z[0m [[32m[1minfo     [0m] [1m  File "/opt/meltano/.meltano/extractors/tap-csv/venv/lib/python3.10/site-packages/singer_sdk/streams/core.py", line 182, in __init__[0m [36mcmd_type[0m=[35melt[0m [36mname[0m=[35mmeltano[0m [36mrun_id[0m=[35m8066a999-084a-43d6-b765-4440b8f926fe[0m [36mstate_id[0m=[35m2025-06-23T214418--tap-csv--target-csv-csv[0m [36mstdio[0m=[35mstderr[0m
[2025-06-23T21:44:19.568+0000] {docker.py:429} INFO - [2m2025-06-23T21:44:19.566397Z[0m [[32m[1minfo     [0m] [1m    if not self.schema:       [0m [36mcmd_type[0m=[35melt[0m [36mname[0m=[35mmeltano[0m [36mrun_id[0m=[35m8066a999-084a-43d6-b765-4440b8f926fe[0m [36mstate_id[0m=[35m2025-06-23T214418--tap-csv--target-csv-csv[0m [36mstdio[0m=[35mstderr[0m
[2025-06-23T21:44:19.568+0000] {docker.py:429} INFO - [2m2025-06-23T21:44:19.566880Z[0m [[32m[1minfo     [0m] [1m  File "/usr/local/lib/python3.10/functools.py", line 981, in __get__[0m [36mcmd_type[0m=[35melt[0m [36mname[0m=[35mmeltano[0m [36mrun_id[0m=[35m8066a999-084a-43d6-b765-4440b8f926fe[0m [36mstate_id[0m=[35m2025-06-23T214418--tap-csv--target-csv-csv[0m [36mstdio[0m=[35mstderr[0m
[2025-06-23T21:44:19.568+0000] {docker.py:429} INFO - [2m2025-06-23T21:44:19.567340Z[0m [[32m[1minfo     [0m] [1m    val = self.func(instance) [0m [36mcmd_type[0m=[35melt[0m [36mname[0m=[35mmeltano[0m [36mrun_id[0m=[35m8066a999-084a-43d6-b765-4440b8f926fe[0m [36mstate_id[0m=[35m2025-06-23T214418--tap-csv--target-csv-csv[0m [36mstdio[0m=[35mstderr[0m
[2025-06-23T21:44:19.569+0000] {docker.py:429} INFO - [2m2025-06-23T21:44:19.567754Z[0m [[32m[1minfo     [0m] [1m  File "/opt/meltano/.meltano/extractors/tap-csv/venv/lib/python3.10/site-packages/tap_csv/client.py", line 137, in schema[0m [36mcmd_type[0m=[35melt[0m [36mname[0m=[35mmeltano[0m [36mrun_id[0m=[35m8066a999-084a-43d6-b765-4440b8f926fe[0m [36mstate_id[0m=[35m2025-06-23T214418--tap-csv--target-csv-csv[0m [36mstdio[0m=[35mstderr[0m
[2025-06-23T21:44:19.569+0000] {docker.py:429} INFO - [2m2025-06-23T21:44:19.568157Z[0m [[32m[1minfo     [0m] [1m    for file_path in self.get_file_paths():[0m [36mcmd_type[0m=[35melt[0m [36mname[0m=[35mmeltano[0m [36mrun_id[0m=[35m8066a999-084a-43d6-b765-4440b8f926fe[0m [36mstate_id[0m=[35m2025-06-23T214418--tap-csv--target-csv-csv[0m [36mstdio[0m=[35mstderr[0m
[2025-06-23T21:44:19.569+0000] {docker.py:429} INFO - [2m2025-06-23T21:44:19.568545Z[0m [[32m[1minfo     [0m] [1m  File "/opt/meltano/.meltano/extractors/tap-csv/venv/lib/python3.10/site-packages/tap_csv/client.py", line 82, in get_file_paths[0m [36mcmd_type[0m=[35melt[0m [36mname[0m=[35mmeltano[0m [36mrun_id[0m=[35m8066a999-084a-43d6-b765-4440b8f926fe[0m [36mstate_id[0m=[35m2025-06-23T214418--tap-csv--target-csv-csv[0m [36mstdio[0m=[35mstderr[0m
[2025-06-23T21:44:19.570+0000] {docker.py:429} INFO - [2m2025-06-23T21:44:19.569019Z[0m [[32m[1minfo     [0m] [1m    raise Exception(f"File path does not exist {file_path}")[0m [36mcmd_type[0m=[35melt[0m [36mname[0m=[35mmeltano[0m [36mrun_id[0m=[35m8066a999-084a-43d6-b765-4440b8f926fe[0m [36mstate_id[0m=[35m2025-06-23T214418--tap-csv--target-csv-csv[0m [36mstdio[0m=[35mstderr[0m
[2025-06-23T21:44:19.570+0000] {docker.py:429} INFO - [2m2025-06-23T21:44:19.569525Z[0m [[32m[1minfo     [0m] [1mException: File path does not exist /mnt/d/Downloads/order_details.csv[0m [36mcmd_type[0m=[35melt[0m [36mname[0m=[35mmeltano[0m [36mrun_id[0m=[35m8066a999-084a-43d6-b765-4440b8f926fe[0m [36mstate_id[0m=[35m2025-06-23T214418--tap-csv--target-csv-csv[0m [36mstdio[0m=[35mstderr[0m
[2025-06-23T21:44:19.570+0000] {docker.py:429} INFO - [2m2025-06-23T21:44:19.569881Z[0m [[32m[1minfo     [0m] [1m.                             [0m [36mcmd_type[0m=[35melt[0m [36mname[0m=[35mmeltano[0m [36mrun_id[0m=[35m8066a999-084a-43d6-b765-4440b8f926fe[0m [36mstate_id[0m=[35m2025-06-23T214418--tap-csv--target-csv-csv[0m [36mstdio[0m=[35mstderr[0m
[2025-06-23T21:44:19.571+0000] {docker.py:429} INFO - [2m2025-06-23T21:44:19.570377Z[0m [[32m[1minfo     [0m] [1mFor more detailed log messages re-run the command using 'meltano --log-level=debug ...' CLI flag.[0m [36mcmd_type[0m=[35melt[0m [36mname[0m=[35mmeltano[0m [36mrun_id[0m=[35m8066a999-084a-43d6-b765-4440b8f926fe[0m [36mstate_id[0m=[35m2025-06-23T214418--tap-csv--target-csv-csv[0m [36mstdio[0m=[35mstderr[0m
[2025-06-23T21:44:19.571+0000] {docker.py:429} INFO - [2m2025-06-23T21:44:19.570825Z[0m [[32m[1minfo     [0m] [1mNote that you can also check the generated log file at '/opt/meltano/.meltano/logs/elt/2025-06-23T214418--tap-csv--target-csv-csv/8066a999-084a-43d6-b765-4440b8f926fe/elt.log'.[0m [36mcmd_type[0m=[35melt[0m [36mname[0m=[35mmeltano[0m [36mrun_id[0m=[35m8066a999-084a-43d6-b765-4440b8f926fe[0m [36mstate_id[0m=[35m2025-06-23T214418--tap-csv--target-csv-csv[0m [36mstdio[0m=[35mstderr[0m
[2025-06-23T21:44:19.571+0000] {docker.py:429} INFO - [2m2025-06-23T21:44:19.571140Z[0m [[32m[1minfo     [0m] [1mFor more information on debugging and logging: https://docs.meltano.com/reference/command-line-interface#debugging[0m [36mcmd_type[0m=[35melt[0m [36mname[0m=[35mmeltano[0m [36mrun_id[0m=[35m8066a999-084a-43d6-b765-4440b8f926fe[0m [36mstate_id[0m=[35m2025-06-23T214418--tap-csv--target-csv-csv[0m [36mstdio[0m=[35mstderr[0m
[2025-06-23T21:44:19.587+0000] {docker.py:429} INFO - Need help fixing this problem? Visit http://melta.no/ for troubleshooting steps, or to
join our friendly Slack community.

ELT could not be completed: Cannot start extractor: Catalog discovery failed: command ['/opt/meltano/.meltano/extractors/tap-csv/venv/bin/tap-csv', '--config', '/opt/meltano/.meltano/run/elt/2025-06-23T214418--tap-csv--target-csv-csv/8066a999-084a-43d6-b765-4440b8f926fe/tap.225fd3a5-0b96-4a38-88db-8b364215af4f.config.json', '--discover'] returned 1 with stderr:
 Traceback (most recent call last):
  File "/opt/meltano/.meltano/extractors/tap-csv/venv/bin/tap-csv", line 8, in <module>
    sys.exit(TapCSV.cli())
  File "/opt/meltano/.meltano/extractors/tap-csv/venv/lib/python3.10/site-packages/click/core.py", line 1442, in __call__
    return self.main(*args, **kwargs)
  File "/opt/meltano/.meltano/extractors/tap-csv/venv/lib/python3.10/site-packages/click/core.py", line 1362, in main
    with self.make_context(prog_name, args, **extra) as ctx:
  File "/opt/meltano/.meltano/extractors/tap-csv/venv/lib/python3.10/site-packages/click/core.py", line 1186, in make_context
    self.parse_args(ctx, args)
  File "/opt/meltano/.meltano/extractors/tap-csv/venv/lib/python3.10/site-packages/click/core.py", line 1197, in parse_args
    value, args = param.handle_parse_result(ctx, opts, args)
  File "/opt/meltano/.meltano/extractors/tap-csv/venv/lib/python3.10/site-packages/click/core.py", line 2416, in handle_parse_result
    value = self.process_value(ctx, value)
  File "/opt/meltano/.meltano/extractors/tap-csv/venv/lib/python3.10/site-packages/click/core.py", line 2355, in process_value
    value = self.callback(ctx, self, value)
  File "/opt/meltano/.meltano/extractors/tap-csv/venv/lib/python3.10/site-packages/singer_sdk/tap_base.py", line 555, in cb_discover
    tap.run_discovery()
  File "/opt/meltano/.meltano/extractors/tap-csv/venv/lib/python3.10/site-packages/singer_sdk/tap_base.py", line 309, in run_discovery
    catalog_text = self.catalog_json_text
  File "/opt/meltano/.meltano/extractors/tap-csv/venv/lib/python3.10/site-packages/singer_sdk/tap_base.py", line 329, in catalog_json_text
    return dump_json(self.catalog_dict, indent=2)
  File "/opt/meltano/.meltano/extractors/tap-csv/venv/lib/python3.10/site-packages/singer_sdk/tap_base.py", line 320, in catalog_dict
    return t.cast("dict", self._singer_catalog.to_dict())
  File "/opt/meltano/.meltano/extractors/tap-csv/venv/lib/python3.10/site-packages/singer_sdk/tap_base.py", line 340, in _singer_catalog
    for stream in self.streams.values()
  File "/opt/meltano/.meltano/extractors/tap-csv/venv/lib/python3.10/site-packages/singer_sdk/tap_base.py", line 149, in streams
    for stream in self.load_streams():
  File "/opt/meltano/.meltano/extractors/tap-csv/venv/lib/python3.10/site-packages/singer_sdk/tap_base.py", line 373, in load_streams
    for stream in self.discover_streams():
  File "/opt/meltano/.meltano/extractors/tap-csv/venv/lib/python3.10/site-packages/tap_csv/tap.py", line 89, in discover_streams
    return [
  File "/opt/meltano/.meltano/extractors/tap-csv/venv/lib/python3.10/site-packages/tap_csv/tap.py", line 90, in <listcomp>
    CSVStream(
  File "/opt/meltano/.meltano/extractors/tap-csv/venv/lib/python3.10/site-packages/tap_csv/client.py", line 32, in __init__
    super().__init__(*args, **kwargs)
  File "/opt/meltano/.meltano/extractors/tap-csv/venv/lib/python3.10/site-packages/singer_sdk/streams/core.py", line 182, in __init__
    if not self.schema:
  File "/usr/local/lib/python3.10/functools.py", line 981, in __get__
    val = self.func(instance)
  File "/opt/meltano/.meltano/extractors/tap-csv/venv/lib/python3.10/site-packages/tap_csv/client.py", line 137, in schema
    for file_path in self.get_file_paths():
  File "/opt/meltano/.meltano/extractors/tap-csv/venv/lib/python3.10/site-packages/tap_csv/client.py", line 82, in get_file_paths
    raise Exception(f"File path does not exist {file_path}")
Exception: File path does not exist /mnt/d/Downloads/order_details.csv
.
For more detailed log messages re-run the command using 'meltano --log-level=debug ...' CLI flag.
Note that you can also check the generated log file at '/opt/meltano/.meltano/logs/elt/2025-06-23T214418--tap-csv--target-csv-csv/8066a999-084a-43d6-b765-4440b8f926fe/elt.log'.
For more information on debugging and logging: https://docs.meltano.com/reference/command-line-interface#debugging
[2025-06-23T21:44:20.775+0000] {taskinstance.py:2698} ERROR - Task failed with exception
Traceback (most recent call last):
  File "/home/airflow/.local/lib/python3.10/site-packages/airflow/models/taskinstance.py", line 433, in _execute_task
    result = execute_callable(context=context, **execute_callable_kwargs)
  File "/home/airflow/.local/lib/python3.10/site-packages/airflow/providers/docker/operators/docker.py", line 502, in execute
    return self._run_image()
  File "/home/airflow/.local/lib/python3.10/site-packages/airflow/providers/docker/operators/docker.py", line 376, in _run_image
    return self._run_image_with_mounts(self.mounts, add_tmp_variable=False)
  File "/home/airflow/.local/lib/python3.10/site-packages/airflow/providers/docker/operators/docker.py", line 437, in _run_image_with_mounts
    raise DockerContainerFailedException(f"Docker container failed: {result!r}", logs=log_lines)
airflow.providers.docker.exceptions.DockerContainerFailedException: Docker container failed: {'StatusCode': 1}
[2025-06-23T21:44:20.780+0000] {taskinstance.py:1138} INFO - Marking task as UP_FOR_RETRY. dag_id=northwind, task_id=extração_csv, execution_date=20250623T214331, start_date=20250623T214405, end_date=20250623T214420
[2025-06-23T21:44:20.809+0000] {standard_task_runner.py:107} ERROR - Failed to execute job 13 for task extração_csv (Docker container failed: {'StatusCode': 1}; 187)
[2025-06-23T21:44:20.841+0000] {local_task_job_runner.py:234} INFO - Task exited with return code 1
[2025-06-23T21:44:20.866+0000] {taskinstance.py:3280} INFO - 0 downstream tasks scheduled from follow-on schedule check
