[2025-06-23T21:49:22.287+0000] {taskinstance.py:1956} INFO - Dependencies all met for dep_context=non-requeueable deps ti=<TaskInstance: northwind.extração_csv manual__2025-06-23T21:43:31.318095+00:00 [queued]>
[2025-06-23T21:49:22.302+0000] {taskinstance.py:1956} INFO - Dependencies all met for dep_context=requeueable deps ti=<TaskInstance: northwind.extração_csv manual__2025-06-23T21:43:31.318095+00:00 [queued]>
[2025-06-23T21:49:22.302+0000] {taskinstance.py:2170} INFO - Starting attempt 2 of 2
[2025-06-23T21:49:22.319+0000] {taskinstance.py:2191} INFO - Executing <Task(DockerOperator): extração_csv> on 2025-06-23 21:43:31.318095+00:00
[2025-06-23T21:49:22.330+0000] {standard_task_runner.py:60} INFO - Started process 243 to run task
[2025-06-23T21:49:22.333+0000] {standard_task_runner.py:87} INFO - Running: ['***', 'tasks', 'run', 'northwind', 'extração_csv', 'manual__2025-06-23T21:43:31.318095+00:00', '--job-id', '16', '--raw', '--subdir', 'DAGS_FOLDER/dag.py', '--cfg-path', '/tmp/tmpfa7lehvf']
[2025-06-23T21:49:22.336+0000] {standard_task_runner.py:88} INFO - Job 16: Subtask extração_csv
[2025-06-23T21:49:22.444+0000] {task_command.py:423} INFO - Running <TaskInstance: northwind.extração_csv manual__2025-06-23T21:43:31.318095+00:00 [running]> on host a06304be4538
[2025-06-23T21:49:22.583+0000] {taskinstance.py:2480} INFO - Exporting env vars: AIRFLOW_CTX_DAG_EMAIL='lrbf@cin.ufpe.br' AIRFLOW_CTX_DAG_OWNER='***' AIRFLOW_CTX_DAG_ID='northwind' AIRFLOW_CTX_TASK_ID='extração_csv' AIRFLOW_CTX_EXECUTION_DATE='2025-06-23T21:43:31.318095+00:00' AIRFLOW_CTX_TRY_NUMBER='2' AIRFLOW_CTX_DAG_RUN_ID='manual__2025-06-23T21:43:31.318095+00:00'
[2025-06-23T21:49:22.865+0000] {docker.py:359} INFO - Starting docker container from image indicium_pipeline-meltano:latest
[2025-06-23T21:49:23.637+0000] {docker.py:429} INFO - Running meltano install...
[2025-06-23T21:49:25.543+0000] {docker.py:429} INFO - [2m2025-06-23T21:49:25.542947Z[0m [[32m[1minfo     [0m] [1mInstalling 7 plugins          [0m
[2025-06-23T21:49:25.555+0000] {docker.py:429} INFO - [2m2025-06-23T21:49:25.554301Z[0m [[32m[1minfo     [0m] [1mInstalling extractor 'tap-postgres'[0m
[2025-06-23T21:49:25.567+0000] {docker.py:429} INFO - [2m2025-06-23T21:49:25.566770Z[0m [[32m[1minfo     [0m] [1mInstalling extractor 'tap-csv'[0m
[2025-06-23T21:49:25.586+0000] {docker.py:429} INFO - [2m2025-06-23T21:49:25.585623Z[0m [[32m[1minfo     [0m] [1mInstalling extractor 'tap-csv-latest'[0m
[2025-06-23T21:49:25.613+0000] {docker.py:429} INFO - [2m2025-06-23T21:49:25.612917Z[0m [[32m[1minfo     [0m] [1mInstalling loader 'target-postgres'[0m
[2025-06-23T21:49:25.644+0000] {docker.py:429} INFO - [2m2025-06-23T21:49:25.643924Z[0m [[32m[1minfo     [0m] [1mInstalling loader 'target-csv'[0m
[2025-06-23T21:49:25.677+0000] {docker.py:429} INFO - [2m2025-06-23T21:49:25.676488Z[0m [[32m[1minfo     [0m] [1mInstalling loader 'target-csv-postgres'[0m
[2025-06-23T21:49:25.707+0000] {docker.py:429} INFO - [2m2025-06-23T21:49:25.706174Z[0m [[32m[1minfo     [0m] [1mInstalling loader 'target-csv-csv'[0m
[2025-06-23T21:49:27.719+0000] {docker.py:429} INFO - [2m2025-06-23T21:49:27.717986Z[0m [[32m[1minfo     [0m] [1mInstalled extractor 'tap-postgres'[0m
[2025-06-23T21:49:27.734+0000] {docker.py:429} INFO - [2m2025-06-23T21:49:27.733225Z[0m [[32m[1minfo     [0m] [1mInstalled loader 'target-postgres'[0m
[2025-06-23T21:49:33.359+0000] {docker.py:429} INFO - [2m2025-06-23T21:49:33.358243Z[0m [[32m[1minfo     [0m] [1mInstalled extractor 'tap-csv' [0m
[2025-06-23T21:49:33.361+0000] {docker.py:429} INFO - [2m2025-06-23T21:49:33.360258Z[0m [[32m[1minfo     [0m] [1mInstalled extractor 'tap-csv-latest'[0m
[2025-06-23T21:49:34.180+0000] {docker.py:429} INFO - [2m2025-06-23T21:49:34.179509Z[0m [[32m[1minfo     [0m] [1mInstalled loader 'target-csv' [0m
[2025-06-23T21:49:34.539+0000] {docker.py:429} INFO - [2m2025-06-23T21:49:34.538527Z[0m [[32m[1minfo     [0m] [1mInstalled loader 'target-csv-postgres'[0m
[2025-06-23T21:49:34.551+0000] {docker.py:429} INFO - [2m2025-06-23T21:49:34.550554Z[0m [[32m[1minfo     [0m] [1mInstalled loader 'target-csv-csv'[0m
[2m2025-06-23T21:49:34.550849Z[0m [[32m[1minfo     [0m] [1mInstalled 7/7 plugins         [0m
[2025-06-23T21:49:35.685+0000] {docker.py:429} INFO - Meltano install completed. Executing command: meltano el tap-csv target-csv-csv
[2025-06-23T21:49:37.052+0000] {docker.py:429} INFO - [2m2025-06-23T21:49:37.051132Z[0m [[32m[1minfo     [0m] [1mEnvironment 'dev' is active   [0m
[2025-06-23T21:49:37.475+0000] {docker.py:429} INFO - [2m2025-06-23T21:49:37.474738Z[0m [[32m[1minfo     [0m] [1mRunning extract & load...     [0m [36mname[0m=[35mmeltano[0m [36mrun_id[0m=[35mce0cec34-5b96-4c67-abc2-2a5fd30061f2[0m [36mstate_id[0m=[35m2025-06-23T214937--tap-csv--target-csv-csv[0m
[2025-06-23T21:49:38.373+0000] {docker.py:429} INFO - [2m2025-06-23T21:49:38.372718Z[0m [[32m[1minfo     [0m] [1mELT could not be completed: Cannot start extractor: Catalog discovery failed: command ['/opt/meltano/.meltano/extractors/tap-csv/venv/bin/tap-csv', '--config', '/opt/meltano/.meltano/run/elt/2025-06-23T214937--tap-csv--target-csv-csv/ce0cec34-5b96-4c67-abc2-2a5fd30061f2/tap.2732bf10-d74d-454a-936c-6e01ede6c459.config.json', '--discover'] returned 1 with stderr:[0m [36mcmd_type[0m=[35melt[0m [36mname[0m=[35mmeltano[0m [36mrun_id[0m=[35mce0cec34-5b96-4c67-abc2-2a5fd30061f2[0m [36mstate_id[0m=[35m2025-06-23T214937--tap-csv--target-csv-csv[0m [36mstdio[0m=[35mstderr[0m
[2025-06-23T21:49:38.374+0000] {docker.py:429} INFO - [2m2025-06-23T21:49:38.373163Z[0m [[32m[1minfo     [0m] [1m Traceback (most recent call last):[0m [36mcmd_type[0m=[35melt[0m [36mname[0m=[35mmeltano[0m [36mrun_id[0m=[35mce0cec34-5b96-4c67-abc2-2a5fd30061f2[0m [36mstate_id[0m=[35m2025-06-23T214937--tap-csv--target-csv-csv[0m [36mstdio[0m=[35mstderr[0m
[2025-06-23T21:49:38.374+0000] {docker.py:429} INFO - [2m2025-06-23T21:49:38.373406Z[0m [[32m[1minfo     [0m] [1m  File "/opt/meltano/.meltano/extractors/tap-csv/venv/bin/tap-csv", line 8, in <module>[0m [36mcmd_type[0m=[35melt[0m [36mname[0m=[35mmeltano[0m [36mrun_id[0m=[35mce0cec34-5b96-4c67-abc2-2a5fd30061f2[0m [36mstate_id[0m=[35m2025-06-23T214937--tap-csv--target-csv-csv[0m [36mstdio[0m=[35mstderr[0m
[2025-06-23T21:49:38.375+0000] {docker.py:429} INFO - [2m2025-06-23T21:49:38.373724Z[0m [[32m[1minfo     [0m] [1m    sys.exit(TapCSV.cli())    [0m [36mcmd_type[0m=[35melt[0m [36mname[0m=[35mmeltano[0m [36mrun_id[0m=[35mce0cec34-5b96-4c67-abc2-2a5fd30061f2[0m [36mstate_id[0m=[35m2025-06-23T214937--tap-csv--target-csv-csv[0m [36mstdio[0m=[35mstderr[0m
[2025-06-23T21:49:38.375+0000] {docker.py:429} INFO - [2m2025-06-23T21:49:38.374118Z[0m [[32m[1minfo     [0m] [1m  File "/opt/meltano/.meltano/extractors/tap-csv/venv/lib/python3.10/site-packages/click/core.py", line 1442, in __call__[0m [36mcmd_type[0m=[35melt[0m [36mname[0m=[35mmeltano[0m [36mrun_id[0m=[35mce0cec34-5b96-4c67-abc2-2a5fd30061f2[0m [36mstate_id[0m=[35m2025-06-23T214937--tap-csv--target-csv-csv[0m [36mstdio[0m=[35mstderr[0m
[2025-06-23T21:49:38.375+0000] {docker.py:429} INFO - [2m2025-06-23T21:49:38.374424Z[0m [[32m[1minfo     [0m] [1m    return self.main(*args, **kwargs)[0m [36mcmd_type[0m=[35melt[0m [36mname[0m=[35mmeltano[0m [36mrun_id[0m=[35mce0cec34-5b96-4c67-abc2-2a5fd30061f2[0m [36mstate_id[0m=[35m2025-06-23T214937--tap-csv--target-csv-csv[0m [36mstdio[0m=[35mstderr[0m
[2025-06-23T21:49:38.376+0000] {docker.py:429} INFO - [2m2025-06-23T21:49:38.374696Z[0m [[32m[1minfo     [0m] [1m  File "/opt/meltano/.meltano/extractors/tap-csv/venv/lib/python3.10/site-packages/click/core.py", line 1362, in main[0m [36mcmd_type[0m=[35melt[0m [36mname[0m=[35mmeltano[0m [36mrun_id[0m=[35mce0cec34-5b96-4c67-abc2-2a5fd30061f2[0m [36mstate_id[0m=[35m2025-06-23T214937--tap-csv--target-csv-csv[0m [36mstdio[0m=[35mstderr[0m
[2025-06-23T21:49:38.376+0000] {docker.py:429} INFO - [2m2025-06-23T21:49:38.374962Z[0m [[32m[1minfo     [0m] [1m    with self.make_context(prog_name, args, **extra) as ctx:[0m [36mcmd_type[0m=[35melt[0m [36mname[0m=[35mmeltano[0m [36mrun_id[0m=[35mce0cec34-5b96-4c67-abc2-2a5fd30061f2[0m [36mstate_id[0m=[35m2025-06-23T214937--tap-csv--target-csv-csv[0m [36mstdio[0m=[35mstderr[0m
[2025-06-23T21:49:38.376+0000] {docker.py:429} INFO - [2m2025-06-23T21:49:38.375274Z[0m [[32m[1minfo     [0m] [1m  File "/opt/meltano/.meltano/extractors/tap-csv/venv/lib/python3.10/site-packages/click/core.py", line 1186, in make_context[0m [36mcmd_type[0m=[35melt[0m [36mname[0m=[35mmeltano[0m [36mrun_id[0m=[35mce0cec34-5b96-4c67-abc2-2a5fd30061f2[0m [36mstate_id[0m=[35m2025-06-23T214937--tap-csv--target-csv-csv[0m [36mstdio[0m=[35mstderr[0m
[2025-06-23T21:49:38.377+0000] {docker.py:429} INFO - [2m2025-06-23T21:49:38.375593Z[0m [[32m[1minfo     [0m] [1m    self.parse_args(ctx, args)[0m [36mcmd_type[0m=[35melt[0m [36mname[0m=[35mmeltano[0m [36mrun_id[0m=[35mce0cec34-5b96-4c67-abc2-2a5fd30061f2[0m [36mstate_id[0m=[35m2025-06-23T214937--tap-csv--target-csv-csv[0m [36mstdio[0m=[35mstderr[0m
[2025-06-23T21:49:38.377+0000] {docker.py:429} INFO - [2m2025-06-23T21:49:38.376604Z[0m [[32m[1minfo     [0m] [1m  File "/opt/meltano/.meltano/extractors/tap-csv/venv/lib/python3.10/site-packages/click/core.py", line 1197, in parse_args[0m [36mcmd_type[0m=[35melt[0m [36mname[0m=[35mmeltano[0m [36mrun_id[0m=[35mce0cec34-5b96-4c67-abc2-2a5fd30061f2[0m [36mstate_id[0m=[35m2025-06-23T214937--tap-csv--target-csv-csv[0m [36mstdio[0m=[35mstderr[0m
[2025-06-23T21:49:38.377+0000] {docker.py:429} INFO - [2m2025-06-23T21:49:38.376985Z[0m [[32m[1minfo     [0m] [1m    value, args = param.handle_parse_result(ctx, opts, args)[0m [36mcmd_type[0m=[35melt[0m [36mname[0m=[35mmeltano[0m [36mrun_id[0m=[35mce0cec34-5b96-4c67-abc2-2a5fd30061f2[0m [36mstate_id[0m=[35m2025-06-23T214937--tap-csv--target-csv-csv[0m [36mstdio[0m=[35mstderr[0m
[2025-06-23T21:49:38.378+0000] {docker.py:429} INFO - [2m2025-06-23T21:49:38.377430Z[0m [[32m[1minfo     [0m] [1m  File "/opt/meltano/.meltano/extractors/tap-csv/venv/lib/python3.10/site-packages/click/core.py", line 2416, in handle_parse_result[0m [36mcmd_type[0m=[35melt[0m [36mname[0m=[35mmeltano[0m [36mrun_id[0m=[35mce0cec34-5b96-4c67-abc2-2a5fd30061f2[0m [36mstate_id[0m=[35m2025-06-23T214937--tap-csv--target-csv-csv[0m [36mstdio[0m=[35mstderr[0m
[2025-06-23T21:49:38.378+0000] {docker.py:429} INFO - [2m2025-06-23T21:49:38.378073Z[0m [[32m[1minfo     [0m] [1m    value = self.process_value(ctx, value)[0m [36mcmd_type[0m=[35melt[0m [36mname[0m=[35mmeltano[0m [36mrun_id[0m=[35mce0cec34-5b96-4c67-abc2-2a5fd30061f2[0m [36mstate_id[0m=[35m2025-06-23T214937--tap-csv--target-csv-csv[0m [36mstdio[0m=[35mstderr[0m
[2025-06-23T21:49:38.379+0000] {docker.py:429} INFO - [2m2025-06-23T21:49:38.378605Z[0m [[32m[1minfo     [0m] [1m  File "/opt/meltano/.meltano/extractors/tap-csv/venv/lib/python3.10/site-packages/click/core.py", line 2355, in process_value[0m [36mcmd_type[0m=[35melt[0m [36mname[0m=[35mmeltano[0m [36mrun_id[0m=[35mce0cec34-5b96-4c67-abc2-2a5fd30061f2[0m [36mstate_id[0m=[35m2025-06-23T214937--tap-csv--target-csv-csv[0m [36mstdio[0m=[35mstderr[0m
[2025-06-23T21:49:38.379+0000] {docker.py:429} INFO - [2m2025-06-23T21:49:38.379188Z[0m [[32m[1minfo     [0m] [1m    value = self.callback(ctx, self, value)[0m [36mcmd_type[0m=[35melt[0m [36mname[0m=[35mmeltano[0m [36mrun_id[0m=[35mce0cec34-5b96-4c67-abc2-2a5fd30061f2[0m [36mstate_id[0m=[35m2025-06-23T214937--tap-csv--target-csv-csv[0m [36mstdio[0m=[35mstderr[0m
[2025-06-23T21:49:38.380+0000] {docker.py:429} INFO - [2m2025-06-23T21:49:38.379749Z[0m [[32m[1minfo     [0m] [1m  File "/opt/meltano/.meltano/extractors/tap-csv/venv/lib/python3.10/site-packages/singer_sdk/tap_base.py", line 555, in cb_discover[0m [36mcmd_type[0m=[35melt[0m [36mname[0m=[35mmeltano[0m [36mrun_id[0m=[35mce0cec34-5b96-4c67-abc2-2a5fd30061f2[0m [36mstate_id[0m=[35m2025-06-23T214937--tap-csv--target-csv-csv[0m [36mstdio[0m=[35mstderr[0m
[2025-06-23T21:49:38.381+0000] {docker.py:429} INFO - [2m2025-06-23T21:49:38.380454Z[0m [[32m[1minfo     [0m] [1m    tap.run_discovery()       [0m [36mcmd_type[0m=[35melt[0m [36mname[0m=[35mmeltano[0m [36mrun_id[0m=[35mce0cec34-5b96-4c67-abc2-2a5fd30061f2[0m [36mstate_id[0m=[35m2025-06-23T214937--tap-csv--target-csv-csv[0m [36mstdio[0m=[35mstderr[0m
[2025-06-23T21:49:38.381+0000] {docker.py:429} INFO - [2m2025-06-23T21:49:38.380815Z[0m [[32m[1minfo     [0m] [1m  File "/opt/meltano/.meltano/extractors/tap-csv/venv/lib/python3.10/site-packages/singer_sdk/tap_base.py", line 309, in run_discovery[0m [36mcmd_type[0m=[35melt[0m [36mname[0m=[35mmeltano[0m [36mrun_id[0m=[35mce0cec34-5b96-4c67-abc2-2a5fd30061f2[0m [36mstate_id[0m=[35m2025-06-23T214937--tap-csv--target-csv-csv[0m [36mstdio[0m=[35mstderr[0m
[2025-06-23T21:49:38.381+0000] {docker.py:429} INFO - [2m2025-06-23T21:49:38.381174Z[0m [[32m[1minfo     [0m] [1m    catalog_text = self.catalog_json_text[0m [36mcmd_type[0m=[35melt[0m [36mname[0m=[35mmeltano[0m [36mrun_id[0m=[35mce0cec34-5b96-4c67-abc2-2a5fd30061f2[0m [36mstate_id[0m=[35m2025-06-23T214937--tap-csv--target-csv-csv[0m [36mstdio[0m=[35mstderr[0m
[2025-06-23T21:49:38.382+0000] {docker.py:429} INFO - [2m2025-06-23T21:49:38.381522Z[0m [[32m[1minfo     [0m] [1m  File "/opt/meltano/.meltano/extractors/tap-csv/venv/lib/python3.10/site-packages/singer_sdk/tap_base.py", line 329, in catalog_json_text[0m [36mcmd_type[0m=[35melt[0m [36mname[0m=[35mmeltano[0m [36mrun_id[0m=[35mce0cec34-5b96-4c67-abc2-2a5fd30061f2[0m [36mstate_id[0m=[35m2025-06-23T214937--tap-csv--target-csv-csv[0m [36mstdio[0m=[35mstderr[0m
[2025-06-23T21:49:38.382+0000] {docker.py:429} INFO - [2m2025-06-23T21:49:38.381927Z[0m [[32m[1minfo     [0m] [1m    return dump_json(self.catalog_dict, indent=2)[0m [36mcmd_type[0m=[35melt[0m [36mname[0m=[35mmeltano[0m [36mrun_id[0m=[35mce0cec34-5b96-4c67-abc2-2a5fd30061f2[0m [36mstate_id[0m=[35m2025-06-23T214937--tap-csv--target-csv-csv[0m [36mstdio[0m=[35mstderr[0m
[2025-06-23T21:49:38.382+0000] {docker.py:429} INFO - [2m2025-06-23T21:49:38.382248Z[0m [[32m[1minfo     [0m] [1m  File "/opt/meltano/.meltano/extractors/tap-csv/venv/lib/python3.10/site-packages/singer_sdk/tap_base.py", line 320, in catalog_dict[0m [36mcmd_type[0m=[35melt[0m [36mname[0m=[35mmeltano[0m [36mrun_id[0m=[35mce0cec34-5b96-4c67-abc2-2a5fd30061f2[0m [36mstate_id[0m=[35m2025-06-23T214937--tap-csv--target-csv-csv[0m [36mstdio[0m=[35mstderr[0m
[2025-06-23T21:49:38.383+0000] {docker.py:429} INFO - [2m2025-06-23T21:49:38.382579Z[0m [[32m[1minfo     [0m] [1m    return t.cast("dict", self._singer_catalog.to_dict())[0m [36mcmd_type[0m=[35melt[0m [36mname[0m=[35mmeltano[0m [36mrun_id[0m=[35mce0cec34-5b96-4c67-abc2-2a5fd30061f2[0m [36mstate_id[0m=[35m2025-06-23T214937--tap-csv--target-csv-csv[0m [36mstdio[0m=[35mstderr[0m
[2025-06-23T21:49:38.383+0000] {docker.py:429} INFO - [2m2025-06-23T21:49:38.382897Z[0m [[32m[1minfo     [0m] [1m  File "/opt/meltano/.meltano/extractors/tap-csv/venv/lib/python3.10/site-packages/singer_sdk/tap_base.py", line 340, in _singer_catalog[0m [36mcmd_type[0m=[35melt[0m [36mname[0m=[35mmeltano[0m [36mrun_id[0m=[35mce0cec34-5b96-4c67-abc2-2a5fd30061f2[0m [36mstate_id[0m=[35m2025-06-23T214937--tap-csv--target-csv-csv[0m [36mstdio[0m=[35mstderr[0m
[2025-06-23T21:49:38.383+0000] {docker.py:429} INFO - [2m2025-06-23T21:49:38.383209Z[0m [[32m[1minfo     [0m] [1m    for stream in self.streams.values()[0m [36mcmd_type[0m=[35melt[0m [36mname[0m=[35mmeltano[0m [36mrun_id[0m=[35mce0cec34-5b96-4c67-abc2-2a5fd30061f2[0m [36mstate_id[0m=[35m2025-06-23T214937--tap-csv--target-csv-csv[0m [36mstdio[0m=[35mstderr[0m
[2025-06-23T21:49:38.383+0000] {docker.py:429} INFO - [2m2025-06-23T21:49:38.383525Z[0m [[32m[1minfo     [0m] [1m  File "/opt/meltano/.meltano/extractors/tap-csv/venv/lib/python3.10/site-packages/singer_sdk/tap_base.py", line 149, in streams[0m [36mcmd_type[0m=[35melt[0m [36mname[0m=[35mmeltano[0m [36mrun_id[0m=[35mce0cec34-5b96-4c67-abc2-2a5fd30061f2[0m [36mstate_id[0m=[35m2025-06-23T214937--tap-csv--target-csv-csv[0m [36mstdio[0m=[35mstderr[0m
[2025-06-23T21:49:38.384+0000] {docker.py:429} INFO - [2m2025-06-23T21:49:38.383854Z[0m [[32m[1minfo     [0m] [1m    for stream in self.load_streams():[0m [36mcmd_type[0m=[35melt[0m [36mname[0m=[35mmeltano[0m [36mrun_id[0m=[35mce0cec34-5b96-4c67-abc2-2a5fd30061f2[0m [36mstate_id[0m=[35m2025-06-23T214937--tap-csv--target-csv-csv[0m [36mstdio[0m=[35mstderr[0m
[2025-06-23T21:49:38.384+0000] {docker.py:429} INFO - [2m2025-06-23T21:49:38.384171Z[0m [[32m[1minfo     [0m] [1m  File "/opt/meltano/.meltano/extractors/tap-csv/venv/lib/python3.10/site-packages/singer_sdk/tap_base.py", line 373, in load_streams[0m [36mcmd_type[0m=[35melt[0m [36mname[0m=[35mmeltano[0m [36mrun_id[0m=[35mce0cec34-5b96-4c67-abc2-2a5fd30061f2[0m [36mstate_id[0m=[35m2025-06-23T214937--tap-csv--target-csv-csv[0m [36mstdio[0m=[35mstderr[0m
[2025-06-23T21:49:38.385+0000] {docker.py:429} INFO - [2m2025-06-23T21:49:38.384501Z[0m [[32m[1minfo     [0m] [1m    for stream in self.discover_streams():[0m [36mcmd_type[0m=[35melt[0m [36mname[0m=[35mmeltano[0m [36mrun_id[0m=[35mce0cec34-5b96-4c67-abc2-2a5fd30061f2[0m [36mstate_id[0m=[35m2025-06-23T214937--tap-csv--target-csv-csv[0m [36mstdio[0m=[35mstderr[0m
[2025-06-23T21:49:38.386+0000] {docker.py:429} INFO - [2m2025-06-23T21:49:38.384843Z[0m [[32m[1minfo     [0m] [1m  File "/opt/meltano/.meltano/extractors/tap-csv/venv/lib/python3.10/site-packages/tap_csv/tap.py", line 89, in discover_streams[0m [36mcmd_type[0m=[35melt[0m [36mname[0m=[35mmeltano[0m [36mrun_id[0m=[35mce0cec34-5b96-4c67-abc2-2a5fd30061f2[0m [36mstate_id[0m=[35m2025-06-23T214937--tap-csv--target-csv-csv[0m [36mstdio[0m=[35mstderr[0m
[2025-06-23T21:49:38.386+0000] {docker.py:429} INFO - [2m2025-06-23T21:49:38.385167Z[0m [[32m[1minfo     [0m] [1m    return [                  [0m [36mcmd_type[0m=[35melt[0m [36mname[0m=[35mmeltano[0m [36mrun_id[0m=[35mce0cec34-5b96-4c67-abc2-2a5fd30061f2[0m [36mstate_id[0m=[35m2025-06-23T214937--tap-csv--target-csv-csv[0m [36mstdio[0m=[35mstderr[0m
[2025-06-23T21:49:38.387+0000] {docker.py:429} INFO - [2m2025-06-23T21:49:38.385530Z[0m [[32m[1minfo     [0m] [1m  File "/opt/meltano/.meltano/extractors/tap-csv/venv/lib/python3.10/site-packages/tap_csv/tap.py", line 90, in <listcomp>[0m [36mcmd_type[0m=[35melt[0m [36mname[0m=[35mmeltano[0m [36mrun_id[0m=[35mce0cec34-5b96-4c67-abc2-2a5fd30061f2[0m [36mstate_id[0m=[35m2025-06-23T214937--tap-csv--target-csv-csv[0m [36mstdio[0m=[35mstderr[0m
[2025-06-23T21:49:38.387+0000] {docker.py:429} INFO - [2m2025-06-23T21:49:38.385909Z[0m [[32m[1minfo     [0m] [1m    CSVStream(                [0m [36mcmd_type[0m=[35melt[0m [36mname[0m=[35mmeltano[0m [36mrun_id[0m=[35mce0cec34-5b96-4c67-abc2-2a5fd30061f2[0m [36mstate_id[0m=[35m2025-06-23T214937--tap-csv--target-csv-csv[0m [36mstdio[0m=[35mstderr[0m
[2025-06-23T21:49:38.389+0000] {docker.py:429} INFO - [2m2025-06-23T21:49:38.386236Z[0m [[32m[1minfo     [0m] [1m  File "/opt/meltano/.meltano/extractors/tap-csv/venv/lib/python3.10/site-packages/tap_csv/client.py", line 32, in __init__[0m [36mcmd_type[0m=[35melt[0m [36mname[0m=[35mmeltano[0m [36mrun_id[0m=[35mce0cec34-5b96-4c67-abc2-2a5fd30061f2[0m [36mstate_id[0m=[35m2025-06-23T214937--tap-csv--target-csv-csv[0m [36mstdio[0m=[35mstderr[0m
[2025-06-23T21:49:38.391+0000] {docker.py:429} INFO - [2m2025-06-23T21:49:38.386533Z[0m [[32m[1minfo     [0m] [1m    super().__init__(*args, **kwargs)[0m [36mcmd_type[0m=[35melt[0m [36mname[0m=[35mmeltano[0m [36mrun_id[0m=[35mce0cec34-5b96-4c67-abc2-2a5fd30061f2[0m [36mstate_id[0m=[35m2025-06-23T214937--tap-csv--target-csv-csv[0m [36mstdio[0m=[35mstderr[0m
[2025-06-23T21:49:38.392+0000] {docker.py:429} INFO - [2m2025-06-23T21:49:38.386839Z[0m [[32m[1minfo     [0m] [1m  File "/opt/meltano/.meltano/extractors/tap-csv/venv/lib/python3.10/site-packages/singer_sdk/streams/core.py", line 182, in __init__[0m [36mcmd_type[0m=[35melt[0m [36mname[0m=[35mmeltano[0m [36mrun_id[0m=[35mce0cec34-5b96-4c67-abc2-2a5fd30061f2[0m [36mstate_id[0m=[35m2025-06-23T214937--tap-csv--target-csv-csv[0m [36mstdio[0m=[35mstderr[0m
[2025-06-23T21:49:38.393+0000] {docker.py:429} INFO - [2m2025-06-23T21:49:38.387137Z[0m [[32m[1minfo     [0m] [1m    if not self.schema:       [0m [36mcmd_type[0m=[35melt[0m [36mname[0m=[35mmeltano[0m [36mrun_id[0m=[35mce0cec34-5b96-4c67-abc2-2a5fd30061f2[0m [36mstate_id[0m=[35m2025-06-23T214937--tap-csv--target-csv-csv[0m [36mstdio[0m=[35mstderr[0m
[2025-06-23T21:49:38.393+0000] {docker.py:429} INFO - [2m2025-06-23T21:49:38.387398Z[0m [[32m[1minfo     [0m] [1m  File "/usr/local/lib/python3.10/functools.py", line 981, in __get__[0m [36mcmd_type[0m=[35melt[0m [36mname[0m=[35mmeltano[0m [36mrun_id[0m=[35mce0cec34-5b96-4c67-abc2-2a5fd30061f2[0m [36mstate_id[0m=[35m2025-06-23T214937--tap-csv--target-csv-csv[0m [36mstdio[0m=[35mstderr[0m
[2025-06-23T21:49:38.393+0000] {docker.py:429} INFO - [2m2025-06-23T21:49:38.387705Z[0m [[32m[1minfo     [0m] [1m    val = self.func(instance) [0m [36mcmd_type[0m=[35melt[0m [36mname[0m=[35mmeltano[0m [36mrun_id[0m=[35mce0cec34-5b96-4c67-abc2-2a5fd30061f2[0m [36mstate_id[0m=[35m2025-06-23T214937--tap-csv--target-csv-csv[0m [36mstdio[0m=[35mstderr[0m
[2025-06-23T21:49:38.394+0000] {docker.py:429} INFO - [2m2025-06-23T21:49:38.388039Z[0m [[32m[1minfo     [0m] [1m  File "/opt/meltano/.meltano/extractors/tap-csv/venv/lib/python3.10/site-packages/tap_csv/client.py", line 137, in schema[0m [36mcmd_type[0m=[35melt[0m [36mname[0m=[35mmeltano[0m [36mrun_id[0m=[35mce0cec34-5b96-4c67-abc2-2a5fd30061f2[0m [36mstate_id[0m=[35m2025-06-23T214937--tap-csv--target-csv-csv[0m [36mstdio[0m=[35mstderr[0m
[2025-06-23T21:49:38.394+0000] {docker.py:429} INFO - [2m2025-06-23T21:49:38.388366Z[0m [[32m[1minfo     [0m] [1m    for file_path in self.get_file_paths():[0m [36mcmd_type[0m=[35melt[0m [36mname[0m=[35mmeltano[0m [36mrun_id[0m=[35mce0cec34-5b96-4c67-abc2-2a5fd30061f2[0m [36mstate_id[0m=[35m2025-06-23T214937--tap-csv--target-csv-csv[0m [36mstdio[0m=[35mstderr[0m
[2025-06-23T21:49:38.394+0000] {docker.py:429} INFO - [2m2025-06-23T21:49:38.388680Z[0m [[32m[1minfo     [0m] [1m  File "/opt/meltano/.meltano/extractors/tap-csv/venv/lib/python3.10/site-packages/tap_csv/client.py", line 82, in get_file_paths[0m [36mcmd_type[0m=[35melt[0m [36mname[0m=[35mmeltano[0m [36mrun_id[0m=[35mce0cec34-5b96-4c67-abc2-2a5fd30061f2[0m [36mstate_id[0m=[35m2025-06-23T214937--tap-csv--target-csv-csv[0m [36mstdio[0m=[35mstderr[0m
[2025-06-23T21:49:38.395+0000] {docker.py:429} INFO - [2m2025-06-23T21:49:38.388961Z[0m [[32m[1minfo     [0m] [1m    raise Exception(f"File path does not exist {file_path}")[0m [36mcmd_type[0m=[35melt[0m [36mname[0m=[35mmeltano[0m [36mrun_id[0m=[35mce0cec34-5b96-4c67-abc2-2a5fd30061f2[0m [36mstate_id[0m=[35m2025-06-23T214937--tap-csv--target-csv-csv[0m [36mstdio[0m=[35mstderr[0m
[2025-06-23T21:49:38.395+0000] {docker.py:429} INFO - [2m2025-06-23T21:49:38.389357Z[0m [[32m[1minfo     [0m] [1mException: File path does not exist /mnt/d/Downloads/order_details.csv[0m [36mcmd_type[0m=[35melt[0m [36mname[0m=[35mmeltano[0m [36mrun_id[0m=[35mce0cec34-5b96-4c67-abc2-2a5fd30061f2[0m [36mstate_id[0m=[35m2025-06-23T214937--tap-csv--target-csv-csv[0m [36mstdio[0m=[35mstderr[0m
[2025-06-23T21:49:38.395+0000] {docker.py:429} INFO - [2m2025-06-23T21:49:38.389700Z[0m [[32m[1minfo     [0m] [1m.                             [0m [36mcmd_type[0m=[35melt[0m [36mname[0m=[35mmeltano[0m [36mrun_id[0m=[35mce0cec34-5b96-4c67-abc2-2a5fd30061f2[0m [36mstate_id[0m=[35m2025-06-23T214937--tap-csv--target-csv-csv[0m [36mstdio[0m=[35mstderr[0m
[2m2025-06-23T21:49:38.390248Z[0m [[32m[1minfo     [0m] [1mFor more detailed log messages re-run the command using 'meltano --log-level=debug ...' CLI flag.[0m [36mcmd_type[0m=[35melt[0m [36mname[0m=[35mmeltano[0m [36mrun_id[0m=[35mce0cec34-5b96-4c67-abc2-2a5fd30061f2[0m [36mstate_id[0m=[35m2025-06-23T214937--tap-csv--target-csv-csv[0m [36mstdio[0m=[35mstderr[0m
[2m2025-06-23T21:49:38.390664Z[0m [[32m[1minfo     [0m] [1mNote that you can also check the generated log file at '/opt/meltano/.meltano/logs/elt/2025-06-23T214937--tap-csv--target-csv-csv/ce0cec34-5b96-4c67-abc2-2a5fd30061f2/elt.log'.[0m [36mcmd_type[0m=[35melt[0m [36mname[0m=[35mmeltano[0m [36mrun_id[0m=[35mce0cec34-5b96-4c67-abc2-2a5fd30061f2[0m [36mstate_id[0m=[35m2025-06-23T214937--tap-csv--target-csv-csv[0m [36mstdio[0m=[35mstderr[0m
[2m2025-06-23T21:49:38.390970Z[0m [[32m[1minfo     [0m] [1mFor more information on debugging and logging: https://docs.meltano.com/reference/command-line-interface#debugging[0m [36mcmd_type[0m=[35melt[0m [36mname[0m=[35mmeltano[0m [36mrun_id[0m=[35mce0cec34-5b96-4c67-abc2-2a5fd30061f2[0m [36mstate_id[0m=[35m2025-06-23T214937--tap-csv--target-csv-csv[0m [36mstdio[0m=[35mstderr[0m
[2025-06-23T21:49:38.406+0000] {docker.py:429} INFO - Need help fixing this problem? Visit http://melta.no/ for troubleshooting steps, or to
join our friendly Slack community.

ELT could not be completed: Cannot start extractor: Catalog discovery failed: command ['/opt/meltano/.meltano/extractors/tap-csv/venv/bin/tap-csv', '--config', '/opt/meltano/.meltano/run/elt/2025-06-23T214937--tap-csv--target-csv-csv/ce0cec34-5b96-4c67-abc2-2a5fd30061f2/tap.2732bf10-d74d-454a-936c-6e01ede6c459.config.json', '--discover'] returned 1 with stderr:
 Traceback (most recent call last):
  File "/opt/meltano/.meltano/extractors/tap-csv/venv/bin/tap-csv", line 8, in <module>
    sys.exit(TapCSV.cli())
  File "/opt/meltano/.meltano/extractors/tap-csv/venv/lib/python3.10/site-packages/click/core.py", line 1442, in __call__
    return self.main(*args, **kwargs)
  File "/opt/meltano/.meltano/extractors/tap-csv/venv/lib/python3.10/site-packages/click/core.py", line 1362, in main
    with self.make_context(prog_name, args, **extra) as ctx:
  File "/opt/meltano/.meltano/extractors/tap-csv/venv/lib/python3.10/site-packages/click/core.py", line 1186, in make_context
    self.parse_args(ctx, args)
  File "/opt/meltano/.meltano/extractors/tap-csv/venv/lib/python3.10/site-packages/click/core.py", line 1197, in parse_args
    value, args = param.handle_parse_result(ctx, opts, args)
  File "/opt/meltano/.meltano/extractors/tap-csv/venv/lib/python3.10/site-packages/click/core.py", line 2416, in handle_parse_result
    value = self.process_value(ctx, value)
  File "/opt/meltano/.meltano/extractors/tap-csv/venv/lib/python3.10/site-packages/click/core.py", line 2355, in process_value
    value = self.callback(ctx, self, value)
  File "/opt/meltano/.meltano/extractors/tap-csv/venv/lib/python3.10/site-packages/singer_sdk/tap_base.py", line 555, in cb_discover
    tap.run_discovery()
  File "/opt/meltano/.meltano/extractors/tap-csv/venv/lib/python3.10/site-packages/singer_sdk/tap_base.py", line 309, in run_discovery
    catalog_text = self.catalog_json_text
  File "/opt/meltano/.meltano/extractors/tap-csv/venv/lib/python3.10/site-packages/singer_sdk/tap_base.py", line 329, in catalog_json_text
    return dump_json(self.catalog_dict, indent=2)
  File "/opt/meltano/.meltano/extractors/tap-csv/venv/lib/python3.10/site-packages/singer_sdk/tap_base.py", line 320, in catalog_dict
    return t.cast("dict", self._singer_catalog.to_dict())
  File "/opt/meltano/.meltano/extractors/tap-csv/venv/lib/python3.10/site-packages/singer_sdk/tap_base.py", line 340, in _singer_catalog
    for stream in self.streams.values()
  File "/opt/meltano/.meltano/extractors/tap-csv/venv/lib/python3.10/site-packages/singer_sdk/tap_base.py", line 149, in streams
    for stream in self.load_streams():
  File "/opt/meltano/.meltano/extractors/tap-csv/venv/lib/python3.10/site-packages/singer_sdk/tap_base.py", line 373, in load_streams
    for stream in self.discover_streams():
  File "/opt/meltano/.meltano/extractors/tap-csv/venv/lib/python3.10/site-packages/tap_csv/tap.py", line 89, in discover_streams
    return [
  File "/opt/meltano/.meltano/extractors/tap-csv/venv/lib/python3.10/site-packages/tap_csv/tap.py", line 90, in <listcomp>
    CSVStream(
  File "/opt/meltano/.meltano/extractors/tap-csv/venv/lib/python3.10/site-packages/tap_csv/client.py", line 32, in __init__
    super().__init__(*args, **kwargs)
  File "/opt/meltano/.meltano/extractors/tap-csv/venv/lib/python3.10/site-packages/singer_sdk/streams/core.py", line 182, in __init__
    if not self.schema:
  File "/usr/local/lib/python3.10/functools.py", line 981, in __get__
    val = self.func(instance)
  File "/opt/meltano/.meltano/extractors/tap-csv/venv/lib/python3.10/site-packages/tap_csv/client.py", line 137, in schema
    for file_path in self.get_file_paths():
  File "/opt/meltano/.meltano/extractors/tap-csv/venv/lib/python3.10/site-packages/tap_csv/client.py", line 82, in get_file_paths
    raise Exception(f"File path does not exist {file_path}")
Exception: File path does not exist /mnt/d/Downloads/order_details.csv
.
For more detailed log messages re-run the command using 'meltano --log-level=debug ...' CLI flag.
Note that you can also check the generated log file at '/opt/meltano/.meltano/logs/elt/2025-06-23T214937--tap-csv--target-csv-csv/ce0cec34-5b96-4c67-abc2-2a5fd30061f2/elt.log'.
For more information on debugging and logging: https://docs.meltano.com/reference/command-line-interface#debugging
[2025-06-23T21:49:37.241+0000] {taskinstance.py:2698} ERROR - Task failed with exception
Traceback (most recent call last):
  File "/home/airflow/.local/lib/python3.10/site-packages/airflow/models/taskinstance.py", line 433, in _execute_task
    result = execute_callable(context=context, **execute_callable_kwargs)
  File "/home/airflow/.local/lib/python3.10/site-packages/airflow/providers/docker/operators/docker.py", line 502, in execute
    return self._run_image()
  File "/home/airflow/.local/lib/python3.10/site-packages/airflow/providers/docker/operators/docker.py", line 376, in _run_image
    return self._run_image_with_mounts(self.mounts, add_tmp_variable=False)
  File "/home/airflow/.local/lib/python3.10/site-packages/airflow/providers/docker/operators/docker.py", line 437, in _run_image_with_mounts
    raise DockerContainerFailedException(f"Docker container failed: {result!r}", logs=log_lines)
airflow.providers.docker.exceptions.DockerContainerFailedException: Docker container failed: {'StatusCode': 1}
[2025-06-23T21:49:37.249+0000] {taskinstance.py:1138} INFO - Marking task as FAILED. dag_id=northwind, task_id=extração_csv, execution_date=20250623T214331, start_date=20250623T214922, end_date=20250623T214937
[2025-06-23T21:49:37.375+0000] {logging_mixin.py:188} WARNING - /home/***/.local/lib/python3.10/site-packages/***/utils/email.py:154 RemovedInAirflow3Warning: Fetching SMTP credentials from configuration variables will be deprecated in a future release. Please set credentials using a connection instead.
[2025-06-23T21:49:37.375+0000] {configuration.py:1046} WARNING - section/key [smtp/smtp_user] not found in config
[2025-06-23T21:49:37.376+0000] {email.py:270} INFO - Email alerting: attempt 1
[2025-06-23T21:49:37.396+0000] {configuration.py:1046} WARNING - section/key [smtp/smtp_user] not found in config
[2025-06-23T21:49:37.397+0000] {email.py:270} INFO - Email alerting: attempt 1
[2025-06-23T21:49:37.398+0000] {taskinstance.py:826} ERROR - Failed to send email to: ['lrbf@cin.ufpe.br']
Traceback (most recent call last):
  File "/home/airflow/.local/lib/python3.10/site-packages/airflow/models/taskinstance.py", line 2334, in _run_raw_task
    self._execute_task_with_callbacks(context, test_mode, session=session)
  File "/home/airflow/.local/lib/python3.10/site-packages/airflow/models/taskinstance.py", line 2499, in _execute_task_with_callbacks
    result = self._execute_task(context, task_orig)
  File "/home/airflow/.local/lib/python3.10/site-packages/airflow/models/taskinstance.py", line 2516, in _execute_task
    return _execute_task(self, context, task_orig)
  File "/home/airflow/.local/lib/python3.10/site-packages/airflow/models/taskinstance.py", line 433, in _execute_task
    result = execute_callable(context=context, **execute_callable_kwargs)
  File "/home/airflow/.local/lib/python3.10/site-packages/airflow/providers/docker/operators/docker.py", line 502, in execute
    return self._run_image()
  File "/home/airflow/.local/lib/python3.10/site-packages/airflow/providers/docker/operators/docker.py", line 376, in _run_image
    return self._run_image_with_mounts(self.mounts, add_tmp_variable=False)
  File "/home/airflow/.local/lib/python3.10/site-packages/airflow/providers/docker/operators/docker.py", line 437, in _run_image_with_mounts
    raise DockerContainerFailedException(f"Docker container failed: {result!r}", logs=log_lines)
airflow.providers.docker.exceptions.DockerContainerFailedException: Docker container failed: {'StatusCode': 1}

During handling of the above exception, another exception occurred:

Traceback (most recent call last):
  File "/home/airflow/.local/lib/python3.10/site-packages/airflow/models/taskinstance.py", line 1000, in _email_alert
    send_email(task.email, subject, html_content)
  File "/home/airflow/.local/lib/python3.10/site-packages/airflow/utils/email.py", line 80, in send_email
    return backend(
  File "/home/airflow/.local/lib/python3.10/site-packages/airflow/utils/email.py", line 154, in send_email_smtp
    send_mime_email(e_from=mail_from, e_to=recipients, mime_msg=msg, conn_id=conn_id, dryrun=dryrun)
  File "/home/airflow/.local/lib/python3.10/site-packages/airflow/utils/email.py", line 272, in send_mime_email
    smtp_conn = _get_smtp_connection(smtp_host, smtp_port, smtp_timeout, smtp_ssl)
  File "/home/airflow/.local/lib/python3.10/site-packages/airflow/utils/email.py", line 316, in _get_smtp_connection
    return smtplib.SMTP(host=host, port=port, timeout=timeout)
  File "/usr/local/lib/python3.10/smtplib.py", line 255, in __init__
    (code, msg) = self.connect(host, port)
  File "/usr/local/lib/python3.10/smtplib.py", line 341, in connect
    self.sock = self._get_socket(host, port, self.timeout)
  File "/usr/local/lib/python3.10/smtplib.py", line 312, in _get_socket
    return socket.create_connection((host, port), timeout,
  File "/usr/local/lib/python3.10/socket.py", line 845, in create_connection
    raise err
  File "/usr/local/lib/python3.10/socket.py", line 833, in create_connection
    sock.connect(sa)
ConnectionRefusedError: [Errno 111] Connection refused

During handling of the above exception, another exception occurred:

Traceback (most recent call last):
  File "/home/airflow/.local/lib/python3.10/site-packages/airflow/models/taskinstance.py", line 824, in _handle_failure
    task_instance.email_alert(error, failure_context["task"])
  File "/home/airflow/.local/lib/python3.10/site-packages/airflow/models/taskinstance.py", line 2946, in email_alert
    _email_alert(task_instance=self, exception=exception, task=task)
  File "/home/airflow/.local/lib/python3.10/site-packages/airflow/models/taskinstance.py", line 1002, in _email_alert
    send_email(task.email, subject, html_content_err)
  File "/home/airflow/.local/lib/python3.10/site-packages/airflow/utils/email.py", line 80, in send_email
    return backend(
  File "/home/airflow/.local/lib/python3.10/site-packages/airflow/utils/email.py", line 154, in send_email_smtp
    send_mime_email(e_from=mail_from, e_to=recipients, mime_msg=msg, conn_id=conn_id, dryrun=dryrun)
  File "/home/airflow/.local/lib/python3.10/site-packages/airflow/utils/email.py", line 272, in send_mime_email
    smtp_conn = _get_smtp_connection(smtp_host, smtp_port, smtp_timeout, smtp_ssl)
  File "/home/airflow/.local/lib/python3.10/site-packages/airflow/utils/email.py", line 316, in _get_smtp_connection
    return smtplib.SMTP(host=host, port=port, timeout=timeout)
  File "/usr/local/lib/python3.10/smtplib.py", line 255, in __init__
    (code, msg) = self.connect(host, port)
  File "/usr/local/lib/python3.10/smtplib.py", line 341, in connect
    self.sock = self._get_socket(host, port, self.timeout)
  File "/usr/local/lib/python3.10/smtplib.py", line 312, in _get_socket
    return socket.create_connection((host, port), timeout,
  File "/usr/local/lib/python3.10/socket.py", line 845, in create_connection
    raise err
  File "/usr/local/lib/python3.10/socket.py", line 833, in create_connection
    sock.connect(sa)
ConnectionRefusedError: [Errno 111] Connection refused
[2025-06-23T21:49:37.423+0000] {standard_task_runner.py:107} ERROR - Failed to execute job 16 for task extração_csv (Docker container failed: {'StatusCode': 1}; 243)
[2025-06-23T21:49:37.445+0000] {local_task_job_runner.py:234} INFO - Task exited with return code 1
[2025-06-23T21:49:37.472+0000] {taskinstance.py:3280} INFO - 0 downstream tasks scheduled from follow-on schedule check
