[2025-06-25T21:09:35.107+0000] {taskinstance.py:1956} INFO - Dependencies all met for dep_context=non-requeueable deps ti=<TaskInstance: northwind.gerar_config_csv_dinamica manual__2025-06-25T21:01:24.669781+00:00 [queued]>
[2025-06-25T21:09:35.127+0000] {taskinstance.py:1956} INFO - Dependencies all met for dep_context=requeueable deps ti=<TaskInstance: northwind.gerar_config_csv_dinamica manual__2025-06-25T21:01:24.669781+00:00 [queued]>
[2025-06-25T21:09:35.128+0000] {taskinstance.py:2170} INFO - Starting attempt 2 of 2
[2025-06-25T21:09:35.147+0000] {taskinstance.py:2191} INFO - Executing <Task(PythonOperator): gerar_config_csv_dinamica> on 2025-06-25 21:01:24.669781+00:00
[2025-06-25T21:09:35.157+0000] {standard_task_runner.py:60} INFO - Started process 170 to run task
[2025-06-25T21:09:35.172+0000] {standard_task_runner.py:87} INFO - Running: ['***', 'tasks', 'run', 'northwind', 'gerar_config_csv_dinamica', 'manual__2025-06-25T21:01:24.669781+00:00', '--job-id', '189', '--raw', '--subdir', 'DAGS_FOLDER/dag.py', '--cfg-path', '/tmp/tmp2l9ikmtw']
[2025-06-25T21:09:35.176+0000] {standard_task_runner.py:88} INFO - Job 189: Subtask gerar_config_csv_dinamica
[2025-06-25T21:09:35.279+0000] {task_command.py:423} INFO - Running <TaskInstance: northwind.gerar_config_csv_dinamica manual__2025-06-25T21:01:24.669781+00:00 [running]> on host 6afc1f3750fb
[2025-06-25T21:09:35.440+0000] {taskinstance.py:2480} INFO - Exporting env vars: AIRFLOW_CTX_DAG_EMAIL='lrbf@cin.ufpe.br' AIRFLOW_CTX_DAG_OWNER='***' AIRFLOW_CTX_DAG_ID='northwind' AIRFLOW_CTX_TASK_ID='gerar_config_csv_dinamica' AIRFLOW_CTX_EXECUTION_DATE='2025-06-25T21:01:24.669781+00:00' AIRFLOW_CTX_TRY_NUMBER='2' AIRFLOW_CTX_DAG_RUN_ID='manual__2025-06-25T21:01:24.669781+00:00'
[2025-06-25T21:09:35.448+0000] {logging_mixin.py:188} INFO - ATENÇÃO: Diretório base '/opt/output_data/csv/order_details' para 'order_details' NÃO EXISTE. Pulando esta entidade.
[2025-06-25T21:09:35.449+0000] {logging_mixin.py:188} INFO - ATENÇÃO: Diretório base '/opt/output_data/postgres/public-categories' para 'public-categories' NÃO EXISTE. Pulando esta entidade.
[2025-06-25T21:09:35.449+0000] {logging_mixin.py:188} INFO - ATENÇÃO: Diretório base '/opt/output_data/postgres/public-products' para 'public-products' NÃO EXISTE. Pulando esta entidade.
[2025-06-25T21:09:35.449+0000] {logging_mixin.py:188} INFO - ATENÇÃO: Diretório base '/opt/output_data/postgres/public-suppliers' para 'public-suppliers' NÃO EXISTE. Pulando esta entidade.
[2025-06-25T21:09:35.450+0000] {logging_mixin.py:188} INFO - ATENÇÃO: Diretório base '/opt/output_data/postgres/public-orders' para 'public-orders' NÃO EXISTE. Pulando esta entidade.
[2025-06-25T21:09:35.450+0000] {logging_mixin.py:188} INFO - ATENÇÃO: Diretório base '/opt/output_data/postgres/public-customers' para 'public-customers' NÃO EXISTE. Pulando esta entidade.
[2025-06-25T21:09:35.450+0000] {logging_mixin.py:188} INFO - ATENÇÃO: Diretório base '/opt/output_data/postgres/public-employees' para 'public-employees' NÃO EXISTE. Pulando esta entidade.
[2025-06-25T21:09:35.450+0000] {logging_mixin.py:188} INFO - ATENÇÃO: Diretório base '/opt/output_data/postgres/public-employee_territories' para 'public-employee_territories' NÃO EXISTE. Pulando esta entidade.
[2025-06-25T21:09:35.451+0000] {logging_mixin.py:188} INFO - ATENÇÃO: Diretório base '/opt/output_data/postgres/public-territories' para 'public-territories' NÃO EXISTE. Pulando esta entidade.
[2025-06-25T21:09:35.451+0000] {logging_mixin.py:188} INFO - ATENÇÃO: Diretório base '/opt/output_data/postgres/public-region' para 'public-region' NÃO EXISTE. Pulando esta entidade.
[2025-06-25T21:09:35.451+0000] {logging_mixin.py:188} INFO - ATENÇÃO: Diretório base '/opt/output_data/postgres/public-shippers' para 'public-shippers' NÃO EXISTE. Pulando esta entidade.
[2025-06-25T21:09:35.451+0000] {logging_mixin.py:188} INFO - ATENÇÃO: Diretório base '/opt/output_data/postgres/public-us_states' para 'public-us_states' NÃO EXISTE. Pulando esta entidade.
[2025-06-25T21:09:35.452+0000] {logging_mixin.py:188} INFO - ✔️ Configuração JSON final para tap-csv-latest:
{
  "files": []
}
[2025-06-25T21:09:35.453+0000] {logging_mixin.py:188} INFO - AVISO: A lista de arquivos CSV gerada para carga está vazia. Nenhuma tabela será carregada.
[2025-06-25T21:09:35.454+0000] {python.py:201} INFO - Done. Returned value was: {"files": []}
[2025-06-25T21:09:35.518+0000] {taskinstance.py:1138} INFO - Marking task as SUCCESS. dag_id=northwind, task_id=gerar_config_csv_dinamica, execution_date=20250625T210124, start_date=20250625T210935, end_date=20250625T210935
[2025-06-25T21:09:35.552+0000] {local_task_job_runner.py:234} INFO - Task exited with return code 0
[2025-06-25T21:09:35.575+0000] {taskinstance.py:3280} INFO - 1 downstream tasks scheduled from follow-on schedule check
