[2025-06-25T21:02:09.780+0000] {taskinstance.py:1956} INFO - Dependencies all met for dep_context=non-requeueable deps ti=<TaskInstance: northwind.gerar_config_csv_dinamica manual__2025-06-25T21:01:24.669781+00:00 [queued]>
[2025-06-25T21:02:09.792+0000] {taskinstance.py:1956} INFO - Dependencies all met for dep_context=requeueable deps ti=<TaskInstance: northwind.gerar_config_csv_dinamica manual__2025-06-25T21:01:24.669781+00:00 [queued]>
[2025-06-25T21:02:09.792+0000] {taskinstance.py:2170} INFO - Starting attempt 1 of 2
[2025-06-25T21:02:09.807+0000] {taskinstance.py:2191} INFO - Executing <Task(PythonOperator): gerar_config_csv_dinamica> on 2025-06-25 21:01:24.669781+00:00
[2025-06-25T21:02:09.811+0000] {standard_task_runner.py:60} INFO - Started process 184 to run task
[2025-06-25T21:02:09.815+0000] {standard_task_runner.py:87} INFO - Running: ['***', 'tasks', 'run', 'northwind', 'gerar_config_csv_dinamica', 'manual__2025-06-25T21:01:24.669781+00:00', '--job-id', '187', '--raw', '--subdir', 'DAGS_FOLDER/dag.py', '--cfg-path', '/tmp/tmp536q4d07']
[2025-06-25T21:02:09.817+0000] {standard_task_runner.py:88} INFO - Job 187: Subtask gerar_config_csv_dinamica
[2025-06-25T21:02:09.864+0000] {task_command.py:423} INFO - Running <TaskInstance: northwind.gerar_config_csv_dinamica manual__2025-06-25T21:01:24.669781+00:00 [running]> on host 6afc1f3750fb
[2025-06-25T21:02:09.943+0000] {taskinstance.py:2480} INFO - Exporting env vars: AIRFLOW_CTX_DAG_EMAIL='lrbf@cin.ufpe.br' AIRFLOW_CTX_DAG_OWNER='***' AIRFLOW_CTX_DAG_ID='northwind' AIRFLOW_CTX_TASK_ID='gerar_config_csv_dinamica' AIRFLOW_CTX_EXECUTION_DATE='2025-06-25T21:01:24.669781+00:00' AIRFLOW_CTX_TRY_NUMBER='1' AIRFLOW_CTX_DAG_RUN_ID='manual__2025-06-25T21:01:24.669781+00:00'
[2025-06-25T21:02:09.945+0000] {taskinstance.py:2698} ERROR - Task failed with exception
Traceback (most recent call last):
  File "/home/airflow/.local/lib/python3.10/site-packages/airflow/models/taskinstance.py", line 433, in _execute_task
    result = execute_callable(context=context, **execute_callable_kwargs)
  File "/home/airflow/.local/lib/python3.10/site-packages/airflow/operators/python.py", line 199, in execute
    return_value = self.execute_callable()
  File "/home/airflow/.local/lib/python3.10/site-packages/airflow/operators/python.py", line 216, in execute_callable
    return self.python_callable(*self.op_args, **self.op_kwargs)
  File "/opt/airflow/dags/dag.py", line 39, in generate_csv_config_for_tap_csv_latest
    CSV_OUTPUT_DIR = CONTAINER_OUTPUT_DATA_PATH / "csv"
TypeError: unsupported operand type(s) for /: 'str' and 'str'
[2025-06-25T21:02:09.957+0000] {taskinstance.py:1138} INFO - Marking task as UP_FOR_RETRY. dag_id=northwind, task_id=gerar_config_csv_dinamica, execution_date=20250625T210124, start_date=20250625T210209, end_date=20250625T210209
[2025-06-25T21:02:09.976+0000] {standard_task_runner.py:107} ERROR - Failed to execute job 187 for task gerar_config_csv_dinamica (unsupported operand type(s) for /: 'str' and 'str'; 184)
[2025-06-25T21:02:09.989+0000] {local_task_job_runner.py:234} INFO - Task exited with return code 1
[2025-06-25T21:02:10.009+0000] {taskinstance.py:3280} INFO - 0 downstream tasks scheduled from follow-on schedule check
