[2025-07-08T14:13:30.136+0000] {taskinstance.py:1956} INFO - Dependencies all met for dep_context=non-requeueable deps ti=<TaskInstance: northwind.extração_csv manual__2025-07-08T14:12:59.803766+00:00 [queued]>
[2025-07-08T14:13:30.147+0000] {taskinstance.py:1956} INFO - Dependencies all met for dep_context=requeueable deps ti=<TaskInstance: northwind.extração_csv manual__2025-07-08T14:12:59.803766+00:00 [queued]>
[2025-07-08T14:13:30.147+0000] {taskinstance.py:2170} INFO - Starting attempt 1 of 2
[2025-07-08T14:13:30.164+0000] {taskinstance.py:2191} INFO - Executing <Task(DockerOperator): extração_csv> on 2025-07-08 14:12:59.803766+00:00
[2025-07-08T14:13:30.170+0000] {standard_task_runner.py:60} INFO - Started process 177 to run task
[2025-07-08T14:13:30.176+0000] {standard_task_runner.py:87} INFO - Running: ['***', 'tasks', 'run', 'northwind', 'extração_csv', 'manual__2025-07-08T14:12:59.803766+00:00', '--job-id', '46', '--raw', '--subdir', 'DAGS_FOLDER/northwind.py', '--cfg-path', '/tmp/tmptw0yg5wf']
[2025-07-08T14:13:30.179+0000] {standard_task_runner.py:88} INFO - Job 46: Subtask extração_csv
[2025-07-08T14:13:30.248+0000] {task_command.py:423} INFO - Running <TaskInstance: northwind.extração_csv manual__2025-07-08T14:12:59.803766+00:00 [running]> on host eee4e987cd13
[2025-07-08T14:13:30.350+0000] {taskinstance.py:2480} INFO - Exporting env vars: AIRFLOW_CTX_DAG_EMAIL='lrbf@cin.ufpe.br' AIRFLOW_CTX_DAG_OWNER='***' AIRFLOW_CTX_DAG_ID='northwind' AIRFLOW_CTX_TASK_ID='extração_csv' AIRFLOW_CTX_EXECUTION_DATE='2025-07-08T14:12:59.803766+00:00' AIRFLOW_CTX_TRY_NUMBER='1' AIRFLOW_CTX_DAG_RUN_ID='manual__2025-07-08T14:12:59.803766+00:00'
[2025-07-08T14:13:30.466+0000] {docker.py:359} INFO - Starting docker container from image meltano:latest
[2025-07-08T14:13:30.974+0000] {docker.py:429} INFO - Running meltano install...
[2025-07-08T14:13:33.185+0000] {docker.py:429} INFO - [2m2025-07-08T14:13:33.184697Z[0m [[32m[1minfo     [0m] [1mInstalling 7 plugins          [0m
[2025-07-08T14:13:33.204+0000] {docker.py:429} INFO - [2m2025-07-08T14:13:33.203152Z[0m [[32m[1minfo     [0m] [1mInstalling extractor 'tap-postgres'[0m
[2025-07-08T14:13:33.236+0000] {docker.py:429} INFO - [2m2025-07-08T14:13:33.235477Z[0m [[32m[1minfo     [0m] [1mInstalling extractor 'tap-csv'[0m
[2025-07-08T14:13:33.270+0000] {docker.py:429} INFO - [2m2025-07-08T14:13:33.269401Z[0m [[32m[1minfo     [0m] [1mInstalling extractor 'tap-csv-latest'[0m
[2025-07-08T14:13:33.304+0000] {docker.py:429} INFO - [2m2025-07-08T14:13:33.303276Z[0m [[32m[1minfo     [0m] [1mInstalling loader 'target-postgres'[0m
[2025-07-08T14:13:33.339+0000] {docker.py:429} INFO - [2m2025-07-08T14:13:33.338443Z[0m [[32m[1minfo     [0m] [1mInstalling loader 'target-csv'[0m
[2025-07-08T14:13:33.376+0000] {docker.py:429} INFO - [2m2025-07-08T14:13:33.375276Z[0m [[32m[1minfo     [0m] [1mInstalling loader 'target-csv-postgres'[0m
[2025-07-08T14:13:33.412+0000] {docker.py:429} INFO - [2m2025-07-08T14:13:33.411273Z[0m [[32m[1minfo     [0m] [1mInstalling loader 'target-csv-csv'[0m
[2025-07-08T14:13:34.741+0000] {docker.py:429} INFO - [2m2025-07-08T14:13:34.740648Z[0m [[32m[1minfo     [0m] [1mInstalled extractor 'tap-postgres'[0m
[2025-07-08T14:13:34.891+0000] {docker.py:429} INFO - [2m2025-07-08T14:13:34.890914Z[0m [[32m[1minfo     [0m] [1mInstalled loader 'target-postgres'[0m
[2025-07-08T14:13:41.574+0000] {docker.py:429} INFO - [2m2025-07-08T14:13:41.573031Z[0m [[32m[1minfo     [0m] [1mInstalled extractor 'tap-csv' [0m
[2025-07-08T14:13:42.053+0000] {docker.py:429} INFO - [2m2025-07-08T14:13:42.052594Z[0m [[32m[1minfo     [0m] [1mInstalled extractor 'tap-csv-latest'[0m
[2025-07-08T14:13:41.143+0000] {docker.py:429} INFO - [2m2025-07-08T14:13:41.142684Z[0m [[32m[1minfo     [0m] [1mInstalled loader 'target-csv' [0m
[2025-07-08T14:13:42.399+0000] {docker.py:429} INFO - [2m2025-07-08T14:13:42.398360Z[0m [[32m[1minfo     [0m] [1mInstalled loader 'target-csv-csv'[0m
[2025-07-08T14:13:42.418+0000] {docker.py:429} INFO - [2m2025-07-08T14:13:42.417388Z[0m [[32m[1minfo     [0m] [1mInstalled loader 'target-csv-postgres'[0m
[2025-07-08T14:13:42.418+0000] {docker.py:429} INFO - [2m2025-07-08T14:13:42.417773Z[0m [[32m[1minfo     [0m] [1mInstalled 7/7 plugins         [0m
[2025-07-08T14:13:43.552+0000] {docker.py:429} INFO - Meltano install completed. Executing command: meltano el tap-csv target-csv-csv
[2025-07-08T14:13:45.145+0000] {docker.py:429} INFO - [2m2025-07-08T14:13:45.144534Z[0m [[32m[1minfo     [0m] [1mEnvironment 'dev' is active   [0m
[2025-07-08T14:13:45.591+0000] {docker.py:429} INFO - [2m2025-07-08T14:13:45.590117Z[0m [[32m[1minfo     [0m] [1mRunning extract & load...     [0m [36mname[0m=[35mmeltano[0m [36mrun_id[0m=[35md68d40ef-f053-47b8-9ff1-4922f9094594[0m [36mstate_id[0m=[35m2025-07-08T141345--tap-csv--target-csv-csv[0m
[2025-07-08T14:13:46.980+0000] {docker.py:429} INFO - [2m2025-07-08T14:13:46.978969Z[0m [[32m[1minfo     [0m] [1mINFO Sending version information to singer.io. To disable sending anonymous usage data, set the config parameter "disable_collection" to true[0m [36mcmd_type[0m=[35mloader[0m [36mname[0m=[35mtarget-csv-csv[0m [36mrun_id[0m=[35md68d40ef-f053-47b8-9ff1-4922f9094594[0m [36mstate_id[0m=[35m2025-07-08T141345--tap-csv--target-csv-csv[0m [36mstdio[0m=[35mstderr[0m
[2025-07-08T14:13:47.294+0000] {docker.py:429} INFO - [2m2025-07-08T14:13:47.290928Z[0m [[32m[1minfo     [0m] [1m/opt/meltano/.meltano/extractors/tap-csv/venv/lib/python3.9/site-packages/singer_sdk/tap_base.py:516: SingerSDKDeprecationWarning: Passing a catalog file path is deprecated. Please pass the catalog as a dictionary or Catalog object instead.[0m [36mcmd_type[0m=[35mextractor[0m [36mname[0m=[35mtap-csv[0m [36mrun_id[0m=[35md68d40ef-f053-47b8-9ff1-4922f9094594[0m [36mstate_id[0m=[35m2025-07-08T141345--tap-csv--target-csv-csv[0m [36mstdio[0m=[35mstderr[0m
[2m2025-07-08T14:13:47.291770Z[0m [[32m[1minfo     [0m] [1m  tap = cls(                  [0m [36mcmd_type[0m=[35mextractor[0m [36mname[0m=[35mtap-csv[0m [36mrun_id[0m=[35md68d40ef-f053-47b8-9ff1-4922f9094594[0m [36mstate_id[0m=[35m2025-07-08T141345--tap-csv--target-csv-csv[0m [36mstdio[0m=[35mstderr[0m
[2m2025-07-08T14:13:47.292281Z[0m [[32m[1minfo     [0m] [1m                              [0m [36mcmd_type[0m=[35mextractor[0m [36mname[0m=[35mtap-csv[0m [36mrun_id[0m=[35md68d40ef-f053-47b8-9ff1-4922f9094594[0m [36mstate_id[0m=[35m2025-07-08T141345--tap-csv--target-csv-csv[0m [36mstdio[0m=[35mstderr[0m
[2m2025-07-08T14:13:47.292943Z[0m [[32m[1minfo     [0m] [1mBeginning full_table sync of 'order_details'...[0m [36mcmd_type[0m=[35mextractor[0m [36mname[0m=[35mtap-csv[0m [36mrun_id[0m=[35md68d40ef-f053-47b8-9ff1-4922f9094594[0m [36mstate_id[0m=[35m2025-07-08T141345--tap-csv--target-csv-csv[0m [36mstdio[0m=[35mstderr[0m
[2m2025-07-08T14:13:47.293454Z[0m [[32m[1minfo     [0m] [1mTap has custom mapper. Using 1 provided map(s).[0m [36mcmd_type[0m=[35mextractor[0m [36mname[0m=[35mtap-csv[0m [36mrun_id[0m=[35md68d40ef-f053-47b8-9ff1-4922f9094594[0m [36mstate_id[0m=[35m2025-07-08T141345--tap-csv--target-csv-csv[0m [36mstdio[0m=[35mstderr[0m
[2025-07-08T14:13:47.468+0000] {docker.py:429} INFO - [2m2025-07-08T14:13:47.467491Z[0m [[32m[1minfo     [0m] [1mMETRIC: {"type": "timer", "metric": "sync_duration", "value": 0.17023944854736328, "tags": {"stream": "order_details", "pid": 176, "context": {}, "status": "succeeded"}}[0m [36mcmd_type[0m=[35mextractor[0m [36mname[0m=[35mtap-csv[0m [36mrun_id[0m=[35md68d40ef-f053-47b8-9ff1-4922f9094594[0m [36mstate_id[0m=[35m2025-07-08T141345--tap-csv--target-csv-csv[0m [36mstdio[0m=[35mstderr[0m
[2025-07-08T14:13:47.469+0000] {docker.py:429} INFO - [2m2025-07-08T14:13:47.468473Z[0m [[32m[1minfo     [0m] [1mMETRIC: {"type": "counter", "metric": "record_count", "value": 2155, "tags": {"stream": "order_details", "pid": 176, "context": {}}}[0m [36mcmd_type[0m=[35mextractor[0m [36mname[0m=[35mtap-csv[0m [36mrun_id[0m=[35md68d40ef-f053-47b8-9ff1-4922f9094594[0m [36mstate_id[0m=[35m2025-07-08T141345--tap-csv--target-csv-csv[0m [36mstdio[0m=[35mstderr[0m
[2025-07-08T14:13:47.580+0000] {docker.py:429} INFO - [2m2025-07-08T14:13:47.579928Z[0m [[32m[1minfo     [0m] [1mUsing systemdb state backend  [0m
[2025-07-08T14:13:47.594+0000] {docker.py:429} INFO - [2m2025-07-08T14:13:47.593587Z[0m [[32m[1minfo     [0m] [1mIncremental state has been updated at 2025-07-08 14:13:47.593546+00:00.[0m
[2025-07-08T14:13:47.596+0000] {docker.py:429} INFO - [2m2025-07-08T14:13:47.595263Z[0m [[32m[1minfo     [0m] [1mExtract & load complete!      [0m [36mname[0m=[35mmeltano[0m [36mrun_id[0m=[35md68d40ef-f053-47b8-9ff1-4922f9094594[0m [36mstate_id[0m=[35m2025-07-08T141345--tap-csv--target-csv-csv[0m
[2025-07-08T14:13:47.597+0000] {docker.py:429} INFO - [2m2025-07-08T14:13:47.595551Z[0m [[32m[1minfo     [0m] [1mTransformation skipped.       [0m [36mname[0m=[35mmeltano[0m [36mrun_id[0m=[35md68d40ef-f053-47b8-9ff1-4922f9094594[0m [36mstate_id[0m=[35m2025-07-08T141345--tap-csv--target-csv-csv[0m
[2025-07-08T14:13:51.042+0000] {taskinstance.py:1138} INFO - Marking task as SUCCESS. dag_id=northwind, task_id=extração_csv, execution_date=20250708T141259, start_date=20250708T141330, end_date=20250708T141351
[2025-07-08T14:13:51.089+0000] {local_task_job_runner.py:234} INFO - Task exited with return code 0
[2025-07-08T14:13:51.128+0000] {taskinstance.py:3280} INFO - 1 downstream tasks scheduled from follow-on schedule check
