[2025-07-01T13:52:43.641+0000] {taskinstance.py:1956} INFO - Dependencies all met for dep_context=non-requeueable deps ti=<TaskInstance: northwind.extração_csv manual__2025-07-01T13:52:17.328534+00:00 [queued]>
[2025-07-01T13:52:43.650+0000] {taskinstance.py:1956} INFO - Dependencies all met for dep_context=requeueable deps ti=<TaskInstance: northwind.extração_csv manual__2025-07-01T13:52:17.328534+00:00 [queued]>
[2025-07-01T13:52:43.651+0000] {taskinstance.py:2170} INFO - Starting attempt 1 of 2
[2025-07-01T13:52:43.666+0000] {taskinstance.py:2191} INFO - Executing <Task(DockerOperator): extração_csv> on 2025-07-01 13:52:17.328534+00:00
[2025-07-01T13:52:43.671+0000] {standard_task_runner.py:60} INFO - Started process 184 to run task
[2025-07-01T13:52:43.682+0000] {standard_task_runner.py:87} INFO - Running: ['***', 'tasks', 'run', 'northwind', 'extração_csv', 'manual__2025-07-01T13:52:17.328534+00:00', '--job-id', '64', '--raw', '--subdir', 'DAGS_FOLDER/dag.py', '--cfg-path', '/tmp/tmpmj8euf6i']
[2025-07-01T13:52:43.684+0000] {standard_task_runner.py:88} INFO - Job 64: Subtask extração_csv
[2025-07-01T13:52:43.732+0000] {task_command.py:423} INFO - Running <TaskInstance: northwind.extração_csv manual__2025-07-01T13:52:17.328534+00:00 [running]> on host 106da672717e
[2025-07-01T13:52:43.820+0000] {taskinstance.py:2480} INFO - Exporting env vars: AIRFLOW_CTX_DAG_EMAIL='lrbf@cin.ufpe.br' AIRFLOW_CTX_DAG_OWNER='***' AIRFLOW_CTX_DAG_ID='northwind' AIRFLOW_CTX_TASK_ID='extração_csv' AIRFLOW_CTX_EXECUTION_DATE='2025-07-01T13:52:17.328534+00:00' AIRFLOW_CTX_TRY_NUMBER='1' AIRFLOW_CTX_DAG_RUN_ID='manual__2025-07-01T13:52:17.328534+00:00'
[2025-07-01T13:52:43.880+0000] {docker.py:359} INFO - Starting docker container from image meltano:latest
[2025-07-01T13:52:44.240+0000] {docker.py:429} INFO - Running meltano install...
[2025-07-01T13:52:45.619+0000] {docker.py:429} INFO - [2m2025-07-01T13:52:45.619011Z[0m [[32m[1minfo     [0m] [1mInstalling 7 plugins          [0m
[2025-07-01T13:52:45.634+0000] {docker.py:429} INFO - [2m2025-07-01T13:52:45.633919Z[0m [[32m[1minfo     [0m] [1mInstalling extractor 'tap-postgres'[0m
[2025-07-01T13:52:45.660+0000] {docker.py:429} INFO - [2m2025-07-01T13:52:45.659734Z[0m [[32m[1minfo     [0m] [1mInstalling extractor 'tap-csv'[0m
[2025-07-01T13:52:45.702+0000] {docker.py:429} INFO - [2m2025-07-01T13:52:45.701365Z[0m [[32m[1minfo     [0m] [1mInstalling extractor 'tap-csv-latest'[0m
[2025-07-01T13:52:45.751+0000] {docker.py:429} INFO - [2m2025-07-01T13:52:45.749702Z[0m [[32m[1minfo     [0m] [1mInstalling loader 'target-postgres'[0m
[2025-07-01T13:52:45.797+0000] {docker.py:429} INFO - [2m2025-07-01T13:52:45.796720Z[0m [[32m[1minfo     [0m] [1mInstalling loader 'target-csv'[0m
[2025-07-01T13:52:45.843+0000] {docker.py:429} INFO - [2m2025-07-01T13:52:45.841726Z[0m [[32m[1minfo     [0m] [1mInstalling loader 'target-csv-postgres'[0m
[2025-07-01T13:52:45.889+0000] {docker.py:429} INFO - [2m2025-07-01T13:52:45.888802Z[0m [[32m[1minfo     [0m] [1mInstalling loader 'target-csv-csv'[0m
[2025-07-01T13:52:47.520+0000] {docker.py:429} INFO - [2m2025-07-01T13:52:47.519501Z[0m [[32m[1minfo     [0m] [1mInstalled extractor 'tap-postgres'[0m
[2025-07-01T13:52:47.549+0000] {docker.py:429} INFO - [2m2025-07-01T13:52:47.548400Z[0m [[32m[1minfo     [0m] [1mInstalled loader 'target-postgres'[0m
[2025-07-01T13:52:52.551+0000] {docker.py:429} INFO - [2m2025-07-01T13:52:52.550237Z[0m [[32m[1minfo     [0m] [1mInstalled extractor 'tap-csv-latest'[0m
[2025-07-01T13:52:52.603+0000] {docker.py:429} INFO - [2m2025-07-01T13:52:52.602442Z[0m [[32m[1minfo     [0m] [1mInstalled extractor 'tap-csv' [0m
[2025-07-01T13:52:53.090+0000] {docker.py:429} INFO - [2m2025-07-01T13:52:53.090143Z[0m [[32m[1minfo     [0m] [1mInstalled loader 'target-csv-csv'[0m
[2025-07-01T13:52:53.708+0000] {docker.py:429} INFO - [2m2025-07-01T13:52:53.708138Z[0m [[32m[1minfo     [0m] [1mInstalled loader 'target-csv' [0m
[2025-07-01T13:52:53.785+0000] {docker.py:429} INFO - [2m2025-07-01T13:52:53.784293Z[0m [[32m[1minfo     [0m] [1mInstalled loader 'target-csv-postgres'[0m
[2025-07-01T13:52:53.785+0000] {docker.py:429} INFO - [2m2025-07-01T13:52:53.784709Z[0m [[32m[1minfo     [0m] [1mInstalled 7/7 plugins         [0m
[2025-07-01T13:52:54.674+0000] {docker.py:429} INFO - Meltano install completed. Executing command: meltano el tap-csv target-csv-csv
[2025-07-01T13:52:56.057+0000] {docker.py:429} INFO - [2m2025-07-01T13:52:56.057155Z[0m [[32m[1minfo     [0m] [1mEnvironment 'dev' is active   [0m
[2025-07-01T13:52:56.423+0000] {docker.py:429} INFO - [2m2025-07-01T13:52:56.423194Z[0m [[32m[1minfo     [0m] [1mRunning extract & load...     [0m [36mname[0m=[35mmeltano[0m [36mrun_id[0m=[35m88612dae-1f97-4de0-b8f0-22818a4acd94[0m [36mstate_id[0m=[35m2025-07-01T135256--tap-csv--target-csv-csv[0m
[2025-07-01T13:52:57.918+0000] {docker.py:429} INFO - [2m2025-07-01T13:52:57.916938Z[0m [[32m[1minfo     [0m] [1mINFO Sending version information to singer.io. To disable sending anonymous usage data, set the config parameter "disable_collection" to true[0m [36mcmd_type[0m=[35mloader[0m [36mname[0m=[35mtarget-csv-csv[0m [36mrun_id[0m=[35m88612dae-1f97-4de0-b8f0-22818a4acd94[0m [36mstate_id[0m=[35m2025-07-01T135256--tap-csv--target-csv-csv[0m [36mstdio[0m=[35mstderr[0m
[2025-07-01T13:52:58.160+0000] {docker.py:429} INFO - [2m2025-07-01T13:52:58.159484Z[0m [[32m[1minfo     [0m] [1m/opt/meltano/.meltano/extractors/tap-csv/venv/lib/python3.9/site-packages/singer_sdk/tap_base.py:516: SingerSDKDeprecationWarning: Passing a catalog file path is deprecated. Please pass the catalog as a dictionary or Catalog object instead.[0m [36mcmd_type[0m=[35mextractor[0m [36mname[0m=[35mtap-csv[0m [36mrun_id[0m=[35m88612dae-1f97-4de0-b8f0-22818a4acd94[0m [36mstate_id[0m=[35m2025-07-01T135256--tap-csv--target-csv-csv[0m [36mstdio[0m=[35mstderr[0m
[2025-07-01T13:52:58.160+0000] {docker.py:429} INFO - [2m2025-07-01T13:52:58.159888Z[0m [[32m[1minfo     [0m] [1m  tap = cls(                  [0m [36mcmd_type[0m=[35mextractor[0m [36mname[0m=[35mtap-csv[0m [36mrun_id[0m=[35m88612dae-1f97-4de0-b8f0-22818a4acd94[0m [36mstate_id[0m=[35m2025-07-01T135256--tap-csv--target-csv-csv[0m [36mstdio[0m=[35mstderr[0m
[2025-07-01T13:52:58.161+0000] {docker.py:429} INFO - [2m2025-07-01T13:52:58.160156Z[0m [[32m[1minfo     [0m] [1m                              [0m [36mcmd_type[0m=[35mextractor[0m [36mname[0m=[35mtap-csv[0m [36mrun_id[0m=[35m88612dae-1f97-4de0-b8f0-22818a4acd94[0m [36mstate_id[0m=[35m2025-07-01T135256--tap-csv--target-csv-csv[0m [36mstdio[0m=[35mstderr[0m
[2025-07-01T13:52:58.161+0000] {docker.py:429} INFO - [2m2025-07-01T13:52:58.160599Z[0m [[32m[1minfo     [0m] [1mBeginning full_table sync of 'order_details'...[0m [36mcmd_type[0m=[35mextractor[0m [36mname[0m=[35mtap-csv[0m [36mrun_id[0m=[35m88612dae-1f97-4de0-b8f0-22818a4acd94[0m [36mstate_id[0m=[35m2025-07-01T135256--tap-csv--target-csv-csv[0m [36mstdio[0m=[35mstderr[0m
[2025-07-01T13:52:58.161+0000] {docker.py:429} INFO - [2m2025-07-01T13:52:58.160816Z[0m [[32m[1minfo     [0m] [1mTap has custom mapper. Using 1 provided map(s).[0m [36mcmd_type[0m=[35mextractor[0m [36mname[0m=[35mtap-csv[0m [36mrun_id[0m=[35m88612dae-1f97-4de0-b8f0-22818a4acd94[0m [36mstate_id[0m=[35m2025-07-01T135256--tap-csv--target-csv-csv[0m [36mstdio[0m=[35mstderr[0m
[2025-07-01T13:52:58.317+0000] {docker.py:429} INFO - [2m2025-07-01T13:52:58.316504Z[0m [[32m[1minfo     [0m] [1mMETRIC: {"type": "timer", "metric": "sync_duration", "value": 0.15588736534118652, "tags": {"stream": "order_details", "pid": 176, "context": {}, "status": "succeeded"}}[0m [36mcmd_type[0m=[35mextractor[0m [36mname[0m=[35mtap-csv[0m [36mrun_id[0m=[35m88612dae-1f97-4de0-b8f0-22818a4acd94[0m [36mstate_id[0m=[35m2025-07-01T135256--tap-csv--target-csv-csv[0m [36mstdio[0m=[35mstderr[0m
[2025-07-01T13:52:58.318+0000] {docker.py:429} INFO - [2m2025-07-01T13:52:58.317565Z[0m [[32m[1minfo     [0m] [1mMETRIC: {"type": "counter", "metric": "record_count", "value": 2155, "tags": {"stream": "order_details", "pid": 176, "context": {}}}[0m [36mcmd_type[0m=[35mextractor[0m [36mname[0m=[35mtap-csv[0m [36mrun_id[0m=[35m88612dae-1f97-4de0-b8f0-22818a4acd94[0m [36mstate_id[0m=[35m2025-07-01T135256--tap-csv--target-csv-csv[0m [36mstdio[0m=[35mstderr[0m
[2025-07-01T13:52:58.585+0000] {docker.py:429} INFO - [2m2025-07-01T13:52:58.584852Z[0m [[32m[1minfo     [0m] [1mUsing systemdb state backend  [0m
[2025-07-01T13:53:05.633+0000] {docker.py:429} INFO - [2m2025-07-01T13:53:05.632291Z[0m [[32m[1minfo     [0m] [1mIncremental state has been updated at 2025-07-01 13:53:05.632232+00:00.[0m
[2025-07-01T13:53:05.635+0000] {docker.py:429} INFO - [2m2025-07-01T13:53:05.634276Z[0m [[32m[1minfo     [0m] [1mExtract & load complete!      [0m [36mname[0m=[35mmeltano[0m [36mrun_id[0m=[35m88612dae-1f97-4de0-b8f0-22818a4acd94[0m [36mstate_id[0m=[35m2025-07-01T135256--tap-csv--target-csv-csv[0m
[2025-07-01T13:53:05.635+0000] {docker.py:429} INFO - [2m2025-07-01T13:53:05.634774Z[0m [[32m[1minfo     [0m] [1mTransformation skipped.       [0m [36mname[0m=[35mmeltano[0m [36mrun_id[0m=[35m88612dae-1f97-4de0-b8f0-22818a4acd94[0m [36mstate_id[0m=[35m2025-07-01T135256--tap-csv--target-csv-csv[0m
[2025-07-01T13:52:59.415+0000] {taskinstance.py:1138} INFO - Marking task as SUCCESS. dag_id=northwind, task_id=extração_csv, execution_date=20250701T135217, start_date=20250701T135243, end_date=20250701T135259
[2025-07-01T13:52:59.709+0000] {local_task_job_runner.py:234} INFO - Task exited with return code 0
[2025-07-01T13:52:59.736+0000] {taskinstance.py:3280} INFO - 0 downstream tasks scheduled from follow-on schedule check
