[2025-07-10T12:29:57.687+0000] {taskinstance.py:1956} INFO - Dependencies all met for dep_context=non-requeueable deps ti=<TaskInstance: northwind.gerar_config_csv_dinamica manual__2025-07-10T12:29:20.413772+00:00 [queued]>
[2025-07-10T12:29:57.697+0000] {taskinstance.py:1956} INFO - Dependencies all met for dep_context=requeueable deps ti=<TaskInstance: northwind.gerar_config_csv_dinamica manual__2025-07-10T12:29:20.413772+00:00 [queued]>
[2025-07-10T12:29:57.697+0000] {taskinstance.py:2170} INFO - Starting attempt 1 of 2
[2025-07-10T12:29:57.724+0000] {taskinstance.py:2191} INFO - Executing <Task(DockerOperator): gerar_config_csv_dinamica> on 2025-07-10 12:29:20.413772+00:00
[2025-07-10T12:29:57.731+0000] {standard_task_runner.py:60} INFO - Started process 179 to run task
[2025-07-10T12:29:57.735+0000] {standard_task_runner.py:87} INFO - Running: ['***', 'tasks', 'run', 'northwind', 'gerar_config_csv_dinamica', 'manual__2025-07-10T12:29:20.413772+00:00', '--job-id', '16', '--raw', '--subdir', 'DAGS_FOLDER/northwind.py', '--cfg-path', '/tmp/tmpkubyggpw']
[2025-07-10T12:29:57.737+0000] {standard_task_runner.py:88} INFO - Job 16: Subtask gerar_config_csv_dinamica
[2025-07-10T12:29:57.791+0000] {task_command.py:423} INFO - Running <TaskInstance: northwind.gerar_config_csv_dinamica manual__2025-07-10T12:29:20.413772+00:00 [running]> on host 7ad2b0e001d7
[2025-07-10T12:29:57.885+0000] {taskinstance.py:2480} INFO - Exporting env vars: AIRFLOW_CTX_DAG_EMAIL='lrbf@cin.ufpe.br' AIRFLOW_CTX_DAG_OWNER='***' AIRFLOW_CTX_DAG_ID='northwind' AIRFLOW_CTX_TASK_ID='gerar_config_csv_dinamica' AIRFLOW_CTX_EXECUTION_DATE='2025-07-10T12:29:20.413772+00:00' AIRFLOW_CTX_TRY_NUMBER='1' AIRFLOW_CTX_DAG_RUN_ID='manual__2025-07-10T12:29:20.413772+00:00'
[2025-07-10T12:29:57.964+0000] {docker.py:359} INFO - Starting docker container from image meltano:latest
[2025-07-10T12:29:58.464+0000] {docker.py:429} INFO - Running meltano install...
[2025-07-10T12:30:00.793+0000] {docker.py:429} INFO - [2m2025-07-10T12:30:00.792960Z[0m [[32m[1minfo     [0m] [1mInstalling 7 plugins          [0m
[2025-07-10T12:30:00.807+0000] {docker.py:429} INFO - [2m2025-07-10T12:30:00.806384Z[0m [[32m[1minfo     [0m] [1mInstalling extractor 'tap-postgres'[0m
[2025-07-10T12:30:00.838+0000] {docker.py:429} INFO - [2m2025-07-10T12:30:00.838101Z[0m [[32m[1minfo     [0m] [1mInstalling extractor 'tap-csv'[0m
[2025-07-10T12:30:00.877+0000] {docker.py:429} INFO - [2m2025-07-10T12:30:00.876241Z[0m [[32m[1minfo     [0m] [1mInstalling extractor 'tap-csv-latest'[0m
[2025-07-10T12:30:00.913+0000] {docker.py:429} INFO - [2m2025-07-10T12:30:00.912507Z[0m [[32m[1minfo     [0m] [1mInstalling loader 'target-postgres'[0m
[2025-07-10T12:30:00.952+0000] {docker.py:429} INFO - [2m2025-07-10T12:30:00.951013Z[0m [[32m[1minfo     [0m] [1mInstalling loader 'target-csv'[0m
[2025-07-10T12:30:00.997+0000] {docker.py:429} INFO - [2m2025-07-10T12:30:00.996634Z[0m [[32m[1minfo     [0m] [1mInstalling loader 'target-csv-postgres'[0m
[2025-07-10T12:30:01.037+0000] {docker.py:429} INFO - [2m2025-07-10T12:30:01.036355Z[0m [[32m[1minfo     [0m] [1mInstalling loader 'target-csv-csv'[0m
[2025-07-10T12:30:02.256+0000] {docker.py:429} INFO - [2m2025-07-10T12:30:02.255366Z[0m [[32m[1minfo     [0m] [1mInstalled extractor 'tap-postgres'[0m
[2025-07-10T12:30:02.349+0000] {docker.py:429} INFO - [2m2025-07-10T12:30:02.348308Z[0m [[32m[1minfo     [0m] [1mInstalled loader 'target-postgres'[0m
[2025-07-10T12:30:06.365+0000] {docker.py:429} INFO - [2m2025-07-10T12:30:06.365155Z[0m [[32m[1minfo     [0m] [1mInstalled extractor 'tap-csv-latest'[0m
[2025-07-10T12:30:06.764+0000] {docker.py:429} INFO - [2m2025-07-10T12:30:06.763593Z[0m [[32m[1minfo     [0m] [1mInstalled extractor 'tap-csv' [0m
[2025-07-10T12:30:07.233+0000] {docker.py:429} INFO - [2m2025-07-10T12:30:07.232393Z[0m [[32m[1minfo     [0m] [1mInstalled loader 'target-csv' [0m
[2025-07-10T12:30:07.508+0000] {docker.py:429} INFO - [2m2025-07-10T12:30:07.507168Z[0m [[32m[1minfo     [0m] [1mInstalled loader 'target-csv-csv'[0m
[2025-07-10T12:30:05.695+0000] {docker.py:429} INFO - [2m2025-07-10T12:30:05.694232Z[0m [[32m[1minfo     [0m] [1mInstalled loader 'target-csv-postgres'[0m
[2025-07-10T12:30:05.695+0000] {docker.py:429} INFO - [2m2025-07-10T12:30:05.694767Z[0m [[32m[1minfo     [0m] [1mInstalled 7/7 plugins         [0m
[2025-07-10T12:30:06.902+0000] {docker.py:429} INFO - Meltano install completed. Executing command: python /opt/meltano/scripts/generate_csv_config.py
[2025-07-10T12:30:07.001+0000] {docker.py:429} INFO - [{"entity": "order_details", "path": "/opt/output_data/csv/order_details/2025-07-10/file.csv", "keys": ["order_id", "product_id"], "delimiter": ",", "encoding": "utf-8"}, {"entity": "public-categories", "path": "/opt/output_data/postgres/public-categories/2025-07-10/file.csv", "keys": ["category_id"], "delimiter": ",", "encoding": "utf-8"}, {"entity": "public-products", "path": "/opt/output_data/postgres/public-products/2025-07-10/file.csv", "keys": ["product_id"], "delimiter": ",", "encoding": "utf-8"}, {"entity": "public-suppliers", "path": "/opt/output_data/postgres/public-suppliers/2025-07-10/file.csv", "keys": ["supplier_id"], "delimiter": ",", "encoding": "utf-8"}, {"entity": "public-orders", "path": "/opt/output_data/postgres/public-orders/2025-07-10/file.csv", "keys": ["order_id"], "delimiter": ",", "encoding": "utf-8"}, {"entity": "public-customers", "path": "/opt/output_data/postgres/public-customers/2025-07-10/file.csv", "keys": ["customer_id"], "delimiter": ",", "encoding": "utf-8"}, {"entity": "public-employees", "path": "/opt/output_data/postgres/public-employees/2025-07-10/file.csv", "keys": ["employee_id"], "delimiter": ",", "encoding": "utf-8"}, {"entity": "public-employee_territories", "path": "/opt/output_data/postgres/public-employee_territories/2025-07-10/file.csv", "keys": ["employee_id", "territory_id"], "delimiter": ",", "encoding": "utf-8"}, {"entity": "public-territories", "path": "/opt/output_data/postgres/public-territories/2025-07-10/file.csv", "keys": ["territory_id"], "delimiter": ",", "encoding": "utf-8"}, {"entity": "public-region", "path": "/opt/output_data/postgres/public-region/2025-07-10/file.csv", "keys": ["region_id"], "delimiter": ",", "encoding": "utf-8"}, {"entity": "public-shippers", "path": "/opt/output_data/postgres/public-shippers/2025-07-10/file.csv", "keys": ["shipper_id"], "delimiter": ",", "encoding": "utf-8"}, {"entity": "public-us_states", "path": "/opt/output_data/postgres/public-us_states/2025-07-10/file.csv", "keys": ["state_id"], "delimiter": ",", "encoding": "utf-8"}]
[2025-07-10T12:30:07.312+0000] {taskinstance.py:1138} INFO - Marking task as SUCCESS. dag_id=northwind, task_id=gerar_config_csv_dinamica, execution_date=20250710T122920, start_date=20250710T122957, end_date=20250710T123007
[2025-07-10T12:30:07.341+0000] {local_task_job_runner.py:234} INFO - Task exited with return code 0
[2025-07-10T12:30:07.368+0000] {taskinstance.py:3280} INFO - 1 downstream tasks scheduled from follow-on schedule check
