[2025-06-25T20:12:25.925+0000] {taskinstance.py:1956} INFO - Dependencies all met for dep_context=non-requeueable deps ti=<TaskInstance: northwind.extração_csv manual__2025-06-25T20:12:05.237784+00:00 [queued]>
[2025-06-25T20:12:25.938+0000] {taskinstance.py:1956} INFO - Dependencies all met for dep_context=requeueable deps ti=<TaskInstance: northwind.extração_csv manual__2025-06-25T20:12:05.237784+00:00 [queued]>
[2025-06-25T20:12:25.939+0000] {taskinstance.py:2170} INFO - Starting attempt 1 of 2
[2025-06-25T20:12:25.953+0000] {taskinstance.py:2191} INFO - Executing <Task(DockerOperator): extração_csv> on 2025-06-25 20:12:05.237784+00:00
[2025-06-25T20:12:25.959+0000] {standard_task_runner.py:60} INFO - Started process 182 to run task
[2025-06-25T20:12:25.962+0000] {standard_task_runner.py:87} INFO - Running: ['***', 'tasks', 'run', 'northwind', 'extração_csv', 'manual__2025-06-25T20:12:05.237784+00:00', '--job-id', '131', '--raw', '--subdir', 'DAGS_FOLDER/dag.py', '--cfg-path', '/tmp/tmpyt4jfuop']
[2025-06-25T20:12:25.965+0000] {standard_task_runner.py:88} INFO - Job 131: Subtask extração_csv
[2025-06-25T20:12:26.011+0000] {task_command.py:423} INFO - Running <TaskInstance: northwind.extração_csv manual__2025-06-25T20:12:05.237784+00:00 [running]> on host 6afc1f3750fb
[2025-06-25T20:12:26.091+0000] {taskinstance.py:2480} INFO - Exporting env vars: AIRFLOW_CTX_DAG_EMAIL='lrbf@cin.ufpe.br' AIRFLOW_CTX_DAG_OWNER='***' AIRFLOW_CTX_DAG_ID='northwind' AIRFLOW_CTX_TASK_ID='extração_csv' AIRFLOW_CTX_EXECUTION_DATE='2025-06-25T20:12:05.237784+00:00' AIRFLOW_CTX_TRY_NUMBER='1' AIRFLOW_CTX_DAG_RUN_ID='manual__2025-06-25T20:12:05.237784+00:00'
[2025-06-25T20:12:26.196+0000] {docker.py:359} INFO - Starting docker container from image meltano:latest
[2025-06-25T20:12:26.200+0000] {docker.py:367} WARNING - Using remote engine or docker-in-docker and mounting temporary volume from host is not supported. Falling back to `mount_tmp_dir=False` mode. You can set `mount_tmp_dir` parameter to False to disable mounting and remove the warning
[2025-06-25T20:12:26.481+0000] {docker.py:429} INFO - Running meltano install...
[2025-06-25T20:12:27.656+0000] {docker.py:429} INFO - [2m2025-06-25T20:12:27.656183Z[0m [[32m[1minfo     [0m] [1mInstalling 7 plugins          [0m
[2025-06-25T20:12:27.669+0000] {docker.py:429} INFO - [2m2025-06-25T20:12:27.668364Z[0m [[32m[1minfo     [0m] [1mInstalling extractor 'tap-postgres'[0m
[2025-06-25T20:12:27.680+0000] {docker.py:429} INFO - [2m2025-06-25T20:12:27.679710Z[0m [[32m[1minfo     [0m] [1mInstalling extractor 'tap-csv'[0m
[2025-06-25T20:12:27.691+0000] {docker.py:429} INFO - [2m2025-06-25T20:12:27.690766Z[0m [[32m[1minfo     [0m] [1mInstalling extractor 'tap-csv-latest'[0m
[2025-06-25T20:12:27.705+0000] {docker.py:429} INFO - [2m2025-06-25T20:12:27.704986Z[0m [[32m[1minfo     [0m] [1mInstalling loader 'target-postgres'[0m
[2025-06-25T20:12:27.722+0000] {docker.py:429} INFO - [2m2025-06-25T20:12:27.722079Z[0m [[32m[1minfo     [0m] [1mInstalling loader 'target-csv'[0m
[2025-06-25T20:12:27.744+0000] {docker.py:429} INFO - [2m2025-06-25T20:12:27.743340Z[0m [[32m[1minfo     [0m] [1mInstalling loader 'target-csv-postgres'[0m
[2025-06-25T20:12:27.762+0000] {docker.py:429} INFO - [2m2025-06-25T20:12:27.761715Z[0m [[32m[1minfo     [0m] [1mInstalling loader 'target-csv-csv'[0m
[2025-06-25T20:12:28.919+0000] {docker.py:429} INFO - [2m2025-06-25T20:12:28.918757Z[0m [[32m[1minfo     [0m] [1mInstalled extractor 'tap-postgres'[0m
[2025-06-25T20:12:28.990+0000] {docker.py:429} INFO - [2m2025-06-25T20:12:28.989965Z[0m [[32m[1minfo     [0m] [1mInstalled loader 'target-postgres'[0m
[2025-06-25T20:12:33.632+0000] {docker.py:429} INFO - [2m2025-06-25T20:12:33.631791Z[0m [[32m[1minfo     [0m] [1mInstalled extractor 'tap-csv' [0m
[2025-06-25T20:12:33.635+0000] {docker.py:429} INFO - [2m2025-06-25T20:12:33.634718Z[0m [[32m[1minfo     [0m] [1mInstalled extractor 'tap-csv-latest'[0m
[2025-06-25T20:12:34.662+0000] {docker.py:429} INFO - [2m2025-06-25T20:12:34.661824Z[0m [[32m[1minfo     [0m] [1mInstalled loader 'target-csv' [0m
[2025-06-25T20:12:34.752+0000] {docker.py:429} INFO - [2m2025-06-25T20:12:34.751016Z[0m [[32m[1minfo     [0m] [1mInstalled loader 'target-csv-csv'[0m
[2025-06-25T20:12:34.972+0000] {docker.py:429} INFO - [2m2025-06-25T20:12:34.971937Z[0m [[32m[1minfo     [0m] [1mInstalled loader 'target-csv-postgres'[0m
[2m2025-06-25T20:12:34.972176Z[0m [[32m[1minfo     [0m] [1mInstalled 7/7 plugins         [0m
[2025-06-25T20:12:35.890+0000] {docker.py:429} INFO - Meltano install completed. Executing command: meltano el tap-csv target-csv-csv
[2025-06-25T20:12:36.975+0000] {docker.py:429} INFO - [2m2025-06-25T20:12:36.974355Z[0m [[32m[1minfo     [0m] [1mEnvironment 'dev' is active   [0m
[2025-06-25T20:12:37.285+0000] {docker.py:429} INFO - [2m2025-06-25T20:12:37.284589Z[0m [[32m[1minfo     [0m] [1mRunning extract & load...     [0m [36mname[0m=[35mmeltano[0m [36mrun_id[0m=[35m7017d1d6-c00d-4976-b673-355bd0eb9eb7[0m [36mstate_id[0m=[35m2025-06-25T201237--tap-csv--target-csv-csv[0m
[2025-06-25T20:12:38.497+0000] {docker.py:429} INFO - [2m2025-06-25T20:12:38.496698Z[0m [[32m[1minfo     [0m] [1mINFO Sending version information to singer.io. To disable sending anonymous usage data, set the config parameter "disable_collection" to true[0m [36mcmd_type[0m=[35mloader[0m [36mname[0m=[35mtarget-csv-csv[0m [36mrun_id[0m=[35m7017d1d6-c00d-4976-b673-355bd0eb9eb7[0m [36mstate_id[0m=[35m2025-06-25T201237--tap-csv--target-csv-csv[0m [36mstdio[0m=[35mstderr[0m
[2025-06-25T20:12:38.676+0000] {docker.py:429} INFO - [2m2025-06-25T20:12:38.675292Z[0m [[32m[1minfo     [0m] [1mBeginning full_table sync of 'order_details'...[0m [36mcmd_type[0m=[35mextractor[0m [36mname[0m=[35mtap-csv[0m [36mrun_id[0m=[35m7017d1d6-c00d-4976-b673-355bd0eb9eb7[0m [36mstate_id[0m=[35m2025-06-25T201237--tap-csv--target-csv-csv[0m [36mstdio[0m=[35mstderr[0m
[2m2025-06-25T20:12:38.675603Z[0m [[32m[1minfo     [0m] [1mTap has custom mapper. Using 1 provided map(s).[0m [36mcmd_type[0m=[35mextractor[0m [36mname[0m=[35mtap-csv[0m [36mrun_id[0m=[35m7017d1d6-c00d-4976-b673-355bd0eb9eb7[0m [36mstate_id[0m=[35m2025-06-25T201237--tap-csv--target-csv-csv[0m [36mstdio[0m=[35mstderr[0m
[2025-06-25T20:12:38.778+0000] {docker.py:429} INFO - [2m2025-06-25T20:12:38.777703Z[0m [[32m[1minfo     [0m] [1mMETRIC: {"type": "timer", "metric": "sync_duration", "value": 0.10208868980407715, "tags": {"stream": "order_details", "pid": 176, "context": {}, "status": "succeeded"}}[0m [36mcmd_type[0m=[35mextractor[0m [36mname[0m=[35mtap-csv[0m [36mrun_id[0m=[35m7017d1d6-c00d-4976-b673-355bd0eb9eb7[0m [36mstate_id[0m=[35m2025-06-25T201237--tap-csv--target-csv-csv[0m [36mstdio[0m=[35mstderr[0m
[2025-06-25T20:12:38.779+0000] {docker.py:429} INFO - [2m2025-06-25T20:12:38.778064Z[0m [[32m[1minfo     [0m] [1mMETRIC: {"type": "counter", "metric": "record_count", "value": 2155, "tags": {"stream": "order_details", "pid": 176, "context": {}}}[0m [36mcmd_type[0m=[35mextractor[0m [36mname[0m=[35mtap-csv[0m [36mrun_id[0m=[35m7017d1d6-c00d-4976-b673-355bd0eb9eb7[0m [36mstate_id[0m=[35m2025-06-25T201237--tap-csv--target-csv-csv[0m [36mstdio[0m=[35mstderr[0m
[2025-06-25T20:12:38.869+0000] {docker.py:429} INFO - [2m2025-06-25T20:12:38.868296Z[0m [[32m[1minfo     [0m] [1mUsing systemdb state backend  [0m
[2025-06-25T20:12:38.881+0000] {docker.py:429} INFO - [2m2025-06-25T20:12:38.881032Z[0m [[32m[1minfo     [0m] [1mIncremental state has been updated at 2025-06-25 20:12:38.880999+00:00.[0m
[2025-06-25T20:12:38.882+0000] {docker.py:429} INFO - [2m2025-06-25T20:12:38.882135Z[0m [[32m[1minfo     [0m] [1mExtract & load complete!      [0m [36mname[0m=[35mmeltano[0m [36mrun_id[0m=[35m7017d1d6-c00d-4976-b673-355bd0eb9eb7[0m [36mstate_id[0m=[35m2025-06-25T201237--tap-csv--target-csv-csv[0m
[2m2025-06-25T20:12:38.882357Z[0m [[32m[1minfo     [0m] [1mTransformation skipped.       [0m [36mname[0m=[35mmeltano[0m [36mrun_id[0m=[35m7017d1d6-c00d-4976-b673-355bd0eb9eb7[0m [36mstate_id[0m=[35m2025-06-25T201237--tap-csv--target-csv-csv[0m
[2025-06-25T20:12:40.070+0000] {taskinstance.py:1138} INFO - Marking task as SUCCESS. dag_id=northwind, task_id=extração_csv, execution_date=20250625T201205, start_date=20250625T201225, end_date=20250625T201240
[2025-06-25T20:12:40.115+0000] {local_task_job_runner.py:234} INFO - Task exited with return code 0
[2025-06-25T20:12:40.136+0000] {taskinstance.py:3280} INFO - 1 downstream tasks scheduled from follow-on schedule check
