[2025-07-10T15:10:10.251+0000] {taskinstance.py:1956} INFO - Dependencies all met for dep_context=non-requeueable deps ti=<TaskInstance: northwind.extração_csv manual__2025-07-10T15:09:46.566851+00:00 [queued]>
[2025-07-10T15:10:10.259+0000] {taskinstance.py:1956} INFO - Dependencies all met for dep_context=requeueable deps ti=<TaskInstance: northwind.extração_csv manual__2025-07-10T15:09:46.566851+00:00 [queued]>
[2025-07-10T15:10:10.260+0000] {taskinstance.py:2170} INFO - Starting attempt 1 of 2
[2025-07-10T15:10:10.272+0000] {taskinstance.py:2191} INFO - Executing <Task(DockerOperator): extração_csv> on 2025-07-10 15:09:46.566851+00:00
[2025-07-10T15:10:10.277+0000] {standard_task_runner.py:60} INFO - Started process 179 to run task
[2025-07-10T15:10:10.280+0000] {standard_task_runner.py:87} INFO - Running: ['***', 'tasks', 'run', 'northwind', 'extração_csv', 'manual__2025-07-10T15:09:46.566851+00:00', '--job-id', '98', '--raw', '--subdir', 'DAGS_FOLDER/northwind.py', '--cfg-path', '/tmp/tmph576qpfr']
[2025-07-10T15:10:10.282+0000] {standard_task_runner.py:88} INFO - Job 98: Subtask extração_csv
[2025-07-10T15:10:10.327+0000] {task_command.py:423} INFO - Running <TaskInstance: northwind.extração_csv manual__2025-07-10T15:09:46.566851+00:00 [running]> on host 8ddbac0a6dc1
[2025-07-10T15:10:10.405+0000] {taskinstance.py:2480} INFO - Exporting env vars: AIRFLOW_CTX_DAG_EMAIL='lrbf@cin.ufpe.br' AIRFLOW_CTX_DAG_OWNER='***' AIRFLOW_CTX_DAG_ID='northwind' AIRFLOW_CTX_TASK_ID='extração_csv' AIRFLOW_CTX_EXECUTION_DATE='2025-07-10T15:09:46.566851+00:00' AIRFLOW_CTX_TRY_NUMBER='1' AIRFLOW_CTX_DAG_RUN_ID='manual__2025-07-10T15:09:46.566851+00:00'
[2025-07-10T15:10:10.460+0000] {docker.py:359} INFO - Starting docker container from image meltano:latest
[2025-07-10T15:10:10.714+0000] {docker.py:429} INFO - Running meltano install...
[2025-07-10T15:10:12.048+0000] {docker.py:429} INFO - [2m2025-07-10T15:10:12.047405Z[0m [[32m[1minfo     [0m] [1mInstalling 7 plugins          [0m
[2025-07-10T15:10:12.093+0000] {docker.py:429} INFO - [2m2025-07-10T15:10:12.092367Z[0m [[32m[1minfo     [0m] [1mInstalling extractor 'tap-postgres'[0m
[2025-07-10T15:10:12.115+0000] {docker.py:429} INFO - [2m2025-07-10T15:10:12.114385Z[0m [[32m[1minfo     [0m] [1mInstalling extractor 'tap-csv'[0m
[2025-07-10T15:10:12.143+0000] {docker.py:429} INFO - [2m2025-07-10T15:10:12.142412Z[0m [[32m[1minfo     [0m] [1mInstalling extractor 'tap-csv-latest'[0m
[2025-07-10T15:10:12.163+0000] {docker.py:429} INFO - [2m2025-07-10T15:10:12.162838Z[0m [[32m[1minfo     [0m] [1mInstalling loader 'target-postgres'[0m
[2025-07-10T15:10:12.186+0000] {docker.py:429} INFO - [2m2025-07-10T15:10:12.186060Z[0m [[32m[1minfo     [0m] [1mInstalling loader 'target-csv'[0m
[2025-07-10T15:10:12.218+0000] {docker.py:429} INFO - [2m2025-07-10T15:10:12.217731Z[0m [[32m[1minfo     [0m] [1mInstalling loader 'target-csv-postgres'[0m
[2025-07-10T15:10:12.252+0000] {docker.py:429} INFO - [2m2025-07-10T15:10:12.249787Z[0m [[32m[1minfo     [0m] [1mInstalling loader 'target-csv-csv'[0m
[2025-07-10T15:10:13.363+0000] {docker.py:429} INFO - [2m2025-07-10T15:10:13.362904Z[0m [[32m[1minfo     [0m] [1mInstalled extractor 'tap-postgres'[0m
[2025-07-10T15:10:13.407+0000] {docker.py:429} INFO - [2m2025-07-10T15:10:13.407032Z[0m [[32m[1minfo     [0m] [1mInstalled loader 'target-postgres'[0m
[2025-07-10T15:10:14.445+0000] {docker.py:429} INFO - [2m2025-07-10T15:10:14.444686Z[0m [[32m[1minfo     [0m] [1mInstalled extractor 'tap-csv-latest'[0m
[2025-07-10T15:10:14.640+0000] {docker.py:429} INFO - [2m2025-07-10T15:10:14.639627Z[0m [[32m[1minfo     [0m] [1mInstalled extractor 'tap-csv' [0m
[2025-07-10T15:10:15.090+0000] {docker.py:429} INFO - [2m2025-07-10T15:10:15.089981Z[0m [[32m[1minfo     [0m] [1mInstalled loader 'target-csv' [0m
[2025-07-10T15:10:15.503+0000] {docker.py:429} INFO - [2m2025-07-10T15:10:15.502521Z[0m [[32m[1minfo     [0m] [1mInstalled loader 'target-csv-csv'[0m
[2025-07-10T15:10:15.506+0000] {docker.py:429} INFO - [2m2025-07-10T15:10:15.505247Z[0m [[32m[1minfo     [0m] [1mInstalled loader 'target-csv-postgres'[0m
[2025-07-10T15:10:15.507+0000] {docker.py:429} INFO - [2m2025-07-10T15:10:15.506665Z[0m [[32m[1minfo     [0m] [1mInstalled 7/7 plugins         [0m
[2025-07-10T15:10:16.477+0000] {docker.py:429} INFO - Meltano install completed. Executing command: meltano el tap-csv target-csv-csv
[2025-07-10T15:10:17.673+0000] {docker.py:429} INFO - [2m2025-07-10T15:10:17.672652Z[0m [[32m[1minfo     [0m] [1mEnvironment 'dev' is active   [0m
[2025-07-10T15:10:18.036+0000] {docker.py:429} INFO - [2m2025-07-10T15:10:18.035228Z[0m [[32m[1minfo     [0m] [1mRunning extract & load...     [0m [36mname[0m=[35mmeltano[0m [36mrun_id[0m=[35me0d50461-3c9d-4f73-8e5e-509103ce407f[0m [36mstate_id[0m=[35m2025-07-10T151017--tap-csv--target-csv-csv[0m
[2025-07-10T15:10:19.070+0000] {docker.py:429} INFO - [2m2025-07-10T15:10:19.068549Z[0m [[32m[1minfo     [0m] [1mINFO Sending version information to singer.io. To disable sending anonymous usage data, set the config parameter "disable_collection" to true[0m [36mcmd_type[0m=[35mloader[0m [36mname[0m=[35mtarget-csv-csv[0m [36mrun_id[0m=[35me0d50461-3c9d-4f73-8e5e-509103ce407f[0m [36mstate_id[0m=[35m2025-07-10T151017--tap-csv--target-csv-csv[0m [36mstdio[0m=[35mstderr[0m
[2025-07-10T15:10:19.375+0000] {docker.py:429} INFO - [2m2025-07-10T15:10:19.374342Z[0m [[32m[1minfo     [0m] [1m/opt/meltano/.meltano/extractors/tap-csv/venv/lib/python3.9/site-packages/singer_sdk/tap_base.py:516: SingerSDKDeprecationWarning: Passing a catalog file path is deprecated. Please pass the catalog as a dictionary or Catalog object instead.[0m [36mcmd_type[0m=[35mextractor[0m [36mname[0m=[35mtap-csv[0m [36mrun_id[0m=[35me0d50461-3c9d-4f73-8e5e-509103ce407f[0m [36mstate_id[0m=[35m2025-07-10T151017--tap-csv--target-csv-csv[0m [36mstdio[0m=[35mstderr[0m
[2m2025-07-10T15:10:19.374664Z[0m [[32m[1minfo     [0m] [1m  tap = cls(                  [0m [36mcmd_type[0m=[35mextractor[0m [36mname[0m=[35mtap-csv[0m [36mrun_id[0m=[35me0d50461-3c9d-4f73-8e5e-509103ce407f[0m [36mstate_id[0m=[35m2025-07-10T151017--tap-csv--target-csv-csv[0m [36mstdio[0m=[35mstderr[0m
[2025-07-10T15:10:19.375+0000] {docker.py:429} INFO - [2m2025-07-10T15:10:19.374842Z[0m [[32m[1minfo     [0m] [1m                              [0m [36mcmd_type[0m=[35mextractor[0m [36mname[0m=[35mtap-csv[0m [36mrun_id[0m=[35me0d50461-3c9d-4f73-8e5e-509103ce407f[0m [36mstate_id[0m=[35m2025-07-10T151017--tap-csv--target-csv-csv[0m [36mstdio[0m=[35mstderr[0m
[2025-07-10T15:10:19.376+0000] {docker.py:429} INFO - [2m2025-07-10T15:10:19.375148Z[0m [[32m[1minfo     [0m] [1mBeginning full_table sync of 'order_details'...[0m [36mcmd_type[0m=[35mextractor[0m [36mname[0m=[35mtap-csv[0m [36mrun_id[0m=[35me0d50461-3c9d-4f73-8e5e-509103ce407f[0m [36mstate_id[0m=[35m2025-07-10T151017--tap-csv--target-csv-csv[0m [36mstdio[0m=[35mstderr[0m
[2025-07-10T15:10:19.376+0000] {docker.py:429} INFO - [2m2025-07-10T15:10:19.375407Z[0m [[32m[1minfo     [0m] [1mTap has custom mapper. Using 1 provided map(s).[0m [36mcmd_type[0m=[35mextractor[0m [36mname[0m=[35mtap-csv[0m [36mrun_id[0m=[35me0d50461-3c9d-4f73-8e5e-509103ce407f[0m [36mstate_id[0m=[35m2025-07-10T151017--tap-csv--target-csv-csv[0m [36mstdio[0m=[35mstderr[0m
[2025-07-10T15:10:19.518+0000] {docker.py:429} INFO - [2m2025-07-10T15:10:19.517095Z[0m [[32m[1minfo     [0m] [1mMETRIC: {"type": "timer", "metric": "sync_duration", "value": 0.14185023307800293, "tags": {"stream": "order_details", "pid": 176, "context": {}, "status": "succeeded"}}[0m [36mcmd_type[0m=[35mextractor[0m [36mname[0m=[35mtap-csv[0m [36mrun_id[0m=[35me0d50461-3c9d-4f73-8e5e-509103ce407f[0m [36mstate_id[0m=[35m2025-07-10T151017--tap-csv--target-csv-csv[0m [36mstdio[0m=[35mstderr[0m
[2025-07-10T15:10:19.518+0000] {docker.py:429} INFO - [2m2025-07-10T15:10:19.517691Z[0m [[32m[1minfo     [0m] [1mMETRIC: {"type": "counter", "metric": "record_count", "value": 2155, "tags": {"stream": "order_details", "pid": 176, "context": {}}}[0m [36mcmd_type[0m=[35mextractor[0m [36mname[0m=[35mtap-csv[0m [36mrun_id[0m=[35me0d50461-3c9d-4f73-8e5e-509103ce407f[0m [36mstate_id[0m=[35m2025-07-10T151017--tap-csv--target-csv-csv[0m [36mstdio[0m=[35mstderr[0m
[2025-07-10T15:10:19.640+0000] {docker.py:429} INFO - [2m2025-07-10T15:10:19.639870Z[0m [[32m[1minfo     [0m] [1mUsing systemdb state backend  [0m
[2025-07-10T15:10:19.660+0000] {docker.py:429} INFO - [2m2025-07-10T15:10:19.660069Z[0m [[32m[1minfo     [0m] [1mIncremental state has been updated at 2025-07-10 15:10:19.660033+00:00.[0m
[2025-07-10T15:10:19.661+0000] {docker.py:429} INFO - [2m2025-07-10T15:10:19.661051Z[0m [[32m[1minfo     [0m] [1mExtract & load complete!      [0m [36mname[0m=[35mmeltano[0m [36mrun_id[0m=[35me0d50461-3c9d-4f73-8e5e-509103ce407f[0m [36mstate_id[0m=[35m2025-07-10T151017--tap-csv--target-csv-csv[0m
[2025-07-10T15:10:19.661+0000] {docker.py:429} INFO - [2m2025-07-10T15:10:19.661329Z[0m [[32m[1minfo     [0m] [1mTransformation skipped.       [0m [36mname[0m=[35mmeltano[0m [36mrun_id[0m=[35me0d50461-3c9d-4f73-8e5e-509103ce407f[0m [36mstate_id[0m=[35m2025-07-10T151017--tap-csv--target-csv-csv[0m
[2025-07-10T15:10:20.694+0000] {taskinstance.py:1138} INFO - Marking task as SUCCESS. dag_id=northwind, task_id=extração_csv, execution_date=20250710T150946, start_date=20250710T151010, end_date=20250710T151020
[2025-07-10T15:10:20.730+0000] {local_task_job_runner.py:234} INFO - Task exited with return code 0
[2025-07-10T15:10:20.766+0000] {taskinstance.py:3280} INFO - 1 downstream tasks scheduled from follow-on schedule check
