[2025-07-10T12:19:28.702+0000] {taskinstance.py:1956} INFO - Dependencies all met for dep_context=non-requeueable deps ti=<TaskInstance: northwind.gerar_config_csv_dinamica manual__2025-07-10T12:18:44.775290+00:00 [queued]>
[2025-07-10T12:19:28.711+0000] {taskinstance.py:1956} INFO - Dependencies all met for dep_context=requeueable deps ti=<TaskInstance: northwind.gerar_config_csv_dinamica manual__2025-07-10T12:18:44.775290+00:00 [queued]>
[2025-07-10T12:19:28.712+0000] {taskinstance.py:2170} INFO - Starting attempt 1 of 2
[2025-07-10T12:19:28.724+0000] {taskinstance.py:2191} INFO - Executing <Task(DockerOperator): gerar_config_csv_dinamica> on 2025-07-10 12:18:44.775290+00:00
[2025-07-10T12:19:28.730+0000] {standard_task_runner.py:60} INFO - Started process 184 to run task
[2025-07-10T12:19:28.735+0000] {standard_task_runner.py:87} INFO - Running: ['***', 'tasks', 'run', 'northwind', 'gerar_config_csv_dinamica', 'manual__2025-07-10T12:18:44.775290+00:00', '--job-id', '10', '--raw', '--subdir', 'DAGS_FOLDER/northwind.py', '--cfg-path', '/tmp/tmpcf5b4u5j']
[2025-07-10T12:19:28.738+0000] {standard_task_runner.py:88} INFO - Job 10: Subtask gerar_config_csv_dinamica
[2025-07-10T12:19:28.793+0000] {task_command.py:423} INFO - Running <TaskInstance: northwind.gerar_config_csv_dinamica manual__2025-07-10T12:18:44.775290+00:00 [running]> on host 7ad2b0e001d7
[2025-07-10T12:19:28.898+0000] {taskinstance.py:2480} INFO - Exporting env vars: AIRFLOW_CTX_DAG_EMAIL='lrbf@cin.ufpe.br' AIRFLOW_CTX_DAG_OWNER='***' AIRFLOW_CTX_DAG_ID='northwind' AIRFLOW_CTX_TASK_ID='gerar_config_csv_dinamica' AIRFLOW_CTX_EXECUTION_DATE='2025-07-10T12:18:44.775290+00:00' AIRFLOW_CTX_TRY_NUMBER='1' AIRFLOW_CTX_DAG_RUN_ID='manual__2025-07-10T12:18:44.775290+00:00'
[2025-07-10T12:19:28.981+0000] {docker.py:359} INFO - Starting docker container from image meltano:latest
[2025-07-10T12:19:29.409+0000] {docker.py:429} INFO - Running meltano install...
[2025-07-10T12:19:31.797+0000] {docker.py:429} INFO - [2m2025-07-10T12:19:31.796468Z[0m [[32m[1minfo     [0m] [1mInstalling 7 plugins          [0m
[2025-07-10T12:19:31.815+0000] {docker.py:429} INFO - [2m2025-07-10T12:19:31.814482Z[0m [[32m[1minfo     [0m] [1mInstalling extractor 'tap-postgres'[0m
[2025-07-10T12:19:31.842+0000] {docker.py:429} INFO - [2m2025-07-10T12:19:31.841517Z[0m [[32m[1minfo     [0m] [1mInstalling extractor 'tap-csv'[0m
[2025-07-10T12:19:31.877+0000] {docker.py:429} INFO - [2m2025-07-10T12:19:31.876913Z[0m [[32m[1minfo     [0m] [1mInstalling extractor 'tap-csv-latest'[0m
[2025-07-10T12:19:31.908+0000] {docker.py:429} INFO - [2m2025-07-10T12:19:31.907893Z[0m [[32m[1minfo     [0m] [1mInstalling loader 'target-postgres'[0m
[2025-07-10T12:19:31.948+0000] {docker.py:429} INFO - [2m2025-07-10T12:19:31.947469Z[0m [[32m[1minfo     [0m] [1mInstalling loader 'target-csv'[0m
[2025-07-10T12:19:31.985+0000] {docker.py:429} INFO - [2m2025-07-10T12:19:31.984429Z[0m [[32m[1minfo     [0m] [1mInstalling loader 'target-csv-postgres'[0m
[2025-07-10T12:19:32.024+0000] {docker.py:429} INFO - [2m2025-07-10T12:19:32.023548Z[0m [[32m[1minfo     [0m] [1mInstalling loader 'target-csv-csv'[0m
[2025-07-10T12:19:33.080+0000] {docker.py:429} INFO - [2m2025-07-10T12:19:33.079113Z[0m [[32m[1minfo     [0m] [1mInstalled extractor 'tap-postgres'[0m
[2025-07-10T12:19:33.315+0000] {docker.py:429} INFO - [2m2025-07-10T12:19:33.314212Z[0m [[32m[1minfo     [0m] [1mInstalled loader 'target-postgres'[0m
[2025-07-10T12:19:37.462+0000] {docker.py:429} INFO - [2m2025-07-10T12:19:37.461097Z[0m [[32m[1minfo     [0m] [1mInstalled extractor 'tap-csv' [0m
[2025-07-10T12:19:37.527+0000] {docker.py:429} INFO - [2m2025-07-10T12:19:37.527069Z[0m [[32m[1minfo     [0m] [1mInstalled extractor 'tap-csv-latest'[0m
[2025-07-10T12:19:38.069+0000] {docker.py:429} INFO - [2m2025-07-10T12:19:38.068623Z[0m [[32m[1minfo     [0m] [1mInstalled loader 'target-csv' [0m
[2025-07-10T12:19:38.297+0000] {docker.py:429} INFO - [2m2025-07-10T12:19:38.296869Z[0m [[32m[1minfo     [0m] [1mInstalled loader 'target-csv-csv'[0m
[2025-07-10T12:19:39.215+0000] {docker.py:429} INFO - [2m2025-07-10T12:19:39.214484Z[0m [[32m[1minfo     [0m] [1mInstalled loader 'target-csv-postgres'[0m
[2025-07-10T12:19:39.216+0000] {docker.py:429} INFO - [2m2025-07-10T12:19:39.214936Z[0m [[32m[1minfo     [0m] [1mInstalled 7/7 plugins         [0m
[2025-07-10T12:19:40.360+0000] {docker.py:429} INFO - Meltano install completed. Executing command: python /opt/meltano/scripts/generate_csv_config.py
[2025-07-10T12:19:40.411+0000] {docker.py:429} INFO - [{"entity": "order_details", "path": "/opt/output_data/csv/order_details/2025-07-10/file.csv", "keys": ["order_id", "product_id"], "delimiter": ",", "encoding": "utf-8"}, {"entity": "public-categories", "path": "/opt/output_data/postgres/public-categories/2025-07-10/file.csv", "keys": ["category_id"], "delimiter": ",", "encoding": "utf-8"}, {"entity": "public-products", "path": "/opt/output_data/postgres/public-products/2025-07-10/file.csv", "keys": ["product_id"], "delimiter": ",", "encoding": "utf-8"}, {"entity": "public-suppliers", "path": "/opt/output_data/postgres/public-suppliers/2025-07-10/file.csv", "keys": ["supplier_id"], "delimiter": ",", "encoding": "utf-8"}, {"entity": "public-orders", "path": "/opt/output_data/postgres/public-orders/2025-07-10/file.csv", "keys": ["order_id"], "delimiter": ",", "encoding": "utf-8"}, {"entity": "public-customers", "path": "/opt/output_data/postgres/public-customers/2025-07-10/file.csv", "keys": ["customer_id"], "delimiter": ",", "encoding": "utf-8"}, {"entity": "public-employees", "path": "/opt/output_data/postgres/public-employees/2025-07-10/file.csv", "keys": ["employee_id"], "delimiter": ",", "encoding": "utf-8"}, {"entity": "public-employee_territories", "path": "/opt/output_data/postgres/public-employee_territories/2025-07-10/file.csv", "keys": ["employee_id", "territory_id"], "delimiter": ",", "encoding": "utf-8"}, {"entity": "public-territories", "path": "/opt/output_data/postgres/public-territories/2025-07-10/file.csv", "keys": ["territory_id"], "delimiter": ",", "encoding": "utf-8"}, {"entity": "public-region", "path": "/opt/output_data/postgres/public-region/2025-07-10/file.csv", "keys": ["region_id"], "delimiter": ",", "encoding": "utf-8"}, {"entity": "public-shippers", "path": "/opt/output_data/postgres/public-shippers/2025-07-10/file.csv", "keys": ["shipper_id"], "delimiter": ",", "encoding": "utf-8"}, {"entity": "public-us_states", "path": "/opt/output_data/postgres/public-us_states/2025-07-10/file.csv", "keys": ["state_id"], "delimiter": ",", "encoding": "utf-8"}]
[2025-07-10T12:19:40.690+0000] {taskinstance.py:1138} INFO - Marking task as SUCCESS. dag_id=northwind, task_id=gerar_config_csv_dinamica, execution_date=20250710T121844, start_date=20250710T121928, end_date=20250710T121940
[2025-07-10T12:19:40.726+0000] {local_task_job_runner.py:234} INFO - Task exited with return code 0
[2025-07-10T12:19:40.774+0000] {taskinstance.py:3280} INFO - 1 downstream tasks scheduled from follow-on schedule check
