[2025-07-09T20:06:49.825+0000] {taskinstance.py:1956} INFO - Dependencies all met for dep_context=non-requeueable deps ti=<TaskInstance: northwind.gerar_config_csv_dinamica manual__2025-07-09T20:06:20.749604+00:00 [queued]>
[2025-07-09T20:06:49.833+0000] {taskinstance.py:1956} INFO - Dependencies all met for dep_context=requeueable deps ti=<TaskInstance: northwind.gerar_config_csv_dinamica manual__2025-07-09T20:06:20.749604+00:00 [queued]>
[2025-07-09T20:06:49.833+0000] {taskinstance.py:2170} INFO - Starting attempt 1 of 2
[2025-07-09T20:06:49.845+0000] {taskinstance.py:2191} INFO - Executing <Task(DockerOperator): gerar_config_csv_dinamica> on 2025-07-09 20:06:20.749604+00:00
[2025-07-09T20:06:49.849+0000] {standard_task_runner.py:60} INFO - Started process 184 to run task
[2025-07-09T20:06:49.853+0000] {standard_task_runner.py:87} INFO - Running: ['***', 'tasks', 'run', 'northwind', 'gerar_config_csv_dinamica', 'manual__2025-07-09T20:06:20.749604+00:00', '--job-id', '79', '--raw', '--subdir', 'DAGS_FOLDER/northwind.py', '--cfg-path', '/tmp/tmpzc3jvnt6']
[2025-07-09T20:06:49.855+0000] {standard_task_runner.py:88} INFO - Job 79: Subtask gerar_config_csv_dinamica
[2025-07-09T20:06:49.899+0000] {task_command.py:423} INFO - Running <TaskInstance: northwind.gerar_config_csv_dinamica manual__2025-07-09T20:06:20.749604+00:00 [running]> on host 9d65785a077b
[2025-07-09T20:06:49.973+0000] {taskinstance.py:2480} INFO - Exporting env vars: AIRFLOW_CTX_DAG_EMAIL='lrbf@cin.ufpe.br' AIRFLOW_CTX_DAG_OWNER='***' AIRFLOW_CTX_DAG_ID='northwind' AIRFLOW_CTX_TASK_ID='gerar_config_csv_dinamica' AIRFLOW_CTX_EXECUTION_DATE='2025-07-09T20:06:20.749604+00:00' AIRFLOW_CTX_TRY_NUMBER='1' AIRFLOW_CTX_DAG_RUN_ID='manual__2025-07-09T20:06:20.749604+00:00'
[2025-07-09T20:06:50.030+0000] {docker.py:359} INFO - Starting docker container from image meltano:latest
[2025-07-09T20:06:50.318+0000] {docker.py:429} INFO - Running meltano install...
[2025-07-09T20:06:51.661+0000] {docker.py:429} INFO - [2m2025-07-09T20:06:51.660244Z[0m [[32m[1minfo     [0m] [1mInstalling 7 plugins          [0m
[2025-07-09T20:06:51.674+0000] {docker.py:429} INFO - [2m2025-07-09T20:06:51.672985Z[0m [[32m[1minfo     [0m] [1mInstalling extractor 'tap-postgres'[0m
[2025-07-09T20:06:51.697+0000] {docker.py:429} INFO - [2m2025-07-09T20:06:51.696495Z[0m [[32m[1minfo     [0m] [1mInstalling extractor 'tap-csv'[0m
[2025-07-09T20:06:51.719+0000] {docker.py:429} INFO - [2m2025-07-09T20:06:51.718715Z[0m [[32m[1minfo     [0m] [1mInstalling extractor 'tap-csv-latest'[0m
[2025-07-09T20:06:51.752+0000] {docker.py:429} INFO - [2m2025-07-09T20:06:51.751232Z[0m [[32m[1minfo     [0m] [1mInstalling loader 'target-postgres'[0m
[2025-07-09T20:06:51.793+0000] {docker.py:429} INFO - [2m2025-07-09T20:06:51.792799Z[0m [[32m[1minfo     [0m] [1mInstalling loader 'target-csv'[0m
[2025-07-09T20:06:51.838+0000] {docker.py:429} INFO - [2m2025-07-09T20:06:51.836625Z[0m [[32m[1minfo     [0m] [1mInstalling loader 'target-csv-postgres'[0m
[2025-07-09T20:06:51.881+0000] {docker.py:429} INFO - [2m2025-07-09T20:06:51.880205Z[0m [[32m[1minfo     [0m] [1mInstalling loader 'target-csv-csv'[0m
[2025-07-09T20:06:50.562+0000] {docker.py:429} INFO - [2m2025-07-09T20:06:50.561854Z[0m [[32m[1minfo     [0m] [1mInstalled extractor 'tap-postgres'[0m
[2025-07-09T20:06:50.624+0000] {docker.py:429} INFO - [2m2025-07-09T20:06:50.623765Z[0m [[32m[1minfo     [0m] [1mInstalled loader 'target-postgres'[0m
[2025-07-09T20:06:55.455+0000] {docker.py:429} INFO - [2m2025-07-09T20:06:55.454360Z[0m [[32m[1minfo     [0m] [1mInstalled extractor 'tap-csv' [0m
[2025-07-09T20:06:55.997+0000] {docker.py:429} INFO - [2m2025-07-09T20:06:55.996645Z[0m [[32m[1minfo     [0m] [1mInstalled loader 'target-csv' [0m
[2025-07-09T20:06:56.748+0000] {docker.py:429} INFO - [2m2025-07-09T20:06:56.747604Z[0m [[32m[1minfo     [0m] [1mInstalled extractor 'tap-csv-latest'[0m
[2025-07-09T20:06:56.888+0000] {docker.py:429} INFO - [2m2025-07-09T20:06:56.888035Z[0m [[32m[1minfo     [0m] [1mInstalled loader 'target-csv-postgres'[0m
[2025-07-09T20:06:56.912+0000] {docker.py:429} INFO - [2m2025-07-09T20:06:56.912033Z[0m [[32m[1minfo     [0m] [1mInstalled loader 'target-csv-csv'[0m
[2m2025-07-09T20:06:56.912345Z[0m [[32m[1minfo     [0m] [1mInstalled 7/7 plugins         [0m
[2025-07-09T20:06:57.748+0000] {docker.py:429} INFO - Meltano install completed. Executing command: python /opt/meltano/scripts/generate_csv_config.py
[2025-07-09T20:06:57.800+0000] {docker.py:429} INFO - [{"entity": "order_details", "path": "/opt/output_data/csv/order_details/2025-07-09/file.csv", "keys": ["order_id", "product_id"], "delimiter": ",", "encoding": "utf-8"}, {"entity": "public-categories", "path": "/opt/output_data/postgres/public-categories/2025-07-09/file.csv", "keys": ["category_id"], "delimiter": ",", "encoding": "utf-8"}, {"entity": "public-products", "path": "/opt/output_data/postgres/public-products/2025-07-09/file.csv", "keys": ["product_id"], "delimiter": ",", "encoding": "utf-8"}, {"entity": "public-suppliers", "path": "/opt/output_data/postgres/public-suppliers/2025-07-09/file.csv", "keys": ["supplier_id"], "delimiter": ",", "encoding": "utf-8"}, {"entity": "public-orders", "path": "/opt/output_data/postgres/public-orders/2025-07-09/file.csv", "keys": ["order_id"], "delimiter": ",", "encoding": "utf-8"}, {"entity": "public-customers", "path": "/opt/output_data/postgres/public-customers/2025-07-09/file.csv", "keys": ["customer_id"], "delimiter": ",", "encoding": "utf-8"}, {"entity": "public-employees", "path": "/opt/output_data/postgres/public-employees/2025-07-09/file.csv", "keys": ["employee_id"], "delimiter": ",", "encoding": "utf-8"}, {"entity": "public-employee_territories", "path": "/opt/output_data/postgres/public-employee_territories/2025-07-09/file.csv", "keys": ["employee_id", "territory_id"], "delimiter": ",", "encoding": "utf-8"}, {"entity": "public-territories", "path": "/opt/output_data/postgres/public-territories/2025-07-09/file.csv", "keys": ["territory_id"], "delimiter": ",", "encoding": "utf-8"}, {"entity": "public-region", "path": "/opt/output_data/postgres/public-region/2025-07-09/file.csv", "keys": ["region_id"], "delimiter": ",", "encoding": "utf-8"}, {"entity": "public-shippers", "path": "/opt/output_data/postgres/public-shippers/2025-07-09/file.csv", "keys": ["shipper_id"], "delimiter": ",", "encoding": "utf-8"}, {"entity": "public-us_states", "path": "/opt/output_data/postgres/public-us_states/2025-07-09/file.csv", "keys": ["state_id"], "delimiter": ",", "encoding": "utf-8"}]
[2025-07-09T20:06:58.014+0000] {taskinstance.py:1138} INFO - Marking task as SUCCESS. dag_id=northwind, task_id=gerar_config_csv_dinamica, execution_date=20250709T200620, start_date=20250709T200649, end_date=20250709T200658
[2025-07-09T20:06:58.050+0000] {local_task_job_runner.py:234} INFO - Task exited with return code 0
[2025-07-09T20:06:58.071+0000] {taskinstance.py:3280} INFO - 1 downstream tasks scheduled from follow-on schedule check
