[2025-07-01T13:36:43.856+0000] {taskinstance.py:1956} INFO - Dependencies all met for dep_context=non-requeueable deps ti=<TaskInstance: northwind.extração_csv manual__2025-07-01T13:36:16.716435+00:00 [queued]>
[2025-07-01T13:36:43.868+0000] {taskinstance.py:1956} INFO - Dependencies all met for dep_context=requeueable deps ti=<TaskInstance: northwind.extração_csv manual__2025-07-01T13:36:16.716435+00:00 [queued]>
[2025-07-01T13:36:43.869+0000] {taskinstance.py:2170} INFO - Starting attempt 1 of 2
[2025-07-01T13:36:43.885+0000] {taskinstance.py:2191} INFO - Executing <Task(DockerOperator): extração_csv> on 2025-07-01 13:36:16.716435+00:00
[2025-07-01T13:36:43.889+0000] {standard_task_runner.py:60} INFO - Started process 184 to run task
[2025-07-01T13:36:43.892+0000] {standard_task_runner.py:87} INFO - Running: ['***', 'tasks', 'run', 'northwind', 'extração_csv', 'manual__2025-07-01T13:36:16.716435+00:00', '--job-id', '50', '--raw', '--subdir', 'DAGS_FOLDER/dag.py', '--cfg-path', '/tmp/tmp73_5m8sx']
[2025-07-01T13:36:43.894+0000] {standard_task_runner.py:88} INFO - Job 50: Subtask extração_csv
[2025-07-01T13:36:43.942+0000] {task_command.py:423} INFO - Running <TaskInstance: northwind.extração_csv manual__2025-07-01T13:36:16.716435+00:00 [running]> on host a0138d8cef03
[2025-07-01T13:36:44.022+0000] {taskinstance.py:2480} INFO - Exporting env vars: AIRFLOW_CTX_DAG_EMAIL='lrbf@cin.ufpe.br' AIRFLOW_CTX_DAG_OWNER='***' AIRFLOW_CTX_DAG_ID='northwind' AIRFLOW_CTX_TASK_ID='extração_csv' AIRFLOW_CTX_EXECUTION_DATE='2025-07-01T13:36:16.716435+00:00' AIRFLOW_CTX_TRY_NUMBER='1' AIRFLOW_CTX_DAG_RUN_ID='manual__2025-07-01T13:36:16.716435+00:00'
[2025-07-01T13:36:44.133+0000] {docker.py:359} INFO - Starting docker container from image meltano:latest
[2025-07-01T13:36:44.596+0000] {docker.py:429} INFO - Running meltano install...
[2025-07-01T13:36:46.160+0000] {docker.py:429} INFO - [2m2025-07-01T13:36:46.159223Z[0m [[32m[1minfo     [0m] [1mInstalling 7 plugins          [0m
[2025-07-01T13:36:46.170+0000] {docker.py:429} INFO - [2m2025-07-01T13:36:46.169464Z[0m [[32m[1minfo     [0m] [1mInstalling extractor 'tap-postgres'[0m
[2025-07-01T13:36:46.189+0000] {docker.py:429} INFO - [2m2025-07-01T13:36:46.188355Z[0m [[32m[1minfo     [0m] [1mInstalling extractor 'tap-csv'[0m
[2025-07-01T13:36:46.214+0000] {docker.py:429} INFO - [2m2025-07-01T13:36:46.213975Z[0m [[32m[1minfo     [0m] [1mInstalling extractor 'tap-csv-latest'[0m
[2025-07-01T13:36:46.239+0000] {docker.py:429} INFO - [2m2025-07-01T13:36:46.238915Z[0m [[32m[1minfo     [0m] [1mInstalling loader 'target-postgres'[0m
[2025-07-01T13:36:46.275+0000] {docker.py:429} INFO - [2m2025-07-01T13:36:46.274761Z[0m [[32m[1minfo     [0m] [1mInstalling loader 'target-csv'[0m
[2025-07-01T13:36:46.319+0000] {docker.py:429} INFO - [2m2025-07-01T13:36:46.317783Z[0m [[32m[1minfo     [0m] [1mInstalling loader 'target-csv-postgres'[0m
[2025-07-01T13:36:46.363+0000] {docker.py:429} INFO - [2m2025-07-01T13:36:46.362051Z[0m [[32m[1minfo     [0m] [1mInstalling loader 'target-csv-csv'[0m
[2025-07-01T13:36:47.215+0000] {docker.py:429} INFO - [2m2025-07-01T13:36:47.214948Z[0m [[32m[1minfo     [0m] [1mInstalled loader 'target-postgres'[0m
[2025-07-01T13:36:47.240+0000] {docker.py:429} INFO - [2m2025-07-01T13:36:47.239431Z[0m [[32m[1minfo     [0m] [1mInstalled extractor 'tap-postgres'[0m
[2025-07-01T13:36:51.802+0000] {docker.py:429} INFO - [2m2025-07-01T13:36:51.801934Z[0m [[32m[1minfo     [0m] [1mInstalled extractor 'tap-csv' [0m
[2025-07-01T13:36:51.827+0000] {docker.py:429} INFO - [2m2025-07-01T13:36:51.826872Z[0m [[32m[1minfo     [0m] [1mInstalled extractor 'tap-csv-latest'[0m
[2025-07-01T13:36:52.337+0000] {docker.py:429} INFO - [2m2025-07-01T13:36:52.336582Z[0m [[32m[1minfo     [0m] [1mInstalled loader 'target-csv' [0m
[2025-07-01T13:36:52.556+0000] {docker.py:429} INFO - [2m2025-07-01T13:36:52.555767Z[0m [[32m[1minfo     [0m] [1mInstalled loader 'target-csv-postgres'[0m
[2025-07-01T13:36:52.644+0000] {docker.py:429} INFO - [2m2025-07-01T13:36:52.644205Z[0m [[32m[1minfo     [0m] [1mInstalled loader 'target-csv-csv'[0m
[2025-07-01T13:36:52.645+0000] {docker.py:429} INFO - [2m2025-07-01T13:36:52.644568Z[0m [[32m[1minfo     [0m] [1mInstalled 7/7 plugins         [0m
[2025-07-01T13:36:53.602+0000] {docker.py:429} INFO - Meltano install completed. Executing command: meltano el tap-csv target-csv-csv
[2025-07-01T13:36:54.925+0000] {docker.py:429} INFO - [2m2025-07-01T13:36:54.924919Z[0m [[32m[1minfo     [0m] [1mEnvironment 'dev' is active   [0m
[2025-07-01T13:36:55.289+0000] {docker.py:429} INFO - [2m2025-07-01T13:36:55.288336Z[0m [[32m[1minfo     [0m] [1mRunning extract & load...     [0m [36mname[0m=[35mmeltano[0m [36mrun_id[0m=[35m6888ed4e-00b0-4477-99f5-afead26014eb[0m [36mstate_id[0m=[35m2025-07-01T133655--tap-csv--target-csv-csv[0m
[2025-07-01T13:36:56.756+0000] {docker.py:429} INFO - [2m2025-07-01T13:36:56.755501Z[0m [[32m[1minfo     [0m] [1mINFO Sending version information to singer.io. To disable sending anonymous usage data, set the config parameter "disable_collection" to true[0m [36mcmd_type[0m=[35mloader[0m [36mname[0m=[35mtarget-csv-csv[0m [36mrun_id[0m=[35m6888ed4e-00b0-4477-99f5-afead26014eb[0m [36mstate_id[0m=[35m2025-07-01T133655--tap-csv--target-csv-csv[0m [36mstdio[0m=[35mstderr[0m
[2025-07-01T13:37:03.985+0000] {docker.py:429} INFO - [2m2025-07-01T13:37:03.984745Z[0m [[32m[1minfo     [0m] [1m/opt/meltano/.meltano/extractors/tap-csv/venv/lib/python3.9/site-packages/singer_sdk/tap_base.py:516: SingerSDKDeprecationWarning: Passing a catalog file path is deprecated. Please pass the catalog as a dictionary or Catalog object instead.[0m [36mcmd_type[0m=[35mextractor[0m [36mname[0m=[35mtap-csv[0m [36mrun_id[0m=[35m6888ed4e-00b0-4477-99f5-afead26014eb[0m [36mstate_id[0m=[35m2025-07-01T133655--tap-csv--target-csv-csv[0m [36mstdio[0m=[35mstderr[0m
[2m2025-07-01T13:37:03.985070Z[0m [[32m[1minfo     [0m] [1m  tap = cls(                  [0m [36mcmd_type[0m=[35mextractor[0m [36mname[0m=[35mtap-csv[0m [36mrun_id[0m=[35m6888ed4e-00b0-4477-99f5-afead26014eb[0m [36mstate_id[0m=[35m2025-07-01T133655--tap-csv--target-csv-csv[0m [36mstdio[0m=[35mstderr[0m
[2025-07-01T13:37:03.985+0000] {docker.py:429} INFO - [2m2025-07-01T13:37:03.985231Z[0m [[32m[1minfo     [0m] [1m                              [0m [36mcmd_type[0m=[35mextractor[0m [36mname[0m=[35mtap-csv[0m [36mrun_id[0m=[35m6888ed4e-00b0-4477-99f5-afead26014eb[0m [36mstate_id[0m=[35m2025-07-01T133655--tap-csv--target-csv-csv[0m [36mstdio[0m=[35mstderr[0m
[2025-07-01T13:37:03.986+0000] {docker.py:429} INFO - [2m2025-07-01T13:37:03.985514Z[0m [[32m[1minfo     [0m] [1mBeginning full_table sync of 'order_details'...[0m [36mcmd_type[0m=[35mextractor[0m [36mname[0m=[35mtap-csv[0m [36mrun_id[0m=[35m6888ed4e-00b0-4477-99f5-afead26014eb[0m [36mstate_id[0m=[35m2025-07-01T133655--tap-csv--target-csv-csv[0m [36mstdio[0m=[35mstderr[0m
[2025-07-01T13:37:03.986+0000] {docker.py:429} INFO - [2m2025-07-01T13:37:03.985709Z[0m [[32m[1minfo     [0m] [1mTap has custom mapper. Using 1 provided map(s).[0m [36mcmd_type[0m=[35mextractor[0m [36mname[0m=[35mtap-csv[0m [36mrun_id[0m=[35m6888ed4e-00b0-4477-99f5-afead26014eb[0m [36mstate_id[0m=[35m2025-07-01T133655--tap-csv--target-csv-csv[0m [36mstdio[0m=[35mstderr[0m
[2025-07-01T13:36:56.676+0000] {docker.py:429} INFO - [2m2025-07-01T13:36:56.674917Z[0m [[32m[1minfo     [0m] [1mMETRIC: {"type": "timer", "metric": "sync_duration", "value": -7.310662031173706, "tags": {"stream": "order_details", "pid": 176, "context": {}, "status": "succeeded"}}[0m [36mcmd_type[0m=[35mextractor[0m [36mname[0m=[35mtap-csv[0m [36mrun_id[0m=[35m6888ed4e-00b0-4477-99f5-afead26014eb[0m [36mstate_id[0m=[35m2025-07-01T133655--tap-csv--target-csv-csv[0m [36mstdio[0m=[35mstderr[0m
[2025-07-01T13:36:56.676+0000] {docker.py:429} INFO - [2m2025-07-01T13:36:56.675711Z[0m [[32m[1minfo     [0m] [1mMETRIC: {"type": "counter", "metric": "record_count", "value": 2155, "tags": {"stream": "order_details", "pid": 176, "context": {}}}[0m [36mcmd_type[0m=[35mextractor[0m [36mname[0m=[35mtap-csv[0m [36mrun_id[0m=[35m6888ed4e-00b0-4477-99f5-afead26014eb[0m [36mstate_id[0m=[35m2025-07-01T133655--tap-csv--target-csv-csv[0m [36mstdio[0m=[35mstderr[0m
[2025-07-01T13:36:56.797+0000] {docker.py:429} INFO - [2m2025-07-01T13:36:56.796325Z[0m [[32m[1minfo     [0m] [1mUsing systemdb state backend  [0m
[2025-07-01T13:36:56.808+0000] {docker.py:429} INFO - [2m2025-07-01T13:36:56.807701Z[0m [[32m[1minfo     [0m] [1mIncremental state has been updated at 2025-07-01 13:36:56.807654+00:00.[0m
[2025-07-01T13:36:56.809+0000] {docker.py:429} INFO - [2m2025-07-01T13:36:56.809212Z[0m [[32m[1minfo     [0m] [1mExtract & load complete!      [0m [36mname[0m=[35mmeltano[0m [36mrun_id[0m=[35m6888ed4e-00b0-4477-99f5-afead26014eb[0m [36mstate_id[0m=[35m2025-07-01T133655--tap-csv--target-csv-csv[0m
[2m2025-07-01T13:36:56.809477Z[0m [[32m[1minfo     [0m] [1mTransformation skipped.       [0m [36mname[0m=[35mmeltano[0m [36mrun_id[0m=[35m6888ed4e-00b0-4477-99f5-afead26014eb[0m [36mstate_id[0m=[35m2025-07-01T133655--tap-csv--target-csv-csv[0m
[2025-07-01T13:36:57.923+0000] {taskinstance.py:1138} INFO - Marking task as SUCCESS. dag_id=northwind, task_id=extração_csv, execution_date=20250701T133616, start_date=20250701T133643, end_date=20250701T133657
[2025-07-01T13:36:57.972+0000] {local_task_job_runner.py:234} INFO - Task exited with return code 0
[2025-07-01T13:36:57.994+0000] {taskinstance.py:3280} INFO - 1 downstream tasks scheduled from follow-on schedule check
