[2025-07-01T20:22:28.968+0000] {taskinstance.py:1956} INFO - Dependencies all met for dep_context=non-requeueable deps ti=<TaskInstance: northwind.extração_csv manual__2025-07-01T20:22:04.964404+00:00 [queued]>
[2025-07-01T20:22:28.982+0000] {taskinstance.py:1956} INFO - Dependencies all met for dep_context=requeueable deps ti=<TaskInstance: northwind.extração_csv manual__2025-07-01T20:22:04.964404+00:00 [queued]>
[2025-07-01T20:22:28.983+0000] {taskinstance.py:2170} INFO - Starting attempt 1 of 2
[2025-07-01T20:22:28.998+0000] {taskinstance.py:2191} INFO - Executing <Task(DockerOperator): extração_csv> on 2025-07-01 20:22:04.964404+00:00
[2025-07-01T20:22:29.002+0000] {standard_task_runner.py:60} INFO - Started process 177 to run task
[2025-07-01T20:22:29.004+0000] {standard_task_runner.py:87} INFO - Running: ['***', 'tasks', 'run', 'northwind', 'extração_csv', 'manual__2025-07-01T20:22:04.964404+00:00', '--job-id', '3', '--raw', '--subdir', 'DAGS_FOLDER/northwind.py', '--cfg-path', '/tmp/tmpwc89z6uq']
[2025-07-01T20:22:29.007+0000] {standard_task_runner.py:88} INFO - Job 3: Subtask extração_csv
[2025-07-01T20:22:29.048+0000] {task_command.py:423} INFO - Running <TaskInstance: northwind.extração_csv manual__2025-07-01T20:22:04.964404+00:00 [running]> on host 424e77a09744
[2025-07-01T20:22:29.121+0000] {taskinstance.py:2480} INFO - Exporting env vars: AIRFLOW_CTX_DAG_EMAIL='lrbf@cin.ufpe.br' AIRFLOW_CTX_DAG_OWNER='***' AIRFLOW_CTX_DAG_ID='northwind' AIRFLOW_CTX_TASK_ID='extração_csv' AIRFLOW_CTX_EXECUTION_DATE='2025-07-01T20:22:04.964404+00:00' AIRFLOW_CTX_TRY_NUMBER='1' AIRFLOW_CTX_DAG_RUN_ID='manual__2025-07-01T20:22:04.964404+00:00'
[2025-07-01T20:22:29.175+0000] {docker.py:359} INFO - Starting docker container from image meltano:latest
[2025-07-01T20:22:29.451+0000] {docker.py:429} INFO - Running meltano install...
[2025-07-01T20:22:30.640+0000] {docker.py:429} INFO - [2m2025-07-01T20:22:30.639313Z[0m [[32m[1minfo     [0m] [1mInstalling 7 plugins          [0m
[2025-07-01T20:22:30.651+0000] {docker.py:429} INFO - [2m2025-07-01T20:22:30.650532Z[0m [[32m[1minfo     [0m] [1mInstalling extractor 'tap-postgres'[0m
[2025-07-01T20:22:30.670+0000] {docker.py:429} INFO - [2m2025-07-01T20:22:30.669516Z[0m [[32m[1minfo     [0m] [1mInstalling extractor 'tap-csv'[0m
[2025-07-01T20:22:30.690+0000] {docker.py:429} INFO - [2m2025-07-01T20:22:30.689867Z[0m [[32m[1minfo     [0m] [1mInstalling extractor 'tap-csv-latest'[0m
[2025-07-01T20:22:30.718+0000] {docker.py:429} INFO - [2m2025-07-01T20:22:30.717679Z[0m [[32m[1minfo     [0m] [1mInstalling loader 'target-postgres'[0m
[2025-07-01T20:22:30.756+0000] {docker.py:429} INFO - [2m2025-07-01T20:22:30.755467Z[0m [[32m[1minfo     [0m] [1mInstalling loader 'target-csv'[0m
[2025-07-01T20:22:30.795+0000] {docker.py:429} INFO - [2m2025-07-01T20:22:30.794809Z[0m [[32m[1minfo     [0m] [1mInstalling loader 'target-csv-postgres'[0m
[2025-07-01T20:22:30.836+0000] {docker.py:429} INFO - [2m2025-07-01T20:22:30.835814Z[0m [[32m[1minfo     [0m] [1mInstalling loader 'target-csv-csv'[0m
[2025-07-01T20:22:32.091+0000] {docker.py:429} INFO - [2m2025-07-01T20:22:32.091247Z[0m [[32m[1minfo     [0m] [1mInstalled loader 'target-postgres'[0m
[2025-07-01T20:22:32.092+0000] {docker.py:429} INFO - [2m2025-07-01T20:22:32.091937Z[0m [[32m[1minfo     [0m] [1mInstalled extractor 'tap-postgres'[0m
[2025-07-01T20:22:36.578+0000] {docker.py:429} INFO - [2m2025-07-01T20:22:36.578044Z[0m [[32m[1minfo     [0m] [1mInstalled extractor 'tap-csv' [0m
[2025-07-01T20:22:36.581+0000] {docker.py:429} INFO - [2m2025-07-01T20:22:36.581032Z[0m [[32m[1minfo     [0m] [1mInstalled extractor 'tap-csv-latest'[0m
[2025-07-01T20:22:36.888+0000] {docker.py:429} INFO - [2m2025-07-01T20:22:36.887284Z[0m [[32m[1minfo     [0m] [1mInstalled loader 'target-csv' [0m
[2025-07-01T20:22:37.704+0000] {docker.py:429} INFO - [2m2025-07-01T20:22:37.703791Z[0m [[32m[1minfo     [0m] [1mInstalled loader 'target-csv-postgres'[0m
[2025-07-01T20:22:37.866+0000] {docker.py:429} INFO - [2m2025-07-01T20:22:37.865979Z[0m [[32m[1minfo     [0m] [1mInstalled loader 'target-csv-csv'[0m
[2025-07-01T20:22:37.866+0000] {docker.py:429} INFO - [2m2025-07-01T20:22:37.866265Z[0m [[32m[1minfo     [0m] [1mInstalled 7/7 plugins         [0m
[2025-07-01T20:22:38.710+0000] {docker.py:429} INFO - Meltano install completed. Executing command: meltano el tap-csv target-csv-csv
[2025-07-01T20:22:39.812+0000] {docker.py:429} INFO - [2m2025-07-01T20:22:39.811883Z[0m [[32m[1minfo     [0m] [1mEnvironment 'dev' is active   [0m
[2025-07-01T20:22:40.112+0000] {docker.py:429} INFO - [2m2025-07-01T20:22:40.111924Z[0m [[32m[1minfo     [0m] [1mRunning extract & load...     [0m [36mname[0m=[35mmeltano[0m [36mrun_id[0m=[35m724bb96c-0cfb-401a-b9ba-a588ef7779a5[0m [36mstate_id[0m=[35m2025-07-01T202239--tap-csv--target-csv-csv[0m
[2025-07-01T20:22:41.332+0000] {docker.py:429} INFO - [2m2025-07-01T20:22:41.331738Z[0m [[32m[1minfo     [0m] [1mINFO Sending version information to singer.io. To disable sending anonymous usage data, set the config parameter "disable_collection" to true[0m [36mcmd_type[0m=[35mloader[0m [36mname[0m=[35mtarget-csv-csv[0m [36mrun_id[0m=[35m724bb96c-0cfb-401a-b9ba-a588ef7779a5[0m [36mstate_id[0m=[35m2025-07-01T202239--tap-csv--target-csv-csv[0m [36mstdio[0m=[35mstderr[0m
[2025-07-01T20:22:41.434+0000] {docker.py:429} INFO - [2m2025-07-01T20:22:41.433675Z[0m [[32m[1minfo     [0m] [1m/opt/meltano/.meltano/extractors/tap-csv/venv/lib/python3.9/site-packages/singer_sdk/tap_base.py:516: SingerSDKDeprecationWarning: Passing a catalog file path is deprecated. Please pass the catalog as a dictionary or Catalog object instead.[0m [36mcmd_type[0m=[35mextractor[0m [36mname[0m=[35mtap-csv[0m [36mrun_id[0m=[35m724bb96c-0cfb-401a-b9ba-a588ef7779a5[0m [36mstate_id[0m=[35m2025-07-01T202239--tap-csv--target-csv-csv[0m [36mstdio[0m=[35mstderr[0m
[2025-07-01T20:22:41.434+0000] {docker.py:429} INFO - [2m2025-07-01T20:22:41.434025Z[0m [[32m[1minfo     [0m] [1m  tap = cls(                  [0m [36mcmd_type[0m=[35mextractor[0m [36mname[0m=[35mtap-csv[0m [36mrun_id[0m=[35m724bb96c-0cfb-401a-b9ba-a588ef7779a5[0m [36mstate_id[0m=[35m2025-07-01T202239--tap-csv--target-csv-csv[0m [36mstdio[0m=[35mstderr[0m
[2025-07-01T20:22:41.435+0000] {docker.py:429} INFO - [2m2025-07-01T20:22:41.434253Z[0m [[32m[1minfo     [0m] [1m                              [0m [36mcmd_type[0m=[35mextractor[0m [36mname[0m=[35mtap-csv[0m [36mrun_id[0m=[35m724bb96c-0cfb-401a-b9ba-a588ef7779a5[0m [36mstate_id[0m=[35m2025-07-01T202239--tap-csv--target-csv-csv[0m [36mstdio[0m=[35mstderr[0m
[2025-07-01T20:22:41.435+0000] {docker.py:429} INFO - [2m2025-07-01T20:22:41.434604Z[0m [[32m[1minfo     [0m] [1mBeginning full_table sync of 'order_details'...[0m [36mcmd_type[0m=[35mextractor[0m [36mname[0m=[35mtap-csv[0m [36mrun_id[0m=[35m724bb96c-0cfb-401a-b9ba-a588ef7779a5[0m [36mstate_id[0m=[35m2025-07-01T202239--tap-csv--target-csv-csv[0m [36mstdio[0m=[35mstderr[0m
[2025-07-01T20:22:41.435+0000] {docker.py:429} INFO - [2m2025-07-01T20:22:41.434813Z[0m [[32m[1minfo     [0m] [1mTap has custom mapper. Using 1 provided map(s).[0m [36mcmd_type[0m=[35mextractor[0m [36mname[0m=[35mtap-csv[0m [36mrun_id[0m=[35m724bb96c-0cfb-401a-b9ba-a588ef7779a5[0m [36mstate_id[0m=[35m2025-07-01T202239--tap-csv--target-csv-csv[0m [36mstdio[0m=[35mstderr[0m
[2025-07-01T20:22:41.600+0000] {docker.py:429} INFO - [2m2025-07-01T20:22:41.599389Z[0m [[32m[1minfo     [0m] [1mMETRIC: {"type": "timer", "metric": "sync_duration", "value": 0.1638345718383789, "tags": {"stream": "order_details", "pid": 176, "context": {}, "status": "succeeded"}}[0m [36mcmd_type[0m=[35mextractor[0m [36mname[0m=[35mtap-csv[0m [36mrun_id[0m=[35m724bb96c-0cfb-401a-b9ba-a588ef7779a5[0m [36mstate_id[0m=[35m2025-07-01T202239--tap-csv--target-csv-csv[0m [36mstdio[0m=[35mstderr[0m
[2025-07-01T20:22:41.600+0000] {docker.py:429} INFO - [2m2025-07-01T20:22:41.599903Z[0m [[32m[1minfo     [0m] [1mMETRIC: {"type": "counter", "metric": "record_count", "value": 2155, "tags": {"stream": "order_details", "pid": 176, "context": {}}}[0m [36mcmd_type[0m=[35mextractor[0m [36mname[0m=[35mtap-csv[0m [36mrun_id[0m=[35m724bb96c-0cfb-401a-b9ba-a588ef7779a5[0m [36mstate_id[0m=[35m2025-07-01T202239--tap-csv--target-csv-csv[0m [36mstdio[0m=[35mstderr[0m
[2025-07-01T20:22:41.709+0000] {docker.py:429} INFO - [2m2025-07-01T20:22:41.709269Z[0m [[32m[1minfo     [0m] [1mUsing systemdb state backend  [0m
[2025-07-01T20:22:41.716+0000] {docker.py:429} INFO - [2m2025-07-01T20:22:41.715975Z[0m [[32m[1minfo     [0m] [1mIncremental state has been updated at 2025-07-01 20:22:41.715941+00:00.[0m
[2025-07-01T20:22:41.717+0000] {docker.py:429} INFO - [2m2025-07-01T20:22:41.717256Z[0m [[32m[1minfo     [0m] [1mExtract & load complete!      [0m [36mname[0m=[35mmeltano[0m [36mrun_id[0m=[35m724bb96c-0cfb-401a-b9ba-a588ef7779a5[0m [36mstate_id[0m=[35m2025-07-01T202239--tap-csv--target-csv-csv[0m
[2m2025-07-01T20:22:41.717483Z[0m [[32m[1minfo     [0m] [1mTransformation skipped.       [0m [36mname[0m=[35mmeltano[0m [36mrun_id[0m=[35m724bb96c-0cfb-401a-b9ba-a588ef7779a5[0m [36mstate_id[0m=[35m2025-07-01T202239--tap-csv--target-csv-csv[0m
[2025-07-01T20:22:42.973+0000] {taskinstance.py:1138} INFO - Marking task as SUCCESS. dag_id=northwind, task_id=extração_csv, execution_date=20250701T202204, start_date=20250701T202228, end_date=20250701T202242
[2025-07-01T20:22:43.010+0000] {local_task_job_runner.py:234} INFO - Task exited with return code 0
[2025-07-01T20:22:43.030+0000] {taskinstance.py:3280} INFO - 1 downstream tasks scheduled from follow-on schedule check
