[2025-07-01T13:46:22.352+0000] {taskinstance.py:1956} INFO - Dependencies all met for dep_context=non-requeueable deps ti=<TaskInstance: northwind.carregamento_postgres manual__2025-07-01T13:45:28.592454+00:00 [queued]>
[2025-07-01T13:46:22.362+0000] {taskinstance.py:1956} INFO - Dependencies all met for dep_context=requeueable deps ti=<TaskInstance: northwind.carregamento_postgres manual__2025-07-01T13:45:28.592454+00:00 [queued]>
[2025-07-01T13:46:22.362+0000] {taskinstance.py:2170} INFO - Starting attempt 1 of 2
[2025-07-01T13:46:22.376+0000] {taskinstance.py:2191} INFO - Executing <Task(DockerOperator): carregamento_postgres> on 2025-07-01 13:45:28.592454+00:00
[2025-07-01T13:46:22.380+0000] {standard_task_runner.py:60} INFO - Started process 195 to run task
[2025-07-01T13:46:22.384+0000] {standard_task_runner.py:87} INFO - Running: ['***', 'tasks', 'run', 'northwind', 'carregamento_postgres', 'manual__2025-07-01T13:45:28.592454+00:00', '--job-id', '60', '--raw', '--subdir', 'DAGS_FOLDER/dag.py', '--cfg-path', '/tmp/tmpu5fb6vva']
[2025-07-01T13:46:22.387+0000] {standard_task_runner.py:88} INFO - Job 60: Subtask carregamento_postgres
[2025-07-01T13:46:22.458+0000] {task_command.py:423} INFO - Running <TaskInstance: northwind.carregamento_postgres manual__2025-07-01T13:45:28.592454+00:00 [running]> on host ce92131f8d82
[2025-07-01T13:46:22.573+0000] {taskinstance.py:2480} INFO - Exporting env vars: AIRFLOW_CTX_DAG_EMAIL='lrbf@cin.ufpe.br' AIRFLOW_CTX_DAG_OWNER='***' AIRFLOW_CTX_DAG_ID='northwind' AIRFLOW_CTX_TASK_ID='carregamento_postgres' AIRFLOW_CTX_EXECUTION_DATE='2025-07-01T13:45:28.592454+00:00' AIRFLOW_CTX_TRY_NUMBER='1' AIRFLOW_CTX_DAG_RUN_ID='manual__2025-07-01T13:45:28.592454+00:00'
[2025-07-01T13:46:22.641+0000] {docker.py:359} INFO - Starting docker container from image meltano:latest
[2025-07-01T13:46:30.036+0000] {docker.py:429} INFO - Running meltano install...
[2025-07-01T13:46:24.000+0000] {docker.py:429} INFO - [2m2025-07-01T13:46:23.999214Z[0m [[32m[1minfo     [0m] [1mInstalling 7 plugins          [0m
[2025-07-01T13:46:24.013+0000] {docker.py:429} INFO - [2m2025-07-01T13:46:24.012906Z[0m [[32m[1minfo     [0m] [1mInstalling extractor 'tap-postgres'[0m
[2025-07-01T13:46:24.037+0000] {docker.py:429} INFO - [2m2025-07-01T13:46:24.036035Z[0m [[32m[1minfo     [0m] [1mInstalling extractor 'tap-csv'[0m
[2025-07-01T13:46:24.063+0000] {docker.py:429} INFO - [2m2025-07-01T13:46:24.062556Z[0m [[32m[1minfo     [0m] [1mInstalling extractor 'tap-csv-latest'[0m
[2025-07-01T13:46:24.092+0000] {docker.py:429} INFO - [2m2025-07-01T13:46:24.091222Z[0m [[32m[1minfo     [0m] [1mInstalling loader 'target-postgres'[0m
[2025-07-01T13:46:24.124+0000] {docker.py:429} INFO - [2m2025-07-01T13:46:24.123635Z[0m [[32m[1minfo     [0m] [1mInstalling loader 'target-csv'[0m
[2025-07-01T13:46:24.174+0000] {docker.py:429} INFO - [2m2025-07-01T13:46:24.172969Z[0m [[32m[1minfo     [0m] [1mInstalling loader 'target-csv-postgres'[0m
[2025-07-01T13:46:24.230+0000] {docker.py:429} INFO - [2m2025-07-01T13:46:24.225823Z[0m [[32m[1minfo     [0m] [1mInstalling loader 'target-csv-csv'[0m
[2025-07-01T13:46:25.700+0000] {docker.py:429} INFO - [2m2025-07-01T13:46:25.698997Z[0m [[32m[1minfo     [0m] [1mInstalled extractor 'tap-postgres'[0m
[2025-07-01T13:46:25.872+0000] {docker.py:429} INFO - [2m2025-07-01T13:46:25.871887Z[0m [[32m[1minfo     [0m] [1mInstalled loader 'target-postgres'[0m
[2025-07-01T13:46:30.598+0000] {docker.py:429} INFO - [2m2025-07-01T13:46:30.597396Z[0m [[32m[1minfo     [0m] [1mInstalled extractor 'tap-csv-latest'[0m
[2025-07-01T13:46:30.680+0000] {docker.py:429} INFO - [2m2025-07-01T13:46:30.677970Z[0m [[32m[1minfo     [0m] [1mInstalled extractor 'tap-csv' [0m
[2025-07-01T13:46:31.785+0000] {docker.py:429} INFO - [2m2025-07-01T13:46:31.784580Z[0m [[32m[1minfo     [0m] [1mInstalled loader 'target-csv' [0m
[2025-07-01T13:46:31.952+0000] {docker.py:429} INFO - [2m2025-07-01T13:46:31.952082Z[0m [[32m[1minfo     [0m] [1mInstalled loader 'target-csv-csv'[0m
[2025-07-01T13:46:31.981+0000] {docker.py:429} INFO - [2m2025-07-01T13:46:31.980818Z[0m [[32m[1minfo     [0m] [1mInstalled loader 'target-csv-postgres'[0m
[2025-07-01T13:46:31.982+0000] {docker.py:429} INFO - [2m2025-07-01T13:46:31.981401Z[0m [[32m[1minfo     [0m] [1mInstalled 7/7 plugins         [0m
[2025-07-01T13:46:39.876+0000] {docker.py:429} INFO - Meltano install completed. Executing command: bash -c echo '--- Conteúdo de MELTANO_TAP_CSV_LATEST_FILES ---' && echo $MELTANO_TAP_CSV_LATEST_FILES && echo '--- Fim do Conteúdo ---' && meltano el tap-csv-latest target-postgres --log-level=debug
[2025-07-01T13:46:39.890+0000] {docker.py:429} INFO - --- Conteúdo de MELTANO_TAP_CSV_LATEST_FILES ---
[2025-07-01T13:46:39.890+0000] {docker.py:429} INFO - {"files": [{"entity": "order_details", "path": "/opt/output_data/csv/order_details/2025-07-01/file.csv", "keys": ["order_id", "product_id"], "delimiter": ",", "encoding": "utf-8"}, {"entity": "public-categories", "path": "/opt/output_data/postgres/public-categories/2025-07-01/file.csv", "keys": ["category_id"], "delimiter": ",", "encoding": "utf-8"}, {"entity": "public-products", "path": "/opt/output_data/postgres/public-products/2025-07-01/file.csv", "keys": ["product_id"], "delimiter": ",", "encoding": "utf-8"}, {"entity": "public-suppliers", "path": "/opt/output_data/postgres/public-suppliers/2025-07-01/file.csv", "keys": ["supplier_id"], "delimiter": ",", "encoding": "utf-8"}, {"entity": "public-orders", "path": "/opt/output_data/postgres/public-orders/2025-07-01/file.csv", "keys": ["order_id"], "delimiter": ",", "encoding": "utf-8"}, {"entity": "public-customers", "path": "/opt/output_data/postgres/public-customers/2025-07-01/file.csv", "keys": ["customer_id"], "delimiter": ",", "encoding": "utf-8"}, {"entity": "public-employees", "path": "/opt/output_data/postgres/public-employees/2025-07-01/file.csv", "keys": ["employee_id"], "delimiter": ",", "encoding": "utf-8"}, {"entity": "public-employee_territories", "path": "/opt/output_data/postgres/public-employee_territories/2025-07-01/file.csv", "keys": ["employee_id", "territory_id"], "delimiter": ",", "encoding": "utf-8"}, {"entity": "public-territories", "path": "/opt/output_data/postgres/public-territories/2025-07-01/file.csv", "keys": ["territory_id"], "delimiter": ",", "encoding": "utf-8"}, {"entity": "public-region", "path": "/opt/output_data/postgres/public-region/2025-07-01/file.csv", "keys": ["region_id"], "delimiter": ",", "encoding": "utf-8"}, {"entity": "public-shippers", "path": "/opt/output_data/postgres/public-shippers/2025-07-01/file.csv", "keys": ["shipper_id"], "delimiter": ",", "encoding": "utf-8"}, {"entity": "public-us_states", "path": "/opt/output_data/postgres/public-us_states/2025-07-01/file.csv", "keys": ["state_id"], "delimiter": ",", "encoding": "utf-8"}]}
--- Fim do Conteúdo ---
[2025-07-01T13:46:33.707+0000] {docker.py:429} INFO - Usage: meltano el [OPTIONS] EXTRACTOR LOADER
Try 'meltano el --help' for help.

Error: No such option: --log-level
[2025-07-01T13:46:34.747+0000] {taskinstance.py:2698} ERROR - Task failed with exception
Traceback (most recent call last):
  File "/home/airflow/.local/lib/python3.10/site-packages/airflow/models/taskinstance.py", line 433, in _execute_task
    result = execute_callable(context=context, **execute_callable_kwargs)
  File "/home/airflow/.local/lib/python3.10/site-packages/airflow/providers/docker/operators/docker.py", line 502, in execute
    return self._run_image()
  File "/home/airflow/.local/lib/python3.10/site-packages/airflow/providers/docker/operators/docker.py", line 376, in _run_image
    return self._run_image_with_mounts(self.mounts, add_tmp_variable=False)
  File "/home/airflow/.local/lib/python3.10/site-packages/airflow/providers/docker/operators/docker.py", line 437, in _run_image_with_mounts
    raise DockerContainerFailedException(f"Docker container failed: {result!r}", logs=log_lines)
airflow.providers.docker.exceptions.DockerContainerFailedException: Docker container failed: {'StatusCode': 2}
[2025-07-01T13:46:34.751+0000] {taskinstance.py:1138} INFO - Marking task as UP_FOR_RETRY. dag_id=northwind, task_id=carregamento_postgres, execution_date=20250701T134528, start_date=20250701T134622, end_date=20250701T134634
[2025-07-01T13:46:34.769+0000] {standard_task_runner.py:107} ERROR - Failed to execute job 60 for task carregamento_postgres (Docker container failed: {'StatusCode': 2}; 195)
[2025-07-01T13:46:34.817+0000] {local_task_job_runner.py:234} INFO - Task exited with return code 1
[2025-07-01T13:46:34.830+0000] {taskinstance.py:3280} INFO - 0 downstream tasks scheduled from follow-on schedule check
