[2025-07-01T13:53:19.988+0000] {taskinstance.py:1956} INFO - Dependencies all met for dep_context=non-requeueable deps ti=<TaskInstance: northwind.carregamento_postgres manual__2025-07-01T13:52:17.328534+00:00 [queued]>
[2025-07-01T13:53:20.000+0000] {taskinstance.py:1956} INFO - Dependencies all met for dep_context=requeueable deps ti=<TaskInstance: northwind.carregamento_postgres manual__2025-07-01T13:52:17.328534+00:00 [queued]>
[2025-07-01T13:53:20.000+0000] {taskinstance.py:2170} INFO - Starting attempt 1 of 2
[2025-07-01T13:53:20.013+0000] {taskinstance.py:2191} INFO - Executing <Task(DockerOperator): carregamento_postgres> on 2025-07-01 13:52:17.328534+00:00
[2025-07-01T13:53:20.019+0000] {standard_task_runner.py:60} INFO - Started process 195 to run task
[2025-07-01T13:53:20.023+0000] {standard_task_runner.py:87} INFO - Running: ['***', 'tasks', 'run', 'northwind', 'carregamento_postgres', 'manual__2025-07-01T13:52:17.328534+00:00', '--job-id', '67', '--raw', '--subdir', 'DAGS_FOLDER/dag.py', '--cfg-path', '/tmp/tmp7746zbhh']
[2025-07-01T13:53:20.026+0000] {standard_task_runner.py:88} INFO - Job 67: Subtask carregamento_postgres
[2025-07-01T13:53:20.085+0000] {task_command.py:423} INFO - Running <TaskInstance: northwind.carregamento_postgres manual__2025-07-01T13:52:17.328534+00:00 [running]> on host 106da672717e
[2025-07-01T13:53:20.239+0000] {taskinstance.py:2480} INFO - Exporting env vars: AIRFLOW_CTX_DAG_EMAIL='lrbf@cin.ufpe.br' AIRFLOW_CTX_DAG_OWNER='***' AIRFLOW_CTX_DAG_ID='northwind' AIRFLOW_CTX_TASK_ID='carregamento_postgres' AIRFLOW_CTX_EXECUTION_DATE='2025-07-01T13:52:17.328534+00:00' AIRFLOW_CTX_TRY_NUMBER='1' AIRFLOW_CTX_DAG_RUN_ID='manual__2025-07-01T13:52:17.328534+00:00'
[2025-07-01T13:53:20.418+0000] {docker.py:359} INFO - Starting docker container from image meltano:latest
[2025-07-01T13:53:21.692+0000] {docker.py:429} INFO - Running meltano install...
[2025-07-01T13:53:25.071+0000] {docker.py:429} INFO - [2m2025-07-01T13:53:25.070161Z[0m [[32m[1minfo     [0m] [1mInstalling 7 plugins          [0m
[2025-07-01T13:53:25.088+0000] {docker.py:429} INFO - [2m2025-07-01T13:53:25.087577Z[0m [[32m[1minfo     [0m] [1mInstalling extractor 'tap-postgres'[0m
[2025-07-01T13:53:25.117+0000] {docker.py:429} INFO - [2m2025-07-01T13:53:25.116072Z[0m [[32m[1minfo     [0m] [1mInstalling extractor 'tap-csv'[0m
[2025-07-01T13:53:25.162+0000] {docker.py:429} INFO - [2m2025-07-01T13:53:25.160688Z[0m [[32m[1minfo     [0m] [1mInstalling extractor 'tap-csv-latest'[0m
[2025-07-01T13:53:25.207+0000] {docker.py:429} INFO - [2m2025-07-01T13:53:25.205967Z[0m [[32m[1minfo     [0m] [1mInstalling loader 'target-postgres'[0m
[2025-07-01T13:53:25.254+0000] {docker.py:429} INFO - [2m2025-07-01T13:53:25.252912Z[0m [[32m[1minfo     [0m] [1mInstalling loader 'target-csv'[0m
[2025-07-01T13:53:25.326+0000] {docker.py:429} INFO - [2m2025-07-01T13:53:25.324823Z[0m [[32m[1minfo     [0m] [1mInstalling loader 'target-csv-postgres'[0m
[2025-07-01T13:53:25.401+0000] {docker.py:429} INFO - [2m2025-07-01T13:53:25.399645Z[0m [[32m[1minfo     [0m] [1mInstalling loader 'target-csv-csv'[0m
[2025-07-01T13:53:27.962+0000] {docker.py:429} INFO - [2m2025-07-01T13:53:27.960872Z[0m [[32m[1minfo     [0m] [1mInstalled extractor 'tap-postgres'[0m
[2025-07-01T13:53:28.178+0000] {docker.py:429} INFO - [2m2025-07-01T13:53:28.177421Z[0m [[32m[1minfo     [0m] [1mInstalled loader 'target-postgres'[0m
[2025-07-01T13:53:42.483+0000] {docker.py:429} INFO - [2m2025-07-01T13:53:42.471821Z[0m [[32m[1minfo     [0m] [1mInstalled extractor 'tap-csv' [0m
[2025-07-01T13:53:42.718+0000] {docker.py:429} INFO - [2m2025-07-01T13:53:42.716561Z[0m [[32m[1minfo     [0m] [1mInstalled extractor 'tap-csv-latest'[0m
[2025-07-01T13:53:44.402+0000] {docker.py:429} INFO - [2m2025-07-01T13:53:44.400629Z[0m [[32m[1minfo     [0m] [1mInstalled loader 'target-csv' [0m
[2025-07-01T13:53:44.560+0000] {docker.py:429} INFO - [2m2025-07-01T13:53:44.559740Z[0m [[32m[1minfo     [0m] [1mInstalled loader 'target-csv-csv'[0m
[2025-07-01T13:53:45.173+0000] {docker.py:429} INFO - [2m2025-07-01T13:53:45.171175Z[0m [[32m[1minfo     [0m] [1mInstalled loader 'target-csv-postgres'[0m
[2025-07-01T13:53:45.176+0000] {docker.py:429} INFO - [2m2025-07-01T13:53:45.174880Z[0m [[32m[1minfo     [0m] [1mInstalled 7/7 plugins         [0m
[2025-07-01T13:53:46.727+0000] {docker.py:429} INFO - Meltano install completed. Executing command: bash -c echo '--- Conteúdo de MELTANO_TAP_CSV_LATEST_FILES ---' && echo $MELTANO_TAP_CSV_LATEST_FILES && echo '--- Fim do Conteúdo ---' && meltano el tap-csv-latest target-postgres
[2025-07-01T13:53:46.749+0000] {docker.py:429} INFO - --- Conteúdo de MELTANO_TAP_CSV_LATEST_FILES ---
[2025-07-01T13:53:46.750+0000] {docker.py:429} INFO - {"files": [{"entity": "order_details", "path": "/opt/output_data/csv/order_details/2025-07-01/file.csv", "keys": ["order_id", "product_id"], "delimiter": ",", "encoding": "utf-8"}, {"entity": "public-categories", "path": "/opt/output_data/postgres/public-categories/2025-07-01/file.csv", "keys": ["category_id"], "delimiter": ",", "encoding": "utf-8"}, {"entity": "public-products", "path": "/opt/output_data/postgres/public-products/2025-07-01/file.csv", "keys": ["product_id"], "delimiter": ",", "encoding": "utf-8"}, {"entity": "public-suppliers", "path": "/opt/output_data/postgres/public-suppliers/2025-07-01/file.csv", "keys": ["supplier_id"], "delimiter": ",", "encoding": "utf-8"}, {"entity": "public-orders", "path": "/opt/output_data/postgres/public-orders/2025-07-01/file.csv", "keys": ["order_id"], "delimiter": ",", "encoding": "utf-8"}, {"entity": "public-customers", "path": "/opt/output_data/postgres/public-customers/2025-07-01/file.csv", "keys": ["customer_id"], "delimiter": ",", "encoding": "utf-8"}, {"entity": "public-employees", "path": "/opt/output_data/postgres/public-employees/2025-07-01/file.csv", "keys": ["employee_id"], "delimiter": ",", "encoding": "utf-8"}, {"entity": "public-employee_territories", "path": "/opt/output_data/postgres/public-employee_territories/2025-07-01/file.csv", "keys": ["employee_id", "territory_id"], "delimiter": ",", "encoding": "utf-8"}, {"entity": "public-territories", "path": "/opt/output_data/postgres/public-territories/2025-07-01/file.csv", "keys": ["territory_id"], "delimiter": ",", "encoding": "utf-8"}, {"entity": "public-region", "path": "/opt/output_data/postgres/public-region/2025-07-01/file.csv", "keys": ["region_id"], "delimiter": ",", "encoding": "utf-8"}, {"entity": "public-shippers", "path": "/opt/output_data/postgres/public-shippers/2025-07-01/file.csv", "keys": ["shipper_id"], "delimiter": ",", "encoding": "utf-8"}, {"entity": "public-us_states", "path": "/opt/output_data/postgres/public-us_states/2025-07-01/file.csv", "keys": ["state_id"], "delimiter": ",", "encoding": "utf-8"}]}
--- Fim do Conteúdo ---
[2025-07-01T13:53:50.377+0000] {docker.py:429} INFO - [2m2025-07-01T13:53:50.376532Z[0m [[32m[1minfo     [0m] [1mEnvironment 'dev' is active   [0m
[2025-07-01T13:53:51.385+0000] {docker.py:429} INFO - [2m2025-07-01T13:53:51.383915Z[0m [[32m[1minfo     [0m] [1mRunning extract & load...     [0m [36mname[0m=[35mmeltano[0m [36mrun_id[0m=[35m36397c7b-2c98-4992-8934-1c62d8172368[0m [36mstate_id[0m=[35m2025-07-01T135350--tap-csv-latest--target-postgres[0m
[2025-07-01T13:53:53.133+0000] {docker.py:429} INFO - [2m2025-07-01T13:53:53.131691Z[0m [[32m[1minfo     [0m] [1mNo CSV file definitions found.[0m [36mcmd_type[0m=[35mextractor[0m [36mname[0m=[35mtap-csv-latest[0m [36mrun_id[0m=[35m36397c7b-2c98-4992-8934-1c62d8172368[0m [36mstate_id[0m=[35m2025-07-01T135350--tap-csv-latest--target-postgres[0m [36mstdio[0m=[35mstderr[0m
[2025-07-01T13:53:53.368+0000] {docker.py:429} INFO - [2m2025-07-01T13:53:53.367263Z[0m [[32m[1minfo     [0m] [1mtarget-postgres v0.4.3, Meltano SDK v0.47.4[0m [36mcmd_type[0m=[35mloader[0m [36mname[0m=[35mtarget-postgres[0m [36mrun_id[0m=[35m36397c7b-2c98-4992-8934-1c62d8172368[0m [36mstate_id[0m=[35m2025-07-01T135350--tap-csv-latest--target-postgres[0m [36mstdio[0m=[35mstderr[0m
[2025-07-01T13:53:53.369+0000] {docker.py:429} INFO - [2m2025-07-01T13:53:53.368659Z[0m [[32m[1minfo     [0m] [1m/opt/meltano/.meltano/loaders/target-postgres/venv/lib/python3.9/site-packages/singer_sdk/plugin_base.py:715: SingerSDKDeprecationWarning: Passing a list of config file paths is deprecated. Please pass the config as a dictionary instead.[0m [36mcmd_type[0m=[35mloader[0m [36mname[0m=[35mtarget-postgres[0m [36mrun_id[0m=[35m36397c7b-2c98-4992-8934-1c62d8172368[0m [36mstate_id[0m=[35m2025-07-01T135350--tap-csv-latest--target-postgres[0m [36mstdio[0m=[35mstderr[0m
[2025-07-01T13:53:53.370+0000] {docker.py:429} INFO - [2m2025-07-01T13:53:53.369113Z[0m [[32m[1minfo     [0m] [1m  super().__init__(           [0m [36mcmd_type[0m=[35mloader[0m [36mname[0m=[35mtarget-postgres[0m [36mrun_id[0m=[35m36397c7b-2c98-4992-8934-1c62d8172368[0m [36mstate_id[0m=[35m2025-07-01T135350--tap-csv-latest--target-postgres[0m [36mstdio[0m=[35mstderr[0m
[2025-07-01T13:53:53.370+0000] {docker.py:429} INFO - [2m2025-07-01T13:53:53.369496Z[0m [[32m[1minfo     [0m] [1m                              [0m [36mcmd_type[0m=[35mloader[0m [36mname[0m=[35mtarget-postgres[0m [36mrun_id[0m=[35m36397c7b-2c98-4992-8934-1c62d8172368[0m [36mstate_id[0m=[35m2025-07-01T135350--tap-csv-latest--target-postgres[0m [36mstdio[0m=[35mstderr[0m
[2025-07-01T13:53:53.370+0000] {docker.py:429} INFO - [2m2025-07-01T13:53:53.369919Z[0m [[32m[1minfo     [0m] [1mSkipping parse of env var settings...[0m [36mcmd_type[0m=[35mloader[0m [36mname[0m=[35mtarget-postgres[0m [36mrun_id[0m=[35m36397c7b-2c98-4992-8934-1c62d8172368[0m [36mstate_id[0m=[35m2025-07-01T135350--tap-csv-latest--target-postgres[0m [36mstdio[0m=[35mstderr[0m
[2025-07-01T13:53:53.371+0000] {docker.py:429} INFO - [2m2025-07-01T13:53:53.370475Z[0m [[32m[1minfo     [0m] [1mThe `dialect+driver` configuration option is deprecated. Please set it to `postgresql+psycopg`, as this will be the hard-coded value in the future.[0m [36mcmd_type[0m=[35mloader[0m [36mname[0m=[35mtarget-postgres[0m [36mrun_id[0m=[35m36397c7b-2c98-4992-8934-1c62d8172368[0m [36mstate_id[0m=[35m2025-07-01T135350--tap-csv-latest--target-postgres[0m [36mstdio[0m=[35mstderr[0m
[2025-07-01T13:53:53.372+0000] {docker.py:429} INFO - [2m2025-07-01T13:53:53.371016Z[0m [[32m[1minfo     [0m] [1mReader 'target-postgres' completed processing 0 lines of input (0 schemas, 0 records, 0 batch manifests, 0 state messages, 0 activate version messages).[0m [36mcmd_type[0m=[35mloader[0m [36mname[0m=[35mtarget-postgres[0m [36mrun_id[0m=[35m36397c7b-2c98-4992-8934-1c62d8172368[0m [36mstate_id[0m=[35m2025-07-01T135350--tap-csv-latest--target-postgres[0m [36mstdio[0m=[35mstderr[0m
[2025-07-01T13:53:53.499+0000] {docker.py:429} INFO - [2m2025-07-01T13:53:53.497445Z[0m [[31m[1merror    [0m] [1mExtraction failed             [0m [36mcode[0m=[35m1[0m [36mmessage[0m=[35m'No CSV file definitions found.'[0m [36mname[0m=[35mmeltano[0m [36mrun_id[0m=[35m36397c7b-2c98-4992-8934-1c62d8172368[0m [36mstate_id[0m=[35m2025-07-01T135350--tap-csv-latest--target-postgres[0m
[2025-07-01T13:53:53.501+0000] {docker.py:429} INFO - [2m2025-07-01T13:53:53.500268Z[0m [[32m[1minfo     [0m] [1mELT could not be completed: Extractor failed.[0m [36mcmd_type[0m=[35melt[0m [36mname[0m=[35mmeltano[0m [36mrun_id[0m=[35m36397c7b-2c98-4992-8934-1c62d8172368[0m [36mstate_id[0m=[35m2025-07-01T135350--tap-csv-latest--target-postgres[0m [36mstdio[0m=[35mstderr[0m
[2025-07-01T13:53:53.502+0000] {docker.py:429} INFO - [2m2025-07-01T13:53:53.501161Z[0m [[32m[1minfo     [0m] [1mFor more detailed log messages re-run the command using 'meltano --log-level=debug ...' CLI flag.[0m [36mcmd_type[0m=[35melt[0m [36mname[0m=[35mmeltano[0m [36mrun_id[0m=[35m36397c7b-2c98-4992-8934-1c62d8172368[0m [36mstate_id[0m=[35m2025-07-01T135350--tap-csv-latest--target-postgres[0m [36mstdio[0m=[35mstderr[0m
[2025-07-01T13:53:53.503+0000] {docker.py:429} INFO - [2m2025-07-01T13:53:53.501945Z[0m [[32m[1minfo     [0m] [1mNote that you can also check the generated log file at '/opt/meltano/.meltano/logs/elt/2025-07-01T135350--tap-csv-latest--target-postgres/36397c7b-2c98-4992-8934-1c62d8172368/elt.log'.[0m [36mcmd_type[0m=[35melt[0m [36mname[0m=[35mmeltano[0m [36mrun_id[0m=[35m36397c7b-2c98-4992-8934-1c62d8172368[0m [36mstate_id[0m=[35m2025-07-01T135350--tap-csv-latest--target-postgres[0m [36mstdio[0m=[35mstderr[0m
[2025-07-01T13:53:53.503+0000] {docker.py:429} INFO - [2m2025-07-01T13:53:53.502430Z[0m [[32m[1minfo     [0m] [1mFor more information on debugging and logging: https://docs.meltano.com/reference/command-line-interface#debugging[0m [36mcmd_type[0m=[35melt[0m [36mname[0m=[35mmeltano[0m [36mrun_id[0m=[35m36397c7b-2c98-4992-8934-1c62d8172368[0m [36mstate_id[0m=[35m2025-07-01T135350--tap-csv-latest--target-postgres[0m [36mstdio[0m=[35mstderr[0m
[2025-07-01T13:53:53.515+0000] {docker.py:429} INFO - Need help fixing this problem? Visit http://melta.no/ for troubleshooting steps, or to
join our friendly Slack community.

ELT could not be completed: Extractor failed.
For more detailed log messages re-run the command using 'meltano --log-level=debug ...' CLI flag.
Note that you can also check the generated log file at '/opt/meltano/.meltano/logs/elt/2025-07-01T135350--tap-csv-latest--target-postgres/36397c7b-2c98-4992-8934-1c62d8172368/elt.log'.
For more information on debugging and logging: https://docs.meltano.com/reference/command-line-interface#debugging
[2025-07-01T13:53:54.941+0000] {taskinstance.py:2698} ERROR - Task failed with exception
Traceback (most recent call last):
  File "/home/airflow/.local/lib/python3.10/site-packages/airflow/models/taskinstance.py", line 433, in _execute_task
    result = execute_callable(context=context, **execute_callable_kwargs)
  File "/home/airflow/.local/lib/python3.10/site-packages/airflow/providers/docker/operators/docker.py", line 502, in execute
    return self._run_image()
  File "/home/airflow/.local/lib/python3.10/site-packages/airflow/providers/docker/operators/docker.py", line 376, in _run_image
    return self._run_image_with_mounts(self.mounts, add_tmp_variable=False)
  File "/home/airflow/.local/lib/python3.10/site-packages/airflow/providers/docker/operators/docker.py", line 437, in _run_image_with_mounts
    raise DockerContainerFailedException(f"Docker container failed: {result!r}", logs=log_lines)
airflow.providers.docker.exceptions.DockerContainerFailedException: Docker container failed: {'StatusCode': 1}
[2025-07-01T13:53:54.955+0000] {taskinstance.py:1138} INFO - Marking task as UP_FOR_RETRY. dag_id=northwind, task_id=carregamento_postgres, execution_date=20250701T135217, start_date=20250701T135319, end_date=20250701T135354
[2025-07-01T13:53:55.221+0000] {standard_task_runner.py:107} ERROR - Failed to execute job 67 for task carregamento_postgres (Docker container failed: {'StatusCode': 1}; 195)
[2025-07-01T13:53:55.292+0000] {local_task_job_runner.py:234} INFO - Task exited with return code 1
[2025-07-01T13:53:55.362+0000] {taskinstance.py:3280} INFO - 0 downstream tasks scheduled from follow-on schedule check
