[2025-07-01T20:11:50.365+0000] {taskinstance.py:1956} INFO - Dependencies all met for dep_context=non-requeueable deps ti=<TaskInstance: northwind.gerar_config_csv_dinamica manual__2025-07-01T20:11:11.240416+00:00 [queued]>
[2025-07-01T20:11:50.373+0000] {taskinstance.py:1956} INFO - Dependencies all met for dep_context=requeueable deps ti=<TaskInstance: northwind.gerar_config_csv_dinamica manual__2025-07-01T20:11:11.240416+00:00 [queued]>
[2025-07-01T20:11:50.373+0000] {taskinstance.py:2170} INFO - Starting attempt 1 of 2
[2025-07-01T20:11:50.387+0000] {taskinstance.py:2191} INFO - Executing <Task(DockerOperator): gerar_config_csv_dinamica> on 2025-07-01 20:11:11.240416+00:00
[2025-07-01T20:11:50.392+0000] {standard_task_runner.py:60} INFO - Started process 189 to run task
[2025-07-01T20:11:50.398+0000] {standard_task_runner.py:87} INFO - Running: ['***', 'tasks', 'run', 'northwind', 'gerar_config_csv_dinamica', 'manual__2025-07-01T20:11:11.240416+00:00', '--job-id', '4', '--raw', '--subdir', 'DAGS_FOLDER/northwind.py', '--cfg-path', '/tmp/tmp9o5amwtp']
[2025-07-01T20:11:50.402+0000] {standard_task_runner.py:88} INFO - Job 4: Subtask gerar_config_csv_dinamica
[2025-07-01T20:11:50.463+0000] {task_command.py:423} INFO - Running <TaskInstance: northwind.gerar_config_csv_dinamica manual__2025-07-01T20:11:11.240416+00:00 [running]> on host ba7982ddf433
[2025-07-01T20:11:50.559+0000] {taskinstance.py:2480} INFO - Exporting env vars: AIRFLOW_CTX_DAG_EMAIL='lrbf@cin.ufpe.br' AIRFLOW_CTX_DAG_OWNER='***' AIRFLOW_CTX_DAG_ID='northwind' AIRFLOW_CTX_TASK_ID='gerar_config_csv_dinamica' AIRFLOW_CTX_EXECUTION_DATE='2025-07-01T20:11:11.240416+00:00' AIRFLOW_CTX_TRY_NUMBER='1' AIRFLOW_CTX_DAG_RUN_ID='manual__2025-07-01T20:11:11.240416+00:00'
[2025-07-01T20:11:50.632+0000] {docker.py:359} INFO - Starting docker container from image meltano:latest
[2025-07-01T20:11:51.240+0000] {docker.py:429} INFO - Running meltano install...
[2025-07-01T20:11:52.626+0000] {docker.py:429} INFO - [2m2025-07-01T20:11:52.625153Z[0m [[32m[1minfo     [0m] [1mInstalling 7 plugins          [0m
[2025-07-01T20:11:52.635+0000] {docker.py:429} INFO - [2m2025-07-01T20:11:52.634681Z[0m [[32m[1minfo     [0m] [1mInstalling extractor 'tap-postgres'[0m
[2025-07-01T20:11:52.651+0000] {docker.py:429} INFO - [2m2025-07-01T20:11:52.650691Z[0m [[32m[1minfo     [0m] [1mInstalling extractor 'tap-csv'[0m
[2025-07-01T20:11:52.672+0000] {docker.py:429} INFO - [2m2025-07-01T20:11:52.671883Z[0m [[32m[1minfo     [0m] [1mInstalling extractor 'tap-csv-latest'[0m
[2025-07-01T20:11:52.696+0000] {docker.py:429} INFO - [2m2025-07-01T20:11:52.695876Z[0m [[32m[1minfo     [0m] [1mInstalling loader 'target-postgres'[0m
[2025-07-01T20:11:52.722+0000] {docker.py:429} INFO - [2m2025-07-01T20:11:52.721156Z[0m [[32m[1minfo     [0m] [1mInstalling loader 'target-csv'[0m
[2025-07-01T20:11:52.761+0000] {docker.py:429} INFO - [2m2025-07-01T20:11:52.760265Z[0m [[32m[1minfo     [0m] [1mInstalling loader 'target-csv-postgres'[0m
[2025-07-01T20:11:52.804+0000] {docker.py:429} INFO - [2m2025-07-01T20:11:52.803800Z[0m [[32m[1minfo     [0m] [1mInstalling loader 'target-csv-csv'[0m
[2025-07-01T20:11:53.971+0000] {docker.py:429} INFO - [2m2025-07-01T20:11:53.970357Z[0m [[32m[1minfo     [0m] [1mInstalled extractor 'tap-postgres'[0m
[2025-07-01T20:11:53.976+0000] {docker.py:429} INFO - [2m2025-07-01T20:11:53.975938Z[0m [[32m[1minfo     [0m] [1mInstalled loader 'target-postgres'[0m
[2025-07-01T20:11:58.267+0000] {docker.py:429} INFO - [2m2025-07-01T20:11:58.266820Z[0m [[32m[1minfo     [0m] [1mInstalled extractor 'tap-csv' [0m
[2025-07-01T20:11:58.277+0000] {docker.py:429} INFO - [2m2025-07-01T20:11:58.277126Z[0m [[32m[1minfo     [0m] [1mInstalled extractor 'tap-csv-latest'[0m
[2025-07-01T20:11:59.313+0000] {docker.py:429} INFO - [2m2025-07-01T20:11:59.313049Z[0m [[32m[1minfo     [0m] [1mInstalled loader 'target-csv-csv'[0m
[2025-07-01T20:11:59.379+0000] {docker.py:429} INFO - [2m2025-07-01T20:11:59.378300Z[0m [[32m[1minfo     [0m] [1mInstalled loader 'target-csv-postgres'[0m
[2025-07-01T20:11:59.687+0000] {docker.py:429} INFO - [2m2025-07-01T20:11:59.686952Z[0m [[32m[1minfo     [0m] [1mInstalled loader 'target-csv' [0m
[2m2025-07-01T20:11:59.687209Z[0m [[32m[1minfo     [0m] [1mInstalled 7/7 plugins         [0m
[2025-07-01T20:12:00.463+0000] {docker.py:429} INFO - Meltano install completed. Executing command: python /opt/meltano/scripts/generate_csv_config.py
[2025-07-01T20:12:00.515+0000] {docker.py:429} INFO - {"files": [{"entity": "order_details", "path": "/opt/output_data/csv/order_details/2025-07-01/file.csv", "keys": ["order_id", "product_id"], "delimiter": ",", "encoding": "utf-8"}, {"entity": "public-categories", "path": "/opt/output_data/postgres/public-categories/2025-07-01/file.csv", "keys": ["category_id"], "delimiter": ",", "encoding": "utf-8"}, {"entity": "public-products", "path": "/opt/output_data/postgres/public-products/2025-07-01/file.csv", "keys": ["product_id"], "delimiter": ",", "encoding": "utf-8"}, {"entity": "public-suppliers", "path": "/opt/output_data/postgres/public-suppliers/2025-07-01/file.csv", "keys": ["supplier_id"], "delimiter": ",", "encoding": "utf-8"}, {"entity": "public-orders", "path": "/opt/output_data/postgres/public-orders/2025-07-01/file.csv", "keys": ["order_id"], "delimiter": ",", "encoding": "utf-8"}, {"entity": "public-customers", "path": "/opt/output_data/postgres/public-customers/2025-07-01/file.csv", "keys": ["customer_id"], "delimiter": ",", "encoding": "utf-8"}, {"entity": "public-employees", "path": "/opt/output_data/postgres/public-employees/2025-07-01/file.csv", "keys": ["employee_id"], "delimiter": ",", "encoding": "utf-8"}, {"entity": "public-employee_territories", "path": "/opt/output_data/postgres/public-employee_territories/2025-07-01/file.csv", "keys": ["employee_id", "territory_id"], "delimiter": ",", "encoding": "utf-8"}, {"entity": "public-territories", "path": "/opt/output_data/postgres/public-territories/2025-07-01/file.csv", "keys": ["territory_id"], "delimiter": ",", "encoding": "utf-8"}, {"entity": "public-region", "path": "/opt/output_data/postgres/public-region/2025-07-01/file.csv", "keys": ["region_id"], "delimiter": ",", "encoding": "utf-8"}, {"entity": "public-shippers", "path": "/opt/output_data/postgres/public-shippers/2025-07-01/file.csv", "keys": ["shipper_id"], "delimiter": ",", "encoding": "utf-8"}, {"entity": "public-us_states", "path": "/opt/output_data/postgres/public-us_states/2025-07-01/file.csv", "keys": ["state_id"], "delimiter": ",", "encoding": "utf-8"}]}
[2025-07-01T20:12:00.779+0000] {taskinstance.py:1138} INFO - Marking task as SUCCESS. dag_id=northwind, task_id=gerar_config_csv_dinamica, execution_date=20250701T201111, start_date=20250701T201150, end_date=20250701T201200
[2025-07-01T20:12:00.836+0000] {local_task_job_runner.py:234} INFO - Task exited with return code 0
[2025-07-01T20:12:00.859+0000] {taskinstance.py:3280} INFO - 1 downstream tasks scheduled from follow-on schedule check
