[2025-07-01T13:30:10.962+0000] {taskinstance.py:1956} INFO - Dependencies all met for dep_context=non-requeueable deps ti=<TaskInstance: northwind.gerar_config_csv_dinamica manual__2025-07-01T13:29:30.148101+00:00 [queued]>
[2025-07-01T13:30:10.969+0000] {taskinstance.py:1956} INFO - Dependencies all met for dep_context=requeueable deps ti=<TaskInstance: northwind.gerar_config_csv_dinamica manual__2025-07-01T13:29:30.148101+00:00 [queued]>
[2025-07-01T13:30:10.970+0000] {taskinstance.py:2170} INFO - Starting attempt 1 of 2
[2025-07-01T13:30:10.982+0000] {taskinstance.py:2191} INFO - Executing <Task(DockerOperator): gerar_config_csv_dinamica> on 2025-07-01 13:29:30.148101+00:00
[2025-07-01T13:30:10.986+0000] {standard_task_runner.py:60} INFO - Started process 184 to run task
[2025-07-01T13:30:10.990+0000] {standard_task_runner.py:87} INFO - Running: ['***', 'tasks', 'run', 'northwind', 'gerar_config_csv_dinamica', 'manual__2025-07-01T13:29:30.148101+00:00', '--job-id', '45', '--raw', '--subdir', 'DAGS_FOLDER/dag.py', '--cfg-path', '/tmp/tmpqu3i_vop']
[2025-07-01T13:30:10.992+0000] {standard_task_runner.py:88} INFO - Job 45: Subtask gerar_config_csv_dinamica
[2025-07-01T13:30:11.040+0000] {task_command.py:423} INFO - Running <TaskInstance: northwind.gerar_config_csv_dinamica manual__2025-07-01T13:29:30.148101+00:00 [running]> on host a0138d8cef03
[2025-07-01T13:30:18.116+0000] {taskinstance.py:2480} INFO - Exporting env vars: AIRFLOW_CTX_DAG_EMAIL='lrbf@cin.ufpe.br' AIRFLOW_CTX_DAG_OWNER='***' AIRFLOW_CTX_DAG_ID='northwind' AIRFLOW_CTX_TASK_ID='gerar_config_csv_dinamica' AIRFLOW_CTX_EXECUTION_DATE='2025-07-01T13:29:30.148101+00:00' AIRFLOW_CTX_TRY_NUMBER='1' AIRFLOW_CTX_DAG_RUN_ID='manual__2025-07-01T13:29:30.148101+00:00'
[2025-07-01T13:30:18.169+0000] {docker.py:359} INFO - Starting docker container from image meltano:latest
[2025-07-01T13:30:10.950+0000] {docker.py:429} INFO - Running meltano install...
[2025-07-01T13:30:12.313+0000] {docker.py:429} INFO - [2m2025-07-01T13:30:12.312898Z[0m [[32m[1minfo     [0m] [1mInstalling 7 plugins          [0m
[2025-07-01T13:30:12.323+0000] {docker.py:429} INFO - [2m2025-07-01T13:30:12.322884Z[0m [[32m[1minfo     [0m] [1mInstalling extractor 'tap-postgres'[0m
[2025-07-01T13:30:12.341+0000] {docker.py:429} INFO - [2m2025-07-01T13:30:12.340216Z[0m [[32m[1minfo     [0m] [1mInstalling extractor 'tap-csv'[0m
[2025-07-01T13:30:12.372+0000] {docker.py:429} INFO - [2m2025-07-01T13:30:12.371494Z[0m [[32m[1minfo     [0m] [1mInstalling extractor 'tap-csv-latest'[0m
[2025-07-01T13:30:12.401+0000] {docker.py:429} INFO - [2m2025-07-01T13:30:12.400657Z[0m [[32m[1minfo     [0m] [1mInstalling loader 'target-postgres'[0m
[2025-07-01T13:30:12.439+0000] {docker.py:429} INFO - [2m2025-07-01T13:30:12.438039Z[0m [[32m[1minfo     [0m] [1mInstalling loader 'target-csv'[0m
[2025-07-01T13:30:12.475+0000] {docker.py:429} INFO - [2m2025-07-01T13:30:12.473985Z[0m [[32m[1minfo     [0m] [1mInstalling loader 'target-csv-postgres'[0m
[2025-07-01T13:30:12.517+0000] {docker.py:429} INFO - [2m2025-07-01T13:30:12.515972Z[0m [[32m[1minfo     [0m] [1mInstalling loader 'target-csv-csv'[0m
[2025-07-01T13:30:13.830+0000] {docker.py:429} INFO - [2m2025-07-01T13:30:13.829917Z[0m [[32m[1minfo     [0m] [1mInstalled extractor 'tap-postgres'[0m
[2025-07-01T13:30:13.880+0000] {docker.py:429} INFO - [2m2025-07-01T13:30:13.879289Z[0m [[32m[1minfo     [0m] [1mInstalled loader 'target-postgres'[0m
[2025-07-01T13:30:18.603+0000] {docker.py:429} INFO - [2m2025-07-01T13:30:18.602319Z[0m [[32m[1minfo     [0m] [1mInstalled extractor 'tap-csv-latest'[0m
[2025-07-01T13:30:18.769+0000] {docker.py:429} INFO - [2m2025-07-01T13:30:18.768006Z[0m [[32m[1minfo     [0m] [1mInstalled extractor 'tap-csv' [0m
[2025-07-01T13:30:19.716+0000] {docker.py:429} INFO - [2m2025-07-01T13:30:19.715220Z[0m [[32m[1minfo     [0m] [1mInstalled loader 'target-csv' [0m
[2025-07-01T13:30:19.758+0000] {docker.py:429} INFO - [2m2025-07-01T13:30:19.757767Z[0m [[32m[1minfo     [0m] [1mInstalled loader 'target-csv-csv'[0m
[2025-07-01T13:30:20.060+0000] {docker.py:429} INFO - [2m2025-07-01T13:30:20.059260Z[0m [[32m[1minfo     [0m] [1mInstalled loader 'target-csv-postgres'[0m
[2m2025-07-01T13:30:20.059601Z[0m [[32m[1minfo     [0m] [1mInstalled 7/7 plugins         [0m
[2025-07-01T13:30:20.932+0000] {docker.py:429} INFO - Meltano install completed. Executing command: python /opt/meltano/scripts/generate_csv_config.py
[2025-07-01T13:30:20.976+0000] {docker.py:429} INFO - ✔️ Configuração para tap-csv-latest gerada com sucesso em: /opt/meltano/config/tap-csv-latest.json
[2025-07-01T13:30:28.213+0000] {taskinstance.py:1138} INFO - Marking task as SUCCESS. dag_id=northwind, task_id=gerar_config_csv_dinamica, execution_date=20250701T132930, start_date=20250701T133010, end_date=20250701T133028
[2025-07-01T13:30:28.248+0000] {local_task_job_runner.py:234} INFO - Task exited with return code 0
[2025-07-01T13:30:28.270+0000] {taskinstance.py:3280} INFO - 1 downstream tasks scheduled from follow-on schedule check
