[2025-06-23T21:27:58.249+0000] {taskinstance.py:1956} INFO - Dependencies all met for dep_context=non-requeueable deps ti=<TaskInstance: northwind.extração_postgres manual__2025-06-23T21:27:54.715573+00:00 [queued]>
[2025-06-23T21:27:58.274+0000] {taskinstance.py:1956} INFO - Dependencies all met for dep_context=requeueable deps ti=<TaskInstance: northwind.extração_postgres manual__2025-06-23T21:27:54.715573+00:00 [queued]>
[2025-06-23T21:27:58.274+0000] {taskinstance.py:2170} INFO - Starting attempt 1 of 2
[2025-06-23T21:27:58.294+0000] {taskinstance.py:2191} INFO - Executing <Task(DockerOperator): extração_postgres> on 2025-06-23 21:27:54.715573+00:00
[2025-06-23T21:27:58.299+0000] {standard_task_runner.py:60} INFO - Started process 195 to run task
[2025-06-23T21:27:58.304+0000] {standard_task_runner.py:87} INFO - Running: ['***', 'tasks', 'run', 'northwind', 'extração_postgres', 'manual__2025-06-23T21:27:54.715573+00:00', '--job-id', '9', '--raw', '--subdir', 'DAGS_FOLDER/dag.py', '--cfg-path', '/tmp/tmpblxev8jq']
[2025-06-23T21:27:58.322+0000] {standard_task_runner.py:88} INFO - Job 9: Subtask extração_postgres
[2025-06-23T21:27:58.440+0000] {task_command.py:423} INFO - Running <TaskInstance: northwind.extração_postgres manual__2025-06-23T21:27:54.715573+00:00 [running]> on host a06304be4538
[2025-06-23T21:27:58.581+0000] {taskinstance.py:2480} INFO - Exporting env vars: AIRFLOW_CTX_DAG_EMAIL='lrbf@cin.ufpe.br' AIRFLOW_CTX_DAG_OWNER='***' AIRFLOW_CTX_DAG_ID='northwind' AIRFLOW_CTX_TASK_ID='extração_postgres' AIRFLOW_CTX_EXECUTION_DATE='2025-06-23T21:27:54.715573+00:00' AIRFLOW_CTX_TRY_NUMBER='1' AIRFLOW_CTX_DAG_RUN_ID='manual__2025-06-23T21:27:54.715573+00:00'
[2025-06-23T21:27:59.905+0000] {docker.py:359} INFO - Starting docker container from image indicium_pipeline-meltano:latest
[2025-06-23T21:28:03.507+0000] {docker.py:429} INFO - Running meltano install...
[2025-06-23T21:28:09.452+0000] {docker.py:429} INFO - [2m2025-06-23T21:28:09.451308Z[0m [[32m[1minfo     [0m] [1mInstalling 7 plugins          [0m
[2025-06-23T21:28:09.466+0000] {docker.py:429} INFO - [2m2025-06-23T21:28:09.465890Z[0m [[32m[1minfo     [0m] [1mInstalling extractor 'tap-postgres'[0m
[2025-06-23T21:28:09.485+0000] {docker.py:429} INFO - [2m2025-06-23T21:28:09.485194Z[0m [[32m[1minfo     [0m] [1mInstalling extractor 'tap-csv'[0m
[2025-06-23T21:28:09.505+0000] {docker.py:429} INFO - [2m2025-06-23T21:28:09.504275Z[0m [[32m[1minfo     [0m] [1mInstalling extractor 'tap-csv-latest'[0m
[2025-06-23T21:28:09.524+0000] {docker.py:429} INFO - [2m2025-06-23T21:28:09.523203Z[0m [[32m[1minfo     [0m] [1mInstalling loader 'target-postgres'[0m
[2025-06-23T21:28:09.545+0000] {docker.py:429} INFO - [2m2025-06-23T21:28:09.544587Z[0m [[32m[1minfo     [0m] [1mInstalling loader 'target-csv'[0m
[2025-06-23T21:28:09.574+0000] {docker.py:429} INFO - [2m2025-06-23T21:28:09.574113Z[0m [[32m[1minfo     [0m] [1mInstalling loader 'target-csv-postgres'[0m
[2025-06-23T21:28:09.608+0000] {docker.py:429} INFO - [2m2025-06-23T21:28:09.603743Z[0m [[32m[1minfo     [0m] [1mInstalling loader 'target-csv-csv'[0m
[2025-06-23T21:28:12.527+0000] {docker.py:429} INFO - [2m2025-06-23T21:28:12.518867Z[0m [[32m[1minfo     [0m] [1mInstalled extractor 'tap-postgres'[0m
[2025-06-23T21:28:12.540+0000] {docker.py:429} INFO - [2m2025-06-23T21:28:12.524082Z[0m [[32m[1minfo     [0m] [1mInstalled loader 'target-postgres'[0m
[2025-06-23T21:28:18.554+0000] {docker.py:429} INFO - [2m2025-06-23T21:28:18.552182Z[0m [[32m[1minfo     [0m] [1mInstalled extractor 'tap-csv-latest'[0m
[2025-06-23T21:28:18.598+0000] {docker.py:429} INFO - [2m2025-06-23T21:28:18.597326Z[0m [[32m[1minfo     [0m] [1mInstalled extractor 'tap-csv' [0m
[2025-06-23T21:28:19.930+0000] {docker.py:429} INFO - [2m2025-06-23T21:28:19.929591Z[0m [[32m[1minfo     [0m] [1mInstalled loader 'target-csv' [0m
[2025-06-23T21:28:20.297+0000] {docker.py:429} INFO - [2m2025-06-23T21:28:20.296901Z[0m [[32m[1minfo     [0m] [1mInstalled loader 'target-csv-csv'[0m
[2025-06-23T21:28:20.347+0000] {docker.py:429} INFO - [2m2025-06-23T21:28:20.346647Z[0m [[32m[1minfo     [0m] [1mInstalled loader 'target-csv-postgres'[0m
[2025-06-23T21:28:20.348+0000] {docker.py:429} INFO - [2m2025-06-23T21:28:20.348086Z[0m [[32m[1minfo     [0m] [1mInstalled 7/7 plugins         [0m
[2025-06-23T21:28:21.760+0000] {docker.py:429} INFO - Meltano install completed. Executing command: meltano el tap-postgres target-csv-postgres --catalog catalog_discovery.json
[2025-06-23T21:28:22.972+0000] {docker.py:429} INFO - [2m2025-06-23T21:28:22.971995Z[0m [[32m[1minfo     [0m] [1mEnvironment 'dev' is active   [0m
[2025-06-23T21:28:23.539+0000] {docker.py:429} INFO - [2m2025-06-23T21:28:23.539109Z[0m [[32m[1minfo     [0m] [1mRunning extract & load...     [0m [36mname[0m=[35mmeltano[0m [36mrun_id[0m=[35m00455eb8-6e2a-408f-b378-496c16a0b627[0m [36mstate_id[0m=[35m2025-06-23T212823--tap-postgres--target-csv-postgres[0m
[2025-06-23T21:28:23.803+0000] {docker.py:429} INFO - [2m2025-06-23T21:28:23.802320Z[0m [[32m[1minfo     [0m] [1mUsing systemdb state backend  [0m
[2025-06-23T21:28:23.807+0000] {docker.py:429} INFO - [2m2025-06-23T21:28:23.806710Z[0m [[33m[1mwarning  [0m] [1mNo state was found, complete import.[0m
[2025-06-23T21:28:23.811+0000] {docker.py:429} INFO - [2m2025-06-23T21:28:23.810670Z[0m [[32m[1minfo     [0m] [1mUsing custom catalog in /opt/meltano/catalog_discovery.json[0m
[2025-06-23T21:28:24.147+0000] {docker.py:429} INFO - [2m2025-06-23T21:28:24.146230Z[0m [[32m[1minfo     [0m] [1mINFO Sending version information to singer.io. To disable sending anonymous usage data, set the config parameter "disable_collection" to true[0m [36mcmd_type[0m=[35mloader[0m [36mname[0m=[35mtarget-csv-postgres[0m [36mrun_id[0m=[35m00455eb8-6e2a-408f-b378-496c16a0b627[0m [36mstate_id[0m=[35m2025-06-23T212823--tap-postgres--target-csv-postgres[0m [36mstdio[0m=[35mstderr[0m
[2025-06-23T21:28:24.863+0000] {docker.py:429} INFO - [2m2025-06-23T21:28:24.862667Z[0m [[32m[1minfo     [0m] [1mtap-postgres v0.3.0, Meltano SDK v0.47.2[0m [36mcmd_type[0m=[35mextractor[0m [36mname[0m=[35mtap-postgres[0m [36mrun_id[0m=[35m00455eb8-6e2a-408f-b378-496c16a0b627[0m [36mstate_id[0m=[35m2025-06-23T212823--tap-postgres--target-csv-postgres[0m [36mstdio[0m=[35mstderr[0m
[2m2025-06-23T21:28:24.863030Z[0m [[32m[1minfo     [0m] [1mSkipping parse of env var settings...[0m [36mcmd_type[0m=[35mextractor[0m [36mname[0m=[35mtap-postgres[0m [36mrun_id[0m=[35m00455eb8-6e2a-408f-b378-496c16a0b627[0m [36mstate_id[0m=[35m2025-06-23T212823--tap-postgres--target-csv-postgres[0m [36mstdio[0m=[35mstderr[0m
[2025-06-23T21:28:24.919+0000] {docker.py:429} INFO - [2m2025-06-23T21:28:24.917936Z[0m [[32m[1minfo     [0m] [1mTraceback (most recent call last):[0m [36mcmd_type[0m=[35mextractor[0m [36mname[0m=[35mtap-postgres[0m [36mrun_id[0m=[35m00455eb8-6e2a-408f-b378-496c16a0b627[0m [36mstate_id[0m=[35m2025-06-23T212823--tap-postgres--target-csv-postgres[0m [36mstdio[0m=[35mstderr[0m
[2025-06-23T21:28:24.919+0000] {docker.py:429} INFO - [2m2025-06-23T21:28:24.918280Z[0m [[32m[1minfo     [0m] [1m  File "/opt/meltano/.meltano/extractors/tap-postgres/venv/bin/tap-postgres", line 8, in <module>[0m [36mcmd_type[0m=[35mextractor[0m [36mname[0m=[35mtap-postgres[0m [36mrun_id[0m=[35m00455eb8-6e2a-408f-b378-496c16a0b627[0m [36mstate_id[0m=[35m2025-06-23T212823--tap-postgres--target-csv-postgres[0m [36mstdio[0m=[35mstderr[0m
[2025-06-23T21:28:24.919+0000] {docker.py:429} INFO - [2m2025-06-23T21:28:24.918486Z[0m [[32m[1minfo     [0m] [1m    sys.exit(TapPostgres.cli())[0m [36mcmd_type[0m=[35mextractor[0m [36mname[0m=[35mtap-postgres[0m [36mrun_id[0m=[35m00455eb8-6e2a-408f-b378-496c16a0b627[0m [36mstate_id[0m=[35m2025-06-23T212823--tap-postgres--target-csv-postgres[0m [36mstdio[0m=[35mstderr[0m
[2025-06-23T21:28:24.920+0000] {docker.py:429} INFO - [2m2025-06-23T21:28:24.918700Z[0m [[32m[1minfo     [0m] [1m  File "/opt/meltano/.meltano/extractors/tap-postgres/venv/lib/python3.10/site-packages/click/core.py", line 1442, in __call__[0m [36mcmd_type[0m=[35mextractor[0m [36mname[0m=[35mtap-postgres[0m [36mrun_id[0m=[35m00455eb8-6e2a-408f-b378-496c16a0b627[0m [36mstate_id[0m=[35m2025-06-23T212823--tap-postgres--target-csv-postgres[0m [36mstdio[0m=[35mstderr[0m
[2025-06-23T21:28:24.922+0000] {docker.py:429} INFO - [2m2025-06-23T21:28:24.919332Z[0m [[32m[1minfo     [0m] [1m    return self.main(*args, **kwargs)[0m [36mcmd_type[0m=[35mextractor[0m [36mname[0m=[35mtap-postgres[0m [36mrun_id[0m=[35m00455eb8-6e2a-408f-b378-496c16a0b627[0m [36mstate_id[0m=[35m2025-06-23T212823--tap-postgres--target-csv-postgres[0m [36mstdio[0m=[35mstderr[0m
[2m2025-06-23T21:28:24.919614Z[0m [[32m[1minfo     [0m] [1m  File "/opt/meltano/.meltano/extractors/tap-postgres/venv/lib/python3.10/site-packages/click/core.py", line 1363, in main[0m [36mcmd_type[0m=[35mextractor[0m [36mname[0m=[35mtap-postgres[0m [36mrun_id[0m=[35m00455eb8-6e2a-408f-b378-496c16a0b627[0m [36mstate_id[0m=[35m2025-06-23T212823--tap-postgres--target-csv-postgres[0m [36mstdio[0m=[35mstderr[0m
[2025-06-23T21:28:24.923+0000] {docker.py:429} INFO - [2m2025-06-23T21:28:24.919923Z[0m [[32m[1minfo     [0m] [1m    rv = self.invoke(ctx)     [0m [36mcmd_type[0m=[35mextractor[0m [36mname[0m=[35mtap-postgres[0m [36mrun_id[0m=[35m00455eb8-6e2a-408f-b378-496c16a0b627[0m [36mstate_id[0m=[35m2025-06-23T212823--tap-postgres--target-csv-postgres[0m [36mstdio[0m=[35mstderr[0m
[2025-06-23T21:28:24.923+0000] {docker.py:429} INFO - [2m2025-06-23T21:28:24.920142Z[0m [[32m[1minfo     [0m] [1m  File "/opt/meltano/.meltano/extractors/tap-postgres/venv/lib/python3.10/site-packages/singer_sdk/plugin_base.py", line 97, in invoke[0m [36mcmd_type[0m=[35mextractor[0m [36mname[0m=[35mtap-postgres[0m [36mrun_id[0m=[35m00455eb8-6e2a-408f-b378-496c16a0b627[0m [36mstate_id[0m=[35m2025-06-23T212823--tap-postgres--target-csv-postgres[0m [36mstdio[0m=[35mstderr[0m
[2025-06-23T21:28:24.923+0000] {docker.py:429} INFO - [2m2025-06-23T21:28:24.920488Z[0m [[32m[1minfo     [0m] [1m    return super().invoke(ctx)[0m [36mcmd_type[0m=[35mextractor[0m [36mname[0m=[35mtap-postgres[0m [36mrun_id[0m=[35m00455eb8-6e2a-408f-b378-496c16a0b627[0m [36mstate_id[0m=[35m2025-06-23T212823--tap-postgres--target-csv-postgres[0m [36mstdio[0m=[35mstderr[0m
[2025-06-23T21:28:24.923+0000] {docker.py:429} INFO - [2m2025-06-23T21:28:24.920737Z[0m [[32m[1minfo     [0m] [1m  File "/opt/meltano/.meltano/extractors/tap-postgres/venv/lib/python3.10/site-packages/click/core.py", line 1226, in invoke[0m [36mcmd_type[0m=[35mextractor[0m [36mname[0m=[35mtap-postgres[0m [36mrun_id[0m=[35m00455eb8-6e2a-408f-b378-496c16a0b627[0m [36mstate_id[0m=[35m2025-06-23T212823--tap-postgres--target-csv-postgres[0m [36mstdio[0m=[35mstderr[0m
[2025-06-23T21:28:24.924+0000] {docker.py:429} INFO - [2m2025-06-23T21:28:24.920987Z[0m [[32m[1minfo     [0m] [1m    return ctx.invoke(self.callback, **ctx.params)[0m [36mcmd_type[0m=[35mextractor[0m [36mname[0m=[35mtap-postgres[0m [36mrun_id[0m=[35m00455eb8-6e2a-408f-b378-496c16a0b627[0m [36mstate_id[0m=[35m2025-06-23T212823--tap-postgres--target-csv-postgres[0m [36mstdio[0m=[35mstderr[0m
[2025-06-23T21:28:24.924+0000] {docker.py:429} INFO - [2m2025-06-23T21:28:24.921381Z[0m [[32m[1minfo     [0m] [1m  File "/opt/meltano/.meltano/extractors/tap-postgres/venv/lib/python3.10/site-packages/click/core.py", line 794, in invoke[0m [36mcmd_type[0m=[35mextractor[0m [36mname[0m=[35mtap-postgres[0m [36mrun_id[0m=[35m00455eb8-6e2a-408f-b378-496c16a0b627[0m [36mstate_id[0m=[35m2025-06-23T212823--tap-postgres--target-csv-postgres[0m [36mstdio[0m=[35mstderr[0m
[2025-06-23T21:28:24.924+0000] {docker.py:429} INFO - [2m2025-06-23T21:28:24.921780Z[0m [[32m[1minfo     [0m] [1m    return callback(*args, **kwargs)[0m [36mcmd_type[0m=[35mextractor[0m [36mname[0m=[35mtap-postgres[0m [36mrun_id[0m=[35m00455eb8-6e2a-408f-b378-496c16a0b627[0m [36mstate_id[0m=[35m2025-06-23T212823--tap-postgres--target-csv-postgres[0m [36mstdio[0m=[35mstderr[0m
[2025-06-23T21:28:24.924+0000] {docker.py:429} INFO - [2m2025-06-23T21:28:24.921955Z[0m [[32m[1minfo     [0m] [1m  File "/opt/meltano/.meltano/extractors/tap-postgres/venv/lib/python3.10/site-packages/singer_sdk/tap_base.py", line 546, in invoke[0m [36mcmd_type[0m=[35mextractor[0m [36mname[0m=[35mtap-postgres[0m [36mrun_id[0m=[35m00455eb8-6e2a-408f-b378-496c16a0b627[0m [36mstate_id[0m=[35m2025-06-23T212823--tap-postgres--target-csv-postgres[0m [36mstdio[0m=[35mstderr[0m
[2025-06-23T21:28:24.924+0000] {docker.py:429} INFO - [2m2025-06-23T21:28:24.922374Z[0m [[32m[1minfo     [0m] [1m    tap = cls(                [0m [36mcmd_type[0m=[35mextractor[0m [36mname[0m=[35mtap-postgres[0m [36mrun_id[0m=[35m00455eb8-6e2a-408f-b378-496c16a0b627[0m [36mstate_id[0m=[35m2025-06-23T212823--tap-postgres--target-csv-postgres[0m [36mstdio[0m=[35mstderr[0m
[2025-06-23T21:28:24.925+0000] {docker.py:429} INFO - [2m2025-06-23T21:28:24.922711Z[0m [[32m[1minfo     [0m] [1m  File "/opt/meltano/.meltano/extractors/tap-postgres/venv/lib/python3.10/site-packages/tap_postgres/tap.py", line 57, in __init__[0m [36mcmd_type[0m=[35mextractor[0m [36mname[0m=[35mtap-postgres[0m [36mrun_id[0m=[35m00455eb8-6e2a-408f-b378-496c16a0b627[0m [36mstate_id[0m=[35m2025-06-23T212823--tap-postgres--target-csv-postgres[0m [36mstdio[0m=[35mstderr[0m
[2025-06-23T21:28:24.925+0000] {docker.py:429} INFO - [2m2025-06-23T21:28:24.923090Z[0m [[32m[1minfo     [0m] [1m    and self.config.get("password") is not None[0m [36mcmd_type[0m=[35mextractor[0m [36mname[0m=[35mtap-postgres[0m [36mrun_id[0m=[35m00455eb8-6e2a-408f-b378-496c16a0b627[0m [36mstate_id[0m=[35m2025-06-23T212823--tap-postgres--target-csv-postgres[0m [36mstdio[0m=[35mstderr[0m
[2025-06-23T21:28:24.925+0000] {docker.py:429} INFO - [2m2025-06-23T21:28:24.923434Z[0m [[32m[1minfo     [0m] [1mAssertionError: Need either the sqlalchemy_url to be set or host, port, user, and password to be set[0m [36mcmd_type[0m=[35mextractor[0m [36mname[0m=[35mtap-postgres[0m [36mrun_id[0m=[35m00455eb8-6e2a-408f-b378-496c16a0b627[0m [36mstate_id[0m=[35m2025-06-23T212823--tap-postgres--target-csv-postgres[0m [36mstdio[0m=[35mstderr[0m
[2025-06-23T21:28:25.057+0000] {docker.py:429} INFO - [2m2025-06-23T21:28:25.056973Z[0m [[31m[1merror    [0m] [1mExtraction failed             [0m [36mcode[0m=[35m1[0m [36mmessage[0m=[35m'AssertionError: Need either the sqlalchemy_url to be set or host, port, user, and password to be set'[0m [36mname[0m=[35mmeltano[0m [36mrun_id[0m=[35m00455eb8-6e2a-408f-b378-496c16a0b627[0m [36mstate_id[0m=[35m2025-06-23T212823--tap-postgres--target-csv-postgres[0m
[2025-06-23T21:28:25.058+0000] {docker.py:429} INFO - [2m2025-06-23T21:28:25.057582Z[0m [[32m[1minfo     [0m] [1mELT could not be completed: Extractor failed.[0m [36mcmd_type[0m=[35melt[0m [36mname[0m=[35mmeltano[0m [36mrun_id[0m=[35m00455eb8-6e2a-408f-b378-496c16a0b627[0m [36mstate_id[0m=[35m2025-06-23T212823--tap-postgres--target-csv-postgres[0m [36mstdio[0m=[35mstderr[0m
[2025-06-23T21:28:25.058+0000] {docker.py:429} INFO - [2m2025-06-23T21:28:25.057862Z[0m [[32m[1minfo     [0m] [1mFor more detailed log messages re-run the command using 'meltano --log-level=debug ...' CLI flag.[0m [36mcmd_type[0m=[35melt[0m [36mname[0m=[35mmeltano[0m [36mrun_id[0m=[35m00455eb8-6e2a-408f-b378-496c16a0b627[0m [36mstate_id[0m=[35m2025-06-23T212823--tap-postgres--target-csv-postgres[0m [36mstdio[0m=[35mstderr[0m
[2025-06-23T21:28:25.058+0000] {docker.py:429} INFO - [2m2025-06-23T21:28:25.058075Z[0m [[32m[1minfo     [0m] [1mNote that you can also check the generated log file at '/opt/meltano/.meltano/logs/elt/2025-06-23T212823--tap-postgres--target-csv-postgres/00455eb8-6e2a-408f-b378-496c16a0b627/elt.log'.[0m [36mcmd_type[0m=[35melt[0m [36mname[0m=[35mmeltano[0m [36mrun_id[0m=[35m00455eb8-6e2a-408f-b378-496c16a0b627[0m [36mstate_id[0m=[35m2025-06-23T212823--tap-postgres--target-csv-postgres[0m [36mstdio[0m=[35mstderr[0m
[2025-06-23T21:28:25.059+0000] {docker.py:429} INFO - [2m2025-06-23T21:28:25.058312Z[0m [[32m[1minfo     [0m] [1mFor more information on debugging and logging: https://docs.meltano.com/reference/command-line-interface#debugging[0m [36mcmd_type[0m=[35melt[0m [36mname[0m=[35mmeltano[0m [36mrun_id[0m=[35m00455eb8-6e2a-408f-b378-496c16a0b627[0m [36mstate_id[0m=[35m2025-06-23T212823--tap-postgres--target-csv-postgres[0m [36mstdio[0m=[35mstderr[0m
[2025-06-23T21:28:25.069+0000] {docker.py:429} INFO - Need help fixing this problem? Visit http://melta.no/ for troubleshooting steps, or to
join our friendly Slack community.

ELT could not be completed: Extractor failed.
For more detailed log messages re-run the command using 'meltano --log-level=debug ...' CLI flag.
Note that you can also check the generated log file at '/opt/meltano/.meltano/logs/elt/2025-06-23T212823--tap-postgres--target-csv-postgres/00455eb8-6e2a-408f-b378-496c16a0b627/elt.log'.
For more information on debugging and logging: https://docs.meltano.com/reference/command-line-interface#debugging
[2025-06-23T21:28:26.524+0000] {taskinstance.py:2698} ERROR - Task failed with exception
Traceback (most recent call last):
  File "/home/airflow/.local/lib/python3.10/site-packages/airflow/models/taskinstance.py", line 433, in _execute_task
    result = execute_callable(context=context, **execute_callable_kwargs)
  File "/home/airflow/.local/lib/python3.10/site-packages/airflow/providers/docker/operators/docker.py", line 502, in execute
    return self._run_image()
  File "/home/airflow/.local/lib/python3.10/site-packages/airflow/providers/docker/operators/docker.py", line 376, in _run_image
    return self._run_image_with_mounts(self.mounts, add_tmp_variable=False)
  File "/home/airflow/.local/lib/python3.10/site-packages/airflow/providers/docker/operators/docker.py", line 437, in _run_image_with_mounts
    raise DockerContainerFailedException(f"Docker container failed: {result!r}", logs=log_lines)
airflow.providers.docker.exceptions.DockerContainerFailedException: Docker container failed: {'StatusCode': 1}
[2025-06-23T21:28:26.540+0000] {taskinstance.py:1138} INFO - Marking task as UP_FOR_RETRY. dag_id=northwind, task_id=extração_postgres, execution_date=20250623T212754, start_date=20250623T212758, end_date=20250623T212826
[2025-06-23T21:28:26.582+0000] {standard_task_runner.py:107} ERROR - Failed to execute job 9 for task extração_postgres (Docker container failed: {'StatusCode': 1}; 195)
[2025-06-23T21:28:26.634+0000] {local_task_job_runner.py:234} INFO - Task exited with return code 1
[2025-06-23T21:28:26.684+0000] {taskinstance.py:3280} INFO - 0 downstream tasks scheduled from follow-on schedule check
