[2025-06-24T19:34:32.723+0000] {taskinstance.py:1956} INFO - Dependencies all met for dep_context=non-requeueable deps ti=<TaskInstance: northwind.carregamento_postgres manual__2025-06-24T19:28:30.411078+00:00 [queued]>
[2025-06-24T19:34:32.743+0000] {taskinstance.py:1956} INFO - Dependencies all met for dep_context=requeueable deps ti=<TaskInstance: northwind.carregamento_postgres manual__2025-06-24T19:28:30.411078+00:00 [queued]>
[2025-06-24T19:34:32.744+0000] {taskinstance.py:2170} INFO - Starting attempt 2 of 2
[2025-06-24T19:34:32.770+0000] {taskinstance.py:2191} INFO - Executing <Task(DockerOperator): carregamento_postgres> on 2025-06-24 19:28:30.411078+00:00
[2025-06-24T19:34:32.786+0000] {standard_task_runner.py:60} INFO - Started process 248 to run task
[2025-06-24T19:34:32.792+0000] {standard_task_runner.py:87} INFO - Running: ['***', 'tasks', 'run', 'northwind', 'carregamento_postgres', 'manual__2025-06-24T19:28:30.411078+00:00', '--job-id', '80', '--raw', '--subdir', 'DAGS_FOLDER/dag.py', '--cfg-path', '/tmp/tmpjunwopwy']
[2025-06-24T19:34:32.818+0000] {standard_task_runner.py:88} INFO - Job 80: Subtask carregamento_postgres
[2025-06-24T19:34:33.082+0000] {task_command.py:423} INFO - Running <TaskInstance: northwind.carregamento_postgres manual__2025-06-24T19:28:30.411078+00:00 [running]> on host a06304be4538
[2025-06-24T19:34:33.293+0000] {taskinstance.py:2480} INFO - Exporting env vars: AIRFLOW_CTX_DAG_EMAIL='lrbf@cin.ufpe.br' AIRFLOW_CTX_DAG_OWNER='***' AIRFLOW_CTX_DAG_ID='northwind' AIRFLOW_CTX_TASK_ID='carregamento_postgres' AIRFLOW_CTX_EXECUTION_DATE='2025-06-24T19:28:30.411078+00:00' AIRFLOW_CTX_TRY_NUMBER='2' AIRFLOW_CTX_DAG_RUN_ID='manual__2025-06-24T19:28:30.411078+00:00'
[2025-06-24T19:34:34.044+0000] {docker.py:359} INFO - Starting docker container from image meltano:latest
[2025-06-24T19:34:35.776+0000] {docker.py:429} INFO - Running meltano install...
[2025-06-24T19:34:39.746+0000] {docker.py:429} INFO - [2m2025-06-24T19:34:39.745742Z[0m [[32m[1minfo     [0m] [1mInstalling 7 plugins          [0m
[2025-06-24T19:34:39.756+0000] {docker.py:429} INFO - [2m2025-06-24T19:34:39.755530Z[0m [[32m[1minfo     [0m] [1mInstalling extractor 'tap-postgres'[0m
[2025-06-24T19:34:39.774+0000] {docker.py:429} INFO - [2m2025-06-24T19:34:39.773552Z[0m [[32m[1minfo     [0m] [1mInstalling extractor 'tap-csv'[0m
[2025-06-24T19:34:39.789+0000] {docker.py:429} INFO - [2m2025-06-24T19:34:39.788736Z[0m [[32m[1minfo     [0m] [1mInstalling extractor 'tap-csv-latest'[0m
[2025-06-24T19:34:39.808+0000] {docker.py:429} INFO - [2m2025-06-24T19:34:39.808238Z[0m [[32m[1minfo     [0m] [1mInstalling loader 'target-postgres'[0m
[2025-06-24T19:34:39.828+0000] {docker.py:429} INFO - [2m2025-06-24T19:34:39.827406Z[0m [[32m[1minfo     [0m] [1mInstalling loader 'target-csv'[0m
[2025-06-24T19:34:39.849+0000] {docker.py:429} INFO - [2m2025-06-24T19:34:39.848422Z[0m [[32m[1minfo     [0m] [1mInstalling loader 'target-csv-postgres'[0m
[2025-06-24T19:34:39.877+0000] {docker.py:429} INFO - [2m2025-06-24T19:34:39.876353Z[0m [[32m[1minfo     [0m] [1mInstalling loader 'target-csv-csv'[0m
[2025-06-24T19:34:42.023+0000] {docker.py:429} INFO - [2m2025-06-24T19:34:42.019994Z[0m [[32m[1minfo     [0m] [1mInstalled loader 'target-postgres'[0m
[2025-06-24T19:34:42.029+0000] {docker.py:429} INFO - [2m2025-06-24T19:34:42.029210Z[0m [[32m[1minfo     [0m] [1mInstalled extractor 'tap-postgres'[0m
[2025-06-24T19:34:48.103+0000] {docker.py:429} INFO - [2m2025-06-24T19:34:48.101919Z[0m [[32m[1minfo     [0m] [1mInstalled extractor 'tap-csv' [0m
[2025-06-24T19:34:48.160+0000] {docker.py:429} INFO - [2m2025-06-24T19:34:48.159877Z[0m [[32m[1minfo     [0m] [1mInstalled extractor 'tap-csv-latest'[0m
[2025-06-24T19:34:48.426+0000] {docker.py:429} INFO - [2m2025-06-24T19:34:48.426054Z[0m [[32m[1minfo     [0m] [1mInstalled loader 'target-csv' [0m
[2025-06-24T19:34:48.618+0000] {docker.py:429} INFO - [2m2025-06-24T19:34:48.618196Z[0m [[32m[1minfo     [0m] [1mInstalled loader 'target-csv-csv'[0m
[2025-06-24T19:34:48.654+0000] {docker.py:429} INFO - [2m2025-06-24T19:34:48.653587Z[0m [[32m[1minfo     [0m] [1mInstalled loader 'target-csv-postgres'[0m
[2025-06-24T19:34:48.654+0000] {docker.py:429} INFO - [2m2025-06-24T19:34:48.653990Z[0m [[32m[1minfo     [0m] [1mInstalled 7/7 plugins         [0m
[2025-06-24T19:34:49.854+0000] {docker.py:429} INFO - Meltano install completed. Executing command: meltano el tap-csv-latest target-postgres
[2025-06-24T19:34:50.968+0000] {docker.py:429} INFO - [2m2025-06-24T19:34:50.967761Z[0m [[32m[1minfo     [0m] [1mEnvironment 'dev' is active   [0m
[2025-06-24T19:34:51.371+0000] {docker.py:429} INFO - [2m2025-06-24T19:34:51.370076Z[0m [[32m[1minfo     [0m] [1mRunning extract & load...     [0m [36mname[0m=[35mmeltano[0m [36mrun_id[0m=[35m5be54620-91f0-42de-a9f7-745bf3c6a080[0m [36mstate_id[0m=[35m2025-06-24T193451--tap-csv-latest--target-postgres[0m
[2025-06-24T19:34:52.330+0000] {docker.py:429} INFO - [2m2025-06-24T19:34:52.328375Z[0m [[32m[1minfo     [0m] [1mTraceback (most recent call last):[0m [36mcmd_type[0m=[35mextractor[0m [36mname[0m=[35mtap-csv-latest[0m [36mrun_id[0m=[35m5be54620-91f0-42de-a9f7-745bf3c6a080[0m [36mstate_id[0m=[35m2025-06-24T193451--tap-csv-latest--target-postgres[0m [36mstdio[0m=[35mstderr[0m
[2025-06-24T19:34:52.332+0000] {docker.py:429} INFO - [2m2025-06-24T19:34:52.328912Z[0m [[32m[1minfo     [0m] [1m  File "/opt/meltano/.meltano/extractors/tap-csv-latest/venv/bin/tap-csv", line 8, in <module>[0m [36mcmd_type[0m=[35mextractor[0m [36mname[0m=[35mtap-csv-latest[0m [36mrun_id[0m=[35m5be54620-91f0-42de-a9f7-745bf3c6a080[0m [36mstate_id[0m=[35m2025-06-24T193451--tap-csv-latest--target-postgres[0m [36mstdio[0m=[35mstderr[0m
[2m2025-06-24T19:34:52.329245Z[0m [[32m[1minfo     [0m] [1m    sys.exit(TapCSV.cli())    [0m [36mcmd_type[0m=[35mextractor[0m [36mname[0m=[35mtap-csv-latest[0m [36mrun_id[0m=[35m5be54620-91f0-42de-a9f7-745bf3c6a080[0m [36mstate_id[0m=[35m2025-06-24T193451--tap-csv-latest--target-postgres[0m [36mstdio[0m=[35mstderr[0m
[2m2025-06-24T19:34:52.329567Z[0m [[32m[1minfo     [0m] [1m  File "/opt/meltano/.meltano/extractors/tap-csv-latest/venv/lib/python3.10/site-packages/click/core.py", line 1442, in __call__[0m [36mcmd_type[0m=[35mextractor[0m [36mname[0m=[35mtap-csv-latest[0m [36mrun_id[0m=[35m5be54620-91f0-42de-a9f7-745bf3c6a080[0m [36mstate_id[0m=[35m2025-06-24T193451--tap-csv-latest--target-postgres[0m [36mstdio[0m=[35mstderr[0m
[2m2025-06-24T19:34:52.329947Z[0m [[32m[1minfo     [0m] [1m    return self.main(*args, **kwargs)[0m [36mcmd_type[0m=[35mextractor[0m [36mname[0m=[35mtap-csv-latest[0m [36mrun_id[0m=[35m5be54620-91f0-42de-a9f7-745bf3c6a080[0m [36mstate_id[0m=[35m2025-06-24T193451--tap-csv-latest--target-postgres[0m [36mstdio[0m=[35mstderr[0m
[2m2025-06-24T19:34:52.330322Z[0m [[32m[1minfo     [0m] [1m  File "/opt/meltano/.meltano/extractors/tap-csv-latest/venv/lib/python3.10/site-packages/click/core.py", line 1363, in main[0m [36mcmd_type[0m=[35mextractor[0m [36mname[0m=[35mtap-csv-latest[0m [36mrun_id[0m=[35m5be54620-91f0-42de-a9f7-745bf3c6a080[0m [36mstate_id[0m=[35m2025-06-24T193451--tap-csv-latest--target-postgres[0m [36mstdio[0m=[35mstderr[0m
[2m2025-06-24T19:34:52.330590Z[0m [[32m[1minfo     [0m] [1m    rv = self.invoke(ctx)     [0m [36mcmd_type[0m=[35mextractor[0m [36mname[0m=[35mtap-csv-latest[0m [36mrun_id[0m=[35m5be54620-91f0-42de-a9f7-745bf3c6a080[0m [36mstate_id[0m=[35m2025-06-24T193451--tap-csv-latest--target-postgres[0m [36mstdio[0m=[35mstderr[0m
[2025-06-24T19:34:52.334+0000] {docker.py:429} INFO - [2m2025-06-24T19:34:52.330809Z[0m [[32m[1minfo     [0m] [1m  File "/opt/meltano/.meltano/extractors/tap-csv-latest/venv/lib/python3.10/site-packages/singer_sdk/plugin_base.py", line 92, in invoke[0m [36mcmd_type[0m=[35mextractor[0m [36mname[0m=[35mtap-csv-latest[0m [36mrun_id[0m=[35m5be54620-91f0-42de-a9f7-745bf3c6a080[0m [36mstate_id[0m=[35m2025-06-24T193451--tap-csv-latest--target-postgres[0m [36mstdio[0m=[35mstderr[0m
[2m2025-06-24T19:34:52.331127Z[0m [[32m[1minfo     [0m] [1m    return super().invoke(ctx)[0m [36mcmd_type[0m=[35mextractor[0m [36mname[0m=[35mtap-csv-latest[0m [36mrun_id[0m=[35m5be54620-91f0-42de-a9f7-745bf3c6a080[0m [36mstate_id[0m=[35m2025-06-24T193451--tap-csv-latest--target-postgres[0m [36mstdio[0m=[35mstderr[0m
[2m2025-06-24T19:34:52.331347Z[0m [[32m[1minfo     [0m] [1m  File "/opt/meltano/.meltano/extractors/tap-csv-latest/venv/lib/python3.10/site-packages/click/core.py", line 1226, in invoke[0m [36mcmd_type[0m=[35mextractor[0m [36mname[0m=[35mtap-csv-latest[0m [36mrun_id[0m=[35m5be54620-91f0-42de-a9f7-745bf3c6a080[0m [36mstate_id[0m=[35m2025-06-24T193451--tap-csv-latest--target-postgres[0m [36mstdio[0m=[35mstderr[0m
[2m2025-06-24T19:34:52.331588Z[0m [[32m[1minfo     [0m] [1m    return ctx.invoke(self.callback, **ctx.params)[0m [36mcmd_type[0m=[35mextractor[0m [36mname[0m=[35mtap-csv-latest[0m [36mrun_id[0m=[35m5be54620-91f0-42de-a9f7-745bf3c6a080[0m [36mstate_id[0m=[35m2025-06-24T193451--tap-csv-latest--target-postgres[0m [36mstdio[0m=[35mstderr[0m
[2m2025-06-24T19:34:52.331843Z[0m [[32m[1minfo     [0m] [1m  File "/opt/meltano/.meltano/extractors/tap-csv-latest/venv/lib/python3.10/site-packages/click/core.py", line 794, in invoke[0m [36mcmd_type[0m=[35mextractor[0m [36mname[0m=[35mtap-csv-latest[0m [36mrun_id[0m=[35m5be54620-91f0-42de-a9f7-745bf3c6a080[0m [36mstate_id[0m=[35m2025-06-24T193451--tap-csv-latest--target-postgres[0m [36mstdio[0m=[35mstderr[0m
[2025-06-24T19:34:52.335+0000] {docker.py:429} INFO - [2m2025-06-24T19:34:52.332054Z[0m [[32m[1minfo     [0m] [1m    return callback(*args, **kwargs)[0m [36mcmd_type[0m=[35mextractor[0m [36mname[0m=[35mtap-csv-latest[0m [36mrun_id[0m=[35m5be54620-91f0-42de-a9f7-745bf3c6a080[0m [36mstate_id[0m=[35m2025-06-24T193451--tap-csv-latest--target-postgres[0m [36mstdio[0m=[35mstderr[0m
[2m2025-06-24T19:34:52.332287Z[0m [[32m[1minfo     [0m] [1m  File "/opt/meltano/.meltano/extractors/tap-csv-latest/venv/lib/python3.10/site-packages/singer_sdk/tap_base.py", line 516, in invoke[0m [36mcmd_type[0m=[35mextractor[0m [36mname[0m=[35mtap-csv-latest[0m [36mrun_id[0m=[35m5be54620-91f0-42de-a9f7-745bf3c6a080[0m [36mstate_id[0m=[35m2025-06-24T193451--tap-csv-latest--target-postgres[0m [36mstdio[0m=[35mstderr[0m
[2m2025-06-24T19:34:52.332716Z[0m [[32m[1minfo     [0m] [1m    tap = cls(                [0m [36mcmd_type[0m=[35mextractor[0m [36mname[0m=[35mtap-csv-latest[0m [36mrun_id[0m=[35m5be54620-91f0-42de-a9f7-745bf3c6a080[0m [36mstate_id[0m=[35m2025-06-24T193451--tap-csv-latest--target-postgres[0m [36mstdio[0m=[35mstderr[0m
[2m2025-06-24T19:34:52.333079Z[0m [[32m[1minfo     [0m] [1m  File "/opt/meltano/.meltano/extractors/tap-csv-latest/venv/lib/python3.10/site-packages/singer_sdk/tap_base.py", line 118, in __init__[0m [36mcmd_type[0m=[35mextractor[0m [36mname[0m=[35mtap-csv-latest[0m [36mrun_id[0m=[35m5be54620-91f0-42de-a9f7-745bf3c6a080[0m [36mstate_id[0m=[35m2025-06-24T193451--tap-csv-latest--target-postgres[0m [36mstdio[0m=[35mstderr[0m
[2m2025-06-24T19:34:52.333370Z[0m [[32m[1minfo     [0m] [1m    self.setup_mapper()       [0m [36mcmd_type[0m=[35mextractor[0m [36mname[0m=[35mtap-csv-latest[0m [36mrun_id[0m=[35m5be54620-91f0-42de-a9f7-745bf3c6a080[0m [36mstate_id[0m=[35m2025-06-24T193451--tap-csv-latest--target-postgres[0m [36mstdio[0m=[35mstderr[0m
[2m2025-06-24T19:34:52.333654Z[0m [[32m[1minfo     [0m] [1m  File "/opt/meltano/.meltano/extractors/tap-csv-latest/venv/lib/python3.10/site-packages/singer_sdk/tap_base.py", line 194, in setup_mapper[0m [36mcmd_type[0m=[35mextractor[0m [36mname[0m=[35mtap-csv-latest[0m [36mrun_id[0m=[35m5be54620-91f0-42de-a9f7-745bf3c6a080[0m [36mstate_id[0m=[35m2025-06-24T193451--tap-csv-latest--target-postgres[0m [36mstdio[0m=[35mstderr[0m
[2025-06-24T19:34:52.336+0000] {docker.py:429} INFO - [2m2025-06-24T19:34:52.334103Z[0m [[32m[1minfo     [0m] [1m    self.mapper.register_raw_streams_from_catalog(self.catalog)[0m [36mcmd_type[0m=[35mextractor[0m [36mname[0m=[35mtap-csv-latest[0m [36mrun_id[0m=[35m5be54620-91f0-42de-a9f7-745bf3c6a080[0m [36mstate_id[0m=[35m2025-06-24T193451--tap-csv-latest--target-postgres[0m [36mstdio[0m=[35mstderr[0m
[2m2025-06-24T19:34:52.334490Z[0m [[32m[1minfo     [0m] [1m  File "/opt/meltano/.meltano/extractors/tap-csv-latest/venv/lib/python3.10/site-packages/singer_sdk/tap_base.py", line 187, in catalog[0m [36mcmd_type[0m=[35mextractor[0m [36mname[0m=[35mtap-csv-latest[0m [36mrun_id[0m=[35m5be54620-91f0-42de-a9f7-745bf3c6a080[0m [36mstate_id[0m=[35m2025-06-24T193451--tap-csv-latest--target-postgres[0m [36mstdio[0m=[35mstderr[0m
[2025-06-24T19:34:52.338+0000] {docker.py:429} INFO - [2m2025-06-24T19:34:52.334931Z[0m [[32m[1minfo     [0m] [1m    self._catalog = self.input_catalog or self._singer_catalog[0m [36mcmd_type[0m=[35mextractor[0m [36mname[0m=[35mtap-csv-latest[0m [36mrun_id[0m=[35m5be54620-91f0-42de-a9f7-745bf3c6a080[0m [36mstate_id[0m=[35m2025-06-24T193451--tap-csv-latest--target-postgres[0m [36mstdio[0m=[35mstderr[0m
[2m2025-06-24T19:34:52.335254Z[0m [[32m[1minfo     [0m] [1m  File "/opt/meltano/.meltano/extractors/tap-csv-latest/venv/lib/python3.10/site-packages/singer_sdk/tap_base.py", line 340, in _singer_catalog[0m [36mcmd_type[0m=[35mextractor[0m [36mname[0m=[35mtap-csv-latest[0m [36mrun_id[0m=[35m5be54620-91f0-42de-a9f7-745bf3c6a080[0m [36mstate_id[0m=[35m2025-06-24T193451--tap-csv-latest--target-postgres[0m [36mstdio[0m=[35mstderr[0m
[2025-06-24T19:34:52.339+0000] {docker.py:429} INFO - [2m2025-06-24T19:34:52.335626Z[0m [[32m[1minfo     [0m] [1m    for stream in self.streams.values()[0m [36mcmd_type[0m=[35mextractor[0m [36mname[0m=[35mtap-csv-latest[0m [36mrun_id[0m=[35m5be54620-91f0-42de-a9f7-745bf3c6a080[0m [36mstate_id[0m=[35m2025-06-24T193451--tap-csv-latest--target-postgres[0m [36mstdio[0m=[35mstderr[0m
[2025-06-24T19:34:52.340+0000] {docker.py:429} INFO - [2m2025-06-24T19:34:52.335980Z[0m [[32m[1minfo     [0m] [1m  File "/opt/meltano/.meltano/extractors/tap-csv-latest/venv/lib/python3.10/site-packages/singer_sdk/tap_base.py", line 149, in streams[0m [36mcmd_type[0m=[35mextractor[0m [36mname[0m=[35mtap-csv-latest[0m [36mrun_id[0m=[35m5be54620-91f0-42de-a9f7-745bf3c6a080[0m [36mstate_id[0m=[35m2025-06-24T193451--tap-csv-latest--target-postgres[0m [36mstdio[0m=[35mstderr[0m
[2025-06-24T19:34:52.341+0000] {docker.py:429} INFO - [2m2025-06-24T19:34:52.336356Z[0m [[32m[1minfo     [0m] [1m    for stream in self.load_streams():[0m [36mcmd_type[0m=[35mextractor[0m [36mname[0m=[35mtap-csv-latest[0m [36mrun_id[0m=[35m5be54620-91f0-42de-a9f7-745bf3c6a080[0m [36mstate_id[0m=[35m2025-06-24T193451--tap-csv-latest--target-postgres[0m [36mstdio[0m=[35mstderr[0m
[2025-06-24T19:34:52.341+0000] {docker.py:429} INFO - [2m2025-06-24T19:34:52.337741Z[0m [[32m[1minfo     [0m] [1m  File "/opt/meltano/.meltano/extractors/tap-csv-latest/venv/lib/python3.10/site-packages/singer_sdk/tap_base.py", line 373, in load_streams[0m [36mcmd_type[0m=[35mextractor[0m [36mname[0m=[35mtap-csv-latest[0m [36mrun_id[0m=[35m5be54620-91f0-42de-a9f7-745bf3c6a080[0m [36mstate_id[0m=[35m2025-06-24T193451--tap-csv-latest--target-postgres[0m [36mstdio[0m=[35mstderr[0m
[2025-06-24T19:34:52.342+0000] {docker.py:429} INFO - [2m2025-06-24T19:34:52.338492Z[0m [[32m[1minfo     [0m] [1m    for stream in self.discover_streams():[0m [36mcmd_type[0m=[35mextractor[0m [36mname[0m=[35mtap-csv-latest[0m [36mrun_id[0m=[35m5be54620-91f0-42de-a9f7-745bf3c6a080[0m [36mstate_id[0m=[35m2025-06-24T193451--tap-csv-latest--target-postgres[0m [36mstdio[0m=[35mstderr[0m
[2025-06-24T19:34:52.342+0000] {docker.py:429} INFO - [2m2025-06-24T19:34:52.338889Z[0m [[32m[1minfo     [0m] [1m  File "/opt/meltano/.meltano/extractors/tap-csv-latest/venv/lib/python3.10/site-packages/tap_csv/tap.py", line 89, in discover_streams[0m [36mcmd_type[0m=[35mextractor[0m [36mname[0m=[35mtap-csv-latest[0m [36mrun_id[0m=[35m5be54620-91f0-42de-a9f7-745bf3c6a080[0m [36mstate_id[0m=[35m2025-06-24T193451--tap-csv-latest--target-postgres[0m [36mstdio[0m=[35mstderr[0m
[2025-06-24T19:34:52.342+0000] {docker.py:429} INFO - [2m2025-06-24T19:34:52.339220Z[0m [[32m[1minfo     [0m] [1m    return [                  [0m [36mcmd_type[0m=[35mextractor[0m [36mname[0m=[35mtap-csv-latest[0m [36mrun_id[0m=[35m5be54620-91f0-42de-a9f7-745bf3c6a080[0m [36mstate_id[0m=[35m2025-06-24T193451--tap-csv-latest--target-postgres[0m [36mstdio[0m=[35mstderr[0m
[2025-06-24T19:34:52.342+0000] {docker.py:429} INFO - [2m2025-06-24T19:34:52.340331Z[0m [[32m[1minfo     [0m] [1m  File "/opt/meltano/.meltano/extractors/tap-csv-latest/venv/lib/python3.10/site-packages/tap_csv/tap.py", line 92, in <listcomp>[0m [36mcmd_type[0m=[35mextractor[0m [36mname[0m=[35mtap-csv-latest[0m [36mrun_id[0m=[35m5be54620-91f0-42de-a9f7-745bf3c6a080[0m [36mstate_id[0m=[35m2025-06-24T193451--tap-csv-latest--target-postgres[0m [36mstdio[0m=[35mstderr[0m
[2025-06-24T19:34:52.343+0000] {docker.py:429} INFO - [2m2025-06-24T19:34:52.342091Z[0m [[32m[1minfo     [0m] [1m    name=file_config.get("entity"),[0m [36mcmd_type[0m=[35mextractor[0m [36mname[0m=[35mtap-csv-latest[0m [36mrun_id[0m=[35m5be54620-91f0-42de-a9f7-745bf3c6a080[0m [36mstate_id[0m=[35m2025-06-24T193451--tap-csv-latest--target-postgres[0m [36mstdio[0m=[35mstderr[0m
[2025-06-24T19:34:52.343+0000] {docker.py:429} INFO - [2m2025-06-24T19:34:52.342976Z[0m [[32m[1minfo     [0m] [1mAttributeError: 'str' object has no attribute 'get'[0m [36mcmd_type[0m=[35mextractor[0m [36mname[0m=[35mtap-csv-latest[0m [36mrun_id[0m=[35m5be54620-91f0-42de-a9f7-745bf3c6a080[0m [36mstate_id[0m=[35m2025-06-24T193451--tap-csv-latest--target-postgres[0m [36mstdio[0m=[35mstderr[0m
[2025-06-24T19:34:52.504+0000] {docker.py:429} INFO - [2m2025-06-24T19:34:52.503856Z[0m [[32m[1minfo     [0m] [1mtarget-postgres v0.4.3, Meltano SDK v0.47.2[0m [36mcmd_type[0m=[35mloader[0m [36mname[0m=[35mtarget-postgres[0m [36mrun_id[0m=[35m5be54620-91f0-42de-a9f7-745bf3c6a080[0m [36mstate_id[0m=[35m2025-06-24T193451--tap-csv-latest--target-postgres[0m [36mstdio[0m=[35mstderr[0m
[2025-06-24T19:34:52.505+0000] {docker.py:429} INFO - [2m2025-06-24T19:34:52.504247Z[0m [[32m[1minfo     [0m] [1mSkipping parse of env var settings...[0m [36mcmd_type[0m=[35mloader[0m [36mname[0m=[35mtarget-postgres[0m [36mrun_id[0m=[35m5be54620-91f0-42de-a9f7-745bf3c6a080[0m [36mstate_id[0m=[35m2025-06-24T193451--tap-csv-latest--target-postgres[0m [36mstdio[0m=[35mstderr[0m
[2025-06-24T19:34:52.505+0000] {docker.py:429} INFO - [2m2025-06-24T19:34:52.504544Z[0m [[32m[1minfo     [0m] [1mTraceback (most recent call last):[0m [36mcmd_type[0m=[35mloader[0m [36mname[0m=[35mtarget-postgres[0m [36mrun_id[0m=[35m5be54620-91f0-42de-a9f7-745bf3c6a080[0m [36mstate_id[0m=[35m2025-06-24T193451--tap-csv-latest--target-postgres[0m [36mstdio[0m=[35mstderr[0m
[2025-06-24T19:34:52.505+0000] {docker.py:429} INFO - [2m2025-06-24T19:34:52.504792Z[0m [[32m[1minfo     [0m] [1m  File "/opt/meltano/.meltano/loaders/target-postgres/venv/bin/target-postgres", line 8, in <module>[0m [36mcmd_type[0m=[35mloader[0m [36mname[0m=[35mtarget-postgres[0m [36mrun_id[0m=[35m5be54620-91f0-42de-a9f7-745bf3c6a080[0m [36mstate_id[0m=[35m2025-06-24T193451--tap-csv-latest--target-postgres[0m [36mstdio[0m=[35mstderr[0m
[2025-06-24T19:34:52.506+0000] {docker.py:429} INFO - [2m2025-06-24T19:34:52.505049Z[0m [[32m[1minfo     [0m] [1m    sys.exit(TargetPostgres.cli())[0m [36mcmd_type[0m=[35mloader[0m [36mname[0m=[35mtarget-postgres[0m [36mrun_id[0m=[35m5be54620-91f0-42de-a9f7-745bf3c6a080[0m [36mstate_id[0m=[35m2025-06-24T193451--tap-csv-latest--target-postgres[0m [36mstdio[0m=[35mstderr[0m
[2025-06-24T19:34:52.506+0000] {docker.py:429} INFO - [2m2025-06-24T19:34:52.505288Z[0m [[32m[1minfo     [0m] [1m  File "/opt/meltano/.meltano/loaders/target-postgres/venv/lib/python3.10/site-packages/click/core.py", line 1442, in __call__[0m [36mcmd_type[0m=[35mloader[0m [36mname[0m=[35mtarget-postgres[0m [36mrun_id[0m=[35m5be54620-91f0-42de-a9f7-745bf3c6a080[0m [36mstate_id[0m=[35m2025-06-24T193451--tap-csv-latest--target-postgres[0m [36mstdio[0m=[35mstderr[0m
[2025-06-24T19:34:52.509+0000] {docker.py:429} INFO - [2m2025-06-24T19:34:52.507656Z[0m [[32m[1minfo     [0m] [1m    return self.main(*args, **kwargs)[0m [36mcmd_type[0m=[35mloader[0m [36mname[0m=[35mtarget-postgres[0m [36mrun_id[0m=[35m5be54620-91f0-42de-a9f7-745bf3c6a080[0m [36mstate_id[0m=[35m2025-06-24T193451--tap-csv-latest--target-postgres[0m [36mstdio[0m=[35mstderr[0m
[2m2025-06-24T19:34:52.508145Z[0m [[32m[1minfo     [0m] [1m  File "/opt/meltano/.meltano/loaders/target-postgres/venv/lib/python3.10/site-packages/click/core.py", line 1363, in main[0m [36mcmd_type[0m=[35mloader[0m [36mname[0m=[35mtarget-postgres[0m [36mrun_id[0m=[35m5be54620-91f0-42de-a9f7-745bf3c6a080[0m [36mstate_id[0m=[35m2025-06-24T193451--tap-csv-latest--target-postgres[0m [36mstdio[0m=[35mstderr[0m
[2025-06-24T19:34:52.511+0000] {docker.py:429} INFO - [2m2025-06-24T19:34:52.508821Z[0m [[32m[1minfo     [0m] [1m    rv = self.invoke(ctx)     [0m [36mcmd_type[0m=[35mloader[0m [36mname[0m=[35mtarget-postgres[0m [36mrun_id[0m=[35m5be54620-91f0-42de-a9f7-745bf3c6a080[0m [36mstate_id[0m=[35m2025-06-24T193451--tap-csv-latest--target-postgres[0m [36mstdio[0m=[35mstderr[0m
[2025-06-24T19:34:52.512+0000] {docker.py:429} INFO - [2m2025-06-24T19:34:52.509538Z[0m [[32m[1minfo     [0m] [1m  File "/opt/meltano/.meltano/loaders/target-postgres/venv/lib/python3.10/site-packages/singer_sdk/plugin_base.py", line 97, in invoke[0m [36mcmd_type[0m=[35mloader[0m [36mname[0m=[35mtarget-postgres[0m [36mrun_id[0m=[35m5be54620-91f0-42de-a9f7-745bf3c6a080[0m [36mstate_id[0m=[35m2025-06-24T193451--tap-csv-latest--target-postgres[0m [36mstdio[0m=[35mstderr[0m
[2025-06-24T19:34:52.512+0000] {docker.py:429} INFO - [2m2025-06-24T19:34:52.509871Z[0m [[32m[1minfo     [0m] [1m    return super().invoke(ctx)[0m [36mcmd_type[0m=[35mloader[0m [36mname[0m=[35mtarget-postgres[0m [36mrun_id[0m=[35m5be54620-91f0-42de-a9f7-745bf3c6a080[0m [36mstate_id[0m=[35m2025-06-24T193451--tap-csv-latest--target-postgres[0m [36mstdio[0m=[35mstderr[0m
[2025-06-24T19:34:52.513+0000] {docker.py:429} INFO - [2m2025-06-24T19:34:52.510143Z[0m [[32m[1minfo     [0m] [1m  File "/opt/meltano/.meltano/loaders/target-postgres/venv/lib/python3.10/site-packages/click/core.py", line 1226, in invoke[0m [36mcmd_type[0m=[35mloader[0m [36mname[0m=[35mtarget-postgres[0m [36mrun_id[0m=[35m5be54620-91f0-42de-a9f7-745bf3c6a080[0m [36mstate_id[0m=[35m2025-06-24T193451--tap-csv-latest--target-postgres[0m [36mstdio[0m=[35mstderr[0m
[2025-06-24T19:34:52.513+0000] {docker.py:429} INFO - [2m2025-06-24T19:34:52.510634Z[0m [[32m[1minfo     [0m] [1m    return ctx.invoke(self.callback, **ctx.params)[0m [36mcmd_type[0m=[35mloader[0m [36mname[0m=[35mtarget-postgres[0m [36mrun_id[0m=[35m5be54620-91f0-42de-a9f7-745bf3c6a080[0m [36mstate_id[0m=[35m2025-06-24T193451--tap-csv-latest--target-postgres[0m [36mstdio[0m=[35mstderr[0m
[2025-06-24T19:34:52.513+0000] {docker.py:429} INFO - [2m2025-06-24T19:34:52.511005Z[0m [[32m[1minfo     [0m] [1m  File "/opt/meltano/.meltano/loaders/target-postgres/venv/lib/python3.10/site-packages/click/core.py", line 794, in invoke[0m [36mcmd_type[0m=[35mloader[0m [36mname[0m=[35mtarget-postgres[0m [36mrun_id[0m=[35m5be54620-91f0-42de-a9f7-745bf3c6a080[0m [36mstate_id[0m=[35m2025-06-24T193451--tap-csv-latest--target-postgres[0m [36mstdio[0m=[35mstderr[0m
[2025-06-24T19:34:52.513+0000] {docker.py:429} INFO - [2m2025-06-24T19:34:52.511623Z[0m [[32m[1minfo     [0m] [1m    return callback(*args, **kwargs)[0m [36mcmd_type[0m=[35mloader[0m [36mname[0m=[35mtarget-postgres[0m [36mrun_id[0m=[35m5be54620-91f0-42de-a9f7-745bf3c6a080[0m [36mstate_id[0m=[35m2025-06-24T193451--tap-csv-latest--target-postgres[0m [36mstdio[0m=[35mstderr[0m
[2025-06-24T19:34:52.513+0000] {docker.py:429} INFO - [2m2025-06-24T19:34:52.511949Z[0m [[32m[1minfo     [0m] [1m  File "/opt/meltano/.meltano/loaders/target-postgres/venv/lib/python3.10/site-packages/singer_sdk/target_base.py", line 583, in invoke[0m [36mcmd_type[0m=[35mloader[0m [36mname[0m=[35mtarget-postgres[0m [36mrun_id[0m=[35m5be54620-91f0-42de-a9f7-745bf3c6a080[0m [36mstate_id[0m=[35m2025-06-24T193451--tap-csv-latest--target-postgres[0m [36mstdio[0m=[35mstderr[0m
[2025-06-24T19:34:52.514+0000] {docker.py:429} INFO - [2m2025-06-24T19:34:52.513321Z[0m [[32m[1minfo     [0m] [1m    target = cls(             [0m [36mcmd_type[0m=[35mloader[0m [36mname[0m=[35mtarget-postgres[0m [36mrun_id[0m=[35m5be54620-91f0-42de-a9f7-745bf3c6a080[0m [36mstate_id[0m=[35m2025-06-24T193451--tap-csv-latest--target-postgres[0m [36mstdio[0m=[35mstderr[0m
[2025-06-24T19:34:52.514+0000] {docker.py:429} INFO - [2m2025-06-24T19:34:52.513833Z[0m [[32m[1minfo     [0m] [1m  File "/opt/meltano/.meltano/loaders/target-postgres/venv/lib/python3.10/site-packages/target_postgres/target.py", line 67, in __init__[0m [36mcmd_type[0m=[35mloader[0m [36mname[0m=[35mtarget-postgres[0m [36mrun_id[0m=[35m5be54620-91f0-42de-a9f7-745bf3c6a080[0m [36mstate_id[0m=[35m2025-06-24T193451--tap-csv-latest--target-postgres[0m [36mstdio[0m=[35mstderr[0m
[2025-06-24T19:34:52.515+0000] {docker.py:429} INFO - [2m2025-06-24T19:34:52.514757Z[0m [[32m[1minfo     [0m] [1m    and self.config.get("dialect+driver") is not None[0m [36mcmd_type[0m=[35mloader[0m [36mname[0m=[35mtarget-postgres[0m [36mrun_id[0m=[35m5be54620-91f0-42de-a9f7-745bf3c6a080[0m [36mstate_id[0m=[35m2025-06-24T193451--tap-csv-latest--target-postgres[0m [36mstdio[0m=[35mstderr[0m
[2025-06-24T19:34:52.515+0000] {docker.py:429} INFO - [2m2025-06-24T19:34:52.515215Z[0m [[32m[1minfo     [0m] [1mAssertionError: Need either the sqlalchemy_url to be set or host, port, user, password, and dialect+driver to be set[0m [36mcmd_type[0m=[35mloader[0m [36mname[0m=[35mtarget-postgres[0m [36mrun_id[0m=[35m5be54620-91f0-42de-a9f7-745bf3c6a080[0m [36mstate_id[0m=[35m2025-06-24T193451--tap-csv-latest--target-postgres[0m [36mstdio[0m=[35mstderr[0m
[2025-06-24T19:34:52.618+0000] {docker.py:429} INFO - [2m2025-06-24T19:34:52.618081Z[0m [[31m[1merror    [0m] [1mExtraction failed             [0m [36mcode[0m=[35m1[0m [36mmessage[0m=[35m"AttributeError: 'str' object has no attribute 'get'"[0m [36mname[0m=[35mmeltano[0m [36mrun_id[0m=[35m5be54620-91f0-42de-a9f7-745bf3c6a080[0m [36mstate_id[0m=[35m2025-06-24T193451--tap-csv-latest--target-postgres[0m
[2025-06-24T19:34:52.619+0000] {docker.py:429} INFO - [2m2025-06-24T19:34:52.618567Z[0m [[31m[1merror    [0m] [1mLoading failed                [0m [36mcode[0m=[35m1[0m [36mmessage[0m=[35m'AssertionError: Need either the sqlalchemy_url to be set or host, port, user, password, and dialect+driver to be set'[0m [36mname[0m=[35mmeltano[0m [36mrun_id[0m=[35m5be54620-91f0-42de-a9f7-745bf3c6a080[0m [36mstate_id[0m=[35m2025-06-24T193451--tap-csv-latest--target-postgres[0m
[2025-06-24T19:34:52.620+0000] {docker.py:429} INFO - [2m2025-06-24T19:34:52.619416Z[0m [[32m[1minfo     [0m] [1mELT could not be completed: Extractor and loader failed.[0m [36mcmd_type[0m=[35melt[0m [36mname[0m=[35mmeltano[0m [36mrun_id[0m=[35m5be54620-91f0-42de-a9f7-745bf3c6a080[0m [36mstate_id[0m=[35m2025-06-24T193451--tap-csv-latest--target-postgres[0m [36mstdio[0m=[35mstderr[0m
[2025-06-24T19:34:52.620+0000] {docker.py:429} INFO - [2m2025-06-24T19:34:52.619760Z[0m [[32m[1minfo     [0m] [1mFor more detailed log messages re-run the command using 'meltano --log-level=debug ...' CLI flag.[0m [36mcmd_type[0m=[35melt[0m [36mname[0m=[35mmeltano[0m [36mrun_id[0m=[35m5be54620-91f0-42de-a9f7-745bf3c6a080[0m [36mstate_id[0m=[35m2025-06-24T193451--tap-csv-latest--target-postgres[0m [36mstdio[0m=[35mstderr[0m
[2025-06-24T19:34:52.620+0000] {docker.py:429} INFO - [2m2025-06-24T19:34:52.619995Z[0m [[32m[1minfo     [0m] [1mNote that you can also check the generated log file at '/opt/meltano/.meltano/logs/elt/2025-06-24T193451--tap-csv-latest--target-postgres/5be54620-91f0-42de-a9f7-745bf3c6a080/elt.log'.[0m [36mcmd_type[0m=[35melt[0m [36mname[0m=[35mmeltano[0m [36mrun_id[0m=[35m5be54620-91f0-42de-a9f7-745bf3c6a080[0m [36mstate_id[0m=[35m2025-06-24T193451--tap-csv-latest--target-postgres[0m [36mstdio[0m=[35mstderr[0m
[2025-06-24T19:34:52.620+0000] {docker.py:429} INFO - [2m2025-06-24T19:34:52.620253Z[0m [[32m[1minfo     [0m] [1mFor more information on debugging and logging: https://docs.meltano.com/reference/command-line-interface#debugging[0m [36mcmd_type[0m=[35melt[0m [36mname[0m=[35mmeltano[0m [36mrun_id[0m=[35m5be54620-91f0-42de-a9f7-745bf3c6a080[0m [36mstate_id[0m=[35m2025-06-24T193451--tap-csv-latest--target-postgres[0m [36mstdio[0m=[35mstderr[0m
[2025-06-24T19:34:52.640+0000] {docker.py:429} INFO - Need help fixing this problem? Visit http://melta.no/ for troubleshooting steps, or to
join our friendly Slack community.

ELT could not be completed: Extractor and loader failed.
For more detailed log messages re-run the command using 'meltano --log-level=debug ...' CLI flag.
Note that you can also check the generated log file at '/opt/meltano/.meltano/logs/elt/2025-06-24T193451--tap-csv-latest--target-postgres/5be54620-91f0-42de-a9f7-745bf3c6a080/elt.log'.
For more information on debugging and logging: https://docs.meltano.com/reference/command-line-interface#debugging
[2025-06-24T19:34:53.997+0000] {taskinstance.py:2698} ERROR - Task failed with exception
Traceback (most recent call last):
  File "/home/airflow/.local/lib/python3.10/site-packages/airflow/models/taskinstance.py", line 433, in _execute_task
    result = execute_callable(context=context, **execute_callable_kwargs)
  File "/home/airflow/.local/lib/python3.10/site-packages/airflow/providers/docker/operators/docker.py", line 502, in execute
    return self._run_image()
  File "/home/airflow/.local/lib/python3.10/site-packages/airflow/providers/docker/operators/docker.py", line 376, in _run_image
    return self._run_image_with_mounts(self.mounts, add_tmp_variable=False)
  File "/home/airflow/.local/lib/python3.10/site-packages/airflow/providers/docker/operators/docker.py", line 437, in _run_image_with_mounts
    raise DockerContainerFailedException(f"Docker container failed: {result!r}", logs=log_lines)
airflow.providers.docker.exceptions.DockerContainerFailedException: Docker container failed: {'StatusCode': 1}
[2025-06-24T19:34:54.006+0000] {taskinstance.py:1138} INFO - Marking task as FAILED. dag_id=northwind, task_id=carregamento_postgres, execution_date=20250624T192830, start_date=20250624T193432, end_date=20250624T193454
[2025-06-24T19:34:54.142+0000] {logging_mixin.py:188} WARNING - /home/***/.local/lib/python3.10/site-packages/***/utils/email.py:154 RemovedInAirflow3Warning: Fetching SMTP credentials from configuration variables will be deprecated in a future release. Please set credentials using a connection instead.
[2025-06-24T19:34:54.143+0000] {configuration.py:1046} WARNING - section/key [smtp/smtp_user] not found in config
[2025-06-24T19:34:54.143+0000] {email.py:270} INFO - Email alerting: attempt 1
[2025-06-24T19:34:54.166+0000] {configuration.py:1046} WARNING - section/key [smtp/smtp_user] not found in config
[2025-06-24T19:34:54.167+0000] {email.py:270} INFO - Email alerting: attempt 1
[2025-06-24T19:34:54.168+0000] {taskinstance.py:826} ERROR - Failed to send email to: ['lrbf@cin.ufpe.br']
Traceback (most recent call last):
  File "/home/airflow/.local/lib/python3.10/site-packages/airflow/models/taskinstance.py", line 2334, in _run_raw_task
    self._execute_task_with_callbacks(context, test_mode, session=session)
  File "/home/airflow/.local/lib/python3.10/site-packages/airflow/models/taskinstance.py", line 2499, in _execute_task_with_callbacks
    result = self._execute_task(context, task_orig)
  File "/home/airflow/.local/lib/python3.10/site-packages/airflow/models/taskinstance.py", line 2516, in _execute_task
    return _execute_task(self, context, task_orig)
  File "/home/airflow/.local/lib/python3.10/site-packages/airflow/models/taskinstance.py", line 433, in _execute_task
    result = execute_callable(context=context, **execute_callable_kwargs)
  File "/home/airflow/.local/lib/python3.10/site-packages/airflow/providers/docker/operators/docker.py", line 502, in execute
    return self._run_image()
  File "/home/airflow/.local/lib/python3.10/site-packages/airflow/providers/docker/operators/docker.py", line 376, in _run_image
    return self._run_image_with_mounts(self.mounts, add_tmp_variable=False)
  File "/home/airflow/.local/lib/python3.10/site-packages/airflow/providers/docker/operators/docker.py", line 437, in _run_image_with_mounts
    raise DockerContainerFailedException(f"Docker container failed: {result!r}", logs=log_lines)
airflow.providers.docker.exceptions.DockerContainerFailedException: Docker container failed: {'StatusCode': 1}

During handling of the above exception, another exception occurred:

Traceback (most recent call last):
  File "/home/airflow/.local/lib/python3.10/site-packages/airflow/models/taskinstance.py", line 1000, in _email_alert
    send_email(task.email, subject, html_content)
  File "/home/airflow/.local/lib/python3.10/site-packages/airflow/utils/email.py", line 80, in send_email
    return backend(
  File "/home/airflow/.local/lib/python3.10/site-packages/airflow/utils/email.py", line 154, in send_email_smtp
    send_mime_email(e_from=mail_from, e_to=recipients, mime_msg=msg, conn_id=conn_id, dryrun=dryrun)
  File "/home/airflow/.local/lib/python3.10/site-packages/airflow/utils/email.py", line 272, in send_mime_email
    smtp_conn = _get_smtp_connection(smtp_host, smtp_port, smtp_timeout, smtp_ssl)
  File "/home/airflow/.local/lib/python3.10/site-packages/airflow/utils/email.py", line 316, in _get_smtp_connection
    return smtplib.SMTP(host=host, port=port, timeout=timeout)
  File "/usr/local/lib/python3.10/smtplib.py", line 255, in __init__
    (code, msg) = self.connect(host, port)
  File "/usr/local/lib/python3.10/smtplib.py", line 341, in connect
    self.sock = self._get_socket(host, port, self.timeout)
  File "/usr/local/lib/python3.10/smtplib.py", line 312, in _get_socket
    return socket.create_connection((host, port), timeout,
  File "/usr/local/lib/python3.10/socket.py", line 845, in create_connection
    raise err
  File "/usr/local/lib/python3.10/socket.py", line 833, in create_connection
    sock.connect(sa)
ConnectionRefusedError: [Errno 111] Connection refused

During handling of the above exception, another exception occurred:

Traceback (most recent call last):
  File "/home/airflow/.local/lib/python3.10/site-packages/airflow/models/taskinstance.py", line 824, in _handle_failure
    task_instance.email_alert(error, failure_context["task"])
  File "/home/airflow/.local/lib/python3.10/site-packages/airflow/models/taskinstance.py", line 2946, in email_alert
    _email_alert(task_instance=self, exception=exception, task=task)
  File "/home/airflow/.local/lib/python3.10/site-packages/airflow/models/taskinstance.py", line 1002, in _email_alert
    send_email(task.email, subject, html_content_err)
  File "/home/airflow/.local/lib/python3.10/site-packages/airflow/utils/email.py", line 80, in send_email
    return backend(
  File "/home/airflow/.local/lib/python3.10/site-packages/airflow/utils/email.py", line 154, in send_email_smtp
    send_mime_email(e_from=mail_from, e_to=recipients, mime_msg=msg, conn_id=conn_id, dryrun=dryrun)
  File "/home/airflow/.local/lib/python3.10/site-packages/airflow/utils/email.py", line 272, in send_mime_email
    smtp_conn = _get_smtp_connection(smtp_host, smtp_port, smtp_timeout, smtp_ssl)
  File "/home/airflow/.local/lib/python3.10/site-packages/airflow/utils/email.py", line 316, in _get_smtp_connection
    return smtplib.SMTP(host=host, port=port, timeout=timeout)
  File "/usr/local/lib/python3.10/smtplib.py", line 255, in __init__
    (code, msg) = self.connect(host, port)
  File "/usr/local/lib/python3.10/smtplib.py", line 341, in connect
    self.sock = self._get_socket(host, port, self.timeout)
  File "/usr/local/lib/python3.10/smtplib.py", line 312, in _get_socket
    return socket.create_connection((host, port), timeout,
  File "/usr/local/lib/python3.10/socket.py", line 845, in create_connection
    raise err
  File "/usr/local/lib/python3.10/socket.py", line 833, in create_connection
    sock.connect(sa)
ConnectionRefusedError: [Errno 111] Connection refused
[2025-06-24T19:34:54.196+0000] {standard_task_runner.py:107} ERROR - Failed to execute job 80 for task carregamento_postgres (Docker container failed: {'StatusCode': 1}; 248)
[2025-06-24T19:34:54.251+0000] {local_task_job_runner.py:234} INFO - Task exited with return code 1
[2025-06-24T19:34:54.292+0000] {taskinstance.py:3280} INFO - 0 downstream tasks scheduled from follow-on schedule check
