[2025-06-30T21:41:13.904+0000] {taskinstance.py:1956} INFO - Dependencies all met for dep_context=non-requeueable deps ti=<TaskInstance: northwind.carregamento_postgres manual__2025-06-30T21:40:11.196630+00:00 [queued]>
[2025-06-30T21:41:13.919+0000] {taskinstance.py:1956} INFO - Dependencies all met for dep_context=requeueable deps ti=<TaskInstance: northwind.carregamento_postgres manual__2025-06-30T21:40:11.196630+00:00 [queued]>
[2025-06-30T21:41:13.920+0000] {taskinstance.py:2170} INFO - Starting attempt 1 of 2
[2025-06-30T21:41:13.941+0000] {taskinstance.py:2191} INFO - Executing <Task(DockerOperator): carregamento_postgres> on 2025-06-30 21:40:11.196630+00:00
[2025-06-30T21:41:13.947+0000] {standard_task_runner.py:60} INFO - Started process 191 to run task
[2025-06-30T21:41:13.954+0000] {standard_task_runner.py:87} INFO - Running: ['***', 'tasks', 'run', 'northwind', 'carregamento_postgres', 'manual__2025-06-30T21:40:11.196630+00:00', '--job-id', '13', '--raw', '--subdir', 'DAGS_FOLDER/dag.py', '--cfg-path', '/tmp/tmphmlm3l8y']
[2025-06-30T21:41:13.959+0000] {standard_task_runner.py:88} INFO - Job 13: Subtask carregamento_postgres
[2025-06-30T21:41:14.031+0000] {task_command.py:423} INFO - Running <TaskInstance: northwind.carregamento_postgres manual__2025-06-30T21:40:11.196630+00:00 [running]> on host c85abd80cdc4
[2025-06-30T21:41:14.178+0000] {taskinstance.py:2480} INFO - Exporting env vars: AIRFLOW_CTX_DAG_EMAIL='lrbf@cin.ufpe.br' AIRFLOW_CTX_DAG_OWNER='***' AIRFLOW_CTX_DAG_ID='northwind' AIRFLOW_CTX_TASK_ID='carregamento_postgres' AIRFLOW_CTX_EXECUTION_DATE='2025-06-30T21:40:11.196630+00:00' AIRFLOW_CTX_TRY_NUM***ER='1' AIRFLOW_CTX_DAG_RUN_ID='manual__2025-06-30T21:40:11.196630+00:00'
[2025-06-30T21:41:14.279+0000] {docker.py:359} INFO - Starting docker container from image meltano:latest
[2025-06-30T21:41:14.864+0000] {docker.py:429} INFO - Running meltano install...
[2025-06-30T21:41:16.921+0000] {docker.py:429} INFO - [2m2025-06-30T21:41:16.920296Z[0m [[32m[1minfo     [0m] [1mInstalling 7 plugins          [0m
[2025-06-30T21:41:16.942+0000] {docker.py:429} INFO - [2m2025-06-30T21:41:16.941230Z[0m [[32m[1minfo     [0m] [1mInstalling extractor 'tap-postgres'[0m
[2025-06-30T21:41:16.969+0000] {docker.py:429} INFO - [2m2025-06-30T21:41:16.968790Z[0m [[32m[1minfo     [0m] [1mInstalling extractor 'tap-csv'[0m
[2025-06-30T21:41:17.006+0000] {docker.py:429} INFO - [2m2025-06-30T21:41:17.005210Z[0m [[32m[1minfo     [0m] [1mInstalling extractor 'tap-csv-latest'[0m
[2025-06-30T21:41:17.045+0000] {docker.py:429} INFO - [2m2025-06-30T21:41:17.044804Z[0m [[32m[1minfo     [0m] [1mInstalling loader 'target-postgres'[0m
[2025-06-30T21:41:17.080+0000] {docker.py:429} INFO - [2m2025-06-30T21:41:17.079693Z[0m [[32m[1minfo     [0m] [1mInstalling loader 'target-csv'[0m
[2025-06-30T21:41:17.119+0000] {docker.py:429} INFO - [2m2025-06-30T21:41:17.118310Z[0m [[32m[1minfo     [0m] [1mInstalling loader 'target-csv-postgres'[0m
[2025-06-30T21:41:17.154+0000] {docker.py:429} INFO - [2m2025-06-30T21:41:17.153085Z[0m [[32m[1minfo     [0m] [1mInstalling loader 'target-csv-csv'[0m
[2025-06-30T21:41:18.070+0000] {docker.py:429} INFO - [2m2025-06-30T21:41:18.067872Z[0m [[32m[1minfo     [0m] [1mInstalled extractor 'tap-postgres'[0m
[2025-06-30T21:41:18.075+0000] {docker.py:429} INFO - [2m2025-06-30T21:41:18.073919Z[0m [[32m[1minfo     [0m] [1mInstalled loader 'target-postgres'[0m
[2025-06-30T21:41:23.726+0000] {docker.py:429} INFO - [2m2025-06-30T21:41:23.725303Z[0m [[32m[1minfo     [0m] [1mInstalled extractor 'tap-csv' [0m
[2025-06-30T21:41:23.730+0000] {docker.py:429} INFO - [2m2025-06-30T21:41:23.729772Z[0m [[32m[1minfo     [0m] [1mInstalled extractor 'tap-csv-latest'[0m
[2025-06-30T21:41:25.869+0000] {docker.py:429} INFO - [2m2025-06-30T21:41:25.868387Z[0m [[32m[1minfo     [0m] [1mInstalled loader 'target-csv' [0m
[2025-06-30T21:41:25.871+0000] {docker.py:429} INFO - [2m2025-06-30T21:41:25.870581Z[0m [[32m[1minfo     [0m] [1mInstalled loader 'target-csv-postgres'[0m
[2025-06-30T21:41:25.873+0000] {docker.py:429} INFO - [2m2025-06-30T21:41:25.872092Z[0m [[32m[1minfo     [0m] [1mInstalled loader 'target-csv-csv'[0m
[2025-06-30T21:41:25.873+0000] {docker.py:429} INFO - [2m2025-06-30T21:41:25.872942Z[0m [[32m[1minfo     [0m] [1mInstalled 7/7 plugins         [0m
[2025-06-30T21:41:34.053+0000] {docker.py:429} INFO - Meltano install completed. Executing command: meltano el tap-csv-latest target-postgres
[2025-06-30T21:41:28.380+0000] {docker.py:429} INFO - [2m2025-06-30T21:41:28.379358Z[0m [[32m[1minfo     [0m] [1mEnvironment 'dev' is active   [0m
[2025-06-30T21:41:28.989+0000] {docker.py:429} INFO - [2m2025-06-30T21:41:28.987780Z[0m [[32m[1minfo     [0m] [1mRunning extract & load...     [0m [36mname[0m=[35mmeltano[0m [36mrun_id[0m=[35m04a0af89-c57e-4945-bd6f-e283f30e1288[0m [36mstate_id[0m=[35m2025-06-30T214128--tap-csv-latest--target-postgres[0m
[2025-06-30T21:41:30.326+0000] {docker.py:429} INFO - [2m2025-06-30T21:41:30.325012Z[0m [[32m[1minfo     [0m] [1mTraceback (most recent call last):[0m [36mcmd_type[0m=[35mextractor[0m [36mname[0m=[35mtap-csv-latest[0m [36mrun_id[0m=[35m04a0af89-c57e-4945-bd6f-e283f30e1288[0m [36mstate_id[0m=[35m2025-06-30T214128--tap-csv-latest--target-postgres[0m [36mstdio[0m=[35mstderr[0m
[2025-06-30T21:41:30.326+0000] {docker.py:429} INFO - [2m2025-06-30T21:41:30.325898Z[0m [[32m[1minfo     [0m] [1m  File "/opt/meltano/.meltano/extractors/tap-csv-latest/venv/bin/tap-csv", line 8, in <module>[0m [36mcmd_type[0m=[35mextractor[0m [36mname[0m=[35mtap-csv-latest[0m [36mrun_id[0m=[35m04a0af89-c57e-4945-bd6f-e283f30e1288[0m [36mstate_id[0m=[35m2025-06-30T214128--tap-csv-latest--target-postgres[0m [36mstdio[0m=[35mstderr[0m
[2025-06-30T21:41:30.327+0000] {docker.py:429} INFO - [2m2025-06-30T21:41:30.326311Z[0m [[32m[1minfo     [0m] [1m    sys.exit(TapCSV.cli())    [0m [36mcmd_type[0m=[35mextractor[0m [36mname[0m=[35mtap-csv-latest[0m [36mrun_id[0m=[35m04a0af89-c57e-4945-bd6f-e283f30e1288[0m [36mstate_id[0m=[35m2025-06-30T214128--tap-csv-latest--target-postgres[0m [36mstdio[0m=[35mstderr[0m
[2025-06-30T21:41:30.327+0000] {docker.py:429} INFO - [2m2025-06-30T21:41:30.326670Z[0m [[32m[1minfo     [0m] [1m  File "/opt/meltano/.meltano/extractors/tap-csv-latest/venv/lib/python3.9/site-packages/click/core.py", line 1161, in __call__[0m [36mcmd_type[0m=[35mextractor[0m [36mname[0m=[35mtap-csv-latest[0m [36mrun_id[0m=[35m04a0af89-c57e-4945-bd6f-e283f30e1288[0m [36mstate_id[0m=[35m2025-06-30T214128--tap-csv-latest--target-postgres[0m [36mstdio[0m=[35mstderr[0m
[2025-06-30T21:41:30.328+0000] {docker.py:429} INFO - [2m2025-06-30T21:41:30.327218Z[0m [[32m[1minfo     [0m] [1m    return self.main(*args, **kwargs)[0m [36mcmd_type[0m=[35mextractor[0m [36mname[0m=[35mtap-csv-latest[0m [36mrun_id[0m=[35m04a0af89-c57e-4945-bd6f-e283f30e1288[0m [36mstate_id[0m=[35m2025-06-30T214128--tap-csv-latest--target-postgres[0m [36mstdio[0m=[35mstderr[0m
[2025-06-30T21:41:30.328+0000] {docker.py:429} INFO - [2m2025-06-30T21:41:30.327618Z[0m [[32m[1minfo     [0m] [1m  File "/opt/meltano/.meltano/extractors/tap-csv-latest/venv/lib/python3.9/site-packages/click/core.py", line 1082, in main[0m [36mcmd_type[0m=[35mextractor[0m [36mname[0m=[35mtap-csv-latest[0m [36mrun_id[0m=[35m04a0af89-c57e-4945-bd6f-e283f30e1288[0m [36mstate_id[0m=[35m2025-06-30T214128--tap-csv-latest--target-postgres[0m [36mstdio[0m=[35mstderr[0m
[2025-06-30T21:41:30.328+0000] {docker.py:429} INFO - [2m2025-06-30T21:41:30.328038Z[0m [[32m[1minfo     [0m] [1m    rv = self.invoke(ctx)     [0m [36mcmd_type[0m=[35mextractor[0m [36mname[0m=[35mtap-csv-latest[0m [36mrun_id[0m=[35m04a0af89-c57e-4945-bd6f-e283f30e1288[0m [36mstate_id[0m=[35m2025-06-30T214128--tap-csv-latest--target-postgres[0m [36mstdio[0m=[35mstderr[0m
[2025-06-30T21:41:30.329+0000] {docker.py:429} INFO - [2m2025-06-30T21:41:30.328401Z[0m [[32m[1minfo     [0m] [1m  File "/opt/meltano/.meltano/extractors/tap-csv-latest/venv/lib/python3.9/site-packages/singer_sdk/plugin_base.py", line 93, in invoke[0m [36mcmd_type[0m=[35mextractor[0m [36mname[0m=[35mtap-csv-latest[0m [36mrun_id[0m=[35m04a0af89-c57e-4945-bd6f-e283f30e1288[0m [36mstate_id[0m=[35m2025-06-30T214128--tap-csv-latest--target-postgres[0m [36mstdio[0m=[35mstderr[0m
[2025-06-30T21:41:30.329+0000] {docker.py:429} INFO - [2m2025-06-30T21:41:30.328741Z[0m [[32m[1minfo     [0m] [1m    return super().invoke(ctx)[0m [36mcmd_type[0m=[35mextractor[0m [36mname[0m=[35mtap-csv-latest[0m [36mrun_id[0m=[35m04a0af89-c57e-4945-bd6f-e283f30e1288[0m [36mstate_id[0m=[35m2025-06-30T214128--tap-csv-latest--target-postgres[0m [36mstdio[0m=[35mstderr[0m
[2025-06-30T21:41:30.329+0000] {docker.py:429} INFO - [2m2025-06-30T21:41:30.329073Z[0m [[32m[1minfo     [0m] [1m  File "/opt/meltano/.meltano/extractors/tap-csv-latest/venv/lib/python3.9/site-packages/click/core.py", line 1443, in invoke[0m [36mcmd_type[0m=[35mextractor[0m [36mname[0m=[35mtap-csv-latest[0m [36mrun_id[0m=[35m04a0af89-c57e-4945-bd6f-e283f30e1288[0m [36mstate_id[0m=[35m2025-06-30T214128--tap-csv-latest--target-postgres[0m [36mstdio[0m=[35mstderr[0m
[2025-06-30T21:41:30.330+0000] {docker.py:429} INFO - [2m2025-06-30T21:41:30.329584Z[0m [[32m[1minfo     [0m] [1m    return ctx.invoke(self.callback, **ctx.params)[0m [36mcmd_type[0m=[35mextractor[0m [36mname[0m=[35mtap-csv-latest[0m [36mrun_id[0m=[35m04a0af89-c57e-4945-bd6f-e283f30e1288[0m [36mstate_id[0m=[35m2025-06-30T214128--tap-csv-latest--target-postgres[0m [36mstdio[0m=[35mstderr[0m
[2025-06-30T21:41:30.330+0000] {docker.py:429} INFO - [2m2025-06-30T21:41:30.329937Z[0m [[32m[1minfo     [0m] [1m  File "/opt/meltano/.meltano/extractors/tap-csv-latest/venv/lib/python3.9/site-packages/click/core.py", line 788, in invoke[0m [36mcmd_type[0m=[35mextractor[0m [36mname[0m=[35mtap-csv-latest[0m [36mrun_id[0m=[35m04a0af89-c57e-4945-bd6f-e283f30e1288[0m [36mstate_id[0m=[35m2025-06-30T214128--tap-csv-latest--target-postgres[0m [36mstdio[0m=[35mstderr[0m
[2025-06-30T21:41:30.330+0000] {docker.py:429} INFO - [2m2025-06-30T21:41:30.330382Z[0m [[32m[1minfo     [0m] [1m    return __callback(*args, **kwargs)[0m [36mcmd_type[0m=[35mextractor[0m [36mname[0m=[35mtap-csv-latest[0m [36mrun_id[0m=[35m04a0af89-c57e-4945-bd6f-e283f30e1288[0m [36mstate_id[0m=[35m2025-06-30T214128--tap-csv-latest--target-postgres[0m [36mstdio[0m=[35mstderr[0m
[2025-06-30T21:41:30.331+0000] {docker.py:429} INFO - [2m2025-06-30T21:41:30.330718Z[0m [[32m[1minfo     [0m] [1m  File "/opt/meltano/.meltano/extractors/tap-csv-latest/venv/lib/python3.9/site-packages/singer_sdk/tap_base.py", line 516, in invoke[0m [36mcmd_type[0m=[35mextractor[0m [36mname[0m=[35mtap-csv-latest[0m [36mrun_id[0m=[35m04a0af89-c57e-4945-bd6f-e283f30e1288[0m [36mstate_id[0m=[35m2025-06-30T214128--tap-csv-latest--target-postgres[0m [36mstdio[0m=[35mstderr[0m
[2025-06-30T21:41:30.331+0000] {docker.py:429} INFO - [2m2025-06-30T21:41:30.331143Z[0m [[32m[1minfo     [0m] [1m    tap = cls(                [0m [36mcmd_type[0m=[35mextractor[0m [36mname[0m=[35mtap-csv-latest[0m [36mrun_id[0m=[35m04a0af89-c57e-4945-bd6f-e283f30e1288[0m [36mstate_id[0m=[35m2025-06-30T214128--tap-csv-latest--target-postgres[0m [36mstdio[0m=[35mstderr[0m
[2025-06-30T21:41:30.332+0000] {docker.py:429} INFO - [2m2025-06-30T21:41:30.331494Z[0m [[32m[1minfo     [0m] [1m  File "/opt/meltano/.meltano/extractors/tap-csv-latest/venv/lib/python3.9/site-packages/singer_sdk/tap_base.py", line 118, in __init__[0m [36mcmd_type[0m=[35mextractor[0m [36mname[0m=[35mtap-csv-latest[0m [36mrun_id[0m=[35m04a0af89-c57e-4945-bd6f-e283f30e1288[0m [36mstate_id[0m=[35m2025-06-30T214128--tap-csv-latest--target-postgres[0m [36mstdio[0m=[35mstderr[0m
[2025-06-30T21:41:30.332+0000] {docker.py:429} INFO - [2m2025-06-30T21:41:30.331954Z[0m [[32m[1minfo     [0m] [1m    self.setup_mapper()       [0m [36mcmd_type[0m=[35mextractor[0m [36mname[0m=[35mtap-csv-latest[0m [36mrun_id[0m=[35m04a0af89-c57e-4945-bd6f-e283f30e1288[0m [36mstate_id[0m=[35m2025-06-30T214128--tap-csv-latest--target-postgres[0m [36mstdio[0m=[35mstderr[0m
[2m2025-06-30T21:41:30.332356Z[0m [[32m[1minfo     [0m] [1m  File "/opt/meltano/.meltano/extractors/tap-csv-latest/venv/lib/python3.9/site-packages/singer_sdk/tap_base.py", line 194, in setup_mapper[0m [36mcmd_type[0m=[35mextractor[0m [36mname[0m=[35mtap-csv-latest[0m [36mrun_id[0m=[35m04a0af89-c57e-4945-bd6f-e283f30e1288[0m [36mstate_id[0m=[35m2025-06-30T214128--tap-csv-latest--target-postgres[0m [36mstdio[0m=[35mstderr[0m
[2025-06-30T21:41:30.334+0000] {docker.py:429} INFO - [2m2025-06-30T21:41:30.332653Z[0m [[32m[1minfo     [0m] [1m    self.mapper.register_raw_streams_from_catalog(self.catalog)[0m [36mcmd_type[0m=[35mextractor[0m [36mname[0m=[35mtap-csv-latest[0m [36mrun_id[0m=[35m04a0af89-c57e-4945-bd6f-e283f30e1288[0m [36mstate_id[0m=[35m2025-06-30T214128--tap-csv-latest--target-postgres[0m [36mstdio[0m=[35mstderr[0m
[2025-06-30T21:41:30.334+0000] {docker.py:429} INFO - [2m2025-06-30T21:41:30.333044Z[0m [[32m[1minfo     [0m] [1m  File "/opt/meltano/.meltano/extractors/tap-csv-latest/venv/lib/python3.9/site-packages/singer_sdk/tap_base.py", line 187, in catalog[0m [36mcmd_type[0m=[35mextractor[0m [36mname[0m=[35mtap-csv-latest[0m [36mrun_id[0m=[35m04a0af89-c57e-4945-bd6f-e283f30e1288[0m [36mstate_id[0m=[35m2025-06-30T214128--tap-csv-latest--target-postgres[0m [36mstdio[0m=[35mstderr[0m
[2025-06-30T21:41:30.334+0000] {docker.py:429} INFO - [2m2025-06-30T21:41:30.333864Z[0m [[32m[1minfo     [0m] [1m    self._catalog = self.input_catalog or self._singer_catalog[0m [36mcmd_type[0m=[35mextractor[0m [36mname[0m=[35mtap-csv-latest[0m [36mrun_id[0m=[35m04a0af89-c57e-4945-bd6f-e283f30e1288[0m [36mstate_id[0m=[35m2025-06-30T214128--tap-csv-latest--target-postgres[0m [36mstdio[0m=[35mstderr[0m
[2025-06-30T21:41:30.335+0000] {docker.py:429} INFO - [2m2025-06-30T21:41:30.334194Z[0m [[32m[1minfo     [0m] [1m  File "/opt/meltano/.meltano/extractors/tap-csv-latest/venv/lib/python3.9/site-packages/singer_sdk/tap_base.py", line 340, in _singer_catalog[0m [36mcmd_type[0m=[35mextractor[0m [36mname[0m=[35mtap-csv-latest[0m [36mrun_id[0m=[35m04a0af89-c57e-4945-bd6f-e283f30e1288[0m [36mstate_id[0m=[35m2025-06-30T214128--tap-csv-latest--target-postgres[0m [36mstdio[0m=[35mstderr[0m
[2025-06-30T21:41:30.335+0000] {docker.py:429} INFO - [2m2025-06-30T21:41:30.334448Z[0m [[32m[1minfo     [0m] [1m    for stream in self.streams.values()[0m [36mcmd_type[0m=[35mextractor[0m [36mname[0m=[35mtap-csv-latest[0m [36mrun_id[0m=[35m04a0af89-c57e-4945-bd6f-e283f30e1288[0m [36mstate_id[0m=[35m2025-06-30T214128--tap-csv-latest--target-postgres[0m [36mstdio[0m=[35mstderr[0m
[2025-06-30T21:41:30.335+0000] {docker.py:429} INFO - [2m2025-06-30T21:41:30.334735Z[0m [[32m[1minfo     [0m] [1m  File "/opt/meltano/.meltano/extractors/tap-csv-latest/venv/lib/python3.9/site-packages/singer_sdk/tap_base.py", line 149, in streams[0m [36mcmd_type[0m=[35mextractor[0m [36mname[0m=[35mtap-csv-latest[0m [36mrun_id[0m=[35m04a0af89-c57e-4945-bd6f-e283f30e1288[0m [36mstate_id[0m=[35m2025-06-30T214128--tap-csv-latest--target-postgres[0m [36mstdio[0m=[35mstderr[0m
[2025-06-30T21:41:30.335+0000] {docker.py:429} INFO - [2m2025-06-30T21:41:30.335060Z[0m [[32m[1minfo     [0m] [1m    for stream in self.load_streams():[0m [36mcmd_type[0m=[35mextractor[0m [36mname[0m=[35mtap-csv-latest[0m [36mrun_id[0m=[35m04a0af89-c57e-4945-bd6f-e283f30e1288[0m [36mstate_id[0m=[35m2025-06-30T214128--tap-csv-latest--target-postgres[0m [36mstdio[0m=[35mstderr[0m
[2025-06-30T21:41:30.336+0000] {docker.py:429} INFO - [2m2025-06-30T21:41:30.335362Z[0m [[32m[1minfo     [0m] [1m  File "/opt/meltano/.meltano/extractors/tap-csv-latest/venv/lib/python3.9/site-packages/singer_sdk/tap_base.py", line 373, in load_streams[0m [36mcmd_type[0m=[35mextractor[0m [36mname[0m=[35mtap-csv-latest[0m [36mrun_id[0m=[35m04a0af89-c57e-4945-bd6f-e283f30e1288[0m [36mstate_id[0m=[35m2025-06-30T214128--tap-csv-latest--target-postgres[0m [36mstdio[0m=[35mstderr[0m
[2025-06-30T21:41:30.336+0000] {docker.py:429} INFO - [2m2025-06-30T21:41:30.335760Z[0m [[32m[1minfo     [0m] [1m    for stream in self.discover_streams():[0m [36mcmd_type[0m=[35mextractor[0m [36mname[0m=[35mtap-csv-latest[0m [36mrun_id[0m=[35m04a0af89-c57e-4945-bd6f-e283f30e1288[0m [36mstate_id[0m=[35m2025-06-30T214128--tap-csv-latest--target-postgres[0m [36mstdio[0m=[35mstderr[0m
[2025-06-30T21:41:30.336+0000] {docker.py:429} INFO - [2m2025-06-30T21:41:30.336083Z[0m [[32m[1minfo     [0m] [1m  File "/opt/meltano/.meltano/extractors/tap-csv-latest/venv/lib/python3.9/site-packages/tap_csv/tap.py", line 89, in discover_streams[0m [36mcmd_type[0m=[35mextractor[0m [36mname[0m=[35mtap-csv-latest[0m [36mrun_id[0m=[35m04a0af89-c57e-4945-bd6f-e283f30e1288[0m [36mstate_id[0m=[35m2025-06-30T214128--tap-csv-latest--target-postgres[0m [36mstdio[0m=[35mstderr[0m
[2025-06-30T21:41:30.337+0000] {docker.py:429} INFO - [2m2025-06-30T21:41:30.336349Z[0m [[32m[1minfo     [0m] [1m    return [                  [0m [36mcmd_type[0m=[35mextractor[0m [36mname[0m=[35mtap-csv-latest[0m [36mrun_id[0m=[35m04a0af89-c57e-4945-bd6f-e283f30e1288[0m [36mstate_id[0m=[35m2025-06-30T214128--tap-csv-latest--target-postgres[0m [36mstdio[0m=[35mstderr[0m
[2025-06-30T21:41:30.337+0000] {docker.py:429} INFO - [2m2025-06-30T21:41:30.336634Z[0m [[32m[1minfo     [0m] [1m  File "/opt/meltano/.meltano/extractors/tap-csv-latest/venv/lib/python3.9/site-packages/tap_csv/tap.py", line 92, in <listcomp>[0m [36mcmd_type[0m=[35mextractor[0m [36mname[0m=[35mtap-csv-latest[0m [36mrun_id[0m=[35m04a0af89-c57e-4945-bd6f-e283f30e1288[0m [36mstate_id[0m=[35m2025-06-30T214128--tap-csv-latest--target-postgres[0m [36mstdio[0m=[35mstderr[0m
[2025-06-30T21:41:30.338+0000] {docker.py:429} INFO - [2m2025-06-30T21:41:30.336917Z[0m [[32m[1minfo     [0m] [1m    name=file_config.get("entity"),[0m [36mcmd_type[0m=[35mextractor[0m [36mname[0m=[35mtap-csv-latest[0m [36mrun_id[0m=[35m04a0af89-c57e-4945-bd6f-e283f30e1288[0m [36mstate_id[0m=[35m2025-06-30T214128--tap-csv-latest--target-postgres[0m [36mstdio[0m=[35mstderr[0m
[2025-06-30T21:41:30.338+0000] {docker.py:429} INFO - [2m2025-06-30T21:41:30.337178Z[0m [[32m[1minfo     [0m] [1mAttributeError: 'str' object has no attribute 'get'[0m [36mcmd_type[0m=[35mextractor[0m [36mname[0m=[35mtap-csv-latest[0m [36mrun_id[0m=[35m04a0af89-c57e-4945-bd6f-e283f30e1288[0m [36mstate_id[0m=[35m2025-06-30T214128--tap-csv-latest--target-postgres[0m [36mstdio[0m=[35mstderr[0m
[2025-06-30T21:41:30.597+0000] {docker.py:429} INFO - [2m2025-06-30T21:41:30.595828Z[0m [[32m[1minfo     [0m] [1mtarget-postgres v0.4.3, Meltano SDK v0.47.4[0m [36mcmd_type[0m=[35mloader[0m [36mname[0m=[35mtarget-postgres[0m [36mrun_id[0m=[35m04a0af89-c57e-4945-bd6f-e283f30e1288[0m [36mstate_id[0m=[35m2025-06-30T214128--tap-csv-latest--target-postgres[0m [36mstdio[0m=[35mstderr[0m
[2025-06-30T21:41:30.599+0000] {docker.py:429} INFO - [2m2025-06-30T21:41:30.598139Z[0m [[32m[1minfo     [0m] [1m/opt/meltano/.meltano/loaders/target-postgres/venv/lib/python3.9/site-packages/singer_sdk/plugin_base.py:715: SingerSDKDeprecationWarning: Passing a list of config file paths is deprecated. Please pass the config as a dictionary instead.[0m [36mcmd_type[0m=[35mloader[0m [36mname[0m=[35mtarget-postgres[0m [36mrun_id[0m=[35m04a0af89-c57e-4945-bd6f-e283f30e1288[0m [36mstate_id[0m=[35m2025-06-30T214128--tap-csv-latest--target-postgres[0m [36mstdio[0m=[35mstderr[0m
[2025-06-30T21:41:30.600+0000] {docker.py:429} INFO - [2m2025-06-30T21:41:30.599005Z[0m [[32m[1minfo     [0m] [1m  super().__init__(           [0m [36mcmd_type[0m=[35mloader[0m [36mname[0m=[35mtarget-postgres[0m [36mrun_id[0m=[35m04a0af89-c57e-4945-bd6f-e283f30e1288[0m [36mstate_id[0m=[35m2025-06-30T214128--tap-csv-latest--target-postgres[0m [36mstdio[0m=[35mstderr[0m
[2025-06-30T21:41:30.600+0000] {docker.py:429} INFO - [2m2025-06-30T21:41:30.599715Z[0m [[32m[1minfo     [0m] [1m                              [0m [36mcmd_type[0m=[35mloader[0m [36mname[0m=[35mtarget-postgres[0m [36mrun_id[0m=[35m04a0af89-c57e-4945-bd6f-e283f30e1288[0m [36mstate_id[0m=[35m2025-06-30T214128--tap-csv-latest--target-postgres[0m [36mstdio[0m=[35mstderr[0m
[2025-06-30T21:41:30.601+0000] {docker.py:429} INFO - [2m2025-06-30T21:41:30.600457Z[0m [[32m[1minfo     [0m] [1mSkipping parse of env var settings...[0m [36mcmd_type[0m=[35mloader[0m [36mname[0m=[35mtarget-postgres[0m [36mrun_id[0m=[35m04a0af89-c57e-4945-bd6f-e283f30e1288[0m [36mstate_id[0m=[35m2025-06-30T214128--tap-csv-latest--target-postgres[0m [36mstdio[0m=[35mstderr[0m
[2025-06-30T21:41:30.602+0000] {docker.py:429} INFO - [2m2025-06-30T21:41:30.601245Z[0m [[32m[1minfo     [0m] [1mThe `dialect+driver` configuration option is deprecated. Please set it to `postgresql+psycopg`, as this will be the hard-coded value in the future.[0m [36mcmd_type[0m=[35mloader[0m [36mname[0m=[35mtarget-postgres[0m [36mrun_id[0m=[35m04a0af89-c57e-4945-bd6f-e283f30e1288[0m [36mstate_id[0m=[35m2025-06-30T214128--tap-csv-latest--target-postgres[0m [36mstdio[0m=[35mstderr[0m
[2025-06-30T21:41:30.602+0000] {docker.py:429} INFO - [2m2025-06-30T21:41:30.601849Z[0m [[32m[1minfo     [0m] [1mReader 'target-postgres' completed processing 0 lines of input (0 schemas, 0 records, 0 batch manifests, 0 state messages, 0 activate version messages).[0m [36mcmd_type[0m=[35mloader[0m [36mname[0m=[35mtarget-postgres[0m [36mrun_id[0m=[35m04a0af89-c57e-4945-bd6f-e283f30e1288[0m [36mstate_id[0m=[35m2025-06-30T214128--tap-csv-latest--target-postgres[0m [36mstdio[0m=[35mstderr[0m
[2025-06-30T21:41:30.766+0000] {docker.py:429} INFO - [2m2025-06-30T21:41:30.764949Z[0m [[31m[1merror    [0m] [1mExtraction failed             [0m [36mcode[0m=[35m1[0m [36mmessage[0m=[35m"AttributeError: 'str' object has no attribute 'get'"[0m [36mname[0m=[35mmeltano[0m [36mrun_id[0m=[35m04a0af89-c57e-4945-bd6f-e283f30e1288[0m [36mstate_id[0m=[35m2025-06-30T214128--tap-csv-latest--target-postgres[0m
[2025-06-30T21:41:30.767+0000] {docker.py:429} INFO - [2m2025-06-30T21:41:30.766178Z[0m [[32m[1minfo     [0m] [1mELT could not be completed: Extractor failed.[0m [36mcmd_type[0m=[35melt[0m [36mname[0m=[35mmeltano[0m [36mrun_id[0m=[35m04a0af89-c57e-4945-bd6f-e283f30e1288[0m [36mstate_id[0m=[35m2025-06-30T214128--tap-csv-latest--target-postgres[0m [36mstdio[0m=[35mstderr[0m
[2025-06-30T21:41:30.767+0000] {docker.py:429} INFO - [2m2025-06-30T21:41:30.766912Z[0m [[32m[1minfo     [0m] [1mFor more detailed log messages re-run the command using 'meltano --log-level=debug ...' CLI flag.[0m [36mcmd_type[0m=[35melt[0m [36mname[0m=[35mmeltano[0m [36mrun_id[0m=[35m04a0af89-c57e-4945-bd6f-e283f30e1288[0m [36mstate_id[0m=[35m2025-06-30T214128--tap-csv-latest--target-postgres[0m [36mstdio[0m=[35mstderr[0m
[2025-06-30T21:41:30.768+0000] {docker.py:429} INFO - [2m2025-06-30T21:41:30.767436Z[0m [[32m[1minfo     [0m] [1mNote that you can also check the generated log file at '/opt/meltano/.meltano/logs/elt/2025-06-30T214128--tap-csv-latest--target-postgres/04a0af89-c57e-4945-bd6f-e283f30e1288/elt.log'.[0m [36mcmd_type[0m=[35melt[0m [36mname[0m=[35mmeltano[0m [36mrun_id[0m=[35m04a0af89-c57e-4945-bd6f-e283f30e1288[0m [36mstate_id[0m=[35m2025-06-30T214128--tap-csv-latest--target-postgres[0m [36mstdio[0m=[35mstderr[0m
[2025-06-30T21:41:30.768+0000] {docker.py:429} INFO - [2m2025-06-30T21:41:30.767927Z[0m [[32m[1minfo     [0m] [1mFor more information on debugging and logging: https://docs.meltano.com/reference/command-line-interface#debugging[0m [36mcmd_type[0m=[35melt[0m [36mname[0m=[35mmeltano[0m [36mrun_id[0m=[35m04a0af89-c57e-4945-bd6f-e283f30e1288[0m [36mstate_id[0m=[35m2025-06-30T214128--tap-csv-latest--target-postgres[0m [36mstdio[0m=[35mstderr[0m
[2025-06-30T21:41:30.788+0000] {docker.py:429} INFO - Need help fixing this problem? Visit http://melta.no/ for troubleshooting steps, or to
join our friendly Slack community.

ELT could not be completed: Extractor failed.
For more detailed log messages re-run the command using 'meltano --log-level=debug ...' CLI flag.
Note that you can also check the generated log file at '/opt/meltano/.meltano/logs/elt/2025-06-30T214128--tap-csv-latest--target-postgres/04a0af89-c57e-4945-bd6f-e283f30e1288/elt.log'.
For more information on debugging and logging: https://docs.meltano.com/reference/command-line-interface#debugging
[2025-06-30T21:41:32.227+0000] {taskinstance.py:2698} ERROR - Task failed with exception
Traceback (most recent call last):
  File "/home/airflow/.local/lib/python3.10/site-packages/airflow/models/taskinstance.py", line 433, in _execute_task
    result = execute_callable(context=context, **execute_callable_kwargs)
  File "/home/airflow/.local/lib/python3.10/site-packages/airflow/providers/docker/operators/docker.py", line 502, in execute
    return self._run_image()
  File "/home/airflow/.local/lib/python3.10/site-packages/airflow/providers/docker/operators/docker.py", line 376, in _run_image
    return self._run_image_with_mounts(self.mounts, add_tmp_variable=False)
  File "/home/airflow/.local/lib/python3.10/site-packages/airflow/providers/docker/operators/docker.py", line 437, in _run_image_with_mounts
    raise DockerContainerFailedException(f"Docker container failed: {result!r}", logs=log_lines)
airflow.providers.docker.exceptions.DockerContainerFailedException: Docker container failed: {'StatusCode': 1}
[2025-06-30T21:41:32.236+0000] {taskinstance.py:1138} INFO - Marking task as UP_FOR_RETRY. dag_id=northwind, task_id=carregamento_postgres, execution_date=20250630T214011, start_date=20250630T214113, end_date=20250630T214132
[2025-06-30T21:41:32.260+0000] {standard_task_runner.py:107} ERROR - Failed to execute job 13 for task carregamento_postgres (Docker container failed: {'StatusCode': 1}; 191)
[2025-06-30T21:41:39.039+0000] {local_task_job_runner.py:234} INFO - Task exited with return code 1
[2025-06-30T21:41:39.064+0000] {taskinstance.py:3280} INFO - 0 downstream tasks scheduled from follow-on schedule check
