[2025-07-07T20:11:28.968+0000] {taskinstance.py:1956} INFO - Dependencies all met for dep_context=non-requeueable deps ti=<TaskInstance: northwind.extração_csv manual__2025-07-07T20:10:36.921622+00:00 [queued]>
[2025-07-07T20:11:28.983+0000] {taskinstance.py:1956} INFO - Dependencies all met for dep_context=requeueable deps ti=<TaskInstance: northwind.extração_csv manual__2025-07-07T20:10:36.921622+00:00 [queued]>
[2025-07-07T20:11:28.983+0000] {taskinstance.py:2170} INFO - Starting attempt 1 of 2
[2025-07-07T20:11:29.002+0000] {taskinstance.py:2191} INFO - Executing <Task(DockerOperator): extração_csv> on 2025-07-07 20:10:36.921622+00:00
[2025-07-07T20:11:29.007+0000] {standard_task_runner.py:60} INFO - Started process 187 to run task
[2025-07-07T20:11:29.011+0000] {standard_task_runner.py:87} INFO - Running: ['***', 'tasks', 'run', 'northwind', 'extração_csv', 'manual__2025-07-07T20:10:36.921622+00:00', '--job-id', '21', '--raw', '--subdir', 'DAGS_FOLDER/northwind.py', '--cfg-path', '/tmp/tmp24x6lm6k']
[2025-07-07T20:11:29.013+0000] {standard_task_runner.py:88} INFO - Job 21: Subtask extração_csv
[2025-07-07T20:11:29.073+0000] {task_command.py:423} INFO - Running <TaskInstance: northwind.extração_csv manual__2025-07-07T20:10:36.921622+00:00 [running]> on host f4a43ea430c1
[2025-07-07T20:11:29.177+0000] {taskinstance.py:2480} INFO - Exporting env vars: AIRFLOW_CTX_DAG_EMAIL='lrbf@cin.ufpe.br' AIRFLOW_CTX_DAG_OWNER='***' AIRFLOW_CTX_DAG_ID='northwind' AIRFLOW_CTX_TASK_ID='extração_csv' AIRFLOW_CTX_EXECUTION_DATE='2025-07-07T20:10:36.921622+00:00' AIRFLOW_CTX_TRY_NUMBER='1' AIRFLOW_CTX_DAG_RUN_ID='manual__2025-07-07T20:10:36.921622+00:00'
[2025-07-07T20:11:29.266+0000] {docker.py:359} INFO - Starting docker container from image meltano:latest
[2025-07-07T20:11:29.745+0000] {docker.py:429} INFO - Running meltano install...
[2025-07-07T20:11:32.137+0000] {docker.py:429} INFO - [2m2025-07-07T20:11:32.136755Z[0m [[32m[1minfo     [0m] [1mInstalling 7 plugins          [0m
[2025-07-07T20:11:32.150+0000] {docker.py:429} INFO - [2m2025-07-07T20:11:32.150131Z[0m [[32m[1minfo     [0m] [1mInstalling extractor 'tap-postgres'[0m
[2025-07-07T20:11:32.177+0000] {docker.py:429} INFO - [2m2025-07-07T20:11:32.176181Z[0m [[32m[1minfo     [0m] [1mInstalling extractor 'tap-csv'[0m
[2025-07-07T20:11:32.211+0000] {docker.py:429} INFO - [2m2025-07-07T20:11:32.209737Z[0m [[32m[1minfo     [0m] [1mInstalling extractor 'tap-csv-latest'[0m
[2025-07-07T20:11:32.252+0000] {docker.py:429} INFO - [2m2025-07-07T20:11:32.250972Z[0m [[32m[1minfo     [0m] [1mInstalling loader 'target-postgres'[0m
[2025-07-07T20:11:32.300+0000] {docker.py:429} INFO - [2m2025-07-07T20:11:32.299145Z[0m [[32m[1minfo     [0m] [1mInstalling loader 'target-csv'[0m
[2025-07-07T20:11:32.367+0000] {docker.py:429} INFO - [2m2025-07-07T20:11:32.365867Z[0m [[32m[1minfo     [0m] [1mInstalling loader 'target-csv-postgres'[0m
[2025-07-07T20:11:32.434+0000] {docker.py:429} INFO - [2m2025-07-07T20:11:32.433017Z[0m [[32m[1minfo     [0m] [1mInstalling loader 'target-csv-csv'[0m
[2025-07-07T20:11:35.222+0000] {docker.py:429} INFO - [2m2025-07-07T20:11:35.220663Z[0m [[32m[1minfo     [0m] [1mInstalled extractor 'tap-postgres'[0m
[2025-07-07T20:11:35.440+0000] {docker.py:429} INFO - [2m2025-07-07T20:11:35.438878Z[0m [[32m[1minfo     [0m] [1mInstalled loader 'target-postgres'[0m
[2025-07-07T20:11:42.103+0000] {docker.py:429} INFO - [2m2025-07-07T20:11:42.102788Z[0m [[32m[1minfo     [0m] [1mInstalled extractor 'tap-csv' [0m
[2025-07-07T20:11:42.106+0000] {docker.py:429} INFO - [2m2025-07-07T20:11:42.105586Z[0m [[32m[1minfo     [0m] [1mInstalled extractor 'tap-csv-latest'[0m
[2025-07-07T20:11:43.108+0000] {docker.py:429} INFO - [2m2025-07-07T20:11:43.107092Z[0m [[32m[1minfo     [0m] [1mInstalled loader 'target-csv' [0m
[2025-07-07T20:11:43.533+0000] {docker.py:429} INFO - [2m2025-07-07T20:11:43.533094Z[0m [[32m[1minfo     [0m] [1mInstalled loader 'target-csv-csv'[0m
[2025-07-07T20:11:43.673+0000] {docker.py:429} INFO - [2m2025-07-07T20:11:43.671712Z[0m [[32m[1minfo     [0m] [1mInstalled loader 'target-csv-postgres'[0m
[2025-07-07T20:11:43.673+0000] {docker.py:429} INFO - [2m2025-07-07T20:11:43.672345Z[0m [[32m[1minfo     [0m] [1mInstalled 7/7 plugins         [0m
[2025-07-07T20:11:45.159+0000] {docker.py:429} INFO - Meltano install completed. Executing command: meltano el tap-csv target-csv-csv
[2025-07-07T20:11:47.797+0000] {docker.py:429} INFO - [2m2025-07-07T20:11:47.796558Z[0m [[32m[1minfo     [0m] [1mEnvironment 'dev' is active   [0m
[2025-07-07T20:11:47.056+0000] {docker.py:429} INFO - [2m2025-07-07T20:11:47.054619Z[0m [[32m[1minfo     [0m] [1mRunning extract & load...     [0m [36mname[0m=[35mmeltano[0m [36mrun_id[0m=[35m74b6d7c3-0241-47ac-81c8-d55be94fdb4e[0m [36mstate_id[0m=[35m2025-07-07T201148--tap-csv--target-csv-csv[0m
[2025-07-07T20:11:49.456+0000] {docker.py:429} INFO - [2m2025-07-07T20:11:49.455711Z[0m [[32m[1minfo     [0m] [1mINFO Sending version information to singer.io. To disable sending anonymous usage data, set the config parameter "disable_collection" to true[0m [36mcmd_type[0m=[35mloader[0m [36mname[0m=[35mtarget-csv-csv[0m [36mrun_id[0m=[35m74b6d7c3-0241-47ac-81c8-d55be94fdb4e[0m [36mstate_id[0m=[35m2025-07-07T201148--tap-csv--target-csv-csv[0m [36mstdio[0m=[35mstderr[0m
[2025-07-07T20:11:49.888+0000] {docker.py:429} INFO - [2m2025-07-07T20:11:49.886443Z[0m [[32m[1minfo     [0m] [1m/opt/meltano/.meltano/extractors/tap-csv/venv/lib/python3.9/site-packages/singer_sdk/tap_base.py:516: SingerSDKDeprecationWarning: Passing a catalog file path is deprecated. Please pass the catalog as a dictionary or Catalog object instead.[0m [36mcmd_type[0m=[35mextractor[0m [36mname[0m=[35mtap-csv[0m [36mrun_id[0m=[35m74b6d7c3-0241-47ac-81c8-d55be94fdb4e[0m [36mstate_id[0m=[35m2025-07-07T201148--tap-csv--target-csv-csv[0m [36mstdio[0m=[35mstderr[0m
[2025-07-07T20:11:49.889+0000] {docker.py:429} INFO - [2m2025-07-07T20:11:49.887608Z[0m [[32m[1minfo     [0m] [1m  tap = cls(                  [0m [36mcmd_type[0m=[35mextractor[0m [36mname[0m=[35mtap-csv[0m [36mrun_id[0m=[35m74b6d7c3-0241-47ac-81c8-d55be94fdb4e[0m [36mstate_id[0m=[35m2025-07-07T201148--tap-csv--target-csv-csv[0m [36mstdio[0m=[35mstderr[0m
[2025-07-07T20:11:49.890+0000] {docker.py:429} INFO - [2m2025-07-07T20:11:49.888417Z[0m [[32m[1minfo     [0m] [1m                              [0m [36mcmd_type[0m=[35mextractor[0m [36mname[0m=[35mtap-csv[0m [36mrun_id[0m=[35m74b6d7c3-0241-47ac-81c8-d55be94fdb4e[0m [36mstate_id[0m=[35m2025-07-07T201148--tap-csv--target-csv-csv[0m [36mstdio[0m=[35mstderr[0m
[2025-07-07T20:11:49.891+0000] {docker.py:429} INFO - [2m2025-07-07T20:11:49.890552Z[0m [[32m[1minfo     [0m] [1mBeginning full_table sync of 'order_details'...[0m [36mcmd_type[0m=[35mextractor[0m [36mname[0m=[35mtap-csv[0m [36mrun_id[0m=[35m74b6d7c3-0241-47ac-81c8-d55be94fdb4e[0m [36mstate_id[0m=[35m2025-07-07T201148--tap-csv--target-csv-csv[0m [36mstdio[0m=[35mstderr[0m
[2025-07-07T20:11:49.892+0000] {docker.py:429} INFO - [2m2025-07-07T20:11:49.891456Z[0m [[32m[1minfo     [0m] [1mTap has custom mapper. Using 1 provided map(s).[0m [36mcmd_type[0m=[35mextractor[0m [36mname[0m=[35mtap-csv[0m [36mrun_id[0m=[35m74b6d7c3-0241-47ac-81c8-d55be94fdb4e[0m [36mstate_id[0m=[35m2025-07-07T201148--tap-csv--target-csv-csv[0m [36mstdio[0m=[35mstderr[0m
[2025-07-07T20:11:50.138+0000] {docker.py:429} INFO - [2m2025-07-07T20:11:50.136994Z[0m [[32m[1minfo     [0m] [1mMETRIC: {"type": "timer", "metric": "sync_duration", "value": 0.24800491333007812, "tags": {"stream": "order_details", "pid": 176, "context": {}, "status": "succeeded"}}[0m [36mcmd_type[0m=[35mextractor[0m [36mname[0m=[35mtap-csv[0m [36mrun_id[0m=[35m74b6d7c3-0241-47ac-81c8-d55be94fdb4e[0m [36mstate_id[0m=[35m2025-07-07T201148--tap-csv--target-csv-csv[0m [36mstdio[0m=[35mstderr[0m
[2025-07-07T20:11:50.139+0000] {docker.py:429} INFO - [2m2025-07-07T20:11:50.137656Z[0m [[32m[1minfo     [0m] [1mMETRIC: {"type": "counter", "metric": "record_count", "value": 2155, "tags": {"stream": "order_details", "pid": 176, "context": {}}}[0m [36mcmd_type[0m=[35mextractor[0m [36mname[0m=[35mtap-csv[0m [36mrun_id[0m=[35m74b6d7c3-0241-47ac-81c8-d55be94fdb4e[0m [36mstate_id[0m=[35m2025-07-07T201148--tap-csv--target-csv-csv[0m [36mstdio[0m=[35mstderr[0m
[2025-07-07T20:11:50.369+0000] {docker.py:429} INFO - [2m2025-07-07T20:11:50.368348Z[0m [[32m[1minfo     [0m] [1mUsing systemdb state backend  [0m
[2025-07-07T20:11:50.390+0000] {docker.py:429} INFO - [2m2025-07-07T20:11:50.389079Z[0m [[32m[1minfo     [0m] [1mIncremental state has been updated at 2025-07-07 20:11:50.389006+00:00.[0m
[2025-07-07T20:11:50.393+0000] {docker.py:429} INFO - [2m2025-07-07T20:11:50.392277Z[0m [[32m[1minfo     [0m] [1mExtract & load complete!      [0m [36mname[0m=[35mmeltano[0m [36mrun_id[0m=[35m74b6d7c3-0241-47ac-81c8-d55be94fdb4e[0m [36mstate_id[0m=[35m2025-07-07T201148--tap-csv--target-csv-csv[0m
[2025-07-07T20:11:50.394+0000] {docker.py:429} INFO - [2m2025-07-07T20:11:50.393024Z[0m [[32m[1minfo     [0m] [1mTransformation skipped.       [0m [36mname[0m=[35mmeltano[0m [36mrun_id[0m=[35m74b6d7c3-0241-47ac-81c8-d55be94fdb4e[0m [36mstate_id[0m=[35m2025-07-07T201148--tap-csv--target-csv-csv[0m
[2025-07-07T20:11:52.216+0000] {taskinstance.py:1138} INFO - Marking task as SUCCESS. dag_id=northwind, task_id=extração_csv, execution_date=20250707T201036, start_date=20250707T201128, end_date=20250707T201152
[2025-07-07T20:11:52.259+0000] {local_task_job_runner.py:234} INFO - Task exited with return code 0
[2025-07-07T20:11:52.284+0000] {taskinstance.py:3280} INFO - 1 downstream tasks scheduled from follow-on schedule check
