[2025-06-24T18:57:08.203+0000] {taskinstance.py:1956} INFO - Dependencies all met for dep_context=non-requeueable deps ti=<TaskInstance: northwind.gerar_config_py manual__2025-06-24T18:51:11.931614+00:00 [queued]>
[2025-06-24T18:57:08.211+0000] {taskinstance.py:1956} INFO - Dependencies all met for dep_context=requeueable deps ti=<TaskInstance: northwind.gerar_config_py manual__2025-06-24T18:51:11.931614+00:00 [queued]>
[2025-06-24T18:57:08.211+0000] {taskinstance.py:2170} INFO - Starting attempt 1 of 2
[2025-06-24T18:57:08.222+0000] {taskinstance.py:2191} INFO - Executing <Task(DockerOperator): gerar_config_py> on 2025-06-24 18:51:11.931614+00:00
[2025-06-24T18:57:08.226+0000] {standard_task_runner.py:60} INFO - Started process 194 to run task
[2025-06-24T18:57:08.230+0000] {standard_task_runner.py:87} INFO - Running: ['***', 'tasks', 'run', 'northwind', 'gerar_config_py', 'manual__2025-06-24T18:51:11.931614+00:00', '--job-id', '67', '--raw', '--subdir', 'DAGS_FOLDER/dag.py', '--cfg-path', '/tmp/tmp7l8kfub_']
[2025-06-24T18:57:08.232+0000] {standard_task_runner.py:88} INFO - Job 67: Subtask gerar_config_py
[2025-06-24T18:57:08.277+0000] {task_command.py:423} INFO - Running <TaskInstance: northwind.gerar_config_py manual__2025-06-24T18:51:11.931614+00:00 [running]> on host a06304be4538
[2025-06-24T18:57:08.348+0000] {taskinstance.py:2480} INFO - Exporting env vars: AIRFLOW_CTX_DAG_EMAIL='lrbf@cin.ufpe.br' AIRFLOW_CTX_DAG_OWNER='***' AIRFLOW_CTX_DAG_ID='northwind' AIRFLOW_CTX_TASK_ID='gerar_config_py' AIRFLOW_CTX_EXECUTION_DATE='2025-06-24T18:51:11.931614+00:00' AIRFLOW_CTX_TRY_NUMBER='1' AIRFLOW_CTX_DAG_RUN_ID='manual__2025-06-24T18:51:11.931614+00:00'
[2025-06-24T18:57:08.487+0000] {docker.py:359} INFO - Starting docker container from image meltano:latest
[2025-06-24T18:57:08.809+0000] {docker.py:429} INFO - Running meltano install...
[2025-06-24T18:57:09.904+0000] {docker.py:429} INFO - [2m2025-06-24T18:57:09.903447Z[0m [[32m[1minfo     [0m] [1mInstalling 7 plugins          [0m
[2025-06-24T18:57:09.915+0000] {docker.py:429} INFO - [2m2025-06-24T18:57:09.915089Z[0m [[32m[1minfo     [0m] [1mInstalling extractor 'tap-postgres'[0m
[2025-06-24T18:57:09.928+0000] {docker.py:429} INFO - [2m2025-06-24T18:57:09.927590Z[0m [[32m[1minfo     [0m] [1mInstalling extractor 'tap-csv'[0m
[2025-06-24T18:57:09.948+0000] {docker.py:429} INFO - [2m2025-06-24T18:57:09.947527Z[0m [[32m[1minfo     [0m] [1mInstalling extractor 'tap-csv-latest'[0m
[2025-06-24T18:57:09.966+0000] {docker.py:429} INFO - [2m2025-06-24T18:57:09.965643Z[0m [[32m[1minfo     [0m] [1mInstalling loader 'target-postgres'[0m
[2025-06-24T18:57:09.990+0000] {docker.py:429} INFO - [2m2025-06-24T18:57:09.990231Z[0m [[32m[1minfo     [0m] [1mInstalling loader 'target-csv'[0m
[2025-06-24T18:57:10.019+0000] {docker.py:429} INFO - [2m2025-06-24T18:57:10.018886Z[0m [[32m[1minfo     [0m] [1mInstalling loader 'target-csv-postgres'[0m
[2025-06-24T18:57:10.052+0000] {docker.py:429} INFO - [2m2025-06-24T18:57:10.050873Z[0m [[32m[1minfo     [0m] [1mInstalling loader 'target-csv-csv'[0m
[2025-06-24T18:57:09.146+0000] {docker.py:429} INFO - [2m2025-06-24T18:57:09.145362Z[0m [[32m[1minfo     [0m] [1mInstalled loader 'target-postgres'[0m
[2025-06-24T18:57:09.146+0000] {docker.py:429} INFO - [2m2025-06-24T18:57:09.145769Z[0m [[32m[1minfo     [0m] [1mInstalled extractor 'tap-postgres'[0m
[2025-06-24T18:57:16.178+0000] {docker.py:429} INFO - [2m2025-06-24T18:57:16.178124Z[0m [[32m[1minfo     [0m] [1mInstalled extractor 'tap-csv' [0m
[2025-06-24T18:57:16.350+0000] {docker.py:429} INFO - [2m2025-06-24T18:57:16.349780Z[0m [[32m[1minfo     [0m] [1mInstalled extractor 'tap-csv-latest'[0m
[2025-06-24T18:57:17.976+0000] {docker.py:429} INFO - [2m2025-06-24T18:57:17.975733Z[0m [[32m[1minfo     [0m] [1mInstalled loader 'target-csv' [0m
[2025-06-24T18:57:20.023+0000] {docker.py:429} INFO - [2m2025-06-24T18:57:20.022310Z[0m [[32m[1minfo     [0m] [1mInstalled loader 'target-csv-csv'[0m
[2025-06-24T18:57:21.379+0000] {docker.py:429} INFO - [2m2025-06-24T18:57:21.378275Z[0m [[32m[1minfo     [0m] [1mInstalled loader 'target-csv-postgres'[0m
[2025-06-24T18:57:21.379+0000] {docker.py:429} INFO - [2m2025-06-24T18:57:21.378757Z[0m [[32m[1minfo     [0m] [1mInstalled 7/7 plugins         [0m
[2025-06-24T18:57:22.343+0000] {docker.py:429} INFO - Meltano install completed. Executing command: python3 scripts/generate_csv_config.py
[2025-06-24T18:57:22.378+0000] {docker.py:429} INFO - Traceback (most recent call last):
  File "/opt/meltano/scripts/generate_csv_config.py", line 17, in <module>
    latest_date_path = max([d for d in csv_base.iterdir() if d.is_dir()], key=os.path.getmtime, default=None)
  File "/opt/meltano/scripts/generate_csv_config.py", line 17, in <listcomp>
    latest_date_path = max([d for d in csv_base.iterdir() if d.is_dir()], key=os.path.getmtime, default=None)
  File "/usr/local/lib/python3.10/pathlib.py", line 1017, in iterdir
[2025-06-24T18:57:22.379+0000] {docker.py:429} INFO - for name in self._accessor.listdir(self):
FileNotFoundError: [Errno 2] No such file or directory: '/opt/data/csv/order_details'
[2025-06-24T18:57:22.658+0000] {taskinstance.py:2698} ERROR - Task failed with exception
Traceback (most recent call last):
  File "/home/airflow/.local/lib/python3.10/site-packages/airflow/models/taskinstance.py", line 433, in _execute_task
    result = execute_callable(context=context, **execute_callable_kwargs)
  File "/home/airflow/.local/lib/python3.10/site-packages/airflow/providers/docker/operators/docker.py", line 502, in execute
    return self._run_image()
  File "/home/airflow/.local/lib/python3.10/site-packages/airflow/providers/docker/operators/docker.py", line 376, in _run_image
    return self._run_image_with_mounts(self.mounts, add_tmp_variable=False)
  File "/home/airflow/.local/lib/python3.10/site-packages/airflow/providers/docker/operators/docker.py", line 437, in _run_image_with_mounts
    raise DockerContainerFailedException(f"Docker container failed: {result!r}", logs=log_lines)
airflow.providers.docker.exceptions.DockerContainerFailedException: Docker container failed: {'StatusCode': 1}
[2025-06-24T18:57:22.665+0000] {taskinstance.py:1138} INFO - Marking task as UP_FOR_RETRY. dag_id=northwind, task_id=gerar_config_py, execution_date=20250624T185111, start_date=20250624T185708, end_date=20250624T185722
[2025-06-24T18:57:22.683+0000] {standard_task_runner.py:107} ERROR - Failed to execute job 67 for task gerar_config_py (Docker container failed: {'StatusCode': 1}; 194)
[2025-06-24T18:57:22.700+0000] {local_task_job_runner.py:234} INFO - Task exited with return code 1
[2025-06-24T18:57:22.720+0000] {taskinstance.py:3280} INFO - 0 downstream tasks scheduled from follow-on schedule check
