[2025-06-25T21:21:32.139+0000] {taskinstance.py:1956} INFO - Dependencies all met for dep_context=non-requeueable deps ti=<TaskInstance: northwind.carregamento_postgres manual__2025-06-25T21:11:10.445750+00:00 [queued]>
[2025-06-25T21:21:32.151+0000] {taskinstance.py:1956} INFO - Dependencies all met for dep_context=requeueable deps ti=<TaskInstance: northwind.carregamento_postgres manual__2025-06-25T21:11:10.445750+00:00 [queued]>
[2025-06-25T21:21:32.152+0000] {taskinstance.py:2170} INFO - Starting attempt 1 of 2
[2025-06-25T21:21:32.171+0000] {taskinstance.py:2191} INFO - Executing <Task(DockerOperator): carregamento_postgres> on 2025-06-25 21:11:10.445750+00:00
[2025-06-25T21:21:32.178+0000] {standard_task_runner.py:60} INFO - Started process 194 to run task
[2025-06-25T21:21:32.184+0000] {standard_task_runner.py:87} INFO - Running: ['***', 'tasks', 'run', 'northwind', 'carregamento_postgres', 'manual__2025-06-25T21:11:10.445750+00:00', '--job-id', '203', '--raw', '--subdir', 'DAGS_FOLDER/dag.py', '--cfg-path', '/tmp/tmpwl6ed1i1']
[2025-06-25T21:21:32.187+0000] {standard_task_runner.py:88} INFO - Job 203: Subtask carregamento_postgres
[2025-06-25T21:21:32.260+0000] {task_command.py:423} INFO - Running <TaskInstance: northwind.carregamento_postgres manual__2025-06-25T21:11:10.445750+00:00 [running]> on host 6afc1f3750fb
[2025-06-25T21:21:32.394+0000] {taskinstance.py:2480} INFO - Exporting env vars: AIRFLOW_CTX_DAG_EMAIL='lrbf@cin.ufpe.br' AIRFLOW_CTX_DAG_OWNER='***' AIRFLOW_CTX_DAG_ID='northwind' AIRFLOW_CTX_TASK_ID='carregamento_postgres' AIRFLOW_CTX_EXECUTION_DATE='2025-06-25T21:11:10.445750+00:00' AIRFLOW_CTX_TRY_NUMBER='1' AIRFLOW_CTX_DAG_RUN_ID='manual__2025-06-25T21:11:10.445750+00:00'
[2025-06-25T21:21:32.800+0000] {docker.py:359} INFO - Starting docker container from image meltano:latest
[2025-06-25T21:21:34.029+0000] {docker.py:429} INFO - Running meltano install...
[2025-06-25T21:21:36.030+0000] {docker.py:429} INFO - [2m2025-06-25T21:21:36.029697Z[0m [[32m[1minfo     [0m] [1mInstalling 7 plugins          [0m
[2025-06-25T21:21:36.053+0000] {docker.py:429} INFO - [2m2025-06-25T21:21:36.050952Z[0m [[32m[1minfo     [0m] [1mInstalling extractor 'tap-postgres'[0m
[2025-06-25T21:21:36.076+0000] {docker.py:429} INFO - [2m2025-06-25T21:21:36.074788Z[0m [[32m[1minfo     [0m] [1mInstalling extractor 'tap-csv'[0m
[2025-06-25T21:21:36.111+0000] {docker.py:429} INFO - [2m2025-06-25T21:21:36.109913Z[0m [[32m[1minfo     [0m] [1mInstalling extractor 'tap-csv-latest'[0m
[2025-06-25T21:21:36.154+0000] {docker.py:429} INFO - [2m2025-06-25T21:21:36.151665Z[0m [[32m[1minfo     [0m] [1mInstalling loader 'target-postgres'[0m
[2025-06-25T21:21:36.208+0000] {docker.py:429} INFO - [2m2025-06-25T21:21:36.206916Z[0m [[32m[1minfo     [0m] [1mInstalling loader 'target-csv'[0m
[2025-06-25T21:21:36.294+0000] {docker.py:429} INFO - [2m2025-06-25T21:21:36.289539Z[0m [[32m[1minfo     [0m] [1mInstalling loader 'target-csv-postgres'[0m
[2025-06-25T21:21:36.498+0000] {docker.py:429} INFO - [2m2025-06-25T21:21:36.497427Z[0m [[32m[1minfo     [0m] [1mInstalling loader 'target-csv-csv'[0m
[2025-06-25T21:21:41.235+0000] {docker.py:429} INFO - [2m2025-06-25T21:21:41.235075Z[0m [[32m[1minfo     [0m] [1mInstalled extractor 'tap-postgres'[0m
[2025-06-25T21:21:41.245+0000] {docker.py:429} INFO - [2m2025-06-25T21:21:41.244272Z[0m [[32m[1minfo     [0m] [1mInstalled loader 'target-postgres'[0m
[2025-06-25T21:21:50.137+0000] {docker.py:429} INFO - [2m2025-06-25T21:21:50.133707Z[0m [[32m[1minfo     [0m] [1mInstalled extractor 'tap-csv' [0m
[2025-06-25T21:21:50.266+0000] {docker.py:429} INFO - [2m2025-06-25T21:21:50.265174Z[0m [[32m[1minfo     [0m] [1mInstalled extractor 'tap-csv-latest'[0m
[2025-06-25T21:21:50.780+0000] {docker.py:429} INFO - [2m2025-06-25T21:21:50.779162Z[0m [[32m[1minfo     [0m] [1mInstalled loader 'target-csv' [0m
[2025-06-25T21:21:50.970+0000] {docker.py:429} INFO - [2m2025-06-25T21:21:50.969736Z[0m [[32m[1minfo     [0m] [1mInstalled loader 'target-csv-csv'[0m
[2025-06-25T21:21:51.124+0000] {docker.py:429} INFO - [2m2025-06-25T21:21:51.124055Z[0m [[32m[1minfo     [0m] [1mInstalled loader 'target-csv-postgres'[0m
[2025-06-25T21:21:51.125+0000] {docker.py:429} INFO - [2m2025-06-25T21:21:51.124620Z[0m [[32m[1minfo     [0m] [1mInstalled 7/7 plugins         [0m
[2025-06-25T21:21:52.108+0000] {docker.py:429} INFO - Meltano install completed. Executing command: meltano el tap-csv-latest target-postgres
[2025-06-25T21:21:53.904+0000] {docker.py:429} INFO - [2m2025-06-25T21:21:53.903282Z[0m [[32m[1minfo     [0m] [1mEnvironment 'dev' is active   [0m
[2025-06-25T21:21:54.470+0000] {docker.py:429} INFO - [2m2025-06-25T21:21:54.469146Z[0m [[32m[1minfo     [0m] [1mRunning extract & load...     [0m [36mname[0m=[35mmeltano[0m [36mrun_id[0m=[35m22a31f14-090e-41a7-a7f8-e0e36476beb4[0m [36mstate_id[0m=[35m2025-06-25T212154--tap-csv-latest--target-postgres[0m
[2025-06-25T21:21:55.827+0000] {docker.py:429} INFO - [2m2025-06-25T21:21:55.826640Z[0m [[32m[1minfo     [0m] [1mNo CSV file definitions found.[0m [36mcmd_type[0m=[35mextractor[0m [36mname[0m=[35mtap-csv-latest[0m [36mrun_id[0m=[35m22a31f14-090e-41a7-a7f8-e0e36476beb4[0m [36mstate_id[0m=[35m2025-06-25T212154--tap-csv-latest--target-postgres[0m [36mstdio[0m=[35mstderr[0m
[2025-06-25T21:21:56.071+0000] {docker.py:429} INFO - [2m2025-06-25T21:21:56.070147Z[0m [[32m[1minfo     [0m] [1mtarget-postgres v0.4.3, Meltano SDK v0.47.2[0m [36mcmd_type[0m=[35mloader[0m [36mname[0m=[35mtarget-postgres[0m [36mrun_id[0m=[35m22a31f14-090e-41a7-a7f8-e0e36476beb4[0m [36mstate_id[0m=[35m2025-06-25T212154--tap-csv-latest--target-postgres[0m [36mstdio[0m=[35mstderr[0m
[2025-06-25T21:21:56.071+0000] {docker.py:429} INFO - [2m2025-06-25T21:21:56.070648Z[0m [[32m[1minfo     [0m] [1mSkipping parse of env var settings...[0m [36mcmd_type[0m=[35mloader[0m [36mname[0m=[35mtarget-postgres[0m [36mrun_id[0m=[35m22a31f14-090e-41a7-a7f8-e0e36476beb4[0m [36mstate_id[0m=[35m2025-06-25T212154--tap-csv-latest--target-postgres[0m [36mstdio[0m=[35mstderr[0m
[2025-06-25T21:21:56.072+0000] {docker.py:429} INFO - [2m2025-06-25T21:21:56.071328Z[0m [[32m[1minfo     [0m] [1mTraceback (most recent call last):[0m [36mcmd_type[0m=[35mloader[0m [36mname[0m=[35mtarget-postgres[0m [36mrun_id[0m=[35m22a31f14-090e-41a7-a7f8-e0e36476beb4[0m [36mstate_id[0m=[35m2025-06-25T212154--tap-csv-latest--target-postgres[0m [36mstdio[0m=[35mstderr[0m
[2025-06-25T21:21:56.072+0000] {docker.py:429} INFO - [2m2025-06-25T21:21:56.071727Z[0m [[32m[1minfo     [0m] [1m  File "/opt/meltano/.meltano/loaders/target-postgres/venv/bin/target-postgres", line 8, in <module>[0m [36mcmd_type[0m=[35mloader[0m [36mname[0m=[35mtarget-postgres[0m [36mrun_id[0m=[35m22a31f14-090e-41a7-a7f8-e0e36476beb4[0m [36mstate_id[0m=[35m2025-06-25T212154--tap-csv-latest--target-postgres[0m [36mstdio[0m=[35mstderr[0m
[2025-06-25T21:21:56.073+0000] {docker.py:429} INFO - [2m2025-06-25T21:21:56.072231Z[0m [[32m[1minfo     [0m] [1m    sys.exit(TargetPostgres.cli())[0m [36mcmd_type[0m=[35mloader[0m [36mname[0m=[35mtarget-postgres[0m [36mrun_id[0m=[35m22a31f14-090e-41a7-a7f8-e0e36476beb4[0m [36mstate_id[0m=[35m2025-06-25T212154--tap-csv-latest--target-postgres[0m [36mstdio[0m=[35mstderr[0m
[2025-06-25T21:21:56.073+0000] {docker.py:429} INFO - [2m2025-06-25T21:21:56.072795Z[0m [[32m[1minfo     [0m] [1m  File "/opt/meltano/.meltano/loaders/target-postgres/venv/lib/python3.10/site-packages/click/core.py", line 1442, in __call__[0m [36mcmd_type[0m=[35mloader[0m [36mname[0m=[35mtarget-postgres[0m [36mrun_id[0m=[35m22a31f14-090e-41a7-a7f8-e0e36476beb4[0m [36mstate_id[0m=[35m2025-06-25T212154--tap-csv-latest--target-postgres[0m [36mstdio[0m=[35mstderr[0m
[2025-06-25T21:21:56.074+0000] {docker.py:429} INFO - [2m2025-06-25T21:21:56.073683Z[0m [[32m[1minfo     [0m] [1m    return self.main(*args, **kwargs)[0m [36mcmd_type[0m=[35mloader[0m [36mname[0m=[35mtarget-postgres[0m [36mrun_id[0m=[35m22a31f14-090e-41a7-a7f8-e0e36476beb4[0m [36mstate_id[0m=[35m2025-06-25T212154--tap-csv-latest--target-postgres[0m [36mstdio[0m=[35mstderr[0m
[2025-06-25T21:21:56.075+0000] {docker.py:429} INFO - [2m2025-06-25T21:21:56.074175Z[0m [[32m[1minfo     [0m] [1m  File "/opt/meltano/.meltano/loaders/target-postgres/venv/lib/python3.10/site-packages/click/core.py", line 1363, in main[0m [36mcmd_type[0m=[35mloader[0m [36mname[0m=[35mtarget-postgres[0m [36mrun_id[0m=[35m22a31f14-090e-41a7-a7f8-e0e36476beb4[0m [36mstate_id[0m=[35m2025-06-25T212154--tap-csv-latest--target-postgres[0m [36mstdio[0m=[35mstderr[0m
[2025-06-25T21:21:56.076+0000] {docker.py:429} INFO - [2m2025-06-25T21:21:56.074782Z[0m [[32m[1minfo     [0m] [1m    rv = self.invoke(ctx)     [0m [36mcmd_type[0m=[35mloader[0m [36mname[0m=[35mtarget-postgres[0m [36mrun_id[0m=[35m22a31f14-090e-41a7-a7f8-e0e36476beb4[0m [36mstate_id[0m=[35m2025-06-25T212154--tap-csv-latest--target-postgres[0m [36mstdio[0m=[35mstderr[0m
[2025-06-25T21:21:56.076+0000] {docker.py:429} INFO - [2m2025-06-25T21:21:56.075339Z[0m [[32m[1minfo     [0m] [1m  File "/opt/meltano/.meltano/loaders/target-postgres/venv/lib/python3.10/site-packages/singer_sdk/plugin_base.py", line 97, in invoke[0m [36mcmd_type[0m=[35mloader[0m [36mname[0m=[35mtarget-postgres[0m [36mrun_id[0m=[35m22a31f14-090e-41a7-a7f8-e0e36476beb4[0m [36mstate_id[0m=[35m2025-06-25T212154--tap-csv-latest--target-postgres[0m [36mstdio[0m=[35mstderr[0m
[2025-06-25T21:21:56.077+0000] {docker.py:429} INFO - [2m2025-06-25T21:21:56.076496Z[0m [[32m[1minfo     [0m] [1m    return super().invoke(ctx)[0m [36mcmd_type[0m=[35mloader[0m [36mname[0m=[35mtarget-postgres[0m [36mrun_id[0m=[35m22a31f14-090e-41a7-a7f8-e0e36476beb4[0m [36mstate_id[0m=[35m2025-06-25T212154--tap-csv-latest--target-postgres[0m [36mstdio[0m=[35mstderr[0m
[2025-06-25T21:21:56.078+0000] {docker.py:429} INFO - [2m2025-06-25T21:21:56.077140Z[0m [[32m[1minfo     [0m] [1m  File "/opt/meltano/.meltano/loaders/target-postgres/venv/lib/python3.10/site-packages/click/core.py", line 1226, in invoke[0m [36mcmd_type[0m=[35mloader[0m [36mname[0m=[35mtarget-postgres[0m [36mrun_id[0m=[35m22a31f14-090e-41a7-a7f8-e0e36476beb4[0m [36mstate_id[0m=[35m2025-06-25T212154--tap-csv-latest--target-postgres[0m [36mstdio[0m=[35mstderr[0m
[2025-06-25T21:21:56.078+0000] {docker.py:429} INFO - [2m2025-06-25T21:21:56.077781Z[0m [[32m[1minfo     [0m] [1m    return ctx.invoke(self.callback, **ctx.params)[0m [36mcmd_type[0m=[35mloader[0m [36mname[0m=[35mtarget-postgres[0m [36mrun_id[0m=[35m22a31f14-090e-41a7-a7f8-e0e36476beb4[0m [36mstate_id[0m=[35m2025-06-25T212154--tap-csv-latest--target-postgres[0m [36mstdio[0m=[35mstderr[0m
[2025-06-25T21:21:56.079+0000] {docker.py:429} INFO - [2m2025-06-25T21:21:56.078363Z[0m [[32m[1minfo     [0m] [1m  File "/opt/meltano/.meltano/loaders/target-postgres/venv/lib/python3.10/site-packages/click/core.py", line 794, in invoke[0m [36mcmd_type[0m=[35mloader[0m [36mname[0m=[35mtarget-postgres[0m [36mrun_id[0m=[35m22a31f14-090e-41a7-a7f8-e0e36476beb4[0m [36mstate_id[0m=[35m2025-06-25T212154--tap-csv-latest--target-postgres[0m [36mstdio[0m=[35mstderr[0m
[2025-06-25T21:21:56.079+0000] {docker.py:429} INFO - [2m2025-06-25T21:21:56.078975Z[0m [[32m[1minfo     [0m] [1m    return callback(*args, **kwargs)[0m [36mcmd_type[0m=[35mloader[0m [36mname[0m=[35mtarget-postgres[0m [36mrun_id[0m=[35m22a31f14-090e-41a7-a7f8-e0e36476beb4[0m [36mstate_id[0m=[35m2025-06-25T212154--tap-csv-latest--target-postgres[0m [36mstdio[0m=[35mstderr[0m
[2025-06-25T21:21:56.080+0000] {docker.py:429} INFO - [2m2025-06-25T21:21:56.079461Z[0m [[32m[1minfo     [0m] [1m  File "/opt/meltano/.meltano/loaders/target-postgres/venv/lib/python3.10/site-packages/singer_sdk/target_base.py", line 583, in invoke[0m [36mcmd_type[0m=[35mloader[0m [36mname[0m=[35mtarget-postgres[0m [36mrun_id[0m=[35m22a31f14-090e-41a7-a7f8-e0e36476beb4[0m [36mstate_id[0m=[35m2025-06-25T212154--tap-csv-latest--target-postgres[0m [36mstdio[0m=[35mstderr[0m
[2025-06-25T21:21:56.081+0000] {docker.py:429} INFO - [2m2025-06-25T21:21:56.080928Z[0m [[32m[1minfo     [0m] [1m    target = cls(             [0m [36mcmd_type[0m=[35mloader[0m [36mname[0m=[35mtarget-postgres[0m [36mrun_id[0m=[35m22a31f14-090e-41a7-a7f8-e0e36476beb4[0m [36mstate_id[0m=[35m2025-06-25T212154--tap-csv-latest--target-postgres[0m [36mstdio[0m=[35mstderr[0m
[2025-06-25T21:21:56.082+0000] {docker.py:429} INFO - [2m2025-06-25T21:21:56.081372Z[0m [[32m[1minfo     [0m] [1m  File "/opt/meltano/.meltano/loaders/target-postgres/venv/lib/python3.10/site-packages/target_postgres/target.py", line 67, in __init__[0m [36mcmd_type[0m=[35mloader[0m [36mname[0m=[35mtarget-postgres[0m [36mrun_id[0m=[35m22a31f14-090e-41a7-a7f8-e0e36476beb4[0m [36mstate_id[0m=[35m2025-06-25T212154--tap-csv-latest--target-postgres[0m [36mstdio[0m=[35mstderr[0m
[2025-06-25T21:21:56.082+0000] {docker.py:429} INFO - [2m2025-06-25T21:21:56.081954Z[0m [[32m[1minfo     [0m] [1m    and self.config.get("dialect+driver") is not None[0m [36mcmd_type[0m=[35mloader[0m [36mname[0m=[35mtarget-postgres[0m [36mrun_id[0m=[35m22a31f14-090e-41a7-a7f8-e0e36476beb4[0m [36mstate_id[0m=[35m2025-06-25T212154--tap-csv-latest--target-postgres[0m [36mstdio[0m=[35mstderr[0m
[2025-06-25T21:21:56.083+0000] {docker.py:429} INFO - [2m2025-06-25T21:21:56.082789Z[0m [[32m[1minfo     [0m] [1mAssertionError: Need either the sqlalchemy_url to be set or host, port, user, password, and dialect+driver to be set[0m [36mcmd_type[0m=[35mloader[0m [36mname[0m=[35mtarget-postgres[0m [36mrun_id[0m=[35m22a31f14-090e-41a7-a7f8-e0e36476beb4[0m [36mstate_id[0m=[35m2025-06-25T212154--tap-csv-latest--target-postgres[0m [36mstdio[0m=[35mstderr[0m
[2025-06-25T21:21:56.213+0000] {docker.py:429} INFO - [2m2025-06-25T21:21:56.212294Z[0m [[31m[1merror    [0m] [1mExtraction failed             [0m [36mcode[0m=[35m1[0m [36mmessage[0m=[35m'No CSV file definitions found.'[0m [36mname[0m=[35mmeltano[0m [36mrun_id[0m=[35m22a31f14-090e-41a7-a7f8-e0e36476beb4[0m [36mstate_id[0m=[35m2025-06-25T212154--tap-csv-latest--target-postgres[0m
[2025-06-25T21:21:56.214+0000] {docker.py:429} INFO - [2m2025-06-25T21:21:56.212852Z[0m [[31m[1merror    [0m] [1mLoading failed                [0m [36mcode[0m=[35m1[0m [36mmessage[0m=[35m'AssertionError: Need either the sqlalchemy_url to be set or host, port, user, password, and dialect+driver to be set'[0m [36mname[0m=[35mmeltano[0m [36mrun_id[0m=[35m22a31f14-090e-41a7-a7f8-e0e36476beb4[0m [36mstate_id[0m=[35m2025-06-25T212154--tap-csv-latest--target-postgres[0m
[2025-06-25T21:21:56.214+0000] {docker.py:429} INFO - [2m2025-06-25T21:21:56.213628Z[0m [[32m[1minfo     [0m] [1mELT could not be completed: Extractor and loader failed.[0m [36mcmd_type[0m=[35melt[0m [36mname[0m=[35mmeltano[0m [36mrun_id[0m=[35m22a31f14-090e-41a7-a7f8-e0e36476beb4[0m [36mstate_id[0m=[35m2025-06-25T212154--tap-csv-latest--target-postgres[0m [36mstdio[0m=[35mstderr[0m
[2025-06-25T21:21:56.214+0000] {docker.py:429} INFO - [2m2025-06-25T21:21:56.214010Z[0m [[32m[1minfo     [0m] [1mFor more detailed log messages re-run the command using 'meltano --log-level=debug ...' CLI flag.[0m [36mcmd_type[0m=[35melt[0m [36mname[0m=[35mmeltano[0m [36mrun_id[0m=[35m22a31f14-090e-41a7-a7f8-e0e36476beb4[0m [36mstate_id[0m=[35m2025-06-25T212154--tap-csv-latest--target-postgres[0m [36mstdio[0m=[35mstderr[0m
[2025-06-25T21:21:56.215+0000] {docker.py:429} INFO - [2m2025-06-25T21:21:56.214501Z[0m [[32m[1minfo     [0m] [1mNote that you can also check the generated log file at '/opt/meltano/.meltano/logs/elt/2025-06-25T212154--tap-csv-latest--target-postgres/22a31f14-090e-41a7-a7f8-e0e36476beb4/elt.log'.[0m [36mcmd_type[0m=[35melt[0m [36mname[0m=[35mmeltano[0m [36mrun_id[0m=[35m22a31f14-090e-41a7-a7f8-e0e36476beb4[0m [36mstate_id[0m=[35m2025-06-25T212154--tap-csv-latest--target-postgres[0m [36mstdio[0m=[35mstderr[0m
[2025-06-25T21:21:56.215+0000] {docker.py:429} INFO - [2m2025-06-25T21:21:56.214936Z[0m [[32m[1minfo     [0m] [1mFor more information on debugging and logging: https://docs.meltano.com/reference/command-line-interface#debugging[0m [36mcmd_type[0m=[35melt[0m [36mname[0m=[35mmeltano[0m [36mrun_id[0m=[35m22a31f14-090e-41a7-a7f8-e0e36476beb4[0m [36mstate_id[0m=[35m2025-06-25T212154--tap-csv-latest--target-postgres[0m [36mstdio[0m=[35mstderr[0m
[2025-06-25T21:21:56.236+0000] {docker.py:429} INFO - Need help fixing this problem? Visit http://melta.no/ for troubleshooting steps, or to
join our friendly Slack community.

ELT could not be completed: Extractor and loader failed.
For more detailed log messages re-run the command using 'meltano --log-level=debug ...' CLI flag.
Note that you can also check the generated log file at '/opt/meltano/.meltano/logs/elt/2025-06-25T212154--tap-csv-latest--target-postgres/22a31f14-090e-41a7-a7f8-e0e36476beb4/elt.log'.
For more information on debugging and logging: https://docs.meltano.com/reference/command-line-interface#debugging
[2025-06-25T21:21:57.500+0000] {taskinstance.py:2698} ERROR - Task failed with exception
Traceback (most recent call last):
  File "/home/airflow/.local/lib/python3.10/site-packages/airflow/models/taskinstance.py", line 433, in _execute_task
    result = execute_callable(context=context, **execute_callable_kwargs)
  File "/home/airflow/.local/lib/python3.10/site-packages/airflow/providers/docker/operators/docker.py", line 502, in execute
    return self._run_image()
  File "/home/airflow/.local/lib/python3.10/site-packages/airflow/providers/docker/operators/docker.py", line 376, in _run_image
    return self._run_image_with_mounts(self.mounts, add_tmp_variable=False)
  File "/home/airflow/.local/lib/python3.10/site-packages/airflow/providers/docker/operators/docker.py", line 437, in _run_image_with_mounts
    raise DockerContainerFailedException(f"Docker container failed: {result!r}", logs=log_lines)
airflow.providers.docker.exceptions.DockerContainerFailedException: Docker container failed: {'StatusCode': 1}
[2025-06-25T21:21:57.503+0000] {taskinstance.py:1138} INFO - Marking task as UP_FOR_RETRY. dag_id=northwind, task_id=carregamento_postgres, execution_date=20250625T211110, start_date=20250625T212132, end_date=20250625T212157
[2025-06-25T21:21:57.516+0000] {standard_task_runner.py:107} ERROR - Failed to execute job 203 for task carregamento_postgres (Docker container failed: {'StatusCode': 1}; 194)
[2025-06-25T21:21:57.534+0000] {local_task_job_runner.py:234} INFO - Task exited with return code 1
[2025-06-25T21:21:57.551+0000] {taskinstance.py:3280} INFO - 0 downstream tasks scheduled from follow-on schedule check
