[2025-06-26T18:01:56.411+0000] {taskinstance.py:1956} INFO - Dependencies all met for dep_context=non-requeueable deps ti=<TaskInstance: northwind.gerar_config_csv_dinamica manual__2025-06-26T18:00:27.253055+00:00 [queued]>
[2025-06-26T18:01:56.429+0000] {taskinstance.py:1956} INFO - Dependencies all met for dep_context=requeueable deps ti=<TaskInstance: northwind.gerar_config_csv_dinamica manual__2025-06-26T18:00:27.253055+00:00 [queued]>
[2025-06-26T18:01:56.430+0000] {taskinstance.py:2170} INFO - Starting attempt 1 of 2
[2025-06-26T18:01:56.455+0000] {taskinstance.py:2191} INFO - Executing <Task(DockerOperator): gerar_config_csv_dinamica> on 2025-06-26 18:00:27.253055+00:00
[2025-06-26T18:01:56.462+0000] {standard_task_runner.py:60} INFO - Started process 225 to run task
[2025-06-26T18:01:56.471+0000] {standard_task_runner.py:87} INFO - Running: ['***', 'tasks', 'run', 'northwind', 'gerar_config_csv_dinamica', 'manual__2025-06-26T18:00:27.253055+00:00', '--job-id', '321', '--raw', '--subdir', 'DAGS_FOLDER/dag.py', '--cfg-path', '/tmp/tmpf1z2y9j3']
[2025-06-26T18:01:56.476+0000] {standard_task_runner.py:88} INFO - Job 321: Subtask gerar_config_csv_dinamica
[2025-06-26T18:01:56.568+0000] {task_command.py:423} INFO - Running <TaskInstance: northwind.gerar_config_csv_dinamica manual__2025-06-26T18:00:27.253055+00:00 [running]> on host 6afc1f3750fb
[2025-06-26T18:01:56.711+0000] {taskinstance.py:2480} INFO - Exporting env vars: AIRFLOW_CTX_DAG_EMAIL='lrbf@cin.ufpe.br' AIRFLOW_CTX_DAG_OWNER='***' AIRFLOW_CTX_DAG_ID='northwind' AIRFLOW_CTX_TASK_ID='gerar_config_csv_dinamica' AIRFLOW_CTX_EXECUTION_DATE='2025-06-26T18:00:27.253055+00:00' AIRFLOW_CTX_TRY_NUMBER='1' AIRFLOW_CTX_DAG_RUN_ID='manual__2025-06-26T18:00:27.253055+00:00'
[2025-06-26T18:01:56.811+0000] {docker.py:359} INFO - Starting docker container from image meltano:latest
[2025-06-26T18:01:57.234+0000] {docker.py:429} INFO - Running meltano install...
[2025-06-26T18:01:59.788+0000] {docker.py:429} INFO - [2m2025-06-26T18:01:59.786820Z[0m [[32m[1minfo     [0m] [1mInstalling 7 plugins          [0m
[2025-06-26T18:01:59.820+0000] {docker.py:429} INFO - [2m2025-06-26T18:01:59.819335Z[0m [[32m[1minfo     [0m] [1mInstalling extractor 'tap-postgres'[0m
[2025-06-26T18:01:59.881+0000] {docker.py:429} INFO - [2m2025-06-26T18:01:59.870423Z[0m [[32m[1minfo     [0m] [1mInstalling extractor 'tap-csv'[0m
[2025-06-26T18:01:59.938+0000] {docker.py:429} INFO - [2m2025-06-26T18:01:59.937100Z[0m [[32m[1minfo     [0m] [1mInstalling extractor 'tap-csv-latest'[0m
[2025-06-26T18:02:00.033+0000] {docker.py:429} INFO - [2m2025-06-26T18:02:00.032724Z[0m [[32m[1minfo     [0m] [1mInstalling loader 'target-postgres'[0m
[2025-06-26T18:02:00.163+0000] {docker.py:429} INFO - [2m2025-06-26T18:02:00.158894Z[0m [[32m[1minfo     [0m] [1mInstalling loader 'target-csv'[0m
[2025-06-26T18:02:00.251+0000] {docker.py:429} INFO - [2m2025-06-26T18:02:00.250296Z[0m [[32m[1minfo     [0m] [1mInstalling loader 'target-csv-postgres'[0m
[2025-06-26T18:02:00.328+0000] {docker.py:429} INFO - [2m2025-06-26T18:02:00.326896Z[0m [[32m[1minfo     [0m] [1mInstalling loader 'target-csv-csv'[0m
[2025-06-26T18:02:01.307+0000] {docker.py:429} INFO - [2m2025-06-26T18:02:01.305995Z[0m [[32m[1minfo     [0m] [1mInstalled loader 'target-postgres'[0m
[2025-06-26T18:02:01.322+0000] {docker.py:429} INFO - [2m2025-06-26T18:02:01.321675Z[0m [[32m[1minfo     [0m] [1mInstalled extractor 'tap-postgres'[0m
[2025-06-26T18:02:12.224+0000] {docker.py:429} INFO - [2m2025-06-26T18:02:12.222513Z[0m [[32m[1minfo     [0m] [1mInstalled extractor 'tap-csv' [0m
[2025-06-26T18:02:12.365+0000] {docker.py:429} INFO - [2m2025-06-26T18:02:12.361366Z[0m [[32m[1minfo     [0m] [1mInstalled extractor 'tap-csv-latest'[0m
[2025-06-26T18:02:12.539+0000] {docker.py:429} INFO - [2m2025-06-26T18:02:12.539026Z[0m [[32m[1minfo     [0m] [1mInstalled loader 'target-csv' [0m
[2025-06-26T18:02:12.649+0000] {docker.py:429} INFO - [2m2025-06-26T18:02:12.649209Z[0m [[32m[1minfo     [0m] [1mInstalled loader 'target-csv-postgres'[0m
[2025-06-26T18:02:13.146+0000] {docker.py:429} INFO - [2m2025-06-26T18:02:13.145939Z[0m [[32m[1minfo     [0m] [1mInstalled loader 'target-csv-csv'[0m
[2025-06-26T18:02:13.148+0000] {docker.py:429} INFO - [2m2025-06-26T18:02:13.147488Z[0m [[32m[1minfo     [0m] [1mInstalled 7/7 plugins         [0m
[2025-06-26T18:02:14.450+0000] {docker.py:429} INFO - Meltano install completed. Executing command: python /opt/meltano/scripts/generate_tap_csv_config.py
[2025-06-26T18:02:14.523+0000] {docker.py:429} INFO - {"files": [{"entity": "order_details", "path": "/opt/output_data/csv/order_details/2025-06-26/file.csv", "keys": ["order_id", "product_id"], "delimiter": ",", "encoding": "utf-8"}, {"entity": "public-categories", "path": "/opt/output_data/postgres/public-categories/2025-06-26/file.csv", "keys": ["category_id"], "delimiter": ",", "encoding": "utf-8"}, {"entity": "public-products", "path": "/opt/output_data/postgres/public-products/2025-06-26/file.csv", "keys": ["product_id"], "delimiter": ",", "encoding": "utf-8"}, {"entity": "public-suppliers", "path": "/opt/output_data/postgres/public-suppliers/2025-06-26/file.csv", "keys": ["supplier_id"], "delimiter": ",", "encoding": "utf-8"}, {"entity": "public-orders", "path": "/opt/output_data/postgres/public-orders/2025-06-26/file.csv", "keys": ["order_id"], "delimiter": ",", "encoding": "utf-8"}, {"entity": "public-customers", "path": "/opt/output_data/postgres/public-customers/2025-06-26/file.csv", "keys": ["customer_id"], "delimiter": ",", "encoding": "utf-8"}, {"entity": "public-employees", "path": "/opt/output_data/postgres/public-employees/2025-06-26/file.csv", "keys": ["employee_id"], "delimiter": ",", "encoding": "utf-8"}, {"entity": "public-employee_territories", "path": "/opt/output_data/postgres/public-employee_territories/2025-06-26/file.csv", "keys": ["employee_id", "territory_id"], "delimiter": ",", "encoding": "utf-8"}, {"entity": "public-territories", "path": "/opt/output_data/postgres/public-territories/2025-06-26/file.csv", "keys": ["territory_id"], "delimiter": ",", "encoding": "utf-8"}, {"entity": "public-region", "path": "/opt/output_data/postgres/public-region/2025-06-26/file.csv", "keys": ["region_id"], "delimiter": ",", "encoding": "utf-8"}, {"entity": "public-shippers", "path": "/opt/output_data/postgres/public-shippers/2025-06-26/file.csv", "keys": ["shipper_id"], "delimiter": ",", "encoding": "utf-8"}, {"entity": "public-us_states", "path": "/opt/output_data/postgres/public-us_states/2025-06-26/file.csv", "keys": ["state_id"], "delimiter": ",", "encoding": "utf-8"}]}
[2025-06-26T18:02:14.939+0000] {taskinstance.py:1138} INFO - Marking task as SUCCESS. dag_id=northwind, task_id=gerar_config_csv_dinamica, execution_date=20250626T180027, start_date=20250626T180156, end_date=20250626T180214
[2025-06-26T18:02:14.999+0000] {local_task_job_runner.py:234} INFO - Task exited with return code 0
[2025-06-26T18:02:15.036+0000] {taskinstance.py:3280} INFO - 1 downstream tasks scheduled from follow-on schedule check
