[2025-07-10T14:52:27.895+0000] {taskinstance.py:1956} INFO - Dependencies all met for dep_context=non-requeueable deps ti=<TaskInstance: northwind.extração_csv manual__2025-07-10T14:51:42.417122+00:00 [queued]>
[2025-07-10T14:52:27.910+0000] {taskinstance.py:1956} INFO - Dependencies all met for dep_context=requeueable deps ti=<TaskInstance: northwind.extração_csv manual__2025-07-10T14:51:42.417122+00:00 [queued]>
[2025-07-10T14:52:27.911+0000] {taskinstance.py:2170} INFO - Starting attempt 1 of 2
[2025-07-10T14:52:27.928+0000] {taskinstance.py:2191} INFO - Executing <Task(DockerOperator): extração_csv> on 2025-07-10 14:51:42.417122+00:00
[2025-07-10T14:52:27.935+0000] {standard_task_runner.py:60} INFO - Started process 199 to run task
[2025-07-10T14:52:27.940+0000] {standard_task_runner.py:87} INFO - Running: ['***', 'tasks', 'run', 'northwind', 'extração_csv', 'manual__2025-07-10T14:51:42.417122+00:00', '--job-id', '85', '--raw', '--subdir', 'DAGS_FOLDER/northwind.py', '--cfg-path', '/tmp/tmp6rthbz9x']
[2025-07-10T14:52:27.943+0000] {standard_task_runner.py:88} INFO - Job 85: Subtask extração_csv
[2025-07-10T14:52:28.000+0000] {task_command.py:423} INFO - Running <TaskInstance: northwind.extração_csv manual__2025-07-10T14:51:42.417122+00:00 [running]> on host 8ddbac0a6dc1
[2025-07-10T14:52:28.125+0000] {taskinstance.py:2480} INFO - Exporting env vars: AIRFLOW_CTX_DAG_EMAIL='lrbf@cin.ufpe.br' AIRFLOW_CTX_DAG_OWNER='***' AIRFLOW_CTX_DAG_ID='northwind' AIRFLOW_CTX_TASK_ID='extração_csv' AIRFLOW_CTX_EXECUTION_DATE='2025-07-10T14:51:42.417122+00:00' AIRFLOW_CTX_TRY_NUMBER='1' AIRFLOW_CTX_DAG_RUN_ID='manual__2025-07-10T14:51:42.417122+00:00'
[2025-07-10T14:52:28.264+0000] {docker.py:359} INFO - Starting docker container from image meltano:latest
[2025-07-10T14:52:28.886+0000] {docker.py:429} INFO - Running meltano install...
[2025-07-10T14:52:30.964+0000] {docker.py:429} INFO - [2m2025-07-10T14:52:30.962432Z[0m [[32m[1minfo     [0m] [1mInstalling 7 plugins          [0m
[2025-07-10T14:52:30.997+0000] {docker.py:429} INFO - [2m2025-07-10T14:52:30.996236Z[0m [[32m[1minfo     [0m] [1mInstalling extractor 'tap-postgres'[0m
[2025-07-10T14:52:31.035+0000] {docker.py:429} INFO - [2m2025-07-10T14:52:31.034669Z[0m [[32m[1minfo     [0m] [1mInstalling extractor 'tap-csv'[0m
[2025-07-10T14:52:31.066+0000] {docker.py:429} INFO - [2m2025-07-10T14:52:31.065772Z[0m [[32m[1minfo     [0m] [1mInstalling extractor 'tap-csv-latest'[0m
[2025-07-10T14:52:31.104+0000] {docker.py:429} INFO - [2m2025-07-10T14:52:31.103713Z[0m [[32m[1minfo     [0m] [1mInstalling loader 'target-postgres'[0m
[2025-07-10T14:52:31.142+0000] {docker.py:429} INFO - [2m2025-07-10T14:52:31.141605Z[0m [[32m[1minfo     [0m] [1mInstalling loader 'target-csv'[0m
[2025-07-10T14:52:31.177+0000] {docker.py:429} INFO - [2m2025-07-10T14:52:31.176446Z[0m [[32m[1minfo     [0m] [1mInstalling loader 'target-csv-postgres'[0m
[2025-07-10T14:52:31.215+0000] {docker.py:429} INFO - [2m2025-07-10T14:52:31.214067Z[0m [[32m[1minfo     [0m] [1mInstalling loader 'target-csv-csv'[0m
[2025-07-10T14:52:32.455+0000] {docker.py:429} INFO - [2m2025-07-10T14:52:32.454394Z[0m [[32m[1minfo     [0m] [1mInstalled extractor 'tap-postgres'[0m
[2025-07-10T14:52:32.628+0000] {docker.py:429} INFO - [2m2025-07-10T14:52:32.627767Z[0m [[32m[1minfo     [0m] [1mInstalled loader 'target-postgres'[0m
[2025-07-10T14:52:39.049+0000] {docker.py:429} INFO - [2m2025-07-10T14:52:39.048572Z[0m [[32m[1minfo     [0m] [1mInstalled extractor 'tap-csv-latest'[0m
[2025-07-10T14:52:39.082+0000] {docker.py:429} INFO - [2m2025-07-10T14:52:39.081512Z[0m [[32m[1minfo     [0m] [1mInstalled extractor 'tap-csv' [0m
[2025-07-10T14:52:39.135+0000] {docker.py:429} INFO - [2m2025-07-10T14:52:39.134742Z[0m [[32m[1minfo     [0m] [1mInstalled loader 'target-csv' [0m
[2025-07-10T14:52:39.232+0000] {docker.py:429} INFO - [2m2025-07-10T14:52:39.231467Z[0m [[32m[1minfo     [0m] [1mInstalled loader 'target-csv-csv'[0m
[2025-07-10T14:52:39.273+0000] {docker.py:429} INFO - [2m2025-07-10T14:52:39.272740Z[0m [[32m[1minfo     [0m] [1mInstalled loader 'target-csv-postgres'[0m
[2025-07-10T14:52:39.274+0000] {docker.py:429} INFO - [2m2025-07-10T14:52:39.273164Z[0m [[32m[1minfo     [0m] [1mInstalled 7/7 plugins         [0m
[2025-07-10T14:52:40.482+0000] {docker.py:429} INFO - Meltano install completed. Executing command: meltano el tap-csv target-csv-csv
[2025-07-10T14:52:42.398+0000] {docker.py:429} INFO - [2m2025-07-10T14:52:42.397347Z[0m [[32m[1minfo     [0m] [1mEnvironment 'dev' is active   [0m
[2025-07-10T14:52:42.934+0000] {docker.py:429} INFO - [2m2025-07-10T14:52:42.933806Z[0m [[32m[1minfo     [0m] [1mRunning extract & load...     [0m [36mname[0m=[35mmeltano[0m [36mrun_id[0m=[35ma409188e-270b-49a8-aa80-3800de9e30c1[0m [36mstate_id[0m=[35m2025-07-10T145242--tap-csv--target-csv-csv[0m
[2025-07-10T14:52:44.738+0000] {docker.py:429} INFO - [2m2025-07-10T14:52:44.737319Z[0m [[32m[1minfo     [0m] [1mINFO Sending version information to singer.io. To disable sending anonymous usage data, set the config parameter "disable_collection" to true[0m [36mcmd_type[0m=[35mloader[0m [36mname[0m=[35mtarget-csv-csv[0m [36mrun_id[0m=[35ma409188e-270b-49a8-aa80-3800de9e30c1[0m [36mstate_id[0m=[35m2025-07-10T145242--tap-csv--target-csv-csv[0m [36mstdio[0m=[35mstderr[0m
[2025-07-10T14:52:45.132+0000] {docker.py:429} INFO - [2m2025-07-10T14:52:45.130564Z[0m [[32m[1minfo     [0m] [1m/opt/meltano/.meltano/extractors/tap-csv/venv/lib/python3.9/site-packages/singer_sdk/tap_base.py:516: SingerSDKDeprecationWarning: Passing a catalog file path is deprecated. Please pass the catalog as a dictionary or Catalog object instead.[0m [36mcmd_type[0m=[35mextractor[0m [36mname[0m=[35mtap-csv[0m [36mrun_id[0m=[35ma409188e-270b-49a8-aa80-3800de9e30c1[0m [36mstate_id[0m=[35m2025-07-10T145242--tap-csv--target-csv-csv[0m [36mstdio[0m=[35mstderr[0m
[2025-07-10T14:52:45.133+0000] {docker.py:429} INFO - [2m2025-07-10T14:52:45.131568Z[0m [[32m[1minfo     [0m] [1m  tap = cls(                  [0m [36mcmd_type[0m=[35mextractor[0m [36mname[0m=[35mtap-csv[0m [36mrun_id[0m=[35ma409188e-270b-49a8-aa80-3800de9e30c1[0m [36mstate_id[0m=[35m2025-07-10T145242--tap-csv--target-csv-csv[0m [36mstdio[0m=[35mstderr[0m
[2025-07-10T14:52:45.134+0000] {docker.py:429} INFO - [2m2025-07-10T14:52:45.132495Z[0m [[32m[1minfo     [0m] [1m                              [0m [36mcmd_type[0m=[35mextractor[0m [36mname[0m=[35mtap-csv[0m [36mrun_id[0m=[35ma409188e-270b-49a8-aa80-3800de9e30c1[0m [36mstate_id[0m=[35m2025-07-10T145242--tap-csv--target-csv-csv[0m [36mstdio[0m=[35mstderr[0m
[2025-07-10T14:52:45.134+0000] {docker.py:429} INFO - [2m2025-07-10T14:52:45.133227Z[0m [[32m[1minfo     [0m] [1mBeginning full_table sync of 'order_details'...[0m [36mcmd_type[0m=[35mextractor[0m [36mname[0m=[35mtap-csv[0m [36mrun_id[0m=[35ma409188e-270b-49a8-aa80-3800de9e30c1[0m [36mstate_id[0m=[35m2025-07-10T145242--tap-csv--target-csv-csv[0m [36mstdio[0m=[35mstderr[0m
[2025-07-10T14:52:45.135+0000] {docker.py:429} INFO - [2m2025-07-10T14:52:45.134027Z[0m [[32m[1minfo     [0m] [1mTap has custom mapper. Using 1 provided map(s).[0m [36mcmd_type[0m=[35mextractor[0m [36mname[0m=[35mtap-csv[0m [36mrun_id[0m=[35ma409188e-270b-49a8-aa80-3800de9e30c1[0m [36mstate_id[0m=[35m2025-07-10T145242--tap-csv--target-csv-csv[0m [36mstdio[0m=[35mstderr[0m
[2025-07-10T14:52:45.345+0000] {docker.py:429} INFO - [2m2025-07-10T14:52:45.344688Z[0m [[32m[1minfo     [0m] [1mMETRIC: {"type": "timer", "metric": "sync_duration", "value": 0.21020746231079102, "tags": {"stream": "order_details", "pid": 176, "context": {}, "status": "succeeded"}}[0m [36mcmd_type[0m=[35mextractor[0m [36mname[0m=[35mtap-csv[0m [36mrun_id[0m=[35ma409188e-270b-49a8-aa80-3800de9e30c1[0m [36mstate_id[0m=[35m2025-07-10T145242--tap-csv--target-csv-csv[0m [36mstdio[0m=[35mstderr[0m
[2025-07-10T14:52:45.346+0000] {docker.py:429} INFO - [2m2025-07-10T14:52:45.345276Z[0m [[32m[1minfo     [0m] [1mMETRIC: {"type": "counter", "metric": "record_count", "value": 2155, "tags": {"stream": "order_details", "pid": 176, "context": {}}}[0m [36mcmd_type[0m=[35mextractor[0m [36mname[0m=[35mtap-csv[0m [36mrun_id[0m=[35ma409188e-270b-49a8-aa80-3800de9e30c1[0m [36mstate_id[0m=[35m2025-07-10T145242--tap-csv--target-csv-csv[0m [36mstdio[0m=[35mstderr[0m
[2025-07-10T14:52:45.473+0000] {docker.py:429} INFO - [2m2025-07-10T14:52:45.473031Z[0m [[32m[1minfo     [0m] [1mUsing systemdb state backend  [0m
[2025-07-10T14:52:45.487+0000] {docker.py:429} INFO - [2m2025-07-10T14:52:45.486332Z[0m [[32m[1minfo     [0m] [1mIncremental state has been updated at 2025-07-10 14:52:45.486292+00:00.[0m
[2025-07-10T14:52:45.488+0000] {docker.py:429} INFO - [2m2025-07-10T14:52:45.487751Z[0m [[32m[1minfo     [0m] [1mExtract & load complete!      [0m [36mname[0m=[35mmeltano[0m [36mrun_id[0m=[35ma409188e-270b-49a8-aa80-3800de9e30c1[0m [36mstate_id[0m=[35m2025-07-10T145242--tap-csv--target-csv-csv[0m
[2025-07-10T14:52:45.488+0000] {docker.py:429} INFO - [2m2025-07-10T14:52:45.488050Z[0m [[32m[1minfo     [0m] [1mTransformation skipped.       [0m [36mname[0m=[35mmeltano[0m [36mrun_id[0m=[35ma409188e-270b-49a8-aa80-3800de9e30c1[0m [36mstate_id[0m=[35m2025-07-10T145242--tap-csv--target-csv-csv[0m
[2025-07-10T14:52:47.048+0000] {taskinstance.py:1138} INFO - Marking task as SUCCESS. dag_id=northwind, task_id=extração_csv, execution_date=20250710T145142, start_date=20250710T145227, end_date=20250710T145247
[2025-07-10T14:52:47.095+0000] {local_task_job_runner.py:234} INFO - Task exited with return code 0
[2025-07-10T14:52:47.148+0000] {taskinstance.py:3280} INFO - 1 downstream tasks scheduled from follow-on schedule check
