[2025-07-10T15:52:29.796+0000] {taskinstance.py:1956} INFO - Dependencies all met for dep_context=non-requeueable deps ti=<TaskInstance: northwind.gerar_config_csv_dinamica manual__2025-07-10T15:51:14.947997+00:00 [queued]>
[2025-07-10T15:52:29.827+0000] {taskinstance.py:1956} INFO - Dependencies all met for dep_context=requeueable deps ti=<TaskInstance: northwind.gerar_config_csv_dinamica manual__2025-07-10T15:51:14.947997+00:00 [queued]>
[2025-07-10T15:52:29.828+0000] {taskinstance.py:2170} INFO - Starting attempt 1 of 2
[2025-07-10T15:52:29.858+0000] {taskinstance.py:2191} INFO - Executing <Task(DockerOperator): gerar_config_csv_dinamica> on 2025-07-10 15:51:14.947997+00:00
[2025-07-10T15:52:29.868+0000] {standard_task_runner.py:60} INFO - Started process 189 to run task
[2025-07-10T15:52:29.877+0000] {standard_task_runner.py:87} INFO - Running: ['***', 'tasks', 'run', 'northwind', 'gerar_config_csv_dinamica', 'manual__2025-07-10T15:51:14.947997+00:00', '--job-id', '120', '--raw', '--subdir', 'DAGS_FOLDER/northwind.py', '--cfg-path', '/tmp/tmpfm4zjd1_']
[2025-07-10T15:52:29.884+0000] {standard_task_runner.py:88} INFO - Job 120: Subtask gerar_config_csv_dinamica
[2025-07-10T15:52:29.969+0000] {task_command.py:423} INFO - Running <TaskInstance: northwind.gerar_config_csv_dinamica manual__2025-07-10T15:51:14.947997+00:00 [running]> on host 87f80a715696
[2025-07-10T15:52:30.180+0000] {taskinstance.py:2480} INFO - Exporting env vars: AIRFLOW_CTX_DAG_EMAIL='lrbf@cin.ufpe.br' AIRFLOW_CTX_DAG_OWNER='***' AIRFLOW_CTX_DAG_ID='northwind' AIRFLOW_CTX_TASK_ID='gerar_config_csv_dinamica' AIRFLOW_CTX_EXECUTION_DATE='2025-07-10T15:51:14.947997+00:00' AIRFLOW_CTX_TRY_NUMBER='1' AIRFLOW_CTX_DAG_RUN_ID='manual__2025-07-10T15:51:14.947997+00:00'
[2025-07-10T15:52:30.524+0000] {docker.py:359} INFO - Starting docker container from image meltano:latest
[2025-07-10T15:52:31.050+0000] {docker.py:429} INFO - Running meltano install...
[2025-07-10T15:52:33.583+0000] {docker.py:429} INFO - [2m2025-07-10T15:52:33.581695Z[0m [[32m[1minfo     [0m] [1mInstalling 7 plugins          [0m
[2025-07-10T15:52:33.607+0000] {docker.py:429} INFO - [2m2025-07-10T15:52:33.607225Z[0m [[32m[1minfo     [0m] [1mInstalling extractor 'tap-postgres'[0m
[2025-07-10T15:52:33.648+0000] {docker.py:429} INFO - [2m2025-07-10T15:52:33.647462Z[0m [[32m[1minfo     [0m] [1mInstalling extractor 'tap-csv'[0m
[2025-07-10T15:52:33.688+0000] {docker.py:429} INFO - [2m2025-07-10T15:52:33.687131Z[0m [[32m[1minfo     [0m] [1mInstalling extractor 'tap-csv-latest'[0m
[2025-07-10T15:52:33.729+0000] {docker.py:429} INFO - [2m2025-07-10T15:52:33.727812Z[0m [[32m[1minfo     [0m] [1mInstalling loader 'target-postgres'[0m
[2025-07-10T15:52:33.793+0000] {docker.py:429} INFO - [2m2025-07-10T15:52:33.791644Z[0m [[32m[1minfo     [0m] [1mInstalling loader 'target-csv'[0m
[2025-07-10T15:52:33.873+0000] {docker.py:429} INFO - [2m2025-07-10T15:52:33.870572Z[0m [[32m[1minfo     [0m] [1mInstalling loader 'target-csv-postgres'[0m
[2025-07-10T15:52:33.967+0000] {docker.py:429} INFO - [2m2025-07-10T15:52:33.965958Z[0m [[32m[1minfo     [0m] [1mInstalling loader 'target-csv-csv'[0m
[2025-07-10T15:52:33.553+0000] {docker.py:429} INFO - [2m2025-07-10T15:52:33.551366Z[0m [[32m[1minfo     [0m] [1mInstalled extractor 'tap-postgres'[0m
[2025-07-10T15:52:33.630+0000] {docker.py:429} INFO - [2m2025-07-10T15:52:33.629823Z[0m [[32m[1minfo     [0m] [1mInstalled loader 'target-postgres'[0m
[2025-07-10T15:52:42.035+0000] {docker.py:429} INFO - [2m2025-07-10T15:52:42.032895Z[0m [[32m[1minfo     [0m] [1mInstalled extractor 'tap-csv' [0m
[2025-07-10T15:52:42.040+0000] {docker.py:429} INFO - [2m2025-07-10T15:52:42.039277Z[0m [[32m[1minfo     [0m] [1mInstalled extractor 'tap-csv-latest'[0m
[2025-07-10T15:52:43.217+0000] {docker.py:429} INFO - [2m2025-07-10T15:52:43.211271Z[0m [[32m[1minfo     [0m] [1mInstalled loader 'target-csv' [0m
[2025-07-10T15:52:43.972+0000] {docker.py:429} INFO - [2m2025-07-10T15:52:43.970306Z[0m [[32m[1minfo     [0m] [1mInstalled loader 'target-csv-csv'[0m
[2025-07-10T15:52:44.164+0000] {docker.py:429} INFO - [2m2025-07-10T15:52:44.163682Z[0m [[32m[1minfo     [0m] [1mInstalled loader 'target-csv-postgres'[0m
[2025-07-10T15:52:44.165+0000] {docker.py:429} INFO - [2m2025-07-10T15:52:44.164163Z[0m [[32m[1minfo     [0m] [1mInstalled 7/7 plugins         [0m
[2025-07-10T15:52:46.063+0000] {docker.py:429} INFO - Meltano install completed. Executing command: python /opt/meltano/scripts/generate_csv_config.py
[2025-07-10T15:52:46.220+0000] {docker.py:429} INFO - [{"entity": "order_details", "path": "/opt/output_data/csv/order_details/2025-07-10/file.csv", "keys": ["order_id", "product_id"], "delimiter": ",", "encoding": "utf-8"}, {"entity": "public-categories", "path": "/opt/output_data/postgres/public-categories/2025-07-10/file.csv", "keys": ["category_id"], "delimiter": ",", "encoding": "utf-8"}, {"entity": "public-products", "path": "/opt/output_data/postgres/public-products/2025-07-10/file.csv", "keys": ["product_id"], "delimiter": ",", "encoding": "utf-8"}, {"entity": "public-suppliers", "path": "/opt/output_data/postgres/public-suppliers/2025-07-10/file.csv", "keys": ["supplier_id"], "delimiter": ",", "encoding": "utf-8"}, {"entity": "public-orders", "path": "/opt/output_data/postgres/public-orders/2025-07-10/file.csv", "keys": ["order_id"], "delimiter": ",", "encoding": "utf-8"}, {"entity": "public-customers", "path": "/opt/output_data/postgres/public-customers/2025-07-10/file.csv", "keys": ["customer_id"], "delimiter": ",", "encoding": "utf-8"}, {"entity": "public-employees", "path": "/opt/output_data/postgres/public-employees/2025-07-10/file.csv", "keys": ["employee_id"], "delimiter": ",", "encoding": "utf-8"}, {"entity": "public-employee_territories", "path": "/opt/output_data/postgres/public-employee_territories/2025-07-10/file.csv", "keys": ["employee_id", "territory_id"], "delimiter": ",", "encoding": "utf-8"}, {"entity": "public-territories", "path": "/opt/output_data/postgres/public-territories/2025-07-10/file.csv", "keys": ["territory_id"], "delimiter": ",", "encoding": "utf-8"}, {"entity": "public-region", "path": "/opt/output_data/postgres/public-region/2025-07-10/file.csv", "keys": ["region_id"], "delimiter": ",", "encoding": "utf-8"}, {"entity": "public-shippers", "path": "/opt/output_data/postgres/public-shippers/2025-07-10/file.csv", "keys": ["shipper_id"], "delimiter": ",", "encoding": "utf-8"}, {"entity": "public-us_states", "path": "/opt/output_data/postgres/public-us_states/2025-07-10/file.csv", "keys": ["state_id"], "delimiter": ",", "encoding": "utf-8"}]
[2025-07-10T15:52:46.933+0000] {taskinstance.py:1138} INFO - Marking task as SUCCESS. dag_id=northwind, task_id=gerar_config_csv_dinamica, execution_date=20250710T155114, start_date=20250710T155229, end_date=20250710T155246
[2025-07-10T15:52:47.042+0000] {local_task_job_runner.py:234} INFO - Task exited with return code 0
[2025-07-10T15:52:47.129+0000] {taskinstance.py:3280} INFO - 1 downstream tasks scheduled from follow-on schedule check
