[2025-06-26T14:41:19.042+0000] {taskinstance.py:1956} INFO - Dependencies all met for dep_context=non-requeueable deps ti=<TaskInstance: northwind.extração_csv manual__2025-06-26T14:40:31.847033+00:00 [queued]>
[2025-06-26T14:41:19.060+0000] {taskinstance.py:1956} INFO - Dependencies all met for dep_context=requeueable deps ti=<TaskInstance: northwind.extração_csv manual__2025-06-26T14:40:31.847033+00:00 [queued]>
[2025-06-26T14:41:19.060+0000] {taskinstance.py:2170} INFO - Starting attempt 1 of 2
[2025-06-26T14:41:19.083+0000] {taskinstance.py:2191} INFO - Executing <Task(DockerOperator): extração_csv> on 2025-06-26 14:40:31.847033+00:00
[2025-06-26T14:41:19.090+0000] {standard_task_runner.py:60} INFO - Started process 202 to run task
[2025-06-26T14:41:19.096+0000] {standard_task_runner.py:87} INFO - Running: ['***', 'tasks', 'run', 'northwind', 'extração_csv', 'manual__2025-06-26T14:40:31.847033+00:00', '--job-id', '255', '--raw', '--subdir', 'DAGS_FOLDER/dag.py', '--cfg-path', '/tmp/tmpkzarswh2']
[2025-06-26T14:41:19.100+0000] {standard_task_runner.py:88} INFO - Job 255: Subtask extração_csv
[2025-06-26T14:41:19.179+0000] {task_command.py:423} INFO - Running <TaskInstance: northwind.extração_csv manual__2025-06-26T14:40:31.847033+00:00 [running]> on host 6afc1f3750fb
[2025-06-26T14:41:19.335+0000] {taskinstance.py:2480} INFO - Exporting env vars: AIRFLOW_CTX_DAG_EMAIL='lrbf@cin.ufpe.br' AIRFLOW_CTX_DAG_OWNER='***' AIRFLOW_CTX_DAG_ID='northwind' AIRFLOW_CTX_TASK_ID='extração_csv' AIRFLOW_CTX_EXECUTION_DATE='2025-06-26T14:40:31.847033+00:00' AIRFLOW_CTX_TRY_NUMBER='1' AIRFLOW_CTX_DAG_RUN_ID='manual__2025-06-26T14:40:31.847033+00:00'
[2025-06-26T14:41:19.742+0000] {docker.py:359} INFO - Starting docker container from image meltano:latest
[2025-06-26T14:41:19.754+0000] {docker.py:367} WARNING - Using remote engine or docker-in-docker and mounting temporary volume from host is not supported. Falling back to `mount_tmp_dir=False` mode. You can set `mount_tmp_dir` parameter to False to disable mounting and remove the warning
[2025-06-26T14:41:20.567+0000] {docker.py:429} INFO - Running meltano install...
[2025-06-26T14:41:22.223+0000] {docker.py:429} INFO - [2m2025-06-26T14:41:22.222492Z[0m [[32m[1minfo     [0m] [1mInstalling 7 plugins          [0m
[2025-06-26T14:41:22.235+0000] {docker.py:429} INFO - [2m2025-06-26T14:41:22.234524Z[0m [[32m[1minfo     [0m] [1mInstalling extractor 'tap-postgres'[0m
[2025-06-26T14:41:22.251+0000] {docker.py:429} INFO - [2m2025-06-26T14:41:22.250489Z[0m [[32m[1minfo     [0m] [1mInstalling extractor 'tap-csv'[0m
[2025-06-26T14:41:22.279+0000] {docker.py:429} INFO - [2m2025-06-26T14:41:22.278505Z[0m [[32m[1minfo     [0m] [1mInstalling extractor 'tap-csv-latest'[0m
[2025-06-26T14:41:22.310+0000] {docker.py:429} INFO - [2m2025-06-26T14:41:22.309114Z[0m [[32m[1minfo     [0m] [1mInstalling loader 'target-postgres'[0m
[2025-06-26T14:41:22.343+0000] {docker.py:429} INFO - [2m2025-06-26T14:41:22.342934Z[0m [[32m[1minfo     [0m] [1mInstalling loader 'target-csv'[0m
[2025-06-26T14:41:22.378+0000] {docker.py:429} INFO - [2m2025-06-26T14:41:22.376676Z[0m [[32m[1minfo     [0m] [1mInstalling loader 'target-csv-postgres'[0m
[2025-06-26T14:41:22.416+0000] {docker.py:429} INFO - [2m2025-06-26T14:41:22.415191Z[0m [[32m[1minfo     [0m] [1mInstalling loader 'target-csv-csv'[0m
[2025-06-26T14:41:25.118+0000] {docker.py:429} INFO - [2m2025-06-26T14:41:25.117378Z[0m [[32m[1minfo     [0m] [1mInstalled extractor 'tap-postgres'[0m
[2025-06-26T14:41:25.137+0000] {docker.py:429} INFO - [2m2025-06-26T14:41:25.135939Z[0m [[32m[1minfo     [0m] [1mInstalled loader 'target-postgres'[0m
[2025-06-26T14:41:32.849+0000] {docker.py:429} INFO - [2m2025-06-26T14:41:32.848709Z[0m [[32m[1minfo     [0m] [1mInstalled extractor 'tap-csv' [0m
[2025-06-26T14:41:33.105+0000] {docker.py:429} INFO - [2m2025-06-26T14:41:33.104476Z[0m [[32m[1minfo     [0m] [1mInstalled extractor 'tap-csv-latest'[0m
[2025-06-26T14:41:33.929+0000] {docker.py:429} INFO - [2m2025-06-26T14:41:33.928675Z[0m [[32m[1minfo     [0m] [1mInstalled loader 'target-csv' [0m
[2025-06-26T14:41:34.104+0000] {docker.py:429} INFO - [2m2025-06-26T14:41:34.103622Z[0m [[32m[1minfo     [0m] [1mInstalled loader 'target-csv-csv'[0m
[2025-06-26T14:41:34.302+0000] {docker.py:429} INFO - [2m2025-06-26T14:41:34.301791Z[0m [[32m[1minfo     [0m] [1mInstalled loader 'target-csv-postgres'[0m
[2025-06-26T14:41:34.303+0000] {docker.py:429} INFO - [2m2025-06-26T14:41:34.302168Z[0m [[32m[1minfo     [0m] [1mInstalled 7/7 plugins         [0m
[2025-06-26T14:41:35.269+0000] {docker.py:429} INFO - Meltano install completed. Executing command: meltano el tap-csv target-csv-csv
[2025-06-26T14:41:36.480+0000] {docker.py:429} INFO - [2m2025-06-26T14:41:36.477016Z[0m [[32m[1minfo     [0m] [1mEnvironment 'dev' is active   [0m
[2025-06-26T14:41:36.831+0000] {docker.py:429} INFO - [2m2025-06-26T14:41:36.829950Z[0m [[32m[1minfo     [0m] [1mRunning extract & load...     [0m [36mname[0m=[35mmeltano[0m [36mrun_id[0m=[35m1a7b533a-26b8-4f15-8169-f7d06b940ca0[0m [36mstate_id[0m=[35m2025-06-26T144136--tap-csv--target-csv-csv[0m
[2025-06-26T14:41:38.196+0000] {docker.py:429} INFO - [2m2025-06-26T14:41:38.195498Z[0m [[32m[1minfo     [0m] [1mINFO Sending version information to singer.io. To disable sending anonymous usage data, set the config parameter "disable_collection" to true[0m [36mcmd_type[0m=[35mloader[0m [36mname[0m=[35mtarget-csv-csv[0m [36mrun_id[0m=[35m1a7b533a-26b8-4f15-8169-f7d06b940ca0[0m [36mstate_id[0m=[35m2025-06-26T144136--tap-csv--target-csv-csv[0m [36mstdio[0m=[35mstderr[0m
[2025-06-26T14:41:38.428+0000] {docker.py:429} INFO - [2m2025-06-26T14:41:38.427641Z[0m [[32m[1minfo     [0m] [1mBeginning full_table sync of 'order_details'...[0m [36mcmd_type[0m=[35mextractor[0m [36mname[0m=[35mtap-csv[0m [36mrun_id[0m=[35m1a7b533a-26b8-4f15-8169-f7d06b940ca0[0m [36mstate_id[0m=[35m2025-06-26T144136--tap-csv--target-csv-csv[0m [36mstdio[0m=[35mstderr[0m
[2m2025-06-26T14:41:38.427941Z[0m [[32m[1minfo     [0m] [1mTap has custom mapper. Using 1 provided map(s).[0m [36mcmd_type[0m=[35mextractor[0m [36mname[0m=[35mtap-csv[0m [36mrun_id[0m=[35m1a7b533a-26b8-4f15-8169-f7d06b940ca0[0m [36mstate_id[0m=[35m2025-06-26T144136--tap-csv--target-csv-csv[0m [36mstdio[0m=[35mstderr[0m
[2025-06-26T14:41:38.635+0000] {docker.py:429} INFO - [2m2025-06-26T14:41:38.634882Z[0m [[32m[1minfo     [0m] [1mMETRIC: {"type": "timer", "metric": "sync_duration", "value": 0.20594167709350586, "tags": {"stream": "order_details", "pid": 174, "context": {}, "status": "succeeded"}}[0m [36mcmd_type[0m=[35mextractor[0m [36mname[0m=[35mtap-csv[0m [36mrun_id[0m=[35m1a7b533a-26b8-4f15-8169-f7d06b940ca0[0m [36mstate_id[0m=[35m2025-06-26T144136--tap-csv--target-csv-csv[0m [36mstdio[0m=[35mstderr[0m
[2025-06-26T14:41:38.636+0000] {docker.py:429} INFO - [2m2025-06-26T14:41:38.635418Z[0m [[32m[1minfo     [0m] [1mMETRIC: {"type": "counter", "metric": "record_count", "value": 2155, "tags": {"stream": "order_details", "pid": 174, "context": {}}}[0m [36mcmd_type[0m=[35mextractor[0m [36mname[0m=[35mtap-csv[0m [36mrun_id[0m=[35m1a7b533a-26b8-4f15-8169-f7d06b940ca0[0m [36mstate_id[0m=[35m2025-06-26T144136--tap-csv--target-csv-csv[0m [36mstdio[0m=[35mstderr[0m
[2025-06-26T14:41:38.765+0000] {docker.py:429} INFO - [2m2025-06-26T14:41:38.764202Z[0m [[32m[1minfo     [0m] [1mUsing systemdb state backend  [0m
[2025-06-26T14:41:38.780+0000] {docker.py:429} INFO - [2m2025-06-26T14:41:38.779495Z[0m [[32m[1minfo     [0m] [1mIncremental state has been updated at 2025-06-26 14:41:38.779437+00:00.[0m
[2025-06-26T14:41:38.793+0000] {docker.py:429} INFO - [2m2025-06-26T14:41:38.792611Z[0m [[32m[1minfo     [0m] [1mExtract & load complete!      [0m [36mname[0m=[35mmeltano[0m [36mrun_id[0m=[35m1a7b533a-26b8-4f15-8169-f7d06b940ca0[0m [36mstate_id[0m=[35m2025-06-26T144136--tap-csv--target-csv-csv[0m
[2m2025-06-26T14:41:38.792898Z[0m [[32m[1minfo     [0m] [1mTransformation skipped.       [0m [36mname[0m=[35mmeltano[0m [36mrun_id[0m=[35m1a7b533a-26b8-4f15-8169-f7d06b940ca0[0m [36mstate_id[0m=[35m2025-06-26T144136--tap-csv--target-csv-csv[0m
[2025-06-26T14:41:40.241+0000] {taskinstance.py:1138} INFO - Marking task as SUCCESS. dag_id=northwind, task_id=extração_csv, execution_date=20250626T144031, start_date=20250626T144119, end_date=20250626T144140
[2025-06-26T14:41:40.286+0000] {local_task_job_runner.py:234} INFO - Task exited with return code 0
[2025-06-26T14:41:40.307+0000] {taskinstance.py:3280} INFO - 2 downstream tasks scheduled from follow-on schedule check
