[2025-07-08T14:23:54.107+0000] {taskinstance.py:1956} INFO - Dependencies all met for dep_context=non-requeueable deps ti=<TaskInstance: northwind.extração_csv manual__2025-07-08T14:23:24.796708+00:00 [queued]>
[2025-07-08T14:23:54.119+0000] {taskinstance.py:1956} INFO - Dependencies all met for dep_context=requeueable deps ti=<TaskInstance: northwind.extração_csv manual__2025-07-08T14:23:24.796708+00:00 [queued]>
[2025-07-08T14:23:54.119+0000] {taskinstance.py:2170} INFO - Starting attempt 1 of 2
[2025-07-08T14:23:54.137+0000] {taskinstance.py:2191} INFO - Executing <Task(DockerOperator): extração_csv> on 2025-07-08 14:23:24.796708+00:00
[2025-07-08T14:23:54.145+0000] {standard_task_runner.py:60} INFO - Started process 206 to run task
[2025-07-08T14:23:54.153+0000] {standard_task_runner.py:87} INFO - Running: ['***', 'tasks', 'run', 'northwind', 'extração_csv', 'manual__2025-07-08T14:23:24.796708+00:00', '--job-id', '53', '--raw', '--subdir', 'DAGS_FOLDER/northwind.py', '--cfg-path', '/tmp/tmpvt5nq4w0']
[2025-07-08T14:23:54.162+0000] {standard_task_runner.py:88} INFO - Job 53: Subtask extração_csv
[2025-07-08T14:23:54.244+0000] {task_command.py:423} INFO - Running <TaskInstance: northwind.extração_csv manual__2025-07-08T14:23:24.796708+00:00 [running]> on host eee4e987cd13
[2025-07-08T14:23:54.356+0000] {taskinstance.py:2480} INFO - Exporting env vars: AIRFLOW_CTX_DAG_EMAIL='lrbf@cin.ufpe.br' AIRFLOW_CTX_DAG_OWNER='***' AIRFLOW_CTX_DAG_ID='northwind' AIRFLOW_CTX_TASK_ID='extração_csv' AIRFLOW_CTX_EXECUTION_DATE='2025-07-08T14:23:24.796708+00:00' AIRFLOW_CTX_TRY_NUMBER='1' AIRFLOW_CTX_DAG_RUN_ID='manual__2025-07-08T14:23:24.796708+00:00'
[2025-07-08T14:23:54.522+0000] {docker.py:359} INFO - Starting docker container from image meltano:latest
[2025-07-08T14:23:55.451+0000] {docker.py:429} INFO - Running meltano install...
[2025-07-08T14:23:58.517+0000] {docker.py:429} INFO - [2m2025-07-08T14:23:58.516872Z[0m [[32m[1minfo     [0m] [1mInstalling 7 plugins          [0m
[2025-07-08T14:23:58.542+0000] {docker.py:429} INFO - [2m2025-07-08T14:23:58.541825Z[0m [[32m[1minfo     [0m] [1mInstalling extractor 'tap-postgres'[0m
[2025-07-08T14:23:58.564+0000] {docker.py:429} INFO - [2m2025-07-08T14:23:58.563988Z[0m [[32m[1minfo     [0m] [1mInstalling extractor 'tap-csv'[0m
[2025-07-08T14:23:58.590+0000] {docker.py:429} INFO - [2m2025-07-08T14:23:58.589540Z[0m [[32m[1minfo     [0m] [1mInstalling extractor 'tap-csv-latest'[0m
[2025-07-08T14:23:58.625+0000] {docker.py:429} INFO - [2m2025-07-08T14:23:58.624542Z[0m [[32m[1minfo     [0m] [1mInstalling loader 'target-postgres'[0m
[2025-07-08T14:23:58.655+0000] {docker.py:429} INFO - [2m2025-07-08T14:23:58.654328Z[0m [[32m[1minfo     [0m] [1mInstalling loader 'target-csv'[0m
[2025-07-08T14:23:58.694+0000] {docker.py:429} INFO - [2m2025-07-08T14:23:58.693060Z[0m [[32m[1minfo     [0m] [1mInstalling loader 'target-csv-postgres'[0m
[2025-07-08T14:23:58.729+0000] {docker.py:429} INFO - [2m2025-07-08T14:23:58.728404Z[0m [[32m[1minfo     [0m] [1mInstalling loader 'target-csv-csv'[0m
[2025-07-08T14:24:00.272+0000] {docker.py:429} INFO - [2m2025-07-08T14:24:00.271616Z[0m [[32m[1minfo     [0m] [1mInstalled extractor 'tap-postgres'[0m
[2025-07-08T14:24:00.935+0000] {docker.py:429} INFO - [2m2025-07-08T14:24:00.934551Z[0m [[32m[1minfo     [0m] [1mInstalled loader 'target-postgres'[0m
[2025-07-08T14:24:07.686+0000] {docker.py:429} INFO - [2m2025-07-08T14:24:07.685891Z[0m [[32m[1minfo     [0m] [1mInstalled extractor 'tap-csv' [0m
[2025-07-08T14:24:08.762+0000] {docker.py:429} INFO - [2m2025-07-08T14:24:08.761397Z[0m [[32m[1minfo     [0m] [1mInstalled extractor 'tap-csv-latest'[0m
[2025-07-08T14:24:09.156+0000] {docker.py:429} INFO - [2m2025-07-08T14:24:09.155466Z[0m [[32m[1minfo     [0m] [1mInstalled loader 'target-csv' [0m
[2025-07-08T14:24:10.292+0000] {docker.py:429} INFO - [2m2025-07-08T14:24:10.291578Z[0m [[32m[1minfo     [0m] [1mInstalled loader 'target-csv-postgres'[0m
[2025-07-08T14:24:10.326+0000] {docker.py:429} INFO - [2m2025-07-08T14:24:10.325821Z[0m [[32m[1minfo     [0m] [1mInstalled loader 'target-csv-csv'[0m
[2025-07-08T14:24:10.327+0000] {docker.py:429} INFO - [2m2025-07-08T14:24:10.326259Z[0m [[32m[1minfo     [0m] [1mInstalled 7/7 plugins         [0m
[2025-07-08T14:24:11.226+0000] {docker.py:429} INFO - Meltano install completed. Executing command: meltano el tap-csv target-csv-csv
[2025-07-08T14:24:10.400+0000] {docker.py:429} INFO - [2m2025-07-08T14:24:10.399566Z[0m [[32m[1minfo     [0m] [1mEnvironment 'dev' is active   [0m
[2025-07-08T14:24:10.903+0000] {docker.py:429} INFO - [2m2025-07-08T14:24:10.902521Z[0m [[32m[1minfo     [0m] [1mRunning extract & load...     [0m [36mname[0m=[35mmeltano[0m [36mrun_id[0m=[35m4f720a3a-e13c-404c-8473-1165b6ab6736[0m [36mstate_id[0m=[35m2025-07-08T142410--tap-csv--target-csv-csv[0m
[2025-07-08T14:24:12.305+0000] {docker.py:429} INFO - [2m2025-07-08T14:24:12.304338Z[0m [[32m[1minfo     [0m] [1mINFO Sending version information to singer.io. To disable sending anonymous usage data, set the config parameter "disable_collection" to true[0m [36mcmd_type[0m=[35mloader[0m [36mname[0m=[35mtarget-csv-csv[0m [36mrun_id[0m=[35m4f720a3a-e13c-404c-8473-1165b6ab6736[0m [36mstate_id[0m=[35m2025-07-08T142410--tap-csv--target-csv-csv[0m [36mstdio[0m=[35mstderr[0m
[2025-07-08T14:24:12.685+0000] {docker.py:429} INFO - [2m2025-07-08T14:24:12.683656Z[0m [[32m[1minfo     [0m] [1m/opt/meltano/.meltano/extractors/tap-csv/venv/lib/python3.9/site-packages/singer_sdk/tap_base.py:516: SingerSDKDeprecationWarning: Passing a catalog file path is deprecated. Please pass the catalog as a dictionary or Catalog object instead.[0m [36mcmd_type[0m=[35mextractor[0m [36mname[0m=[35mtap-csv[0m [36mrun_id[0m=[35m4f720a3a-e13c-404c-8473-1165b6ab6736[0m [36mstate_id[0m=[35m2025-07-08T142410--tap-csv--target-csv-csv[0m [36mstdio[0m=[35mstderr[0m
[2025-07-08T14:24:12.686+0000] {docker.py:429} INFO - [2m2025-07-08T14:24:12.684547Z[0m [[32m[1minfo     [0m] [1m  tap = cls(                  [0m [36mcmd_type[0m=[35mextractor[0m [36mname[0m=[35mtap-csv[0m [36mrun_id[0m=[35m4f720a3a-e13c-404c-8473-1165b6ab6736[0m [36mstate_id[0m=[35m2025-07-08T142410--tap-csv--target-csv-csv[0m [36mstdio[0m=[35mstderr[0m
[2025-07-08T14:24:12.687+0000] {docker.py:429} INFO - [2m2025-07-08T14:24:12.685250Z[0m [[32m[1minfo     [0m] [1m                              [0m [36mcmd_type[0m=[35mextractor[0m [36mname[0m=[35mtap-csv[0m [36mrun_id[0m=[35m4f720a3a-e13c-404c-8473-1165b6ab6736[0m [36mstate_id[0m=[35m2025-07-08T142410--tap-csv--target-csv-csv[0m [36mstdio[0m=[35mstderr[0m
[2025-07-08T14:24:12.690+0000] {docker.py:429} INFO - [2m2025-07-08T14:24:12.688602Z[0m [[32m[1minfo     [0m] [1mBeginning full_table sync of 'order_details'...[0m [36mcmd_type[0m=[35mextractor[0m [36mname[0m=[35mtap-csv[0m [36mrun_id[0m=[35m4f720a3a-e13c-404c-8473-1165b6ab6736[0m [36mstate_id[0m=[35m2025-07-08T142410--tap-csv--target-csv-csv[0m [36mstdio[0m=[35mstderr[0m
[2025-07-08T14:24:12.692+0000] {docker.py:429} INFO - [2m2025-07-08T14:24:12.690075Z[0m [[32m[1minfo     [0m] [1mTap has custom mapper. Using 1 provided map(s).[0m [36mcmd_type[0m=[35mextractor[0m [36mname[0m=[35mtap-csv[0m [36mrun_id[0m=[35m4f720a3a-e13c-404c-8473-1165b6ab6736[0m [36mstate_id[0m=[35m2025-07-08T142410--tap-csv--target-csv-csv[0m [36mstdio[0m=[35mstderr[0m
[2025-07-08T14:24:12.933+0000] {docker.py:429} INFO - [2m2025-07-08T14:24:12.933061Z[0m [[32m[1minfo     [0m] [1mMETRIC: {"type": "timer", "metric": "sync_duration", "value": 0.24280595779418945, "tags": {"stream": "order_details", "pid": 176, "context": {}, "status": "succeeded"}}[0m [36mcmd_type[0m=[35mextractor[0m [36mname[0m=[35mtap-csv[0m [36mrun_id[0m=[35m4f720a3a-e13c-404c-8473-1165b6ab6736[0m [36mstate_id[0m=[35m2025-07-08T142410--tap-csv--target-csv-csv[0m [36mstdio[0m=[35mstderr[0m
[2025-07-08T14:24:12.934+0000] {docker.py:429} INFO - [2m2025-07-08T14:24:12.933561Z[0m [[32m[1minfo     [0m] [1mMETRIC: {"type": "counter", "metric": "record_count", "value": 2155, "tags": {"stream": "order_details", "pid": 176, "context": {}}}[0m [36mcmd_type[0m=[35mextractor[0m [36mname[0m=[35mtap-csv[0m [36mrun_id[0m=[35m4f720a3a-e13c-404c-8473-1165b6ab6736[0m [36mstate_id[0m=[35m2025-07-08T142410--tap-csv--target-csv-csv[0m [36mstdio[0m=[35mstderr[0m
[2025-07-08T14:24:13.093+0000] {docker.py:429} INFO - [2m2025-07-08T14:24:13.092782Z[0m [[32m[1minfo     [0m] [1mUsing systemdb state backend  [0m
[2025-07-08T14:24:13.109+0000] {docker.py:429} INFO - [2m2025-07-08T14:24:13.108164Z[0m [[32m[1minfo     [0m] [1mIncremental state has been updated at 2025-07-08 14:24:13.108119+00:00.[0m
[2025-07-08T14:24:13.110+0000] {docker.py:429} INFO - [2m2025-07-08T14:24:13.109845Z[0m [[32m[1minfo     [0m] [1mExtract & load complete!      [0m [36mname[0m=[35mmeltano[0m [36mrun_id[0m=[35m4f720a3a-e13c-404c-8473-1165b6ab6736[0m [36mstate_id[0m=[35m2025-07-08T142410--tap-csv--target-csv-csv[0m
[2025-07-08T14:24:13.111+0000] {docker.py:429} INFO - [2m2025-07-08T14:24:13.110222Z[0m [[32m[1minfo     [0m] [1mTransformation skipped.       [0m [36mname[0m=[35mmeltano[0m [36mrun_id[0m=[35m4f720a3a-e13c-404c-8473-1165b6ab6736[0m [36mstate_id[0m=[35m2025-07-08T142410--tap-csv--target-csv-csv[0m
[2025-07-08T14:24:14.523+0000] {taskinstance.py:1138} INFO - Marking task as SUCCESS. dag_id=northwind, task_id=extração_csv, execution_date=20250708T142324, start_date=20250708T142354, end_date=20250708T142414
[2025-07-08T14:24:14.583+0000] {local_task_job_runner.py:234} INFO - Task exited with return code 0
[2025-07-08T14:24:14.654+0000] {taskinstance.py:3280} INFO - 1 downstream tasks scheduled from follow-on schedule check
