[2025-07-09T20:46:16.063+0000] {taskinstance.py:1956} INFO - Dependencies all met for dep_context=non-requeueable deps ti=<TaskInstance: northwind.gerar_config_csv_dinamica manual__2025-07-09T20:45:38.869934+00:00 [queued]>
[2025-07-09T20:46:16.072+0000] {taskinstance.py:1956} INFO - Dependencies all met for dep_context=requeueable deps ti=<TaskInstance: northwind.gerar_config_csv_dinamica manual__2025-07-09T20:45:38.869934+00:00 [queued]>
[2025-07-09T20:46:16.073+0000] {taskinstance.py:2170} INFO - Starting attempt 1 of 2
[2025-07-09T20:46:16.084+0000] {taskinstance.py:2191} INFO - Executing <Task(DockerOperator): gerar_config_csv_dinamica> on 2025-07-09 20:45:38.869934+00:00
[2025-07-09T20:46:16.099+0000] {standard_task_runner.py:60} INFO - Started process 409 to run task
[2025-07-09T20:46:16.102+0000] {standard_task_runner.py:87} INFO - Running: ['***', 'tasks', 'run', 'northwind', 'gerar_config_csv_dinamica', 'manual__2025-07-09T20:45:38.869934+00:00', '--job-id', '90', '--raw', '--subdir', 'DAGS_FOLDER/northwind.py', '--cfg-path', '/tmp/tmptbadq3c1']
[2025-07-09T20:46:16.105+0000] {standard_task_runner.py:88} INFO - Job 90: Subtask gerar_config_csv_dinamica
[2025-07-09T20:46:16.165+0000] {task_command.py:423} INFO - Running <TaskInstance: northwind.gerar_config_csv_dinamica manual__2025-07-09T20:45:38.869934+00:00 [running]> on host 9d65785a077b
[2025-07-09T20:46:16.250+0000] {taskinstance.py:2480} INFO - Exporting env vars: AIRFLOW_CTX_DAG_EMAIL='lrbf@cin.ufpe.br' AIRFLOW_CTX_DAG_OWNER='***' AIRFLOW_CTX_DAG_ID='northwind' AIRFLOW_CTX_TASK_ID='gerar_config_csv_dinamica' AIRFLOW_CTX_EXECUTION_DATE='2025-07-09T20:45:38.869934+00:00' AIRFLOW_CTX_TRY_NUMBER='1' AIRFLOW_CTX_DAG_RUN_ID='manual__2025-07-09T20:45:38.869934+00:00'
[2025-07-09T20:46:16.312+0000] {docker.py:359} INFO - Starting docker container from image meltano:latest
[2025-07-09T20:46:16.608+0000] {docker.py:429} INFO - Running meltano install...
[2025-07-09T20:46:18.055+0000] {docker.py:429} INFO - [2m2025-07-09T20:46:18.054853Z[0m [[32m[1minfo     [0m] [1mInstalling 7 plugins          [0m
[2025-07-09T20:46:18.065+0000] {docker.py:429} INFO - [2m2025-07-09T20:46:18.064490Z[0m [[32m[1minfo     [0m] [1mInstalling extractor 'tap-postgres'[0m
[2025-07-09T20:46:18.084+0000] {docker.py:429} INFO - [2m2025-07-09T20:46:18.083958Z[0m [[32m[1minfo     [0m] [1mInstalling extractor 'tap-csv'[0m
[2025-07-09T20:46:18.107+0000] {docker.py:429} INFO - [2m2025-07-09T20:46:18.106379Z[0m [[32m[1minfo     [0m] [1mInstalling extractor 'tap-csv-latest'[0m
[2025-07-09T20:46:18.125+0000] {docker.py:429} INFO - [2m2025-07-09T20:46:18.124888Z[0m [[32m[1minfo     [0m] [1mInstalling loader 'target-postgres'[0m
[2025-07-09T20:46:18.150+0000] {docker.py:429} INFO - [2m2025-07-09T20:46:18.149468Z[0m [[32m[1minfo     [0m] [1mInstalling loader 'target-csv'[0m
[2025-07-09T20:46:18.179+0000] {docker.py:429} INFO - [2m2025-07-09T20:46:18.177279Z[0m [[32m[1minfo     [0m] [1mInstalling loader 'target-csv-postgres'[0m
[2025-07-09T20:46:18.219+0000] {docker.py:429} INFO - [2m2025-07-09T20:46:18.216870Z[0m [[32m[1minfo     [0m] [1mInstalling loader 'target-csv-csv'[0m
[2025-07-09T20:46:19.173+0000] {docker.py:429} INFO - [2m2025-07-09T20:46:19.172696Z[0m [[32m[1minfo     [0m] [1mInstalled extractor 'tap-postgres'[0m
[2025-07-09T20:46:19.235+0000] {docker.py:429} INFO - [2m2025-07-09T20:46:19.234063Z[0m [[32m[1minfo     [0m] [1mInstalled loader 'target-postgres'[0m
[2025-07-09T20:46:23.173+0000] {docker.py:429} INFO - [2m2025-07-09T20:46:23.172429Z[0m [[32m[1minfo     [0m] [1mInstalled extractor 'tap-csv-latest'[0m
[2025-07-09T20:46:23.181+0000] {docker.py:429} INFO - [2m2025-07-09T20:46:23.180756Z[0m [[32m[1minfo     [0m] [1mInstalled extractor 'tap-csv' [0m
[2025-07-09T20:46:23.540+0000] {docker.py:429} INFO - [2m2025-07-09T20:46:23.539448Z[0m [[32m[1minfo     [0m] [1mInstalled loader 'target-csv' [0m
[2025-07-09T20:46:23.700+0000] {docker.py:429} INFO - [2m2025-07-09T20:46:23.699782Z[0m [[32m[1minfo     [0m] [1mInstalled loader 'target-csv-csv'[0m
[2025-07-09T20:46:23.756+0000] {docker.py:429} INFO - [2m2025-07-09T20:46:23.755429Z[0m [[32m[1minfo     [0m] [1mInstalled loader 'target-csv-postgres'[0m
[2m2025-07-09T20:46:23.755773Z[0m [[32m[1minfo     [0m] [1mInstalled 7/7 plugins         [0m
[2025-07-09T20:46:24.561+0000] {docker.py:429} INFO - Meltano install completed. Executing command: python /opt/meltano/scripts/generate_csv_config.py
[2025-07-09T20:46:24.597+0000] {docker.py:429} INFO - [{"entity": "order_details", "path": "/opt/output_data/csv/order_details/2025-07-09/file.csv", "keys": ["order_id", "product_id"], "delimiter": ",", "encoding": "utf-8"}, {"entity": "public-categories", "path": "/opt/output_data/postgres/public-categories/2025-07-09/file.csv", "keys": ["category_id"], "delimiter": ",", "encoding": "utf-8"}, {"entity": "public-products", "path": "/opt/output_data/postgres/public-products/2025-07-09/file.csv", "keys": ["product_id"], "delimiter": ",", "encoding": "utf-8"}, {"entity": "public-suppliers", "path": "/opt/output_data/postgres/public-suppliers/2025-07-09/file.csv", "keys": ["supplier_id"], "delimiter": ",", "encoding": "utf-8"}, {"entity": "public-orders", "path": "/opt/output_data/postgres/public-orders/2025-07-09/file.csv", "keys": ["order_id"], "delimiter": ",", "encoding": "utf-8"}, {"entity": "public-customers", "path": "/opt/output_data/postgres/public-customers/2025-07-09/file.csv", "keys": ["customer_id"], "delimiter": ",", "encoding": "utf-8"}, {"entity": "public-employees", "path": "/opt/output_data/postgres/public-employees/2025-07-09/file.csv", "keys": ["employee_id"], "delimiter": ",", "encoding": "utf-8"}, {"entity": "public-employee_territories", "path": "/opt/output_data/postgres/public-employee_territories/2025-07-09/file.csv", "keys": ["employee_id", "territory_id"], "delimiter": ",", "encoding": "utf-8"}, {"entity": "public-territories", "path": "/opt/output_data/postgres/public-territories/2025-07-09/file.csv", "keys": ["territory_id"], "delimiter": ",", "encoding": "utf-8"}, {"entity": "public-region", "path": "/opt/output_data/postgres/public-region/2025-07-09/file.csv", "keys": ["region_id"], "delimiter": ",", "encoding": "utf-8"}, {"entity": "public-shippers", "path": "/opt/output_data/postgres/public-shippers/2025-07-09/file.csv", "keys": ["shipper_id"], "delimiter": ",", "encoding": "utf-8"}, {"entity": "public-us_states", "path": "/opt/output_data/postgres/public-us_states/2025-07-09/file.csv", "keys": ["state_id"], "delimiter": ",", "encoding": "utf-8"}]
[2025-07-09T20:46:24.842+0000] {taskinstance.py:1138} INFO - Marking task as SUCCESS. dag_id=northwind, task_id=gerar_config_csv_dinamica, execution_date=20250709T204538, start_date=20250709T204616, end_date=20250709T204624
[2025-07-09T20:46:24.880+0000] {local_task_job_runner.py:234} INFO - Task exited with return code 0
[2025-07-09T20:46:24.901+0000] {taskinstance.py:3280} INFO - 1 downstream tasks scheduled from follow-on schedule check
