[2025-06-24T20:58:53.610+0000] {taskinstance.py:1956} INFO - Dependencies all met for dep_context=non-requeueable deps ti=<TaskInstance: northwind.carregamento_postgres manual__2025-06-24T20:57:20.177332+00:00 [queued]>
[2025-06-24T20:58:53.622+0000] {taskinstance.py:1956} INFO - Dependencies all met for dep_context=requeueable deps ti=<TaskInstance: northwind.carregamento_postgres manual__2025-06-24T20:57:20.177332+00:00 [queued]>
[2025-06-24T20:58:53.622+0000] {taskinstance.py:2170} INFO - Starting attempt 1 of 2
[2025-06-24T20:58:53.637+0000] {taskinstance.py:2191} INFO - Executing <Task(DockerOperator): carregamento_postgres> on 2025-06-24 20:57:20.177332+00:00
[2025-06-24T20:58:53.643+0000] {standard_task_runner.py:60} INFO - Started process 196 to run task
[2025-06-24T20:58:53.646+0000] {standard_task_runner.py:87} INFO - Running: ['***', 'tasks', 'run', 'northwind', 'carregamento_postgres', 'manual__2025-06-24T20:57:20.177332+00:00', '--job-id', '115', '--raw', '--subdir', 'DAGS_FOLDER/dag.py', '--cfg-path', '/tmp/tmp10wsakkr']
[2025-06-24T20:58:53.650+0000] {standard_task_runner.py:88} INFO - Job 115: Subtask carregamento_postgres
[2025-06-24T20:58:53.699+0000] {task_command.py:423} INFO - Running <TaskInstance: northwind.carregamento_postgres manual__2025-06-24T20:57:20.177332+00:00 [running]> on host efd54408c28d
[2025-06-24T20:58:53.789+0000] {taskinstance.py:2480} INFO - Exporting env vars: AIRFLOW_CTX_DAG_EMAIL='lrbf@cin.ufpe.br' AIRFLOW_CTX_DAG_OWNER='***' AIRFLOW_CTX_DAG_ID='northwind' AIRFLOW_CTX_TASK_ID='carregamento_postgres' AIRFLOW_CTX_EXECUTION_DATE='2025-06-24T20:57:20.177332+00:00' AIRFLOW_CTX_TRY_NUMBER='1' AIRFLOW_CTX_DAG_RUN_ID='manual__2025-06-24T20:57:20.177332+00:00'
[2025-06-24T20:58:53.885+0000] {docker.py:359} INFO - Starting docker container from image meltano:latest
[2025-06-24T20:58:54.157+0000] {docker.py:429} INFO - Running meltano install...
[2025-06-24T20:58:55.264+0000] {docker.py:429} INFO - [2m2025-06-24T20:58:55.263712Z[0m [[32m[1minfo     [0m] [1mInstalling 7 plugins          [0m
[2025-06-24T20:58:55.276+0000] {docker.py:429} INFO - [2m2025-06-24T20:58:55.275417Z[0m [[32m[1minfo     [0m] [1mInstalling extractor 'tap-postgres'[0m
[2025-06-24T20:58:55.289+0000] {docker.py:429} INFO - [2m2025-06-24T20:58:55.288648Z[0m [[32m[1minfo     [0m] [1mInstalling extractor 'tap-csv'[0m
[2025-06-24T20:58:55.311+0000] {docker.py:429} INFO - [2m2025-06-24T20:58:55.310281Z[0m [[32m[1minfo     [0m] [1mInstalling extractor 'tap-csv-latest'[0m
[2025-06-24T20:58:55.337+0000] {docker.py:429} INFO - [2m2025-06-24T20:58:55.336571Z[0m [[32m[1minfo     [0m] [1mInstalling loader 'target-postgres'[0m
[2025-06-24T20:58:55.364+0000] {docker.py:429} INFO - [2m2025-06-24T20:58:55.363975Z[0m [[32m[1minfo     [0m] [1mInstalling loader 'target-csv'[0m
[2025-06-24T20:58:55.389+0000] {docker.py:429} INFO - [2m2025-06-24T20:58:55.389030Z[0m [[32m[1minfo     [0m] [1mInstalling loader 'target-csv-postgres'[0m
[2025-06-24T20:58:55.430+0000] {docker.py:429} INFO - [2m2025-06-24T20:58:55.422799Z[0m [[32m[1minfo     [0m] [1mInstalling loader 'target-csv-csv'[0m
[2025-06-24T20:58:57.098+0000] {docker.py:429} INFO - [2m2025-06-24T20:58:57.098165Z[0m [[32m[1minfo     [0m] [1mInstalled extractor 'tap-postgres'[0m
[2025-06-24T20:58:57.445+0000] {docker.py:429} INFO - [2m2025-06-24T20:58:57.444819Z[0m [[32m[1minfo     [0m] [1mInstalled loader 'target-postgres'[0m
[2025-06-24T20:59:06.550+0000] {docker.py:429} INFO - [2m2025-06-24T20:59:06.549146Z[0m [[32m[1minfo     [0m] [1mInstalled extractor 'tap-csv' [0m
[2025-06-24T20:59:07.222+0000] {docker.py:429} INFO - [2m2025-06-24T20:59:07.221716Z[0m [[32m[1minfo     [0m] [1mInstalled extractor 'tap-csv-latest'[0m
[2025-06-24T20:59:09.894+0000] {docker.py:429} INFO - [2m2025-06-24T20:59:09.893582Z[0m [[32m[1minfo     [0m] [1mInstalled loader 'target-csv-csv'[0m
[2025-06-24T20:59:10.234+0000] {docker.py:429} INFO - [2m2025-06-24T20:59:10.233509Z[0m [[32m[1minfo     [0m] [1mInstalled loader 'target-csv' [0m
[2025-06-24T20:59:12.879+0000] {docker.py:429} INFO - [2m2025-06-24T20:59:12.879172Z[0m [[32m[1minfo     [0m] [1mInstalled loader 'target-csv-postgres'[0m
[2m2025-06-24T20:59:12.879461Z[0m [[32m[1minfo     [0m] [1mInstalled 7/7 plugins         [0m
[2025-06-24T20:59:13.971+0000] {docker.py:429} INFO - Meltano install completed. Executing command: meltano el tap-csv-latest target-postgres
[2025-06-24T20:59:14.920+0000] {docker.py:429} INFO - [2m2025-06-24T20:59:14.919279Z[0m [[32m[1minfo     [0m] [1mEnvironment 'dev' is active   [0m
[2025-06-24T20:59:15.235+0000] {docker.py:429} INFO - [2m2025-06-24T20:59:15.234679Z[0m [[32m[1minfo     [0m] [1mRunning extract & load...     [0m [36mname[0m=[35mmeltano[0m [36mrun_id[0m=[35m5474e4e3-f26b-4269-a0e2-e98d2e742a0b[0m [36mstate_id[0m=[35m2025-06-24T205915--tap-csv-latest--target-postgres[0m
[2025-06-24T20:59:16.096+0000] {docker.py:429} INFO - [2m2025-06-24T20:59:16.095758Z[0m [[32m[1minfo     [0m] [1mNo CSV file definitions found.[0m [36mcmd_type[0m=[35mextractor[0m [36mname[0m=[35mtap-csv-latest[0m [36mrun_id[0m=[35m5474e4e3-f26b-4269-a0e2-e98d2e742a0b[0m [36mstate_id[0m=[35m2025-06-24T205915--tap-csv-latest--target-postgres[0m [36mstdio[0m=[35mstderr[0m
[2025-06-24T20:59:16.249+0000] {docker.py:429} INFO - [2m2025-06-24T20:59:16.248123Z[0m [[32m[1minfo     [0m] [1mtarget-postgres v0.4.3, Meltano SDK v0.47.2[0m [36mcmd_type[0m=[35mloader[0m [36mname[0m=[35mtarget-postgres[0m [36mrun_id[0m=[35m5474e4e3-f26b-4269-a0e2-e98d2e742a0b[0m [36mstate_id[0m=[35m2025-06-24T205915--tap-csv-latest--target-postgres[0m [36mstdio[0m=[35mstderr[0m
[2025-06-24T20:59:16.249+0000] {docker.py:429} INFO - [2m2025-06-24T20:59:16.248473Z[0m [[32m[1minfo     [0m] [1mSkipping parse of env var settings...[0m [36mcmd_type[0m=[35mloader[0m [36mname[0m=[35mtarget-postgres[0m [36mrun_id[0m=[35m5474e4e3-f26b-4269-a0e2-e98d2e742a0b[0m [36mstate_id[0m=[35m2025-06-24T205915--tap-csv-latest--target-postgres[0m [36mstdio[0m=[35mstderr[0m
[2025-06-24T20:59:16.250+0000] {docker.py:429} INFO - [2m2025-06-24T20:59:16.248765Z[0m [[32m[1minfo     [0m] [1mTraceback (most recent call last):[0m [36mcmd_type[0m=[35mloader[0m [36mname[0m=[35mtarget-postgres[0m [36mrun_id[0m=[35m5474e4e3-f26b-4269-a0e2-e98d2e742a0b[0m [36mstate_id[0m=[35m2025-06-24T205915--tap-csv-latest--target-postgres[0m [36mstdio[0m=[35mstderr[0m
[2025-06-24T20:59:16.250+0000] {docker.py:429} INFO - [2m2025-06-24T20:59:16.248969Z[0m [[32m[1minfo     [0m] [1m  File "/opt/meltano/.meltano/loaders/target-postgres/venv/bin/target-postgres", line 8, in <module>[0m [36mcmd_type[0m=[35mloader[0m [36mname[0m=[35mtarget-postgres[0m [36mrun_id[0m=[35m5474e4e3-f26b-4269-a0e2-e98d2e742a0b[0m [36mstate_id[0m=[35m2025-06-24T205915--tap-csv-latest--target-postgres[0m [36mstdio[0m=[35mstderr[0m
[2025-06-24T20:59:16.250+0000] {docker.py:429} INFO - [2m2025-06-24T20:59:16.249178Z[0m [[32m[1minfo     [0m] [1m    sys.exit(TargetPostgres.cli())[0m [36mcmd_type[0m=[35mloader[0m [36mname[0m=[35mtarget-postgres[0m [36mrun_id[0m=[35m5474e4e3-f26b-4269-a0e2-e98d2e742a0b[0m [36mstate_id[0m=[35m2025-06-24T205915--tap-csv-latest--target-postgres[0m [36mstdio[0m=[35mstderr[0m
[2025-06-24T20:59:16.250+0000] {docker.py:429} INFO - [2m2025-06-24T20:59:16.249404Z[0m [[32m[1minfo     [0m] [1m  File "/opt/meltano/.meltano/loaders/target-postgres/venv/lib/python3.10/site-packages/click/core.py", line 1442, in __call__[0m [36mcmd_type[0m=[35mloader[0m [36mname[0m=[35mtarget-postgres[0m [36mrun_id[0m=[35m5474e4e3-f26b-4269-a0e2-e98d2e742a0b[0m [36mstate_id[0m=[35m2025-06-24T205915--tap-csv-latest--target-postgres[0m [36mstdio[0m=[35mstderr[0m
[2025-06-24T20:59:16.251+0000] {docker.py:429} INFO - [2m2025-06-24T20:59:16.250263Z[0m [[32m[1minfo     [0m] [1m    return self.main(*args, **kwargs)[0m [36mcmd_type[0m=[35mloader[0m [36mname[0m=[35mtarget-postgres[0m [36mrun_id[0m=[35m5474e4e3-f26b-4269-a0e2-e98d2e742a0b[0m [36mstate_id[0m=[35m2025-06-24T205915--tap-csv-latest--target-postgres[0m [36mstdio[0m=[35mstderr[0m
[2025-06-24T20:59:16.252+0000] {docker.py:429} INFO - [2m2025-06-24T20:59:16.251090Z[0m [[32m[1minfo     [0m] [1m  File "/opt/meltano/.meltano/loaders/target-postgres/venv/lib/python3.10/site-packages/click/core.py", line 1363, in main[0m [36mcmd_type[0m=[35mloader[0m [36mname[0m=[35mtarget-postgres[0m [36mrun_id[0m=[35m5474e4e3-f26b-4269-a0e2-e98d2e742a0b[0m [36mstate_id[0m=[35m2025-06-24T205915--tap-csv-latest--target-postgres[0m [36mstdio[0m=[35mstderr[0m
[2025-06-24T20:59:16.252+0000] {docker.py:429} INFO - [2m2025-06-24T20:59:16.252172Z[0m [[32m[1minfo     [0m] [1m    rv = self.invoke(ctx)     [0m [36mcmd_type[0m=[35mloader[0m [36mname[0m=[35mtarget-postgres[0m [36mrun_id[0m=[35m5474e4e3-f26b-4269-a0e2-e98d2e742a0b[0m [36mstate_id[0m=[35m2025-06-24T205915--tap-csv-latest--target-postgres[0m [36mstdio[0m=[35mstderr[0m
[2025-06-24T20:59:16.253+0000] {docker.py:429} INFO - [2m2025-06-24T20:59:16.252418Z[0m [[32m[1minfo     [0m] [1m  File "/opt/meltano/.meltano/loaders/target-postgres/venv/lib/python3.10/site-packages/singer_sdk/plugin_base.py", line 97, in invoke[0m [36mcmd_type[0m=[35mloader[0m [36mname[0m=[35mtarget-postgres[0m [36mrun_id[0m=[35m5474e4e3-f26b-4269-a0e2-e98d2e742a0b[0m [36mstate_id[0m=[35m2025-06-24T205915--tap-csv-latest--target-postgres[0m [36mstdio[0m=[35mstderr[0m
[2025-06-24T20:59:16.253+0000] {docker.py:429} INFO - [2m2025-06-24T20:59:16.252731Z[0m [[32m[1minfo     [0m] [1m    return super().invoke(ctx)[0m [36mcmd_type[0m=[35mloader[0m [36mname[0m=[35mtarget-postgres[0m [36mrun_id[0m=[35m5474e4e3-f26b-4269-a0e2-e98d2e742a0b[0m [36mstate_id[0m=[35m2025-06-24T205915--tap-csv-latest--target-postgres[0m [36mstdio[0m=[35mstderr[0m
[2025-06-24T20:59:16.253+0000] {docker.py:429} INFO - [2m2025-06-24T20:59:16.253114Z[0m [[32m[1minfo     [0m] [1m  File "/opt/meltano/.meltano/loaders/target-postgres/venv/lib/python3.10/site-packages/click/core.py", line 1226, in invoke[0m [36mcmd_type[0m=[35mloader[0m [36mname[0m=[35mtarget-postgres[0m [36mrun_id[0m=[35m5474e4e3-f26b-4269-a0e2-e98d2e742a0b[0m [36mstate_id[0m=[35m2025-06-24T205915--tap-csv-latest--target-postgres[0m [36mstdio[0m=[35mstderr[0m
[2025-06-24T20:59:16.254+0000] {docker.py:429} INFO - [2m2025-06-24T20:59:16.253561Z[0m [[32m[1minfo     [0m] [1m    return ctx.invoke(self.callback, **ctx.params)[0m [36mcmd_type[0m=[35mloader[0m [36mname[0m=[35mtarget-postgres[0m [36mrun_id[0m=[35m5474e4e3-f26b-4269-a0e2-e98d2e742a0b[0m [36mstate_id[0m=[35m2025-06-24T205915--tap-csv-latest--target-postgres[0m [36mstdio[0m=[35mstderr[0m
[2025-06-24T20:59:16.254+0000] {docker.py:429} INFO - [2m2025-06-24T20:59:16.253962Z[0m [[32m[1minfo     [0m] [1m  File "/opt/meltano/.meltano/loaders/target-postgres/venv/lib/python3.10/site-packages/click/core.py", line 794, in invoke[0m [36mcmd_type[0m=[35mloader[0m [36mname[0m=[35mtarget-postgres[0m [36mrun_id[0m=[35m5474e4e3-f26b-4269-a0e2-e98d2e742a0b[0m [36mstate_id[0m=[35m2025-06-24T205915--tap-csv-latest--target-postgres[0m [36mstdio[0m=[35mstderr[0m
[2025-06-24T20:59:16.255+0000] {docker.py:429} INFO - [2m2025-06-24T20:59:16.254511Z[0m [[32m[1minfo     [0m] [1m    return callback(*args, **kwargs)[0m [36mcmd_type[0m=[35mloader[0m [36mname[0m=[35mtarget-postgres[0m [36mrun_id[0m=[35m5474e4e3-f26b-4269-a0e2-e98d2e742a0b[0m [36mstate_id[0m=[35m2025-06-24T205915--tap-csv-latest--target-postgres[0m [36mstdio[0m=[35mstderr[0m
[2025-06-24T20:59:16.255+0000] {docker.py:429} INFO - [2m2025-06-24T20:59:16.254897Z[0m [[32m[1minfo     [0m] [1m  File "/opt/meltano/.meltano/loaders/target-postgres/venv/lib/python3.10/site-packages/singer_sdk/target_base.py", line 583, in invoke[0m [36mcmd_type[0m=[35mloader[0m [36mname[0m=[35mtarget-postgres[0m [36mrun_id[0m=[35m5474e4e3-f26b-4269-a0e2-e98d2e742a0b[0m [36mstate_id[0m=[35m2025-06-24T205915--tap-csv-latest--target-postgres[0m [36mstdio[0m=[35mstderr[0m
[2025-06-24T20:59:16.255+0000] {docker.py:429} INFO - [2m2025-06-24T20:59:16.255247Z[0m [[32m[1minfo     [0m] [1m    target = cls(             [0m [36mcmd_type[0m=[35mloader[0m [36mname[0m=[35mtarget-postgres[0m [36mrun_id[0m=[35m5474e4e3-f26b-4269-a0e2-e98d2e742a0b[0m [36mstate_id[0m=[35m2025-06-24T205915--tap-csv-latest--target-postgres[0m [36mstdio[0m=[35mstderr[0m
[2025-06-24T20:59:16.256+0000] {docker.py:429} INFO - [2m2025-06-24T20:59:16.255657Z[0m [[32m[1minfo     [0m] [1m  File "/opt/meltano/.meltano/loaders/target-postgres/venv/lib/python3.10/site-packages/target_postgres/target.py", line 67, in __init__[0m [36mcmd_type[0m=[35mloader[0m [36mname[0m=[35mtarget-postgres[0m [36mrun_id[0m=[35m5474e4e3-f26b-4269-a0e2-e98d2e742a0b[0m [36mstate_id[0m=[35m2025-06-24T205915--tap-csv-latest--target-postgres[0m [36mstdio[0m=[35mstderr[0m
[2025-06-24T20:59:16.256+0000] {docker.py:429} INFO - [2m2025-06-24T20:59:16.256119Z[0m [[32m[1minfo     [0m] [1m    and self.config.get("dialect+driver") is not None[0m [36mcmd_type[0m=[35mloader[0m [36mname[0m=[35mtarget-postgres[0m [36mrun_id[0m=[35m5474e4e3-f26b-4269-a0e2-e98d2e742a0b[0m [36mstate_id[0m=[35m2025-06-24T205915--tap-csv-latest--target-postgres[0m [36mstdio[0m=[35mstderr[0m
[2025-06-24T20:59:16.257+0000] {docker.py:429} INFO - [2m2025-06-24T20:59:16.256595Z[0m [[32m[1minfo     [0m] [1mAssertionError: Need either the sqlalchemy_url to be set or host, port, user, password, and dialect+driver to be set[0m [36mcmd_type[0m=[35mloader[0m [36mname[0m=[35mtarget-postgres[0m [36mrun_id[0m=[35m5474e4e3-f26b-4269-a0e2-e98d2e742a0b[0m [36mstate_id[0m=[35m2025-06-24T205915--tap-csv-latest--target-postgres[0m [36mstdio[0m=[35mstderr[0m
[2025-06-24T20:59:16.342+0000] {docker.py:429} INFO - [2m2025-06-24T20:59:16.341279Z[0m [[31m[1merror    [0m] [1mExtraction failed             [0m [36mcode[0m=[35m1[0m [36mmessage[0m=[35m'No CSV file definitions found.'[0m [36mname[0m=[35mmeltano[0m [36mrun_id[0m=[35m5474e4e3-f26b-4269-a0e2-e98d2e742a0b[0m [36mstate_id[0m=[35m2025-06-24T205915--tap-csv-latest--target-postgres[0m
[2m2025-06-24T20:59:16.341594Z[0m [[31m[1merror    [0m] [1mLoading failed                [0m [36mcode[0m=[35m1[0m [36mmessage[0m=[35m'AssertionError: Need either the sqlalchemy_url to be set or host, port, user, password, and dialect+driver to be set'[0m [36mname[0m=[35mmeltano[0m [36mrun_id[0m=[35m5474e4e3-f26b-4269-a0e2-e98d2e742a0b[0m [36mstate_id[0m=[35m2025-06-24T205915--tap-csv-latest--target-postgres[0m
[2025-06-24T20:59:16.342+0000] {docker.py:429} INFO - [2m2025-06-24T20:59:16.342206Z[0m [[32m[1minfo     [0m] [1mELT could not be completed: Extractor and loader failed.[0m [36mcmd_type[0m=[35melt[0m [36mname[0m=[35mmeltano[0m [36mrun_id[0m=[35m5474e4e3-f26b-4269-a0e2-e98d2e742a0b[0m [36mstate_id[0m=[35m2025-06-24T205915--tap-csv-latest--target-postgres[0m [36mstdio[0m=[35mstderr[0m
[2025-06-24T20:59:16.343+0000] {docker.py:429} INFO - [2m2025-06-24T20:59:16.342550Z[0m [[32m[1minfo     [0m] [1mFor more detailed log messages re-run the command using 'meltano --log-level=debug ...' CLI flag.[0m [36mcmd_type[0m=[35melt[0m [36mname[0m=[35mmeltano[0m [36mrun_id[0m=[35m5474e4e3-f26b-4269-a0e2-e98d2e742a0b[0m [36mstate_id[0m=[35m2025-06-24T205915--tap-csv-latest--target-postgres[0m [36mstdio[0m=[35mstderr[0m
[2025-06-24T20:59:16.343+0000] {docker.py:429} INFO - [2m2025-06-24T20:59:16.342810Z[0m [[32m[1minfo     [0m] [1mNote that you can also check the generated log file at '/opt/meltano/.meltano/logs/elt/2025-06-24T205915--tap-csv-latest--target-postgres/5474e4e3-f26b-4269-a0e2-e98d2e742a0b/elt.log'.[0m [36mcmd_type[0m=[35melt[0m [36mname[0m=[35mmeltano[0m [36mrun_id[0m=[35m5474e4e3-f26b-4269-a0e2-e98d2e742a0b[0m [36mstate_id[0m=[35m2025-06-24T205915--tap-csv-latest--target-postgres[0m [36mstdio[0m=[35mstderr[0m
[2025-06-24T20:59:16.343+0000] {docker.py:429} INFO - [2m2025-06-24T20:59:16.343037Z[0m [[32m[1minfo     [0m] [1mFor more information on debugging and logging: https://docs.meltano.com/reference/command-line-interface#debugging[0m [36mcmd_type[0m=[35melt[0m [36mname[0m=[35mmeltano[0m [36mrun_id[0m=[35m5474e4e3-f26b-4269-a0e2-e98d2e742a0b[0m [36mstate_id[0m=[35m2025-06-24T205915--tap-csv-latest--target-postgres[0m [36mstdio[0m=[35mstderr[0m
[2025-06-24T20:59:16.359+0000] {docker.py:429} INFO - Need help fixing this problem? Visit http://melta.no/ for troubleshooting steps, or to
join our friendly Slack community.

ELT could not be completed: Extractor and loader failed.
For more detailed log messages re-run the command using 'meltano --log-level=debug ...' CLI flag.
Note that you can also check the generated log file at '/opt/meltano/.meltano/logs/elt/2025-06-24T205915--tap-csv-latest--target-postgres/5474e4e3-f26b-4269-a0e2-e98d2e742a0b/elt.log'.
For more information on debugging and logging: https://docs.meltano.com/reference/command-line-interface#debugging
[2025-06-24T20:59:17.551+0000] {taskinstance.py:2698} ERROR - Task failed with exception
Traceback (most recent call last):
  File "/home/airflow/.local/lib/python3.10/site-packages/airflow/models/taskinstance.py", line 433, in _execute_task
    result = execute_callable(context=context, **execute_callable_kwargs)
  File "/home/airflow/.local/lib/python3.10/site-packages/airflow/providers/docker/operators/docker.py", line 502, in execute
    return self._run_image()
  File "/home/airflow/.local/lib/python3.10/site-packages/airflow/providers/docker/operators/docker.py", line 376, in _run_image
    return self._run_image_with_mounts(self.mounts, add_tmp_variable=False)
  File "/home/airflow/.local/lib/python3.10/site-packages/airflow/providers/docker/operators/docker.py", line 437, in _run_image_with_mounts
    raise DockerContainerFailedException(f"Docker container failed: {result!r}", logs=log_lines)
airflow.providers.docker.exceptions.DockerContainerFailedException: Docker container failed: {'StatusCode': 1}
[2025-06-24T20:59:17.554+0000] {taskinstance.py:1138} INFO - Marking task as UP_FOR_RETRY. dag_id=northwind, task_id=carregamento_postgres, execution_date=20250624T205720, start_date=20250624T205853, end_date=20250624T205917
[2025-06-24T20:59:17.570+0000] {standard_task_runner.py:107} ERROR - Failed to execute job 115 for task carregamento_postgres (Docker container failed: {'StatusCode': 1}; 196)
[2025-06-24T20:59:17.613+0000] {local_task_job_runner.py:234} INFO - Task exited with return code 1
[2025-06-24T20:59:17.630+0000] {taskinstance.py:3280} INFO - 0 downstream tasks scheduled from follow-on schedule check
