[2025-06-24T19:47:02.745+0000] {taskinstance.py:1956} INFO - Dependencies all met for dep_context=non-requeueable deps ti=<TaskInstance: northwind.carregamento_postgres manual__2025-06-24T19:39:40.197128+00:00 [queued]>
[2025-06-24T19:47:02.768+0000] {taskinstance.py:1956} INFO - Dependencies all met for dep_context=requeueable deps ti=<TaskInstance: northwind.carregamento_postgres manual__2025-06-24T19:39:40.197128+00:00 [queued]>
[2025-06-24T19:47:02.769+0000] {taskinstance.py:2170} INFO - Starting attempt 2 of 2
[2025-06-24T19:47:02.795+0000] {taskinstance.py:2191} INFO - Executing <Task(DockerOperator): carregamento_postgres> on 2025-06-24 19:39:40.197128+00:00
[2025-06-24T19:47:02.806+0000] {standard_task_runner.py:60} INFO - Started process 170 to run task
[2025-06-24T19:47:02.810+0000] {standard_task_runner.py:87} INFO - Running: ['***', 'tasks', 'run', 'northwind', 'carregamento_postgres', 'manual__2025-06-24T19:39:40.197128+00:00', '--job-id', '87', '--raw', '--subdir', 'DAGS_FOLDER/dag.py', '--cfg-path', '/tmp/tmpptfy0uzi']
[2025-06-24T19:47:02.813+0000] {standard_task_runner.py:88} INFO - Job 87: Subtask carregamento_postgres
[2025-06-24T19:47:02.909+0000] {task_command.py:423} INFO - Running <TaskInstance: northwind.carregamento_postgres manual__2025-06-24T19:39:40.197128+00:00 [running]> on host 2f206bf85820
[2025-06-24T19:47:03.042+0000] {taskinstance.py:2480} INFO - Exporting env vars: AIRFLOW_CTX_DAG_EMAIL='lrbf@cin.ufpe.br' AIRFLOW_CTX_DAG_OWNER='***' AIRFLOW_CTX_DAG_ID='northwind' AIRFLOW_CTX_TASK_ID='carregamento_postgres' AIRFLOW_CTX_EXECUTION_DATE='2025-06-24T19:39:40.197128+00:00' AIRFLOW_CTX_TRY_NUMBER='2' AIRFLOW_CTX_DAG_RUN_ID='manual__2025-06-24T19:39:40.197128+00:00'
[2025-06-24T19:47:03.518+0000] {docker.py:359} INFO - Starting docker container from image meltano:latest
[2025-06-24T19:47:04.542+0000] {docker.py:429} INFO - Running meltano install...
[2025-06-24T19:47:07.726+0000] {docker.py:429} INFO - [2m2025-06-24T19:47:07.725460Z[0m [[32m[1minfo     [0m] [1mInstalling 7 plugins          [0m
[2025-06-24T19:47:07.738+0000] {docker.py:429} INFO - [2m2025-06-24T19:47:07.737986Z[0m [[32m[1minfo     [0m] [1mInstalling extractor 'tap-postgres'[0m
[2025-06-24T19:47:07.761+0000] {docker.py:429} INFO - [2m2025-06-24T19:47:07.760472Z[0m [[32m[1minfo     [0m] [1mInstalling extractor 'tap-csv'[0m
[2025-06-24T19:47:07.790+0000] {docker.py:429} INFO - [2m2025-06-24T19:47:07.789104Z[0m [[32m[1minfo     [0m] [1mInstalling extractor 'tap-csv-latest'[0m
[2025-06-24T19:47:07.813+0000] {docker.py:429} INFO - [2m2025-06-24T19:47:07.812736Z[0m [[32m[1minfo     [0m] [1mInstalling loader 'target-postgres'[0m
[2025-06-24T19:47:07.847+0000] {docker.py:429} INFO - [2m2025-06-24T19:47:07.845587Z[0m [[32m[1minfo     [0m] [1mInstalling loader 'target-csv'[0m
[2025-06-24T19:47:07.894+0000] {docker.py:429} INFO - [2m2025-06-24T19:47:07.892961Z[0m [[32m[1minfo     [0m] [1mInstalling loader 'target-csv-postgres'[0m
[2025-06-24T19:47:07.947+0000] {docker.py:429} INFO - [2m2025-06-24T19:47:07.945009Z[0m [[32m[1minfo     [0m] [1mInstalling loader 'target-csv-csv'[0m
[2025-06-24T19:47:12.777+0000] {docker.py:429} INFO - [2m2025-06-24T19:47:12.775888Z[0m [[32m[1minfo     [0m] [1mInstalled extractor 'tap-postgres'[0m
[2025-06-24T19:47:13.211+0000] {docker.py:429} INFO - [2m2025-06-24T19:47:13.210941Z[0m [[32m[1minfo     [0m] [1mInstalled loader 'target-postgres'[0m
[2025-06-24T19:47:20.315+0000] {docker.py:429} INFO - [2m2025-06-24T19:47:20.314538Z[0m [[32m[1minfo     [0m] [1mInstalled extractor 'tap-csv-latest'[0m
[2025-06-24T19:47:20.560+0000] {docker.py:429} INFO - [2m2025-06-24T19:47:20.558836Z[0m [[32m[1minfo     [0m] [1mInstalled extractor 'tap-csv' [0m
[2025-06-24T19:47:21.791+0000] {docker.py:429} INFO - [2m2025-06-24T19:47:21.790112Z[0m [[32m[1minfo     [0m] [1mInstalled loader 'target-csv' [0m
[2025-06-24T19:47:21.814+0000] {docker.py:429} INFO - [2m2025-06-24T19:47:21.813527Z[0m [[32m[1minfo     [0m] [1mInstalled loader 'target-csv-csv'[0m
[2025-06-24T19:47:22.291+0000] {docker.py:429} INFO - [2m2025-06-24T19:47:22.290831Z[0m [[32m[1minfo     [0m] [1mInstalled loader 'target-csv-postgres'[0m
[2025-06-24T19:47:22.292+0000] {docker.py:429} INFO - [2m2025-06-24T19:47:22.291213Z[0m [[32m[1minfo     [0m] [1mInstalled 7/7 plugins         [0m
[2025-06-24T19:47:23.592+0000] {docker.py:429} INFO - Meltano install completed. Executing command: meltano el tap-csv-latest target-postgres
[2025-06-24T19:47:25.614+0000] {docker.py:429} INFO - [2m2025-06-24T19:47:25.614076Z[0m [[32m[1minfo     [0m] [1mEnvironment 'dev' is active   [0m
[2025-06-24T19:47:26.175+0000] {docker.py:429} INFO - [2m2025-06-24T19:47:26.173935Z[0m [[32m[1minfo     [0m] [1mRunning extract & load...     [0m [36mname[0m=[35mmeltano[0m [36mrun_id[0m=[35m964c7544-feec-4ce1-964c-45019f4d67d3[0m [36mstate_id[0m=[35m2025-06-24T194725--tap-csv-latest--target-postgres[0m
[2025-06-24T19:47:27.323+0000] {docker.py:429} INFO - [2m2025-06-24T19:47:27.322658Z[0m [[32m[1minfo     [0m] [1mTraceback (most recent call last):[0m [36mcmd_type[0m=[35mextractor[0m [36mname[0m=[35mtap-csv-latest[0m [36mrun_id[0m=[35m964c7544-feec-4ce1-964c-45019f4d67d3[0m [36mstate_id[0m=[35m2025-06-24T194725--tap-csv-latest--target-postgres[0m [36mstdio[0m=[35mstderr[0m
[2025-06-24T19:47:27.325+0000] {docker.py:429} INFO - [2m2025-06-24T19:47:27.323292Z[0m [[32m[1minfo     [0m] [1m  File "/opt/meltano/.meltano/extractors/tap-csv-latest/venv/bin/tap-csv", line 8, in <module>[0m [36mcmd_type[0m=[35mextractor[0m [36mname[0m=[35mtap-csv-latest[0m [36mrun_id[0m=[35m964c7544-feec-4ce1-964c-45019f4d67d3[0m [36mstate_id[0m=[35m2025-06-24T194725--tap-csv-latest--target-postgres[0m [36mstdio[0m=[35mstderr[0m
[2m2025-06-24T19:47:27.323632Z[0m [[32m[1minfo     [0m] [1m    sys.exit(TapCSV.cli())    [0m [36mcmd_type[0m=[35mextractor[0m [36mname[0m=[35mtap-csv-latest[0m [36mrun_id[0m=[35m964c7544-feec-4ce1-964c-45019f4d67d3[0m [36mstate_id[0m=[35m2025-06-24T194725--tap-csv-latest--target-postgres[0m [36mstdio[0m=[35mstderr[0m
[2m2025-06-24T19:47:27.323872Z[0m [[32m[1minfo     [0m] [1m  File "/opt/meltano/.meltano/extractors/tap-csv-latest/venv/lib/python3.10/site-packages/click/core.py", line 1442, in __call__[0m [36mcmd_type[0m=[35mextractor[0m [36mname[0m=[35mtap-csv-latest[0m [36mrun_id[0m=[35m964c7544-feec-4ce1-964c-45019f4d67d3[0m [36mstate_id[0m=[35m2025-06-24T194725--tap-csv-latest--target-postgres[0m [36mstdio[0m=[35mstderr[0m
[2m2025-06-24T19:47:27.324219Z[0m [[32m[1minfo     [0m] [1m    return self.main(*args, **kwargs)[0m [36mcmd_type[0m=[35mextractor[0m [36mname[0m=[35mtap-csv-latest[0m [36mrun_id[0m=[35m964c7544-feec-4ce1-964c-45019f4d67d3[0m [36mstate_id[0m=[35m2025-06-24T194725--tap-csv-latest--target-postgres[0m [36mstdio[0m=[35mstderr[0m
[2025-06-24T19:47:27.326+0000] {docker.py:429} INFO - [2m2025-06-24T19:47:27.324483Z[0m [[32m[1minfo     [0m] [1m  File "/opt/meltano/.meltano/extractors/tap-csv-latest/venv/lib/python3.10/site-packages/click/core.py", line 1363, in main[0m [36mcmd_type[0m=[35mextractor[0m [36mname[0m=[35mtap-csv-latest[0m [36mrun_id[0m=[35m964c7544-feec-4ce1-964c-45019f4d67d3[0m [36mstate_id[0m=[35m2025-06-24T194725--tap-csv-latest--target-postgres[0m [36mstdio[0m=[35mstderr[0m
[2025-06-24T19:47:27.327+0000] {docker.py:429} INFO - [2m2025-06-24T19:47:27.325004Z[0m [[32m[1minfo     [0m] [1m    rv = self.invoke(ctx)     [0m [36mcmd_type[0m=[35mextractor[0m [36mname[0m=[35mtap-csv-latest[0m [36mrun_id[0m=[35m964c7544-feec-4ce1-964c-45019f4d67d3[0m [36mstate_id[0m=[35m2025-06-24T194725--tap-csv-latest--target-postgres[0m [36mstdio[0m=[35mstderr[0m
[2025-06-24T19:47:27.329+0000] {docker.py:429} INFO - [2m2025-06-24T19:47:27.325369Z[0m [[32m[1minfo     [0m] [1m  File "/opt/meltano/.meltano/extractors/tap-csv-latest/venv/lib/python3.10/site-packages/singer_sdk/plugin_base.py", line 92, in invoke[0m [36mcmd_type[0m=[35mextractor[0m [36mname[0m=[35mtap-csv-latest[0m [36mrun_id[0m=[35m964c7544-feec-4ce1-964c-45019f4d67d3[0m [36mstate_id[0m=[35m2025-06-24T194725--tap-csv-latest--target-postgres[0m [36mstdio[0m=[35mstderr[0m
[2025-06-24T19:47:27.330+0000] {docker.py:429} INFO - [2m2025-06-24T19:47:27.325771Z[0m [[32m[1minfo     [0m] [1m    return super().invoke(ctx)[0m [36mcmd_type[0m=[35mextractor[0m [36mname[0m=[35mtap-csv-latest[0m [36mrun_id[0m=[35m964c7544-feec-4ce1-964c-45019f4d67d3[0m [36mstate_id[0m=[35m2025-06-24T194725--tap-csv-latest--target-postgres[0m [36mstdio[0m=[35mstderr[0m
[2025-06-24T19:47:27.331+0000] {docker.py:429} INFO - [2m2025-06-24T19:47:27.326201Z[0m [[32m[1minfo     [0m] [1m  File "/opt/meltano/.meltano/extractors/tap-csv-latest/venv/lib/python3.10/site-packages/click/core.py", line 1226, in invoke[0m [36mcmd_type[0m=[35mextractor[0m [36mname[0m=[35mtap-csv-latest[0m [36mrun_id[0m=[35m964c7544-feec-4ce1-964c-45019f4d67d3[0m [36mstate_id[0m=[35m2025-06-24T194725--tap-csv-latest--target-postgres[0m [36mstdio[0m=[35mstderr[0m
[2025-06-24T19:47:27.331+0000] {docker.py:429} INFO - [2m2025-06-24T19:47:27.326985Z[0m [[32m[1minfo     [0m] [1m    return ctx.invoke(self.callback, **ctx.params)[0m [36mcmd_type[0m=[35mextractor[0m [36mname[0m=[35mtap-csv-latest[0m [36mrun_id[0m=[35m964c7544-feec-4ce1-964c-45019f4d67d3[0m [36mstate_id[0m=[35m2025-06-24T194725--tap-csv-latest--target-postgres[0m [36mstdio[0m=[35mstderr[0m
[2025-06-24T19:47:27.331+0000] {docker.py:429} INFO - [2m2025-06-24T19:47:27.328321Z[0m [[32m[1minfo     [0m] [1m  File "/opt/meltano/.meltano/extractors/tap-csv-latest/venv/lib/python3.10/site-packages/click/core.py", line 794, in invoke[0m [36mcmd_type[0m=[35mextractor[0m [36mname[0m=[35mtap-csv-latest[0m [36mrun_id[0m=[35m964c7544-feec-4ce1-964c-45019f4d67d3[0m [36mstate_id[0m=[35m2025-06-24T194725--tap-csv-latest--target-postgres[0m [36mstdio[0m=[35mstderr[0m
[2025-06-24T19:47:27.332+0000] {docker.py:429} INFO - [2m2025-06-24T19:47:27.328805Z[0m [[32m[1minfo     [0m] [1m    return callback(*args, **kwargs)[0m [36mcmd_type[0m=[35mextractor[0m [36mname[0m=[35mtap-csv-latest[0m [36mrun_id[0m=[35m964c7544-feec-4ce1-964c-45019f4d67d3[0m [36mstate_id[0m=[35m2025-06-24T194725--tap-csv-latest--target-postgres[0m [36mstdio[0m=[35mstderr[0m
[2m2025-06-24T19:47:27.329230Z[0m [[32m[1minfo     [0m] [1m  File "/opt/meltano/.meltano/extractors/tap-csv-latest/venv/lib/python3.10/site-packages/singer_sdk/tap_base.py", line 516, in invoke[0m [36mcmd_type[0m=[35mextractor[0m [36mname[0m=[35mtap-csv-latest[0m [36mrun_id[0m=[35m964c7544-feec-4ce1-964c-45019f4d67d3[0m [36mstate_id[0m=[35m2025-06-24T194725--tap-csv-latest--target-postgres[0m [36mstdio[0m=[35mstderr[0m
[2025-06-24T19:47:27.333+0000] {docker.py:429} INFO - [2m2025-06-24T19:47:27.330347Z[0m [[32m[1minfo     [0m] [1m    tap = cls(                [0m [36mcmd_type[0m=[35mextractor[0m [36mname[0m=[35mtap-csv-latest[0m [36mrun_id[0m=[35m964c7544-feec-4ce1-964c-45019f4d67d3[0m [36mstate_id[0m=[35m2025-06-24T194725--tap-csv-latest--target-postgres[0m [36mstdio[0m=[35mstderr[0m
[2025-06-24T19:47:27.333+0000] {docker.py:429} INFO - [2m2025-06-24T19:47:27.331503Z[0m [[32m[1minfo     [0m] [1m  File "/opt/meltano/.meltano/extractors/tap-csv-latest/venv/lib/python3.10/site-packages/singer_sdk/tap_base.py", line 118, in __init__[0m [36mcmd_type[0m=[35mextractor[0m [36mname[0m=[35mtap-csv-latest[0m [36mrun_id[0m=[35m964c7544-feec-4ce1-964c-45019f4d67d3[0m [36mstate_id[0m=[35m2025-06-24T194725--tap-csv-latest--target-postgres[0m [36mstdio[0m=[35mstderr[0m
[2025-06-24T19:47:27.334+0000] {docker.py:429} INFO - [2m2025-06-24T19:47:27.331954Z[0m [[32m[1minfo     [0m] [1m    self.setup_mapper()       [0m [36mcmd_type[0m=[35mextractor[0m [36mname[0m=[35mtap-csv-latest[0m [36mrun_id[0m=[35m964c7544-feec-4ce1-964c-45019f4d67d3[0m [36mstate_id[0m=[35m2025-06-24T194725--tap-csv-latest--target-postgres[0m [36mstdio[0m=[35mstderr[0m
[2025-06-24T19:47:27.334+0000] {docker.py:429} INFO - [2m2025-06-24T19:47:27.332318Z[0m [[32m[1minfo     [0m] [1m  File "/opt/meltano/.meltano/extractors/tap-csv-latest/venv/lib/python3.10/site-packages/singer_sdk/tap_base.py", line 194, in setup_mapper[0m [36mcmd_type[0m=[35mextractor[0m [36mname[0m=[35mtap-csv-latest[0m [36mrun_id[0m=[35m964c7544-feec-4ce1-964c-45019f4d67d3[0m [36mstate_id[0m=[35m2025-06-24T194725--tap-csv-latest--target-postgres[0m [36mstdio[0m=[35mstderr[0m
[2025-06-24T19:47:27.335+0000] {docker.py:429} INFO - [2m2025-06-24T19:47:27.332711Z[0m [[32m[1minfo     [0m] [1m    self.mapper.register_raw_streams_from_catalog(self.catalog)[0m [36mcmd_type[0m=[35mextractor[0m [36mname[0m=[35mtap-csv-latest[0m [36mrun_id[0m=[35m964c7544-feec-4ce1-964c-45019f4d67d3[0m [36mstate_id[0m=[35m2025-06-24T194725--tap-csv-latest--target-postgres[0m [36mstdio[0m=[35mstderr[0m
[2025-06-24T19:47:27.335+0000] {docker.py:429} INFO - [2m2025-06-24T19:47:27.333268Z[0m [[32m[1minfo     [0m] [1m  File "/opt/meltano/.meltano/extractors/tap-csv-latest/venv/lib/python3.10/site-packages/singer_sdk/tap_base.py", line 187, in catalog[0m [36mcmd_type[0m=[35mextractor[0m [36mname[0m=[35mtap-csv-latest[0m [36mrun_id[0m=[35m964c7544-feec-4ce1-964c-45019f4d67d3[0m [36mstate_id[0m=[35m2025-06-24T194725--tap-csv-latest--target-postgres[0m [36mstdio[0m=[35mstderr[0m
[2025-06-24T19:47:27.336+0000] {docker.py:429} INFO - [2m2025-06-24T19:47:27.333730Z[0m [[32m[1minfo     [0m] [1m    self._catalog = self.input_catalog or self._singer_catalog[0m [36mcmd_type[0m=[35mextractor[0m [36mname[0m=[35mtap-csv-latest[0m [36mrun_id[0m=[35m964c7544-feec-4ce1-964c-45019f4d67d3[0m [36mstate_id[0m=[35m2025-06-24T194725--tap-csv-latest--target-postgres[0m [36mstdio[0m=[35mstderr[0m
[2025-06-24T19:47:27.336+0000] {docker.py:429} INFO - [2m2025-06-24T19:47:27.334139Z[0m [[32m[1minfo     [0m] [1m  File "/opt/meltano/.meltano/extractors/tap-csv-latest/venv/lib/python3.10/site-packages/singer_sdk/tap_base.py", line 340, in _singer_catalog[0m [36mcmd_type[0m=[35mextractor[0m [36mname[0m=[35mtap-csv-latest[0m [36mrun_id[0m=[35m964c7544-feec-4ce1-964c-45019f4d67d3[0m [36mstate_id[0m=[35m2025-06-24T194725--tap-csv-latest--target-postgres[0m [36mstdio[0m=[35mstderr[0m
[2025-06-24T19:47:27.337+0000] {docker.py:429} INFO - [2m2025-06-24T19:47:27.335251Z[0m [[32m[1minfo     [0m] [1m    for stream in self.streams.values()[0m [36mcmd_type[0m=[35mextractor[0m [36mname[0m=[35mtap-csv-latest[0m [36mrun_id[0m=[35m964c7544-feec-4ce1-964c-45019f4d67d3[0m [36mstate_id[0m=[35m2025-06-24T194725--tap-csv-latest--target-postgres[0m [36mstdio[0m=[35mstderr[0m
[2025-06-24T19:47:27.338+0000] {docker.py:429} INFO - [2m2025-06-24T19:47:27.335701Z[0m [[32m[1minfo     [0m] [1m  File "/opt/meltano/.meltano/extractors/tap-csv-latest/venv/lib/python3.10/site-packages/singer_sdk/tap_base.py", line 149, in streams[0m [36mcmd_type[0m=[35mextractor[0m [36mname[0m=[35mtap-csv-latest[0m [36mrun_id[0m=[35m964c7544-feec-4ce1-964c-45019f4d67d3[0m [36mstate_id[0m=[35m2025-06-24T194725--tap-csv-latest--target-postgres[0m [36mstdio[0m=[35mstderr[0m
[2025-06-24T19:47:27.341+0000] {docker.py:429} INFO - [2m2025-06-24T19:47:27.336466Z[0m [[32m[1minfo     [0m] [1m    for stream in self.load_streams():[0m [36mcmd_type[0m=[35mextractor[0m [36mname[0m=[35mtap-csv-latest[0m [36mrun_id[0m=[35m964c7544-feec-4ce1-964c-45019f4d67d3[0m [36mstate_id[0m=[35m2025-06-24T194725--tap-csv-latest--target-postgres[0m [36mstdio[0m=[35mstderr[0m
[2025-06-24T19:47:27.342+0000] {docker.py:429} INFO - [2m2025-06-24T19:47:27.337123Z[0m [[32m[1minfo     [0m] [1m  File "/opt/meltano/.meltano/extractors/tap-csv-latest/venv/lib/python3.10/site-packages/singer_sdk/tap_base.py", line 373, in load_streams[0m [36mcmd_type[0m=[35mextractor[0m [36mname[0m=[35mtap-csv-latest[0m [36mrun_id[0m=[35m964c7544-feec-4ce1-964c-45019f4d67d3[0m [36mstate_id[0m=[35m2025-06-24T194725--tap-csv-latest--target-postgres[0m [36mstdio[0m=[35mstderr[0m
[2025-06-24T19:47:27.342+0000] {docker.py:429} INFO - [2m2025-06-24T19:47:27.337740Z[0m [[32m[1minfo     [0m] [1m    for stream in self.discover_streams():[0m [36mcmd_type[0m=[35mextractor[0m [36mname[0m=[35mtap-csv-latest[0m [36mrun_id[0m=[35m964c7544-feec-4ce1-964c-45019f4d67d3[0m [36mstate_id[0m=[35m2025-06-24T194725--tap-csv-latest--target-postgres[0m [36mstdio[0m=[35mstderr[0m
[2025-06-24T19:47:27.343+0000] {docker.py:429} INFO - [2m2025-06-24T19:47:27.341691Z[0m [[32m[1minfo     [0m] [1m  File "/opt/meltano/.meltano/extractors/tap-csv-latest/venv/lib/python3.10/site-packages/tap_csv/tap.py", line 89, in discover_streams[0m [36mcmd_type[0m=[35mextractor[0m [36mname[0m=[35mtap-csv-latest[0m [36mrun_id[0m=[35m964c7544-feec-4ce1-964c-45019f4d67d3[0m [36mstate_id[0m=[35m2025-06-24T194725--tap-csv-latest--target-postgres[0m [36mstdio[0m=[35mstderr[0m
[2025-06-24T19:47:27.343+0000] {docker.py:429} INFO - [2m2025-06-24T19:47:27.342371Z[0m [[32m[1minfo     [0m] [1m    return [                  [0m [36mcmd_type[0m=[35mextractor[0m [36mname[0m=[35mtap-csv-latest[0m [36mrun_id[0m=[35m964c7544-feec-4ce1-964c-45019f4d67d3[0m [36mstate_id[0m=[35m2025-06-24T194725--tap-csv-latest--target-postgres[0m [36mstdio[0m=[35mstderr[0m
[2025-06-24T19:47:27.343+0000] {docker.py:429} INFO - [2m2025-06-24T19:47:27.342868Z[0m [[32m[1minfo     [0m] [1m  File "/opt/meltano/.meltano/extractors/tap-csv-latest/venv/lib/python3.10/site-packages/tap_csv/tap.py", line 92, in <listcomp>[0m [36mcmd_type[0m=[35mextractor[0m [36mname[0m=[35mtap-csv-latest[0m [36mrun_id[0m=[35m964c7544-feec-4ce1-964c-45019f4d67d3[0m [36mstate_id[0m=[35m2025-06-24T194725--tap-csv-latest--target-postgres[0m [36mstdio[0m=[35mstderr[0m
[2025-06-24T19:47:27.344+0000] {docker.py:429} INFO - [2m2025-06-24T19:47:27.343196Z[0m [[32m[1minfo     [0m] [1m    name=file_config.get("entity"),[0m [36mcmd_type[0m=[35mextractor[0m [36mname[0m=[35mtap-csv-latest[0m [36mrun_id[0m=[35m964c7544-feec-4ce1-964c-45019f4d67d3[0m [36mstate_id[0m=[35m2025-06-24T194725--tap-csv-latest--target-postgres[0m [36mstdio[0m=[35mstderr[0m
[2025-06-24T19:47:27.344+0000] {docker.py:429} INFO - [2m2025-06-24T19:47:27.343517Z[0m [[32m[1minfo     [0m] [1mAttributeError: 'str' object has no attribute 'get'[0m [36mcmd_type[0m=[35mextractor[0m [36mname[0m=[35mtap-csv-latest[0m [36mrun_id[0m=[35m964c7544-feec-4ce1-964c-45019f4d67d3[0m [36mstate_id[0m=[35m2025-06-24T194725--tap-csv-latest--target-postgres[0m [36mstdio[0m=[35mstderr[0m
[2025-06-24T19:47:27.529+0000] {docker.py:429} INFO - [2m2025-06-24T19:47:27.528882Z[0m [[32m[1minfo     [0m] [1mtarget-postgres v0.4.3, Meltano SDK v0.47.2[0m [36mcmd_type[0m=[35mloader[0m [36mname[0m=[35mtarget-postgres[0m [36mrun_id[0m=[35m964c7544-feec-4ce1-964c-45019f4d67d3[0m [36mstate_id[0m=[35m2025-06-24T194725--tap-csv-latest--target-postgres[0m [36mstdio[0m=[35mstderr[0m
[2025-06-24T19:47:27.530+0000] {docker.py:429} INFO - [2m2025-06-24T19:47:27.529322Z[0m [[32m[1minfo     [0m] [1mSkipping parse of env var settings...[0m [36mcmd_type[0m=[35mloader[0m [36mname[0m=[35mtarget-postgres[0m [36mrun_id[0m=[35m964c7544-feec-4ce1-964c-45019f4d67d3[0m [36mstate_id[0m=[35m2025-06-24T194725--tap-csv-latest--target-postgres[0m [36mstdio[0m=[35mstderr[0m
[2025-06-24T19:47:27.531+0000] {docker.py:429} INFO - [2m2025-06-24T19:47:27.530329Z[0m [[32m[1minfo     [0m] [1mTraceback (most recent call last):[0m [36mcmd_type[0m=[35mloader[0m [36mname[0m=[35mtarget-postgres[0m [36mrun_id[0m=[35m964c7544-feec-4ce1-964c-45019f4d67d3[0m [36mstate_id[0m=[35m2025-06-24T194725--tap-csv-latest--target-postgres[0m [36mstdio[0m=[35mstderr[0m
[2025-06-24T19:47:27.532+0000] {docker.py:429} INFO - [2m2025-06-24T19:47:27.530782Z[0m [[32m[1minfo     [0m] [1m  File "/opt/meltano/.meltano/loaders/target-postgres/venv/bin/target-postgres", line 8, in <module>[0m [36mcmd_type[0m=[35mloader[0m [36mname[0m=[35mtarget-postgres[0m [36mrun_id[0m=[35m964c7544-feec-4ce1-964c-45019f4d67d3[0m [36mstate_id[0m=[35m2025-06-24T194725--tap-csv-latest--target-postgres[0m [36mstdio[0m=[35mstderr[0m
[2025-06-24T19:47:27.533+0000] {docker.py:429} INFO - [2m2025-06-24T19:47:27.531500Z[0m [[32m[1minfo     [0m] [1m    sys.exit(TargetPostgres.cli())[0m [36mcmd_type[0m=[35mloader[0m [36mname[0m=[35mtarget-postgres[0m [36mrun_id[0m=[35m964c7544-feec-4ce1-964c-45019f4d67d3[0m [36mstate_id[0m=[35m2025-06-24T194725--tap-csv-latest--target-postgres[0m [36mstdio[0m=[35mstderr[0m
[2025-06-24T19:47:27.534+0000] {docker.py:429} INFO - [2m2025-06-24T19:47:27.532067Z[0m [[32m[1minfo     [0m] [1m  File "/opt/meltano/.meltano/loaders/target-postgres/venv/lib/python3.10/site-packages/click/core.py", line 1442, in __call__[0m [36mcmd_type[0m=[35mloader[0m [36mname[0m=[35mtarget-postgres[0m [36mrun_id[0m=[35m964c7544-feec-4ce1-964c-45019f4d67d3[0m [36mstate_id[0m=[35m2025-06-24T194725--tap-csv-latest--target-postgres[0m [36mstdio[0m=[35mstderr[0m
[2025-06-24T19:47:27.535+0000] {docker.py:429} INFO - [2m2025-06-24T19:47:27.533901Z[0m [[32m[1minfo     [0m] [1m    return self.main(*args, **kwargs)[0m [36mcmd_type[0m=[35mloader[0m [36mname[0m=[35mtarget-postgres[0m [36mrun_id[0m=[35m964c7544-feec-4ce1-964c-45019f4d67d3[0m [36mstate_id[0m=[35m2025-06-24T194725--tap-csv-latest--target-postgres[0m [36mstdio[0m=[35mstderr[0m
[2025-06-24T19:47:27.535+0000] {docker.py:429} INFO - [2m2025-06-24T19:47:27.535119Z[0m [[32m[1minfo     [0m] [1m  File "/opt/meltano/.meltano/loaders/target-postgres/venv/lib/python3.10/site-packages/click/core.py", line 1363, in main[0m [36mcmd_type[0m=[35mloader[0m [36mname[0m=[35mtarget-postgres[0m [36mrun_id[0m=[35m964c7544-feec-4ce1-964c-45019f4d67d3[0m [36mstate_id[0m=[35m2025-06-24T194725--tap-csv-latest--target-postgres[0m [36mstdio[0m=[35mstderr[0m
[2025-06-24T19:47:27.536+0000] {docker.py:429} INFO - [2m2025-06-24T19:47:27.535652Z[0m [[32m[1minfo     [0m] [1m    rv = self.invoke(ctx)     [0m [36mcmd_type[0m=[35mloader[0m [36mname[0m=[35mtarget-postgres[0m [36mrun_id[0m=[35m964c7544-feec-4ce1-964c-45019f4d67d3[0m [36mstate_id[0m=[35m2025-06-24T194725--tap-csv-latest--target-postgres[0m [36mstdio[0m=[35mstderr[0m
[2025-06-24T19:47:27.536+0000] {docker.py:429} INFO - [2m2025-06-24T19:47:27.536091Z[0m [[32m[1minfo     [0m] [1m  File "/opt/meltano/.meltano/loaders/target-postgres/venv/lib/python3.10/site-packages/singer_sdk/plugin_base.py", line 97, in invoke[0m [36mcmd_type[0m=[35mloader[0m [36mname[0m=[35mtarget-postgres[0m [36mrun_id[0m=[35m964c7544-feec-4ce1-964c-45019f4d67d3[0m [36mstate_id[0m=[35m2025-06-24T194725--tap-csv-latest--target-postgres[0m [36mstdio[0m=[35mstderr[0m
[2025-06-24T19:47:27.537+0000] {docker.py:429} INFO - [2m2025-06-24T19:47:27.536468Z[0m [[32m[1minfo     [0m] [1m    return super().invoke(ctx)[0m [36mcmd_type[0m=[35mloader[0m [36mname[0m=[35mtarget-postgres[0m [36mrun_id[0m=[35m964c7544-feec-4ce1-964c-45019f4d67d3[0m [36mstate_id[0m=[35m2025-06-24T194725--tap-csv-latest--target-postgres[0m [36mstdio[0m=[35mstderr[0m
[2025-06-24T19:47:27.537+0000] {docker.py:429} INFO - [2m2025-06-24T19:47:27.536818Z[0m [[32m[1minfo     [0m] [1m  File "/opt/meltano/.meltano/loaders/target-postgres/venv/lib/python3.10/site-packages/click/core.py", line 1226, in invoke[0m [36mcmd_type[0m=[35mloader[0m [36mname[0m=[35mtarget-postgres[0m [36mrun_id[0m=[35m964c7544-feec-4ce1-964c-45019f4d67d3[0m [36mstate_id[0m=[35m2025-06-24T194725--tap-csv-latest--target-postgres[0m [36mstdio[0m=[35mstderr[0m
[2025-06-24T19:47:27.538+0000] {docker.py:429} INFO - [2m2025-06-24T19:47:27.537508Z[0m [[32m[1minfo     [0m] [1m    return ctx.invoke(self.callback, **ctx.params)[0m [36mcmd_type[0m=[35mloader[0m [36mname[0m=[35mtarget-postgres[0m [36mrun_id[0m=[35m964c7544-feec-4ce1-964c-45019f4d67d3[0m [36mstate_id[0m=[35m2025-06-24T194725--tap-csv-latest--target-postgres[0m [36mstdio[0m=[35mstderr[0m
[2025-06-24T19:47:27.539+0000] {docker.py:429} INFO - [2m2025-06-24T19:47:27.537965Z[0m [[32m[1minfo     [0m] [1m  File "/opt/meltano/.meltano/loaders/target-postgres/venv/lib/python3.10/site-packages/click/core.py", line 794, in invoke[0m [36mcmd_type[0m=[35mloader[0m [36mname[0m=[35mtarget-postgres[0m [36mrun_id[0m=[35m964c7544-feec-4ce1-964c-45019f4d67d3[0m [36mstate_id[0m=[35m2025-06-24T194725--tap-csv-latest--target-postgres[0m [36mstdio[0m=[35mstderr[0m
[2025-06-24T19:47:27.540+0000] {docker.py:429} INFO - [2m2025-06-24T19:47:27.538629Z[0m [[32m[1minfo     [0m] [1m    return callback(*args, **kwargs)[0m [36mcmd_type[0m=[35mloader[0m [36mname[0m=[35mtarget-postgres[0m [36mrun_id[0m=[35m964c7544-feec-4ce1-964c-45019f4d67d3[0m [36mstate_id[0m=[35m2025-06-24T194725--tap-csv-latest--target-postgres[0m [36mstdio[0m=[35mstderr[0m
[2025-06-24T19:47:27.543+0000] {docker.py:429} INFO - [2m2025-06-24T19:47:27.539100Z[0m [[32m[1minfo     [0m] [1m  File "/opt/meltano/.meltano/loaders/target-postgres/venv/lib/python3.10/site-packages/singer_sdk/target_base.py", line 583, in invoke[0m [36mcmd_type[0m=[35mloader[0m [36mname[0m=[35mtarget-postgres[0m [36mrun_id[0m=[35m964c7544-feec-4ce1-964c-45019f4d67d3[0m [36mstate_id[0m=[35m2025-06-24T194725--tap-csv-latest--target-postgres[0m [36mstdio[0m=[35mstderr[0m
[2m2025-06-24T19:47:27.540544Z[0m [[32m[1minfo     [0m] [1m    target = cls(             [0m [36mcmd_type[0m=[35mloader[0m [36mname[0m=[35mtarget-postgres[0m [36mrun_id[0m=[35m964c7544-feec-4ce1-964c-45019f4d67d3[0m [36mstate_id[0m=[35m2025-06-24T194725--tap-csv-latest--target-postgres[0m [36mstdio[0m=[35mstderr[0m
[2m2025-06-24T19:47:27.541143Z[0m [[32m[1minfo     [0m] [1m  File "/opt/meltano/.meltano/loaders/target-postgres/venv/lib/python3.10/site-packages/target_postgres/target.py", line 67, in __init__[0m [36mcmd_type[0m=[35mloader[0m [36mname[0m=[35mtarget-postgres[0m [36mrun_id[0m=[35m964c7544-feec-4ce1-964c-45019f4d67d3[0m [36mstate_id[0m=[35m2025-06-24T194725--tap-csv-latest--target-postgres[0m [36mstdio[0m=[35mstderr[0m
[2m2025-06-24T19:47:27.541599Z[0m [[32m[1minfo     [0m] [1m    and self.config.get("dialect+driver") is not None[0m [36mcmd_type[0m=[35mloader[0m [36mname[0m=[35mtarget-postgres[0m [36mrun_id[0m=[35m964c7544-feec-4ce1-964c-45019f4d67d3[0m [36mstate_id[0m=[35m2025-06-24T194725--tap-csv-latest--target-postgres[0m [36mstdio[0m=[35mstderr[0m
[2m2025-06-24T19:47:27.541913Z[0m [[32m[1minfo     [0m] [1mAssertionError: Need either the sqlalchemy_url to be set or host, port, user, password, and dialect+driver to be set[0m [36mcmd_type[0m=[35mloader[0m [36mname[0m=[35mtarget-postgres[0m [36mrun_id[0m=[35m964c7544-feec-4ce1-964c-45019f4d67d3[0m [36mstate_id[0m=[35m2025-06-24T194725--tap-csv-latest--target-postgres[0m [36mstdio[0m=[35mstderr[0m
[2025-06-24T19:47:27.652+0000] {docker.py:429} INFO - [2m2025-06-24T19:47:27.651605Z[0m [[31m[1merror    [0m] [1mExtraction failed             [0m [36mcode[0m=[35m1[0m [36mmessage[0m=[35m"AttributeError: 'str' object has no attribute 'get'"[0m [36mname[0m=[35mmeltano[0m [36mrun_id[0m=[35m964c7544-feec-4ce1-964c-45019f4d67d3[0m [36mstate_id[0m=[35m2025-06-24T194725--tap-csv-latest--target-postgres[0m
[2025-06-24T19:47:27.653+0000] {docker.py:429} INFO - [2m2025-06-24T19:47:27.651942Z[0m [[31m[1merror    [0m] [1mLoading failed                [0m [36mcode[0m=[35m1[0m [36mmessage[0m=[35m'AssertionError: Need either the sqlalchemy_url to be set or host, port, user, password, and dialect+driver to be set'[0m [36mname[0m=[35mmeltano[0m [36mrun_id[0m=[35m964c7544-feec-4ce1-964c-45019f4d67d3[0m [36mstate_id[0m=[35m2025-06-24T194725--tap-csv-latest--target-postgres[0m
[2025-06-24T19:47:27.653+0000] {docker.py:429} INFO - [2m2025-06-24T19:47:27.652500Z[0m [[32m[1minfo     [0m] [1mELT could not be completed: Extractor and loader failed.[0m [36mcmd_type[0m=[35melt[0m [36mname[0m=[35mmeltano[0m [36mrun_id[0m=[35m964c7544-feec-4ce1-964c-45019f4d67d3[0m [36mstate_id[0m=[35m2025-06-24T194725--tap-csv-latest--target-postgres[0m [36mstdio[0m=[35mstderr[0m
[2025-06-24T19:47:27.654+0000] {docker.py:429} INFO - [2m2025-06-24T19:47:27.652768Z[0m [[32m[1minfo     [0m] [1mFor more detailed log messages re-run the command using 'meltano --log-level=debug ...' CLI flag.[0m [36mcmd_type[0m=[35melt[0m [36mname[0m=[35mmeltano[0m [36mrun_id[0m=[35m964c7544-feec-4ce1-964c-45019f4d67d3[0m [36mstate_id[0m=[35m2025-06-24T194725--tap-csv-latest--target-postgres[0m [36mstdio[0m=[35mstderr[0m
[2025-06-24T19:47:27.654+0000] {docker.py:429} INFO - [2m2025-06-24T19:47:27.652979Z[0m [[32m[1minfo     [0m] [1mNote that you can also check the generated log file at '/opt/meltano/.meltano/logs/elt/2025-06-24T194725--tap-csv-latest--target-postgres/964c7544-feec-4ce1-964c-45019f4d67d3/elt.log'.[0m [36mcmd_type[0m=[35melt[0m [36mname[0m=[35mmeltano[0m [36mrun_id[0m=[35m964c7544-feec-4ce1-964c-45019f4d67d3[0m [36mstate_id[0m=[35m2025-06-24T194725--tap-csv-latest--target-postgres[0m [36mstdio[0m=[35mstderr[0m
[2025-06-24T19:47:27.655+0000] {docker.py:429} INFO - [2m2025-06-24T19:47:27.653390Z[0m [[32m[1minfo     [0m] [1mFor more information on debugging and logging: https://docs.meltano.com/reference/command-line-interface#debugging[0m [36mcmd_type[0m=[35melt[0m [36mname[0m=[35mmeltano[0m [36mrun_id[0m=[35m964c7544-feec-4ce1-964c-45019f4d67d3[0m [36mstate_id[0m=[35m2025-06-24T194725--tap-csv-latest--target-postgres[0m [36mstdio[0m=[35mstderr[0m
[2025-06-24T19:47:27.671+0000] {docker.py:429} INFO - Need help fixing this problem? Visit http://melta.no/ for troubleshooting steps, or to
join our friendly Slack community.

ELT could not be completed: Extractor and loader failed.
For more detailed log messages re-run the command using 'meltano --log-level=debug ...' CLI flag.
Note that you can also check the generated log file at '/opt/meltano/.meltano/logs/elt/2025-06-24T194725--tap-csv-latest--target-postgres/964c7544-feec-4ce1-964c-45019f4d67d3/elt.log'.
For more information on debugging and logging: https://docs.meltano.com/reference/command-line-interface#debugging
[2025-06-24T19:47:29.074+0000] {taskinstance.py:2698} ERROR - Task failed with exception
Traceback (most recent call last):
  File "/home/airflow/.local/lib/python3.10/site-packages/airflow/models/taskinstance.py", line 433, in _execute_task
    result = execute_callable(context=context, **execute_callable_kwargs)
  File "/home/airflow/.local/lib/python3.10/site-packages/airflow/providers/docker/operators/docker.py", line 502, in execute
    return self._run_image()
  File "/home/airflow/.local/lib/python3.10/site-packages/airflow/providers/docker/operators/docker.py", line 376, in _run_image
    return self._run_image_with_mounts(self.mounts, add_tmp_variable=False)
  File "/home/airflow/.local/lib/python3.10/site-packages/airflow/providers/docker/operators/docker.py", line 437, in _run_image_with_mounts
    raise DockerContainerFailedException(f"Docker container failed: {result!r}", logs=log_lines)
airflow.providers.docker.exceptions.DockerContainerFailedException: Docker container failed: {'StatusCode': 1}
[2025-06-24T19:47:29.084+0000] {taskinstance.py:1138} INFO - Marking task as FAILED. dag_id=northwind, task_id=carregamento_postgres, execution_date=20250624T193940, start_date=20250624T194702, end_date=20250624T194729
[2025-06-24T19:47:29.153+0000] {logging_mixin.py:188} WARNING - /home/***/.local/lib/python3.10/site-packages/***/utils/email.py:154 RemovedInAirflow3Warning: Fetching SMTP credentials from configuration variables will be deprecated in a future release. Please set credentials using a connection instead.
[2025-06-24T19:47:29.155+0000] {configuration.py:1046} WARNING - section/key [smtp/smtp_user] not found in config
[2025-06-24T19:47:29.155+0000] {email.py:270} INFO - Email alerting: attempt 1
[2025-06-24T19:47:29.166+0000] {configuration.py:1046} WARNING - section/key [smtp/smtp_user] not found in config
[2025-06-24T19:47:29.166+0000] {email.py:270} INFO - Email alerting: attempt 1
[2025-06-24T19:47:29.167+0000] {taskinstance.py:826} ERROR - Failed to send email to: ['lrbf@cin.ufpe.br']
Traceback (most recent call last):
  File "/home/airflow/.local/lib/python3.10/site-packages/airflow/models/taskinstance.py", line 2334, in _run_raw_task
    self._execute_task_with_callbacks(context, test_mode, session=session)
  File "/home/airflow/.local/lib/python3.10/site-packages/airflow/models/taskinstance.py", line 2499, in _execute_task_with_callbacks
    result = self._execute_task(context, task_orig)
  File "/home/airflow/.local/lib/python3.10/site-packages/airflow/models/taskinstance.py", line 2516, in _execute_task
    return _execute_task(self, context, task_orig)
  File "/home/airflow/.local/lib/python3.10/site-packages/airflow/models/taskinstance.py", line 433, in _execute_task
    result = execute_callable(context=context, **execute_callable_kwargs)
  File "/home/airflow/.local/lib/python3.10/site-packages/airflow/providers/docker/operators/docker.py", line 502, in execute
    return self._run_image()
  File "/home/airflow/.local/lib/python3.10/site-packages/airflow/providers/docker/operators/docker.py", line 376, in _run_image
    return self._run_image_with_mounts(self.mounts, add_tmp_variable=False)
  File "/home/airflow/.local/lib/python3.10/site-packages/airflow/providers/docker/operators/docker.py", line 437, in _run_image_with_mounts
    raise DockerContainerFailedException(f"Docker container failed: {result!r}", logs=log_lines)
airflow.providers.docker.exceptions.DockerContainerFailedException: Docker container failed: {'StatusCode': 1}

During handling of the above exception, another exception occurred:

Traceback (most recent call last):
  File "/home/airflow/.local/lib/python3.10/site-packages/airflow/models/taskinstance.py", line 1000, in _email_alert
    send_email(task.email, subject, html_content)
  File "/home/airflow/.local/lib/python3.10/site-packages/airflow/utils/email.py", line 80, in send_email
    return backend(
  File "/home/airflow/.local/lib/python3.10/site-packages/airflow/utils/email.py", line 154, in send_email_smtp
    send_mime_email(e_from=mail_from, e_to=recipients, mime_msg=msg, conn_id=conn_id, dryrun=dryrun)
  File "/home/airflow/.local/lib/python3.10/site-packages/airflow/utils/email.py", line 272, in send_mime_email
    smtp_conn = _get_smtp_connection(smtp_host, smtp_port, smtp_timeout, smtp_ssl)
  File "/home/airflow/.local/lib/python3.10/site-packages/airflow/utils/email.py", line 316, in _get_smtp_connection
    return smtplib.SMTP(host=host, port=port, timeout=timeout)
  File "/usr/local/lib/python3.10/smtplib.py", line 255, in __init__
    (code, msg) = self.connect(host, port)
  File "/usr/local/lib/python3.10/smtplib.py", line 341, in connect
    self.sock = self._get_socket(host, port, self.timeout)
  File "/usr/local/lib/python3.10/smtplib.py", line 312, in _get_socket
    return socket.create_connection((host, port), timeout,
  File "/usr/local/lib/python3.10/socket.py", line 845, in create_connection
    raise err
  File "/usr/local/lib/python3.10/socket.py", line 833, in create_connection
    sock.connect(sa)
ConnectionRefusedError: [Errno 111] Connection refused

During handling of the above exception, another exception occurred:

Traceback (most recent call last):
  File "/home/airflow/.local/lib/python3.10/site-packages/airflow/models/taskinstance.py", line 824, in _handle_failure
    task_instance.email_alert(error, failure_context["task"])
  File "/home/airflow/.local/lib/python3.10/site-packages/airflow/models/taskinstance.py", line 2946, in email_alert
    _email_alert(task_instance=self, exception=exception, task=task)
  File "/home/airflow/.local/lib/python3.10/site-packages/airflow/models/taskinstance.py", line 1002, in _email_alert
    send_email(task.email, subject, html_content_err)
  File "/home/airflow/.local/lib/python3.10/site-packages/airflow/utils/email.py", line 80, in send_email
    return backend(
  File "/home/airflow/.local/lib/python3.10/site-packages/airflow/utils/email.py", line 154, in send_email_smtp
    send_mime_email(e_from=mail_from, e_to=recipients, mime_msg=msg, conn_id=conn_id, dryrun=dryrun)
  File "/home/airflow/.local/lib/python3.10/site-packages/airflow/utils/email.py", line 272, in send_mime_email
    smtp_conn = _get_smtp_connection(smtp_host, smtp_port, smtp_timeout, smtp_ssl)
  File "/home/airflow/.local/lib/python3.10/site-packages/airflow/utils/email.py", line 316, in _get_smtp_connection
    return smtplib.SMTP(host=host, port=port, timeout=timeout)
  File "/usr/local/lib/python3.10/smtplib.py", line 255, in __init__
    (code, msg) = self.connect(host, port)
  File "/usr/local/lib/python3.10/smtplib.py", line 341, in connect
    self.sock = self._get_socket(host, port, self.timeout)
  File "/usr/local/lib/python3.10/smtplib.py", line 312, in _get_socket
    return socket.create_connection((host, port), timeout,
  File "/usr/local/lib/python3.10/socket.py", line 845, in create_connection
    raise err
  File "/usr/local/lib/python3.10/socket.py", line 833, in create_connection
    sock.connect(sa)
ConnectionRefusedError: [Errno 111] Connection refused
[2025-06-24T19:47:29.199+0000] {standard_task_runner.py:107} ERROR - Failed to execute job 87 for task carregamento_postgres (Docker container failed: {'StatusCode': 1}; 170)
[2025-06-24T19:47:29.226+0000] {local_task_job_runner.py:234} INFO - Task exited with return code 1
[2025-06-24T19:47:29.261+0000] {taskinstance.py:3280} INFO - 0 downstream tasks scheduled from follow-on schedule check
