[2025-07-10T15:17:49.004+0000] {taskinstance.py:1956} INFO - Dependencies all met for dep_context=non-requeueable deps ti=<TaskInstance: northwind.gerar_config_csv_dinamica manual__2025-07-10T15:17:11.680336+00:00 [queued]>
[2025-07-10T15:17:49.012+0000] {taskinstance.py:1956} INFO - Dependencies all met for dep_context=requeueable deps ti=<TaskInstance: northwind.gerar_config_csv_dinamica manual__2025-07-10T15:17:11.680336+00:00 [queued]>
[2025-07-10T15:17:49.012+0000] {taskinstance.py:2170} INFO - Starting attempt 1 of 2
[2025-07-10T15:17:49.023+0000] {taskinstance.py:2191} INFO - Executing <Task(DockerOperator): gerar_config_csv_dinamica> on 2025-07-10 15:17:11.680336+00:00
[2025-07-10T15:17:49.028+0000] {standard_task_runner.py:60} INFO - Started process 181 to run task
[2025-07-10T15:17:49.030+0000] {standard_task_runner.py:87} INFO - Running: ['***', 'tasks', 'run', 'northwind', 'gerar_config_csv_dinamica', 'manual__2025-07-10T15:17:11.680336+00:00', '--job-id', '106', '--raw', '--subdir', 'DAGS_FOLDER/northwind.py', '--cfg-path', '/tmp/tmpyv95ag25']
[2025-07-10T15:17:49.032+0000] {standard_task_runner.py:88} INFO - Job 106: Subtask gerar_config_csv_dinamica
[2025-07-10T15:17:49.087+0000] {task_command.py:423} INFO - Running <TaskInstance: northwind.gerar_config_csv_dinamica manual__2025-07-10T15:17:11.680336+00:00 [running]> on host 8ddbac0a6dc1
[2025-07-10T15:17:49.203+0000] {taskinstance.py:2480} INFO - Exporting env vars: AIRFLOW_CTX_DAG_EMAIL='lrbf@cin.ufpe.br' AIRFLOW_CTX_DAG_OWNER='***' AIRFLOW_CTX_DAG_ID='northwind' AIRFLOW_CTX_TASK_ID='gerar_config_csv_dinamica' AIRFLOW_CTX_EXECUTION_DATE='2025-07-10T15:17:11.680336+00:00' AIRFLOW_CTX_TRY_NUMBER='1' AIRFLOW_CTX_DAG_RUN_ID='manual__2025-07-10T15:17:11.680336+00:00'
[2025-07-10T15:17:49.270+0000] {docker.py:359} INFO - Starting docker container from image meltano:latest
[2025-07-10T15:17:49.552+0000] {docker.py:429} INFO - Running meltano install...
[2025-07-10T15:17:52.095+0000] {docker.py:429} INFO - [2m2025-07-10T15:17:52.094530Z[0m [[32m[1minfo     [0m] [1mInstalling 7 plugins          [0m
[2025-07-10T15:17:52.116+0000] {docker.py:429} INFO - [2m2025-07-10T15:17:52.115753Z[0m [[32m[1minfo     [0m] [1mInstalling extractor 'tap-postgres'[0m
[2025-07-10T15:17:52.148+0000] {docker.py:429} INFO - [2m2025-07-10T15:17:52.147231Z[0m [[32m[1minfo     [0m] [1mInstalling extractor 'tap-csv'[0m
[2025-07-10T15:17:52.244+0000] {docker.py:429} INFO - [2m2025-07-10T15:17:52.243730Z[0m [[32m[1minfo     [0m] [1mInstalling extractor 'tap-csv-latest'[0m
[2025-07-10T15:17:52.268+0000] {docker.py:429} INFO - [2m2025-07-10T15:17:52.267592Z[0m [[32m[1minfo     [0m] [1mInstalling loader 'target-postgres'[0m
[2025-07-10T15:17:52.294+0000] {docker.py:429} INFO - [2m2025-07-10T15:17:52.294078Z[0m [[32m[1minfo     [0m] [1mInstalling loader 'target-csv'[0m
[2025-07-10T15:17:52.327+0000] {docker.py:429} INFO - [2m2025-07-10T15:17:52.326566Z[0m [[32m[1minfo     [0m] [1mInstalling loader 'target-csv-postgres'[0m
[2025-07-10T15:17:52.479+0000] {docker.py:429} INFO - [2m2025-07-10T15:17:52.477519Z[0m [[32m[1minfo     [0m] [1mInstalling loader 'target-csv-csv'[0m
[2025-07-10T15:17:54.742+0000] {docker.py:429} INFO - [2m2025-07-10T15:17:54.741645Z[0m [[32m[1minfo     [0m] [1mInstalled extractor 'tap-postgres'[0m
[2025-07-10T15:17:54.788+0000] {docker.py:429} INFO - [2m2025-07-10T15:17:54.788243Z[0m [[32m[1minfo     [0m] [1mInstalled loader 'target-postgres'[0m
[2025-07-10T15:18:01.236+0000] {docker.py:429} INFO - [2m2025-07-10T15:18:01.235283Z[0m [[32m[1minfo     [0m] [1mInstalled extractor 'tap-csv-latest'[0m
[2025-07-10T15:18:01.247+0000] {docker.py:429} INFO - [2m2025-07-10T15:18:01.246399Z[0m [[32m[1minfo     [0m] [1mInstalled extractor 'tap-csv' [0m
[2025-07-10T15:18:03.049+0000] {docker.py:429} INFO - [2m2025-07-10T15:18:03.047718Z[0m [[32m[1minfo     [0m] [1mInstalled loader 'target-csv' [0m
[2025-07-10T15:18:04.051+0000] {docker.py:429} INFO - [2m2025-07-10T15:18:04.050117Z[0m [[32m[1minfo     [0m] [1mInstalled loader 'target-csv-postgres'[0m
[2025-07-10T15:18:05.394+0000] {docker.py:429} INFO - [2m2025-07-10T15:18:05.391787Z[0m [[32m[1minfo     [0m] [1mInstalled loader 'target-csv-csv'[0m
[2m2025-07-10T15:18:05.392434Z[0m [[32m[1minfo     [0m] [1mInstalled 7/7 plugins         [0m
[2025-07-10T15:18:06.539+0000] {docker.py:429} INFO - Meltano install completed. Executing command: python /opt/meltano/scripts/generate_csv_config.py
[2025-07-10T15:18:06.584+0000] {docker.py:429} INFO - [{"entity": "order_details", "path": "/opt/output_data/csv/order_details/2025-07-10/file.csv", "keys": ["order_id", "product_id"], "delimiter": ",", "encoding": "utf-8"}, {"entity": "public-categories", "path": "/opt/output_data/postgres/public-categories/2025-07-10/file.csv", "keys": ["category_id"], "delimiter": ",", "encoding": "utf-8"}, {"entity": "public-products", "path": "/opt/output_data/postgres/public-products/2025-07-10/file.csv", "keys": ["product_id"], "delimiter": ",", "encoding": "utf-8"}, {"entity": "public-suppliers", "path": "/opt/output_data/postgres/public-suppliers/2025-07-10/file.csv", "keys": ["supplier_id"], "delimiter": ",", "encoding": "utf-8"}, {"entity": "public-orders", "path": "/opt/output_data/postgres/public-orders/2025-07-10/file.csv", "keys": ["order_id"], "delimiter": ",", "encoding": "utf-8"}, {"entity": "public-customers", "path": "/opt/output_data/postgres/public-customers/2025-07-10/file.csv", "keys": ["customer_id"], "delimiter": ",", "encoding": "utf-8"}, {"entity": "public-employees", "path": "/opt/output_data/postgres/public-employees/2025-07-10/file.csv", "keys": ["employee_id"], "delimiter": ",", "encoding": "utf-8"}, {"entity": "public-employee_territories", "path": "/opt/output_data/postgres/public-employee_territories/2025-07-10/file.csv", "keys": ["employee_id", "territory_id"], "delimiter": ",", "encoding": "utf-8"}, {"entity": "public-territories", "path": "/opt/output_data/postgres/public-territories/2025-07-10/file.csv", "keys": ["territory_id"], "delimiter": ",", "encoding": "utf-8"}, {"entity": "public-region", "path": "/opt/output_data/postgres/public-region/2025-07-10/file.csv", "keys": ["region_id"], "delimiter": ",", "encoding": "utf-8"}, {"entity": "public-shippers", "path": "/opt/output_data/postgres/public-shippers/2025-07-10/file.csv", "keys": ["shipper_id"], "delimiter": ",", "encoding": "utf-8"}, {"entity": "public-us_states", "path": "/opt/output_data/postgres/public-us_states/2025-07-10/file.csv", "keys": ["state_id"], "delimiter": ",", "encoding": "utf-8"}]
[2025-07-10T15:18:06.791+0000] {taskinstance.py:1138} INFO - Marking task as SUCCESS. dag_id=northwind, task_id=gerar_config_csv_dinamica, execution_date=20250710T151711, start_date=20250710T151749, end_date=20250710T151806
[2025-07-10T15:18:06.822+0000] {local_task_job_runner.py:234} INFO - Task exited with return code 0
[2025-07-10T15:18:06.845+0000] {taskinstance.py:3280} INFO - 1 downstream tasks scheduled from follow-on schedule check
