[2025-06-25T23:03:35.531+0000] {taskinstance.py:1956} INFO - Dependencies all met for dep_context=non-requeueable deps ti=<TaskInstance: northwind.gerar_config_csv_dinamica manual__2025-06-25T23:01:35.308206+00:00 [queued]>
[2025-06-25T23:03:35.546+0000] {taskinstance.py:1956} INFO - Dependencies all met for dep_context=requeueable deps ti=<TaskInstance: northwind.gerar_config_csv_dinamica manual__2025-06-25T23:01:35.308206+00:00 [queued]>
[2025-06-25T23:03:35.546+0000] {taskinstance.py:2170} INFO - Starting attempt 1 of 2
[2025-06-25T23:03:35.573+0000] {taskinstance.py:2191} INFO - Executing <Task(DockerOperator): gerar_config_csv_dinamica> on 2025-06-25 23:01:35.308206+00:00
[2025-06-25T23:03:35.595+0000] {standard_task_runner.py:60} INFO - Started process 200 to run task
[2025-06-25T23:03:35.595+0000] {standard_task_runner.py:87} INFO - Running: ['***', 'tasks', 'run', 'northwind', 'gerar_config_csv_dinamica', 'manual__2025-06-25T23:01:35.308206+00:00', '--job-id', '240', '--raw', '--subdir', 'DAGS_FOLDER/dag.py', '--cfg-path', '/tmp/tmpk2a7q4ap']
[2025-06-25T23:03:35.605+0000] {standard_task_runner.py:88} INFO - Job 240: Subtask gerar_config_csv_dinamica
[2025-06-25T23:03:35.676+0000] {task_command.py:423} INFO - Running <TaskInstance: northwind.gerar_config_csv_dinamica manual__2025-06-25T23:01:35.308206+00:00 [running]> on host 6afc1f3750fb
[2025-06-25T23:03:35.800+0000] {taskinstance.py:2480} INFO - Exporting env vars: AIRFLOW_CTX_DAG_EMAIL='lrbf@cin.ufpe.br' AIRFLOW_CTX_DAG_OWNER='***' AIRFLOW_CTX_DAG_ID='northwind' AIRFLOW_CTX_TASK_ID='gerar_config_csv_dinamica' AIRFLOW_CTX_EXECUTION_DATE='2025-06-25T23:01:35.308206+00:00' AIRFLOW_CTX_TRY_NUMBER='1' AIRFLOW_CTX_DAG_RUN_ID='manual__2025-06-25T23:01:35.308206+00:00'
[2025-06-25T23:03:36.109+0000] {docker.py:359} INFO - Starting docker container from image meltano:latest
[2025-06-25T23:03:36.789+0000] {docker.py:429} INFO - Running meltano install...
[2025-06-25T23:03:39.161+0000] {docker.py:429} INFO - [2m2025-06-25T23:03:39.160531Z[0m [[32m[1minfo     [0m] [1mInstalling 7 plugins          [0m
[2025-06-25T23:03:39.176+0000] {docker.py:429} INFO - [2m2025-06-25T23:03:39.175765Z[0m [[32m[1minfo     [0m] [1mInstalling extractor 'tap-postgres'[0m
[2025-06-25T23:03:39.197+0000] {docker.py:429} INFO - [2m2025-06-25T23:03:39.196790Z[0m [[32m[1minfo     [0m] [1mInstalling extractor 'tap-csv'[0m
[2025-06-25T23:03:39.214+0000] {docker.py:429} INFO - [2m2025-06-25T23:03:39.213527Z[0m [[32m[1minfo     [0m] [1mInstalling extractor 'tap-csv-latest'[0m
[2025-06-25T23:03:39.236+0000] {docker.py:429} INFO - [2m2025-06-25T23:03:39.235996Z[0m [[32m[1minfo     [0m] [1mInstalling loader 'target-postgres'[0m
[2025-06-25T23:03:39.267+0000] {docker.py:429} INFO - [2m2025-06-25T23:03:39.266328Z[0m [[32m[1minfo     [0m] [1mInstalling loader 'target-csv'[0m
[2025-06-25T23:03:39.298+0000] {docker.py:429} INFO - [2m2025-06-25T23:03:39.297369Z[0m [[32m[1minfo     [0m] [1mInstalling loader 'target-csv-postgres'[0m
[2025-06-25T23:03:39.347+0000] {docker.py:429} INFO - [2m2025-06-25T23:03:39.345051Z[0m [[32m[1minfo     [0m] [1mInstalling loader 'target-csv-csv'[0m
[2025-06-25T23:03:43.772+0000] {docker.py:429} INFO - [2m2025-06-25T23:03:43.765348Z[0m [[32m[1minfo     [0m] [1mInstalled loader 'target-postgres'[0m
[2025-06-25T23:03:51.550+0000] {docker.py:429} INFO - [2m2025-06-25T23:03:51.549299Z[0m [[32m[1minfo     [0m] [1mInstalled extractor 'tap-postgres'[0m
[2025-06-25T23:04:15.670+0000] {docker.py:429} INFO - [2m2025-06-25T23:04:15.669145Z[0m [[32m[1minfo     [0m] [1mInstalled loader 'target-csv' [0m
[2025-06-25T23:04:16.161+0000] {docker.py:429} INFO - [2m2025-06-25T23:04:16.160391Z[0m [[32m[1minfo     [0m] [1mInstalled extractor 'tap-csv-latest'[0m
[2025-06-25T23:04:17.451+0000] {docker.py:429} INFO - [2m2025-06-25T23:04:17.450629Z[0m [[32m[1minfo     [0m] [1mInstalled loader 'target-csv-postgres'[0m
[2025-06-25T23:04:17.452+0000] {docker.py:429} INFO - [2m2025-06-25T23:04:17.452265Z[0m [[32m[1minfo     [0m] [1mInstalled extractor 'tap-csv' [0m
[2025-06-25T23:04:18.780+0000] {docker.py:429} INFO - [2m2025-06-25T23:04:18.779219Z[0m [[32m[1minfo     [0m] [1mInstalled loader 'target-csv-csv'[0m
[2025-06-25T23:04:18.781+0000] {docker.py:429} INFO - [2m2025-06-25T23:04:18.780705Z[0m [[32m[1minfo     [0m] [1mInstalled 7/7 plugins         [0m
[2025-06-25T23:04:20.475+0000] {docker.py:429} INFO - Meltano install completed. Executing command: python /opt/meltano/scripts/generate_tap_csv_config.py
[2025-06-25T23:04:20.572+0000] {docker.py:429} INFO - {"files": [{"entity": "order_details", "path": "/opt/output_data/csv/order_details/2025-06-25/file.csv", "keys": ["order_id", "product_id"], "delimiter": ",", "encoding": "utf-8"}, {"entity": "public-categories", "path": "/opt/output_data/postgres/public-categories/2025-06-25/file.csv", "keys": ["category_id"], "delimiter": ",", "encoding": "utf-8"}, {"entity": "public-products", "path": "/opt/output_data/postgres/public-products/2025-06-25/file.csv", "keys": ["product_id"], "delimiter": ",", "encoding": "utf-8"}, {"entity": "public-suppliers", "path": "/opt/output_data/postgres/public-suppliers/2025-06-25/file.csv", "keys": ["supplier_id"], "delimiter": ",", "encoding": "utf-8"}, {"entity": "public-orders", "path": "/opt/output_data/postgres/public-orders/2025-06-25/file.csv", "keys": ["order_id"], "delimiter": ",", "encoding": "utf-8"}, {"entity": "public-customers", "path": "/opt/output_data/postgres/public-customers/2025-06-25/file.csv", "keys": ["customer_id"], "delimiter": ",", "encoding": "utf-8"}, {"entity": "public-employees", "path": "/opt/output_data/postgres/public-employees/2025-06-25/file.csv", "keys": ["employee_id"], "delimiter": ",", "encoding": "utf-8"}, {"entity": "public-employee_territories", "path": "/opt/output_data/postgres/public-employee_territories/2025-06-25/file.csv", "keys": ["employee_id", "territory_id"], "delimiter": ",", "encoding": "utf-8"}, {"entity": "public-territories", "path": "/opt/output_data/postgres/public-territories/2025-06-25/file.csv", "keys": ["territory_id"], "delimiter": ",", "encoding": "utf-8"}, {"entity": "public-region", "path": "/opt/output_data/postgres/public-region/2025-06-25/file.csv", "keys": ["region_id"], "delimiter": ",", "encoding": "utf-8"}, {"entity": "public-shippers", "path": "/opt/output_data/postgres/public-shippers/2025-06-25/file.csv", "keys": ["shipper_id"], "delimiter": ",", "encoding": "utf-8"}, {"entity": "public-us_states", "path": "/opt/output_data/postgres/public-us_states/2025-06-25/file.csv", "keys": ["state_id"], "delimiter": ",", "encoding": "utf-8"}]}
[2025-06-25T23:04:21.052+0000] {taskinstance.py:1138} INFO - Marking task as SUCCESS. dag_id=northwind, task_id=gerar_config_csv_dinamica, execution_date=20250625T230135, start_date=20250625T230335, end_date=20250625T230421
[2025-06-25T23:04:21.705+0000] {local_task_job_runner.py:234} INFO - Task exited with return code 0
[2025-06-25T23:04:21.756+0000] {taskinstance.py:3280} INFO - 1 downstream tasks scheduled from follow-on schedule check
