[2025-06-26T16:59:36.402+0000] {taskinstance.py:1956} INFO - Dependencies all met for dep_context=non-requeueable deps ti=<TaskInstance: northwind.extração_csv manual__2025-06-26T16:59:03.154428+00:00 [queued]>
[2025-06-26T16:59:36.414+0000] {taskinstance.py:1956} INFO - Dependencies all met for dep_context=requeueable deps ti=<TaskInstance: northwind.extração_csv manual__2025-06-26T16:59:03.154428+00:00 [queued]>
[2025-06-26T16:59:36.414+0000] {taskinstance.py:2170} INFO - Starting attempt 1 of 2
[2025-06-26T16:59:36.433+0000] {taskinstance.py:2191} INFO - Executing <Task(DockerOperator): extração_csv> on 2025-06-26 16:59:03.154428+00:00
[2025-06-26T16:59:36.440+0000] {standard_task_runner.py:60} INFO - Started process 192 to run task
[2025-06-26T16:59:36.444+0000] {standard_task_runner.py:87} INFO - Running: ['***', 'tasks', 'run', 'northwind', 'extração_csv', 'manual__2025-06-26T16:59:03.154428+00:00', '--job-id', '299', '--raw', '--subdir', 'DAGS_FOLDER/dag.py', '--cfg-path', '/tmp/tmpi7jmc0en']
[2025-06-26T16:59:36.447+0000] {standard_task_runner.py:88} INFO - Job 299: Subtask extração_csv
[2025-06-26T16:59:36.501+0000] {task_command.py:423} INFO - Running <TaskInstance: northwind.extração_csv manual__2025-06-26T16:59:03.154428+00:00 [running]> on host 6afc1f3750fb
[2025-06-26T16:59:36.606+0000] {taskinstance.py:2480} INFO - Exporting env vars: AIRFLOW_CTX_DAG_EMAIL='lrbf@cin.ufpe.br' AIRFLOW_CTX_DAG_OWNER='***' AIRFLOW_CTX_DAG_ID='northwind' AIRFLOW_CTX_TASK_ID='extração_csv' AIRFLOW_CTX_EXECUTION_DATE='2025-06-26T16:59:03.154428+00:00' AIRFLOW_CTX_TRY_NUMBER='1' AIRFLOW_CTX_DAG_RUN_ID='manual__2025-06-26T16:59:03.154428+00:00'
[2025-06-26T16:59:37.555+0000] {docker.py:359} INFO - Starting docker container from image meltano:latest
[2025-06-26T16:59:37.562+0000] {docker.py:367} WARNING - Using remote engine or docker-in-docker and mounting temporary volume from host is not supported. Falling back to `mount_tmp_dir=False` mode. You can set `mount_tmp_dir` parameter to False to disable mounting and remove the warning
[2025-06-26T16:59:38.249+0000] {docker.py:429} INFO - Running meltano install...
[2025-06-26T16:59:41.443+0000] {docker.py:429} INFO - [2m2025-06-26T16:59:41.441879Z[0m [[32m[1minfo     [0m] [1mInstalling 7 plugins          [0m
[2025-06-26T16:59:41.522+0000] {docker.py:429} INFO - [2m2025-06-26T16:59:41.477731Z[0m [[32m[1minfo     [0m] [1mInstalling extractor 'tap-postgres'[0m
[2025-06-26T16:59:41.558+0000] {docker.py:429} INFO - [2m2025-06-26T16:59:41.557819Z[0m [[32m[1minfo     [0m] [1mInstalling extractor 'tap-csv'[0m
[2025-06-26T16:59:41.595+0000] {docker.py:429} INFO - [2m2025-06-26T16:59:41.594297Z[0m [[32m[1minfo     [0m] [1mInstalling extractor 'tap-csv-latest'[0m
[2025-06-26T16:59:41.633+0000] {docker.py:429} INFO - [2m2025-06-26T16:59:41.632443Z[0m [[32m[1minfo     [0m] [1mInstalling loader 'target-postgres'[0m
[2025-06-26T16:59:41.700+0000] {docker.py:429} INFO - [2m2025-06-26T16:59:41.699763Z[0m [[32m[1minfo     [0m] [1mInstalling loader 'target-csv'[0m
[2025-06-26T16:59:41.747+0000] {docker.py:429} INFO - [2m2025-06-26T16:59:41.746026Z[0m [[32m[1minfo     [0m] [1mInstalling loader 'target-csv-postgres'[0m
[2025-06-26T16:59:41.814+0000] {docker.py:429} INFO - [2m2025-06-26T16:59:41.811028Z[0m [[32m[1minfo     [0m] [1mInstalling loader 'target-csv-csv'[0m
[2025-06-26T16:59:44.171+0000] {docker.py:429} INFO - [2m2025-06-26T16:59:44.171005Z[0m [[32m[1minfo     [0m] [1mInstalled extractor 'tap-postgres'[0m
[2025-06-26T16:59:44.196+0000] {docker.py:429} INFO - [2m2025-06-26T16:59:44.195513Z[0m [[32m[1minfo     [0m] [1mInstalled loader 'target-postgres'[0m
[2025-06-26T16:59:50.327+0000] {docker.py:429} INFO - [2m2025-06-26T16:59:50.326530Z[0m [[32m[1minfo     [0m] [1mInstalled extractor 'tap-csv-latest'[0m
[2025-06-26T16:59:50.425+0000] {docker.py:429} INFO - [2m2025-06-26T16:59:50.424527Z[0m [[32m[1minfo     [0m] [1mInstalled extractor 'tap-csv' [0m
[2025-06-26T16:59:52.381+0000] {docker.py:429} INFO - [2m2025-06-26T16:59:52.380630Z[0m [[32m[1minfo     [0m] [1mInstalled loader 'target-csv' [0m
[2025-06-26T16:59:53.023+0000] {docker.py:429} INFO - [2m2025-06-26T16:59:53.009474Z[0m [[32m[1minfo     [0m] [1mInstalled loader 'target-csv-csv'[0m
[2025-06-26T16:59:53.110+0000] {docker.py:429} INFO - [2m2025-06-26T16:59:53.109551Z[0m [[32m[1minfo     [0m] [1mInstalled loader 'target-csv-postgres'[0m
[2025-06-26T16:59:53.110+0000] {docker.py:429} INFO - [2m2025-06-26T16:59:53.109874Z[0m [[32m[1minfo     [0m] [1mInstalled 7/7 plugins         [0m
[2025-06-26T16:59:54.245+0000] {docker.py:429} INFO - Meltano install completed. Executing command: meltano el tap-csv target-csv-csv
[2025-06-26T16:59:55.432+0000] {docker.py:429} INFO - [2m2025-06-26T16:59:55.431096Z[0m [[32m[1minfo     [0m] [1mEnvironment 'dev' is active   [0m
[2025-06-26T16:59:55.905+0000] {docker.py:429} INFO - [2m2025-06-26T16:59:55.904508Z[0m [[32m[1minfo     [0m] [1mRunning extract & load...     [0m [36mname[0m=[35mmeltano[0m [36mrun_id[0m=[35m51ad1128-cc11-4c31-ae71-bef6c2ea3457[0m [36mstate_id[0m=[35m2025-06-26T165955--tap-csv--target-csv-csv[0m
[2025-06-26T16:59:57.184+0000] {docker.py:429} INFO - [2m2025-06-26T16:59:57.183588Z[0m [[32m[1minfo     [0m] [1mINFO Sending version information to singer.io. To disable sending anonymous usage data, set the config parameter "disable_collection" to true[0m [36mcmd_type[0m=[35mloader[0m [36mname[0m=[35mtarget-csv-csv[0m [36mrun_id[0m=[35m51ad1128-cc11-4c31-ae71-bef6c2ea3457[0m [36mstate_id[0m=[35m2025-06-26T165955--tap-csv--target-csv-csv[0m [36mstdio[0m=[35mstderr[0m
[2025-06-26T16:59:57.447+0000] {docker.py:429} INFO - [2m2025-06-26T16:59:57.446992Z[0m [[32m[1minfo     [0m] [1mBeginning full_table sync of 'order_details'...[0m [36mcmd_type[0m=[35mextractor[0m [36mname[0m=[35mtap-csv[0m [36mrun_id[0m=[35m51ad1128-cc11-4c31-ae71-bef6c2ea3457[0m [36mstate_id[0m=[35m2025-06-26T165955--tap-csv--target-csv-csv[0m [36mstdio[0m=[35mstderr[0m
[2025-06-26T16:59:57.448+0000] {docker.py:429} INFO - [2m2025-06-26T16:59:57.447331Z[0m [[32m[1minfo     [0m] [1mTap has custom mapper. Using 1 provided map(s).[0m [36mcmd_type[0m=[35mextractor[0m [36mname[0m=[35mtap-csv[0m [36mrun_id[0m=[35m51ad1128-cc11-4c31-ae71-bef6c2ea3457[0m [36mstate_id[0m=[35m2025-06-26T165955--tap-csv--target-csv-csv[0m [36mstdio[0m=[35mstderr[0m
[2025-06-26T16:59:57.673+0000] {docker.py:429} INFO - [2m2025-06-26T16:59:57.671974Z[0m [[32m[1minfo     [0m] [1mMETRIC: {"type": "timer", "metric": "sync_duration", "value": 0.22331500053405762, "tags": {"stream": "order_details", "pid": 176, "context": {}, "status": "succeeded"}}[0m [36mcmd_type[0m=[35mextractor[0m [36mname[0m=[35mtap-csv[0m [36mrun_id[0m=[35m51ad1128-cc11-4c31-ae71-bef6c2ea3457[0m [36mstate_id[0m=[35m2025-06-26T165955--tap-csv--target-csv-csv[0m [36mstdio[0m=[35mstderr[0m
[2025-06-26T16:59:57.673+0000] {docker.py:429} INFO - [2m2025-06-26T16:59:57.672524Z[0m [[32m[1minfo     [0m] [1mMETRIC: {"type": "counter", "metric": "record_count", "value": 2155, "tags": {"stream": "order_details", "pid": 176, "context": {}}}[0m [36mcmd_type[0m=[35mextractor[0m [36mname[0m=[35mtap-csv[0m [36mrun_id[0m=[35m51ad1128-cc11-4c31-ae71-bef6c2ea3457[0m [36mstate_id[0m=[35m2025-06-26T165955--tap-csv--target-csv-csv[0m [36mstdio[0m=[35mstderr[0m
[2025-06-26T16:59:57.791+0000] {docker.py:429} INFO - [2m2025-06-26T16:59:57.790185Z[0m [[32m[1minfo     [0m] [1mUsing systemdb state backend  [0m
[2025-06-26T16:59:57.803+0000] {docker.py:429} INFO - [2m2025-06-26T16:59:57.802988Z[0m [[32m[1minfo     [0m] [1mIncremental state has been updated at 2025-06-26 16:59:57.802940+00:00.[0m
[2025-06-26T16:59:57.813+0000] {docker.py:429} INFO - [2m2025-06-26T16:59:57.813219Z[0m [[32m[1minfo     [0m] [1mExtract & load complete!      [0m [36mname[0m=[35mmeltano[0m [36mrun_id[0m=[35m51ad1128-cc11-4c31-ae71-bef6c2ea3457[0m [36mstate_id[0m=[35m2025-06-26T165955--tap-csv--target-csv-csv[0m
[2025-06-26T16:59:57.814+0000] {docker.py:429} INFO - [2m2025-06-26T16:59:57.813501Z[0m [[32m[1minfo     [0m] [1mTransformation skipped.       [0m [36mname[0m=[35mmeltano[0m [36mrun_id[0m=[35m51ad1128-cc11-4c31-ae71-bef6c2ea3457[0m [36mstate_id[0m=[35m2025-06-26T165955--tap-csv--target-csv-csv[0m
[2025-06-26T16:59:56.641+0000] {taskinstance.py:1138} INFO - Marking task as SUCCESS. dag_id=northwind, task_id=extração_csv, execution_date=20250626T165903, start_date=20250626T165936, end_date=20250626T165956
[2025-06-26T16:59:56.679+0000] {local_task_job_runner.py:234} INFO - Task exited with return code 0
[2025-06-26T16:59:56.705+0000] {taskinstance.py:3280} INFO - 2 downstream tasks scheduled from follow-on schedule check
