[2025-06-24T20:33:01.046+0000] {taskinstance.py:1956} INFO - Dependencies all met for dep_context=non-requeueable deps ti=<TaskInstance: northwind.extração_csv manual__2025-06-24T20:32:29.935634+00:00 [queued]>
[2025-06-24T20:33:01.068+0000] {taskinstance.py:1956} INFO - Dependencies all met for dep_context=requeueable deps ti=<TaskInstance: northwind.extração_csv manual__2025-06-24T20:32:29.935634+00:00 [queued]>
[2025-06-24T20:33:01.069+0000] {taskinstance.py:2170} INFO - Starting attempt 1 of 2
[2025-06-24T20:33:01.099+0000] {taskinstance.py:2191} INFO - Executing <Task(DockerOperator): extração_csv> on 2025-06-24 20:32:29.935634+00:00
[2025-06-24T20:33:01.107+0000] {standard_task_runner.py:60} INFO - Started process 202 to run task
[2025-06-24T20:33:01.114+0000] {standard_task_runner.py:87} INFO - Running: ['***', 'tasks', 'run', 'northwind', 'extração_csv', 'manual__2025-06-24T20:32:29.935634+00:00', '--job-id', '101', '--raw', '--subdir', 'DAGS_FOLDER/dag.py', '--cfg-path', '/tmp/tmpqcvsyv7w']
[2025-06-24T20:33:01.120+0000] {standard_task_runner.py:88} INFO - Job 101: Subtask extração_csv
[2025-06-24T20:33:01.175+0000] {task_command.py:423} INFO - Running <TaskInstance: northwind.extração_csv manual__2025-06-24T20:32:29.935634+00:00 [running]> on host 2f206bf85820
[2025-06-24T20:33:01.267+0000] {taskinstance.py:2480} INFO - Exporting env vars: AIRFLOW_CTX_DAG_EMAIL='lrbf@cin.ufpe.br' AIRFLOW_CTX_DAG_OWNER='***' AIRFLOW_CTX_DAG_ID='northwind' AIRFLOW_CTX_TASK_ID='extração_csv' AIRFLOW_CTX_EXECUTION_DATE='2025-06-24T20:32:29.935634+00:00' AIRFLOW_CTX_TRY_NUMBER='1' AIRFLOW_CTX_DAG_RUN_ID='manual__2025-06-24T20:32:29.935634+00:00'
[2025-06-24T20:33:01.500+0000] {docker.py:359} INFO - Starting docker container from image meltano:latest
[2025-06-24T20:33:01.507+0000] {docker.py:367} WARNING - Using remote engine or docker-in-docker and mounting temporary volume from host is not supported. Falling back to `mount_tmp_dir=False` mode. You can set `mount_tmp_dir` parameter to False to disable mounting and remove the warning
[2025-06-24T20:33:02.396+0000] {docker.py:429} INFO - Running meltano install...
[2025-06-24T20:33:04.406+0000] {docker.py:429} INFO - [2m2025-06-24T20:33:04.406125Z[0m [[32m[1minfo     [0m] [1mInstalling 7 plugins          [0m
[2025-06-24T20:33:04.426+0000] {docker.py:429} INFO - [2m2025-06-24T20:33:04.425220Z[0m [[32m[1minfo     [0m] [1mInstalling extractor 'tap-postgres'[0m
[2025-06-24T20:33:04.448+0000] {docker.py:429} INFO - [2m2025-06-24T20:33:04.447545Z[0m [[32m[1minfo     [0m] [1mInstalling extractor 'tap-csv'[0m
[2025-06-24T20:33:04.479+0000] {docker.py:429} INFO - [2m2025-06-24T20:33:04.478297Z[0m [[32m[1minfo     [0m] [1mInstalling extractor 'tap-csv-latest'[0m
[2025-06-24T20:33:04.510+0000] {docker.py:429} INFO - [2m2025-06-24T20:33:04.508202Z[0m [[32m[1minfo     [0m] [1mInstalling loader 'target-postgres'[0m
[2025-06-24T20:33:04.556+0000] {docker.py:429} INFO - [2m2025-06-24T20:33:04.555802Z[0m [[32m[1minfo     [0m] [1mInstalling loader 'target-csv'[0m
[2025-06-24T20:33:04.612+0000] {docker.py:429} INFO - [2m2025-06-24T20:33:04.611148Z[0m [[32m[1minfo     [0m] [1mInstalling loader 'target-csv-postgres'[0m
[2025-06-24T20:33:04.680+0000] {docker.py:429} INFO - [2m2025-06-24T20:33:04.675298Z[0m [[32m[1minfo     [0m] [1mInstalling loader 'target-csv-csv'[0m
[2025-06-24T20:33:06.429+0000] {docker.py:429} INFO - [2m2025-06-24T20:33:06.428483Z[0m [[32m[1minfo     [0m] [1mInstalled extractor 'tap-postgres'[0m
[2025-06-24T20:33:06.499+0000] {docker.py:429} INFO - [2m2025-06-24T20:33:06.499160Z[0m [[32m[1minfo     [0m] [1mInstalled loader 'target-postgres'[0m
[2025-06-24T20:33:12.627+0000] {docker.py:429} INFO - [2m2025-06-24T20:33:12.626122Z[0m [[32m[1minfo     [0m] [1mInstalled extractor 'tap-csv-latest'[0m
[2025-06-24T20:33:12.641+0000] {docker.py:429} INFO - [2m2025-06-24T20:33:12.640691Z[0m [[32m[1minfo     [0m] [1mInstalled extractor 'tap-csv' [0m
[2025-06-24T20:33:15.929+0000] {docker.py:429} INFO - [2m2025-06-24T20:33:15.928571Z[0m [[32m[1minfo     [0m] [1mInstalled loader 'target-csv' [0m
[2025-06-24T20:33:17.490+0000] {docker.py:429} INFO - [2m2025-06-24T20:33:17.489905Z[0m [[32m[1minfo     [0m] [1mInstalled loader 'target-csv-postgres'[0m
[2025-06-24T20:33:19.122+0000] {docker.py:429} INFO - [2m2025-06-24T20:33:19.122190Z[0m [[32m[1minfo     [0m] [1mInstalled loader 'target-csv-csv'[0m
[2025-06-24T20:33:19.123+0000] {docker.py:429} INFO - [2m2025-06-24T20:33:19.122724Z[0m [[32m[1minfo     [0m] [1mInstalled 7/7 plugins         [0m
[2025-06-24T20:33:20.097+0000] {docker.py:429} INFO - Meltano install completed. Executing command: meltano el tap-csv target-csv-csv
[2025-06-24T20:33:21.456+0000] {docker.py:429} INFO - [2m2025-06-24T20:33:21.455496Z[0m [[32m[1minfo     [0m] [1mEnvironment 'dev' is active   [0m
[2025-06-24T20:33:21.797+0000] {docker.py:429} INFO - [2m2025-06-24T20:33:21.796310Z[0m [[32m[1minfo     [0m] [1mRunning extract & load...     [0m [36mname[0m=[35mmeltano[0m [36mrun_id[0m=[35m30588317-8bbd-4427-aa09-0a0293c79f30[0m [36mstate_id[0m=[35m2025-06-24T203321--tap-csv--target-csv-csv[0m
[2025-06-24T20:33:23.104+0000] {docker.py:429} INFO - [2m2025-06-24T20:33:23.103710Z[0m [[32m[1minfo     [0m] [1mINFO Sending version information to singer.io. To disable sending anonymous usage data, set the config parameter "disable_collection" to true[0m [36mcmd_type[0m=[35mloader[0m [36mname[0m=[35mtarget-csv-csv[0m [36mrun_id[0m=[35m30588317-8bbd-4427-aa09-0a0293c79f30[0m [36mstate_id[0m=[35m2025-06-24T203321--tap-csv--target-csv-csv[0m [36mstdio[0m=[35mstderr[0m
[2025-06-24T20:33:23.388+0000] {docker.py:429} INFO - [2m2025-06-24T20:33:23.387482Z[0m [[32m[1minfo     [0m] [1mBeginning full_table sync of 'order_details'...[0m [36mcmd_type[0m=[35mextractor[0m [36mname[0m=[35mtap-csv[0m [36mrun_id[0m=[35m30588317-8bbd-4427-aa09-0a0293c79f30[0m [36mstate_id[0m=[35m2025-06-24T203321--tap-csv--target-csv-csv[0m [36mstdio[0m=[35mstderr[0m
[2m2025-06-24T20:33:23.387825Z[0m [[32m[1minfo     [0m] [1mTap has custom mapper. Using 1 provided map(s).[0m [36mcmd_type[0m=[35mextractor[0m [36mname[0m=[35mtap-csv[0m [36mrun_id[0m=[35m30588317-8bbd-4427-aa09-0a0293c79f30[0m [36mstate_id[0m=[35m2025-06-24T203321--tap-csv--target-csv-csv[0m [36mstdio[0m=[35mstderr[0m
[2025-06-24T20:33:23.595+0000] {docker.py:429} INFO - [2m2025-06-24T20:33:23.594438Z[0m [[32m[1minfo     [0m] [1mMETRIC: {"type": "timer", "metric": "sync_duration", "value": 0.20642423629760742, "tags": {"stream": "order_details", "pid": 175, "context": {}, "status": "succeeded"}}[0m [36mcmd_type[0m=[35mextractor[0m [36mname[0m=[35mtap-csv[0m [36mrun_id[0m=[35m30588317-8bbd-4427-aa09-0a0293c79f30[0m [36mstate_id[0m=[35m2025-06-24T203321--tap-csv--target-csv-csv[0m [36mstdio[0m=[35mstderr[0m
[2025-06-24T20:33:23.595+0000] {docker.py:429} INFO - [2m2025-06-24T20:33:23.594941Z[0m [[32m[1minfo     [0m] [1mMETRIC: {"type": "counter", "metric": "record_count", "value": 2155, "tags": {"stream": "order_details", "pid": 175, "context": {}}}[0m [36mcmd_type[0m=[35mextractor[0m [36mname[0m=[35mtap-csv[0m [36mrun_id[0m=[35m30588317-8bbd-4427-aa09-0a0293c79f30[0m [36mstate_id[0m=[35m2025-06-24T203321--tap-csv--target-csv-csv[0m [36mstdio[0m=[35mstderr[0m
[2025-06-24T20:33:23.697+0000] {docker.py:429} INFO - [2m2025-06-24T20:33:23.697000Z[0m [[32m[1minfo     [0m] [1mUsing systemdb state backend  [0m
[2025-06-24T20:33:23.709+0000] {docker.py:429} INFO - [2m2025-06-24T20:33:23.708686Z[0m [[32m[1minfo     [0m] [1mIncremental state has been updated at 2025-06-24 20:33:23.708626+00:00.[0m
[2025-06-24T20:33:23.711+0000] {docker.py:429} INFO - [2m2025-06-24T20:33:23.710968Z[0m [[32m[1minfo     [0m] [1mExtract & load complete!      [0m [36mname[0m=[35mmeltano[0m [36mrun_id[0m=[35m30588317-8bbd-4427-aa09-0a0293c79f30[0m [36mstate_id[0m=[35m2025-06-24T203321--tap-csv--target-csv-csv[0m
[2025-06-24T20:33:23.712+0000] {docker.py:429} INFO - [2m2025-06-24T20:33:23.711469Z[0m [[32m[1minfo     [0m] [1mTransformation skipped.       [0m [36mname[0m=[35mmeltano[0m [36mrun_id[0m=[35m30588317-8bbd-4427-aa09-0a0293c79f30[0m [36mstate_id[0m=[35m2025-06-24T203321--tap-csv--target-csv-csv[0m
[2025-06-24T20:33:22.484+0000] {taskinstance.py:1138} INFO - Marking task as SUCCESS. dag_id=northwind, task_id=extração_csv, execution_date=20250624T203229, start_date=20250624T203301, end_date=20250624T203322
[2025-06-24T20:33:22.528+0000] {local_task_job_runner.py:234} INFO - Task exited with return code 0
[2025-06-24T20:33:22.551+0000] {taskinstance.py:3280} INFO - 1 downstream tasks scheduled from follow-on schedule check
