[2025-07-10T14:52:47.885+0000] {taskinstance.py:1956} INFO - Dependencies all met for dep_context=non-requeueable deps ti=<TaskInstance: northwind.gerar_config_csv_dinamica manual__2025-07-10T14:51:42.417122+00:00 [queued]>
[2025-07-10T14:52:47.895+0000] {taskinstance.py:1956} INFO - Dependencies all met for dep_context=requeueable deps ti=<TaskInstance: northwind.gerar_config_csv_dinamica manual__2025-07-10T14:51:42.417122+00:00 [queued]>
[2025-07-10T14:52:47.895+0000] {taskinstance.py:2170} INFO - Starting attempt 1 of 2
[2025-07-10T14:52:47.911+0000] {taskinstance.py:2191} INFO - Executing <Task(DockerOperator): gerar_config_csv_dinamica> on 2025-07-10 14:51:42.417122+00:00
[2025-07-10T14:52:47.917+0000] {standard_task_runner.py:60} INFO - Started process 201 to run task
[2025-07-10T14:52:47.921+0000] {standard_task_runner.py:87} INFO - Running: ['***', 'tasks', 'run', 'northwind', 'gerar_config_csv_dinamica', 'manual__2025-07-10T14:51:42.417122+00:00', '--job-id', '86', '--raw', '--subdir', 'DAGS_FOLDER/northwind.py', '--cfg-path', '/tmp/tmp6w3ipw9r']
[2025-07-10T14:52:47.923+0000] {standard_task_runner.py:88} INFO - Job 86: Subtask gerar_config_csv_dinamica
[2025-07-10T14:52:47.981+0000] {task_command.py:423} INFO - Running <TaskInstance: northwind.gerar_config_csv_dinamica manual__2025-07-10T14:51:42.417122+00:00 [running]> on host 8ddbac0a6dc1
[2025-07-10T14:52:48.102+0000] {taskinstance.py:2480} INFO - Exporting env vars: AIRFLOW_CTX_DAG_EMAIL='lrbf@cin.ufpe.br' AIRFLOW_CTX_DAG_OWNER='***' AIRFLOW_CTX_DAG_ID='northwind' AIRFLOW_CTX_TASK_ID='gerar_config_csv_dinamica' AIRFLOW_CTX_EXECUTION_DATE='2025-07-10T14:51:42.417122+00:00' AIRFLOW_CTX_TRY_NUMBER='1' AIRFLOW_CTX_DAG_RUN_ID='manual__2025-07-10T14:51:42.417122+00:00'
[2025-07-10T14:52:48.177+0000] {docker.py:359} INFO - Starting docker container from image meltano:latest
[2025-07-10T14:52:48.594+0000] {docker.py:429} INFO - Running meltano install...
[2025-07-10T14:52:50.385+0000] {docker.py:429} INFO - [2m2025-07-10T14:52:50.383246Z[0m [[32m[1minfo     [0m] [1mInstalling 7 plugins          [0m
[2025-07-10T14:52:50.401+0000] {docker.py:429} INFO - [2m2025-07-10T14:52:50.400988Z[0m [[32m[1minfo     [0m] [1mInstalling extractor 'tap-postgres'[0m
[2025-07-10T14:52:50.431+0000] {docker.py:429} INFO - [2m2025-07-10T14:52:50.430036Z[0m [[32m[1minfo     [0m] [1mInstalling extractor 'tap-csv'[0m
[2025-07-10T14:52:50.467+0000] {docker.py:429} INFO - [2m2025-07-10T14:52:50.466168Z[0m [[32m[1minfo     [0m] [1mInstalling extractor 'tap-csv-latest'[0m
[2025-07-10T14:52:50.501+0000] {docker.py:429} INFO - [2m2025-07-10T14:52:50.500168Z[0m [[32m[1minfo     [0m] [1mInstalling loader 'target-postgres'[0m
[2025-07-10T14:52:50.538+0000] {docker.py:429} INFO - [2m2025-07-10T14:52:50.537505Z[0m [[32m[1minfo     [0m] [1mInstalling loader 'target-csv'[0m
[2025-07-10T14:52:50.574+0000] {docker.py:429} INFO - [2m2025-07-10T14:52:50.573598Z[0m [[32m[1minfo     [0m] [1mInstalling loader 'target-csv-postgres'[0m
[2025-07-10T14:52:50.617+0000] {docker.py:429} INFO - [2m2025-07-10T14:52:50.616378Z[0m [[32m[1minfo     [0m] [1mInstalling loader 'target-csv-csv'[0m
[2025-07-10T14:52:51.868+0000] {docker.py:429} INFO - [2m2025-07-10T14:52:51.867138Z[0m [[32m[1minfo     [0m] [1mInstalled extractor 'tap-postgres'[0m
[2025-07-10T14:52:51.927+0000] {docker.py:429} INFO - [2m2025-07-10T14:52:51.926105Z[0m [[32m[1minfo     [0m] [1mInstalled loader 'target-postgres'[0m
[2025-07-10T14:52:54.929+0000] {docker.py:429} INFO - [2m2025-07-10T14:52:54.928092Z[0m [[32m[1minfo     [0m] [1mInstalled extractor 'tap-csv' [0m
[2025-07-10T14:52:54.934+0000] {docker.py:429} INFO - [2m2025-07-10T14:52:54.932842Z[0m [[32m[1minfo     [0m] [1mInstalled extractor 'tap-csv-latest'[0m
[2025-07-10T14:52:55.081+0000] {docker.py:429} INFO - [2m2025-07-10T14:52:55.079147Z[0m [[32m[1minfo     [0m] [1mInstalled loader 'target-csv' [0m
[2025-07-10T14:52:55.111+0000] {docker.py:429} INFO - [2m2025-07-10T14:52:55.109285Z[0m [[32m[1minfo     [0m] [1mInstalled loader 'target-csv-csv'[0m
[2025-07-10T14:52:55.343+0000] {docker.py:429} INFO - [2m2025-07-10T14:52:55.342813Z[0m [[32m[1minfo     [0m] [1mInstalled loader 'target-csv-postgres'[0m
[2025-07-10T14:52:55.345+0000] {docker.py:429} INFO - [2m2025-07-10T14:52:55.343591Z[0m [[32m[1minfo     [0m] [1mInstalled 7/7 plugins         [0m
[2025-07-10T14:52:56.685+0000] {docker.py:429} INFO - Meltano install completed. Executing command: python /opt/meltano/scripts/generate_csv_config.py
[2025-07-10T14:52:56.778+0000] {docker.py:429} INFO - [{"entity": "order_details", "path": "/opt/output_data/csv/order_details/2025-07-10/file.csv", "keys": ["order_id", "product_id"], "delimiter": ",", "encoding": "utf-8"}, {"entity": "public-categories", "path": "/opt/output_data/postgres/public-categories/2025-07-10/file.csv", "keys": ["category_id"], "delimiter": ",", "encoding": "utf-8"}, {"entity": "public-products", "path": "/opt/output_data/postgres/public-products/2025-07-10/file.csv", "keys": ["product_id"], "delimiter": ",", "encoding": "utf-8"}, {"entity": "public-suppliers", "path": "/opt/output_data/postgres/public-suppliers/2025-07-10/file.csv", "keys": ["supplier_id"], "delimiter": ",", "encoding": "utf-8"}, {"entity": "public-orders", "path": "/opt/output_data/postgres/public-orders/2025-07-10/file.csv", "keys": ["order_id"], "delimiter": ",", "encoding": "utf-8"}, {"entity": "public-customers", "path": "/opt/output_data/postgres/public-customers/2025-07-10/file.csv", "keys": ["customer_id"], "delimiter": ",", "encoding": "utf-8"}, {"entity": "public-employees", "path": "/opt/output_data/postgres/public-employees/2025-07-10/file.csv", "keys": ["employee_id"], "delimiter": ",", "encoding": "utf-8"}, {"entity": "public-employee_territories", "path": "/opt/output_data/postgres/public-employee_territories/2025-07-10/file.csv", "keys": ["employee_id", "territory_id"], "delimiter": ",", "encoding": "utf-8"}, {"entity": "public-territories", "path": "/opt/output_data/postgres/public-territories/2025-07-10/file.csv", "keys": ["territory_id"], "delimiter": ",", "encoding": "utf-8"}, {"entity": "public-region", "path": "/opt/output_data/postgres/public-region/2025-07-10/file.csv", "keys": ["region_id"], "delimiter": ",", "encoding": "utf-8"}, {"entity": "public-shippers", "path": "/opt/output_data/postgres/public-shippers/2025-07-10/file.csv", "keys": ["shipper_id"], "delimiter": ",", "encoding": "utf-8"}, {"entity": "public-us_states", "path": "/opt/output_data/postgres/public-us_states/2025-07-10/file.csv", "keys": ["state_id"], "delimiter": ",", "encoding": "utf-8"}]
[2025-07-10T14:52:57.124+0000] {taskinstance.py:1138} INFO - Marking task as SUCCESS. dag_id=northwind, task_id=gerar_config_csv_dinamica, execution_date=20250710T145142, start_date=20250710T145247, end_date=20250710T145257
[2025-07-10T14:52:57.978+0000] {local_task_job_runner.py:234} INFO - Task exited with return code 0
[2025-07-10T14:52:58.015+0000] {taskinstance.py:3280} INFO - 0 downstream tasks scheduled from follow-on schedule check
