[2025-06-24T20:57:57.147+0000] {taskinstance.py:1956} INFO - Dependencies all met for dep_context=non-requeueable deps ti=<TaskInstance: northwind.extração_csv manual__2025-06-24T20:57:20.177332+00:00 [queued]>
[2025-06-24T20:57:57.161+0000] {taskinstance.py:1956} INFO - Dependencies all met for dep_context=requeueable deps ti=<TaskInstance: northwind.extração_csv manual__2025-06-24T20:57:20.177332+00:00 [queued]>
[2025-06-24T20:57:57.161+0000] {taskinstance.py:2170} INFO - Starting attempt 1 of 2
[2025-06-24T20:57:57.180+0000] {taskinstance.py:2191} INFO - Executing <Task(DockerOperator): extração_csv> on 2025-06-24 20:57:20.177332+00:00
[2025-06-24T20:57:57.186+0000] {standard_task_runner.py:60} INFO - Started process 182 to run task
[2025-06-24T20:57:57.190+0000] {standard_task_runner.py:87} INFO - Running: ['***', 'tasks', 'run', 'northwind', 'extração_csv', 'manual__2025-06-24T20:57:20.177332+00:00', '--job-id', '113', '--raw', '--subdir', 'DAGS_FOLDER/dag.py', '--cfg-path', '/tmp/tmpwlguk76i']
[2025-06-24T20:57:57.193+0000] {standard_task_runner.py:88} INFO - Job 113: Subtask extração_csv
[2025-06-24T20:57:57.239+0000] {task_command.py:423} INFO - Running <TaskInstance: northwind.extração_csv manual__2025-06-24T20:57:20.177332+00:00 [running]> on host efd54408c28d
[2025-06-24T20:57:57.317+0000] {taskinstance.py:2480} INFO - Exporting env vars: AIRFLOW_CTX_DAG_EMAIL='lrbf@cin.ufpe.br' AIRFLOW_CTX_DAG_OWNER='***' AIRFLOW_CTX_DAG_ID='northwind' AIRFLOW_CTX_TASK_ID='extração_csv' AIRFLOW_CTX_EXECUTION_DATE='2025-06-24T20:57:20.177332+00:00' AIRFLOW_CTX_TRY_NUMBER='1' AIRFLOW_CTX_DAG_RUN_ID='manual__2025-06-24T20:57:20.177332+00:00'
[2025-06-24T20:57:57.433+0000] {docker.py:359} INFO - Starting docker container from image meltano:latest
[2025-06-24T20:57:57.438+0000] {docker.py:367} WARNING - Using remote engine or docker-in-docker and mounting temporary volume from host is not supported. Falling back to `mount_tmp_dir=False` mode. You can set `mount_tmp_dir` parameter to False to disable mounting and remove the warning
[2025-06-24T20:57:57.836+0000] {docker.py:429} INFO - Running meltano install...
[2025-06-24T20:57:59.269+0000] {docker.py:429} INFO - [2m2025-06-24T20:57:59.269028Z[0m [[32m[1minfo     [0m] [1mInstalling 7 plugins          [0m
[2025-06-24T20:57:59.291+0000] {docker.py:429} INFO - [2m2025-06-24T20:57:59.290668Z[0m [[32m[1minfo     [0m] [1mInstalling extractor 'tap-postgres'[0m
[2025-06-24T20:57:59.314+0000] {docker.py:429} INFO - [2m2025-06-24T20:57:59.313332Z[0m [[32m[1minfo     [0m] [1mInstalling extractor 'tap-csv'[0m
[2025-06-24T20:57:59.343+0000] {docker.py:429} INFO - [2m2025-06-24T20:57:59.342872Z[0m [[32m[1minfo     [0m] [1mInstalling extractor 'tap-csv-latest'[0m
[2025-06-24T20:57:59.389+0000] {docker.py:429} INFO - [2m2025-06-24T20:57:59.388955Z[0m [[32m[1minfo     [0m] [1mInstalling loader 'target-postgres'[0m
[2025-06-24T20:57:59.419+0000] {docker.py:429} INFO - [2m2025-06-24T20:57:59.418032Z[0m [[32m[1minfo     [0m] [1mInstalling loader 'target-csv'[0m
[2025-06-24T20:57:59.461+0000] {docker.py:429} INFO - [2m2025-06-24T20:57:59.460397Z[0m [[32m[1minfo     [0m] [1mInstalling loader 'target-csv-postgres'[0m
[2025-06-24T20:57:59.513+0000] {docker.py:429} INFO - [2m2025-06-24T20:57:59.512689Z[0m [[32m[1minfo     [0m] [1mInstalling loader 'target-csv-csv'[0m
[2025-06-24T20:58:01.608+0000] {docker.py:429} INFO - [2m2025-06-24T20:58:01.607163Z[0m [[32m[1minfo     [0m] [1mInstalled extractor 'tap-postgres'[0m
[2025-06-24T20:58:01.632+0000] {docker.py:429} INFO - [2m2025-06-24T20:58:01.631377Z[0m [[32m[1minfo     [0m] [1mInstalled loader 'target-postgres'[0m
[2025-06-24T20:58:14.189+0000] {docker.py:429} INFO - [2m2025-06-24T20:58:14.189102Z[0m [[32m[1minfo     [0m] [1mInstalled extractor 'tap-csv-latest'[0m
[2025-06-24T20:58:15.821+0000] {docker.py:429} INFO - [2m2025-06-24T20:58:15.820759Z[0m [[32m[1minfo     [0m] [1mInstalled extractor 'tap-csv' [0m
[2025-06-24T20:58:17.004+0000] {docker.py:429} INFO - [2m2025-06-24T20:58:17.003537Z[0m [[32m[1minfo     [0m] [1mInstalled loader 'target-csv' [0m
[2025-06-24T20:58:18.256+0000] {docker.py:429} INFO - [2m2025-06-24T20:58:18.255586Z[0m [[32m[1minfo     [0m] [1mInstalled loader 'target-csv-postgres'[0m
[2025-06-24T20:58:24.466+0000] {docker.py:429} INFO - [2m2025-06-24T20:58:24.465341Z[0m [[32m[1minfo     [0m] [1mInstalled loader 'target-csv-csv'[0m
[2m2025-06-24T20:58:24.465591Z[0m [[32m[1minfo     [0m] [1mInstalled 7/7 plugins         [0m
[2025-06-24T20:58:26.051+0000] {docker.py:429} INFO - Meltano install completed. Executing command: meltano el tap-csv target-csv-csv
[2025-06-24T20:58:26.944+0000] {docker.py:429} INFO - [2m2025-06-24T20:58:26.943561Z[0m [[32m[1minfo     [0m] [1mEnvironment 'dev' is active   [0m
[2025-06-24T20:58:27.230+0000] {docker.py:429} INFO - [2m2025-06-24T20:58:27.229981Z[0m [[32m[1minfo     [0m] [1mRunning extract & load...     [0m [36mname[0m=[35mmeltano[0m [36mrun_id[0m=[35md8355719-1d62-44fa-81c6-c01aa7034b6c[0m [36mstate_id[0m=[35m2025-06-24T205827--tap-csv--target-csv-csv[0m
[2025-06-24T20:58:28.586+0000] {docker.py:429} INFO - [2m2025-06-24T20:58:28.585356Z[0m [[32m[1minfo     [0m] [1mINFO Sending version information to singer.io. To disable sending anonymous usage data, set the config parameter "disable_collection" to true[0m [36mcmd_type[0m=[35mloader[0m [36mname[0m=[35mtarget-csv-csv[0m [36mrun_id[0m=[35md8355719-1d62-44fa-81c6-c01aa7034b6c[0m [36mstate_id[0m=[35m2025-06-24T205827--tap-csv--target-csv-csv[0m [36mstdio[0m=[35mstderr[0m
[2025-06-24T20:58:28.754+0000] {docker.py:429} INFO - [2m2025-06-24T20:58:28.753162Z[0m [[32m[1minfo     [0m] [1mBeginning full_table sync of 'order_details'...[0m [36mcmd_type[0m=[35mextractor[0m [36mname[0m=[35mtap-csv[0m [36mrun_id[0m=[35md8355719-1d62-44fa-81c6-c01aa7034b6c[0m [36mstate_id[0m=[35m2025-06-24T205827--tap-csv--target-csv-csv[0m [36mstdio[0m=[35mstderr[0m
[2m2025-06-24T20:58:28.753465Z[0m [[32m[1minfo     [0m] [1mTap has custom mapper. Using 1 provided map(s).[0m [36mcmd_type[0m=[35mextractor[0m [36mname[0m=[35mtap-csv[0m [36mrun_id[0m=[35md8355719-1d62-44fa-81c6-c01aa7034b6c[0m [36mstate_id[0m=[35m2025-06-24T205827--tap-csv--target-csv-csv[0m [36mstdio[0m=[35mstderr[0m
[2025-06-24T20:58:28.902+0000] {docker.py:429} INFO - [2m2025-06-24T20:58:28.901378Z[0m [[32m[1minfo     [0m] [1mMETRIC: {"type": "timer", "metric": "sync_duration", "value": 0.14775753021240234, "tags": {"stream": "order_details", "pid": 176, "context": {}, "status": "succeeded"}}[0m [36mcmd_type[0m=[35mextractor[0m [36mname[0m=[35mtap-csv[0m [36mrun_id[0m=[35md8355719-1d62-44fa-81c6-c01aa7034b6c[0m [36mstate_id[0m=[35m2025-06-24T205827--tap-csv--target-csv-csv[0m [36mstdio[0m=[35mstderr[0m
[2m2025-06-24T20:58:28.901737Z[0m [[32m[1minfo     [0m] [1mMETRIC: {"type": "counter", "metric": "record_count", "value": 2155, "tags": {"stream": "order_details", "pid": 176, "context": {}}}[0m [36mcmd_type[0m=[35mextractor[0m [36mname[0m=[35mtap-csv[0m [36mrun_id[0m=[35md8355719-1d62-44fa-81c6-c01aa7034b6c[0m [36mstate_id[0m=[35m2025-06-24T205827--tap-csv--target-csv-csv[0m [36mstdio[0m=[35mstderr[0m
[2025-06-24T20:58:28.999+0000] {docker.py:429} INFO - [2m2025-06-24T20:58:28.998249Z[0m [[32m[1minfo     [0m] [1mUsing systemdb state backend  [0m
[2025-06-24T20:58:29.013+0000] {docker.py:429} INFO - [2m2025-06-24T20:58:29.012450Z[0m [[32m[1minfo     [0m] [1mIncremental state has been updated at 2025-06-24 20:58:29.012400+00:00.[0m
[2025-06-24T20:58:29.014+0000] {docker.py:429} INFO - [2m2025-06-24T20:58:29.013917Z[0m [[32m[1minfo     [0m] [1mExtract & load complete!      [0m [36mname[0m=[35mmeltano[0m [36mrun_id[0m=[35md8355719-1d62-44fa-81c6-c01aa7034b6c[0m [36mstate_id[0m=[35m2025-06-24T205827--tap-csv--target-csv-csv[0m
[2m2025-06-24T20:58:29.014177Z[0m [[32m[1minfo     [0m] [1mTransformation skipped.       [0m [36mname[0m=[35mmeltano[0m [36mrun_id[0m=[35md8355719-1d62-44fa-81c6-c01aa7034b6c[0m [36mstate_id[0m=[35m2025-06-24T205827--tap-csv--target-csv-csv[0m
[2025-06-24T20:58:30.258+0000] {taskinstance.py:1138} INFO - Marking task as SUCCESS. dag_id=northwind, task_id=extração_csv, execution_date=20250624T205720, start_date=20250624T205757, end_date=20250624T205830
[2025-06-24T20:58:30.296+0000] {local_task_job_runner.py:234} INFO - Task exited with return code 0
[2025-06-24T20:58:30.317+0000] {taskinstance.py:3280} INFO - 1 downstream tasks scheduled from follow-on schedule check
