[2025-06-23T22:13:45.514+0000] {taskinstance.py:1956} INFO - Dependencies all met for dep_context=non-requeueable deps ti=<TaskInstance: northwind.extração_csv manual__2025-06-23T22:13:12.264983+00:00 [queued]>
[2025-06-23T22:13:45.529+0000] {taskinstance.py:1956} INFO - Dependencies all met for dep_context=requeueable deps ti=<TaskInstance: northwind.extração_csv manual__2025-06-23T22:13:12.264983+00:00 [queued]>
[2025-06-23T22:13:45.530+0000] {taskinstance.py:2170} INFO - Starting attempt 1 of 2
[2025-06-23T22:13:45.546+0000] {taskinstance.py:2191} INFO - Executing <Task(DockerOperator): extração_csv> on 2025-06-23 22:13:12.264983+00:00
[2025-06-23T22:13:45.551+0000] {standard_task_runner.py:60} INFO - Started process 202 to run task
[2025-06-23T22:13:45.554+0000] {standard_task_runner.py:87} INFO - Running: ['***', 'tasks', 'run', 'northwind', 'extração_csv', 'manual__2025-06-23T22:13:12.264983+00:00', '--job-id', '25', '--raw', '--subdir', 'DAGS_FOLDER/dag.py', '--cfg-path', '/tmp/tmp3y6bwmv1']
[2025-06-23T22:13:45.556+0000] {standard_task_runner.py:88} INFO - Job 25: Subtask extração_csv
[2025-06-23T22:13:45.607+0000] {task_command.py:423} INFO - Running <TaskInstance: northwind.extração_csv manual__2025-06-23T22:13:12.264983+00:00 [running]> on host a06304be4538
[2025-06-23T22:13:45.693+0000] {taskinstance.py:2480} INFO - Exporting env vars: AIRFLOW_CTX_DAG_EMAIL='lrbf@cin.ufpe.br' AIRFLOW_CTX_DAG_OWNER='***' AIRFLOW_CTX_DAG_ID='northwind' AIRFLOW_CTX_TASK_ID='extração_csv' AIRFLOW_CTX_EXECUTION_DATE='2025-06-23T22:13:12.264983+00:00' AIRFLOW_CTX_TRY_NUMBER='1' AIRFLOW_CTX_DAG_RUN_ID='manual__2025-06-23T22:13:12.264983+00:00'
[2025-06-23T22:13:45.978+0000] {docker.py:359} INFO - Starting docker container from image indicium_pipeline-meltano:latest
[2025-06-23T22:13:46.559+0000] {docker.py:429} INFO - Running meltano install...
[2025-06-23T22:13:48.186+0000] {docker.py:429} INFO - [2m2025-06-23T22:13:48.186111Z[0m [[32m[1minfo     [0m] [1mInstalling 7 plugins          [0m
[2025-06-23T22:13:48.203+0000] {docker.py:429} INFO - [2m2025-06-23T22:13:48.203017Z[0m [[32m[1minfo     [0m] [1mInstalling extractor 'tap-postgres'[0m
[2025-06-23T22:13:48.221+0000] {docker.py:429} INFO - [2m2025-06-23T22:13:48.220742Z[0m [[32m[1minfo     [0m] [1mInstalling extractor 'tap-csv'[0m
[2025-06-23T22:13:48.242+0000] {docker.py:429} INFO - [2m2025-06-23T22:13:48.242083Z[0m [[32m[1minfo     [0m] [1mInstalling extractor 'tap-csv-latest'[0m
[2025-06-23T22:13:48.271+0000] {docker.py:429} INFO - [2m2025-06-23T22:13:48.270442Z[0m [[32m[1minfo     [0m] [1mInstalling loader 'target-postgres'[0m
[2025-06-23T22:13:48.315+0000] {docker.py:429} INFO - [2m2025-06-23T22:13:48.310687Z[0m [[32m[1minfo     [0m] [1mInstalling loader 'target-csv'[0m
[2025-06-23T22:13:48.362+0000] {docker.py:429} INFO - [2m2025-06-23T22:13:48.362049Z[0m [[32m[1minfo     [0m] [1mInstalling loader 'target-csv-postgres'[0m
[2025-06-23T22:13:48.405+0000] {docker.py:429} INFO - [2m2025-06-23T22:13:48.400928Z[0m [[32m[1minfo     [0m] [1mInstalling loader 'target-csv-csv'[0m
[2025-06-23T22:13:51.732+0000] {docker.py:429} INFO - [2m2025-06-23T22:13:51.719231Z[0m [[32m[1minfo     [0m] [1mInstalled extractor 'tap-postgres'[0m
[2025-06-23T22:13:51.855+0000] {docker.py:429} INFO - [2m2025-06-23T22:13:51.853747Z[0m [[32m[1minfo     [0m] [1mInstalled loader 'target-postgres'[0m
[2025-06-23T22:13:57.932+0000] {docker.py:429} INFO - [2m2025-06-23T22:13:57.931726Z[0m [[32m[1minfo     [0m] [1mInstalled extractor 'tap-csv' [0m
[2025-06-23T22:13:58.006+0000] {docker.py:429} INFO - [2m2025-06-23T22:13:58.005888Z[0m [[32m[1minfo     [0m] [1mInstalled extractor 'tap-csv-latest'[0m
[2025-06-23T22:13:59.625+0000] {docker.py:429} INFO - [2m2025-06-23T22:13:59.625092Z[0m [[32m[1minfo     [0m] [1mInstalled loader 'target-csv' [0m
[2025-06-23T22:14:00.073+0000] {docker.py:429} INFO - [2m2025-06-23T22:14:00.072349Z[0m [[32m[1minfo     [0m] [1mInstalled loader 'target-csv-csv'[0m
[2025-06-23T22:14:00.163+0000] {docker.py:429} INFO - [2m2025-06-23T22:14:00.162318Z[0m [[32m[1minfo     [0m] [1mInstalled loader 'target-csv-postgres'[0m
[2025-06-23T22:14:00.164+0000] {docker.py:429} INFO - [2m2025-06-23T22:14:00.163674Z[0m [[32m[1minfo     [0m] [1mInstalled 7/7 plugins         [0m
[2025-06-23T22:14:01.329+0000] {docker.py:429} INFO - Meltano install completed. Executing command: meltano el tap-csv target-csv-csv
[2025-06-23T22:14:02.460+0000] {docker.py:429} INFO - [2m2025-06-23T22:14:02.460125Z[0m [[32m[1minfo     [0m] [1mEnvironment 'dev' is active   [0m
[2025-06-23T22:14:02.906+0000] {docker.py:429} INFO - [2m2025-06-23T22:14:02.905125Z[0m [[32m[1minfo     [0m] [1mRunning extract & load...     [0m [36mname[0m=[35mmeltano[0m [36mrun_id[0m=[35m32bd7278-103b-47b3-a244-016d4a09de71[0m [36mstate_id[0m=[35m2025-06-23T221402--tap-csv--target-csv-csv[0m
[2025-06-23T22:14:01.998+0000] {docker.py:429} INFO - [2m2025-06-23T22:14:01.997425Z[0m [[32m[1minfo     [0m] [1mINFO Sending version information to singer.io. To disable sending anonymous usage data, set the config parameter "disable_collection" to true[0m [36mcmd_type[0m=[35mloader[0m [36mname[0m=[35mtarget-csv-csv[0m [36mrun_id[0m=[35m32bd7278-103b-47b3-a244-016d4a09de71[0m [36mstate_id[0m=[35m2025-06-23T221402--tap-csv--target-csv-csv[0m [36mstdio[0m=[35mstderr[0m
[2025-06-23T22:14:02.297+0000] {docker.py:429} INFO - [2m2025-06-23T22:14:02.296267Z[0m [[32m[1minfo     [0m] [1mBeginning full_table sync of 'order_details'...[0m [36mcmd_type[0m=[35mextractor[0m [36mname[0m=[35mtap-csv[0m [36mrun_id[0m=[35m32bd7278-103b-47b3-a244-016d4a09de71[0m [36mstate_id[0m=[35m2025-06-23T221402--tap-csv--target-csv-csv[0m [36mstdio[0m=[35mstderr[0m
[2025-06-23T22:14:02.298+0000] {docker.py:429} INFO - [2m2025-06-23T22:14:02.296842Z[0m [[32m[1minfo     [0m] [1mTap has custom mapper. Using 1 provided map(s).[0m [36mcmd_type[0m=[35mextractor[0m [36mname[0m=[35mtap-csv[0m [36mrun_id[0m=[35m32bd7278-103b-47b3-a244-016d4a09de71[0m [36mstate_id[0m=[35m2025-06-23T221402--tap-csv--target-csv-csv[0m [36mstdio[0m=[35mstderr[0m
[2025-06-23T22:14:02.506+0000] {docker.py:429} INFO - [2m2025-06-23T22:14:02.505499Z[0m [[32m[1minfo     [0m] [1mMETRIC: {"type": "timer", "metric": "sync_duration", "value": 0.20849132537841797, "tags": {"stream": "order_details", "pid": 171, "context": {}, "status": "succeeded"}}[0m [36mcmd_type[0m=[35mextractor[0m [36mname[0m=[35mtap-csv[0m [36mrun_id[0m=[35m32bd7278-103b-47b3-a244-016d4a09de71[0m [36mstate_id[0m=[35m2025-06-23T221402--tap-csv--target-csv-csv[0m [36mstdio[0m=[35mstderr[0m
[2025-06-23T22:14:02.507+0000] {docker.py:429} INFO - [2m2025-06-23T22:14:02.505997Z[0m [[32m[1minfo     [0m] [1mMETRIC: {"type": "counter", "metric": "record_count", "value": 2155, "tags": {"stream": "order_details", "pid": 171, "context": {}}}[0m [36mcmd_type[0m=[35mextractor[0m [36mname[0m=[35mtap-csv[0m [36mrun_id[0m=[35m32bd7278-103b-47b3-a244-016d4a09de71[0m [36mstate_id[0m=[35m2025-06-23T221402--tap-csv--target-csv-csv[0m [36mstdio[0m=[35mstderr[0m
[2025-06-23T22:14:02.611+0000] {docker.py:429} INFO - [2m2025-06-23T22:14:02.610245Z[0m [[32m[1minfo     [0m] [1mUsing systemdb state backend  [0m
[2025-06-23T22:14:02.621+0000] {docker.py:429} INFO - [2m2025-06-23T22:14:02.621174Z[0m [[32m[1minfo     [0m] [1mIncremental state has been updated at 2025-06-23 22:14:02.621133+00:00.[0m
[2025-06-23T22:14:02.627+0000] {docker.py:429} INFO - [2m2025-06-23T22:14:02.627177Z[0m [[32m[1minfo     [0m] [1mExtract & load complete!      [0m [36mname[0m=[35mmeltano[0m [36mrun_id[0m=[35m32bd7278-103b-47b3-a244-016d4a09de71[0m [36mstate_id[0m=[35m2025-06-23T221402--tap-csv--target-csv-csv[0m
[2m2025-06-23T22:14:02.627479Z[0m [[32m[1minfo     [0m] [1mTransformation skipped.       [0m [36mname[0m=[35mmeltano[0m [36mrun_id[0m=[35m32bd7278-103b-47b3-a244-016d4a09de71[0m [36mstate_id[0m=[35m2025-06-23T221402--tap-csv--target-csv-csv[0m
[2025-06-23T22:14:03.956+0000] {taskinstance.py:1138} INFO - Marking task as SUCCESS. dag_id=northwind, task_id=extração_csv, execution_date=20250623T221312, start_date=20250623T221345, end_date=20250623T221403
[2025-06-23T22:14:05.993+0000] {local_task_job_runner.py:234} INFO - Task exited with return code 0
[2025-06-23T22:14:06.030+0000] {taskinstance.py:3280} INFO - 0 downstream tasks scheduled from follow-on schedule check
