[2025-06-23T21:58:28.277+0000] {taskinstance.py:1956} INFO - Dependencies all met for dep_context=non-requeueable deps ti=<TaskInstance: northwind.gerar_config_py manual__2025-06-23T21:57:37.967108+00:00 [queued]>
[2025-06-23T21:58:28.286+0000] {taskinstance.py:1956} INFO - Dependencies all met for dep_context=requeueable deps ti=<TaskInstance: northwind.gerar_config_py manual__2025-06-23T21:57:37.967108+00:00 [queued]>
[2025-06-23T21:58:28.286+0000] {taskinstance.py:2170} INFO - Starting attempt 1 of 2
[2025-06-23T21:58:28.303+0000] {taskinstance.py:2191} INFO - Executing <Task(DockerOperator): gerar_config_py> on 2025-06-23 21:57:37.967108+00:00
[2025-06-23T21:58:28.309+0000] {standard_task_runner.py:60} INFO - Started process 209 to run task
[2025-06-23T21:58:28.314+0000] {standard_task_runner.py:87} INFO - Running: ['***', 'tasks', 'run', 'northwind', 'gerar_config_py', 'manual__2025-06-23T21:57:37.967108+00:00', '--job-id', '21', '--raw', '--subdir', 'DAGS_FOLDER/dag.py', '--cfg-path', '/tmp/tmpvlt20p6r']
[2025-06-23T21:58:28.316+0000] {standard_task_runner.py:88} INFO - Job 21: Subtask gerar_config_py
[2025-06-23T21:58:28.384+0000] {task_command.py:423} INFO - Running <TaskInstance: northwind.gerar_config_py manual__2025-06-23T21:57:37.967108+00:00 [running]> on host a06304be4538
[2025-06-23T21:58:28.477+0000] {taskinstance.py:2480} INFO - Exporting env vars: AIRFLOW_CTX_DAG_EMAIL='lrbf@cin.ufpe.br' AIRFLOW_CTX_DAG_OWNER='***' AIRFLOW_CTX_DAG_ID='northwind' AIRFLOW_CTX_TASK_ID='gerar_config_py' AIRFLOW_CTX_EXECUTION_DATE='2025-06-23T21:57:37.967108+00:00' AIRFLOW_CTX_TRY_NUMBER='1' AIRFLOW_CTX_DAG_RUN_ID='manual__2025-06-23T21:57:37.967108+00:00'
[2025-06-23T21:58:28.534+0000] {docker.py:359} INFO - Starting docker container from image indicium_pipeline-meltano:latest
[2025-06-23T21:58:28.888+0000] {docker.py:429} INFO - Running meltano install...
[2025-06-23T21:58:30.122+0000] {docker.py:429} INFO - [2m2025-06-23T21:58:30.121407Z[0m [[32m[1minfo     [0m] [1mInstalling 7 plugins          [0m
[2025-06-23T21:58:30.137+0000] {docker.py:429} INFO - [2m2025-06-23T21:58:30.136269Z[0m [[32m[1minfo     [0m] [1mInstalling extractor 'tap-postgres'[0m
[2025-06-23T21:58:30.163+0000] {docker.py:429} INFO - [2m2025-06-23T21:58:30.162296Z[0m [[32m[1minfo     [0m] [1mInstalling extractor 'tap-csv'[0m
[2025-06-23T21:58:30.185+0000] {docker.py:429} INFO - [2m2025-06-23T21:58:30.184691Z[0m [[32m[1minfo     [0m] [1mInstalling extractor 'tap-csv-latest'[0m
[2025-06-23T21:58:30.212+0000] {docker.py:429} INFO - [2m2025-06-23T21:58:30.211752Z[0m [[32m[1minfo     [0m] [1mInstalling loader 'target-postgres'[0m
[2025-06-23T21:58:30.240+0000] {docker.py:429} INFO - [2m2025-06-23T21:58:30.239820Z[0m [[32m[1minfo     [0m] [1mInstalling loader 'target-csv'[0m
[2025-06-23T21:58:30.273+0000] {docker.py:429} INFO - [2m2025-06-23T21:58:30.269523Z[0m [[32m[1minfo     [0m] [1mInstalling loader 'target-csv-postgres'[0m
[2025-06-23T21:58:30.307+0000] {docker.py:429} INFO - [2m2025-06-23T21:58:30.306317Z[0m [[32m[1minfo     [0m] [1mInstalling loader 'target-csv-csv'[0m
[2025-06-23T21:58:32.051+0000] {docker.py:429} INFO - [2m2025-06-23T21:58:32.051011Z[0m [[32m[1minfo     [0m] [1mInstalled extractor 'tap-postgres'[0m
[2025-06-23T21:58:32.052+0000] {docker.py:429} INFO - [2m2025-06-23T21:58:32.051565Z[0m [[32m[1minfo     [0m] [1mInstalled loader 'target-postgres'[0m
[2025-06-23T21:58:36.687+0000] {docker.py:429} INFO - [2m2025-06-23T21:58:36.686418Z[0m [[32m[1minfo     [0m] [1mInstalled extractor 'tap-csv' [0m
[2025-06-23T21:58:36.743+0000] {docker.py:429} INFO - [2m2025-06-23T21:58:36.742668Z[0m [[32m[1minfo     [0m] [1mInstalled extractor 'tap-csv-latest'[0m
[2025-06-23T21:58:37.800+0000] {docker.py:429} INFO - [2m2025-06-23T21:58:37.799538Z[0m [[32m[1minfo     [0m] [1mInstalled loader 'target-csv' [0m
[2025-06-23T21:58:35.653+0000] {docker.py:429} INFO - [2m2025-06-23T21:58:35.653018Z[0m [[32m[1minfo     [0m] [1mInstalled loader 'target-csv-csv'[0m
[2025-06-23T21:58:35.716+0000] {docker.py:429} INFO - [2m2025-06-23T21:58:35.715329Z[0m [[32m[1minfo     [0m] [1mInstalled loader 'target-csv-postgres'[0m
[2025-06-23T21:58:35.718+0000] {docker.py:429} INFO - [2m2025-06-23T21:58:35.715808Z[0m [[32m[1minfo     [0m] [1mInstalled 7/7 plugins         [0m
[2025-06-23T21:58:36.633+0000] {docker.py:429} INFO - Meltano install completed. Executing command: python3 scripts/generate_csv_config.py
[2025-06-23T21:58:36.655+0000] {docker.py:429} INFO - Traceback (most recent call last):
  File "/opt/meltano/scripts/generate_csv_config.py", line 17, in <module>
    latest_date_path = max([d for d in csv_base.iterdir() if d.is_dir()], key=os.path.getmtime, default=None)
  File "/opt/meltano/scripts/generate_csv_config.py", line 17, in <listcomp>
    latest_date_path = max([d for d in csv_base.iterdir() if d.is_dir()], key=os.path.getmtime, default=None)
  File "/usr/local/lib/python3.10/pathlib.py", line 1017, in iterdir
[2025-06-23T21:58:36.656+0000] {docker.py:429} INFO - for name in self._accessor.listdir(self):
FileNotFoundError: [Errno 2] No such file or directory: '/opt/data/csv/order_details'
[2025-06-23T21:58:36.859+0000] {taskinstance.py:2698} ERROR - Task failed with exception
Traceback (most recent call last):
  File "/home/airflow/.local/lib/python3.10/site-packages/airflow/models/taskinstance.py", line 433, in _execute_task
    result = execute_callable(context=context, **execute_callable_kwargs)
  File "/home/airflow/.local/lib/python3.10/site-packages/airflow/providers/docker/operators/docker.py", line 502, in execute
    return self._run_image()
  File "/home/airflow/.local/lib/python3.10/site-packages/airflow/providers/docker/operators/docker.py", line 376, in _run_image
    return self._run_image_with_mounts(self.mounts, add_tmp_variable=False)
  File "/home/airflow/.local/lib/python3.10/site-packages/airflow/providers/docker/operators/docker.py", line 437, in _run_image_with_mounts
    raise DockerContainerFailedException(f"Docker container failed: {result!r}", logs=log_lines)
airflow.providers.docker.exceptions.DockerContainerFailedException: Docker container failed: {'StatusCode': 1}
[2025-06-23T21:58:36.868+0000] {taskinstance.py:1138} INFO - Marking task as UP_FOR_RETRY. dag_id=northwind, task_id=gerar_config_py, execution_date=20250623T215737, start_date=20250623T215828, end_date=20250623T215836
[2025-06-23T21:58:36.891+0000] {standard_task_runner.py:107} ERROR - Failed to execute job 21 for task gerar_config_py (Docker container failed: {'StatusCode': 1}; 209)
[2025-06-23T21:58:38.373+0000] {local_task_job_runner.py:234} INFO - Task exited with return code 1
[2025-06-23T21:58:38.395+0000] {taskinstance.py:3280} INFO - 0 downstream tasks scheduled from follow-on schedule check
