[2025-06-25T22:29:04.840+0000] {taskinstance.py:1956} INFO - Dependencies all met for dep_context=non-requeueable deps ti=<TaskInstance: northwind.extração_csv manual__2025-06-25T22:28:03.322197+00:00 [queued]>
[2025-06-25T22:29:04.860+0000] {taskinstance.py:1956} INFO - Dependencies all met for dep_context=requeueable deps ti=<TaskInstance: northwind.extração_csv manual__2025-06-25T22:28:03.322197+00:00 [queued]>
[2025-06-25T22:29:04.861+0000] {taskinstance.py:2170} INFO - Starting attempt 1 of 2
[2025-06-25T22:29:04.881+0000] {taskinstance.py:2191} INFO - Executing <Task(DockerOperator): extração_csv> on 2025-06-25 22:28:03.322197+00:00
[2025-06-25T22:29:04.890+0000] {standard_task_runner.py:60} INFO - Started process 182 to run task
[2025-06-25T22:29:04.896+0000] {standard_task_runner.py:87} INFO - Running: ['***', 'tasks', 'run', 'northwind', 'extração_csv', 'manual__2025-06-25T22:28:03.322197+00:00', '--job-id', '226', '--raw', '--subdir', 'DAGS_FOLDER/dag.py', '--cfg-path', '/tmp/tmpc9zmlzut']
[2025-06-25T22:29:04.899+0000] {standard_task_runner.py:88} INFO - Job 226: Subtask extração_csv
[2025-06-25T22:29:05.046+0000] {task_command.py:423} INFO - Running <TaskInstance: northwind.extração_csv manual__2025-06-25T22:28:03.322197+00:00 [running]> on host 6afc1f3750fb
[2025-06-25T22:29:05.230+0000] {taskinstance.py:2480} INFO - Exporting env vars: AIRFLOW_CTX_DAG_EMAIL='lrbf@cin.ufpe.br' AIRFLOW_CTX_DAG_OWNER='***' AIRFLOW_CTX_DAG_ID='northwind' AIRFLOW_CTX_TASK_ID='extração_csv' AIRFLOW_CTX_EXECUTION_DATE='2025-06-25T22:28:03.322197+00:00' AIRFLOW_CTX_TRY_NUMBER='1' AIRFLOW_CTX_DAG_RUN_ID='manual__2025-06-25T22:28:03.322197+00:00'
[2025-06-25T22:29:05.748+0000] {docker.py:359} INFO - Starting docker container from image meltano:latest
[2025-06-25T22:29:05.759+0000] {docker.py:367} WARNING - Using remote engine or docker-in-docker and mounting temporary volume from host is not supported. Falling back to `mount_tmp_dir=False` mode. You can set `mount_tmp_dir` parameter to False to disable mounting and remove the warning
[2025-06-25T22:29:06.734+0000] {docker.py:429} INFO - Running meltano install...
[2025-06-25T22:29:08.850+0000] {docker.py:429} INFO - [2m2025-06-25T22:29:08.849202Z[0m [[32m[1minfo     [0m] [1mInstalling 7 plugins          [0m
[2025-06-25T22:29:08.868+0000] {docker.py:429} INFO - [2m2025-06-25T22:29:08.867501Z[0m [[32m[1minfo     [0m] [1mInstalling extractor 'tap-postgres'[0m
[2025-06-25T22:29:08.889+0000] {docker.py:429} INFO - [2m2025-06-25T22:29:08.889112Z[0m [[32m[1minfo     [0m] [1mInstalling extractor 'tap-csv'[0m
[2025-06-25T22:29:08.916+0000] {docker.py:429} INFO - [2m2025-06-25T22:29:08.915331Z[0m [[32m[1minfo     [0m] [1mInstalling extractor 'tap-csv-latest'[0m
[2025-06-25T22:29:08.934+0000] {docker.py:429} INFO - [2m2025-06-25T22:29:08.933241Z[0m [[32m[1minfo     [0m] [1mInstalling loader 'target-postgres'[0m
[2025-06-25T22:29:08.954+0000] {docker.py:429} INFO - [2m2025-06-25T22:29:08.953644Z[0m [[32m[1minfo     [0m] [1mInstalling loader 'target-csv'[0m
[2025-06-25T22:29:08.987+0000] {docker.py:429} INFO - [2m2025-06-25T22:29:08.986801Z[0m [[32m[1minfo     [0m] [1mInstalling loader 'target-csv-postgres'[0m
[2025-06-25T22:29:09.025+0000] {docker.py:429} INFO - [2m2025-06-25T22:29:09.022516Z[0m [[32m[1minfo     [0m] [1mInstalling loader 'target-csv-csv'[0m
[2025-06-25T22:29:11.914+0000] {docker.py:429} INFO - [2m2025-06-25T22:29:11.912659Z[0m [[32m[1minfo     [0m] [1mInstalled extractor 'tap-postgres'[0m
[2025-06-25T22:29:11.915+0000] {docker.py:429} INFO - [2m2025-06-25T22:29:11.914206Z[0m [[32m[1minfo     [0m] [1mInstalled loader 'target-postgres'[0m
[2025-06-25T22:29:23.039+0000] {docker.py:429} INFO - [2m2025-06-25T22:29:23.037985Z[0m [[32m[1minfo     [0m] [1mInstalled extractor 'tap-csv' [0m
[2025-06-25T22:29:23.045+0000] {docker.py:429} INFO - [2m2025-06-25T22:29:23.044782Z[0m [[32m[1minfo     [0m] [1mInstalled extractor 'tap-csv-latest'[0m
[2025-06-25T22:29:27.114+0000] {docker.py:429} INFO - [2m2025-06-25T22:29:27.112690Z[0m [[32m[1minfo     [0m] [1mInstalled loader 'target-csv-postgres'[0m
[2025-06-25T22:29:28.096+0000] {docker.py:429} INFO - [2m2025-06-25T22:29:28.095896Z[0m [[32m[1minfo     [0m] [1mInstalled loader 'target-csv' [0m
[2025-06-25T22:29:29.571+0000] {docker.py:429} INFO - [2m2025-06-25T22:29:29.570058Z[0m [[32m[1minfo     [0m] [1mInstalled loader 'target-csv-csv'[0m
[2025-06-25T22:29:29.572+0000] {docker.py:429} INFO - [2m2025-06-25T22:29:29.570836Z[0m [[32m[1minfo     [0m] [1mInstalled 7/7 plugins         [0m
[2025-06-25T22:29:30.638+0000] {docker.py:429} INFO - Meltano install completed. Executing command: meltano el tap-csv target-csv-csv
[2025-06-25T22:29:32.366+0000] {docker.py:429} INFO - [2m2025-06-25T22:29:32.364811Z[0m [[32m[1minfo     [0m] [1mEnvironment 'dev' is active   [0m
[2025-06-25T22:29:32.894+0000] {docker.py:429} INFO - [2m2025-06-25T22:29:32.893332Z[0m [[32m[1minfo     [0m] [1mRunning extract & load...     [0m [36mname[0m=[35mmeltano[0m [36mrun_id[0m=[35ma5611769-b81a-4224-b8f3-a9d6767d34c8[0m [36mstate_id[0m=[35m2025-06-25T222932--tap-csv--target-csv-csv[0m
[2025-06-25T22:29:32.086+0000] {docker.py:429} INFO - [2m2025-06-25T22:29:32.085657Z[0m [[32m[1minfo     [0m] [1mINFO Sending version information to singer.io. To disable sending anonymous usage data, set the config parameter "disable_collection" to true[0m [36mcmd_type[0m=[35mloader[0m [36mname[0m=[35mtarget-csv-csv[0m [36mrun_id[0m=[35ma5611769-b81a-4224-b8f3-a9d6767d34c8[0m [36mstate_id[0m=[35m2025-06-25T222932--tap-csv--target-csv-csv[0m [36mstdio[0m=[35mstderr[0m
[2025-06-25T22:29:32.349+0000] {docker.py:429} INFO - [2m2025-06-25T22:29:32.348141Z[0m [[32m[1minfo     [0m] [1mBeginning full_table sync of 'order_details'...[0m [36mcmd_type[0m=[35mextractor[0m [36mname[0m=[35mtap-csv[0m [36mrun_id[0m=[35ma5611769-b81a-4224-b8f3-a9d6767d34c8[0m [36mstate_id[0m=[35m2025-06-25T222932--tap-csv--target-csv-csv[0m [36mstdio[0m=[35mstderr[0m
[2025-06-25T22:29:32.350+0000] {docker.py:429} INFO - [2m2025-06-25T22:29:32.348687Z[0m [[32m[1minfo     [0m] [1mTap has custom mapper. Using 1 provided map(s).[0m [36mcmd_type[0m=[35mextractor[0m [36mname[0m=[35mtap-csv[0m [36mrun_id[0m=[35ma5611769-b81a-4224-b8f3-a9d6767d34c8[0m [36mstate_id[0m=[35m2025-06-25T222932--tap-csv--target-csv-csv[0m [36mstdio[0m=[35mstderr[0m
[2025-06-25T22:29:32.511+0000] {docker.py:429} INFO - [2m2025-06-25T22:29:32.510455Z[0m [[32m[1minfo     [0m] [1mMETRIC: {"type": "timer", "metric": "sync_duration", "value": 0.1617577075958252, "tags": {"stream": "order_details", "pid": 176, "context": {}, "status": "succeeded"}}[0m [36mcmd_type[0m=[35mextractor[0m [36mname[0m=[35mtap-csv[0m [36mrun_id[0m=[35ma5611769-b81a-4224-b8f3-a9d6767d34c8[0m [36mstate_id[0m=[35m2025-06-25T222932--tap-csv--target-csv-csv[0m [36mstdio[0m=[35mstderr[0m
[2025-06-25T22:29:32.511+0000] {docker.py:429} INFO - [2m2025-06-25T22:29:32.510828Z[0m [[32m[1minfo     [0m] [1mMETRIC: {"type": "counter", "metric": "record_count", "value": 2155, "tags": {"stream": "order_details", "pid": 176, "context": {}}}[0m [36mcmd_type[0m=[35mextractor[0m [36mname[0m=[35mtap-csv[0m [36mrun_id[0m=[35ma5611769-b81a-4224-b8f3-a9d6767d34c8[0m [36mstate_id[0m=[35m2025-06-25T222932--tap-csv--target-csv-csv[0m [36mstdio[0m=[35mstderr[0m
[2025-06-25T22:29:32.624+0000] {docker.py:429} INFO - [2m2025-06-25T22:29:32.623310Z[0m [[32m[1minfo     [0m] [1mUsing systemdb state backend  [0m
[2025-06-25T22:29:32.635+0000] {docker.py:429} INFO - [2m2025-06-25T22:29:32.634264Z[0m [[32m[1minfo     [0m] [1mIncremental state has been updated at 2025-06-25 22:29:32.634209+00:00.[0m
[2025-06-25T22:29:32.646+0000] {docker.py:429} INFO - [2m2025-06-25T22:29:32.644825Z[0m [[32m[1minfo     [0m] [1mExtract & load complete!      [0m [36mname[0m=[35mmeltano[0m [36mrun_id[0m=[35ma5611769-b81a-4224-b8f3-a9d6767d34c8[0m [36mstate_id[0m=[35m2025-06-25T222932--tap-csv--target-csv-csv[0m
[2025-06-25T22:29:32.647+0000] {docker.py:429} INFO - [2m2025-06-25T22:29:32.645255Z[0m [[32m[1minfo     [0m] [1mTransformation skipped.       [0m [36mname[0m=[35mmeltano[0m [36mrun_id[0m=[35ma5611769-b81a-4224-b8f3-a9d6767d34c8[0m [36mstate_id[0m=[35m2025-06-25T222932--tap-csv--target-csv-csv[0m
[2025-06-25T22:29:34.025+0000] {taskinstance.py:1138} INFO - Marking task as SUCCESS. dag_id=northwind, task_id=extração_csv, execution_date=20250625T222803, start_date=20250625T222904, end_date=20250625T222934
[2025-06-25T22:29:35.241+0000] {local_task_job_runner.py:234} INFO - Task exited with return code 0
[2025-06-25T22:29:35.268+0000] {taskinstance.py:3280} INFO - 0 downstream tasks scheduled from follow-on schedule check
