[2025-07-01T13:37:11.765+0000] {taskinstance.py:1956} INFO - Dependencies all met for dep_context=non-requeueable deps ti=<TaskInstance: northwind.carregamento_postgres manual__2025-07-01T13:36:16.716435+00:00 [queued]>
[2025-07-01T13:37:11.776+0000] {taskinstance.py:1956} INFO - Dependencies all met for dep_context=requeueable deps ti=<TaskInstance: northwind.carregamento_postgres manual__2025-07-01T13:36:16.716435+00:00 [queued]>
[2025-07-01T13:37:11.776+0000] {taskinstance.py:2170} INFO - Starting attempt 1 of 2
[2025-07-01T13:37:11.793+0000] {taskinstance.py:2191} INFO - Executing <Task(DockerOperator): carregamento_postgres> on 2025-07-01 13:36:16.716435+00:00
[2025-07-01T13:37:11.797+0000] {standard_task_runner.py:60} INFO - Started process 195 to run task
[2025-07-01T13:37:11.813+0000] {standard_task_runner.py:87} INFO - Running: ['***', 'tasks', 'run', 'northwind', 'carregamento_postgres', 'manual__2025-07-01T13:36:16.716435+00:00', '--job-id', '53', '--raw', '--subdir', 'DAGS_FOLDER/dag.py', '--cfg-path', '/tmp/tmpy22bg__h']
[2025-07-01T13:37:11.821+0000] {standard_task_runner.py:88} INFO - Job 53: Subtask carregamento_postgres
[2025-07-01T13:37:11.868+0000] {task_command.py:423} INFO - Running <TaskInstance: northwind.carregamento_postgres manual__2025-07-01T13:36:16.716435+00:00 [running]> on host a0138d8cef03
[2025-07-01T13:37:11.957+0000] {taskinstance.py:2480} INFO - Exporting env vars: AIRFLOW_CTX_DAG_EMAIL='lrbf@cin.ufpe.br' AIRFLOW_CTX_DAG_OWNER='***' AIRFLOW_CTX_DAG_ID='northwind' AIRFLOW_CTX_TASK_ID='carregamento_postgres' AIRFLOW_CTX_EXECUTION_DATE='2025-07-01T13:36:16.716435+00:00' AIRFLOW_CTX_TRY_NUMBER='1' AIRFLOW_CTX_DAG_RUN_ID='manual__2025-07-01T13:36:16.716435+00:00'
[2025-07-01T13:37:12.013+0000] {docker.py:359} INFO - Starting docker container from image meltano:latest
[2025-07-01T13:37:12.372+0000] {docker.py:429} INFO - Running meltano install...
[2025-07-01T13:37:13.843+0000] {docker.py:429} INFO - [2m2025-07-01T13:37:13.842801Z[0m [[32m[1minfo     [0m] [1mInstalling 7 plugins          [0m
[2025-07-01T13:37:13.855+0000] {docker.py:429} INFO - [2m2025-07-01T13:37:13.854427Z[0m [[32m[1minfo     [0m] [1mInstalling extractor 'tap-postgres'[0m
[2025-07-01T13:37:13.876+0000] {docker.py:429} INFO - [2m2025-07-01T13:37:13.875523Z[0m [[32m[1minfo     [0m] [1mInstalling extractor 'tap-csv'[0m
[2025-07-01T13:37:13.899+0000] {docker.py:429} INFO - [2m2025-07-01T13:37:13.898558Z[0m [[32m[1minfo     [0m] [1mInstalling extractor 'tap-csv-latest'[0m
[2025-07-01T13:37:13.933+0000] {docker.py:429} INFO - [2m2025-07-01T13:37:13.932884Z[0m [[32m[1minfo     [0m] [1mInstalling loader 'target-postgres'[0m
[2025-07-01T13:37:13.963+0000] {docker.py:429} INFO - [2m2025-07-01T13:37:13.962035Z[0m [[32m[1minfo     [0m] [1mInstalling loader 'target-csv'[0m
[2025-07-01T13:37:14.016+0000] {docker.py:429} INFO - [2m2025-07-01T13:37:14.013980Z[0m [[32m[1minfo     [0m] [1mInstalling loader 'target-csv-postgres'[0m
[2025-07-01T13:37:14.088+0000] {docker.py:429} INFO - [2m2025-07-01T13:37:14.084095Z[0m [[32m[1minfo     [0m] [1mInstalling loader 'target-csv-csv'[0m
[2025-07-01T13:37:15.612+0000] {docker.py:429} INFO - [2m2025-07-01T13:37:15.611903Z[0m [[32m[1minfo     [0m] [1mInstalled extractor 'tap-postgres'[0m
[2025-07-01T13:37:15.683+0000] {docker.py:429} INFO - [2m2025-07-01T13:37:15.683270Z[0m [[32m[1minfo     [0m] [1mInstalled loader 'target-postgres'[0m
[2025-07-01T13:37:20.586+0000] {docker.py:429} INFO - [2m2025-07-01T13:37:20.585361Z[0m [[32m[1minfo     [0m] [1mInstalled extractor 'tap-csv' [0m
[2025-07-01T13:37:20.610+0000] {docker.py:429} INFO - [2m2025-07-01T13:37:20.609804Z[0m [[32m[1minfo     [0m] [1mInstalled extractor 'tap-csv-latest'[0m
[2025-07-01T13:37:20.948+0000] {docker.py:429} INFO - [2m2025-07-01T13:37:20.947624Z[0m [[32m[1minfo     [0m] [1mInstalled loader 'target-csv' [0m
[2025-07-01T13:37:21.177+0000] {docker.py:429} INFO - [2m2025-07-01T13:37:21.176819Z[0m [[32m[1minfo     [0m] [1mInstalled loader 'target-csv-csv'[0m
[2025-07-01T13:37:21.240+0000] {docker.py:429} INFO - [2m2025-07-01T13:37:21.239987Z[0m [[32m[1minfo     [0m] [1mInstalled loader 'target-csv-postgres'[0m
[2025-07-01T13:37:21.241+0000] {docker.py:429} INFO - [2m2025-07-01T13:37:21.240338Z[0m [[32m[1minfo     [0m] [1mInstalled 7/7 plugins         [0m
[2025-07-01T13:37:21.642+0000] {docker.py:429} INFO - Meltano install completed. Executing command: meltano el tap-csv-latest target-postgres
[2025-07-01T13:37:22.837+0000] {docker.py:429} INFO - [2m2025-07-01T13:37:22.836389Z[0m [[32m[1minfo     [0m] [1mEnvironment 'dev' is active   [0m
[2025-07-01T13:37:23.305+0000] {docker.py:429} INFO - [2m2025-07-01T13:37:23.303949Z[0m [[32m[1minfo     [0m] [1mRunning extract & load...     [0m [36mname[0m=[35mmeltano[0m [36mrun_id[0m=[35m9ac86ba3-bbd0-4277-a14b-029f0b7b2282[0m [36mstate_id[0m=[35m2025-07-01T133723--tap-csv-latest--target-postgres[0m
[2025-07-01T13:37:24.738+0000] {docker.py:429} INFO - [2m2025-07-01T13:37:24.737714Z[0m [[32m[1minfo     [0m] [1mNo CSV file definitions found.[0m [36mcmd_type[0m=[35mextractor[0m [36mname[0m=[35mtap-csv-latest[0m [36mrun_id[0m=[35m9ac86ba3-bbd0-4277-a14b-029f0b7b2282[0m [36mstate_id[0m=[35m2025-07-01T133723--tap-csv-latest--target-postgres[0m [36mstdio[0m=[35mstderr[0m
[2025-07-01T13:37:24.983+0000] {docker.py:429} INFO - [2m2025-07-01T13:37:24.982541Z[0m [[32m[1minfo     [0m] [1mtarget-postgres v0.4.3, Meltano SDK v0.47.4[0m [36mcmd_type[0m=[35mloader[0m [36mname[0m=[35mtarget-postgres[0m [36mrun_id[0m=[35m9ac86ba3-bbd0-4277-a14b-029f0b7b2282[0m [36mstate_id[0m=[35m2025-07-01T133723--tap-csv-latest--target-postgres[0m [36mstdio[0m=[35mstderr[0m
[2025-07-01T13:37:24.985+0000] {docker.py:429} INFO - [2m2025-07-01T13:37:24.984927Z[0m [[32m[1minfo     [0m] [1m/opt/meltano/.meltano/loaders/target-postgres/venv/lib/python3.9/site-packages/singer_sdk/plugin_base.py:715: SingerSDKDeprecationWarning: Passing a list of config file paths is deprecated. Please pass the config as a dictionary instead.[0m [36mcmd_type[0m=[35mloader[0m [36mname[0m=[35mtarget-postgres[0m [36mrun_id[0m=[35m9ac86ba3-bbd0-4277-a14b-029f0b7b2282[0m [36mstate_id[0m=[35m2025-07-01T133723--tap-csv-latest--target-postgres[0m [36mstdio[0m=[35mstderr[0m
[2m2025-07-01T13:37:24.985222Z[0m [[32m[1minfo     [0m] [1m  super().__init__(           [0m [36mcmd_type[0m=[35mloader[0m [36mname[0m=[35mtarget-postgres[0m [36mrun_id[0m=[35m9ac86ba3-bbd0-4277-a14b-029f0b7b2282[0m [36mstate_id[0m=[35m2025-07-01T133723--tap-csv-latest--target-postgres[0m [36mstdio[0m=[35mstderr[0m
[2m2025-07-01T13:37:24.985387Z[0m [[32m[1minfo     [0m] [1m                              [0m [36mcmd_type[0m=[35mloader[0m [36mname[0m=[35mtarget-postgres[0m [36mrun_id[0m=[35m9ac86ba3-bbd0-4277-a14b-029f0b7b2282[0m [36mstate_id[0m=[35m2025-07-01T133723--tap-csv-latest--target-postgres[0m [36mstdio[0m=[35mstderr[0m
[2025-07-01T13:37:24.986+0000] {docker.py:429} INFO - [2m2025-07-01T13:37:24.985599Z[0m [[32m[1minfo     [0m] [1mSkipping parse of env var settings...[0m [36mcmd_type[0m=[35mloader[0m [36mname[0m=[35mtarget-postgres[0m [36mrun_id[0m=[35m9ac86ba3-bbd0-4277-a14b-029f0b7b2282[0m [36mstate_id[0m=[35m2025-07-01T133723--tap-csv-latest--target-postgres[0m [36mstdio[0m=[35mstderr[0m
[2025-07-01T13:37:24.986+0000] {docker.py:429} INFO - [2m2025-07-01T13:37:24.985936Z[0m [[32m[1minfo     [0m] [1mThe `dialect+driver` configuration option is deprecated. Please set it to `postgresql+psycopg`, as this will be the hard-coded value in the future.[0m [36mcmd_type[0m=[35mloader[0m [36mname[0m=[35mtarget-postgres[0m [36mrun_id[0m=[35m9ac86ba3-bbd0-4277-a14b-029f0b7b2282[0m [36mstate_id[0m=[35m2025-07-01T133723--tap-csv-latest--target-postgres[0m [36mstdio[0m=[35mstderr[0m
[2025-07-01T13:37:24.986+0000] {docker.py:429} INFO - [2m2025-07-01T13:37:24.986247Z[0m [[32m[1minfo     [0m] [1mReader 'target-postgres' completed processing 0 lines of input (0 schemas, 0 records, 0 batch manifests, 0 state messages, 0 activate version messages).[0m [36mcmd_type[0m=[35mloader[0m [36mname[0m=[35mtarget-postgres[0m [36mrun_id[0m=[35m9ac86ba3-bbd0-4277-a14b-029f0b7b2282[0m [36mstate_id[0m=[35m2025-07-01T133723--tap-csv-latest--target-postgres[0m [36mstdio[0m=[35mstderr[0m
[2025-07-01T13:37:25.066+0000] {docker.py:429} INFO - [2m2025-07-01T13:37:25.065670Z[0m [[31m[1merror    [0m] [1mExtraction failed             [0m [36mcode[0m=[35m1[0m [36mmessage[0m=[35m'No CSV file definitions found.'[0m [36mname[0m=[35mmeltano[0m [36mrun_id[0m=[35m9ac86ba3-bbd0-4277-a14b-029f0b7b2282[0m [36mstate_id[0m=[35m2025-07-01T133723--tap-csv-latest--target-postgres[0m
[2025-07-01T13:37:25.066+0000] {docker.py:429} INFO - [2m2025-07-01T13:37:25.066301Z[0m [[32m[1minfo     [0m] [1mELT could not be completed: Extractor failed.[0m [36mcmd_type[0m=[35melt[0m [36mname[0m=[35mmeltano[0m [36mrun_id[0m=[35m9ac86ba3-bbd0-4277-a14b-029f0b7b2282[0m [36mstate_id[0m=[35m2025-07-01T133723--tap-csv-latest--target-postgres[0m [36mstdio[0m=[35mstderr[0m
[2025-07-01T13:37:25.067+0000] {docker.py:429} INFO - [2m2025-07-01T13:37:25.066522Z[0m [[32m[1minfo     [0m] [1mFor more detailed log messages re-run the command using 'meltano --log-level=debug ...' CLI flag.[0m [36mcmd_type[0m=[35melt[0m [36mname[0m=[35mmeltano[0m [36mrun_id[0m=[35m9ac86ba3-bbd0-4277-a14b-029f0b7b2282[0m [36mstate_id[0m=[35m2025-07-01T133723--tap-csv-latest--target-postgres[0m [36mstdio[0m=[35mstderr[0m
[2025-07-01T13:37:25.067+0000] {docker.py:429} INFO - [2m2025-07-01T13:37:25.066712Z[0m [[32m[1minfo     [0m] [1mNote that you can also check the generated log file at '/opt/meltano/.meltano/logs/elt/2025-07-01T133723--tap-csv-latest--target-postgres/9ac86ba3-bbd0-4277-a14b-029f0b7b2282/elt.log'.[0m [36mcmd_type[0m=[35melt[0m [36mname[0m=[35mmeltano[0m [36mrun_id[0m=[35m9ac86ba3-bbd0-4277-a14b-029f0b7b2282[0m [36mstate_id[0m=[35m2025-07-01T133723--tap-csv-latest--target-postgres[0m [36mstdio[0m=[35mstderr[0m
[2025-07-01T13:37:25.067+0000] {docker.py:429} INFO - [2m2025-07-01T13:37:25.066935Z[0m [[32m[1minfo     [0m] [1mFor more information on debugging and logging: https://docs.meltano.com/reference/command-line-interface#debugging[0m [36mcmd_type[0m=[35melt[0m [36mname[0m=[35mmeltano[0m [36mrun_id[0m=[35m9ac86ba3-bbd0-4277-a14b-029f0b7b2282[0m [36mstate_id[0m=[35m2025-07-01T133723--tap-csv-latest--target-postgres[0m [36mstdio[0m=[35mstderr[0m
[2025-07-01T13:37:25.078+0000] {docker.py:429} INFO - Need help fixing this problem? Visit http://melta.no/ for troubleshooting steps, or to
join our friendly Slack community.

ELT could not be completed: Extractor failed.
For more detailed log messages re-run the command using 'meltano --log-level=debug ...' CLI flag.
Note that you can also check the generated log file at '/opt/meltano/.meltano/logs/elt/2025-07-01T133723--tap-csv-latest--target-postgres/9ac86ba3-bbd0-4277-a14b-029f0b7b2282/elt.log'.
For more information on debugging and logging: https://docs.meltano.com/reference/command-line-interface#debugging
[2025-07-01T13:37:26.207+0000] {taskinstance.py:2698} ERROR - Task failed with exception
Traceback (most recent call last):
  File "/home/airflow/.local/lib/python3.10/site-packages/airflow/models/taskinstance.py", line 433, in _execute_task
    result = execute_callable(context=context, **execute_callable_kwargs)
  File "/home/airflow/.local/lib/python3.10/site-packages/airflow/providers/docker/operators/docker.py", line 502, in execute
    return self._run_image()
  File "/home/airflow/.local/lib/python3.10/site-packages/airflow/providers/docker/operators/docker.py", line 376, in _run_image
    return self._run_image_with_mounts(self.mounts, add_tmp_variable=False)
  File "/home/airflow/.local/lib/python3.10/site-packages/airflow/providers/docker/operators/docker.py", line 437, in _run_image_with_mounts
    raise DockerContainerFailedException(f"Docker container failed: {result!r}", logs=log_lines)
airflow.providers.docker.exceptions.DockerContainerFailedException: Docker container failed: {'StatusCode': 1}
[2025-07-01T13:37:26.213+0000] {taskinstance.py:1138} INFO - Marking task as UP_FOR_RETRY. dag_id=northwind, task_id=carregamento_postgres, execution_date=20250701T133616, start_date=20250701T133711, end_date=20250701T133726
[2025-07-01T13:37:26.229+0000] {standard_task_runner.py:107} ERROR - Failed to execute job 53 for task carregamento_postgres (Docker container failed: {'StatusCode': 1}; 195)
[2025-07-01T13:37:26.240+0000] {local_task_job_runner.py:234} INFO - Task exited with return code 1
[2025-07-01T13:37:26.254+0000] {taskinstance.py:3280} INFO - 0 downstream tasks scheduled from follow-on schedule check
