[2025-07-01T21:00:59.021+0000] {taskinstance.py:1956} INFO - Dependencies all met for dep_context=non-requeueable deps ti=<TaskInstance: northwind.extração_csv manual__2025-07-01T21:00:38.277381+00:00 [queued]>
[2025-07-01T21:00:59.032+0000] {taskinstance.py:1956} INFO - Dependencies all met for dep_context=requeueable deps ti=<TaskInstance: northwind.extração_csv manual__2025-07-01T21:00:38.277381+00:00 [queued]>
[2025-07-01T21:00:59.032+0000] {taskinstance.py:2170} INFO - Starting attempt 1 of 2
[2025-07-01T21:00:59.045+0000] {taskinstance.py:2191} INFO - Executing <Task(DockerOperator): extração_csv> on 2025-07-01 21:00:38.277381+00:00
[2025-07-01T21:00:59.049+0000] {standard_task_runner.py:60} INFO - Started process 187 to run task
[2025-07-01T21:00:59.052+0000] {standard_task_runner.py:87} INFO - Running: ['***', 'tasks', 'run', 'northwind', 'extração_csv', 'manual__2025-07-01T21:00:38.277381+00:00', '--job-id', '3', '--raw', '--subdir', 'DAGS_FOLDER/northwind.py', '--cfg-path', '/tmp/tmpo66h40nm']
[2025-07-01T21:00:59.054+0000] {standard_task_runner.py:88} INFO - Job 3: Subtask extração_csv
[2025-07-01T21:00:59.094+0000] {task_command.py:423} INFO - Running <TaskInstance: northwind.extração_csv manual__2025-07-01T21:00:38.277381+00:00 [running]> on host f5f5293d837b
[2025-07-01T21:00:59.160+0000] {taskinstance.py:2480} INFO - Exporting env vars: AIRFLOW_CTX_DAG_EMAIL='lrbf@cin.ufpe.br' AIRFLOW_CTX_DAG_OWNER='***' AIRFLOW_CTX_DAG_ID='northwind' AIRFLOW_CTX_TASK_ID='extração_csv' AIRFLOW_CTX_EXECUTION_DATE='2025-07-01T21:00:38.277381+00:00' AIRFLOW_CTX_TRY_NUMBER='1' AIRFLOW_CTX_DAG_RUN_ID='manual__2025-07-01T21:00:38.277381+00:00'
[2025-07-01T21:00:59.208+0000] {docker.py:359} INFO - Starting docker container from image meltano:latest
[2025-07-01T21:00:59.492+0000] {docker.py:429} INFO - Running meltano install...
[2025-07-01T21:01:00.558+0000] {docker.py:429} INFO - [2m2025-07-01T21:01:00.557840Z[0m [[32m[1minfo     [0m] [1mInstalling 7 plugins          [0m
[2025-07-01T21:01:00.568+0000] {docker.py:429} INFO - [2m2025-07-01T21:01:00.568142Z[0m [[32m[1minfo     [0m] [1mInstalling extractor 'tap-postgres'[0m
[2025-07-01T21:01:00.582+0000] {docker.py:429} INFO - [2m2025-07-01T21:01:00.582117Z[0m [[32m[1minfo     [0m] [1mInstalling extractor 'tap-csv'[0m
[2025-07-01T21:01:00.597+0000] {docker.py:429} INFO - [2m2025-07-01T21:01:00.597007Z[0m [[32m[1minfo     [0m] [1mInstalling extractor 'tap-csv-latest'[0m
[2025-07-01T21:01:00.620+0000] {docker.py:429} INFO - [2m2025-07-01T21:01:00.619529Z[0m [[32m[1minfo     [0m] [1mInstalling loader 'target-postgres'[0m
[2025-07-01T21:01:00.641+0000] {docker.py:429} INFO - [2m2025-07-01T21:01:00.640242Z[0m [[32m[1minfo     [0m] [1mInstalling loader 'target-csv'[0m
[2025-07-01T21:01:00.666+0000] {docker.py:429} INFO - [2m2025-07-01T21:01:00.665622Z[0m [[32m[1minfo     [0m] [1mInstalling loader 'target-csv-postgres'[0m
[2025-07-01T21:01:00.693+0000] {docker.py:429} INFO - [2m2025-07-01T21:01:00.692733Z[0m [[32m[1minfo     [0m] [1mInstalling loader 'target-csv-csv'[0m
[2025-07-01T21:01:01.767+0000] {docker.py:429} INFO - [2m2025-07-01T21:01:01.766778Z[0m [[32m[1minfo     [0m] [1mInstalled extractor 'tap-postgres'[0m
[2025-07-01T21:01:01.821+0000] {docker.py:429} INFO - [2m2025-07-01T21:01:01.820996Z[0m [[32m[1minfo     [0m] [1mInstalled loader 'target-postgres'[0m
[2025-07-01T21:01:06.110+0000] {docker.py:429} INFO - [2m2025-07-01T21:01:06.109310Z[0m [[32m[1minfo     [0m] [1mInstalled extractor 'tap-csv' [0m
[2025-07-01T21:01:06.121+0000] {docker.py:429} INFO - [2m2025-07-01T21:01:06.121195Z[0m [[32m[1minfo     [0m] [1mInstalled extractor 'tap-csv-latest'[0m
[2025-07-01T21:01:06.568+0000] {docker.py:429} INFO - [2m2025-07-01T21:01:06.567538Z[0m [[32m[1minfo     [0m] [1mInstalled loader 'target-csv' [0m
[2025-07-01T21:01:06.841+0000] {docker.py:429} INFO - [2m2025-07-01T21:01:06.840722Z[0m [[32m[1minfo     [0m] [1mInstalled loader 'target-csv-csv'[0m
[2025-07-01T21:01:07.124+0000] {docker.py:429} INFO - [2m2025-07-01T21:01:07.123650Z[0m [[32m[1minfo     [0m] [1mInstalled loader 'target-csv-postgres'[0m
[2025-07-01T21:01:07.124+0000] {docker.py:429} INFO - [2m2025-07-01T21:01:07.123981Z[0m [[32m[1minfo     [0m] [1mInstalled 7/7 plugins         [0m
[2025-07-01T21:01:07.859+0000] {docker.py:429} INFO - Meltano install completed. Executing command: meltano el tap-csv target-csv-csv
[2025-07-01T21:01:08.891+0000] {docker.py:429} INFO - [2m2025-07-01T21:01:08.890445Z[0m [[32m[1minfo     [0m] [1mEnvironment 'dev' is active   [0m
[2025-07-01T21:01:09.201+0000] {docker.py:429} INFO - [2m2025-07-01T21:01:09.200673Z[0m [[32m[1minfo     [0m] [1mRunning extract & load...     [0m [36mname[0m=[35mmeltano[0m [36mrun_id[0m=[35m85df1b1f-8a3f-4bce-bf17-9fea7437f9c6[0m [36mstate_id[0m=[35m2025-07-01T210109--tap-csv--target-csv-csv[0m
[2025-07-01T21:01:10.416+0000] {docker.py:429} INFO - [2m2025-07-01T21:01:10.415402Z[0m [[32m[1minfo     [0m] [1mINFO Sending version information to singer.io. To disable sending anonymous usage data, set the config parameter "disable_collection" to true[0m [36mcmd_type[0m=[35mloader[0m [36mname[0m=[35mtarget-csv-csv[0m [36mrun_id[0m=[35m85df1b1f-8a3f-4bce-bf17-9fea7437f9c6[0m [36mstate_id[0m=[35m2025-07-01T210109--tap-csv--target-csv-csv[0m [36mstdio[0m=[35mstderr[0m
[2025-07-01T21:01:10.678+0000] {docker.py:429} INFO - [2m2025-07-01T21:01:10.677316Z[0m [[32m[1minfo     [0m] [1m/opt/meltano/.meltano/extractors/tap-csv/venv/lib/python3.9/site-packages/singer_sdk/tap_base.py:516: SingerSDKDeprecationWarning: Passing a catalog file path is deprecated. Please pass the catalog as a dictionary or Catalog object instead.[0m [36mcmd_type[0m=[35mextractor[0m [36mname[0m=[35mtap-csv[0m [36mrun_id[0m=[35m85df1b1f-8a3f-4bce-bf17-9fea7437f9c6[0m [36mstate_id[0m=[35m2025-07-01T210109--tap-csv--target-csv-csv[0m [36mstdio[0m=[35mstderr[0m
[2025-07-01T21:01:10.678+0000] {docker.py:429} INFO - [2m2025-07-01T21:01:10.677647Z[0m [[32m[1minfo     [0m] [1m  tap = cls(                  [0m [36mcmd_type[0m=[35mextractor[0m [36mname[0m=[35mtap-csv[0m [36mrun_id[0m=[35m85df1b1f-8a3f-4bce-bf17-9fea7437f9c6[0m [36mstate_id[0m=[35m2025-07-01T210109--tap-csv--target-csv-csv[0m [36mstdio[0m=[35mstderr[0m
[2025-07-01T21:01:10.678+0000] {docker.py:429} INFO - [2m2025-07-01T21:01:10.677886Z[0m [[32m[1minfo     [0m] [1m                              [0m [36mcmd_type[0m=[35mextractor[0m [36mname[0m=[35mtap-csv[0m [36mrun_id[0m=[35m85df1b1f-8a3f-4bce-bf17-9fea7437f9c6[0m [36mstate_id[0m=[35m2025-07-01T210109--tap-csv--target-csv-csv[0m [36mstdio[0m=[35mstderr[0m
[2025-07-01T21:01:10.678+0000] {docker.py:429} INFO - [2m2025-07-01T21:01:10.678163Z[0m [[32m[1minfo     [0m] [1mBeginning full_table sync of 'order_details'...[0m [36mcmd_type[0m=[35mextractor[0m [36mname[0m=[35mtap-csv[0m [36mrun_id[0m=[35m85df1b1f-8a3f-4bce-bf17-9fea7437f9c6[0m [36mstate_id[0m=[35m2025-07-01T210109--tap-csv--target-csv-csv[0m [36mstdio[0m=[35mstderr[0m
[2025-07-01T21:01:10.679+0000] {docker.py:429} INFO - [2m2025-07-01T21:01:10.678341Z[0m [[32m[1minfo     [0m] [1mTap has custom mapper. Using 1 provided map(s).[0m [36mcmd_type[0m=[35mextractor[0m [36mname[0m=[35mtap-csv[0m [36mrun_id[0m=[35m85df1b1f-8a3f-4bce-bf17-9fea7437f9c6[0m [36mstate_id[0m=[35m2025-07-01T210109--tap-csv--target-csv-csv[0m [36mstdio[0m=[35mstderr[0m
[2025-07-01T21:01:10.816+0000] {docker.py:429} INFO - [2m2025-07-01T21:01:10.815100Z[0m [[32m[1minfo     [0m] [1mMETRIC: {"type": "timer", "metric": "sync_duration", "value": 0.1369161605834961, "tags": {"stream": "order_details", "pid": 175, "context": {}, "status": "succeeded"}}[0m [36mcmd_type[0m=[35mextractor[0m [36mname[0m=[35mtap-csv[0m [36mrun_id[0m=[35m85df1b1f-8a3f-4bce-bf17-9fea7437f9c6[0m [36mstate_id[0m=[35m2025-07-01T210109--tap-csv--target-csv-csv[0m [36mstdio[0m=[35mstderr[0m
[2025-07-01T21:01:10.816+0000] {docker.py:429} INFO - [2m2025-07-01T21:01:10.815869Z[0m [[32m[1minfo     [0m] [1mMETRIC: {"type": "counter", "metric": "record_count", "value": 2155, "tags": {"stream": "order_details", "pid": 175, "context": {}}}[0m [36mcmd_type[0m=[35mextractor[0m [36mname[0m=[35mtap-csv[0m [36mrun_id[0m=[35m85df1b1f-8a3f-4bce-bf17-9fea7437f9c6[0m [36mstate_id[0m=[35m2025-07-01T210109--tap-csv--target-csv-csv[0m [36mstdio[0m=[35mstderr[0m
[2025-07-01T21:01:10.897+0000] {docker.py:429} INFO - [2m2025-07-01T21:01:10.896859Z[0m [[32m[1minfo     [0m] [1mUsing systemdb state backend  [0m
[2025-07-01T21:01:10.908+0000] {docker.py:429} INFO - [2m2025-07-01T21:01:10.907794Z[0m [[32m[1minfo     [0m] [1mIncremental state has been updated at 2025-07-01 21:01:10.907763+00:00.[0m
[2025-07-01T21:01:10.909+0000] {docker.py:429} INFO - [2m2025-07-01T21:01:10.908698Z[0m [[32m[1minfo     [0m] [1mExtract & load complete!      [0m [36mname[0m=[35mmeltano[0m [36mrun_id[0m=[35m85df1b1f-8a3f-4bce-bf17-9fea7437f9c6[0m [36mstate_id[0m=[35m2025-07-01T210109--tap-csv--target-csv-csv[0m
[2m2025-07-01T21:01:10.908905Z[0m [[32m[1minfo     [0m] [1mTransformation skipped.       [0m [36mname[0m=[35mmeltano[0m [36mrun_id[0m=[35m85df1b1f-8a3f-4bce-bf17-9fea7437f9c6[0m [36mstate_id[0m=[35m2025-07-01T210109--tap-csv--target-csv-csv[0m
[2025-07-01T21:01:11.885+0000] {taskinstance.py:1138} INFO - Marking task as SUCCESS. dag_id=northwind, task_id=extração_csv, execution_date=20250701T210038, start_date=20250701T210059, end_date=20250701T210111
[2025-07-01T21:01:11.940+0000] {local_task_job_runner.py:234} INFO - Task exited with return code 0
[2025-07-01T21:01:11.961+0000] {taskinstance.py:3280} INFO - 1 downstream tasks scheduled from follow-on schedule check
