[2025-07-10T15:03:37.123+0000] {taskinstance.py:1956} INFO - Dependencies all met for dep_context=non-requeueable deps ti=<TaskInstance: northwind.gerar_config_csv_dinamica manual__2025-07-10T15:02:58.913497+00:00 [queued]>
[2025-07-10T15:03:37.134+0000] {taskinstance.py:1956} INFO - Dependencies all met for dep_context=requeueable deps ti=<TaskInstance: northwind.gerar_config_csv_dinamica manual__2025-07-10T15:02:58.913497+00:00 [queued]>
[2025-07-10T15:03:37.134+0000] {taskinstance.py:2170} INFO - Starting attempt 1 of 2
[2025-07-10T15:03:37.150+0000] {taskinstance.py:2191} INFO - Executing <Task(DockerOperator): gerar_config_csv_dinamica> on 2025-07-10 15:02:58.913497+00:00
[2025-07-10T15:03:37.155+0000] {standard_task_runner.py:60} INFO - Started process 179 to run task
[2025-07-10T15:03:37.162+0000] {standard_task_runner.py:87} INFO - Running: ['***', 'tasks', 'run', 'northwind', 'gerar_config_csv_dinamica', 'manual__2025-07-10T15:02:58.913497+00:00', '--job-id', '92', '--raw', '--subdir', 'DAGS_FOLDER/northwind.py', '--cfg-path', '/tmp/tmp_ln6v07q']
[2025-07-10T15:03:37.165+0000] {standard_task_runner.py:88} INFO - Job 92: Subtask gerar_config_csv_dinamica
[2025-07-10T15:03:37.225+0000] {task_command.py:423} INFO - Running <TaskInstance: northwind.gerar_config_csv_dinamica manual__2025-07-10T15:02:58.913497+00:00 [running]> on host 8ddbac0a6dc1
[2025-07-10T15:03:37.325+0000] {taskinstance.py:2480} INFO - Exporting env vars: AIRFLOW_CTX_DAG_EMAIL='lrbf@cin.ufpe.br' AIRFLOW_CTX_DAG_OWNER='***' AIRFLOW_CTX_DAG_ID='northwind' AIRFLOW_CTX_TASK_ID='gerar_config_csv_dinamica' AIRFLOW_CTX_EXECUTION_DATE='2025-07-10T15:02:58.913497+00:00' AIRFLOW_CTX_TRY_NUMBER='1' AIRFLOW_CTX_DAG_RUN_ID='manual__2025-07-10T15:02:58.913497+00:00'
[2025-07-10T15:03:37.402+0000] {docker.py:359} INFO - Starting docker container from image meltano:latest
[2025-07-10T15:03:37.814+0000] {docker.py:429} INFO - Running meltano install...
[2025-07-10T15:03:39.910+0000] {docker.py:429} INFO - [2m2025-07-10T15:03:39.909149Z[0m [[32m[1minfo     [0m] [1mInstalling 7 plugins          [0m
[2025-07-10T15:03:39.939+0000] {docker.py:429} INFO - [2m2025-07-10T15:03:39.938325Z[0m [[32m[1minfo     [0m] [1mInstalling extractor 'tap-postgres'[0m
[2025-07-10T15:03:39.975+0000] {docker.py:429} INFO - [2m2025-07-10T15:03:39.974573Z[0m [[32m[1minfo     [0m] [1mInstalling extractor 'tap-csv'[0m
[2025-07-10T15:03:40.009+0000] {docker.py:429} INFO - [2m2025-07-10T15:03:40.008207Z[0m [[32m[1minfo     [0m] [1mInstalling extractor 'tap-csv-latest'[0m
[2025-07-10T15:03:40.043+0000] {docker.py:429} INFO - [2m2025-07-10T15:03:40.042891Z[0m [[32m[1minfo     [0m] [1mInstalling loader 'target-postgres'[0m
[2025-07-10T15:03:40.072+0000] {docker.py:429} INFO - [2m2025-07-10T15:03:40.071388Z[0m [[32m[1minfo     [0m] [1mInstalling loader 'target-csv'[0m
[2025-07-10T15:03:40.105+0000] {docker.py:429} INFO - [2m2025-07-10T15:03:40.104697Z[0m [[32m[1minfo     [0m] [1mInstalling loader 'target-csv-postgres'[0m
[2025-07-10T15:03:40.143+0000] {docker.py:429} INFO - [2m2025-07-10T15:03:40.142147Z[0m [[32m[1minfo     [0m] [1mInstalling loader 'target-csv-csv'[0m
[2025-07-10T15:03:41.237+0000] {docker.py:429} INFO - [2m2025-07-10T15:03:41.236680Z[0m [[32m[1minfo     [0m] [1mInstalled extractor 'tap-postgres'[0m
[2025-07-10T15:03:41.367+0000] {docker.py:429} INFO - [2m2025-07-10T15:03:41.366888Z[0m [[32m[1minfo     [0m] [1mInstalled loader 'target-postgres'[0m
[2025-07-10T15:03:45.809+0000] {docker.py:429} INFO - [2m2025-07-10T15:03:45.808534Z[0m [[32m[1minfo     [0m] [1mInstalled extractor 'tap-csv-latest'[0m
[2025-07-10T15:03:46.788+0000] {docker.py:429} INFO - [2m2025-07-10T15:03:46.788108Z[0m [[32m[1minfo     [0m] [1mInstalled extractor 'tap-csv' [0m
[2025-07-10T15:03:46.907+0000] {docker.py:429} INFO - [2m2025-07-10T15:03:46.905989Z[0m [[32m[1minfo     [0m] [1mInstalled loader 'target-csv' [0m
[2025-07-10T15:03:46.921+0000] {docker.py:429} INFO - [2m2025-07-10T15:03:46.920814Z[0m [[32m[1minfo     [0m] [1mInstalled loader 'target-csv-postgres'[0m
[2025-07-10T15:03:46.960+0000] {docker.py:429} INFO - [2m2025-07-10T15:03:46.959294Z[0m [[32m[1minfo     [0m] [1mInstalled loader 'target-csv-csv'[0m
[2025-07-10T15:03:46.961+0000] {docker.py:429} INFO - [2m2025-07-10T15:03:46.960049Z[0m [[32m[1minfo     [0m] [1mInstalled 7/7 plugins         [0m
[2025-07-10T15:03:48.261+0000] {docker.py:429} INFO - Meltano install completed. Executing command: python /opt/meltano/scripts/generate_csv_config.py
[2025-07-10T15:03:48.311+0000] {docker.py:429} INFO - [{"entity": "order_details", "path": "/opt/output_data/csv/order_details/2025-07-10/file.csv", "keys": ["order_id", "product_id"], "delimiter": ",", "encoding": "utf-8"}, {"entity": "public-categories", "path": "/opt/output_data/postgres/public-categories/2025-07-10/file.csv", "keys": ["category_id"], "delimiter": ",", "encoding": "utf-8"}, {"entity": "public-products", "path": "/opt/output_data/postgres/public-products/2025-07-10/file.csv", "keys": ["product_id"], "delimiter": ",", "encoding": "utf-8"}, {"entity": "public-suppliers", "path": "/opt/output_data/postgres/public-suppliers/2025-07-10/file.csv", "keys": ["supplier_id"], "delimiter": ",", "encoding": "utf-8"}, {"entity": "public-orders", "path": "/opt/output_data/postgres/public-orders/2025-07-10/file.csv", "keys": ["order_id"], "delimiter": ",", "encoding": "utf-8"}, {"entity": "public-customers", "path": "/opt/output_data/postgres/public-customers/2025-07-10/file.csv", "keys": ["customer_id"], "delimiter": ",", "encoding": "utf-8"}, {"entity": "public-employees", "path": "/opt/output_data/postgres/public-employees/2025-07-10/file.csv", "keys": ["employee_id"], "delimiter": ",", "encoding": "utf-8"}, {"entity": "public-employee_territories", "path": "/opt/output_data/postgres/public-employee_territories/2025-07-10/file.csv", "keys": ["employee_id", "territory_id"], "delimiter": ",", "encoding": "utf-8"}, {"entity": "public-territories", "path": "/opt/output_data/postgres/public-territories/2025-07-10/file.csv", "keys": ["territory_id"], "delimiter": ",", "encoding": "utf-8"}, {"entity": "public-region", "path": "/opt/output_data/postgres/public-region/2025-07-10/file.csv", "keys": ["region_id"], "delimiter": ",", "encoding": "utf-8"}, {"entity": "public-shippers", "path": "/opt/output_data/postgres/public-shippers/2025-07-10/file.csv", "keys": ["shipper_id"], "delimiter": ",", "encoding": "utf-8"}, {"entity": "public-us_states", "path": "/opt/output_data/postgres/public-us_states/2025-07-10/file.csv", "keys": ["state_id"], "delimiter": ",", "encoding": "utf-8"}]
[2025-07-10T15:03:48.631+0000] {taskinstance.py:1138} INFO - Marking task as SUCCESS. dag_id=northwind, task_id=gerar_config_csv_dinamica, execution_date=20250710T150258, start_date=20250710T150337, end_date=20250710T150348
[2025-07-10T15:03:48.680+0000] {local_task_job_runner.py:234} INFO - Task exited with return code 0
[2025-07-10T15:03:48.733+0000] {taskinstance.py:3280} INFO - 0 downstream tasks scheduled from follow-on schedule check
