[2025-06-25T19:34:52.273+0000] {taskinstance.py:1956} INFO - Dependencies all met for dep_context=non-requeueable deps ti=<TaskInstance: northwind.extração_csv manual__2025-06-25T19:34:32.334444+00:00 [queued]>
[2025-06-25T19:34:52.281+0000] {taskinstance.py:1956} INFO - Dependencies all met for dep_context=requeueable deps ti=<TaskInstance: northwind.extração_csv manual__2025-06-25T19:34:32.334444+00:00 [queued]>
[2025-06-25T19:34:52.281+0000] {taskinstance.py:2170} INFO - Starting attempt 1 of 2
[2025-06-25T19:34:52.299+0000] {taskinstance.py:2191} INFO - Executing <Task(DockerOperator): extração_csv> on 2025-06-25 19:34:32.334444+00:00
[2025-06-25T19:34:52.304+0000] {standard_task_runner.py:60} INFO - Started process 184 to run task
[2025-06-25T19:34:52.307+0000] {standard_task_runner.py:87} INFO - Running: ['***', 'tasks', 'run', 'northwind', 'extração_csv', 'manual__2025-06-25T19:34:32.334444+00:00', '--job-id', '125', '--raw', '--subdir', 'DAGS_FOLDER/dag.py', '--cfg-path', '/tmp/tmpzxdnml0y']
[2025-06-25T19:34:52.309+0000] {standard_task_runner.py:88} INFO - Job 125: Subtask extração_csv
[2025-06-25T19:34:52.376+0000] {task_command.py:423} INFO - Running <TaskInstance: northwind.extração_csv manual__2025-06-25T19:34:32.334444+00:00 [running]> on host efd54408c28d
[2025-06-25T19:34:52.462+0000] {taskinstance.py:2480} INFO - Exporting env vars: AIRFLOW_CTX_DAG_EMAIL='lrbf@cin.ufpe.br' AIRFLOW_CTX_DAG_OWNER='***' AIRFLOW_CTX_DAG_ID='northwind' AIRFLOW_CTX_TASK_ID='extração_csv' AIRFLOW_CTX_EXECUTION_DATE='2025-06-25T19:34:32.334444+00:00' AIRFLOW_CTX_TRY_NUMBER='1' AIRFLOW_CTX_DAG_RUN_ID='manual__2025-06-25T19:34:32.334444+00:00'
[2025-06-25T19:34:52.611+0000] {docker.py:359} INFO - Starting docker container from image meltano:latest
[2025-06-25T19:34:52.614+0000] {docker.py:367} WARNING - Using remote engine or docker-in-docker and mounting temporary volume from host is not supported. Falling back to `mount_tmp_dir=False` mode. You can set `mount_tmp_dir` parameter to False to disable mounting and remove the warning
[2025-06-25T19:34:52.965+0000] {docker.py:429} INFO - Running meltano install...
[2025-06-25T19:34:54.049+0000] {docker.py:429} INFO - [2m2025-06-25T19:34:54.048368Z[0m [[32m[1minfo     [0m] [1mInstalling 7 plugins          [0m
[2025-06-25T19:34:54.058+0000] {docker.py:429} INFO - [2m2025-06-25T19:34:54.057466Z[0m [[32m[1minfo     [0m] [1mInstalling extractor 'tap-postgres'[0m
[2025-06-25T19:34:54.072+0000] {docker.py:429} INFO - [2m2025-06-25T19:34:54.071743Z[0m [[32m[1minfo     [0m] [1mInstalling extractor 'tap-csv'[0m
[2025-06-25T19:34:54.087+0000] {docker.py:429} INFO - [2m2025-06-25T19:34:54.086399Z[0m [[32m[1minfo     [0m] [1mInstalling extractor 'tap-csv-latest'[0m
[2025-06-25T19:34:54.102+0000] {docker.py:429} INFO - [2m2025-06-25T19:34:54.101328Z[0m [[32m[1minfo     [0m] [1mInstalling loader 'target-postgres'[0m
[2025-06-25T19:34:54.116+0000] {docker.py:429} INFO - [2m2025-06-25T19:34:54.115996Z[0m [[32m[1minfo     [0m] [1mInstalling loader 'target-csv'[0m
[2025-06-25T19:34:54.142+0000] {docker.py:429} INFO - [2m2025-06-25T19:34:54.139645Z[0m [[32m[1minfo     [0m] [1mInstalling loader 'target-csv-postgres'[0m
[2025-06-25T19:34:54.164+0000] {docker.py:429} INFO - [2m2025-06-25T19:34:54.162905Z[0m [[32m[1minfo     [0m] [1mInstalling loader 'target-csv-csv'[0m
[2025-06-25T19:34:55.478+0000] {docker.py:429} INFO - [2m2025-06-25T19:34:55.477859Z[0m [[32m[1minfo     [0m] [1mInstalled extractor 'tap-postgres'[0m
[2025-06-25T19:34:55.479+0000] {docker.py:429} INFO - [2m2025-06-25T19:34:55.478427Z[0m [[32m[1minfo     [0m] [1mInstalled loader 'target-postgres'[0m
[2025-06-25T19:35:04.767+0000] {docker.py:429} INFO - [2m2025-06-25T19:35:04.766665Z[0m [[32m[1minfo     [0m] [1mInstalled extractor 'tap-csv-latest'[0m
[2025-06-25T19:35:04.824+0000] {docker.py:429} INFO - [2m2025-06-25T19:35:04.823304Z[0m [[32m[1minfo     [0m] [1mInstalled extractor 'tap-csv' [0m
[2025-06-25T19:35:05.973+0000] {docker.py:429} INFO - [2m2025-06-25T19:35:05.972778Z[0m [[32m[1minfo     [0m] [1mInstalled loader 'target-csv' [0m
[2025-06-25T19:35:07.462+0000] {docker.py:429} INFO - [2m2025-06-25T19:35:07.461452Z[0m [[32m[1minfo     [0m] [1mInstalled loader 'target-csv-postgres'[0m
[2025-06-25T19:35:08.197+0000] {docker.py:429} INFO - [2m2025-06-25T19:35:08.196611Z[0m [[32m[1minfo     [0m] [1mInstalled loader 'target-csv-csv'[0m
[2m2025-06-25T19:35:08.196851Z[0m [[32m[1minfo     [0m] [1mInstalled 7/7 plugins         [0m
[2025-06-25T19:35:09.407+0000] {docker.py:429} INFO - Meltano install completed. Executing command: meltano el tap-csv target-csv-csv
[2025-06-25T19:35:10.885+0000] {docker.py:429} INFO - [2m2025-06-25T19:35:10.884872Z[0m [[32m[1minfo     [0m] [1mEnvironment 'dev' is active   [0m
[2025-06-25T19:35:11.302+0000] {docker.py:429} INFO - [2m2025-06-25T19:35:11.301857Z[0m [[32m[1minfo     [0m] [1mRunning extract & load...     [0m [36mname[0m=[35mmeltano[0m [36mrun_id[0m=[35m96cbbc48-adfb-44e0-9aa5-783e82cb25c0[0m [36mstate_id[0m=[35m2025-06-25T193511--tap-csv--target-csv-csv[0m
[2025-06-25T19:35:12.486+0000] {docker.py:429} INFO - [2m2025-06-25T19:35:12.485341Z[0m [[32m[1minfo     [0m] [1mINFO Sending version information to singer.io. To disable sending anonymous usage data, set the config parameter "disable_collection" to true[0m [36mcmd_type[0m=[35mloader[0m [36mname[0m=[35mtarget-csv-csv[0m [36mrun_id[0m=[35m96cbbc48-adfb-44e0-9aa5-783e82cb25c0[0m [36mstate_id[0m=[35m2025-06-25T193511--tap-csv--target-csv-csv[0m [36mstdio[0m=[35mstderr[0m
[2025-06-25T19:35:12.648+0000] {docker.py:429} INFO - [2m2025-06-25T19:35:12.648038Z[0m [[32m[1minfo     [0m] [1mBeginning full_table sync of 'order_details'...[0m [36mcmd_type[0m=[35mextractor[0m [36mname[0m=[35mtap-csv[0m [36mrun_id[0m=[35m96cbbc48-adfb-44e0-9aa5-783e82cb25c0[0m [36mstate_id[0m=[35m2025-06-25T193511--tap-csv--target-csv-csv[0m [36mstdio[0m=[35mstderr[0m
[2m2025-06-25T19:35:12.648337Z[0m [[32m[1minfo     [0m] [1mTap has custom mapper. Using 1 provided map(s).[0m [36mcmd_type[0m=[35mextractor[0m [36mname[0m=[35mtap-csv[0m [36mrun_id[0m=[35m96cbbc48-adfb-44e0-9aa5-783e82cb25c0[0m [36mstate_id[0m=[35m2025-06-25T193511--tap-csv--target-csv-csv[0m [36mstdio[0m=[35mstderr[0m
[2025-06-25T19:35:12.779+0000] {docker.py:429} INFO - [2m2025-06-25T19:35:12.779017Z[0m [[32m[1minfo     [0m] [1mMETRIC: {"type": "timer", "metric": "sync_duration", "value": 0.13052845001220703, "tags": {"stream": "order_details", "pid": 176, "context": {}, "status": "succeeded"}}[0m [36mcmd_type[0m=[35mextractor[0m [36mname[0m=[35mtap-csv[0m [36mrun_id[0m=[35m96cbbc48-adfb-44e0-9aa5-783e82cb25c0[0m [36mstate_id[0m=[35m2025-06-25T193511--tap-csv--target-csv-csv[0m [36mstdio[0m=[35mstderr[0m
[2m2025-06-25T19:35:12.779348Z[0m [[32m[1minfo     [0m] [1mMETRIC: {"type": "counter", "metric": "record_count", "value": 2155, "tags": {"stream": "order_details", "pid": 176, "context": {}}}[0m [36mcmd_type[0m=[35mextractor[0m [36mname[0m=[35mtap-csv[0m [36mrun_id[0m=[35m96cbbc48-adfb-44e0-9aa5-783e82cb25c0[0m [36mstate_id[0m=[35m2025-06-25T193511--tap-csv--target-csv-csv[0m [36mstdio[0m=[35mstderr[0m
[2025-06-25T19:35:12.874+0000] {docker.py:429} INFO - [2m2025-06-25T19:35:12.873369Z[0m [[32m[1minfo     [0m] [1mUsing systemdb state backend  [0m
[2025-06-25T19:35:12.886+0000] {docker.py:429} INFO - [2m2025-06-25T19:35:12.885971Z[0m [[32m[1minfo     [0m] [1mIncremental state has been updated at 2025-06-25 19:35:12.885930+00:00.[0m
[2025-06-25T19:35:12.887+0000] {docker.py:429} INFO - [2m2025-06-25T19:35:12.887050Z[0m [[32m[1minfo     [0m] [1mExtract & load complete!      [0m [36mname[0m=[35mmeltano[0m [36mrun_id[0m=[35m96cbbc48-adfb-44e0-9aa5-783e82cb25c0[0m [36mstate_id[0m=[35m2025-06-25T193511--tap-csv--target-csv-csv[0m
[2025-06-25T19:35:12.888+0000] {docker.py:429} INFO - [2m2025-06-25T19:35:12.887327Z[0m [[32m[1minfo     [0m] [1mTransformation skipped.       [0m [36mname[0m=[35mmeltano[0m [36mrun_id[0m=[35m96cbbc48-adfb-44e0-9aa5-783e82cb25c0[0m [36mstate_id[0m=[35m2025-06-25T193511--tap-csv--target-csv-csv[0m
[2025-06-25T19:35:14.139+0000] {taskinstance.py:1138} INFO - Marking task as SUCCESS. dag_id=northwind, task_id=extração_csv, execution_date=20250625T193432, start_date=20250625T193452, end_date=20250625T193514
[2025-06-25T19:35:14.190+0000] {local_task_job_runner.py:234} INFO - Task exited with return code 0
[2025-06-25T19:35:14.211+0000] {taskinstance.py:3280} INFO - 1 downstream tasks scheduled from follow-on schedule check
