[2025-07-08T14:00:20.401+0000] {taskinstance.py:1956} INFO - Dependencies all met for dep_context=non-requeueable deps ti=<TaskInstance: northwind.carregamento_postgres manual__2025-07-08T13:58:35.258092+00:00 [queued]>
[2025-07-08T14:00:20.424+0000] {taskinstance.py:1956} INFO - Dependencies all met for dep_context=requeueable deps ti=<TaskInstance: northwind.carregamento_postgres manual__2025-07-08T13:58:35.258092+00:00 [queued]>
[2025-07-08T14:00:20.425+0000] {taskinstance.py:2170} INFO - Starting attempt 1 of 2
[2025-07-08T14:00:20.544+0000] {taskinstance.py:2191} INFO - Executing <Task(DockerOperator): carregamento_postgres> on 2025-07-08 13:58:35.258092+00:00
[2025-07-08T14:00:20.561+0000] {standard_task_runner.py:60} INFO - Started process 246 to run task
[2025-07-08T14:00:20.571+0000] {standard_task_runner.py:87} INFO - Running: ['***', 'tasks', 'run', 'northwind', 'carregamento_postgres', 'manual__2025-07-08T13:58:35.258092+00:00', '--job-id', '42', '--raw', '--subdir', 'DAGS_FOLDER/northwind.py', '--cfg-path', '/tmp/tmp9buwbuyc']
[2025-07-08T14:00:20.577+0000] {standard_task_runner.py:88} INFO - Job 42: Subtask carregamento_postgres
[2025-07-08T14:00:20.897+0000] {task_command.py:423} INFO - Running <TaskInstance: northwind.carregamento_postgres manual__2025-07-08T13:58:35.258092+00:00 [running]> on host eee4e987cd13
[2025-07-08T14:00:21.347+0000] {taskinstance.py:2480} INFO - Exporting env vars: AIRFLOW_CTX_DAG_EMAIL='lrbf@cin.ufpe.br' AIRFLOW_CTX_DAG_OWNER='***' AIRFLOW_CTX_DAG_ID='northwind' AIRFLOW_CTX_TASK_ID='carregamento_postgres' AIRFLOW_CTX_EXECUTION_DATE='2025-07-08T13:58:35.258092+00:00' AIRFLOW_CTX_TRY_NUMBER='1' AIRFLOW_CTX_DAG_RUN_ID='manual__2025-07-08T13:58:35.258092+00:00'
[2025-07-08T14:00:21.513+0000] {docker.py:359} INFO - Starting docker container from image meltano:latest
[2025-07-08T14:00:22.105+0000] {docker.py:429} INFO - Running meltano install...
[2025-07-08T14:00:24.940+0000] {docker.py:429} INFO - [2m2025-07-08T14:00:24.939322Z[0m [[32m[1minfo     [0m] [1mInstalling 7 plugins          [0m
[2025-07-08T14:00:24.958+0000] {docker.py:429} INFO - [2m2025-07-08T14:00:24.957615Z[0m [[32m[1minfo     [0m] [1mInstalling extractor 'tap-postgres'[0m
[2025-07-08T14:00:24.998+0000] {docker.py:429} INFO - [2m2025-07-08T14:00:24.996628Z[0m [[32m[1minfo     [0m] [1mInstalling extractor 'tap-csv'[0m
[2025-07-08T14:00:25.045+0000] {docker.py:429} INFO - [2m2025-07-08T14:00:25.044241Z[0m [[32m[1minfo     [0m] [1mInstalling extractor 'tap-csv-latest'[0m
[2025-07-08T14:00:25.116+0000] {docker.py:429} INFO - [2m2025-07-08T14:00:25.114486Z[0m [[32m[1minfo     [0m] [1mInstalling loader 'target-postgres'[0m
[2025-07-08T14:00:25.205+0000] {docker.py:429} INFO - [2m2025-07-08T14:00:25.203517Z[0m [[32m[1minfo     [0m] [1mInstalling loader 'target-csv'[0m
[2025-07-08T14:00:25.293+0000] {docker.py:429} INFO - [2m2025-07-08T14:00:25.291258Z[0m [[32m[1minfo     [0m] [1mInstalling loader 'target-csv-postgres'[0m
[2025-07-08T14:00:25.400+0000] {docker.py:429} INFO - [2m2025-07-08T14:00:25.395751Z[0m [[32m[1minfo     [0m] [1mInstalling loader 'target-csv-csv'[0m
[2025-07-08T14:00:28.172+0000] {docker.py:429} INFO - [2m2025-07-08T14:00:28.170875Z[0m [[32m[1minfo     [0m] [1mInstalled extractor 'tap-postgres'[0m
[2025-07-08T14:00:28.367+0000] {docker.py:429} INFO - [2m2025-07-08T14:00:28.366091Z[0m [[32m[1minfo     [0m] [1mInstalled loader 'target-postgres'[0m
[2025-07-08T14:00:34.611+0000] {docker.py:429} INFO - [2m2025-07-08T14:00:34.610818Z[0m [[32m[1minfo     [0m] [1mInstalled extractor 'tap-csv-latest'[0m
[2025-07-08T14:00:34.634+0000] {docker.py:429} INFO - [2m2025-07-08T14:00:34.633493Z[0m [[32m[1minfo     [0m] [1mInstalled extractor 'tap-csv' [0m
[2025-07-08T14:00:35.937+0000] {docker.py:429} INFO - [2m2025-07-08T14:00:35.936341Z[0m [[32m[1minfo     [0m] [1mInstalled loader 'target-csv' [0m
[2025-07-08T14:00:36.210+0000] {docker.py:429} INFO - [2m2025-07-08T14:00:36.209520Z[0m [[32m[1minfo     [0m] [1mInstalled loader 'target-csv-csv'[0m
[2025-07-08T14:00:37.149+0000] {docker.py:429} INFO - [2m2025-07-08T14:00:37.148392Z[0m [[32m[1minfo     [0m] [1mInstalled loader 'target-csv-postgres'[0m
[2025-07-08T14:00:37.150+0000] {docker.py:429} INFO - [2m2025-07-08T14:00:37.149001Z[0m [[32m[1minfo     [0m] [1mInstalled 7/7 plugins         [0m
[2025-07-08T14:00:38.131+0000] {docker.py:429} INFO - Meltano install completed. Executing command: bash -c meltano config tap-csv-latest set csv_files_definition /opt/meltano/config/tap-csv-latest.json && meltano el tap-csv-latest target-postgres
[2025-07-08T14:00:38.931+0000] {docker.py:429} INFO - [2m2025-07-08T14:00:38.930644Z[0m [[32m[1minfo     [0m] [1mThe default environment 'dev' will be ignored for `meltano config`. To configure a specific environment, please use the option `--environment=<environment name>`.[0m
[2025-07-08T14:00:39.225+0000] {docker.py:429} INFO - [2m2025-07-08T14:00:39.224563Z[0m [[33m[1mwarning  [0m] [1m/venv/lib/python3.9/site-packages/meltano/cli/interactive/config.py:403: RuntimeWarning: Unknown setting 'csv_files_definition'
  value, metadata = settings.set_with_metadata(
[0m
[2025-07-08T14:00:39.325+0000] {docker.py:429} INFO - Extractor 'tap-csv-latest' setting 'csv_files_definition' was set in `meltano.yml`: '/opt/meltano/config/tap-csv-latest.json'
[2025-07-08T14:00:43.126+0000] {docker.py:429} INFO - [2m2025-07-08T14:00:43.125460Z[0m [[32m[1minfo     [0m] [1mEnvironment 'dev' is active   [0m
[2025-07-08T14:00:43.806+0000] {docker.py:429} INFO - [2m2025-07-08T14:00:43.805584Z[0m [[32m[1minfo     [0m] [1mRunning extract & load...     [0m [36mname[0m=[35mmeltano[0m [36mrun_id[0m=[35m487c6ff2-50b3-4e43-8b5c-f8e31f2ee9d9[0m [36mstate_id[0m=[35m2025-07-08T140043--tap-csv-latest--target-postgres[0m
[2025-07-08T14:00:45.860+0000] {docker.py:429} INFO - [2m2025-07-08T14:00:45.858869Z[0m [[32m[1minfo     [0m] [1mBeginning full_table sync of 'order_details'...[0m [36mcmd_type[0m=[35mextractor[0m [36mname[0m=[35mtap-csv-latest[0m [36mrun_id[0m=[35m487c6ff2-50b3-4e43-8b5c-f8e31f2ee9d9[0m [36mstate_id[0m=[35m2025-07-08T140043--tap-csv-latest--target-postgres[0m [36mstdio[0m=[35mstderr[0m
[2025-07-08T14:00:45.860+0000] {docker.py:429} INFO - [2m2025-07-08T14:00:45.859872Z[0m [[32m[1minfo     [0m] [1mTap has custom mapper. Using 1 provided map(s).[0m [36mcmd_type[0m=[35mextractor[0m [36mname[0m=[35mtap-csv-latest[0m [36mrun_id[0m=[35m487c6ff2-50b3-4e43-8b5c-f8e31f2ee9d9[0m [36mstate_id[0m=[35m2025-07-08T140043--tap-csv-latest--target-postgres[0m [36mstdio[0m=[35mstderr[0m
[2025-07-08T14:00:46.115+0000] {docker.py:429} INFO - [2m2025-07-08T14:00:46.114229Z[0m [[32m[1minfo     [0m] [1mtarget-postgres v0.4.3, Meltano SDK v0.47.4[0m [36mcmd_type[0m=[35mloader[0m [36mname[0m=[35mtarget-postgres[0m [36mrun_id[0m=[35m487c6ff2-50b3-4e43-8b5c-f8e31f2ee9d9[0m [36mstate_id[0m=[35m2025-07-08T140043--tap-csv-latest--target-postgres[0m [36mstdio[0m=[35mstderr[0m
[2025-07-08T14:00:46.117+0000] {docker.py:429} INFO - [2m2025-07-08T14:00:46.116233Z[0m [[32m[1minfo     [0m] [1m/opt/meltano/.meltano/loaders/target-postgres/venv/lib/python3.9/site-packages/singer_sdk/plugin_base.py:715: SingerSDKDeprecationWarning: Passing a list of config file paths is deprecated. Please pass the config as a dictionary instead.[0m [36mcmd_type[0m=[35mloader[0m [36mname[0m=[35mtarget-postgres[0m [36mrun_id[0m=[35m487c6ff2-50b3-4e43-8b5c-f8e31f2ee9d9[0m [36mstate_id[0m=[35m2025-07-08T140043--tap-csv-latest--target-postgres[0m [36mstdio[0m=[35mstderr[0m
[2025-07-08T14:00:46.119+0000] {docker.py:429} INFO - [2m2025-07-08T14:00:46.116933Z[0m [[32m[1minfo     [0m] [1m  super().__init__(           [0m [36mcmd_type[0m=[35mloader[0m [36mname[0m=[35mtarget-postgres[0m [36mrun_id[0m=[35m487c6ff2-50b3-4e43-8b5c-f8e31f2ee9d9[0m [36mstate_id[0m=[35m2025-07-08T140043--tap-csv-latest--target-postgres[0m [36mstdio[0m=[35mstderr[0m
[2m2025-07-08T14:00:46.117402Z[0m [[32m[1minfo     [0m] [1m                              [0m [36mcmd_type[0m=[35mloader[0m [36mname[0m=[35mtarget-postgres[0m [36mrun_id[0m=[35m487c6ff2-50b3-4e43-8b5c-f8e31f2ee9d9[0m [36mstate_id[0m=[35m2025-07-08T140043--tap-csv-latest--target-postgres[0m [36mstdio[0m=[35mstderr[0m
[2m2025-07-08T14:00:46.118231Z[0m [[32m[1minfo     [0m] [1mSkipping parse of env var settings...[0m [36mcmd_type[0m=[35mloader[0m [36mname[0m=[35mtarget-postgres[0m [36mrun_id[0m=[35m487c6ff2-50b3-4e43-8b5c-f8e31f2ee9d9[0m [36mstate_id[0m=[35m2025-07-08T140043--tap-csv-latest--target-postgres[0m [36mstdio[0m=[35mstderr[0m
[2025-07-08T14:00:46.121+0000] {docker.py:429} INFO - [2m2025-07-08T14:00:46.118813Z[0m [[32m[1minfo     [0m] [1mTraceback (most recent call last):[0m [36mcmd_type[0m=[35mloader[0m [36mname[0m=[35mtarget-postgres[0m [36mrun_id[0m=[35m487c6ff2-50b3-4e43-8b5c-f8e31f2ee9d9[0m [36mstate_id[0m=[35m2025-07-08T140043--tap-csv-latest--target-postgres[0m [36mstdio[0m=[35mstderr[0m
[2025-07-08T14:00:46.122+0000] {docker.py:429} INFO - [2m2025-07-08T14:00:46.119555Z[0m [[32m[1minfo     [0m] [1m  File "/opt/meltano/.meltano/loaders/target-postgres/venv/bin/target-postgres", line 8, in <module>[0m [36mcmd_type[0m=[35mloader[0m [36mname[0m=[35mtarget-postgres[0m [36mrun_id[0m=[35m487c6ff2-50b3-4e43-8b5c-f8e31f2ee9d9[0m [36mstate_id[0m=[35m2025-07-08T140043--tap-csv-latest--target-postgres[0m [36mstdio[0m=[35mstderr[0m
[2025-07-08T14:00:46.123+0000] {docker.py:429} INFO - [2m2025-07-08T14:00:46.120686Z[0m [[32m[1minfo     [0m] [1m    sys.exit(TargetPostgres.cli())[0m [36mcmd_type[0m=[35mloader[0m [36mname[0m=[35mtarget-postgres[0m [36mrun_id[0m=[35m487c6ff2-50b3-4e43-8b5c-f8e31f2ee9d9[0m [36mstate_id[0m=[35m2025-07-08T140043--tap-csv-latest--target-postgres[0m [36mstdio[0m=[35mstderr[0m
[2025-07-08T14:00:46.123+0000] {docker.py:429} INFO - [2m2025-07-08T14:00:46.121637Z[0m [[32m[1minfo     [0m] [1m  File "/opt/meltano/.meltano/loaders/target-postgres/venv/lib/python3.9/site-packages/click/core.py", line 1161, in __call__[0m [36mcmd_type[0m=[35mloader[0m [36mname[0m=[35mtarget-postgres[0m [36mrun_id[0m=[35m487c6ff2-50b3-4e43-8b5c-f8e31f2ee9d9[0m [36mstate_id[0m=[35m2025-07-08T140043--tap-csv-latest--target-postgres[0m [36mstdio[0m=[35mstderr[0m
[2025-07-08T14:00:46.125+0000] {docker.py:429} INFO - [2m2025-07-08T14:00:46.123837Z[0m [[32m[1minfo     [0m] [1m    return self.main(*args, **kwargs)[0m [36mcmd_type[0m=[35mloader[0m [36mname[0m=[35mtarget-postgres[0m [36mrun_id[0m=[35m487c6ff2-50b3-4e43-8b5c-f8e31f2ee9d9[0m [36mstate_id[0m=[35m2025-07-08T140043--tap-csv-latest--target-postgres[0m [36mstdio[0m=[35mstderr[0m
[2025-07-08T14:00:46.126+0000] {docker.py:429} INFO - [2m2025-07-08T14:00:46.124818Z[0m [[32m[1minfo     [0m] [1m  File "/opt/meltano/.meltano/loaders/target-postgres/venv/lib/python3.9/site-packages/click/core.py", line 1082, in main[0m [36mcmd_type[0m=[35mloader[0m [36mname[0m=[35mtarget-postgres[0m [36mrun_id[0m=[35m487c6ff2-50b3-4e43-8b5c-f8e31f2ee9d9[0m [36mstate_id[0m=[35m2025-07-08T140043--tap-csv-latest--target-postgres[0m [36mstdio[0m=[35mstderr[0m
[2025-07-08T14:00:46.126+0000] {docker.py:429} INFO - [2m2025-07-08T14:00:46.126039Z[0m [[32m[1minfo     [0m] [1m    rv = self.invoke(ctx)     [0m [36mcmd_type[0m=[35mloader[0m [36mname[0m=[35mtarget-postgres[0m [36mrun_id[0m=[35m487c6ff2-50b3-4e43-8b5c-f8e31f2ee9d9[0m [36mstate_id[0m=[35m2025-07-08T140043--tap-csv-latest--target-postgres[0m [36mstdio[0m=[35mstderr[0m
[2025-07-08T14:00:46.127+0000] {docker.py:429} INFO - [2m2025-07-08T14:00:46.126877Z[0m [[32m[1minfo     [0m] [1m  File "/opt/meltano/.meltano/loaders/target-postgres/venv/lib/python3.9/site-packages/singer_sdk/plugin_base.py", line 98, in invoke[0m [36mcmd_type[0m=[35mloader[0m [36mname[0m=[35mtarget-postgres[0m [36mrun_id[0m=[35m487c6ff2-50b3-4e43-8b5c-f8e31f2ee9d9[0m [36mstate_id[0m=[35m2025-07-08T140043--tap-csv-latest--target-postgres[0m [36mstdio[0m=[35mstderr[0m
[2025-07-08T14:00:46.129+0000] {docker.py:429} INFO - [2m2025-07-08T14:00:46.128264Z[0m [[32m[1minfo     [0m] [1m    return super().invoke(ctx)[0m [36mcmd_type[0m=[35mloader[0m [36mname[0m=[35mtarget-postgres[0m [36mrun_id[0m=[35m487c6ff2-50b3-4e43-8b5c-f8e31f2ee9d9[0m [36mstate_id[0m=[35m2025-07-08T140043--tap-csv-latest--target-postgres[0m [36mstdio[0m=[35mstderr[0m
[2025-07-08T14:00:46.129+0000] {docker.py:429} INFO - [2m2025-07-08T14:00:46.128836Z[0m [[32m[1minfo     [0m] [1m  File "/opt/meltano/.meltano/loaders/target-postgres/venv/lib/python3.9/site-packages/click/core.py", line 1443, in invoke[0m [36mcmd_type[0m=[35mloader[0m [36mname[0m=[35mtarget-postgres[0m [36mrun_id[0m=[35m487c6ff2-50b3-4e43-8b5c-f8e31f2ee9d9[0m [36mstate_id[0m=[35m2025-07-08T140043--tap-csv-latest--target-postgres[0m [36mstdio[0m=[35mstderr[0m
[2025-07-08T14:00:46.131+0000] {docker.py:429} INFO - [2m2025-07-08T14:00:46.130277Z[0m [[32m[1minfo     [0m] [1m    return ctx.invoke(self.callback, **ctx.params)[0m [36mcmd_type[0m=[35mloader[0m [36mname[0m=[35mtarget-postgres[0m [36mrun_id[0m=[35m487c6ff2-50b3-4e43-8b5c-f8e31f2ee9d9[0m [36mstate_id[0m=[35m2025-07-08T140043--tap-csv-latest--target-postgres[0m [36mstdio[0m=[35mstderr[0m
[2025-07-08T14:00:46.131+0000] {docker.py:429} INFO - [2m2025-07-08T14:00:46.130752Z[0m [[32m[1minfo     [0m] [1m  File "/opt/meltano/.meltano/loaders/target-postgres/venv/lib/python3.9/site-packages/click/core.py", line 788, in invoke[0m [36mcmd_type[0m=[35mloader[0m [36mname[0m=[35mtarget-postgres[0m [36mrun_id[0m=[35m487c6ff2-50b3-4e43-8b5c-f8e31f2ee9d9[0m [36mstate_id[0m=[35m2025-07-08T140043--tap-csv-latest--target-postgres[0m [36mstdio[0m=[35mstderr[0m
[2025-07-08T14:00:46.132+0000] {docker.py:429} INFO - [2m2025-07-08T14:00:46.131805Z[0m [[32m[1minfo     [0m] [1m    return __callback(*args, **kwargs)[0m [36mcmd_type[0m=[35mloader[0m [36mname[0m=[35mtarget-postgres[0m [36mrun_id[0m=[35m487c6ff2-50b3-4e43-8b5c-f8e31f2ee9d9[0m [36mstate_id[0m=[35m2025-07-08T140043--tap-csv-latest--target-postgres[0m [36mstdio[0m=[35mstderr[0m
[2025-07-08T14:00:46.133+0000] {docker.py:429} INFO - [2m2025-07-08T14:00:46.132401Z[0m [[32m[1minfo     [0m] [1m  File "/opt/meltano/.meltano/loaders/target-postgres/venv/lib/python3.9/site-packages/singer_sdk/target_base.py", line 583, in invoke[0m [36mcmd_type[0m=[35mloader[0m [36mname[0m=[35mtarget-postgres[0m [36mrun_id[0m=[35m487c6ff2-50b3-4e43-8b5c-f8e31f2ee9d9[0m [36mstate_id[0m=[35m2025-07-08T140043--tap-csv-latest--target-postgres[0m [36mstdio[0m=[35mstderr[0m
[2025-07-08T14:00:46.135+0000] {docker.py:429} INFO - [2m2025-07-08T14:00:46.133344Z[0m [[32m[1minfo     [0m] [1m    target = cls(             [0m [36mcmd_type[0m=[35mloader[0m [36mname[0m=[35mtarget-postgres[0m [36mrun_id[0m=[35m487c6ff2-50b3-4e43-8b5c-f8e31f2ee9d9[0m [36mstate_id[0m=[35m2025-07-08T140043--tap-csv-latest--target-postgres[0m [36mstdio[0m=[35mstderr[0m
[2m2025-07-08T14:00:46.134107Z[0m [[32m[1minfo     [0m] [1m  File "/opt/meltano/.meltano/loaders/target-postgres/venv/lib/python3.9/site-packages/target_postgres/target.py", line 62, in __init__[0m [36mcmd_type[0m=[35mloader[0m [36mname[0m=[35mtarget-postgres[0m [36mrun_id[0m=[35m487c6ff2-50b3-4e43-8b5c-f8e31f2ee9d9[0m [36mstate_id[0m=[35m2025-07-08T140043--tap-csv-latest--target-postgres[0m [36mstdio[0m=[35mstderr[0m
[2025-07-08T14:00:46.136+0000] {docker.py:429} INFO - [2m2025-07-08T14:00:46.134731Z[0m [[32m[1minfo     [0m] [1m    assert (self.config.get("sqlalchemy_url") is not None) or ([0m [36mcmd_type[0m=[35mloader[0m [36mname[0m=[35mtarget-postgres[0m [36mrun_id[0m=[35m487c6ff2-50b3-4e43-8b5c-f8e31f2ee9d9[0m [36mstate_id[0m=[35m2025-07-08T140043--tap-csv-latest--target-postgres[0m [36mstdio[0m=[35mstderr[0m
[2025-07-08T14:00:46.136+0000] {docker.py:429} INFO - [2m2025-07-08T14:00:46.135432Z[0m [[32m[1minfo     [0m] [1mAssertionError: Need either the sqlalchemy_url to be set or host, port, user, password, and dialect+driver to be set[0m [36mcmd_type[0m=[35mloader[0m [36mname[0m=[35mtarget-postgres[0m [36mrun_id[0m=[35m487c6ff2-50b3-4e43-8b5c-f8e31f2ee9d9[0m [36mstate_id[0m=[35m2025-07-08T140043--tap-csv-latest--target-postgres[0m [36mstdio[0m=[35mstderr[0m
[2025-07-08T14:00:46.195+0000] {docker.py:429} INFO - [2m2025-07-08T14:00:46.194204Z[0m [[32m[1minfo     [0m] [1mMETRIC: {"type": "timer", "metric": "sync_duration", "value": 0.33359599113464355, "tags": {"stream": "order_details", "pid": 176, "context": {}, "status": "succeeded"}}[0m [36mcmd_type[0m=[35mextractor[0m [36mname[0m=[35mtap-csv-latest[0m [36mrun_id[0m=[35m487c6ff2-50b3-4e43-8b5c-f8e31f2ee9d9[0m [36mstate_id[0m=[35m2025-07-08T140043--tap-csv-latest--target-postgres[0m [36mstdio[0m=[35mstderr[0m
[2025-07-08T14:00:46.196+0000] {docker.py:429} INFO - [2m2025-07-08T14:00:46.194761Z[0m [[32m[1minfo     [0m] [1mMETRIC: {"type": "counter", "metric": "record_count", "value": 2155, "tags": {"stream": "order_details", "pid": 176, "context": {}}}[0m [36mcmd_type[0m=[35mextractor[0m [36mname[0m=[35mtap-csv-latest[0m [36mrun_id[0m=[35m487c6ff2-50b3-4e43-8b5c-f8e31f2ee9d9[0m [36mstate_id[0m=[35m2025-07-08T140043--tap-csv-latest--target-postgres[0m [36mstdio[0m=[35mstderr[0m
[2025-07-08T14:00:46.196+0000] {docker.py:429} INFO - [2m2025-07-08T14:00:46.195354Z[0m [[32m[1minfo     [0m] [1mBeginning full_table sync of 'public-categories'...[0m [36mcmd_type[0m=[35mextractor[0m [36mname[0m=[35mtap-csv-latest[0m [36mrun_id[0m=[35m487c6ff2-50b3-4e43-8b5c-f8e31f2ee9d9[0m [36mstate_id[0m=[35m2025-07-08T140043--tap-csv-latest--target-postgres[0m [36mstdio[0m=[35mstderr[0m
[2025-07-08T14:00:46.197+0000] {docker.py:429} INFO - [2m2025-07-08T14:00:46.196032Z[0m [[32m[1minfo     [0m] [1mTap has custom mapper. Using 1 provided map(s).[0m [36mcmd_type[0m=[35mextractor[0m [36mname[0m=[35mtap-csv-latest[0m [36mrun_id[0m=[35m487c6ff2-50b3-4e43-8b5c-f8e31f2ee9d9[0m [36mstate_id[0m=[35m2025-07-08T140043--tap-csv-latest--target-postgres[0m [36mstdio[0m=[35mstderr[0m
[2025-07-08T14:00:46.197+0000] {docker.py:429} INFO - [2m2025-07-08T14:00:46.196802Z[0m [[32m[1minfo     [0m] [1mMETRIC: {"type": "timer", "metric": "sync_duration", "value": 0.0014605522155761719, "tags": {"stream": "public-categories", "pid": 176, "context": {}, "status": "succeeded"}}[0m [36mcmd_type[0m=[35mextractor[0m [36mname[0m=[35mtap-csv-latest[0m [36mrun_id[0m=[35m487c6ff2-50b3-4e43-8b5c-f8e31f2ee9d9[0m [36mstate_id[0m=[35m2025-07-08T140043--tap-csv-latest--target-postgres[0m [36mstdio[0m=[35mstderr[0m
[2025-07-08T14:00:46.198+0000] {docker.py:429} INFO - [2m2025-07-08T14:00:46.197549Z[0m [[32m[1minfo     [0m] [1mMETRIC: {"type": "counter", "metric": "record_count", "value": 8, "tags": {"stream": "public-categories", "pid": 176, "context": {}}}[0m [36mcmd_type[0m=[35mextractor[0m [36mname[0m=[35mtap-csv-latest[0m [36mrun_id[0m=[35m487c6ff2-50b3-4e43-8b5c-f8e31f2ee9d9[0m [36mstate_id[0m=[35m2025-07-08T140043--tap-csv-latest--target-postgres[0m [36mstdio[0m=[35mstderr[0m
[2025-07-08T14:00:46.201+0000] {docker.py:429} INFO - [2m2025-07-08T14:00:46.199589Z[0m [[32m[1minfo     [0m] [1mBeginning full_table sync of 'public-customers'...[0m [36mcmd_type[0m=[35mextractor[0m [36mname[0m=[35mtap-csv-latest[0m [36mrun_id[0m=[35m487c6ff2-50b3-4e43-8b5c-f8e31f2ee9d9[0m [36mstate_id[0m=[35m2025-07-08T140043--tap-csv-latest--target-postgres[0m [36mstdio[0m=[35mstderr[0m
[2025-07-08T14:00:46.202+0000] {docker.py:429} INFO - [2m2025-07-08T14:00:46.200262Z[0m [[32m[1minfo     [0m] [1mTap has custom mapper. Using 1 provided map(s).[0m [36mcmd_type[0m=[35mextractor[0m [36mname[0m=[35mtap-csv-latest[0m [36mrun_id[0m=[35m487c6ff2-50b3-4e43-8b5c-f8e31f2ee9d9[0m [36mstate_id[0m=[35m2025-07-08T140043--tap-csv-latest--target-postgres[0m [36mstdio[0m=[35mstderr[0m
[2025-07-08T14:00:46.226+0000] {docker.py:429} INFO - [2m2025-07-08T14:00:46.224779Z[0m [[32m[1minfo     [0m] [1mMETRIC: {"type": "timer", "metric": "sync_duration", "value": 0.026166677474975586, "tags": {"stream": "public-customers", "pid": 176, "context": {}, "status": "succeeded"}}[0m [36mcmd_type[0m=[35mextractor[0m [36mname[0m=[35mtap-csv-latest[0m [36mrun_id[0m=[35m487c6ff2-50b3-4e43-8b5c-f8e31f2ee9d9[0m [36mstate_id[0m=[35m2025-07-08T140043--tap-csv-latest--target-postgres[0m [36mstdio[0m=[35mstderr[0m
[2025-07-08T14:00:46.227+0000] {docker.py:429} INFO - [2m2025-07-08T14:00:46.225781Z[0m [[32m[1minfo     [0m] [1mMETRIC: {"type": "counter", "metric": "record_count", "value": 91, "tags": {"stream": "public-customers", "pid": 176, "context": {}}}[0m [36mcmd_type[0m=[35mextractor[0m [36mname[0m=[35mtap-csv-latest[0m [36mrun_id[0m=[35m487c6ff2-50b3-4e43-8b5c-f8e31f2ee9d9[0m [36mstate_id[0m=[35m2025-07-08T140043--tap-csv-latest--target-postgres[0m [36mstdio[0m=[35mstderr[0m
[2025-07-08T14:00:46.228+0000] {docker.py:429} INFO - [2m2025-07-08T14:00:46.226583Z[0m [[32m[1minfo     [0m] [1mBeginning full_table sync of 'public-employee_territories'...[0m [36mcmd_type[0m=[35mextractor[0m [36mname[0m=[35mtap-csv-latest[0m [36mrun_id[0m=[35m487c6ff2-50b3-4e43-8b5c-f8e31f2ee9d9[0m [36mstate_id[0m=[35m2025-07-08T140043--tap-csv-latest--target-postgres[0m [36mstdio[0m=[35mstderr[0m
[2025-07-08T14:00:46.228+0000] {docker.py:429} INFO - [2m2025-07-08T14:00:46.227406Z[0m [[32m[1minfo     [0m] [1mTap has custom mapper. Using 1 provided map(s).[0m [36mcmd_type[0m=[35mextractor[0m [36mname[0m=[35mtap-csv-latest[0m [36mrun_id[0m=[35m487c6ff2-50b3-4e43-8b5c-f8e31f2ee9d9[0m [36mstate_id[0m=[35m2025-07-08T140043--tap-csv-latest--target-postgres[0m [36mstdio[0m=[35mstderr[0m
[2025-07-08T14:00:46.239+0000] {docker.py:429} INFO - [2m2025-07-08T14:00:46.237988Z[0m [[32m[1minfo     [0m] [1mMETRIC: {"type": "timer", "metric": "sync_duration", "value": 0.011483430862426758, "tags": {"stream": "public-employee_territories", "pid": 176, "context": {}, "status": "succeeded"}}[0m [36mcmd_type[0m=[35mextractor[0m [36mname[0m=[35mtap-csv-latest[0m [36mrun_id[0m=[35m487c6ff2-50b3-4e43-8b5c-f8e31f2ee9d9[0m [36mstate_id[0m=[35m2025-07-08T140043--tap-csv-latest--target-postgres[0m [36mstdio[0m=[35mstderr[0m
[2025-07-08T14:00:46.240+0000] {docker.py:429} INFO - [2m2025-07-08T14:00:46.238923Z[0m [[32m[1minfo     [0m] [1mMETRIC: {"type": "counter", "metric": "record_count", "value": 49, "tags": {"stream": "public-employee_territories", "pid": 176, "context": {}}}[0m [36mcmd_type[0m=[35mextractor[0m [36mname[0m=[35mtap-csv-latest[0m [36mrun_id[0m=[35m487c6ff2-50b3-4e43-8b5c-f8e31f2ee9d9[0m [36mstate_id[0m=[35m2025-07-08T140043--tap-csv-latest--target-postgres[0m [36mstdio[0m=[35mstderr[0m
[2025-07-08T14:00:46.241+0000] {docker.py:429} INFO - [2m2025-07-08T14:00:46.239745Z[0m [[32m[1minfo     [0m] [1mBeginning full_table sync of 'public-employees'...[0m [36mcmd_type[0m=[35mextractor[0m [36mname[0m=[35mtap-csv-latest[0m [36mrun_id[0m=[35m487c6ff2-50b3-4e43-8b5c-f8e31f2ee9d9[0m [36mstate_id[0m=[35m2025-07-08T140043--tap-csv-latest--target-postgres[0m [36mstdio[0m=[35mstderr[0m
[2025-07-08T14:00:46.242+0000] {docker.py:429} INFO - [2m2025-07-08T14:00:46.240621Z[0m [[32m[1minfo     [0m] [1mTap has custom mapper. Using 1 provided map(s).[0m [36mcmd_type[0m=[35mextractor[0m [36mname[0m=[35mtap-csv-latest[0m [36mrun_id[0m=[35m487c6ff2-50b3-4e43-8b5c-f8e31f2ee9d9[0m [36mstate_id[0m=[35m2025-07-08T140043--tap-csv-latest--target-postgres[0m [36mstdio[0m=[35mstderr[0m
[2025-07-08T14:00:46.246+0000] {docker.py:429} INFO - [2m2025-07-08T14:00:46.244883Z[0m [[32m[1minfo     [0m] [1mMETRIC: {"type": "timer", "metric": "sync_duration", "value": 0.004006385803222656, "tags": {"stream": "public-employees", "pid": 176, "context": {}, "status": "succeeded"}}[0m [36mcmd_type[0m=[35mextractor[0m [36mname[0m=[35mtap-csv-latest[0m [36mrun_id[0m=[35m487c6ff2-50b3-4e43-8b5c-f8e31f2ee9d9[0m [36mstate_id[0m=[35m2025-07-08T140043--tap-csv-latest--target-postgres[0m [36mstdio[0m=[35mstderr[0m
[2025-07-08T14:00:46.247+0000] {docker.py:429} INFO - [2m2025-07-08T14:00:46.245910Z[0m [[32m[1minfo     [0m] [1mMETRIC: {"type": "counter", "metric": "record_count", "value": 9, "tags": {"stream": "public-employees", "pid": 176, "context": {}}}[0m [36mcmd_type[0m=[35mextractor[0m [36mname[0m=[35mtap-csv-latest[0m [36mrun_id[0m=[35m487c6ff2-50b3-4e43-8b5c-f8e31f2ee9d9[0m [36mstate_id[0m=[35m2025-07-08T140043--tap-csv-latest--target-postgres[0m [36mstdio[0m=[35mstderr[0m
[2025-07-08T14:00:46.248+0000] {docker.py:429} INFO - [2m2025-07-08T14:00:46.247502Z[0m [[32m[1minfo     [0m] [1mBeginning full_table sync of 'public-orders'...[0m [36mcmd_type[0m=[35mextractor[0m [36mname[0m=[35mtap-csv-latest[0m [36mrun_id[0m=[35m487c6ff2-50b3-4e43-8b5c-f8e31f2ee9d9[0m [36mstate_id[0m=[35m2025-07-08T140043--tap-csv-latest--target-postgres[0m [36mstdio[0m=[35mstderr[0m
[2025-07-08T14:00:46.250+0000] {docker.py:429} INFO - [2m2025-07-08T14:00:46.248737Z[0m [[32m[1minfo     [0m] [1mTap has custom mapper. Using 1 provided map(s).[0m [36mcmd_type[0m=[35mextractor[0m [36mname[0m=[35mtap-csv-latest[0m [36mrun_id[0m=[35m487c6ff2-50b3-4e43-8b5c-f8e31f2ee9d9[0m [36mstate_id[0m=[35m2025-07-08T140043--tap-csv-latest--target-postgres[0m [36mstdio[0m=[35mstderr[0m
[2025-07-08T14:00:46.746+0000] {docker.py:429} INFO - [2m2025-07-08T14:00:46.287002Z[0m [[31m[1merror    [0m] [1m                              [0m
[31mâ•­â”€[0m[31mâ”€â”€â”€â”€â”€â”€â”€â”€â”€â”€â”€â”€â”€â”€â”€â”€â”€â”€â”€â”€[0m[31m [0m[1;31mTraceback [0m[1;2;31m(most recent call last)[0m[31m [0m[31mâ”€â”€â”€â”€â”€â”€â”€â”€â”€â”€â”€â”€â”€â”€â”€â”€â”€â”€â”€â”€â”€[0m[31mâ”€â•®[0m
[31mâ”‚[0m [2m/venv/lib/python3.9/site-packages/meltano/core/logging/[0m[1moutput_logger.py[0m:217  [31mâ”‚[0m
[31mâ”‚[0m in redirect_logging                                                          [31mâ”‚[0m
[31mâ”‚[0m                                                                              [31mâ”‚[0m
[31mâ”‚[0m   [2m214 [0m[2mâ”‚   â”‚   â”‚   [0m*ignore_errors,                                            [31mâ”‚[0m
[31mâ”‚[0m   [2m215 [0m[2mâ”‚   â”‚   [0m)                                                              [31mâ”‚[0m
[31mâ”‚[0m   [2m216 [0m[2mâ”‚   â”‚   [0m[94mtry[0m:                                                           [31mâ”‚[0m
[31mâ”‚[0m [31mâ± [0m217 [2mâ”‚   â”‚   â”‚   [0m[94myield[0m                                                      [31mâ”‚[0m
[31mâ”‚[0m   [2m218 [0m[2mâ”‚   â”‚   [0m[94mexcept[0m ignored_errors:                                         [31mâ”‚[0m
[31mâ”‚[0m   [2m219 [0m[2mâ”‚   â”‚   â”‚   [0m[94mraise[0m                                                      [31mâ”‚[0m
[31mâ”‚[0m   [2m220 [0m[2mâ”‚   â”‚   [0m[94mexcept[0m RunnerError [94mas[0m err:                                     [31mâ”‚[0m
[31mâ”‚[0m                                                                              [31mâ”‚[0m
[31mâ”‚[0m [2m/venv/lib/python3.9/site-packages/meltano/cli/[0m[1melt.py[0m:475 in _redirect_output [31mâ”‚[0m
[31mâ”‚[0m                                                                              [31mâ”‚[0m
[31mâ”‚[0m   [2m472 [0m[2mâ”‚   [0m[94mwith[0m meltano_stdout.redirect_logging(ignore_errors=(CliError,)):   [31mâ”‚[0m
[31mâ”‚[0m   [2m473 [0m[2mâ”‚   â”‚   [0m[94masync[0m [94mwith[0m meltano_stdout.redirect_stdout(), meltano_stderr.re [31mâ”‚[0m
[31mâ”‚[0m   [2m474 [0m[2mâ”‚   â”‚   â”‚   [0m[94mtry[0m:                                                       [31mâ”‚[0m
[31mâ”‚[0m [31mâ± [0m475 [2mâ”‚   â”‚   â”‚   â”‚   [0m[94myield[0m                                                  [31mâ”‚[0m
[31mâ”‚[0m   [2m476 [0m[2mâ”‚   â”‚   â”‚   [0m[94mexcept[0m CliError [94mas[0m err:                                    [31mâ”‚[0m
[31mâ”‚[0m   [2m477 [0m[2mâ”‚   â”‚   â”‚   â”‚   [0merr.print()                                            [31mâ”‚[0m
[31mâ”‚[0m   [2m478 [0m[2mâ”‚   â”‚   â”‚   â”‚   [0m[94mraise[0m                                                  [31mâ”‚[0m
[31mâ”‚[0m                                                                              [31mâ”‚[0m
[31mâ”‚[0m [2m/venv/lib/python3.9/site-packages/meltano/cli/[0m[1melt.py[0m:508 in _run_elt         [31mâ”‚[0m
[31mâ”‚[0m                                                                              [31mâ”‚[0m
[31mâ”‚[0m   [2m505 [0m[2mâ”‚   â”‚   â”‚   [0m[94mif[0m elt_context.only_transform:                             [31mâ”‚[0m
[31mâ”‚[0m   [2m506 [0m[2mâ”‚   â”‚   â”‚   â”‚   [0mlog.info([33m"[0m[33mExtract & load skipped.[0m[33m"[0m)                    [31mâ”‚[0m
[31mâ”‚[0m   [2m507 [0m[2mâ”‚   â”‚   â”‚   [0m[94melse[0m:                                                      [31mâ”‚[0m
[31mâ”‚[0m [31mâ± [0m508 [2mâ”‚   â”‚   â”‚   â”‚   [0m[94mawait[0m _run_extract_load(log, elt_context, output_logge [31mâ”‚[0m
[31mâ”‚[0m   [2m509 [0m[2mâ”‚   â”‚   â”‚   [0m                                                           [31mâ”‚[0m
[31mâ”‚[0m   [2m510 [0m[2mâ”‚   â”‚   â”‚   [0m[94mif[0m elt_context.transformer:                                [31mâ”‚[0m
[31mâ”‚[0m   [2m511 [0m[2mâ”‚   â”‚   â”‚   â”‚   [0mlog.warning(                                           [31mâ”‚[0m
[31mâ”‚[0m                                                                              [31mâ”‚[0m
[31mâ”‚[0m [2m/venv/lib/python3.9/site-packages/meltano/cli/[0m[1melt.py[0m:581 in                  [31mâ”‚[0m
[31mâ”‚[0m _run_extract_load                                                            [31mâ”‚[0m
[31mâ”‚[0m                                                                              [31mâ”‚[0m
[31mâ”‚[0m   [2m578 [0m[2mâ”‚   â”‚   â”‚   [0m[94mwith[0m loader_log.line_writer() [94mas[0m loader_log_writer:        [31mâ”‚[0m
[31mâ”‚[0m   [2m579 [0m[2mâ”‚   â”‚   â”‚   â”‚   [0m[94mwith[0m extractor_out_writer_ctxmgr() [94mas[0m extractor_out_wr [31mâ”‚[0m
[31mâ”‚[0m   [2m580 [0m[2mâ”‚   â”‚   â”‚   â”‚   â”‚   [0m[94mwith[0m loader_out_writer_ctxmgr() [94mas[0m loader_out_writ [31mâ”‚[0m
[31mâ”‚[0m [31mâ± [0m581 [2mâ”‚   â”‚   â”‚   â”‚   â”‚   â”‚   [0m[94mawait[0m singer_runner.run(                       [31mâ”‚[0m
[31mâ”‚[0m   [2m582 [0m[2mâ”‚   â”‚   â”‚   â”‚   â”‚   â”‚   â”‚   [0m**kwargs,                                  [31mâ”‚[0m
[31mâ”‚[0m   [2m583 [0m[2mâ”‚   â”‚   â”‚   â”‚   â”‚   â”‚   â”‚   [0mextractor_log=extractor_log_writer,        [31mâ”‚[0m
[31mâ”‚[0m   [2m584 [0m[2mâ”‚   â”‚   â”‚   â”‚   â”‚   â”‚   â”‚   [0mloader_log=loader_log_writer,              [31mâ”‚[0m
[31mâ”‚[0m                                                                              [31mâ”‚[0m
[31mâ”‚[0m [2m/venv/lib/python3.9/site-packages/meltano/core/runner/[0m[1msinger.py[0m:229 in run   [31mâ”‚[0m
[31mâ”‚[0m                                                                              [31mâ”‚[0m
[31mâ”‚[0m   [2m226 [0m[2mâ”‚   â”‚   â”‚   [0mtap.prepared([96mself[0m.context.session),                        [31mâ”‚[0m
[31mâ”‚[0m   [2m227 [0m[2mâ”‚   â”‚   â”‚   [0mtarget.prepared([96mself[0m.context.session),                     [31mâ”‚[0m
[31mâ”‚[0m   [2m228 [0m[2mâ”‚   â”‚   [0m):                                                             [31mâ”‚[0m
[31mâ”‚[0m [31mâ± [0m229 [2mâ”‚   â”‚   â”‚   [0m[94mawait[0m [96mself[0m.invoke(  [2m# noqa: RET503[0m                         [31mâ”‚[0m
[31mâ”‚[0m   [2m230 [0m[2mâ”‚   â”‚   â”‚   â”‚   [0mtap,                                                   [31mâ”‚[0m
[31mâ”‚[0m   [2m231 [0m[2mâ”‚   â”‚   â”‚   â”‚   [0mtarget,                                                [31mâ”‚[0m
[31mâ”‚[0m   [2m232 [0m[2mâ”‚   â”‚   â”‚   â”‚   [0mextractor_log=extractor_log,                           [31mâ”‚[0m
[31mâ”‚[0m                                                                              [31mâ”‚[0m
[31mâ”‚[0m [2m/venv/lib/python3.9/site-packages/meltano/core/runner/[0m[1msinger.py[0m:148 in       [31mâ”‚[0m
[31mâ”‚[0m invoke                                                                       [31mâ”‚[0m
[31mâ”‚[0m                                                                              [31mâ”‚[0m
[31mâ”‚[0m   [2m145 [0m[2mâ”‚   â”‚   â”‚   â”‚   â”‚   [0m)                                                  [31mâ”‚[0m
[31mâ”‚[0m   [2m146 [0m[2mâ”‚   â”‚   â”‚   â”‚   [0m                                                       [31mâ”‚[0m
[31mâ”‚[0m   [2m147 [0m[2mâ”‚   â”‚   â”‚   â”‚   [0mfailed_future = output_futures_failed.pop()            [31mâ”‚[0m
[31mâ”‚[0m [31mâ± [0m148 [2mâ”‚   â”‚   â”‚   â”‚   [0m[94mraise[0m failed_future.exception()                        [31mâ”‚[0m
[31mâ”‚[0m   [2m149 [0m[2mâ”‚   â”‚   â”‚   [0m                                                           [31mâ”‚[0m
[31mâ”‚[0m   [2m150 [0m[2mâ”‚   â”‚   â”‚   [0m[2m# If all of the output handlers completed without raising [0m [31mâ”‚[0m
[31mâ”‚[0m   [2m151 [0m[2mâ”‚   â”‚   â”‚   [0m[2m# exception, we still need to wait for the tap or target t[0m [31mâ”‚[0m
[31mâ”‚[0m                                                                              [31mâ”‚[0m
[31mâ”‚[0m [2m/venv/lib/python3.9/site-packages/meltano/core/logging/[0m[1mutils.py[0m:305 in       [31mâ”‚[0m
[31mâ”‚[0m capture_subprocess_output                                                    [31mâ”‚[0m
[31mâ”‚[0m                                                                              [31mâ”‚[0m
[31mâ”‚[0m   [2m302 [0m[2mâ”‚   â”‚   â”‚   [0m[94mcontinue[0m                                                   [31mâ”‚[0m
[31mâ”‚[0m   [2m303 [0m[2mâ”‚   â”‚   [0m                                                               [31mâ”‚[0m
[31mâ”‚[0m   [2m304 [0m[2mâ”‚   â”‚   [0m[94mfor[0m writer [95min[0m line_writers:                                    [31mâ”‚[0m
[31mâ”‚[0m [31mâ± [0m305 [2mâ”‚   â”‚   â”‚   [0m[94mif[0m [95mnot[0m [94mawait[0m _write_line_writer(writer, line):             [31mâ”‚[0m
[31mâ”‚[0m   [2m306 [0m[2mâ”‚   â”‚   â”‚   â”‚   [0m[2m# If the destination stream is closed, we can stop cap[0m [31mâ”‚[0m
[31mâ”‚[0m   [2m307 [0m[2mâ”‚   â”‚   â”‚   â”‚   [0m[94mreturn[0m                                                 [31mâ”‚[0m
[31mâ”‚[0m   [2m308 [0m                                                                       [31mâ”‚[0m
[31mâ”‚[0m                                                                              [31mâ”‚[0m
[31mâ”‚[0m [2m/venv/lib/python3.9/site-packages/meltano/core/logging/[0m[1mutils.py[0m:273 in       [31mâ”‚[0m
[31mâ”‚[0m _write_line_writer                                                           [31mâ”‚[0m
[31mâ”‚[0m                                                                              [31mâ”‚[0m
[31mâ”‚[0m   [2m270 [0m[2mâ”‚   â”‚   â”‚   [0mwriter.write(line)                                         [31mâ”‚[0m
[31mâ”‚[0m   [2m271 [0m[2mâ”‚   â”‚   â”‚   [0m[94mawait[0m writer.drain()                                       [31mâ”‚[0m
[31mâ”‚[0m   [2m272 [0m[2mâ”‚   â”‚   [0m[94mexcept[0m ([96mBrokenPipeError[0m, [96mConnectionResetError[0m):                [31mâ”‚[0m
[31mâ”‚[0m [31mâ± [0m273 [2mâ”‚   â”‚   â”‚   [0m[94mawait[0m writer.wait_closed()                                 [31mâ”‚[0m
[31mâ”‚[0m   [2m274 [0m[2mâ”‚   â”‚   â”‚   [0m[94mreturn[0m [94mFalse[0m                                               [31mâ”‚[0m
[31mâ”‚[0m   [2m275 [0m[2mâ”‚   [0m[94melse[0m:                                                              [31mâ”‚[0m
[31mâ”‚[0m   [2m276 [0m[2mâ”‚   â”‚   [0mwriter.writeline(line.decode(errors=[33m"[0m[33mreplace[0m[33m"[0m))                [31mâ”‚[0m
[31mâ”‚[0m                                                                              [31mâ”‚[0m
[31mâ”‚[0m [2m/usr/local/lib/python3.9/asyncio/[0m[1mstreams.py[0m:359 in wait_closed               [31mâ”‚[0m
[31mâ”‚[0m                                                                              [31mâ”‚[0m
[31mâ”‚[0m   [2m356 [0m[2mâ”‚   â”‚   [0m[94mreturn[0m [96mself[0m._transport.is_closing()                            [31mâ”‚[0m
[31mâ”‚[0m   [2m357 [0m[2mâ”‚   [0m                                                                   [31mâ”‚[0m
[31mâ”‚[0m   [2m358 [0m[2mâ”‚   [0m[94masync[0m [94mdef[0m[90m [0m[92mwait_closed[0m([96mself[0m):                                       [31mâ”‚[0m
[31mâ”‚[0m [31mâ± [0m359 [2mâ”‚   â”‚   [0m[94mawait[0m [96mself[0m._protocol._get_close_waiter([96mself[0m)                   [31mâ”‚[0m
[31mâ”‚[0m   [2m360 [0m[2mâ”‚   [0m                                                                   [31mâ”‚[0m
[31mâ”‚[0m   [2m361 [0m[2mâ”‚   [0m[94mdef[0m[90m [0m[92mget_extra_info[0m([96mself[0m, name, default=[94mNone[0m):                      [31mâ”‚[0m
[31mâ”‚[0m   [2m362 [0m[2mâ”‚   â”‚   [0m[94mreturn[0m [96mself[0m._transport.get_extra_info(name, default)           [31mâ”‚[0m
[31mâ”‚[0m                                                                              [31mâ”‚[0m
[31mâ”‚[0m [2m/venv/lib/python3.9/site-packages/meltano/core/logging/[0m[1mutils.py[0m:271 in       [31mâ”‚[0m
[31mâ”‚[0m _write_line_writer                                                           [31mâ”‚[0m
[31mâ”‚[0m                                                                              [31mâ”‚[0m
[31mâ”‚[0m   [2m268 [0m[2mâ”‚   [0m[94mif[0m [96misinstance[0m(writer, asyncio.StreamWriter):                       [31mâ”‚[0m
[31mâ”‚[0m   [2m269 [0m[2mâ”‚   â”‚   [0m[94mtry[0m:                                                           [31mâ”‚[0m
[31mâ”‚[0m   [2m270 [0m[2mâ”‚   â”‚   â”‚   [0mwriter.write(line)                                         [31mâ”‚[0m
[31mâ”‚[0m [31mâ± [0m271 [2mâ”‚   â”‚   â”‚   [0m[94mawait[0m writer.drain()                                       [31mâ”‚[0m
[31mâ”‚[0m   [2m272 [0m[2mâ”‚   â”‚   [0m[94mexcept[0m ([96mBrokenPipeError[0m, [96mConnectionResetError[0m):                [31mâ”‚[0m
[31mâ”‚[0m   [2m273 [0m[2mâ”‚   â”‚   â”‚   [0m[94mawait[0m writer.wait_closed()                                 [31mâ”‚[0m
[31mâ”‚[0m   [2m274 [0m[2mâ”‚   â”‚   â”‚   [0m[94mreturn[0m [94mFalse[0m                                               [31mâ”‚[0m
[31mâ”‚[0m                                                                              [31mâ”‚[0m
[31mâ”‚[0m [2m/usr/local/lib/python3.9/asyncio/[0m[1mstreams.py[0m:387 in drain                     [31mâ”‚[0m
[31mâ”‚[0m                                                                              [31mâ”‚[0m
[31mâ”‚[0m   [2m384 [0m[2mâ”‚   â”‚   â”‚   [0m[2m# in a loop would never call connection_lost(), so it[0m      [31mâ”‚[0m
[31mâ”‚[0m   [2m385 [0m[2mâ”‚   â”‚   â”‚   [0m[2m# would not see an error when the socket is closed.[0m        [31mâ”‚[0m
[31mâ”‚[0m   [2m386 [0m[2mâ”‚   â”‚   â”‚   [0m[94mawait[0m sleep([94m0[0m)                                             [31mâ”‚[0m
[31mâ”‚[0m [31mâ± [0m387 [2mâ”‚   â”‚   [0m[94mawait[0m [96mself[0m._protocol._drain_helper()                           [31mâ”‚[0m
[31mâ”‚[0m   [2m388 [0m                                                                       [31mâ”‚[0m
[31mâ”‚[0m   [2m389 [0m                                                                       [31mâ”‚[0m
[31mâ”‚[0m   [2m390 [0m[94mclass[0m[90m [0m[4;92mStreamReader[0m:                                                    [31mâ”‚[0m
[31mâ”‚[0m                                                                              [31mâ”‚[0m
[31mâ”‚[0m [2m/usr/local/lib/python3.9/asyncio/[0m[1mstreams.py[0m:197 in _drain_helper             [31mâ”‚[0m
[31mâ”‚[0m                                                                              [31mâ”‚[0m
[31mâ”‚[0m   [2m194 [0m[2mâ”‚   â”‚   [0m[94massert[0m waiter [95mis[0m [94mNone[0m [95mor[0m waiter.cancelled()                    [31mâ”‚[0m
[31mâ”‚[0m   [2m195 [0m[2mâ”‚   â”‚   [0mwaiter = [96mself[0m._loop.create_future()                            [31mâ”‚[0m
[31mâ”‚[0m   [2m196 [0m[2mâ”‚   â”‚   [0m[96mself[0m._drain_waiter = waiter                                    [31mâ”‚[0m
[31mâ”‚[0m [31mâ± [0m197 [2mâ”‚   â”‚   [0m[94mawait[0m waiter                                                   [31mâ”‚[0m
[31mâ”‚[0m   [2m198 [0m[2mâ”‚   [0m                                                                   [31mâ”‚[0m
[31mâ”‚[0m   [2m199 [0m[2mâ”‚   [0m[94mdef[0m[90m [0m[92m_get_close_waiter[0m([96mself[0m, stream):                               [31mâ”‚[0m
[31mâ”‚[0m   [2m200 [0m[2mâ”‚   â”‚   [0m[94mraise[0m [96mNotImplementedError[0m                                      [31mâ”‚[0m
[31mâ•°â”€â”€â”€â”€â”€â”€â”€â”€â”€â”€â”€â”€â”€â”€â”€â”€â”€â”€â”€â”€â”€â”€â”€â”€â”€â”€â”€â”€â”€â”€â”€â”€â”€â”€â”€â”€â”€â”€â”€â”€â”€â”€â”€â”€â”€â”€â”€â”€â”€â”€â”€â”€â”€â”€â”€â”€â”€â”€â”€â”€â”€â”€â”€â”€â”€â”€â”€â”€â”€â”€â”€â”€â”€â”€â”€â”€â”€â”€â•¯[0m
[1;91mBrokenPipeError[0m
[2025-07-08T14:00:46.766+0000] {docker.py:429} INFO - Need help fixing this problem? Visit http://melta.no/ for troubleshooting steps, or to
join our friendly Slack community.
[2025-07-08T14:00:48.949+0000] {taskinstance.py:2698} ERROR - Task failed with exception
Traceback (most recent call last):
  File "/home/airflow/.local/lib/python3.10/site-packages/airflow/models/taskinstance.py", line 433, in _execute_task
    result = execute_callable(context=context, **execute_callable_kwargs)
  File "/home/airflow/.local/lib/python3.10/site-packages/airflow/providers/docker/operators/docker.py", line 502, in execute
    return self._run_image()
  File "/home/airflow/.local/lib/python3.10/site-packages/airflow/providers/docker/operators/docker.py", line 376, in _run_image
    return self._run_image_with_mounts(self.mounts, add_tmp_variable=False)
  File "/home/airflow/.local/lib/python3.10/site-packages/airflow/providers/docker/operators/docker.py", line 437, in _run_image_with_mounts
    raise DockerContainerFailedException(f"Docker container failed: {result!r}", logs=log_lines)
airflow.providers.docker.exceptions.DockerContainerFailedException: Docker container failed: {'StatusCode': 1}
[2025-07-08T14:00:48.961+0000] {taskinstance.py:1138} INFO - Marking task as UP_FOR_RETRY. dag_id=northwind, task_id=carregamento_postgres, execution_date=20250708T135835, start_date=20250708T140020, end_date=20250708T140048
[2025-07-08T14:00:49.001+0000] {standard_task_runner.py:107} ERROR - Failed to execute job 42 for task carregamento_postgres (Docker container failed: {'StatusCode': 1}; 246)
[2025-07-08T14:00:49.058+0000] {local_task_job_runner.py:234} INFO - Task exited with return code 1
[2025-07-08T14:00:49.112+0000] {taskinstance.py:3280} INFO - 0 downstream tasks scheduled from follow-on schedule check
