[2025-07-09T22:13:17.495+0000] {taskinstance.py:1956} INFO - Dependencies all met for dep_context=non-requeueable deps ti=<TaskInstance: northwind.gerar_config_csv_dinamica manual__2025-07-09T22:12:17.665755+00:00 [queued]>
[2025-07-09T22:13:17.503+0000] {taskinstance.py:1956} INFO - Dependencies all met for dep_context=requeueable deps ti=<TaskInstance: northwind.gerar_config_csv_dinamica manual__2025-07-09T22:12:17.665755+00:00 [queued]>
[2025-07-09T22:13:17.503+0000] {taskinstance.py:2170} INFO - Starting attempt 1 of 2
[2025-07-09T22:13:17.515+0000] {taskinstance.py:2191} INFO - Executing <Task(DockerOperator): gerar_config_csv_dinamica> on 2025-07-09 22:12:17.665755+00:00
[2025-07-09T22:13:17.519+0000] {standard_task_runner.py:60} INFO - Started process 199 to run task
[2025-07-09T22:13:17.522+0000] {standard_task_runner.py:87} INFO - Running: ['***', 'tasks', 'run', 'northwind', 'gerar_config_csv_dinamica', 'manual__2025-07-09T22:12:17.665755+00:00', '--job-id', '4', '--raw', '--subdir', 'DAGS_FOLDER/northwind.py', '--cfg-path', '/tmp/tmpb14e0qna']
[2025-07-09T22:13:17.525+0000] {standard_task_runner.py:88} INFO - Job 4: Subtask gerar_config_csv_dinamica
[2025-07-09T22:13:17.571+0000] {task_command.py:423} INFO - Running <TaskInstance: northwind.gerar_config_csv_dinamica manual__2025-07-09T22:12:17.665755+00:00 [running]> on host 04cd80d3d07e
[2025-07-09T22:13:17.642+0000] {taskinstance.py:2480} INFO - Exporting env vars: AIRFLOW_CTX_DAG_EMAIL='lrbf@cin.ufpe.br' AIRFLOW_CTX_DAG_OWNER='***' AIRFLOW_CTX_DAG_ID='northwind' AIRFLOW_CTX_TASK_ID='gerar_config_csv_dinamica' AIRFLOW_CTX_EXECUTION_DATE='2025-07-09T22:12:17.665755+00:00' AIRFLOW_CTX_TRY_NUMBER='1' AIRFLOW_CTX_DAG_RUN_ID='manual__2025-07-09T22:12:17.665755+00:00'
[2025-07-09T22:13:17.696+0000] {docker.py:359} INFO - Starting docker container from image meltano:latest
[2025-07-09T22:13:17.963+0000] {docker.py:429} INFO - Running meltano install...
[2025-07-09T22:13:19.178+0000] {docker.py:429} INFO - [2m2025-07-09T22:13:19.177558Z[0m [[32m[1minfo     [0m] [1mInstalling 7 plugins          [0m
[2025-07-09T22:13:19.195+0000] {docker.py:429} INFO - [2m2025-07-09T22:13:19.194898Z[0m [[32m[1minfo     [0m] [1mInstalling extractor 'tap-postgres'[0m
[2025-07-09T22:13:19.224+0000] {docker.py:429} INFO - [2m2025-07-09T22:13:19.223388Z[0m [[32m[1minfo     [0m] [1mInstalling extractor 'tap-csv'[0m
[2025-07-09T22:13:19.245+0000] {docker.py:429} INFO - [2m2025-07-09T22:13:19.244338Z[0m [[32m[1minfo     [0m] [1mInstalling extractor 'tap-csv-latest'[0m
[2025-07-09T22:13:19.273+0000] {docker.py:429} INFO - [2m2025-07-09T22:13:19.272218Z[0m [[32m[1minfo     [0m] [1mInstalling loader 'target-postgres'[0m
[2025-07-09T22:13:19.306+0000] {docker.py:429} INFO - [2m2025-07-09T22:13:19.305610Z[0m [[32m[1minfo     [0m] [1mInstalling loader 'target-csv'[0m
[2025-07-09T22:13:19.338+0000] {docker.py:429} INFO - [2m2025-07-09T22:13:19.337796Z[0m [[32m[1minfo     [0m] [1mInstalling loader 'target-csv-postgres'[0m
[2025-07-09T22:13:19.379+0000] {docker.py:429} INFO - [2m2025-07-09T22:13:19.373522Z[0m [[32m[1minfo     [0m] [1mInstalling loader 'target-csv-csv'[0m
[2025-07-09T22:13:20.978+0000] {docker.py:429} INFO - [2m2025-07-09T22:13:20.977006Z[0m [[32m[1minfo     [0m] [1mInstalled extractor 'tap-postgres'[0m
[2025-07-09T22:13:21.174+0000] {docker.py:429} INFO - [2m2025-07-09T22:13:21.172645Z[0m [[32m[1minfo     [0m] [1mInstalled loader 'target-postgres'[0m
[2025-07-09T22:13:25.118+0000] {docker.py:429} INFO - [2m2025-07-09T22:13:25.116953Z[0m [[32m[1minfo     [0m] [1mInstalled extractor 'tap-csv' [0m
[2025-07-09T22:13:25.309+0000] {docker.py:429} INFO - [2m2025-07-09T22:13:25.308361Z[0m [[32m[1minfo     [0m] [1mInstalled extractor 'tap-csv-latest'[0m
[2025-07-09T22:13:26.385+0000] {docker.py:429} INFO - [2m2025-07-09T22:13:26.384525Z[0m [[32m[1minfo     [0m] [1mInstalled loader 'target-csv' [0m
[2025-07-09T22:13:26.740+0000] {docker.py:429} INFO - [2m2025-07-09T22:13:26.739632Z[0m [[32m[1minfo     [0m] [1mInstalled loader 'target-csv-csv'[0m
[2025-07-09T22:13:26.924+0000] {docker.py:429} INFO - [2m2025-07-09T22:13:26.923694Z[0m [[32m[1minfo     [0m] [1mInstalled loader 'target-csv-postgres'[0m
[2025-07-09T22:13:26.925+0000] {docker.py:429} INFO - [2m2025-07-09T22:13:26.924106Z[0m [[32m[1minfo     [0m] [1mInstalled 7/7 plugins         [0m
[2025-07-09T22:13:27.822+0000] {docker.py:429} INFO - Meltano install completed. Executing command: python /opt/meltano/scripts/generate_csv_config.py
[2025-07-09T22:13:27.858+0000] {docker.py:429} INFO - [{"entity": "order_details", "path": "/opt/output_data/csv/order_details/2025-07-09/file.csv", "keys": ["order_id", "product_id"], "delimiter": ",", "encoding": "utf-8"}, {"entity": "public-categories", "path": "/opt/output_data/postgres/public-categories/2025-07-09/file.csv", "keys": ["category_id"], "delimiter": ",", "encoding": "utf-8"}, {"entity": "public-products", "path": "/opt/output_data/postgres/public-products/2025-07-09/file.csv", "keys": ["product_id"], "delimiter": ",", "encoding": "utf-8"}, {"entity": "public-suppliers", "path": "/opt/output_data/postgres/public-suppliers/2025-07-09/file.csv", "keys": ["supplier_id"], "delimiter": ",", "encoding": "utf-8"}, {"entity": "public-orders", "path": "/opt/output_data/postgres/public-orders/2025-07-09/file.csv", "keys": ["order_id"], "delimiter": ",", "encoding": "utf-8"}, {"entity": "public-customers", "path": "/opt/output_data/postgres/public-customers/2025-07-09/file.csv", "keys": ["customer_id"], "delimiter": ",", "encoding": "utf-8"}, {"entity": "public-employees", "path": "/opt/output_data/postgres/public-employees/2025-07-09/file.csv", "keys": ["employee_id"], "delimiter": ",", "encoding": "utf-8"}, {"entity": "public-employee_territories", "path": "/opt/output_data/postgres/public-employee_territories/2025-07-09/file.csv", "keys": ["employee_id", "territory_id"], "delimiter": ",", "encoding": "utf-8"}, {"entity": "public-territories", "path": "/opt/output_data/postgres/public-territories/2025-07-09/file.csv", "keys": ["territory_id"], "delimiter": ",", "encoding": "utf-8"}, {"entity": "public-region", "path": "/opt/output_data/postgres/public-region/2025-07-09/file.csv", "keys": ["region_id"], "delimiter": ",", "encoding": "utf-8"}, {"entity": "public-shippers", "path": "/opt/output_data/postgres/public-shippers/2025-07-09/file.csv", "keys": ["shipper_id"], "delimiter": ",", "encoding": "utf-8"}, {"entity": "public-us_states", "path": "/opt/output_data/postgres/public-us_states/2025-07-09/file.csv", "keys": ["state_id"], "delimiter": ",", "encoding": "utf-8"}]
[2025-07-09T22:13:28.021+0000] {taskinstance.py:1138} INFO - Marking task as SUCCESS. dag_id=northwind, task_id=gerar_config_csv_dinamica, execution_date=20250709T221217, start_date=20250709T221317, end_date=20250709T221328
[2025-07-09T22:13:28.068+0000] {local_task_job_runner.py:234} INFO - Task exited with return code 0
[2025-07-09T22:13:28.109+0000] {taskinstance.py:3280} INFO - 1 downstream tasks scheduled from follow-on schedule check
