[2025-06-24T21:05:20.768+0000] {taskinstance.py:1956} INFO - Dependencies all met for dep_context=non-requeueable deps ti=<TaskInstance: northwind.extração_csv manual__2025-06-24T21:05:00.520213+00:00 [queued]>
[2025-06-24T21:05:20.780+0000] {taskinstance.py:1956} INFO - Dependencies all met for dep_context=requeueable deps ti=<TaskInstance: northwind.extração_csv manual__2025-06-24T21:05:00.520213+00:00 [queued]>
[2025-06-24T21:05:20.780+0000] {taskinstance.py:2170} INFO - Starting attempt 1 of 2
[2025-06-24T21:05:20.807+0000] {taskinstance.py:2191} INFO - Executing <Task(DockerOperator): extração_csv> on 2025-06-24 21:05:00.520213+00:00
[2025-06-24T21:05:20.813+0000] {standard_task_runner.py:60} INFO - Started process 204 to run task
[2025-06-24T21:05:20.817+0000] {standard_task_runner.py:87} INFO - Running: ['***', 'tasks', 'run', 'northwind', 'extração_csv', 'manual__2025-06-24T21:05:00.520213+00:00', '--job-id', '119', '--raw', '--subdir', 'DAGS_FOLDER/dag.py', '--cfg-path', '/tmp/tmpe6r2__k3']
[2025-06-24T21:05:20.822+0000] {standard_task_runner.py:88} INFO - Job 119: Subtask extração_csv
[2025-06-24T21:05:20.883+0000] {task_command.py:423} INFO - Running <TaskInstance: northwind.extração_csv manual__2025-06-24T21:05:00.520213+00:00 [running]> on host efd54408c28d
[2025-06-24T21:05:20.970+0000] {taskinstance.py:2480} INFO - Exporting env vars: AIRFLOW_CTX_DAG_EMAIL='lrbf@cin.ufpe.br' AIRFLOW_CTX_DAG_OWNER='***' AIRFLOW_CTX_DAG_ID='northwind' AIRFLOW_CTX_TASK_ID='extração_csv' AIRFLOW_CTX_EXECUTION_DATE='2025-06-24T21:05:00.520213+00:00' AIRFLOW_CTX_TRY_NUMBER='1' AIRFLOW_CTX_DAG_RUN_ID='manual__2025-06-24T21:05:00.520213+00:00'
[2025-06-24T21:05:21.237+0000] {docker.py:359} INFO - Starting docker container from image meltano:latest
[2025-06-24T21:05:21.244+0000] {docker.py:367} WARNING - Using remote engine or docker-in-docker and mounting temporary volume from host is not supported. Falling back to `mount_tmp_dir=False` mode. You can set `mount_tmp_dir` parameter to False to disable mounting and remove the warning
[2025-06-24T21:05:21.777+0000] {docker.py:429} INFO - Running meltano install...
[2025-06-24T21:05:23.231+0000] {docker.py:429} INFO - [2m2025-06-24T21:05:23.231087Z[0m [[32m[1minfo     [0m] [1mInstalling 7 plugins          [0m
[2025-06-24T21:05:23.247+0000] {docker.py:429} INFO - [2m2025-06-24T21:05:23.246278Z[0m [[32m[1minfo     [0m] [1mInstalling extractor 'tap-postgres'[0m
[2025-06-24T21:05:23.265+0000] {docker.py:429} INFO - [2m2025-06-24T21:05:23.264656Z[0m [[32m[1minfo     [0m] [1mInstalling extractor 'tap-csv'[0m
[2025-06-24T21:05:23.290+0000] {docker.py:429} INFO - [2m2025-06-24T21:05:23.289490Z[0m [[32m[1minfo     [0m] [1mInstalling extractor 'tap-csv-latest'[0m
[2025-06-24T21:05:23.315+0000] {docker.py:429} INFO - [2m2025-06-24T21:05:23.314335Z[0m [[32m[1minfo     [0m] [1mInstalling loader 'target-postgres'[0m
[2025-06-24T21:05:23.338+0000] {docker.py:429} INFO - [2m2025-06-24T21:05:23.337209Z[0m [[32m[1minfo     [0m] [1mInstalling loader 'target-csv'[0m
[2025-06-24T21:05:23.368+0000] {docker.py:429} INFO - [2m2025-06-24T21:05:23.367314Z[0m [[32m[1minfo     [0m] [1mInstalling loader 'target-csv-postgres'[0m
[2025-06-24T21:05:23.405+0000] {docker.py:429} INFO - [2m2025-06-24T21:05:23.404793Z[0m [[32m[1minfo     [0m] [1mInstalling loader 'target-csv-csv'[0m
[2025-06-24T21:05:25.128+0000] {docker.py:429} INFO - [2m2025-06-24T21:05:25.127436Z[0m [[32m[1minfo     [0m] [1mInstalled extractor 'tap-postgres'[0m
[2025-06-24T21:05:25.232+0000] {docker.py:429} INFO - [2m2025-06-24T21:05:25.231463Z[0m [[32m[1minfo     [0m] [1mInstalled loader 'target-postgres'[0m
[2025-06-24T21:05:30.567+0000] {docker.py:429} INFO - [2m2025-06-24T21:05:30.565755Z[0m [[32m[1minfo     [0m] [1mInstalled extractor 'tap-csv-latest'[0m
[2025-06-24T21:05:30.634+0000] {docker.py:429} INFO - [2m2025-06-24T21:05:30.633929Z[0m [[32m[1minfo     [0m] [1mInstalled extractor 'tap-csv' [0m
[2025-06-24T21:05:32.400+0000] {docker.py:429} INFO - [2m2025-06-24T21:05:32.399812Z[0m [[32m[1minfo     [0m] [1mInstalled loader 'target-csv' [0m
[2025-06-24T21:05:32.747+0000] {docker.py:429} INFO - [2m2025-06-24T21:05:32.746527Z[0m [[32m[1minfo     [0m] [1mInstalled loader 'target-csv-csv'[0m
[2025-06-24T21:05:32.826+0000] {docker.py:429} INFO - [2m2025-06-24T21:05:32.826162Z[0m [[32m[1minfo     [0m] [1mInstalled loader 'target-csv-postgres'[0m
[2025-06-24T21:05:32.827+0000] {docker.py:429} INFO - [2m2025-06-24T21:05:32.826498Z[0m [[32m[1minfo     [0m] [1mInstalled 7/7 plugins         [0m
[2025-06-24T21:05:33.829+0000] {docker.py:429} INFO - Meltano install completed. Executing command: meltano el tap-csv target-csv-csv
[2025-06-24T21:05:34.995+0000] {docker.py:429} INFO - [2m2025-06-24T21:05:34.995083Z[0m [[32m[1minfo     [0m] [1mEnvironment 'dev' is active   [0m
[2025-06-24T21:05:35.354+0000] {docker.py:429} INFO - [2m2025-06-24T21:05:35.353659Z[0m [[32m[1minfo     [0m] [1mRunning extract & load...     [0m [36mname[0m=[35mmeltano[0m [36mrun_id[0m=[35m6b4084ff-bcb9-418b-8751-d79deb8e1950[0m [36mstate_id[0m=[35m2025-06-24T210535--tap-csv--target-csv-csv[0m
[2025-06-24T21:05:36.516+0000] {docker.py:429} INFO - [2m2025-06-24T21:05:36.515865Z[0m [[32m[1minfo     [0m] [1mINFO Sending version information to singer.io. To disable sending anonymous usage data, set the config parameter "disable_collection" to true[0m [36mcmd_type[0m=[35mloader[0m [36mname[0m=[35mtarget-csv-csv[0m [36mrun_id[0m=[35m6b4084ff-bcb9-418b-8751-d79deb8e1950[0m [36mstate_id[0m=[35m2025-06-24T210535--tap-csv--target-csv-csv[0m [36mstdio[0m=[35mstderr[0m
[2025-06-24T21:05:36.694+0000] {docker.py:429} INFO - [2m2025-06-24T21:05:36.693527Z[0m [[32m[1minfo     [0m] [1mBeginning full_table sync of 'order_details'...[0m [36mcmd_type[0m=[35mextractor[0m [36mname[0m=[35mtap-csv[0m [36mrun_id[0m=[35m6b4084ff-bcb9-418b-8751-d79deb8e1950[0m [36mstate_id[0m=[35m2025-06-24T210535--tap-csv--target-csv-csv[0m [36mstdio[0m=[35mstderr[0m
[2025-06-24T21:05:36.695+0000] {docker.py:429} INFO - [2m2025-06-24T21:05:36.694033Z[0m [[32m[1minfo     [0m] [1mTap has custom mapper. Using 1 provided map(s).[0m [36mcmd_type[0m=[35mextractor[0m [36mname[0m=[35mtap-csv[0m [36mrun_id[0m=[35m6b4084ff-bcb9-418b-8751-d79deb8e1950[0m [36mstate_id[0m=[35m2025-06-24T210535--tap-csv--target-csv-csv[0m [36mstdio[0m=[35mstderr[0m
[2025-06-24T21:05:36.856+0000] {docker.py:429} INFO - [2m2025-06-24T21:05:36.855184Z[0m [[32m[1minfo     [0m] [1mMETRIC: {"type": "timer", "metric": "sync_duration", "value": 0.16125774383544922, "tags": {"stream": "order_details", "pid": 176, "context": {}, "status": "succeeded"}}[0m [36mcmd_type[0m=[35mextractor[0m [36mname[0m=[35mtap-csv[0m [36mrun_id[0m=[35m6b4084ff-bcb9-418b-8751-d79deb8e1950[0m [36mstate_id[0m=[35m2025-06-24T210535--tap-csv--target-csv-csv[0m [36mstdio[0m=[35mstderr[0m
[2025-06-24T21:05:36.856+0000] {docker.py:429} INFO - [2m2025-06-24T21:05:36.855574Z[0m [[32m[1minfo     [0m] [1mMETRIC: {"type": "counter", "metric": "record_count", "value": 2155, "tags": {"stream": "order_details", "pid": 176, "context": {}}}[0m [36mcmd_type[0m=[35mextractor[0m [36mname[0m=[35mtap-csv[0m [36mrun_id[0m=[35m6b4084ff-bcb9-418b-8751-d79deb8e1950[0m [36mstate_id[0m=[35m2025-06-24T210535--tap-csv--target-csv-csv[0m [36mstdio[0m=[35mstderr[0m
[2025-06-24T21:05:36.948+0000] {docker.py:429} INFO - [2m2025-06-24T21:05:36.948148Z[0m [[32m[1minfo     [0m] [1mUsing systemdb state backend  [0m
[2025-06-24T21:05:36.962+0000] {docker.py:429} INFO - [2m2025-06-24T21:05:36.961751Z[0m [[32m[1minfo     [0m] [1mIncremental state has been updated at 2025-06-24 21:05:36.961707+00:00.[0m
[2025-06-24T21:05:36.964+0000] {docker.py:429} INFO - [2m2025-06-24T21:05:36.963449Z[0m [[32m[1minfo     [0m] [1mExtract & load complete!      [0m [36mname[0m=[35mmeltano[0m [36mrun_id[0m=[35m6b4084ff-bcb9-418b-8751-d79deb8e1950[0m [36mstate_id[0m=[35m2025-06-24T210535--tap-csv--target-csv-csv[0m
[2025-06-24T21:05:36.964+0000] {docker.py:429} INFO - [2m2025-06-24T21:05:36.963791Z[0m [[32m[1minfo     [0m] [1mTransformation skipped.       [0m [36mname[0m=[35mmeltano[0m [36mrun_id[0m=[35m6b4084ff-bcb9-418b-8751-d79deb8e1950[0m [36mstate_id[0m=[35m2025-06-24T210535--tap-csv--target-csv-csv[0m
[2025-06-24T21:05:38.160+0000] {taskinstance.py:1138} INFO - Marking task as SUCCESS. dag_id=northwind, task_id=extração_csv, execution_date=20250624T210500, start_date=20250624T210520, end_date=20250624T210538
[2025-06-24T21:05:38.214+0000] {local_task_job_runner.py:234} INFO - Task exited with return code 0
[2025-06-24T21:05:38.238+0000] {taskinstance.py:3280} INFO - 1 downstream tasks scheduled from follow-on schedule check
