[2025-06-30T21:16:53.125+0000] {taskinstance.py:1956} INFO - Dependencies all met for dep_context=non-requeueable deps ti=<TaskInstance: northwind.gerar_config_csv_dinamica manual__2025-06-30T21:15:48.004028+00:00 [queued]>
[2025-06-30T21:16:53.137+0000] {taskinstance.py:1956} INFO - Dependencies all met for dep_context=requeueable deps ti=<TaskInstance: northwind.gerar_config_csv_dinamica manual__2025-06-30T21:15:48.004028+00:00 [queued]>
[2025-06-30T21:16:53.138+0000] {taskinstance.py:2170} INFO - Starting attempt 1 of 2
[2025-06-30T21:16:53.163+0000] {taskinstance.py:2191} INFO - Executing <Task(DockerOperator): gerar_config_csv_dinamica> on 2025-06-30 21:15:48.004028+00:00
[2025-06-30T21:16:53.172+0000] {standard_task_runner.py:60} INFO - Started process 323 to run task
[2025-06-30T21:16:53.177+0000] {standard_task_runner.py:87} INFO - Running: ['***', 'tasks', 'run', 'northwind', 'gerar_config_csv_dinamica', 'manual__2025-06-30T21:15:48.004028+00:00', '--job-id', '6', '--raw', '--subdir', 'DAGS_FOLDER/dag.py', '--cfg-path', '/tmp/tmps8x9y5ar']
[2025-06-30T21:16:53.181+0000] {standard_task_runner.py:88} INFO - Job 6: Subtask gerar_config_csv_dinamica
[2025-06-30T21:16:53.314+0000] {task_command.py:423} INFO - Running <TaskInstance: northwind.gerar_config_csv_dinamica manual__2025-06-30T21:15:48.004028+00:00 [running]> on host 91939db6f4b6
[2025-06-30T21:16:53.462+0000] {taskinstance.py:2480} INFO - Exporting env vars: AIRFLOW_CTX_DAG_EMAIL='lrbf@cin.ufpe.br' AIRFLOW_CTX_DAG_OWNER='***' AIRFLOW_CTX_DAG_ID='northwind' AIRFLOW_CTX_TASK_ID='gerar_config_csv_dinamica' AIRFLOW_CTX_EXECUTION_DATE='2025-06-30T21:15:48.004028+00:00' AIRFLOW_CTX_TRY_NUMBER='1' AIRFLOW_CTX_DAG_RUN_ID='manual__2025-06-30T21:15:48.004028+00:00'
[2025-06-30T21:16:53.617+0000] {docker.py:359} INFO - Starting docker container from image meltano:latest
[2025-06-30T21:16:54.105+0000] {docker.py:429} INFO - Running meltano install...
[2025-06-30T21:16:56.904+0000] {docker.py:429} INFO - [2m2025-06-30T21:16:56.903561Z[0m [[32m[1minfo     [0m] [1mInstalling 7 plugins          [0m
[2025-06-30T21:16:56.923+0000] {docker.py:429} INFO - [2m2025-06-30T21:16:56.922342Z[0m [[32m[1minfo     [0m] [1mInstalling extractor 'tap-postgres'[0m
[2025-06-30T21:16:56.968+0000] {docker.py:429} INFO - [2m2025-06-30T21:16:56.966965Z[0m [[32m[1minfo     [0m] [1mInstalling extractor 'tap-csv'[0m
[2025-06-30T21:16:57.000+0000] {docker.py:429} INFO - [2m2025-06-30T21:16:56.999544Z[0m [[32m[1minfo     [0m] [1mInstalling extractor 'tap-csv-latest'[0m
[2025-06-30T21:16:57.043+0000] {docker.py:429} INFO - [2m2025-06-30T21:16:57.042018Z[0m [[32m[1minfo     [0m] [1mInstalling loader 'target-postgres'[0m
[2025-06-30T21:16:57.086+0000] {docker.py:429} INFO - [2m2025-06-30T21:16:57.085259Z[0m [[32m[1minfo     [0m] [1mInstalling loader 'target-csv'[0m
[2025-06-30T21:16:57.136+0000] {docker.py:429} INFO - [2m2025-06-30T21:16:57.134973Z[0m [[32m[1minfo     [0m] [1mInstalling loader 'target-csv-postgres'[0m
[2025-06-30T21:16:57.251+0000] {docker.py:429} INFO - [2m2025-06-30T21:16:57.245843Z[0m [[32m[1minfo     [0m] [1mInstalling loader 'target-csv-csv'[0m
[2025-06-30T21:16:59.075+0000] {docker.py:429} INFO - [2m2025-06-30T21:16:59.074731Z[0m [[32m[1minfo     [0m] [1mInstalled extractor 'tap-postgres'[0m
[2025-06-30T21:16:59.191+0000] {docker.py:429} INFO - [2m2025-06-30T21:16:59.190674Z[0m [[32m[1minfo     [0m] [1mInstalled loader 'target-postgres'[0m
[2025-06-30T21:17:04.361+0000] {docker.py:429} INFO - [2m2025-06-30T21:17:04.359893Z[0m [[32m[1minfo     [0m] [1mInstalled extractor 'tap-csv' [0m
[2025-06-30T21:17:04.371+0000] {docker.py:429} INFO - [2m2025-06-30T21:17:04.370938Z[0m [[32m[1minfo     [0m] [1mInstalled extractor 'tap-csv-latest'[0m
[2025-06-30T21:17:06.360+0000] {docker.py:429} INFO - [2m2025-06-30T21:17:06.359950Z[0m [[32m[1minfo     [0m] [1mInstalled loader 'target-csv' [0m
[2025-06-30T21:17:06.741+0000] {docker.py:429} INFO - [2m2025-06-30T21:17:06.740788Z[0m [[32m[1minfo     [0m] [1mInstalled loader 'target-csv-csv'[0m
[2025-06-30T21:17:18.601+0000] {docker.py:429} INFO - [2m2025-06-30T21:17:18.600176Z[0m [[32m[1minfo     [0m] [1mInstalled loader 'target-csv-postgres'[0m
[2025-06-30T21:17:18.602+0000] {docker.py:429} INFO - [2m2025-06-30T21:17:18.601114Z[0m [[32m[1minfo     [0m] [1mInstalled 7/7 plugins         [0m
[2025-06-30T21:17:19.561+0000] {docker.py:429} INFO - Meltano install completed. Executing command: python /opt/meltano/scripts/generate_csv_config.py
[2025-06-30T21:17:19.650+0000] {docker.py:429} INFO - ✔️ Configuração para tap-csv-latest gerada com sucesso em: /opt/meltano/config/tap-csv-latest.json
[2025-06-30T21:17:20.051+0000] {taskinstance.py:1138} INFO - Marking task as SUCCESS. dag_id=northwind, task_id=gerar_config_csv_dinamica, execution_date=20250630T211548, start_date=20250630T211653, end_date=20250630T211720
[2025-06-30T21:17:20.140+0000] {local_task_job_runner.py:234} INFO - Task exited with return code 0
[2025-06-30T21:17:20.194+0000] {taskinstance.py:3280} INFO - 0 downstream tasks scheduled from follow-on schedule check
