[2025-07-01T21:06:36.790+0000] {taskinstance.py:1956} INFO - Dependencies all met for dep_context=non-requeueable deps ti=<TaskInstance: northwind.carregamento_postgres manual__2025-07-01T21:00:38.277381+00:00 [queued]>
[2025-07-01T21:06:36.804+0000] {taskinstance.py:1956} INFO - Dependencies all met for dep_context=requeueable deps ti=<TaskInstance: northwind.carregamento_postgres manual__2025-07-01T21:00:38.277381+00:00 [queued]>
[2025-07-01T21:06:36.804+0000] {taskinstance.py:2170} INFO - Starting attempt 2 of 2
[2025-07-01T21:06:36.822+0000] {taskinstance.py:2191} INFO - Executing <Task(DockerOperator): carregamento_postgres> on 2025-07-01 21:00:38.277381+00:00
[2025-07-01T21:06:36.826+0000] {standard_task_runner.py:60} INFO - Started process 196 to run task
[2025-07-01T21:06:36.830+0000] {standard_task_runner.py:87} INFO - Running: ['***', 'tasks', 'run', 'northwind', 'carregamento_postgres', 'manual__2025-07-01T21:00:38.277381+00:00', '--job-id', '10', '--raw', '--subdir', 'DAGS_FOLDER/northwind.py', '--cfg-path', '/tmp/tmp5b4tfrgo']
[2025-07-01T21:06:36.832+0000] {standard_task_runner.py:88} INFO - Job 10: Subtask carregamento_postgres
[2025-07-01T21:06:36.877+0000] {task_command.py:423} INFO - Running <TaskInstance: northwind.carregamento_postgres manual__2025-07-01T21:00:38.277381+00:00 [running]> on host 018d2949d085
[2025-07-01T21:06:36.942+0000] {taskinstance.py:2480} INFO - Exporting env vars: AIRFLOW_CTX_DAG_EMAIL='lrbf@cin.ufpe.br' AIRFLOW_CTX_DAG_OWNER='***' AIRFLOW_CTX_DAG_ID='northwind' AIRFLOW_CTX_TASK_ID='carregamento_postgres' AIRFLOW_CTX_EXECUTION_DATE='2025-07-01T21:00:38.277381+00:00' AIRFLOW_CTX_TRY_NUMBER='2' AIRFLOW_CTX_DAG_RUN_ID='manual__2025-07-01T21:00:38.277381+00:00'
[2025-07-01T21:06:36.990+0000] {docker.py:359} INFO - Starting docker container from image meltano:latest
[2025-07-01T21:06:37.242+0000] {docker.py:429} INFO - Running meltano install...
[2025-07-01T21:06:38.766+0000] {docker.py:429} INFO - [2m2025-07-01T21:06:38.765398Z[0m [[32m[1minfo     [0m] [1mInstalling 7 plugins          [0m
[2025-07-01T21:06:38.787+0000] {docker.py:429} INFO - [2m2025-07-01T21:06:38.787061Z[0m [[32m[1minfo     [0m] [1mInstalling extractor 'tap-postgres'[0m
[2025-07-01T21:06:38.816+0000] {docker.py:429} INFO - [2m2025-07-01T21:06:38.815182Z[0m [[32m[1minfo     [0m] [1mInstalling extractor 'tap-csv'[0m
[2025-07-01T21:06:38.851+0000] {docker.py:429} INFO - [2m2025-07-01T21:06:38.850727Z[0m [[32m[1minfo     [0m] [1mInstalling extractor 'tap-csv-latest'[0m
[2025-07-01T21:06:38.885+0000] {docker.py:429} INFO - [2m2025-07-01T21:06:38.884396Z[0m [[32m[1minfo     [0m] [1mInstalling loader 'target-postgres'[0m
[2025-07-01T21:06:38.924+0000] {docker.py:429} INFO - [2m2025-07-01T21:06:38.923838Z[0m [[32m[1minfo     [0m] [1mInstalling loader 'target-csv'[0m
[2025-07-01T21:06:38.976+0000] {docker.py:429} INFO - [2m2025-07-01T21:06:38.976029Z[0m [[32m[1minfo     [0m] [1mInstalling loader 'target-csv-postgres'[0m
[2025-07-01T21:06:39.017+0000] {docker.py:429} INFO - [2m2025-07-01T21:06:39.016164Z[0m [[32m[1minfo     [0m] [1mInstalling loader 'target-csv-csv'[0m
[2025-07-01T21:06:40.543+0000] {docker.py:429} INFO - [2m2025-07-01T21:06:40.542291Z[0m [[32m[1minfo     [0m] [1mInstalled extractor 'tap-postgres'[0m
[2025-07-01T21:06:40.698+0000] {docker.py:429} INFO - [2m2025-07-01T21:06:40.697452Z[0m [[32m[1minfo     [0m] [1mInstalled loader 'target-postgres'[0m
[2025-07-01T21:06:51.408+0000] {docker.py:429} INFO - [2m2025-07-01T21:06:51.382388Z[0m [[32m[1minfo     [0m] [1mInstalled extractor 'tap-csv' [0m
[2025-07-01T21:06:52.223+0000] {docker.py:429} INFO - [2m2025-07-01T21:06:52.222867Z[0m [[32m[1minfo     [0m] [1mInstalled extractor 'tap-csv-latest'[0m
[2025-07-01T21:06:53.795+0000] {docker.py:429} INFO - [2m2025-07-01T21:06:53.795142Z[0m [[32m[1minfo     [0m] [1mInstalled loader 'target-csv' [0m
[2025-07-01T21:06:54.065+0000] {docker.py:429} INFO - [2m2025-07-01T21:06:54.064706Z[0m [[32m[1minfo     [0m] [1mInstalled loader 'target-csv-csv'[0m
[2025-07-01T21:06:54.072+0000] {docker.py:429} INFO - [2m2025-07-01T21:06:54.071284Z[0m [[32m[1minfo     [0m] [1mInstalled loader 'target-csv-postgres'[0m
[2025-07-01T21:06:54.072+0000] {docker.py:429} INFO - [2m2025-07-01T21:06:54.072160Z[0m [[32m[1minfo     [0m] [1mInstalled 7/7 plugins         [0m
[2025-07-01T21:06:55.114+0000] {docker.py:429} INFO - Meltano install completed. Executing command: meltano el tap-csv target-postgres --catalog /opt/meltano/config/tap-csv-latest.json
[2025-07-01T21:06:56.799+0000] {docker.py:429} INFO - [2m2025-07-01T21:06:56.798509Z[0m [[32m[1minfo     [0m] [1mEnvironment 'dev' is active   [0m
[2025-07-01T21:06:57.291+0000] {docker.py:429} INFO - [2m2025-07-01T21:06:57.290360Z[0m [[32m[1minfo     [0m] [1mRunning extract & load...     [0m [36mname[0m=[35mmeltano[0m [36mrun_id[0m=[35mab1b2d95-a997-4b40-a7ed-faced4e3d5f2[0m [36mstate_id[0m=[35m2025-07-01T210656--tap-csv--target-postgres[0m
[2025-07-01T21:06:57.490+0000] {docker.py:429} INFO - [2m2025-07-01T21:06:57.489582Z[0m [[32m[1minfo     [0m] [1mUsing custom catalog in /opt/meltano/config/tap-csv-latest.json[0m
[2025-07-01T21:06:58.588+0000] {docker.py:429} INFO - [2m2025-07-01T21:06:58.587729Z[0m [[32m[1minfo     [0m] [1m/opt/meltano/.meltano/extractors/tap-csv/venv/lib/python3.9/site-packages/singer_sdk/tap_base.py:516: SingerSDKDeprecationWarning: Passing a catalog file path is deprecated. Please pass the catalog as a dictionary or Catalog object instead.[0m [36mcmd_type[0m=[35mextractor[0m [36mname[0m=[35mtap-csv[0m [36mrun_id[0m=[35mab1b2d95-a997-4b40-a7ed-faced4e3d5f2[0m [36mstate_id[0m=[35m2025-07-01T210656--tap-csv--target-postgres[0m [36mstdio[0m=[35mstderr[0m
[2025-07-01T21:06:58.589+0000] {docker.py:429} INFO - [2m2025-07-01T21:06:58.588284Z[0m [[32m[1minfo     [0m] [1m  tap = cls(                  [0m [36mcmd_type[0m=[35mextractor[0m [36mname[0m=[35mtap-csv[0m [36mrun_id[0m=[35mab1b2d95-a997-4b40-a7ed-faced4e3d5f2[0m [36mstate_id[0m=[35m2025-07-01T210656--tap-csv--target-postgres[0m [36mstdio[0m=[35mstderr[0m
[2025-07-01T21:06:58.589+0000] {docker.py:429} INFO - [2m2025-07-01T21:06:58.588588Z[0m [[32m[1minfo     [0m] [1m                              [0m [36mcmd_type[0m=[35mextractor[0m [36mname[0m=[35mtap-csv[0m [36mrun_id[0m=[35mab1b2d95-a997-4b40-a7ed-faced4e3d5f2[0m [36mstate_id[0m=[35m2025-07-01T210656--tap-csv--target-postgres[0m [36mstdio[0m=[35mstderr[0m
[2025-07-01T21:06:58.590+0000] {docker.py:429} INFO - [2m2025-07-01T21:06:58.588952Z[0m [[32m[1minfo     [0m] [1mSkipping deselected stream 'order_details'.[0m [36mcmd_type[0m=[35mextractor[0m [36mname[0m=[35mtap-csv[0m [36mrun_id[0m=[35mab1b2d95-a997-4b40-a7ed-faced4e3d5f2[0m [36mstate_id[0m=[35m2025-07-01T210656--tap-csv--target-postgres[0m [36mstdio[0m=[35mstderr[0m
[2025-07-01T21:06:58.900+0000] {docker.py:429} INFO - [2m2025-07-01T21:06:58.899892Z[0m [[32m[1minfo     [0m] [1mtarget-postgres v0.4.3, Meltano SDK v0.47.4[0m [36mcmd_type[0m=[35mloader[0m [36mname[0m=[35mtarget-postgres[0m [36mrun_id[0m=[35mab1b2d95-a997-4b40-a7ed-faced4e3d5f2[0m [36mstate_id[0m=[35m2025-07-01T210656--tap-csv--target-postgres[0m [36mstdio[0m=[35mstderr[0m
[2025-07-01T21:06:58.902+0000] {docker.py:429} INFO - [2m2025-07-01T21:06:58.901453Z[0m [[32m[1minfo     [0m] [1m/opt/meltano/.meltano/loaders/target-postgres/venv/lib/python3.9/site-packages/singer_sdk/plugin_base.py:715: SingerSDKDeprecationWarning: Passing a list of config file paths is deprecated. Please pass the config as a dictionary instead.[0m [36mcmd_type[0m=[35mloader[0m [36mname[0m=[35mtarget-postgres[0m [36mrun_id[0m=[35mab1b2d95-a997-4b40-a7ed-faced4e3d5f2[0m [36mstate_id[0m=[35m2025-07-01T210656--tap-csv--target-postgres[0m [36mstdio[0m=[35mstderr[0m
[2025-07-01T21:06:58.903+0000] {docker.py:429} INFO - [2m2025-07-01T21:06:58.901884Z[0m [[32m[1minfo     [0m] [1m  super().__init__(           [0m [36mcmd_type[0m=[35mloader[0m [36mname[0m=[35mtarget-postgres[0m [36mrun_id[0m=[35mab1b2d95-a997-4b40-a7ed-faced4e3d5f2[0m [36mstate_id[0m=[35m2025-07-01T210656--tap-csv--target-postgres[0m [36mstdio[0m=[35mstderr[0m
[2025-07-01T21:06:58.903+0000] {docker.py:429} INFO - [2m2025-07-01T21:06:58.902264Z[0m [[32m[1minfo     [0m] [1m                              [0m [36mcmd_type[0m=[35mloader[0m [36mname[0m=[35mtarget-postgres[0m [36mrun_id[0m=[35mab1b2d95-a997-4b40-a7ed-faced4e3d5f2[0m [36mstate_id[0m=[35m2025-07-01T210656--tap-csv--target-postgres[0m [36mstdio[0m=[35mstderr[0m
[2025-07-01T21:06:58.903+0000] {docker.py:429} INFO - [2m2025-07-01T21:06:58.902590Z[0m [[32m[1minfo     [0m] [1mSkipping parse of env var settings...[0m [36mcmd_type[0m=[35mloader[0m [36mname[0m=[35mtarget-postgres[0m [36mrun_id[0m=[35mab1b2d95-a997-4b40-a7ed-faced4e3d5f2[0m [36mstate_id[0m=[35m2025-07-01T210656--tap-csv--target-postgres[0m [36mstdio[0m=[35mstderr[0m
[2025-07-01T21:06:58.904+0000] {docker.py:429} INFO - [2m2025-07-01T21:06:58.903203Z[0m [[32m[1minfo     [0m] [1mThe `dialect+driver` configuration option is deprecated. Please set it to `postgresql+psycopg`, as this will be the hard-coded value in the future.[0m [36mcmd_type[0m=[35mloader[0m [36mname[0m=[35mtarget-postgres[0m [36mrun_id[0m=[35mab1b2d95-a997-4b40-a7ed-faced4e3d5f2[0m [36mstate_id[0m=[35m2025-07-01T210656--tap-csv--target-postgres[0m [36mstdio[0m=[35mstderr[0m
[2025-07-01T21:06:58.904+0000] {docker.py:429} INFO - [2m2025-07-01T21:06:58.903798Z[0m [[32m[1minfo     [0m] [1mReader 'target-postgres' completed processing 0 lines of input (0 schemas, 0 records, 0 batch manifests, 0 state messages, 0 activate version messages).[0m [36mcmd_type[0m=[35mloader[0m [36mname[0m=[35mtarget-postgres[0m [36mrun_id[0m=[35mab1b2d95-a997-4b40-a7ed-faced4e3d5f2[0m [36mstate_id[0m=[35m2025-07-01T210656--tap-csv--target-postgres[0m [36mstdio[0m=[35mstderr[0m
[2025-07-01T21:06:59.021+0000] {docker.py:429} INFO - [2m2025-07-01T21:06:59.020293Z[0m [[32m[1minfo     [0m] [1mExtract & load complete!      [0m [36mname[0m=[35mmeltano[0m [36mrun_id[0m=[35mab1b2d95-a997-4b40-a7ed-faced4e3d5f2[0m [36mstate_id[0m=[35m2025-07-01T210656--tap-csv--target-postgres[0m
[2m2025-07-01T21:06:59.020579Z[0m [[32m[1minfo     [0m] [1mTransformation skipped.       [0m [36mname[0m=[35mmeltano[0m [36mrun_id[0m=[35mab1b2d95-a997-4b40-a7ed-faced4e3d5f2[0m [36mstate_id[0m=[35m2025-07-01T210656--tap-csv--target-postgres[0m
[2025-07-01T21:07:00.247+0000] {taskinstance.py:1138} INFO - Marking task as SUCCESS. dag_id=northwind, task_id=carregamento_postgres, execution_date=20250701T210038, start_date=20250701T210636, end_date=20250701T210700
[2025-07-01T21:07:00.311+0000] {local_task_job_runner.py:234} INFO - Task exited with return code 0
[2025-07-01T21:07:00.347+0000] {taskinstance.py:3280} INFO - 0 downstream tasks scheduled from follow-on schedule check
