[2025-07-01T21:01:23.919+0000] {taskinstance.py:1956} INFO - Dependencies all met for dep_context=non-requeueable deps ti=<TaskInstance: northwind.carregamento_postgres manual__2025-07-01T21:00:38.277381+00:00 [queued]>
[2025-07-01T21:01:23.927+0000] {taskinstance.py:1956} INFO - Dependencies all met for dep_context=requeueable deps ti=<TaskInstance: northwind.carregamento_postgres manual__2025-07-01T21:00:38.277381+00:00 [queued]>
[2025-07-01T21:01:23.927+0000] {taskinstance.py:2170} INFO - Starting attempt 1 of 2
[2025-07-01T21:01:23.937+0000] {taskinstance.py:2191} INFO - Executing <Task(DockerOperator): carregamento_postgres> on 2025-07-01 21:00:38.277381+00:00
[2025-07-01T21:01:23.941+0000] {standard_task_runner.py:60} INFO - Started process 196 to run task
[2025-07-01T21:01:23.943+0000] {standard_task_runner.py:87} INFO - Running: ['***', 'tasks', 'run', 'northwind', 'carregamento_postgres', 'manual__2025-07-01T21:00:38.277381+00:00', '--job-id', '5', '--raw', '--subdir', 'DAGS_FOLDER/northwind.py', '--cfg-path', '/tmp/tmphclq2gvu']
[2025-07-01T21:01:23.945+0000] {standard_task_runner.py:88} INFO - Job 5: Subtask carregamento_postgres
[2025-07-01T21:01:23.993+0000] {task_command.py:423} INFO - Running <TaskInstance: northwind.carregamento_postgres manual__2025-07-01T21:00:38.277381+00:00 [running]> on host f5f5293d837b
[2025-07-01T21:01:24.055+0000] {taskinstance.py:2480} INFO - Exporting env vars: AIRFLOW_CTX_DAG_EMAIL='lrbf@cin.ufpe.br' AIRFLOW_CTX_DAG_OWNER='***' AIRFLOW_CTX_DAG_ID='northwind' AIRFLOW_CTX_TASK_ID='carregamento_postgres' AIRFLOW_CTX_EXECUTION_DATE='2025-07-01T21:00:38.277381+00:00' AIRFLOW_CTX_TRY_NUMBER='1' AIRFLOW_CTX_DAG_RUN_ID='manual__2025-07-01T21:00:38.277381+00:00'
[2025-07-01T21:01:24.096+0000] {docker.py:359} INFO - Starting docker container from image meltano:latest
[2025-07-01T21:01:24.377+0000] {docker.py:429} INFO - Running meltano install...
[2025-07-01T21:01:25.587+0000] {docker.py:429} INFO - [2m2025-07-01T21:01:25.586357Z[0m [[32m[1minfo     [0m] [1mInstalling 7 plugins          [0m
[2025-07-01T21:01:25.597+0000] {docker.py:429} INFO - [2m2025-07-01T21:01:25.597150Z[0m [[32m[1minfo     [0m] [1mInstalling extractor 'tap-postgres'[0m
[2025-07-01T21:01:25.618+0000] {docker.py:429} INFO - [2m2025-07-01T21:01:25.617507Z[0m [[32m[1minfo     [0m] [1mInstalling extractor 'tap-csv'[0m
[2025-07-01T21:01:25.638+0000] {docker.py:429} INFO - [2m2025-07-01T21:01:25.637523Z[0m [[32m[1minfo     [0m] [1mInstalling extractor 'tap-csv-latest'[0m
[2025-07-01T21:01:25.653+0000] {docker.py:429} INFO - [2m2025-07-01T21:01:25.652609Z[0m [[32m[1minfo     [0m] [1mInstalling loader 'target-postgres'[0m
[2025-07-01T21:01:25.668+0000] {docker.py:429} INFO - [2m2025-07-01T21:01:25.667966Z[0m [[32m[1minfo     [0m] [1mInstalling loader 'target-csv'[0m
[2025-07-01T21:01:25.692+0000] {docker.py:429} INFO - [2m2025-07-01T21:01:25.691951Z[0m [[32m[1minfo     [0m] [1mInstalling loader 'target-csv-postgres'[0m
[2025-07-01T21:01:25.719+0000] {docker.py:429} INFO - [2m2025-07-01T21:01:25.719119Z[0m [[32m[1minfo     [0m] [1mInstalling loader 'target-csv-csv'[0m
[2025-07-01T21:01:26.674+0000] {docker.py:429} INFO - [2m2025-07-01T21:01:26.673697Z[0m [[32m[1minfo     [0m] [1mInstalled extractor 'tap-postgres'[0m
[2025-07-01T21:01:26.755+0000] {docker.py:429} INFO - [2m2025-07-01T21:01:26.755131Z[0m [[32m[1minfo     [0m] [1mInstalled loader 'target-postgres'[0m
[2025-07-01T21:01:30.984+0000] {docker.py:429} INFO - [2m2025-07-01T21:01:30.983789Z[0m [[32m[1minfo     [0m] [1mInstalled extractor 'tap-csv' [0m
[2025-07-01T21:01:31.824+0000] {docker.py:429} INFO - [2m2025-07-01T21:01:31.823455Z[0m [[32m[1minfo     [0m] [1mInstalled loader 'target-csv' [0m
[2025-07-01T21:01:32.454+0000] {docker.py:429} INFO - [2m2025-07-01T21:01:32.453360Z[0m [[32m[1minfo     [0m] [1mInstalled extractor 'tap-csv-latest'[0m
[2025-07-01T21:01:32.922+0000] {docker.py:429} INFO - [2m2025-07-01T21:01:32.921768Z[0m [[32m[1minfo     [0m] [1mInstalled loader 'target-csv-csv'[0m
[2025-07-01T21:01:32.994+0000] {docker.py:429} INFO - [2m2025-07-01T21:01:32.994247Z[0m [[32m[1minfo     [0m] [1mInstalled loader 'target-csv-postgres'[0m
[2025-07-01T21:01:32.995+0000] {docker.py:429} INFO - [2m2025-07-01T21:01:32.994771Z[0m [[32m[1minfo     [0m] [1mInstalled 7/7 plugins         [0m
[2025-07-01T21:01:33.733+0000] {docker.py:429} INFO - Meltano install completed. Executing command: meltano el tap-csv target-postgres --catalog tap-csv-latest.json
[2025-07-01T21:01:34.687+0000] {docker.py:429} INFO - [2m2025-07-01T21:01:34.686286Z[0m [[32m[1minfo     [0m] [1mEnvironment 'dev' is active   [0m
[2025-07-01T21:01:35.080+0000] {docker.py:429} INFO - [2m2025-07-01T21:01:35.079954Z[0m [[32m[1minfo     [0m] [1mRunning extract & load...     [0m [36mname[0m=[35mmeltano[0m [36mrun_id[0m=[35m8bb1a716-bd45-4c9b-b7a1-d60302e72779[0m [36mstate_id[0m=[35m2025-07-01T210134--tap-csv--target-postgres[0m
[2025-07-01T21:01:35.231+0000] {docker.py:429} INFO - [2m2025-07-01T21:01:35.231187Z[0m [[32m[1minfo     [0m] [1mELT could not be completed: Cannot start extractor: Failed to copy catalog file: No such file or directory.[0m [36mcmd_type[0m=[35melt[0m [36mname[0m=[35mmeltano[0m [36mrun_id[0m=[35m8bb1a716-bd45-4c9b-b7a1-d60302e72779[0m [36mstate_id[0m=[35m2025-07-01T210134--tap-csv--target-postgres[0m [36mstdio[0m=[35mstderr[0m
[2m2025-07-01T21:01:35.231402Z[0m [[32m[1minfo     [0m] [1mFor more detailed log messages re-run the command using 'meltano --log-level=debug ...' CLI flag.[0m [36mcmd_type[0m=[35melt[0m [36mname[0m=[35mmeltano[0m [36mrun_id[0m=[35m8bb1a716-bd45-4c9b-b7a1-d60302e72779[0m [36mstate_id[0m=[35m2025-07-01T210134--tap-csv--target-postgres[0m [36mstdio[0m=[35mstderr[0m
[2m2025-07-01T21:01:35.231524Z[0m [[32m[1minfo     [0m] [1mNote that you can also check the generated log file at '/opt/meltano/.meltano/logs/elt/2025-07-01T210134--tap-csv--target-postgres/8bb1a716-bd45-4c9b-b7a1-d60302e72779/elt.log'.[0m [36mcmd_type[0m=[35melt[0m [36mname[0m=[35mmeltano[0m [36mrun_id[0m=[35m8bb1a716-bd45-4c9b-b7a1-d60302e72779[0m [36mstate_id[0m=[35m2025-07-01T210134--tap-csv--target-postgres[0m [36mstdio[0m=[35mstderr[0m
[2025-07-01T21:01:35.232+0000] {docker.py:429} INFO - [2m2025-07-01T21:01:35.231677Z[0m [[32m[1minfo     [0m] [1mFor more information on debugging and logging: https://docs.meltano.com/reference/command-line-interface#debugging[0m [36mcmd_type[0m=[35melt[0m [36mname[0m=[35mmeltano[0m [36mrun_id[0m=[35m8bb1a716-bd45-4c9b-b7a1-d60302e72779[0m [36mstate_id[0m=[35m2025-07-01T210134--tap-csv--target-postgres[0m [36mstdio[0m=[35mstderr[0m
[2025-07-01T21:01:35.241+0000] {docker.py:429} INFO - Need help fixing this problem? Visit http://melta.no/ for troubleshooting steps, or to
join our friendly Slack community.

ELT could not be completed: Cannot start extractor: Failed to copy catalog file: No such file or directory.
For more detailed log messages re-run the command using 'meltano --log-level=debug ...' CLI flag.
Note that you can also check the generated log file at '/opt/meltano/.meltano/logs/elt/2025-07-01T210134--tap-csv--target-postgres/8bb1a716-bd45-4c9b-b7a1-d60302e72779/elt.log'.
For more information on debugging and logging: https://docs.meltano.com/reference/command-line-interface#debugging
[2025-07-01T21:01:36.382+0000] {taskinstance.py:2698} ERROR - Task failed with exception
Traceback (most recent call last):
  File "/home/airflow/.local/lib/python3.10/site-packages/airflow/models/taskinstance.py", line 433, in _execute_task
    result = execute_callable(context=context, **execute_callable_kwargs)
  File "/home/airflow/.local/lib/python3.10/site-packages/airflow/providers/docker/operators/docker.py", line 502, in execute
    return self._run_image()
  File "/home/airflow/.local/lib/python3.10/site-packages/airflow/providers/docker/operators/docker.py", line 376, in _run_image
    return self._run_image_with_mounts(self.mounts, add_tmp_variable=False)
  File "/home/airflow/.local/lib/python3.10/site-packages/airflow/providers/docker/operators/docker.py", line 437, in _run_image_with_mounts
    raise DockerContainerFailedException(f"Docker container failed: {result!r}", logs=log_lines)
airflow.providers.docker.exceptions.DockerContainerFailedException: Docker container failed: {'StatusCode': 1}
[2025-07-01T21:01:36.385+0000] {taskinstance.py:1138} INFO - Marking task as UP_FOR_RETRY. dag_id=northwind, task_id=carregamento_postgres, execution_date=20250701T210038, start_date=20250701T210123, end_date=20250701T210136
[2025-07-01T21:01:36.397+0000] {standard_task_runner.py:107} ERROR - Failed to execute job 5 for task carregamento_postgres (Docker container failed: {'StatusCode': 1}; 196)
[2025-07-01T21:01:36.417+0000] {local_task_job_runner.py:234} INFO - Task exited with return code 1
[2025-07-01T21:01:36.428+0000] {taskinstance.py:3280} INFO - 0 downstream tasks scheduled from follow-on schedule check
