[2025-06-25T23:24:09.276+0000] {taskinstance.py:1956} INFO - Dependencies all met for dep_context=non-requeueable deps ti=<TaskInstance: northwind.gerar_config_csv_dinamica manual__2025-06-25T23:23:10.206611+00:00 [queued]>
[2025-06-25T23:24:09.286+0000] {taskinstance.py:1956} INFO - Dependencies all met for dep_context=requeueable deps ti=<TaskInstance: northwind.gerar_config_csv_dinamica manual__2025-06-25T23:23:10.206611+00:00 [queued]>
[2025-06-25T23:24:09.287+0000] {taskinstance.py:2170} INFO - Starting attempt 1 of 2
[2025-06-25T23:24:09.305+0000] {taskinstance.py:2191} INFO - Executing <Task(DockerOperator): gerar_config_csv_dinamica> on 2025-06-25 23:23:10.206611+00:00
[2025-06-25T23:24:09.310+0000] {standard_task_runner.py:60} INFO - Started process 260 to run task
[2025-06-25T23:24:09.316+0000] {standard_task_runner.py:87} INFO - Running: ['***', 'tasks', 'run', 'northwind', 'gerar_config_csv_dinamica', 'manual__2025-06-25T23:23:10.206611+00:00', '--job-id', '250', '--raw', '--subdir', 'DAGS_FOLDER/dag.py', '--cfg-path', '/tmp/tmpiumekmmi']
[2025-06-25T23:24:09.319+0000] {standard_task_runner.py:88} INFO - Job 250: Subtask gerar_config_csv_dinamica
[2025-06-25T23:24:09.377+0000] {task_command.py:423} INFO - Running <TaskInstance: northwind.gerar_config_csv_dinamica manual__2025-06-25T23:23:10.206611+00:00 [running]> on host 6afc1f3750fb
[2025-06-25T23:24:09.506+0000] {taskinstance.py:2480} INFO - Exporting env vars: AIRFLOW_CTX_DAG_EMAIL='lrbf@cin.ufpe.br' AIRFLOW_CTX_DAG_OWNER='***' AIRFLOW_CTX_DAG_ID='northwind' AIRFLOW_CTX_TASK_ID='gerar_config_csv_dinamica' AIRFLOW_CTX_EXECUTION_DATE='2025-06-25T23:23:10.206611+00:00' AIRFLOW_CTX_TRY_NUMBER='1' AIRFLOW_CTX_DAG_RUN_ID='manual__2025-06-25T23:23:10.206611+00:00'
[2025-06-25T23:24:09.647+0000] {docker.py:359} INFO - Starting docker container from image meltano:latest
[2025-06-25T23:24:10.268+0000] {docker.py:429} INFO - Running meltano install...
[2025-06-25T23:24:10.476+0000] {docker.py:429} INFO - [2m2025-06-25T23:24:10.475662Z[0m [[32m[1minfo     [0m] [1mInstalling 7 plugins          [0m
[2025-06-25T23:24:10.508+0000] {docker.py:429} INFO - [2m2025-06-25T23:24:10.507253Z[0m [[32m[1minfo     [0m] [1mInstalling extractor 'tap-postgres'[0m
[2025-06-25T23:24:10.551+0000] {docker.py:429} INFO - [2m2025-06-25T23:24:10.547019Z[0m [[32m[1minfo     [0m] [1mInstalling extractor 'tap-csv'[0m
[2025-06-25T23:24:10.589+0000] {docker.py:429} INFO - [2m2025-06-25T23:24:10.585454Z[0m [[32m[1minfo     [0m] [1mInstalling extractor 'tap-csv-latest'[0m
[2025-06-25T23:24:10.632+0000] {docker.py:429} INFO - [2m2025-06-25T23:24:10.631388Z[0m [[32m[1minfo     [0m] [1mInstalling loader 'target-postgres'[0m
[2025-06-25T23:24:10.695+0000] {docker.py:429} INFO - [2m2025-06-25T23:24:10.694665Z[0m [[32m[1minfo     [0m] [1mInstalling loader 'target-csv'[0m
[2025-06-25T23:24:10.811+0000] {docker.py:429} INFO - [2m2025-06-25T23:24:10.810134Z[0m [[32m[1minfo     [0m] [1mInstalling loader 'target-csv-postgres'[0m
[2025-06-25T23:24:10.954+0000] {docker.py:429} INFO - [2m2025-06-25T23:24:10.953374Z[0m [[32m[1minfo     [0m] [1mInstalling loader 'target-csv-csv'[0m
[2025-06-25T23:24:13.003+0000] {docker.py:429} INFO - [2m2025-06-25T23:24:13.002753Z[0m [[32m[1minfo     [0m] [1mInstalled extractor 'tap-postgres'[0m
[2025-06-25T23:24:13.494+0000] {docker.py:429} INFO - [2m2025-06-25T23:24:13.493508Z[0m [[32m[1minfo     [0m] [1mInstalled loader 'target-postgres'[0m
[2025-06-25T23:24:19.577+0000] {docker.py:429} INFO - [2m2025-06-25T23:24:19.576910Z[0m [[32m[1minfo     [0m] [1mInstalled extractor 'tap-csv-latest'[0m
[2025-06-25T23:24:19.666+0000] {docker.py:429} INFO - [2m2025-06-25T23:24:19.665764Z[0m [[32m[1minfo     [0m] [1mInstalled extractor 'tap-csv' [0m
[2025-06-25T23:24:19.906+0000] {docker.py:429} INFO - [2m2025-06-25T23:24:19.906088Z[0m [[32m[1minfo     [0m] [1mInstalled loader 'target-csv' [0m
[2025-06-25T23:24:20.176+0000] {docker.py:429} INFO - [2m2025-06-25T23:24:20.175377Z[0m [[32m[1minfo     [0m] [1mInstalled loader 'target-csv-postgres'[0m
[2025-06-25T23:24:20.848+0000] {docker.py:429} INFO - [2m2025-06-25T23:24:20.848117Z[0m [[32m[1minfo     [0m] [1mInstalled loader 'target-csv-csv'[0m
[2m2025-06-25T23:24:20.848386Z[0m [[32m[1minfo     [0m] [1mInstalled 7/7 plugins         [0m
[2025-06-25T23:24:21.776+0000] {docker.py:429} INFO - Meltano install completed. Executing command: python /opt/meltano/scripts/generate_tap_csv_config.py
[2025-06-25T23:24:21.805+0000] {docker.py:429} INFO - {"files": [{"entity": "order_details", "path": "/opt/output_data/csv/order_details/2025-06-25/file.csv", "keys": ["order_id", "product_id"], "delimiter": ",", "encoding": "utf-8"}, {"entity": "public-categories", "path": "/opt/output_data/postgres/public-categories/2025-06-25/file.csv", "keys": ["category_id"], "delimiter": ",", "encoding": "utf-8"}, {"entity": "public-products", "path": "/opt/output_data/postgres/public-products/2025-06-25/file.csv", "keys": ["product_id"], "delimiter": ",", "encoding": "utf-8"}, {"entity": "public-suppliers", "path": "/opt/output_data/postgres/public-suppliers/2025-06-25/file.csv", "keys": ["supplier_id"], "delimiter": ",", "encoding": "utf-8"}, {"entity": "public-orders", "path": "/opt/output_data/postgres/public-orders/2025-06-25/file.csv", "keys": ["order_id"], "delimiter": ",", "encoding": "utf-8"}, {"entity": "public-customers", "path": "/opt/output_data/postgres/public-customers/2025-06-25/file.csv", "keys": ["customer_id"], "delimiter": ",", "encoding": "utf-8"}, {"entity": "public-employees", "path": "/opt/output_data/postgres/public-employees/2025-06-25/file.csv", "keys": ["employee_id"], "delimiter": ",", "encoding": "utf-8"}, {"entity": "public-employee_territories", "path": "/opt/output_data/postgres/public-employee_territories/2025-06-25/file.csv", "keys": ["employee_id", "territory_id"], "delimiter": ",", "encoding": "utf-8"}, {"entity": "public-territories", "path": "/opt/output_data/postgres/public-territories/2025-06-25/file.csv", "keys": ["territory_id"], "delimiter": ",", "encoding": "utf-8"}, {"entity": "public-region", "path": "/opt/output_data/postgres/public-region/2025-06-25/file.csv", "keys": ["region_id"], "delimiter": ",", "encoding": "utf-8"}, {"entity": "public-shippers", "path": "/opt/output_data/postgres/public-shippers/2025-06-25/file.csv", "keys": ["shipper_id"], "delimiter": ",", "encoding": "utf-8"}, {"entity": "public-us_states", "path": "/opt/output_data/postgres/public-us_states/2025-06-25/file.csv", "keys": ["state_id"], "delimiter": ",", "encoding": "utf-8"}]}
[2025-06-25T23:24:22.051+0000] {taskinstance.py:1138} INFO - Marking task as SUCCESS. dag_id=northwind, task_id=gerar_config_csv_dinamica, execution_date=20250625T232310, start_date=20250625T232409, end_date=20250625T232422
[2025-06-25T23:24:22.111+0000] {local_task_job_runner.py:234} INFO - Task exited with return code 0
[2025-06-25T23:24:22.131+0000] {taskinstance.py:3280} INFO - 1 downstream tasks scheduled from follow-on schedule check
