[2025-07-01T20:35:43.968+0000] {taskinstance.py:1956} INFO - Dependencies all met for dep_context=non-requeueable deps ti=<TaskInstance: northwind.extração_csv manual__2025-07-01T20:35:01.928206+00:00 [queued]>
[2025-07-01T20:35:43.981+0000] {taskinstance.py:1956} INFO - Dependencies all met for dep_context=requeueable deps ti=<TaskInstance: northwind.extração_csv manual__2025-07-01T20:35:01.928206+00:00 [queued]>
[2025-07-01T20:35:43.982+0000] {taskinstance.py:2170} INFO - Starting attempt 1 of 2
[2025-07-01T20:35:43.999+0000] {taskinstance.py:2191} INFO - Executing <Task(DockerOperator): extração_csv> on 2025-07-01 20:35:01.928206+00:00
[2025-07-01T20:35:44.004+0000] {standard_task_runner.py:60} INFO - Started process 182 to run task
[2025-07-01T20:35:44.009+0000] {standard_task_runner.py:87} INFO - Running: ['***', 'tasks', 'run', 'northwind', 'extração_csv', 'manual__2025-07-01T20:35:01.928206+00:00', '--job-id', '3', '--raw', '--subdir', 'DAGS_FOLDER/northwind.py', '--cfg-path', '/tmp/tmpkjmcv6pd']
[2025-07-01T20:35:44.012+0000] {standard_task_runner.py:88} INFO - Job 3: Subtask extração_csv
[2025-07-01T20:35:44.063+0000] {task_command.py:423} INFO - Running <TaskInstance: northwind.extração_csv manual__2025-07-01T20:35:01.928206+00:00 [running]> on host add15e81f04d
[2025-07-01T20:35:44.149+0000] {taskinstance.py:2480} INFO - Exporting env vars: AIRFLOW_CTX_DAG_EMAIL='lrbf@cin.ufpe.br' AIRFLOW_CTX_DAG_OWNER='***' AIRFLOW_CTX_DAG_ID='northwind' AIRFLOW_CTX_TASK_ID='extração_csv' AIRFLOW_CTX_EXECUTION_DATE='2025-07-01T20:35:01.928206+00:00' AIRFLOW_CTX_TRY_NUMBER='1' AIRFLOW_CTX_DAG_RUN_ID='manual__2025-07-01T20:35:01.928206+00:00'
[2025-07-01T20:35:44.225+0000] {docker.py:359} INFO - Starting docker container from image meltano:latest
[2025-07-01T20:35:44.681+0000] {docker.py:429} INFO - Running meltano install...
[2025-07-01T20:35:47.187+0000] {docker.py:429} INFO - [2m2025-07-01T20:35:47.186419Z[0m [[32m[1minfo     [0m] [1mInstalling 7 plugins          [0m
[2025-07-01T20:35:47.201+0000] {docker.py:429} INFO - [2m2025-07-01T20:35:47.201096Z[0m [[32m[1minfo     [0m] [1mInstalling extractor 'tap-postgres'[0m
[2025-07-01T20:35:47.227+0000] {docker.py:429} INFO - [2m2025-07-01T20:35:47.226796Z[0m [[32m[1minfo     [0m] [1mInstalling extractor 'tap-csv'[0m
[2025-07-01T20:35:47.263+0000] {docker.py:429} INFO - [2m2025-07-01T20:35:47.261657Z[0m [[32m[1minfo     [0m] [1mInstalling extractor 'tap-csv-latest'[0m
[2025-07-01T20:35:47.307+0000] {docker.py:429} INFO - [2m2025-07-01T20:35:47.305488Z[0m [[32m[1minfo     [0m] [1mInstalling loader 'target-postgres'[0m
[2025-07-01T20:35:47.370+0000] {docker.py:429} INFO - [2m2025-07-01T20:35:47.368774Z[0m [[32m[1minfo     [0m] [1mInstalling loader 'target-csv'[0m
[2025-07-01T20:35:47.466+0000] {docker.py:429} INFO - [2m2025-07-01T20:35:47.465047Z[0m [[32m[1minfo     [0m] [1mInstalling loader 'target-csv-postgres'[0m
[2025-07-01T20:35:47.506+0000] {docker.py:429} INFO - [2m2025-07-01T20:35:47.505228Z[0m [[32m[1minfo     [0m] [1mInstalling loader 'target-csv-csv'[0m
[2025-07-01T20:35:50.309+0000] {docker.py:429} INFO - [2m2025-07-01T20:35:50.304181Z[0m [[32m[1minfo     [0m] [1mInstalled extractor 'tap-postgres'[0m
[2025-07-01T20:35:50.366+0000] {docker.py:429} INFO - [2m2025-07-01T20:35:50.364981Z[0m [[32m[1minfo     [0m] [1mInstalled loader 'target-postgres'[0m
[2025-07-01T20:35:58.500+0000] {docker.py:429} INFO - [2m2025-07-01T20:35:58.497976Z[0m [[32m[1minfo     [0m] [1mInstalled extractor 'tap-csv-latest'[0m
[2025-07-01T20:35:58.512+0000] {docker.py:429} INFO - [2m2025-07-01T20:35:58.511624Z[0m [[32m[1minfo     [0m] [1mInstalled extractor 'tap-csv' [0m
[2025-07-01T20:35:59.684+0000] {docker.py:429} INFO - [2m2025-07-01T20:35:59.677373Z[0m [[32m[1minfo     [0m] [1mInstalled loader 'target-csv' [0m
[2025-07-01T20:36:00.794+0000] {docker.py:429} INFO - [2m2025-07-01T20:36:00.793795Z[0m [[32m[1minfo     [0m] [1mInstalled loader 'target-csv-csv'[0m
[2025-07-01T20:36:00.857+0000] {docker.py:429} INFO - [2m2025-07-01T20:36:00.856389Z[0m [[32m[1minfo     [0m] [1mInstalled loader 'target-csv-postgres'[0m
[2025-07-01T20:36:00.859+0000] {docker.py:429} INFO - [2m2025-07-01T20:36:00.857446Z[0m [[32m[1minfo     [0m] [1mInstalled 7/7 plugins         [0m
[2025-07-01T20:36:01.910+0000] {docker.py:429} INFO - Meltano install completed. Executing command: meltano el tap-csv target-csv-csv
[2025-07-01T20:36:04.372+0000] {docker.py:429} INFO - [2m2025-07-01T20:36:04.371204Z[0m [[32m[1minfo     [0m] [1mEnvironment 'dev' is active   [0m
[2025-07-01T20:36:04.871+0000] {docker.py:429} INFO - [2m2025-07-01T20:36:04.870712Z[0m [[32m[1minfo     [0m] [1mRunning extract & load...     [0m [36mname[0m=[35mmeltano[0m [36mrun_id[0m=[35m5bd0383a-69fa-4eb9-bdb6-6ba0f4529fc7[0m [36mstate_id[0m=[35m2025-07-01T203604--tap-csv--target-csv-csv[0m
[2025-07-01T20:36:06.888+0000] {docker.py:429} INFO - [2m2025-07-01T20:36:06.874385Z[0m [[32m[1minfo     [0m] [1mINFO Sending version information to singer.io. To disable sending anonymous usage data, set the config parameter "disable_collection" to true[0m [36mcmd_type[0m=[35mloader[0m [36mname[0m=[35mtarget-csv-csv[0m [36mrun_id[0m=[35m5bd0383a-69fa-4eb9-bdb6-6ba0f4529fc7[0m [36mstate_id[0m=[35m2025-07-01T203604--tap-csv--target-csv-csv[0m [36mstdio[0m=[35mstderr[0m
[2025-07-01T20:36:07.423+0000] {docker.py:429} INFO - [2m2025-07-01T20:36:07.422129Z[0m [[32m[1minfo     [0m] [1m/opt/meltano/.meltano/extractors/tap-csv/venv/lib/python3.9/site-packages/singer_sdk/tap_base.py:516: SingerSDKDeprecationWarning: Passing a catalog file path is deprecated. Please pass the catalog as a dictionary or Catalog object instead.[0m [36mcmd_type[0m=[35mextractor[0m [36mname[0m=[35mtap-csv[0m [36mrun_id[0m=[35m5bd0383a-69fa-4eb9-bdb6-6ba0f4529fc7[0m [36mstate_id[0m=[35m2025-07-01T203604--tap-csv--target-csv-csv[0m [36mstdio[0m=[35mstderr[0m
[2025-07-01T20:36:07.423+0000] {docker.py:429} INFO - [2m2025-07-01T20:36:07.422721Z[0m [[32m[1minfo     [0m] [1m  tap = cls(                  [0m [36mcmd_type[0m=[35mextractor[0m [36mname[0m=[35mtap-csv[0m [36mrun_id[0m=[35m5bd0383a-69fa-4eb9-bdb6-6ba0f4529fc7[0m [36mstate_id[0m=[35m2025-07-01T203604--tap-csv--target-csv-csv[0m [36mstdio[0m=[35mstderr[0m
[2025-07-01T20:36:07.423+0000] {docker.py:429} INFO - [2m2025-07-01T20:36:07.423129Z[0m [[32m[1minfo     [0m] [1m                              [0m [36mcmd_type[0m=[35mextractor[0m [36mname[0m=[35mtap-csv[0m [36mrun_id[0m=[35m5bd0383a-69fa-4eb9-bdb6-6ba0f4529fc7[0m [36mstate_id[0m=[35m2025-07-01T203604--tap-csv--target-csv-csv[0m [36mstdio[0m=[35mstderr[0m
[2025-07-01T20:36:07.424+0000] {docker.py:429} INFO - [2m2025-07-01T20:36:07.423546Z[0m [[32m[1minfo     [0m] [1mBeginning full_table sync of 'order_details'...[0m [36mcmd_type[0m=[35mextractor[0m [36mname[0m=[35mtap-csv[0m [36mrun_id[0m=[35m5bd0383a-69fa-4eb9-bdb6-6ba0f4529fc7[0m [36mstate_id[0m=[35m2025-07-01T203604--tap-csv--target-csv-csv[0m [36mstdio[0m=[35mstderr[0m
[2025-07-01T20:36:07.424+0000] {docker.py:429} INFO - [2m2025-07-01T20:36:07.423819Z[0m [[32m[1minfo     [0m] [1mTap has custom mapper. Using 1 provided map(s).[0m [36mcmd_type[0m=[35mextractor[0m [36mname[0m=[35mtap-csv[0m [36mrun_id[0m=[35m5bd0383a-69fa-4eb9-bdb6-6ba0f4529fc7[0m [36mstate_id[0m=[35m2025-07-01T203604--tap-csv--target-csv-csv[0m [36mstdio[0m=[35mstderr[0m
[2025-07-01T20:36:07.643+0000] {docker.py:429} INFO - [2m2025-07-01T20:36:07.642473Z[0m [[32m[1minfo     [0m] [1mMETRIC: {"type": "timer", "metric": "sync_duration", "value": 0.21872973442077637, "tags": {"stream": "order_details", "pid": 176, "context": {}, "status": "succeeded"}}[0m [36mcmd_type[0m=[35mextractor[0m [36mname[0m=[35mtap-csv[0m [36mrun_id[0m=[35m5bd0383a-69fa-4eb9-bdb6-6ba0f4529fc7[0m [36mstate_id[0m=[35m2025-07-01T203604--tap-csv--target-csv-csv[0m [36mstdio[0m=[35mstderr[0m
[2025-07-01T20:36:07.643+0000] {docker.py:429} INFO - [2m2025-07-01T20:36:07.643009Z[0m [[32m[1minfo     [0m] [1mMETRIC: {"type": "counter", "metric": "record_count", "value": 2155, "tags": {"stream": "order_details", "pid": 176, "context": {}}}[0m [36mcmd_type[0m=[35mextractor[0m [36mname[0m=[35mtap-csv[0m [36mrun_id[0m=[35m5bd0383a-69fa-4eb9-bdb6-6ba0f4529fc7[0m [36mstate_id[0m=[35m2025-07-01T203604--tap-csv--target-csv-csv[0m [36mstdio[0m=[35mstderr[0m
[2025-07-01T20:36:07.751+0000] {docker.py:429} INFO - [2m2025-07-01T20:36:07.750500Z[0m [[32m[1minfo     [0m] [1mUsing systemdb state backend  [0m
[2025-07-01T20:36:07.759+0000] {docker.py:429} INFO - [2m2025-07-01T20:36:07.759084Z[0m [[32m[1minfo     [0m] [1mIncremental state has been updated at 2025-07-01 20:36:07.759043+00:00.[0m
[2025-07-01T20:36:07.762+0000] {docker.py:429} INFO - [2m2025-07-01T20:36:07.761732Z[0m [[32m[1minfo     [0m] [1mExtract & load complete!      [0m [36mname[0m=[35mmeltano[0m [36mrun_id[0m=[35m5bd0383a-69fa-4eb9-bdb6-6ba0f4529fc7[0m [36mstate_id[0m=[35m2025-07-01T203604--tap-csv--target-csv-csv[0m
[2025-07-01T20:36:07.763+0000] {docker.py:429} INFO - [2m2025-07-01T20:36:07.762089Z[0m [[32m[1minfo     [0m] [1mTransformation skipped.       [0m [36mname[0m=[35mmeltano[0m [36mrun_id[0m=[35m5bd0383a-69fa-4eb9-bdb6-6ba0f4529fc7[0m [36mstate_id[0m=[35m2025-07-01T203604--tap-csv--target-csv-csv[0m
[2025-07-01T20:36:09.276+0000] {taskinstance.py:1138} INFO - Marking task as SUCCESS. dag_id=northwind, task_id=extração_csv, execution_date=20250701T203501, start_date=20250701T203543, end_date=20250701T203609
[2025-07-01T20:36:09.316+0000] {local_task_job_runner.py:234} INFO - Task exited with return code 0
[2025-07-01T20:36:09.460+0000] {taskinstance.py:3280} INFO - 1 downstream tasks scheduled from follow-on schedule check
