[2025-07-07T20:11:53.414+0000] {taskinstance.py:1956} INFO - Dependencies all met for dep_context=non-requeueable deps ti=<TaskInstance: northwind.gerar_config_csv_dinamica manual__2025-07-07T20:10:36.921622+00:00 [queued]>
[2025-07-07T20:11:53.424+0000] {taskinstance.py:1956} INFO - Dependencies all met for dep_context=requeueable deps ti=<TaskInstance: northwind.gerar_config_csv_dinamica manual__2025-07-07T20:10:36.921622+00:00 [queued]>
[2025-07-07T20:11:53.425+0000] {taskinstance.py:2170} INFO - Starting attempt 1 of 2
[2025-07-07T20:11:53.438+0000] {taskinstance.py:2191} INFO - Executing <Task(DockerOperator): gerar_config_csv_dinamica> on 2025-07-07 20:10:36.921622+00:00
[2025-07-07T20:11:53.443+0000] {standard_task_runner.py:60} INFO - Started process 194 to run task
[2025-07-07T20:11:53.446+0000] {standard_task_runner.py:87} INFO - Running: ['***', 'tasks', 'run', 'northwind', 'gerar_config_csv_dinamica', 'manual__2025-07-07T20:10:36.921622+00:00', '--job-id', '22', '--raw', '--subdir', 'DAGS_FOLDER/northwind.py', '--cfg-path', '/tmp/tmppvprg79e']
[2025-07-07T20:11:53.450+0000] {standard_task_runner.py:88} INFO - Job 22: Subtask gerar_config_csv_dinamica
[2025-07-07T20:11:53.501+0000] {task_command.py:423} INFO - Running <TaskInstance: northwind.gerar_config_csv_dinamica manual__2025-07-07T20:10:36.921622+00:00 [running]> on host f4a43ea430c1
[2025-07-07T20:11:53.731+0000] {taskinstance.py:2480} INFO - Exporting env vars: AIRFLOW_CTX_DAG_EMAIL='lrbf@cin.ufpe.br' AIRFLOW_CTX_DAG_OWNER='***' AIRFLOW_CTX_DAG_ID='northwind' AIRFLOW_CTX_TASK_ID='gerar_config_csv_dinamica' AIRFLOW_CTX_EXECUTION_DATE='2025-07-07T20:10:36.921622+00:00' AIRFLOW_CTX_TRY_NUMBER='1' AIRFLOW_CTX_DAG_RUN_ID='manual__2025-07-07T20:10:36.921622+00:00'
[2025-07-07T20:11:53.956+0000] {docker.py:359} INFO - Starting docker container from image meltano:latest
[2025-07-07T20:11:55.207+0000] {docker.py:429} INFO - Running meltano install...
[2025-07-07T20:11:57.809+0000] {docker.py:429} INFO - [2m2025-07-07T20:11:57.808937Z[0m [[32m[1minfo     [0m] [1mInstalling 7 plugins          [0m
[2025-07-07T20:11:57.822+0000] {docker.py:429} INFO - [2m2025-07-07T20:11:57.821823Z[0m [[32m[1minfo     [0m] [1mInstalling extractor 'tap-postgres'[0m
[2025-07-07T20:11:57.869+0000] {docker.py:429} INFO - [2m2025-07-07T20:11:57.868649Z[0m [[32m[1minfo     [0m] [1mInstalling extractor 'tap-csv'[0m
[2025-07-07T20:11:57.911+0000] {docker.py:429} INFO - [2m2025-07-07T20:11:57.910418Z[0m [[32m[1minfo     [0m] [1mInstalling extractor 'tap-csv-latest'[0m
[2025-07-07T20:11:57.967+0000] {docker.py:429} INFO - [2m2025-07-07T20:11:57.966405Z[0m [[32m[1minfo     [0m] [1mInstalling loader 'target-postgres'[0m
[2025-07-07T20:11:58.025+0000] {docker.py:429} INFO - [2m2025-07-07T20:11:58.023279Z[0m [[32m[1minfo     [0m] [1mInstalling loader 'target-csv'[0m
[2025-07-07T20:11:58.094+0000] {docker.py:429} INFO - [2m2025-07-07T20:11:58.092842Z[0m [[32m[1minfo     [0m] [1mInstalling loader 'target-csv-postgres'[0m
[2025-07-07T20:11:58.160+0000] {docker.py:429} INFO - [2m2025-07-07T20:11:58.159166Z[0m [[32m[1minfo     [0m] [1mInstalling loader 'target-csv-csv'[0m
[2025-07-07T20:12:00.207+0000] {docker.py:429} INFO - [2m2025-07-07T20:12:00.206128Z[0m [[32m[1minfo     [0m] [1mInstalled extractor 'tap-postgres'[0m
[2025-07-07T20:12:00.345+0000] {docker.py:429} INFO - [2m2025-07-07T20:12:00.344058Z[0m [[32m[1minfo     [0m] [1mInstalled loader 'target-postgres'[0m
[2025-07-07T20:12:07.086+0000] {docker.py:429} INFO - [2m2025-07-07T20:12:07.085118Z[0m [[32m[1minfo     [0m] [1mInstalled extractor 'tap-csv-latest'[0m
[2025-07-07T20:12:07.086+0000] {docker.py:429} INFO - [2m2025-07-07T20:12:07.086314Z[0m [[32m[1minfo     [0m] [1mInstalled extractor 'tap-csv' [0m
[2025-07-07T20:12:08.225+0000] {docker.py:429} INFO - [2m2025-07-07T20:12:08.223940Z[0m [[32m[1minfo     [0m] [1mInstalled loader 'target-csv' [0m
[2025-07-07T20:12:08.668+0000] {docker.py:429} INFO - [2m2025-07-07T20:12:08.667520Z[0m [[32m[1minfo     [0m] [1mInstalled loader 'target-csv-csv'[0m
[2025-07-07T20:12:08.797+0000] {docker.py:429} INFO - [2m2025-07-07T20:12:08.795428Z[0m [[32m[1minfo     [0m] [1mInstalled loader 'target-csv-postgres'[0m
[2025-07-07T20:12:08.798+0000] {docker.py:429} INFO - [2m2025-07-07T20:12:08.796474Z[0m [[32m[1minfo     [0m] [1mInstalled 7/7 plugins         [0m
[2025-07-07T20:12:10.515+0000] {docker.py:429} INFO - Meltano install completed. Executing command: python /opt/meltano/scripts/generate_csv_config.py
[2025-07-07T20:12:10.594+0000] {docker.py:429} INFO - {"files": [{"entity": "order_details", "path": "/opt/output_data/csv/order_details/2025-07-07/file.csv", "keys": ["order_id", "product_id"], "delimiter": ",", "encoding": "utf-8"}, {"entity": "public-categories", "path": "/opt/output_data/postgres/public-categories/2025-07-07/file.csv", "keys": ["category_id"], "delimiter": ",", "encoding": "utf-8"}, {"entity": "public-products", "path": "/opt/output_data/postgres/public-products/2025-07-07/file.csv", "keys": ["product_id"], "delimiter": ",", "encoding": "utf-8"}, {"entity": "public-suppliers", "path": "/opt/output_data/postgres/public-suppliers/2025-07-07/file.csv", "keys": ["supplier_id"], "delimiter": ",", "encoding": "utf-8"}, {"entity": "public-orders", "path": "/opt/output_data/postgres/public-orders/2025-07-07/file.csv", "keys": ["order_id"], "delimiter": ",", "encoding": "utf-8"}, {"entity": "public-customers", "path": "/opt/output_data/postgres/public-customers/2025-07-07/file.csv", "keys": ["customer_id"], "delimiter": ",", "encoding": "utf-8"}, {"entity": "public-employees", "path": "/opt/output_data/postgres/public-employees/2025-07-07/file.csv", "keys": ["employee_id"], "delimiter": ",", "encoding": "utf-8"}, {"entity": "public-employee_territories", "path": "/opt/output_data/postgres/public-employee_territories/2025-07-07/file.csv", "keys": ["employee_id", "territory_id"], "delimiter": ",", "encoding": "utf-8"}, {"entity": "public-territories", "path": "/opt/output_data/postgres/public-territories/2025-07-07/file.csv", "keys": ["territory_id"], "delimiter": ",", "encoding": "utf-8"}, {"entity": "public-region", "path": "/opt/output_data/postgres/public-region/2025-07-07/file.csv", "keys": ["region_id"], "delimiter": ",", "encoding": "utf-8"}, {"entity": "public-shippers", "path": "/opt/output_data/postgres/public-shippers/2025-07-07/file.csv", "keys": ["shipper_id"], "delimiter": ",", "encoding": "utf-8"}, {"entity": "public-us_states", "path": "/opt/output_data/postgres/public-us_states/2025-07-07/file.csv", "keys": ["state_id"], "delimiter": ",", "encoding": "utf-8"}]}
[2025-07-07T20:12:10.949+0000] {taskinstance.py:1138} INFO - Marking task as SUCCESS. dag_id=northwind, task_id=gerar_config_csv_dinamica, execution_date=20250707T201036, start_date=20250707T201153, end_date=20250707T201210
[2025-07-07T20:12:11.011+0000] {local_task_job_runner.py:234} INFO - Task exited with return code 0
[2025-07-07T20:12:11.055+0000] {taskinstance.py:3280} INFO - 1 downstream tasks scheduled from follow-on schedule check
