[2025-06-24T20:41:06.173+0000] {taskinstance.py:1956} INFO - Dependencies all met for dep_context=non-requeueable deps ti=<TaskInstance: northwind.extração_csv manual__2025-06-24T20:40:46.253506+00:00 [queued]>
[2025-06-24T20:41:06.185+0000] {taskinstance.py:1956} INFO - Dependencies all met for dep_context=requeueable deps ti=<TaskInstance: northwind.extração_csv manual__2025-06-24T20:40:46.253506+00:00 [queued]>
[2025-06-24T20:41:06.186+0000] {taskinstance.py:2170} INFO - Starting attempt 1 of 2
[2025-06-24T20:41:06.202+0000] {taskinstance.py:2191} INFO - Executing <Task(DockerOperator): extração_csv> on 2025-06-24 20:40:46.253506+00:00
[2025-06-24T20:41:06.207+0000] {standard_task_runner.py:60} INFO - Started process 199 to run task
[2025-06-24T20:41:06.210+0000] {standard_task_runner.py:87} INFO - Running: ['***', 'tasks', 'run', 'northwind', 'extração_csv', 'manual__2025-06-24T20:40:46.253506+00:00', '--job-id', '107', '--raw', '--subdir', 'DAGS_FOLDER/dag.py', '--cfg-path', '/tmp/tmpfhgtn7ev']
[2025-06-24T20:41:06.213+0000] {standard_task_runner.py:88} INFO - Job 107: Subtask extração_csv
[2025-06-24T20:41:06.274+0000] {task_command.py:423} INFO - Running <TaskInstance: northwind.extração_csv manual__2025-06-24T20:40:46.253506+00:00 [running]> on host 2f206bf85820
[2025-06-24T20:41:06.368+0000] {taskinstance.py:2480} INFO - Exporting env vars: AIRFLOW_CTX_DAG_EMAIL='lrbf@cin.ufpe.br' AIRFLOW_CTX_DAG_OWNER='***' AIRFLOW_CTX_DAG_ID='northwind' AIRFLOW_CTX_TASK_ID='extração_csv' AIRFLOW_CTX_EXECUTION_DATE='2025-06-24T20:40:46.253506+00:00' AIRFLOW_CTX_TRY_NUMBER='1' AIRFLOW_CTX_DAG_RUN_ID='manual__2025-06-24T20:40:46.253506+00:00'
[2025-06-24T20:41:06.559+0000] {docker.py:359} INFO - Starting docker container from image meltano:latest
[2025-06-24T20:41:06.562+0000] {docker.py:367} WARNING - Using remote engine or docker-in-docker and mounting temporary volume from host is not supported. Falling back to `mount_tmp_dir=False` mode. You can set `mount_tmp_dir` parameter to False to disable mounting and remove the warning
[2025-06-24T20:41:06.954+0000] {docker.py:429} INFO - Running meltano install...
[2025-06-24T20:41:08.371+0000] {docker.py:429} INFO - [2m2025-06-24T20:41:08.370718Z[0m [[32m[1minfo     [0m] [1mInstalling 7 plugins          [0m
[2025-06-24T20:41:08.382+0000] {docker.py:429} INFO - [2m2025-06-24T20:41:08.381630Z[0m [[32m[1minfo     [0m] [1mInstalling extractor 'tap-postgres'[0m
[2025-06-24T20:41:08.399+0000] {docker.py:429} INFO - [2m2025-06-24T20:41:08.398641Z[0m [[32m[1minfo     [0m] [1mInstalling extractor 'tap-csv'[0m
[2025-06-24T20:41:08.420+0000] {docker.py:429} INFO - [2m2025-06-24T20:41:08.419425Z[0m [[32m[1minfo     [0m] [1mInstalling extractor 'tap-csv-latest'[0m
[2025-06-24T20:41:08.450+0000] {docker.py:429} INFO - [2m2025-06-24T20:41:08.449276Z[0m [[32m[1minfo     [0m] [1mInstalling loader 'target-postgres'[0m
[2025-06-24T20:41:08.478+0000] {docker.py:429} INFO - [2m2025-06-24T20:41:08.477498Z[0m [[32m[1minfo     [0m] [1mInstalling loader 'target-csv'[0m
[2025-06-24T20:41:08.514+0000] {docker.py:429} INFO - [2m2025-06-24T20:41:08.513890Z[0m [[32m[1minfo     [0m] [1mInstalling loader 'target-csv-postgres'[0m
[2025-06-24T20:41:08.550+0000] {docker.py:429} INFO - [2m2025-06-24T20:41:08.548808Z[0m [[32m[1minfo     [0m] [1mInstalling loader 'target-csv-csv'[0m
[2025-06-24T20:41:10.147+0000] {docker.py:429} INFO - [2m2025-06-24T20:41:10.146929Z[0m [[32m[1minfo     [0m] [1mInstalled extractor 'tap-postgres'[0m
[2025-06-24T20:41:10.286+0000] {docker.py:429} INFO - [2m2025-06-24T20:41:10.286117Z[0m [[32m[1minfo     [0m] [1mInstalled loader 'target-postgres'[0m
[2025-06-24T20:41:15.465+0000] {docker.py:429} INFO - [2m2025-06-24T20:41:15.464846Z[0m [[32m[1minfo     [0m] [1mInstalled extractor 'tap-csv' [0m
[2025-06-24T20:41:16.004+0000] {docker.py:429} INFO - [2m2025-06-24T20:41:16.004159Z[0m [[32m[1minfo     [0m] [1mInstalled loader 'target-csv' [0m
[2025-06-24T20:41:16.100+0000] {docker.py:429} INFO - [2m2025-06-24T20:41:16.099625Z[0m [[32m[1minfo     [0m] [1mInstalled extractor 'tap-csv-latest'[0m
[2025-06-24T20:41:16.310+0000] {docker.py:429} INFO - [2m2025-06-24T20:41:16.310111Z[0m [[32m[1minfo     [0m] [1mInstalled loader 'target-csv-csv'[0m
[2025-06-24T20:41:16.394+0000] {docker.py:429} INFO - [2m2025-06-24T20:41:16.394194Z[0m [[32m[1minfo     [0m] [1mInstalled loader 'target-csv-postgres'[0m
[2m2025-06-24T20:41:16.394511Z[0m [[32m[1minfo     [0m] [1mInstalled 7/7 plugins         [0m
[2025-06-24T20:41:17.308+0000] {docker.py:429} INFO - Meltano install completed. Executing command: meltano el tap-csv target-csv-csv
[2025-06-24T20:41:18.389+0000] {docker.py:429} INFO - [2m2025-06-24T20:41:18.388553Z[0m [[32m[1minfo     [0m] [1mEnvironment 'dev' is active   [0m
[2025-06-24T20:41:18.745+0000] {docker.py:429} INFO - [2m2025-06-24T20:41:18.745192Z[0m [[32m[1minfo     [0m] [1mRunning extract & load...     [0m [36mname[0m=[35mmeltano[0m [36mrun_id[0m=[35m618192eb-a121-4448-a82d-556121627ec3[0m [36mstate_id[0m=[35m2025-06-24T204118--tap-csv--target-csv-csv[0m
[2025-06-24T20:41:20.017+0000] {docker.py:429} INFO - [2m2025-06-24T20:41:20.016476Z[0m [[32m[1minfo     [0m] [1mINFO Sending version information to singer.io. To disable sending anonymous usage data, set the config parameter "disable_collection" to true[0m [36mcmd_type[0m=[35mloader[0m [36mname[0m=[35mtarget-csv-csv[0m [36mrun_id[0m=[35m618192eb-a121-4448-a82d-556121627ec3[0m [36mstate_id[0m=[35m2025-06-24T204118--tap-csv--target-csv-csv[0m [36mstdio[0m=[35mstderr[0m
[2025-06-24T20:41:20.243+0000] {docker.py:429} INFO - [2m2025-06-24T20:41:20.242562Z[0m [[32m[1minfo     [0m] [1mBeginning full_table sync of 'order_details'...[0m [36mcmd_type[0m=[35mextractor[0m [36mname[0m=[35mtap-csv[0m [36mrun_id[0m=[35m618192eb-a121-4448-a82d-556121627ec3[0m [36mstate_id[0m=[35m2025-06-24T204118--tap-csv--target-csv-csv[0m [36mstdio[0m=[35mstderr[0m
[2m2025-06-24T20:41:20.242863Z[0m [[32m[1minfo     [0m] [1mTap has custom mapper. Using 1 provided map(s).[0m [36mcmd_type[0m=[35mextractor[0m [36mname[0m=[35mtap-csv[0m [36mrun_id[0m=[35m618192eb-a121-4448-a82d-556121627ec3[0m [36mstate_id[0m=[35m2025-06-24T204118--tap-csv--target-csv-csv[0m [36mstdio[0m=[35mstderr[0m
[2025-06-24T20:41:20.383+0000] {docker.py:429} INFO - [2m2025-06-24T20:41:20.382538Z[0m [[32m[1minfo     [0m] [1mMETRIC: {"type": "timer", "metric": "sync_duration", "value": 0.13949918746948242, "tags": {"stream": "order_details", "pid": 174, "context": {}, "status": "succeeded"}}[0m [36mcmd_type[0m=[35mextractor[0m [36mname[0m=[35mtap-csv[0m [36mrun_id[0m=[35m618192eb-a121-4448-a82d-556121627ec3[0m [36mstate_id[0m=[35m2025-06-24T204118--tap-csv--target-csv-csv[0m [36mstdio[0m=[35mstderr[0m
[2025-06-24T20:41:20.383+0000] {docker.py:429} INFO - [2m2025-06-24T20:41:20.382937Z[0m [[32m[1minfo     [0m] [1mMETRIC: {"type": "counter", "metric": "record_count", "value": 2155, "tags": {"stream": "order_details", "pid": 174, "context": {}}}[0m [36mcmd_type[0m=[35mextractor[0m [36mname[0m=[35mtap-csv[0m [36mrun_id[0m=[35m618192eb-a121-4448-a82d-556121627ec3[0m [36mstate_id[0m=[35m2025-06-24T204118--tap-csv--target-csv-csv[0m [36mstdio[0m=[35mstderr[0m
[2025-06-24T20:41:20.501+0000] {docker.py:429} INFO - [2m2025-06-24T20:41:20.500076Z[0m [[32m[1minfo     [0m] [1mUsing systemdb state backend  [0m
[2025-06-24T20:41:20.513+0000] {docker.py:429} INFO - [2m2025-06-24T20:41:20.513219Z[0m [[32m[1minfo     [0m] [1mIncremental state has been updated at 2025-06-24 20:41:20.513185+00:00.[0m
[2025-06-24T20:41:20.514+0000] {docker.py:429} INFO - [2m2025-06-24T20:41:20.514275Z[0m [[32m[1minfo     [0m] [1mExtract & load complete!      [0m [36mname[0m=[35mmeltano[0m [36mrun_id[0m=[35m618192eb-a121-4448-a82d-556121627ec3[0m [36mstate_id[0m=[35m2025-06-24T204118--tap-csv--target-csv-csv[0m
[2025-06-24T20:41:20.515+0000] {docker.py:429} INFO - [2m2025-06-24T20:41:20.514591Z[0m [[32m[1minfo     [0m] [1mTransformation skipped.       [0m [36mname[0m=[35mmeltano[0m [36mrun_id[0m=[35m618192eb-a121-4448-a82d-556121627ec3[0m [36mstate_id[0m=[35m2025-06-24T204118--tap-csv--target-csv-csv[0m
[2025-06-24T20:41:21.690+0000] {taskinstance.py:1138} INFO - Marking task as SUCCESS. dag_id=northwind, task_id=extração_csv, execution_date=20250624T204046, start_date=20250624T204106, end_date=20250624T204121
[2025-06-24T20:41:21.719+0000] {local_task_job_runner.py:234} INFO - Task exited with return code 0
[2025-06-24T20:41:21.739+0000] {taskinstance.py:3280} INFO - 1 downstream tasks scheduled from follow-on schedule check
