[2025-06-18T00:38:45.630+0000] {taskinstance.py:1956} INFO - Dependencies all met for dep_context=non-requeueable deps ti=<TaskInstance: northwind.extração_postgres manual__2025-06-17T21:37:53.006384+00:00 [queued]>
[2025-06-18T00:38:45.641+0000] {taskinstance.py:1956} INFO - Dependencies all met for dep_context=requeueable deps ti=<TaskInstance: northwind.extração_postgres manual__2025-06-17T21:37:53.006384+00:00 [queued]>
[2025-06-18T00:38:45.642+0000] {taskinstance.py:2170} INFO - Starting attempt 2 of 2
[2025-06-18T00:38:45.655+0000] {taskinstance.py:2191} INFO - Executing <Task(DockerOperator): extração_postgres> on 2025-06-17 21:37:53.006384+00:00
[2025-06-18T00:38:45.662+0000] {standard_task_runner.py:60} INFO - Started process 189 to run task
[2025-06-18T00:38:45.665+0000] {standard_task_runner.py:87} INFO - Running: ['***', 'tasks', 'run', 'northwind', 'extração_postgres', 'manual__2025-06-17T21:37:53.006384+00:00', '--job-id', '6', '--raw', '--subdir', 'DAGS_FOLDER/dag.py', '--cfg-path', '/tmp/tmpffdjmo03']
[2025-06-18T00:38:45.667+0000] {standard_task_runner.py:88} INFO - Job 6: Subtask extração_postgres
[2025-06-18T00:38:45.733+0000] {task_command.py:423} INFO - Running <TaskInstance: northwind.extração_postgres manual__2025-06-17T21:37:53.006384+00:00 [running]> on host bc7f7065c66f
[2025-06-18T00:38:45.828+0000] {taskinstance.py:2480} INFO - Exporting env vars: AIRFLOW_CTX_DAG_EMAIL='lrbf@cin.ufpe.br' AIRFLOW_CTX_DAG_OWNER='***' AIRFLOW_CTX_DAG_ID='northwind' AIRFLOW_CTX_TASK_ID='extração_postgres' AIRFLOW_CTX_EXECUTION_DATE='2025-06-17T21:37:53.006384+00:00' AIRFLOW_CTX_TRY_NUMBER='2' AIRFLOW_CTX_DAG_RUN_ID='manual__2025-06-17T21:37:53.006384+00:00'
[2025-06-18T00:38:45.994+0000] {docker.py:359} INFO - Starting docker container from image indicium_pipeline-meltano:latest
[2025-06-18T00:38:46.869+0000] {docker.py:429} INFO - Running meltano install...
[2025-06-18T00:38:49.095+0000] {docker.py:429} INFO - [2m2025-06-18T00:38:49.094060Z[0m [[32m[1minfo     [0m] [1mInstalling 7 plugins          [0m
[2025-06-18T00:38:49.108+0000] {docker.py:429} INFO - [2m2025-06-18T00:38:49.108249Z[0m [[32m[1minfo     [0m] [1mInstalling extractor 'tap-postgres'[0m
[2025-06-18T00:38:49.122+0000] {docker.py:429} INFO - [2m2025-06-18T00:38:49.121607Z[0m [[32m[1minfo     [0m] [1mInstalling extractor 'tap-csv'[0m
[2025-06-18T00:38:49.138+0000] {docker.py:429} INFO - [2m2025-06-18T00:38:49.137808Z[0m [[32m[1minfo     [0m] [1mInstalling extractor 'tap-csv-latest'[0m
[2025-06-18T00:38:49.157+0000] {docker.py:429} INFO - [2m2025-06-18T00:38:49.156412Z[0m [[32m[1minfo     [0m] [1mInstalling loader 'target-postgres'[0m
[2025-06-18T00:38:49.183+0000] {docker.py:429} INFO - [2m2025-06-18T00:38:49.182591Z[0m [[32m[1minfo     [0m] [1mInstalling loader 'target-csv'[0m
[2025-06-18T00:38:49.213+0000] {docker.py:429} INFO - [2m2025-06-18T00:38:49.212600Z[0m [[32m[1minfo     [0m] [1mInstalling loader 'target-csv-postgres'[0m
[2025-06-18T00:38:49.250+0000] {docker.py:429} INFO - [2m2025-06-18T00:38:49.249321Z[0m [[32m[1minfo     [0m] [1mInstalling loader 'target-csv-csv'[0m
[2025-06-18T19:17:23.189+0000] {docker.py:429} INFO - [2m2025-06-18T19:17:23.142642Z[0m [[32m[1minfo     [0m] [1mInstalled loader 'target-postgres'[0m
[2025-06-18T19:17:23.198+0000] {docker.py:429} INFO - [2m2025-06-18T19:17:23.197550Z[0m [[32m[1minfo     [0m] [1mInstalled extractor 'tap-postgres'[0m
[2025-06-18T19:17:30.347+0000] {docker.py:429} INFO - [2m2025-06-18T19:17:30.347071Z[0m [[32m[1minfo     [0m] [1mLogged pip install output to /opt/meltano/.meltano/logs/pip/extractors/tap-csv/pip.log[0m
[2025-06-18T19:17:30.348+0000] {docker.py:429} INFO - [2m2025-06-18T19:17:30.347454Z[0m [[31m[1merror    [0m] [1mExtractor 'tap-csv' could not be installed: Failed to install plugin 'tap-csv'.[0m [36mdetails[0m=[35m"Collecting git+https://github.com/MeltanoLabs/tap-csv.git\n  Cloning https://github.com/MeltanoLabs/tap-csv.git to /tmp/pip-req-build-40ln1e5u\n  Running command git clone --filter=blob:none --quiet https://github.com/MeltanoLabs/tap-csv.git /tmp/pip-req-build-40ln1e5u\n  fatal: unable to access 'https://github.com/MeltanoLabs/tap-csv.git/': Could not resolve host: github.com\n  error: subprocess-exited-with-error\n  \n  × git clone --filter=blob:none --quiet https://github.com/MeltanoLabs/tap-csv.git /tmp/pip-req-build-40ln1e5u did not run successfully.\n  │ exit code: 128\n  ╰─> See above for output.\n  \n  note: This error originates from a subprocess, and is likely not a problem with pip.\nerror: subprocess-exited-with-error\n\n× git clone --filter=blob:none --quiet https://github.com/MeltanoLabs/tap-csv.git /tmp/pip-req-build-40ln1e5u did not run successfully.\n│ exit code: 128\n╰─> See above for output.\n\nnote: This error originates from a subprocess, and is likely not a problem with pip.\n"[0m
[2025-06-18T19:17:30.372+0000] {docker.py:429} INFO - [2m2025-06-18T19:17:30.372213Z[0m [[32m[1minfo     [0m] [1mLogged pip install output to /opt/meltano/.meltano/logs/pip/extractors/tap-csv-latest/pip.log[0m
[2025-06-18T19:17:30.373+0000] {docker.py:429} INFO - [2m2025-06-18T19:17:30.372496Z[0m [[31m[1merror    [0m] [1mExtractor 'tap-csv-latest' could not be installed: Failed to install plugin 'tap-csv-latest'.[0m [36mdetails[0m=[35m"Collecting git+https://github.com/MeltanoLabs/tap-csv.git\n  Cloning https://github.com/MeltanoLabs/tap-csv.git to /tmp/pip-req-build-_ne519t2\n  Running command git clone --filter=blob:none --quiet https://github.com/MeltanoLabs/tap-csv.git /tmp/pip-req-build-_ne519t2\n  fatal: unable to access 'https://github.com/MeltanoLabs/tap-csv.git/': Could not resolve host: github.com\n  error: subprocess-exited-with-error\n  \n  × git clone --filter=blob:none --quiet https://github.com/MeltanoLabs/tap-csv.git /tmp/pip-req-build-_ne519t2 did not run successfully.\n  │ exit code: 128\n  ╰─> See above for output.\n  \n  note: This error originates from a subprocess, and is likely not a problem with pip.\nerror: subprocess-exited-with-error\n\n× git clone --filter=blob:none --quiet https://github.com/MeltanoLabs/tap-csv.git /tmp/pip-req-build-_ne519t2 did not run successfully.\n│ exit code: 128\n╰─> See above for output.\n\nnote: This error originates from a subprocess, and is likely not a problem with pip.\n"[0m
[2025-06-18T19:17:30.378+0000] {docker.py:429} INFO - [2m2025-06-18T19:17:30.378151Z[0m [[32m[1minfo     [0m] [1mLogged pip install output to /opt/meltano/.meltano/logs/pip/loaders/target-csv-postgres/pip.log[0m
[2025-06-18T19:17:30.379+0000] {docker.py:429} INFO - [2m2025-06-18T19:17:30.378429Z[0m [[31m[1merror    [0m] [1mLoader 'target-csv-postgres' could not be installed: Failed to install plugin 'target-csv-postgres'.[0m [36mdetails[0m=[35m"Collecting git+https://github.com/roboberto1403/target-csv-1\n  Cloning https://github.com/roboberto1403/target-csv-1 to /tmp/pip-req-build-cqb9r9hh\n  Running command git clone --filter=blob:none --quiet https://github.com/roboberto1403/target-csv-1 /tmp/pip-req-build-cqb9r9hh\n  fatal: unable to access 'https://github.com/roboberto1403/target-csv-1/': Could not resolve host: github.com\n  error: subprocess-exited-with-error\n  \n  × git clone --filter=blob:none --quiet https://github.com/roboberto1403/target-csv-1 /tmp/pip-req-build-cqb9r9hh did not run successfully.\n  │ exit code: 128\n  ╰─> See above for output.\n  \n  note: This error originates from a subprocess, and is likely not a problem with pip.\nerror: subprocess-exited-with-error\n\n× git clone --filter=blob:none --quiet https://github.com/roboberto1403/target-csv-1 /tmp/pip-req-build-cqb9r9hh did not run successfully.\n│ exit code: 128\n╰─> See above for output.\n\nnote: This error originates from a subprocess, and is likely not a problem with pip.\n"[0m
[2025-06-18T19:17:30.415+0000] {docker.py:429} INFO - [2m2025-06-18T19:17:30.414412Z[0m [[32m[1minfo     [0m] [1mLogged pip install output to /opt/meltano/.meltano/logs/pip/loaders/target-csv/pip.log[0m
[2m2025-06-18T19:17:30.414655Z[0m [[31m[1merror    [0m] [1mLoader 'target-csv' could not be installed: Failed to install plugin 'target-csv'.[0m [36mdetails[0m=[35m"Collecting git+https://github.com/singer-io/target-csv.git\n  Cloning https://github.com/singer-io/target-csv.git to /tmp/pip-req-build-zk5fitc3\n  Running command git clone --filter=blob:none --quiet https://github.com/singer-io/target-csv.git /tmp/pip-req-build-zk5fitc3\n  fatal: unable to access 'https://github.com/singer-io/target-csv.git/': Could not resolve host: github.com\n  error: subprocess-exited-with-error\n  \n  × git clone --filter=blob:none --quiet https://github.com/singer-io/target-csv.git /tmp/pip-req-build-zk5fitc3 did not run successfully.\n  │ exit code: 128\n  ╰─> See above for output.\n  \n  note: This error originates from a subprocess, and is likely not a problem with pip.\nerror: subprocess-exited-with-error\n\n× git clone --filter=blob:none --quiet https://github.com/singer-io/target-csv.git /tmp/pip-req-build-zk5fitc3 did not run successfully.\n│ exit code: 128\n╰─> See above for output.\n\nnote: This error originates from a subprocess, and is likely not a problem with pip.\n"[0m
[2025-06-18T19:17:30.902+0000] {docker.py:429} INFO - [2m2025-06-18T19:17:30.902224Z[0m [[32m[1minfo     [0m] [1mLogged pip install output to /opt/meltano/.meltano/logs/pip/loaders/target-csv-csv/pip.log[0m
[2025-06-18T19:17:30.903+0000] {docker.py:429} INFO - [2m2025-06-18T19:17:30.902502Z[0m [[31m[1merror    [0m] [1mLoader 'target-csv-csv' could not be installed: Failed to install plugin 'target-csv-csv'.[0m [36mdetails[0m=[35m"Collecting git+https://github.com/roboberto1403/target-csv-2\n  Cloning https://github.com/roboberto1403/target-csv-2 to /tmp/pip-req-build-w18nl1jl\n  Running command git clone --filter=blob:none --quiet https://github.com/roboberto1403/target-csv-2 /tmp/pip-req-build-w18nl1jl\n  fatal: unable to access 'https://github.com/roboberto1403/target-csv-2/': Could not resolve host: github.com\n  error: subprocess-exited-with-error\n  \n  × git clone --filter=blob:none --quiet https://github.com/roboberto1403/target-csv-2 /tmp/pip-req-build-w18nl1jl did not run successfully.\n  │ exit code: 128\n  ╰─> See above for output.\n  \n  note: This error originates from a subprocess, and is likely not a problem with pip.\nerror: subprocess-exited-with-error\n\n× git clone --filter=blob:none --quiet https://github.com/roboberto1403/target-csv-2 /tmp/pip-req-build-w18nl1jl did not run successfully.\n│ exit code: 128\n╰─> See above for output.\n\nnote: This error originates from a subprocess, and is likely not a problem with pip.\n"[0m
[2025-06-18T19:17:30.903+0000] {docker.py:429} INFO - [2m2025-06-18T19:17:30.902872Z[0m [[33m[1mwarning  [0m] [1mInstalled 2/7 plugins         [0m
[2025-06-18T19:17:30.906+0000] {docker.py:429} INFO - Need help fixing this problem? Visit http://melta.no/ for troubleshooting steps, or to
join our friendly Slack community.

Failed to install plugin(s)
[2025-06-18T19:17:38.935+0000] {docker.py:429} INFO - [2m2025-06-18T19:17:38.934473Z[0m [[33m[1mwarning  [0m] [1mRetrying (Retry(total=2, connect=None, read=None, redirect=None, status=0)) after connection broken by 'NameResolutionError("<urllib3.connection.HTTPSConnection object at 0x7f6bdd5ae080>: Failed to resolve 'sp.meltano.com' ([Errno -3] Temporary failure in name resolution)")': /com.snowplowanalytics.snowplow/tp2[0m
[2025-06-18T19:17:46.952+0000] {docker.py:429} INFO - [2m2025-06-18T19:17:46.951511Z[0m [[33m[1mwarning  [0m] [1mRetrying (Retry(total=1, connect=None, read=None, redirect=None, status=0)) after connection broken by 'NameResolutionError("<urllib3.connection.HTTPSConnection object at 0x7f6bdd5ae710>: Failed to resolve 'sp.meltano.com' ([Errno -3] Temporary failure in name resolution)")': /com.snowplowanalytics.snowplow/tp2[0m
[2025-06-18T19:17:54.902+0000] {local_task_job_runner.py:302} WARNING - State of this instance has been externally set to failed. Terminating instance.
[2025-06-18T19:17:54.929+0000] {process_utils.py:131} INFO - Sending 15 to group 189. PIDs of all processes in the group: [189]
[2025-06-18T19:17:54.930+0000] {process_utils.py:86} INFO - Sending the signal 15 to group 189
[2025-06-18T19:17:54.932+0000] {taskinstance.py:2450} ERROR - Received SIGTERM. Terminating subprocesses.
[2025-06-18T19:17:54.933+0000] {docker.py:521} INFO - Stopping docker container
[2025-06-18T19:18:11.148+0000] {process_utils.py:79} INFO - Process psutil.Process(pid=189, status='terminated', exitcode=0, started='00:38:44') (189) terminated with exit code 0
