[2025-07-01T12:24:31.596+0000] {taskinstance.py:1956} INFO - Dependencies all met for dep_context=non-requeueable deps ti=<TaskInstance: northwind.gerar_config_csv_dinamica manual__2025-07-01T12:23:51.035112+00:00 [queued]>
[2025-07-01T12:24:31.603+0000] {taskinstance.py:1956} INFO - Dependencies all met for dep_context=requeueable deps ti=<TaskInstance: northwind.gerar_config_csv_dinamica manual__2025-07-01T12:23:51.035112+00:00 [queued]>
[2025-07-01T12:24:31.604+0000] {taskinstance.py:2170} INFO - Starting attempt 1 of 2
[2025-07-01T12:24:31.616+0000] {taskinstance.py:2191} INFO - Executing <Task(DockerOperator): gerar_config_csv_dinamica> on 2025-07-01 12:23:51.035112+00:00
[2025-07-01T12:24:31.620+0000] {standard_task_runner.py:60} INFO - Started process 189 to run task
[2025-07-01T12:24:31.625+0000] {standard_task_runner.py:87} INFO - Running: ['***', 'tasks', 'run', 'northwind', 'gerar_config_csv_dinamica', 'manual__2025-07-01T12:23:51.035112+00:00', '--job-id', '24', '--raw', '--subdir', 'DAGS_FOLDER/dag.py', '--cfg-path', '/tmp/tmpjp6t0bq5']
[2025-07-01T12:24:31.627+0000] {standard_task_runner.py:88} INFO - Job 24: Subtask gerar_config_csv_dinamica
[2025-07-01T12:24:31.675+0000] {task_command.py:423} INFO - Running <TaskInstance: northwind.gerar_config_csv_dinamica manual__2025-07-01T12:23:51.035112+00:00 [running]> on host 9dc97b55674e
[2025-07-01T12:24:31.754+0000] {taskinstance.py:2480} INFO - Exporting env vars: AIRFLOW_CTX_DAG_EMAIL='lrbf@cin.ufpe.br' AIRFLOW_CTX_DAG_OWNER='***' AIRFLOW_CTX_DAG_ID='northwind' AIRFLOW_CTX_TASK_ID='gerar_config_csv_dinamica' AIRFLOW_CTX_EXECUTION_DATE='2025-07-01T12:23:51.035112+00:00' AIRFLOW_CTX_TRY_NUMBER='1' AIRFLOW_CTX_DAG_RUN_ID='manual__2025-07-01T12:23:51.035112+00:00'
[2025-07-01T12:24:31.822+0000] {docker.py:359} INFO - Starting docker container from image meltano:latest
[2025-07-01T12:24:32.093+0000] {docker.py:429} INFO - Running meltano install...
[2025-07-01T12:24:33.612+0000] {docker.py:429} INFO - [2m2025-07-01T12:24:33.611366Z[0m [[32m[1minfo     [0m] [1mInstalling 7 plugins          [0m
[2025-07-01T12:24:33.624+0000] {docker.py:429} INFO - [2m2025-07-01T12:24:33.624292Z[0m [[32m[1minfo     [0m] [1mInstalling extractor 'tap-postgres'[0m
[2025-07-01T12:24:33.644+0000] {docker.py:429} INFO - [2m2025-07-01T12:24:33.643964Z[0m [[32m[1minfo     [0m] [1mInstalling extractor 'tap-csv'[0m
[2025-07-01T12:24:33.667+0000] {docker.py:429} INFO - [2m2025-07-01T12:24:33.666477Z[0m [[32m[1minfo     [0m] [1mInstalling extractor 'tap-csv-latest'[0m
[2025-07-01T12:24:33.697+0000] {docker.py:429} INFO - [2m2025-07-01T12:24:33.696817Z[0m [[32m[1minfo     [0m] [1mInstalling loader 'target-postgres'[0m
[2025-07-01T12:24:33.738+0000] {docker.py:429} INFO - [2m2025-07-01T12:24:33.736194Z[0m [[32m[1minfo     [0m] [1mInstalling loader 'target-csv'[0m
[2025-07-01T12:24:33.793+0000] {docker.py:429} INFO - [2m2025-07-01T12:24:33.792147Z[0m [[32m[1minfo     [0m] [1mInstalling loader 'target-csv-postgres'[0m
[2025-07-01T12:24:33.841+0000] {docker.py:429} INFO - [2m2025-07-01T12:24:33.840591Z[0m [[32m[1minfo     [0m] [1mInstalling loader 'target-csv-csv'[0m
[2025-07-01T12:24:35.599+0000] {docker.py:429} INFO - [2m2025-07-01T12:24:35.597739Z[0m [[32m[1minfo     [0m] [1mInstalled extractor 'tap-postgres'[0m
[2025-07-01T12:24:35.705+0000] {docker.py:429} INFO - [2m2025-07-01T12:24:35.705198Z[0m [[32m[1minfo     [0m] [1mInstalled loader 'target-postgres'[0m
[2025-07-01T12:24:40.755+0000] {docker.py:429} INFO - [2m2025-07-01T12:24:40.754191Z[0m [[32m[1minfo     [0m] [1mInstalled extractor 'tap-csv' [0m
[2025-07-01T12:24:40.877+0000] {docker.py:429} INFO - [2m2025-07-01T12:24:40.876038Z[0m [[32m[1minfo     [0m] [1mInstalled extractor 'tap-csv-latest'[0m
[2025-07-01T12:24:41.017+0000] {docker.py:429} INFO - [2m2025-07-01T12:24:41.016425Z[0m [[32m[1minfo     [0m] [1mInstalled loader 'target-csv' [0m
[2025-07-01T12:24:41.362+0000] {docker.py:429} INFO - [2m2025-07-01T12:24:41.362267Z[0m [[32m[1minfo     [0m] [1mInstalled loader 'target-csv-postgres'[0m
[2025-07-01T12:24:42.145+0000] {docker.py:429} INFO - [2m2025-07-01T12:24:42.144594Z[0m [[32m[1minfo     [0m] [1mInstalled loader 'target-csv-csv'[0m
[2025-07-01T12:24:42.145+0000] {docker.py:429} INFO - [2m2025-07-01T12:24:42.145000Z[0m [[32m[1minfo     [0m] [1mInstalled 7/7 plugins         [0m
[2025-07-01T12:24:43.063+0000] {docker.py:429} INFO - Meltano install completed. Executing command: python /opt/meltano/scripts/generate_csv_config.py
[2025-07-01T12:24:43.113+0000] {docker.py:429} INFO - ✔️ Configuração para tap-csv-latest gerada com sucesso em: /opt/meltano/config/tap-csv-latest.json
[2025-07-01T12:24:43.361+0000] {taskinstance.py:1138} INFO - Marking task as SUCCESS. dag_id=northwind, task_id=gerar_config_csv_dinamica, execution_date=20250701T122351, start_date=20250701T122431, end_date=20250701T122443
[2025-07-01T12:24:43.406+0000] {local_task_job_runner.py:234} INFO - Task exited with return code 0
[2025-07-01T12:24:43.435+0000] {taskinstance.py:3280} INFO - 1 downstream tasks scheduled from follow-on schedule check
