[2025-06-24T19:49:18.521+0000] {taskinstance.py:1956} INFO - Dependencies all met for dep_context=non-requeueable deps ti=<TaskInstance: northwind.gerar_config_py manual__2025-06-24T19:48:36.653715+00:00 [queued]>
[2025-06-24T19:49:18.529+0000] {taskinstance.py:1956} INFO - Dependencies all met for dep_context=requeueable deps ti=<TaskInstance: northwind.gerar_config_py manual__2025-06-24T19:48:36.653715+00:00 [queued]>
[2025-06-24T19:49:18.529+0000] {taskinstance.py:2170} INFO - Starting attempt 1 of 2
[2025-06-24T19:49:18.541+0000] {taskinstance.py:2191} INFO - Executing <Task(DockerOperator): gerar_config_py> on 2025-06-24 19:48:36.653715+00:00
[2025-06-24T19:49:18.545+0000] {standard_task_runner.py:60} INFO - Started process 196 to run task
[2025-06-24T19:49:18.548+0000] {standard_task_runner.py:87} INFO - Running: ['***', 'tasks', 'run', 'northwind', 'gerar_config_py', 'manual__2025-06-24T19:48:36.653715+00:00', '--job-id', '90', '--raw', '--subdir', 'DAGS_FOLDER/dag.py', '--cfg-path', '/tmp/tmpvp6a27q7']
[2025-06-24T19:49:18.550+0000] {standard_task_runner.py:88} INFO - Job 90: Subtask gerar_config_py
[2025-06-24T19:49:18.600+0000] {task_command.py:423} INFO - Running <TaskInstance: northwind.gerar_config_py manual__2025-06-24T19:48:36.653715+00:00 [running]> on host 2f206bf85820
[2025-06-24T19:49:18.671+0000] {taskinstance.py:2480} INFO - Exporting env vars: AIRFLOW_CTX_DAG_EMAIL='lrbf@cin.ufpe.br' AIRFLOW_CTX_DAG_OWNER='***' AIRFLOW_CTX_DAG_ID='northwind' AIRFLOW_CTX_TASK_ID='gerar_config_py' AIRFLOW_CTX_EXECUTION_DATE='2025-06-24T19:48:36.653715+00:00' AIRFLOW_CTX_TRY_NUMBER='1' AIRFLOW_CTX_DAG_RUN_ID='manual__2025-06-24T19:48:36.653715+00:00'
[2025-06-24T19:49:18.758+0000] {docker.py:359} INFO - Starting docker container from image meltano:latest
[2025-06-24T19:49:19.073+0000] {docker.py:429} INFO - Running meltano install...
[2025-06-24T19:49:20.290+0000] {docker.py:429} INFO - [2m2025-06-24T19:49:20.289828Z[0m [[32m[1minfo     [0m] [1mInstalling 7 plugins          [0m
[2025-06-24T19:49:20.302+0000] {docker.py:429} INFO - [2m2025-06-24T19:49:20.301662Z[0m [[32m[1minfo     [0m] [1mInstalling extractor 'tap-postgres'[0m
[2025-06-24T19:49:20.317+0000] {docker.py:429} INFO - [2m2025-06-24T19:49:20.316358Z[0m [[32m[1minfo     [0m] [1mInstalling extractor 'tap-csv'[0m
[2025-06-24T19:49:20.346+0000] {docker.py:429} INFO - [2m2025-06-24T19:49:20.345270Z[0m [[32m[1minfo     [0m] [1mInstalling extractor 'tap-csv-latest'[0m
[2025-06-24T19:49:20.371+0000] {docker.py:429} INFO - [2m2025-06-24T19:49:20.370454Z[0m [[32m[1minfo     [0m] [1mInstalling loader 'target-postgres'[0m
[2025-06-24T19:49:20.404+0000] {docker.py:429} INFO - [2m2025-06-24T19:49:20.403866Z[0m [[32m[1minfo     [0m] [1mInstalling loader 'target-csv'[0m
[2025-06-24T19:49:20.444+0000] {docker.py:429} INFO - [2m2025-06-24T19:49:20.436835Z[0m [[32m[1minfo     [0m] [1mInstalling loader 'target-csv-postgres'[0m
[2025-06-24T19:49:20.472+0000] {docker.py:429} INFO - [2m2025-06-24T19:49:20.472081Z[0m [[32m[1minfo     [0m] [1mInstalling loader 'target-csv-csv'[0m
[2025-06-24T19:49:22.162+0000] {docker.py:429} INFO - [2m2025-06-24T19:49:22.161297Z[0m [[32m[1minfo     [0m] [1mInstalled extractor 'tap-postgres'[0m
[2025-06-24T19:49:22.195+0000] {docker.py:429} INFO - [2m2025-06-24T19:49:22.194975Z[0m [[32m[1minfo     [0m] [1mInstalled loader 'target-postgres'[0m
[2025-06-24T19:49:26.863+0000] {docker.py:429} INFO - [2m2025-06-24T19:49:26.862396Z[0m [[32m[1minfo     [0m] [1mInstalled extractor 'tap-csv-latest'[0m
[2025-06-24T19:49:26.947+0000] {docker.py:429} INFO - [2m2025-06-24T19:49:26.946727Z[0m [[32m[1minfo     [0m] [1mInstalled extractor 'tap-csv' [0m
[2025-06-24T19:49:27.772+0000] {docker.py:429} INFO - [2m2025-06-24T19:49:27.771552Z[0m [[32m[1minfo     [0m] [1mInstalled loader 'target-csv' [0m
[2025-06-24T19:49:28.021+0000] {docker.py:429} INFO - [2m2025-06-24T19:49:28.020580Z[0m [[32m[1minfo     [0m] [1mInstalled loader 'target-csv-csv'[0m
[2025-06-24T19:49:28.127+0000] {docker.py:429} INFO - [2m2025-06-24T19:49:28.126087Z[0m [[32m[1minfo     [0m] [1mInstalled loader 'target-csv-postgres'[0m
[2m2025-06-24T19:49:28.126341Z[0m [[32m[1minfo     [0m] [1mInstalled 7/7 plugins         [0m
[2025-06-24T19:49:29.041+0000] {docker.py:429} INFO - Meltano install completed. Executing command: python3 scripts/generate_csv_config.py
[2025-06-24T19:49:29.085+0000] {docker.py:429} INFO - ✔️ Configuração para tap-csv-latest gerada com sucesso em: /opt/meltano/config/tap-csv-latest.json
[2025-06-24T19:49:29.361+0000] {taskinstance.py:1138} INFO - Marking task as SUCCESS. dag_id=northwind, task_id=gerar_config_py, execution_date=20250624T194836, start_date=20250624T194918, end_date=20250624T194929
[2025-06-24T19:49:29.401+0000] {local_task_job_runner.py:234} INFO - Task exited with return code 0
[2025-06-24T19:49:29.417+0000] {taskinstance.py:3280} INFO - 1 downstream tasks scheduled from follow-on schedule check
