[2025-06-23T23:17:43.916+0000] {taskinstance.py:1956} INFO - Dependencies all met for dep_context=non-requeueable deps ti=<TaskInstance: northwind.extração_csv manual__2025-06-23T23:17:06.498232+00:00 [queued]>
[2025-06-23T23:17:44.024+0000] {taskinstance.py:1956} INFO - Dependencies all met for dep_context=requeueable deps ti=<TaskInstance: northwind.extração_csv manual__2025-06-23T23:17:06.498232+00:00 [queued]>
[2025-06-23T23:17:44.024+0000] {taskinstance.py:2170} INFO - Starting attempt 1 of 2
[2025-06-23T23:17:44.178+0000] {taskinstance.py:2191} INFO - Executing <Task(DockerOperator): extração_csv> on 2025-06-23 23:17:06.498232+00:00
[2025-06-23T23:17:44.206+0000] {standard_task_runner.py:87} INFO - Running: ['***', 'tasks', 'run', 'northwind', 'extração_csv', 'manual__2025-06-23T23:17:06.498232+00:00', '--job-id', '44', '--raw', '--subdir', 'DAGS_FOLDER/dag.py', '--cfg-path', '/tmp/tmp6cgtegdv']
[2025-06-23T23:17:44.198+0000] {standard_task_runner.py:60} INFO - Started process 185 to run task
[2025-06-23T23:17:44.221+0000] {standard_task_runner.py:88} INFO - Job 44: Subtask extração_csv
[2025-06-23T23:17:44.444+0000] {task_command.py:423} INFO - Running <TaskInstance: northwind.extração_csv manual__2025-06-23T23:17:06.498232+00:00 [running]> on host a06304be4538
[2025-06-23T23:17:44.758+0000] {taskinstance.py:2480} INFO - Exporting env vars: AIRFLOW_CTX_DAG_EMAIL='lrbf@cin.ufpe.br' AIRFLOW_CTX_DAG_OWNER='***' AIRFLOW_CTX_DAG_ID='northwind' AIRFLOW_CTX_TASK_ID='extração_csv' AIRFLOW_CTX_EXECUTION_DATE='2025-06-23T23:17:06.498232+00:00' AIRFLOW_CTX_TRY_NUMBER='1' AIRFLOW_CTX_DAG_RUN_ID='manual__2025-06-23T23:17:06.498232+00:00'
[2025-06-23T23:17:45.451+0000] {docker.py:359} INFO - Starting docker container from image indicium_pipeline-meltano:latest
[2025-06-23T23:17:46.219+0000] {docker.py:429} INFO - Running meltano install...
[2025-06-23T23:17:48.359+0000] {docker.py:429} INFO - [2m2025-06-23T23:17:48.357999Z[0m [[32m[1minfo     [0m] [1mInstalling 7 plugins          [0m
[2025-06-23T23:17:48.375+0000] {docker.py:429} INFO - [2m2025-06-23T23:17:48.373977Z[0m [[32m[1minfo     [0m] [1mInstalling extractor 'tap-postgres'[0m
[2025-06-23T23:17:48.393+0000] {docker.py:429} INFO - [2m2025-06-23T23:17:48.391536Z[0m [[32m[1minfo     [0m] [1mInstalling extractor 'tap-csv'[0m
[2025-06-23T23:17:48.417+0000] {docker.py:429} INFO - [2m2025-06-23T23:17:48.416783Z[0m [[32m[1minfo     [0m] [1mInstalling extractor 'tap-csv-latest'[0m
[2025-06-23T23:17:48.450+0000] {docker.py:429} INFO - [2m2025-06-23T23:17:48.449814Z[0m [[32m[1minfo     [0m] [1mInstalling loader 'target-postgres'[0m
[2025-06-23T23:17:48.481+0000] {docker.py:429} INFO - [2m2025-06-23T23:17:48.480235Z[0m [[32m[1minfo     [0m] [1mInstalling loader 'target-csv'[0m
[2025-06-23T23:17:48.537+0000] {docker.py:429} INFO - [2m2025-06-23T23:17:48.531866Z[0m [[32m[1minfo     [0m] [1mInstalling loader 'target-csv-postgres'[0m
[2025-06-23T23:17:48.601+0000] {docker.py:429} INFO - [2m2025-06-23T23:17:48.600113Z[0m [[32m[1minfo     [0m] [1mInstalling loader 'target-csv-csv'[0m
[2025-06-23T23:17:48.953+0000] {docker.py:429} INFO - [2m2025-06-23T23:17:48.952294Z[0m [[32m[1minfo     [0m] [1mInstalled extractor 'tap-postgres'[0m
[2025-06-23T23:17:49.090+0000] {docker.py:429} INFO - [2m2025-06-23T23:17:49.089574Z[0m [[32m[1minfo     [0m] [1mInstalled loader 'target-postgres'[0m
[2025-06-23T23:17:56.084+0000] {docker.py:429} INFO - [2m2025-06-23T23:17:56.082710Z[0m [[32m[1minfo     [0m] [1mInstalled extractor 'tap-csv-latest'[0m
[2025-06-23T23:17:56.126+0000] {docker.py:429} INFO - [2m2025-06-23T23:17:56.125599Z[0m [[32m[1minfo     [0m] [1mInstalled extractor 'tap-csv' [0m
[2025-06-23T23:17:56.616+0000] {docker.py:429} INFO - [2m2025-06-23T23:17:56.616161Z[0m [[32m[1minfo     [0m] [1mInstalled loader 'target-csv' [0m
[2025-06-23T23:17:56.871+0000] {docker.py:429} INFO - [2m2025-06-23T23:17:56.870847Z[0m [[32m[1minfo     [0m] [1mInstalled loader 'target-csv-csv'[0m
[2025-06-23T23:17:57.167+0000] {docker.py:429} INFO - [2m2025-06-23T23:17:57.166241Z[0m [[32m[1minfo     [0m] [1mInstalled loader 'target-csv-postgres'[0m
[2025-06-23T23:17:57.168+0000] {docker.py:429} INFO - [2m2025-06-23T23:17:57.166914Z[0m [[32m[1minfo     [0m] [1mInstalled 7/7 plugins         [0m
[2025-06-23T23:17:58.224+0000] {docker.py:429} INFO - Meltano install completed. Executing command: meltano el tap-csv target-csv-csv
[2025-06-23T23:18:00.529+0000] {docker.py:429} INFO - [2m2025-06-23T23:18:00.528278Z[0m [[32m[1minfo     [0m] [1mEnvironment 'dev' is active   [0m
[2025-06-23T23:18:01.184+0000] {docker.py:429} INFO - [2m2025-06-23T23:18:01.183689Z[0m [[32m[1minfo     [0m] [1mRunning extract & load...     [0m [36mname[0m=[35mmeltano[0m [36mrun_id[0m=[35mebc4bd25-92d4-4263-a3ab-730ff03a0a07[0m [36mstate_id[0m=[35m2025-06-23T231800--tap-csv--target-csv-csv[0m
[2025-06-23T23:18:04.264+0000] {docker.py:429} INFO - [2m2025-06-23T23:18:04.263032Z[0m [[32m[1minfo     [0m] [1mINFO Sending version information to singer.io. To disable sending anonymous usage data, set the config parameter "disable_collection" to true[0m [36mcmd_type[0m=[35mloader[0m [36mname[0m=[35mtarget-csv-csv[0m [36mrun_id[0m=[35mebc4bd25-92d4-4263-a3ab-730ff03a0a07[0m [36mstate_id[0m=[35m2025-06-23T231800--tap-csv--target-csv-csv[0m [36mstdio[0m=[35mstderr[0m
[2025-06-23T23:18:04.754+0000] {docker.py:429} INFO - [2m2025-06-23T23:18:04.752971Z[0m [[32m[1minfo     [0m] [1mBeginning full_table sync of 'order_details'...[0m [36mcmd_type[0m=[35mextractor[0m [36mname[0m=[35mtap-csv[0m [36mrun_id[0m=[35mebc4bd25-92d4-4263-a3ab-730ff03a0a07[0m [36mstate_id[0m=[35m2025-06-23T231800--tap-csv--target-csv-csv[0m [36mstdio[0m=[35mstderr[0m
[2025-06-23T23:18:04.755+0000] {docker.py:429} INFO - [2m2025-06-23T23:18:04.753611Z[0m [[32m[1minfo     [0m] [1mTap has custom mapper. Using 1 provided map(s).[0m [36mcmd_type[0m=[35mextractor[0m [36mname[0m=[35mtap-csv[0m [36mrun_id[0m=[35mebc4bd25-92d4-4263-a3ab-730ff03a0a07[0m [36mstate_id[0m=[35m2025-06-23T231800--tap-csv--target-csv-csv[0m [36mstdio[0m=[35mstderr[0m
[2025-06-23T23:18:05.110+0000] {docker.py:429} INFO - [2m2025-06-23T23:18:05.109507Z[0m [[32m[1minfo     [0m] [1mMETRIC: {"type": "timer", "metric": "sync_duration", "value": 0.35581398010253906, "tags": {"stream": "order_details", "pid": 176, "context": {}, "status": "succeeded"}}[0m [36mcmd_type[0m=[35mextractor[0m [36mname[0m=[35mtap-csv[0m [36mrun_id[0m=[35mebc4bd25-92d4-4263-a3ab-730ff03a0a07[0m [36mstate_id[0m=[35m2025-06-23T231800--tap-csv--target-csv-csv[0m [36mstdio[0m=[35mstderr[0m
[2025-06-23T23:18:05.111+0000] {docker.py:429} INFO - [2m2025-06-23T23:18:05.110099Z[0m [[32m[1minfo     [0m] [1mMETRIC: {"type": "counter", "metric": "record_count", "value": 2155, "tags": {"stream": "order_details", "pid": 176, "context": {}}}[0m [36mcmd_type[0m=[35mextractor[0m [36mname[0m=[35mtap-csv[0m [36mrun_id[0m=[35mebc4bd25-92d4-4263-a3ab-730ff03a0a07[0m [36mstate_id[0m=[35m2025-06-23T231800--tap-csv--target-csv-csv[0m [36mstdio[0m=[35mstderr[0m
[2025-06-23T23:18:05.299+0000] {docker.py:429} INFO - [2m2025-06-23T23:18:05.298065Z[0m [[32m[1minfo     [0m] [1mUsing systemdb state backend  [0m
[2025-06-23T23:18:05.320+0000] {docker.py:429} INFO - [2m2025-06-23T23:18:05.319638Z[0m [[32m[1minfo     [0m] [1mIncremental state has been updated at 2025-06-23 23:18:05.319571+00:00.[0m
[2025-06-23T23:18:05.328+0000] {docker.py:429} INFO - [2m2025-06-23T23:18:05.327419Z[0m [[32m[1minfo     [0m] [1mExtract & load complete!      [0m [36mname[0m=[35mmeltano[0m [36mrun_id[0m=[35mebc4bd25-92d4-4263-a3ab-730ff03a0a07[0m [36mstate_id[0m=[35m2025-06-23T231800--tap-csv--target-csv-csv[0m
[2025-06-23T23:18:05.329+0000] {docker.py:429} INFO - [2m2025-06-23T23:18:05.328048Z[0m [[32m[1minfo     [0m] [1mTransformation skipped.       [0m [36mname[0m=[35mmeltano[0m [36mrun_id[0m=[35mebc4bd25-92d4-4263-a3ab-730ff03a0a07[0m [36mstate_id[0m=[35m2025-06-23T231800--tap-csv--target-csv-csv[0m
[2025-06-23T23:18:06.922+0000] {taskinstance.py:1138} INFO - Marking task as SUCCESS. dag_id=northwind, task_id=extração_csv, execution_date=20250623T231706, start_date=20250623T231743, end_date=20250623T231806
[2025-06-23T23:18:06.972+0000] {local_task_job_runner.py:234} INFO - Task exited with return code 0
[2025-06-23T23:18:07.020+0000] {taskinstance.py:3280} INFO - 1 downstream tasks scheduled from follow-on schedule check
