[2025-06-24T19:40:06.856+0000] {taskinstance.py:1956} INFO - Dependencies all met for dep_context=non-requeueable deps ti=<TaskInstance: northwind.extração_csv manual__2025-06-24T19:39:40.197128+00:00 [queued]>
[2025-06-24T19:40:06.867+0000] {taskinstance.py:1956} INFO - Dependencies all met for dep_context=requeueable deps ti=<TaskInstance: northwind.extração_csv manual__2025-06-24T19:39:40.197128+00:00 [queued]>
[2025-06-24T19:40:06.868+0000] {taskinstance.py:2170} INFO - Starting attempt 1 of 2
[2025-06-24T19:40:06.883+0000] {taskinstance.py:2191} INFO - Executing <Task(DockerOperator): extração_csv> on 2025-06-24 19:39:40.197128+00:00
[2025-06-24T19:40:06.887+0000] {standard_task_runner.py:60} INFO - Started process 193 to run task
[2025-06-24T19:40:06.891+0000] {standard_task_runner.py:87} INFO - Running: ['***', 'tasks', 'run', 'northwind', 'extração_csv', 'manual__2025-06-24T19:39:40.197128+00:00', '--job-id', '83', '--raw', '--subdir', 'DAGS_FOLDER/dag.py', '--cfg-path', '/tmp/tmpfn2tem1d']
[2025-06-24T19:40:06.893+0000] {standard_task_runner.py:88} INFO - Job 83: Subtask extração_csv
[2025-06-24T19:40:06.941+0000] {task_command.py:423} INFO - Running <TaskInstance: northwind.extração_csv manual__2025-06-24T19:39:40.197128+00:00 [running]> on host a06304be4538
[2025-06-24T19:40:07.020+0000] {taskinstance.py:2480} INFO - Exporting env vars: AIRFLOW_CTX_DAG_EMAIL='lrbf@cin.ufpe.br' AIRFLOW_CTX_DAG_OWNER='***' AIRFLOW_CTX_DAG_ID='northwind' AIRFLOW_CTX_TASK_ID='extração_csv' AIRFLOW_CTX_EXECUTION_DATE='2025-06-24T19:39:40.197128+00:00' AIRFLOW_CTX_TRY_NUMBER='1' AIRFLOW_CTX_DAG_RUN_ID='manual__2025-06-24T19:39:40.197128+00:00'
[2025-06-24T19:40:07.261+0000] {docker.py:359} INFO - Starting docker container from image meltano:latest
[2025-06-24T19:40:07.265+0000] {docker.py:367} WARNING - Using remote engine or docker-in-docker and mounting temporary volume from host is not supported. Falling back to `mount_tmp_dir=False` mode. You can set `mount_tmp_dir` parameter to False to disable mounting and remove the warning
[2025-06-24T19:40:07.578+0000] {docker.py:429} INFO - Running meltano install...
[2025-06-24T19:40:08.819+0000] {docker.py:429} INFO - [2m2025-06-24T19:40:08.819002Z[0m [[32m[1minfo     [0m] [1mInstalling 7 plugins          [0m
[2025-06-24T19:40:08.830+0000] {docker.py:429} INFO - [2m2025-06-24T19:40:08.830024Z[0m [[32m[1minfo     [0m] [1mInstalling extractor 'tap-postgres'[0m
[2025-06-24T19:40:08.846+0000] {docker.py:429} INFO - [2m2025-06-24T19:40:08.846103Z[0m [[32m[1minfo     [0m] [1mInstalling extractor 'tap-csv'[0m
[2025-06-24T19:40:08.861+0000] {docker.py:429} INFO - [2m2025-06-24T19:40:08.861128Z[0m [[32m[1minfo     [0m] [1mInstalling extractor 'tap-csv-latest'[0m
[2025-06-24T19:40:08.881+0000] {docker.py:429} INFO - [2m2025-06-24T19:40:08.880894Z[0m [[32m[1minfo     [0m] [1mInstalling loader 'target-postgres'[0m
[2025-06-24T19:40:08.906+0000] {docker.py:429} INFO - [2m2025-06-24T19:40:08.905303Z[0m [[32m[1minfo     [0m] [1mInstalling loader 'target-csv'[0m
[2025-06-24T19:40:08.937+0000] {docker.py:429} INFO - [2m2025-06-24T19:40:08.936623Z[0m [[32m[1minfo     [0m] [1mInstalling loader 'target-csv-postgres'[0m
[2025-06-24T19:40:08.977+0000] {docker.py:429} INFO - [2m2025-06-24T19:40:08.976181Z[0m [[32m[1minfo     [0m] [1mInstalling loader 'target-csv-csv'[0m
[2025-06-24T19:40:10.584+0000] {docker.py:429} INFO - [2m2025-06-24T19:40:10.583424Z[0m [[32m[1minfo     [0m] [1mInstalled extractor 'tap-postgres'[0m
[2025-06-24T19:40:10.617+0000] {docker.py:429} INFO - [2m2025-06-24T19:40:10.616731Z[0m [[32m[1minfo     [0m] [1mInstalled loader 'target-postgres'[0m
[2025-06-24T19:40:16.319+0000] {docker.py:429} INFO - [2m2025-06-24T19:40:16.318510Z[0m [[32m[1minfo     [0m] [1mInstalled extractor 'tap-csv-latest'[0m
[2025-06-24T19:40:16.413+0000] {docker.py:429} INFO - [2m2025-06-24T19:40:16.412261Z[0m [[32m[1minfo     [0m] [1mInstalled extractor 'tap-csv' [0m
[2025-06-24T19:40:17.727+0000] {docker.py:429} INFO - [2m2025-06-24T19:40:17.726821Z[0m [[32m[1minfo     [0m] [1mInstalled loader 'target-csv' [0m
[2025-06-24T19:40:18.189+0000] {docker.py:429} INFO - [2m2025-06-24T19:40:18.188627Z[0m [[32m[1minfo     [0m] [1mInstalled loader 'target-csv-csv'[0m
[2025-06-24T19:40:18.297+0000] {docker.py:429} INFO - [2m2025-06-24T19:40:18.296091Z[0m [[32m[1minfo     [0m] [1mInstalled loader 'target-csv-postgres'[0m
[2025-06-24T19:40:18.298+0000] {docker.py:429} INFO - [2m2025-06-24T19:40:18.296711Z[0m [[32m[1minfo     [0m] [1mInstalled 7/7 plugins         [0m
[2025-06-24T19:40:19.257+0000] {docker.py:429} INFO - Meltano install completed. Executing command: meltano el tap-csv target-csv-csv
[2025-06-24T19:40:20.410+0000] {docker.py:429} INFO - [2m2025-06-24T19:40:20.410026Z[0m [[32m[1minfo     [0m] [1mEnvironment 'dev' is active   [0m
[2025-06-24T19:40:20.721+0000] {docker.py:429} INFO - [2m2025-06-24T19:40:20.719738Z[0m [[32m[1minfo     [0m] [1mRunning extract & load...     [0m [36mname[0m=[35mmeltano[0m [36mrun_id[0m=[35m76e1b368-7ea8-4324-8b18-14486f214aa9[0m [36mstate_id[0m=[35m2025-06-24T194020--tap-csv--target-csv-csv[0m
[2025-06-24T19:40:21.948+0000] {docker.py:429} INFO - [2m2025-06-24T19:40:21.947514Z[0m [[32m[1minfo     [0m] [1mINFO Sending version information to singer.io. To disable sending anonymous usage data, set the config parameter "disable_collection" to true[0m [36mcmd_type[0m=[35mloader[0m [36mname[0m=[35mtarget-csv-csv[0m [36mrun_id[0m=[35m76e1b368-7ea8-4324-8b18-14486f214aa9[0m [36mstate_id[0m=[35m2025-06-24T194020--tap-csv--target-csv-csv[0m [36mstdio[0m=[35mstderr[0m
[2025-06-24T19:40:22.122+0000] {docker.py:429} INFO - [2m2025-06-24T19:40:22.121704Z[0m [[32m[1minfo     [0m] [1mBeginning full_table sync of 'order_details'...[0m [36mcmd_type[0m=[35mextractor[0m [36mname[0m=[35mtap-csv[0m [36mrun_id[0m=[35m76e1b368-7ea8-4324-8b18-14486f214aa9[0m [36mstate_id[0m=[35m2025-06-24T194020--tap-csv--target-csv-csv[0m [36mstdio[0m=[35mstderr[0m
[2m2025-06-24T19:40:22.122024Z[0m [[32m[1minfo     [0m] [1mTap has custom mapper. Using 1 provided map(s).[0m [36mcmd_type[0m=[35mextractor[0m [36mname[0m=[35mtap-csv[0m [36mrun_id[0m=[35m76e1b368-7ea8-4324-8b18-14486f214aa9[0m [36mstate_id[0m=[35m2025-06-24T194020--tap-csv--target-csv-csv[0m [36mstdio[0m=[35mstderr[0m
[2025-06-24T19:40:22.277+0000] {docker.py:429} INFO - [2m2025-06-24T19:40:22.276484Z[0m [[32m[1minfo     [0m] [1mMETRIC: {"type": "timer", "metric": "sync_duration", "value": 0.15435290336608887, "tags": {"stream": "order_details", "pid": 176, "context": {}, "status": "succeeded"}}[0m [36mcmd_type[0m=[35mextractor[0m [36mname[0m=[35mtap-csv[0m [36mrun_id[0m=[35m76e1b368-7ea8-4324-8b18-14486f214aa9[0m [36mstate_id[0m=[35m2025-06-24T194020--tap-csv--target-csv-csv[0m [36mstdio[0m=[35mstderr[0m
[2025-06-24T19:40:22.277+0000] {docker.py:429} INFO - [2m2025-06-24T19:40:22.276830Z[0m [[32m[1minfo     [0m] [1mMETRIC: {"type": "counter", "metric": "record_count", "value": 2155, "tags": {"stream": "order_details", "pid": 176, "context": {}}}[0m [36mcmd_type[0m=[35mextractor[0m [36mname[0m=[35mtap-csv[0m [36mrun_id[0m=[35m76e1b368-7ea8-4324-8b18-14486f214aa9[0m [36mstate_id[0m=[35m2025-06-24T194020--tap-csv--target-csv-csv[0m [36mstdio[0m=[35mstderr[0m
[2025-06-24T19:40:22.372+0000] {docker.py:429} INFO - [2m2025-06-24T19:40:22.371839Z[0m [[32m[1minfo     [0m] [1mUsing systemdb state backend  [0m
[2025-06-24T19:40:22.385+0000] {docker.py:429} INFO - [2m2025-06-24T19:40:22.384574Z[0m [[32m[1minfo     [0m] [1mIncremental state has been updated at 2025-06-24 19:40:22.384531+00:00.[0m
[2025-06-24T19:40:22.390+0000] {docker.py:429} INFO - [2m2025-06-24T19:40:22.389224Z[0m [[32m[1minfo     [0m] [1mExtract & load complete!      [0m [36mname[0m=[35mmeltano[0m [36mrun_id[0m=[35m76e1b368-7ea8-4324-8b18-14486f214aa9[0m [36mstate_id[0m=[35m2025-06-24T194020--tap-csv--target-csv-csv[0m
[2m2025-06-24T19:40:22.389535Z[0m [[32m[1minfo     [0m] [1mTransformation skipped.       [0m [36mname[0m=[35mmeltano[0m [36mrun_id[0m=[35m76e1b368-7ea8-4324-8b18-14486f214aa9[0m [36mstate_id[0m=[35m2025-06-24T194020--tap-csv--target-csv-csv[0m
[2025-06-24T19:40:23.586+0000] {taskinstance.py:1138} INFO - Marking task as SUCCESS. dag_id=northwind, task_id=extração_csv, execution_date=20250624T193940, start_date=20250624T194006, end_date=20250624T194023
[2025-06-24T19:40:23.622+0000] {local_task_job_runner.py:234} INFO - Task exited with return code 0
[2025-06-24T19:40:23.646+0000] {taskinstance.py:3280} INFO - 1 downstream tasks scheduled from follow-on schedule check
