[2025-06-30T21:16:28.270+0000] {taskinstance.py:1956} INFO - Dependencies all met for dep_context=non-requeueable deps ti=<TaskInstance: northwind.extração_csv manual__2025-06-30T21:15:48.004028+00:00 [queued]>
[2025-06-30T21:16:28.289+0000] {taskinstance.py:1956} INFO - Dependencies all met for dep_context=requeueable deps ti=<TaskInstance: northwind.extração_csv manual__2025-06-30T21:15:48.004028+00:00 [queued]>
[2025-06-30T21:16:28.290+0000] {taskinstance.py:2170} INFO - Starting attempt 1 of 2
[2025-06-30T21:16:28.306+0000] {taskinstance.py:2191} INFO - Executing <Task(DockerOperator): extração_csv> on 2025-06-30 21:15:48.004028+00:00
[2025-06-30T21:16:28.312+0000] {standard_task_runner.py:60} INFO - Started process 316 to run task
[2025-06-30T21:16:28.319+0000] {standard_task_runner.py:87} INFO - Running: ['***', 'tasks', 'run', 'northwind', 'extração_csv', 'manual__2025-06-30T21:15:48.004028+00:00', '--job-id', '5', '--raw', '--subdir', 'DAGS_FOLDER/dag.py', '--cfg-path', '/tmp/tmpyryx4iw1']
[2025-06-30T21:16:28.325+0000] {standard_task_runner.py:88} INFO - Job 5: Subtask extração_csv
[2025-06-30T21:16:28.470+0000] {task_command.py:423} INFO - Running <TaskInstance: northwind.extração_csv manual__2025-06-30T21:15:48.004028+00:00 [running]> on host 91939db6f4b6
[2025-06-30T21:16:28.670+0000] {taskinstance.py:2480} INFO - Exporting env vars: AIRFLOW_CTX_DAG_EMAIL='lrbf@cin.ufpe.br' AIRFLOW_CTX_DAG_OWNER='***' AIRFLOW_CTX_DAG_ID='northwind' AIRFLOW_CTX_TASK_ID='extração_csv' AIRFLOW_CTX_EXECUTION_DATE='2025-06-30T21:15:48.004028+00:00' AIRFLOW_CTX_TRY_NUMBER='1' AIRFLOW_CTX_DAG_RUN_ID='manual__2025-06-30T21:15:48.004028+00:00'
[2025-06-30T21:16:28.878+0000] {docker.py:359} INFO - Starting docker container from image meltano:latest
[2025-06-30T21:16:29.543+0000] {docker.py:429} INFO - Running meltano install...
[2025-06-30T21:16:33.336+0000] {docker.py:429} INFO - [2m2025-06-30T21:16:33.334041Z[0m [[32m[1minfo     [0m] [1mInstalling 7 plugins          [0m
[2025-06-30T21:16:33.383+0000] {docker.py:429} INFO - [2m2025-06-30T21:16:33.381521Z[0m [[32m[1minfo     [0m] [1mInstalling extractor 'tap-postgres'[0m
[2025-06-30T21:16:33.444+0000] {docker.py:429} INFO - [2m2025-06-30T21:16:33.442828Z[0m [[32m[1minfo     [0m] [1mInstalling extractor 'tap-csv'[0m
[2025-06-30T21:16:33.487+0000] {docker.py:429} INFO - [2m2025-06-30T21:16:33.486697Z[0m [[32m[1minfo     [0m] [1mInstalling extractor 'tap-csv-latest'[0m
[2025-06-30T21:16:33.523+0000] {docker.py:429} INFO - [2m2025-06-30T21:16:33.522863Z[0m [[32m[1minfo     [0m] [1mInstalling loader 'target-postgres'[0m
[2025-06-30T21:16:33.561+0000] {docker.py:429} INFO - [2m2025-06-30T21:16:33.560525Z[0m [[32m[1minfo     [0m] [1mInstalling loader 'target-csv'[0m
[2025-06-30T21:16:33.601+0000] {docker.py:429} INFO - [2m2025-06-30T21:16:33.600641Z[0m [[32m[1minfo     [0m] [1mInstalling loader 'target-csv-postgres'[0m
[2025-06-30T21:16:33.687+0000] {docker.py:429} INFO - [2m2025-06-30T21:16:33.686174Z[0m [[32m[1minfo     [0m] [1mInstalling loader 'target-csv-csv'[0m
[2025-06-30T21:16:35.138+0000] {docker.py:429} INFO - [2m2025-06-30T21:16:35.136575Z[0m [[32m[1minfo     [0m] [1mInstalled extractor 'tap-postgres'[0m
[2025-06-30T21:16:35.230+0000] {docker.py:429} INFO - [2m2025-06-30T21:16:35.229810Z[0m [[32m[1minfo     [0m] [1mInstalled loader 'target-postgres'[0m
[2025-06-30T21:16:40.407+0000] {docker.py:429} INFO - [2m2025-06-30T21:16:40.406633Z[0m [[32m[1minfo     [0m] [1mInstalled extractor 'tap-csv-latest'[0m
[2025-06-30T21:16:41.310+0000] {docker.py:429} INFO - [2m2025-06-30T21:16:41.309398Z[0m [[32m[1minfo     [0m] [1mInstalled loader 'target-csv' [0m
[2025-06-30T21:16:42.313+0000] {docker.py:429} INFO - [2m2025-06-30T21:16:42.312834Z[0m [[32m[1minfo     [0m] [1mInstalled extractor 'tap-csv' [0m
[2025-06-30T21:16:42.352+0000] {docker.py:429} INFO - [2m2025-06-30T21:16:42.351383Z[0m [[32m[1minfo     [0m] [1mInstalled loader 'target-csv-postgres'[0m
[2025-06-30T21:16:42.378+0000] {docker.py:429} INFO - [2m2025-06-30T21:16:42.377170Z[0m [[32m[1minfo     [0m] [1mInstalled loader 'target-csv-csv'[0m
[2025-06-30T21:16:42.378+0000] {docker.py:429} INFO - [2m2025-06-30T21:16:42.377760Z[0m [[32m[1minfo     [0m] [1mInstalled 7/7 plugins         [0m
[2025-06-30T21:16:43.705+0000] {docker.py:429} INFO - Meltano install completed. Executing command: meltano el tap-csv target-csv-csv
[2025-06-30T21:16:45.953+0000] {docker.py:429} INFO - [2m2025-06-30T21:16:45.952914Z[0m [[32m[1minfo     [0m] [1mEnvironment 'dev' is active   [0m
[2025-06-30T21:16:46.877+0000] {docker.py:429} INFO - [2m2025-06-30T21:16:46.876681Z[0m [[32m[1minfo     [0m] [1mRunning extract & load...     [0m [36mname[0m=[35mmeltano[0m [36mrun_id[0m=[35md593b6ce-cb87-40a0-813a-b0a98686532a[0m [36mstate_id[0m=[35m2025-06-30T211646--tap-csv--target-csv-csv[0m
[2025-06-30T21:16:49.481+0000] {docker.py:429} INFO - [2m2025-06-30T21:16:49.479887Z[0m [[32m[1minfo     [0m] [1mINFO Sending version information to singer.io. To disable sending anonymous usage data, set the config parameter "disable_collection" to true[0m [36mcmd_type[0m=[35mloader[0m [36mname[0m=[35mtarget-csv-csv[0m [36mrun_id[0m=[35md593b6ce-cb87-40a0-813a-b0a98686532a[0m [36mstate_id[0m=[35m2025-06-30T211646--tap-csv--target-csv-csv[0m [36mstdio[0m=[35mstderr[0m
[2025-06-30T21:16:49.257+0000] {docker.py:429} INFO - [2m2025-06-30T21:16:49.256678Z[0m [[32m[1minfo     [0m] [1m/opt/meltano/.meltano/extractors/tap-csv/venv/lib/python3.9/site-packages/singer_sdk/tap_base.py:516: SingerSDKDeprecationWarning: Passing a catalog file path is deprecated. Please pass the catalog as a dictionary or Catalog object instead.[0m [36mcmd_type[0m=[35mextractor[0m [36mname[0m=[35mtap-csv[0m [36mrun_id[0m=[35md593b6ce-cb87-40a0-813a-b0a98686532a[0m [36mstate_id[0m=[35m2025-06-30T211646--tap-csv--target-csv-csv[0m [36mstdio[0m=[35mstderr[0m
[2025-06-30T21:16:49.258+0000] {docker.py:429} INFO - [2m2025-06-30T21:16:49.257346Z[0m [[32m[1minfo     [0m] [1m  tap = cls(                  [0m [36mcmd_type[0m=[35mextractor[0m [36mname[0m=[35mtap-csv[0m [36mrun_id[0m=[35md593b6ce-cb87-40a0-813a-b0a98686532a[0m [36mstate_id[0m=[35m2025-06-30T211646--tap-csv--target-csv-csv[0m [36mstdio[0m=[35mstderr[0m
[2025-06-30T21:16:49.258+0000] {docker.py:429} INFO - [2m2025-06-30T21:16:49.257778Z[0m [[32m[1minfo     [0m] [1m                              [0m [36mcmd_type[0m=[35mextractor[0m [36mname[0m=[35mtap-csv[0m [36mrun_id[0m=[35md593b6ce-cb87-40a0-813a-b0a98686532a[0m [36mstate_id[0m=[35m2025-06-30T211646--tap-csv--target-csv-csv[0m [36mstdio[0m=[35mstderr[0m
[2025-06-30T21:16:49.259+0000] {docker.py:429} INFO - [2m2025-06-30T21:16:49.258257Z[0m [[32m[1minfo     [0m] [1mBeginning full_table sync of 'order_details'...[0m [36mcmd_type[0m=[35mextractor[0m [36mname[0m=[35mtap-csv[0m [36mrun_id[0m=[35md593b6ce-cb87-40a0-813a-b0a98686532a[0m [36mstate_id[0m=[35m2025-06-30T211646--tap-csv--target-csv-csv[0m [36mstdio[0m=[35mstderr[0m
[2025-06-30T21:16:49.259+0000] {docker.py:429} INFO - [2m2025-06-30T21:16:49.258622Z[0m [[32m[1minfo     [0m] [1mTap has custom mapper. Using 1 provided map(s).[0m [36mcmd_type[0m=[35mextractor[0m [36mname[0m=[35mtap-csv[0m [36mrun_id[0m=[35md593b6ce-cb87-40a0-813a-b0a98686532a[0m [36mstate_id[0m=[35m2025-06-30T211646--tap-csv--target-csv-csv[0m [36mstdio[0m=[35mstderr[0m
[2025-06-30T21:16:49.614+0000] {docker.py:429} INFO - [2m2025-06-30T21:16:49.613287Z[0m [[32m[1minfo     [0m] [1mMETRIC: {"type": "timer", "metric": "sync_duration", "value": 0.3555312156677246, "tags": {"stream": "order_details", "pid": 176, "context": {}, "status": "succeeded"}}[0m [36mcmd_type[0m=[35mextractor[0m [36mname[0m=[35mtap-csv[0m [36mrun_id[0m=[35md593b6ce-cb87-40a0-813a-b0a98686532a[0m [36mstate_id[0m=[35m2025-06-30T211646--tap-csv--target-csv-csv[0m [36mstdio[0m=[35mstderr[0m
[2025-06-30T21:16:49.615+0000] {docker.py:429} INFO - [2m2025-06-30T21:16:49.614009Z[0m [[32m[1minfo     [0m] [1mMETRIC: {"type": "counter", "metric": "record_count", "value": 2155, "tags": {"stream": "order_details", "pid": 176, "context": {}}}[0m [36mcmd_type[0m=[35mextractor[0m [36mname[0m=[35mtap-csv[0m [36mrun_id[0m=[35md593b6ce-cb87-40a0-813a-b0a98686532a[0m [36mstate_id[0m=[35m2025-06-30T211646--tap-csv--target-csv-csv[0m [36mstdio[0m=[35mstderr[0m
[2025-06-30T21:16:49.799+0000] {docker.py:429} INFO - [2m2025-06-30T21:16:49.798237Z[0m [[32m[1minfo     [0m] [1mUsing systemdb state backend  [0m
[2025-06-30T21:16:49.809+0000] {docker.py:429} INFO - [2m2025-06-30T21:16:49.808572Z[0m [[32m[1minfo     [0m] [1mIncremental state has been updated at 2025-06-30 21:16:49.808524+00:00.[0m
[2025-06-30T21:16:49.816+0000] {docker.py:429} INFO - [2m2025-06-30T21:16:49.815854Z[0m [[32m[1minfo     [0m] [1mExtract & load complete!      [0m [36mname[0m=[35mmeltano[0m [36mrun_id[0m=[35md593b6ce-cb87-40a0-813a-b0a98686532a[0m [36mstate_id[0m=[35m2025-06-30T211646--tap-csv--target-csv-csv[0m
[2025-06-30T21:16:49.817+0000] {docker.py:429} INFO - [2m2025-06-30T21:16:49.816199Z[0m [[32m[1minfo     [0m] [1mTransformation skipped.       [0m [36mname[0m=[35mmeltano[0m [36mrun_id[0m=[35md593b6ce-cb87-40a0-813a-b0a98686532a[0m [36mstate_id[0m=[35m2025-06-30T211646--tap-csv--target-csv-csv[0m
[2025-06-30T21:16:51.637+0000] {taskinstance.py:1138} INFO - Marking task as SUCCESS. dag_id=northwind, task_id=extração_csv, execution_date=20250630T211548, start_date=20250630T211628, end_date=20250630T211651
[2025-06-30T21:16:51.691+0000] {local_task_job_runner.py:234} INFO - Task exited with return code 0
[2025-06-30T21:16:51.748+0000] {taskinstance.py:3280} INFO - 1 downstream tasks scheduled from follow-on schedule check
