[2025-06-26T16:39:49.010+0000] {taskinstance.py:1956} INFO - Dependencies all met for dep_context=non-requeueable deps ti=<TaskInstance: northwind.extração_csv manual__2025-06-26T16:39:15.707395+00:00 [queued]>
[2025-06-26T16:39:49.036+0000] {taskinstance.py:1956} INFO - Dependencies all met for dep_context=requeueable deps ti=<TaskInstance: northwind.extração_csv manual__2025-06-26T16:39:15.707395+00:00 [queued]>
[2025-06-26T16:39:49.037+0000] {taskinstance.py:2170} INFO - Starting attempt 1 of 2
[2025-06-26T16:39:49.093+0000] {taskinstance.py:2191} INFO - Executing <Task(DockerOperator): extração_csv> on 2025-06-26 16:39:15.707395+00:00
[2025-06-26T16:39:49.108+0000] {standard_task_runner.py:60} INFO - Started process 189 to run task
[2025-06-26T16:39:49.112+0000] {standard_task_runner.py:87} INFO - Running: ['***', 'tasks', 'run', 'northwind', 'extração_csv', 'manual__2025-06-26T16:39:15.707395+00:00', '--job-id', '286', '--raw', '--subdir', 'DAGS_FOLDER/dag.py', '--cfg-path', '/tmp/tmptd5o7k0f']
[2025-06-26T16:39:49.116+0000] {standard_task_runner.py:88} INFO - Job 286: Subtask extração_csv
[2025-06-26T16:39:49.221+0000] {task_command.py:423} INFO - Running <TaskInstance: northwind.extração_csv manual__2025-06-26T16:39:15.707395+00:00 [running]> on host 6afc1f3750fb
[2025-06-26T16:39:49.445+0000] {taskinstance.py:2480} INFO - Exporting env vars: AIRFLOW_CTX_DAG_EMAIL='lrbf@cin.ufpe.br' AIRFLOW_CTX_DAG_OWNER='***' AIRFLOW_CTX_DAG_ID='northwind' AIRFLOW_CTX_TASK_ID='extração_csv' AIRFLOW_CTX_EXECUTION_DATE='2025-06-26T16:39:15.707395+00:00' AIRFLOW_CTX_TRY_NUMBER='1' AIRFLOW_CTX_DAG_RUN_ID='manual__2025-06-26T16:39:15.707395+00:00'
[2025-06-26T16:39:49.707+0000] {docker.py:359} INFO - Starting docker container from image meltano:latest
[2025-06-26T16:39:49.714+0000] {docker.py:367} WARNING - Using remote engine or docker-in-docker and mounting temporary volume from host is not supported. Falling back to `mount_tmp_dir=False` mode. You can set `mount_tmp_dir` parameter to False to disable mounting and remove the warning
[2025-06-26T16:39:50.481+0000] {docker.py:429} INFO - Running meltano install...
[2025-06-26T16:39:52.168+0000] {docker.py:429} INFO - [2m2025-06-26T16:39:52.167903Z[0m [[32m[1minfo     [0m] [1mInstalling 7 plugins          [0m
[2025-06-26T16:39:52.185+0000] {docker.py:429} INFO - [2m2025-06-26T16:39:52.184422Z[0m [[32m[1minfo     [0m] [1mInstalling extractor 'tap-postgres'[0m
[2025-06-26T16:39:52.204+0000] {docker.py:429} INFO - [2m2025-06-26T16:39:52.204166Z[0m [[32m[1minfo     [0m] [1mInstalling extractor 'tap-csv'[0m
[2025-06-26T16:39:52.234+0000] {docker.py:429} INFO - [2m2025-06-26T16:39:52.233637Z[0m [[32m[1minfo     [0m] [1mInstalling extractor 'tap-csv-latest'[0m
[2025-06-26T16:39:52.271+0000] {docker.py:429} INFO - [2m2025-06-26T16:39:52.270335Z[0m [[32m[1minfo     [0m] [1mInstalling loader 'target-postgres'[0m
[2025-06-26T16:39:52.306+0000] {docker.py:429} INFO - [2m2025-06-26T16:39:52.305446Z[0m [[32m[1minfo     [0m] [1mInstalling loader 'target-csv'[0m
[2025-06-26T16:39:52.346+0000] {docker.py:429} INFO - [2m2025-06-26T16:39:52.345314Z[0m [[32m[1minfo     [0m] [1mInstalling loader 'target-csv-postgres'[0m
[2025-06-26T16:39:52.377+0000] {docker.py:429} INFO - [2m2025-06-26T16:39:52.376735Z[0m [[32m[1minfo     [0m] [1mInstalling loader 'target-csv-csv'[0m
[2025-06-26T16:39:54.566+0000] {docker.py:429} INFO - [2m2025-06-26T16:39:54.565151Z[0m [[32m[1minfo     [0m] [1mInstalled extractor 'tap-postgres'[0m
[2025-06-26T16:39:54.645+0000] {docker.py:429} INFO - [2m2025-06-26T16:39:54.644938Z[0m [[32m[1minfo     [0m] [1mInstalled loader 'target-postgres'[0m
[2025-06-26T16:40:02.896+0000] {docker.py:429} INFO - [2m2025-06-26T16:40:02.895633Z[0m [[32m[1minfo     [0m] [1mInstalled extractor 'tap-csv' [0m
[2025-06-26T16:40:03.034+0000] {docker.py:429} INFO - [2m2025-06-26T16:40:03.033214Z[0m [[32m[1minfo     [0m] [1mInstalled extractor 'tap-csv-latest'[0m
[2025-06-26T16:40:03.233+0000] {docker.py:429} INFO - [2m2025-06-26T16:40:03.233072Z[0m [[32m[1minfo     [0m] [1mInstalled loader 'target-csv' [0m
[2025-06-26T16:40:03.389+0000] {docker.py:429} INFO - [2m2025-06-26T16:40:03.388202Z[0m [[32m[1minfo     [0m] [1mInstalled loader 'target-csv-csv'[0m
[2025-06-26T16:40:04.284+0000] {docker.py:429} INFO - [2m2025-06-26T16:40:04.283972Z[0m [[32m[1minfo     [0m] [1mInstalled loader 'target-csv-postgres'[0m
[2m2025-06-26T16:40:04.284342Z[0m [[32m[1minfo     [0m] [1mInstalled 7/7 plugins         [0m
[2025-06-26T16:40:05.578+0000] {docker.py:429} INFO - Meltano install completed. Executing command: meltano el tap-csv target-csv-csv
[2025-06-26T16:40:04.475+0000] {docker.py:429} INFO - [2m2025-06-26T16:40:04.474565Z[0m [[32m[1minfo     [0m] [1mEnvironment 'dev' is active   [0m
[2025-06-26T16:40:04.879+0000] {docker.py:429} INFO - [2m2025-06-26T16:40:04.878694Z[0m [[32m[1minfo     [0m] [1mRunning extract & load...     [0m [36mname[0m=[35mmeltano[0m [36mrun_id[0m=[35mc381117e-f548-466b-9818-2581165b22b9[0m [36mstate_id[0m=[35m2025-06-26T164004--tap-csv--target-csv-csv[0m
[2025-06-26T16:40:06.496+0000] {docker.py:429} INFO - [2m2025-06-26T16:40:06.495633Z[0m [[32m[1minfo     [0m] [1mINFO Sending version information to singer.io. To disable sending anonymous usage data, set the config parameter "disable_collection" to true[0m [36mcmd_type[0m=[35mloader[0m [36mname[0m=[35mtarget-csv-csv[0m [36mrun_id[0m=[35mc381117e-f548-466b-9818-2581165b22b9[0m [36mstate_id[0m=[35m2025-06-26T164004--tap-csv--target-csv-csv[0m [36mstdio[0m=[35mstderr[0m
[2025-06-26T16:40:06.784+0000] {docker.py:429} INFO - [2m2025-06-26T16:40:06.783549Z[0m [[32m[1minfo     [0m] [1mBeginning full_table sync of 'order_details'...[0m [36mcmd_type[0m=[35mextractor[0m [36mname[0m=[35mtap-csv[0m [36mrun_id[0m=[35mc381117e-f548-466b-9818-2581165b22b9[0m [36mstate_id[0m=[35m2025-06-26T164004--tap-csv--target-csv-csv[0m [36mstdio[0m=[35mstderr[0m
[2m2025-06-26T16:40:06.783908Z[0m [[32m[1minfo     [0m] [1mTap has custom mapper. Using 1 provided map(s).[0m [36mcmd_type[0m=[35mextractor[0m [36mname[0m=[35mtap-csv[0m [36mrun_id[0m=[35mc381117e-f548-466b-9818-2581165b22b9[0m [36mstate_id[0m=[35m2025-06-26T164004--tap-csv--target-csv-csv[0m [36mstdio[0m=[35mstderr[0m
[2025-06-26T16:40:06.999+0000] {docker.py:429} INFO - [2m2025-06-26T16:40:06.998683Z[0m [[32m[1minfo     [0m] [1mMETRIC: {"type": "timer", "metric": "sync_duration", "value": 0.21464276313781738, "tags": {"stream": "order_details", "pid": 176, "context": {}, "status": "succeeded"}}[0m [36mcmd_type[0m=[35mextractor[0m [36mname[0m=[35mtap-csv[0m [36mrun_id[0m=[35mc381117e-f548-466b-9818-2581165b22b9[0m [36mstate_id[0m=[35m2025-06-26T164004--tap-csv--target-csv-csv[0m [36mstdio[0m=[35mstderr[0m
[2025-06-26T16:40:07.000+0000] {docker.py:429} INFO - [2m2025-06-26T16:40:06.999297Z[0m [[32m[1minfo     [0m] [1mMETRIC: {"type": "counter", "metric": "record_count", "value": 2155, "tags": {"stream": "order_details", "pid": 176, "context": {}}}[0m [36mcmd_type[0m=[35mextractor[0m [36mname[0m=[35mtap-csv[0m [36mrun_id[0m=[35mc381117e-f548-466b-9818-2581165b22b9[0m [36mstate_id[0m=[35m2025-06-26T164004--tap-csv--target-csv-csv[0m [36mstdio[0m=[35mstderr[0m
[2025-06-26T16:40:07.127+0000] {docker.py:429} INFO - [2m2025-06-26T16:40:07.126160Z[0m [[32m[1minfo     [0m] [1mUsing systemdb state backend  [0m
[2025-06-26T16:40:07.141+0000] {docker.py:429} INFO - [2m2025-06-26T16:40:07.140804Z[0m [[32m[1minfo     [0m] [1mIncremental state has been updated at 2025-06-26 16:40:07.140752+00:00.[0m
[2025-06-26T16:40:07.143+0000] {docker.py:429} INFO - [2m2025-06-26T16:40:07.143031Z[0m [[32m[1minfo     [0m] [1mExtract & load complete!      [0m [36mname[0m=[35mmeltano[0m [36mrun_id[0m=[35mc381117e-f548-466b-9818-2581165b22b9[0m [36mstate_id[0m=[35m2025-06-26T164004--tap-csv--target-csv-csv[0m
[2025-06-26T16:40:07.144+0000] {docker.py:429} INFO - [2m2025-06-26T16:40:07.143371Z[0m [[32m[1minfo     [0m] [1mTransformation skipped.       [0m [36mname[0m=[35mmeltano[0m [36mrun_id[0m=[35mc381117e-f548-466b-9818-2581165b22b9[0m [36mstate_id[0m=[35m2025-06-26T164004--tap-csv--target-csv-csv[0m
[2025-06-26T16:40:08.621+0000] {taskinstance.py:1138} INFO - Marking task as SUCCESS. dag_id=northwind, task_id=extração_csv, execution_date=20250626T163915, start_date=20250626T163949, end_date=20250626T164008
[2025-06-26T16:40:09.281+0000] {local_task_job_runner.py:234} INFO - Task exited with return code 0
[2025-06-26T16:40:09.308+0000] {taskinstance.py:3280} INFO - 2 downstream tasks scheduled from follow-on schedule check
