[2025-06-25T20:27:51.497+0000] {taskinstance.py:1956} INFO - Dependencies all met for dep_context=non-requeueable deps ti=<TaskInstance: northwind.extração_csv manual__2025-06-25T20:27:32.655230+00:00 [queued]>
[2025-06-25T20:27:51.507+0000] {taskinstance.py:1956} INFO - Dependencies all met for dep_context=requeueable deps ti=<TaskInstance: northwind.extração_csv manual__2025-06-25T20:27:32.655230+00:00 [queued]>
[2025-06-25T20:27:51.508+0000] {taskinstance.py:2170} INFO - Starting attempt 1 of 2
[2025-06-25T20:27:51.519+0000] {taskinstance.py:2191} INFO - Executing <Task(DockerOperator): extração_csv> on 2025-06-25 20:27:32.655230+00:00
[2025-06-25T20:27:51.528+0000] {standard_task_runner.py:60} INFO - Started process 245 to run task
[2025-06-25T20:27:51.532+0000] {standard_task_runner.py:87} INFO - Running: ['***', 'tasks', 'run', 'northwind', 'extração_csv', 'manual__2025-06-25T20:27:32.655230+00:00', '--job-id', '173', '--raw', '--subdir', 'DAGS_FOLDER/dag.py', '--cfg-path', '/tmp/tmp20nv64_x']
[2025-06-25T20:27:51.534+0000] {standard_task_runner.py:88} INFO - Job 173: Subtask extração_csv
[2025-06-25T20:27:51.596+0000] {task_command.py:423} INFO - Running <TaskInstance: northwind.extração_csv manual__2025-06-25T20:27:32.655230+00:00 [running]> on host 6afc1f3750fb
[2025-06-25T20:27:51.676+0000] {taskinstance.py:2480} INFO - Exporting env vars: AIRFLOW_CTX_DAG_EMAIL='lrbf@cin.ufpe.br' AIRFLOW_CTX_DAG_OWNER='***' AIRFLOW_CTX_DAG_ID='northwind' AIRFLOW_CTX_TASK_ID='extração_csv' AIRFLOW_CTX_EXECUTION_DATE='2025-06-25T20:27:32.655230+00:00' AIRFLOW_CTX_TRY_NUMBER='1' AIRFLOW_CTX_DAG_RUN_ID='manual__2025-06-25T20:27:32.655230+00:00'
[2025-06-25T20:27:51.836+0000] {docker.py:359} INFO - Starting docker container from image meltano:latest
[2025-06-25T20:27:51.839+0000] {docker.py:367} WARNING - Using remote engine or docker-in-docker and mounting temporary volume from host is not supported. Falling back to `mount_tmp_dir=False` mode. You can set `mount_tmp_dir` parameter to False to disable mounting and remove the warning
[2025-06-25T20:27:52.198+0000] {docker.py:429} INFO - Running meltano install...
[2025-06-25T20:27:53.653+0000] {docker.py:429} INFO - [2m2025-06-25T20:27:53.652831Z[0m [[32m[1minfo     [0m] [1mInstalling 7 plugins          [0m
[2025-06-25T20:27:53.667+0000] {docker.py:429} INFO - [2m2025-06-25T20:27:53.666508Z[0m [[32m[1minfo     [0m] [1mInstalling extractor 'tap-postgres'[0m
[2025-06-25T20:27:53.694+0000] {docker.py:429} INFO - [2m2025-06-25T20:27:53.693335Z[0m [[32m[1minfo     [0m] [1mInstalling extractor 'tap-csv'[0m
[2025-06-25T20:27:53.721+0000] {docker.py:429} INFO - [2m2025-06-25T20:27:53.720927Z[0m [[32m[1minfo     [0m] [1mInstalling extractor 'tap-csv-latest'[0m
[2025-06-25T20:27:53.762+0000] {docker.py:429} INFO - [2m2025-06-25T20:27:53.761474Z[0m [[32m[1minfo     [0m] [1mInstalling loader 'target-postgres'[0m
[2025-06-25T20:27:53.791+0000] {docker.py:429} INFO - [2m2025-06-25T20:27:53.790344Z[0m [[32m[1minfo     [0m] [1mInstalling loader 'target-csv'[0m
[2025-06-25T20:27:53.828+0000] {docker.py:429} INFO - [2m2025-06-25T20:27:53.827731Z[0m [[32m[1minfo     [0m] [1mInstalling loader 'target-csv-postgres'[0m
[2025-06-25T20:27:53.866+0000] {docker.py:429} INFO - [2m2025-06-25T20:27:53.865230Z[0m [[32m[1minfo     [0m] [1mInstalling loader 'target-csv-csv'[0m
[2025-06-25T20:27:56.384+0000] {docker.py:429} INFO - [2m2025-06-25T20:27:56.384049Z[0m [[32m[1minfo     [0m] [1mInstalled extractor 'tap-postgres'[0m
[2025-06-25T20:27:56.432+0000] {docker.py:429} INFO - [2m2025-06-25T20:27:56.431434Z[0m [[32m[1minfo     [0m] [1mInstalled loader 'target-postgres'[0m
[2025-06-25T20:28:03.907+0000] {docker.py:429} INFO - [2m2025-06-25T20:28:03.905611Z[0m [[32m[1minfo     [0m] [1mInstalled extractor 'tap-csv' [0m
[2025-06-25T20:28:03.909+0000] {docker.py:429} INFO - [2m2025-06-25T20:28:03.908379Z[0m [[32m[1minfo     [0m] [1mInstalled extractor 'tap-csv-latest'[0m
[2025-06-25T20:28:04.078+0000] {docker.py:429} INFO - [2m2025-06-25T20:28:04.078227Z[0m [[32m[1minfo     [0m] [1mInstalled loader 'target-csv' [0m
[2025-06-25T20:28:05.065+0000] {docker.py:429} INFO - [2m2025-06-25T20:28:05.064690Z[0m [[32m[1minfo     [0m] [1mInstalled loader 'target-csv-csv'[0m
[2025-06-25T20:28:05.121+0000] {docker.py:429} INFO - [2m2025-06-25T20:28:05.121044Z[0m [[32m[1minfo     [0m] [1mInstalled loader 'target-csv-postgres'[0m
[2m2025-06-25T20:28:05.121350Z[0m [[32m[1minfo     [0m] [1mInstalled 7/7 plugins         [0m
[2025-06-25T20:28:06.039+0000] {docker.py:429} INFO - Meltano install completed. Executing command: meltano el tap-csv target-csv-csv
[2025-06-25T20:28:07.802+0000] {docker.py:429} INFO - [2m2025-06-25T20:28:07.801595Z[0m [[32m[1minfo     [0m] [1mEnvironment 'dev' is active   [0m
[2025-06-25T20:28:08.231+0000] {docker.py:429} INFO - [2m2025-06-25T20:28:08.230461Z[0m [[32m[1minfo     [0m] [1mRunning extract & load...     [0m [36mname[0m=[35mmeltano[0m [36mrun_id[0m=[35m78343df8-cd31-4ac0-838b-c9e672ccf69b[0m [36mstate_id[0m=[35m2025-06-25T202807--tap-csv--target-csv-csv[0m
[2025-06-25T20:28:09.249+0000] {docker.py:429} INFO - [2m2025-06-25T20:28:09.248650Z[0m [[32m[1minfo     [0m] [1mINFO Sending version information to singer.io. To disable sending anonymous usage data, set the config parameter "disable_collection" to true[0m [36mcmd_type[0m=[35mloader[0m [36mname[0m=[35mtarget-csv-csv[0m [36mrun_id[0m=[35m78343df8-cd31-4ac0-838b-c9e672ccf69b[0m [36mstate_id[0m=[35m2025-06-25T202807--tap-csv--target-csv-csv[0m [36mstdio[0m=[35mstderr[0m
[2025-06-25T20:28:09.522+0000] {docker.py:429} INFO - [2m2025-06-25T20:28:09.521448Z[0m [[32m[1minfo     [0m] [1mBeginning full_table sync of 'order_details'...[0m [36mcmd_type[0m=[35mextractor[0m [36mname[0m=[35mtap-csv[0m [36mrun_id[0m=[35m78343df8-cd31-4ac0-838b-c9e672ccf69b[0m [36mstate_id[0m=[35m2025-06-25T202807--tap-csv--target-csv-csv[0m [36mstdio[0m=[35mstderr[0m
[2m2025-06-25T20:28:09.521755Z[0m [[32m[1minfo     [0m] [1mTap has custom mapper. Using 1 provided map(s).[0m [36mcmd_type[0m=[35mextractor[0m [36mname[0m=[35mtap-csv[0m [36mrun_id[0m=[35m78343df8-cd31-4ac0-838b-c9e672ccf69b[0m [36mstate_id[0m=[35m2025-06-25T202807--tap-csv--target-csv-csv[0m [36mstdio[0m=[35mstderr[0m
[2025-06-25T20:28:09.680+0000] {docker.py:429} INFO - [2m2025-06-25T20:28:09.679828Z[0m [[32m[1minfo     [0m] [1mMETRIC: {"type": "timer", "metric": "sync_duration", "value": 0.15784096717834473, "tags": {"stream": "order_details", "pid": 174, "context": {}, "status": "succeeded"}}[0m [36mcmd_type[0m=[35mextractor[0m [36mname[0m=[35mtap-csv[0m [36mrun_id[0m=[35m78343df8-cd31-4ac0-838b-c9e672ccf69b[0m [36mstate_id[0m=[35m2025-06-25T202807--tap-csv--target-csv-csv[0m [36mstdio[0m=[35mstderr[0m
[2025-06-25T20:28:09.681+0000] {docker.py:429} INFO - [2m2025-06-25T20:28:09.680345Z[0m [[32m[1minfo     [0m] [1mMETRIC: {"type": "counter", "metric": "record_count", "value": 2155, "tags": {"stream": "order_details", "pid": 174, "context": {}}}[0m [36mcmd_type[0m=[35mextractor[0m [36mname[0m=[35mtap-csv[0m [36mrun_id[0m=[35m78343df8-cd31-4ac0-838b-c9e672ccf69b[0m [36mstate_id[0m=[35m2025-06-25T202807--tap-csv--target-csv-csv[0m [36mstdio[0m=[35mstderr[0m
[2025-06-25T20:28:09.785+0000] {docker.py:429} INFO - [2m2025-06-25T20:28:09.784796Z[0m [[32m[1minfo     [0m] [1mUsing systemdb state backend  [0m
[2025-06-25T20:28:09.796+0000] {docker.py:429} INFO - [2m2025-06-25T20:28:09.795492Z[0m [[32m[1minfo     [0m] [1mIncremental state has been updated at 2025-06-25 20:28:09.795454+00:00.[0m
[2025-06-25T20:28:09.797+0000] {docker.py:429} INFO - [2m2025-06-25T20:28:09.796990Z[0m [[32m[1minfo     [0m] [1mExtract & load complete!      [0m [36mname[0m=[35mmeltano[0m [36mrun_id[0m=[35m78343df8-cd31-4ac0-838b-c9e672ccf69b[0m [36mstate_id[0m=[35m2025-06-25T202807--tap-csv--target-csv-csv[0m
[2m2025-06-25T20:28:09.797341Z[0m [[32m[1minfo     [0m] [1mTransformation skipped.       [0m [36mname[0m=[35mmeltano[0m [36mrun_id[0m=[35m78343df8-cd31-4ac0-838b-c9e672ccf69b[0m [36mstate_id[0m=[35m2025-06-25T202807--tap-csv--target-csv-csv[0m
[2025-06-25T20:28:11.055+0000] {taskinstance.py:1138} INFO - Marking task as SUCCESS. dag_id=northwind, task_id=extração_csv, execution_date=20250625T202732, start_date=20250625T202751, end_date=20250625T202811
[2025-06-25T20:28:11.088+0000] {local_task_job_runner.py:234} INFO - Task exited with return code 0
[2025-06-25T20:28:11.119+0000] {taskinstance.py:3280} INFO - 1 downstream tasks scheduled from follow-on schedule check
